PS C:\Users\Dmytro Govor\Documents\Python-Edge> python .\scripts\run_daily_cycle.py
[CFG] configs=['optimal', 'aggressive']
[CFG] require_any_live_active_names=1 require_fresh_freeze_date_match=1 run_broker_handoff=1 run_broker_adapter=1 run_broker_reconcile=1
[CFG] require_freeze_universe_filter=1 min_freeze_universe_survival_ratio=0.9500
[CFG] require_freeze_live_gate_passed=0 require_any_replay_gate_pass=1
[CFG] child_pause_on_exit=0
[STEP] universe builder
[RUN] C:\Users\Dmytro Govor\AppData\Local\Programs\Python\Python313\python.exe C:\Users\Dmytro Govor\Documents\Python-Edge\scripts\run_universe_builder.py
[RUN][ENV] PAUSE_ON_EXIT=0
[CFG][UNIVERSE] profile=trading_us_core_v1 requested_as_of_date=2026-04-07 min_price=7.50 min_median_dollar_vol_20d=20000000.00 min_history_days=25 target_size=175 grouped_lookback_days=35 allowed_base_types=CS exclude_otc=1 exclude_etfs=1 exclude_adr=1
[REFERENCE] page=1 rows_total=1000
[REFERENCE] page=2 rows_total=2000
[REFERENCE] page=3 rows_total=3000
[REFERENCE] page=4 rows_total=4000
[REFERENCE] page=5 rows_total=5000
[REFERENCE] page=6 rows_total=5265
[GROUPED] 5/35 days fetched rows=59381
[GROUPED] 10/35 days fetched rows=118995
[GROUPED] 15/35 days fetched rows=178739
[GROUPED] 20/35 days fetched rows=238334
[GROUPED] 25/35 days fetched rows=298070
[GROUPED] 30/35 days fetched rows=357913
[GROUPED] 35/35 days fetched rows=404921
[UNIVERSE][SUMMARY] requested_as_of_date=2026-04-07 trade_date=2026-04-07 reference_total=5265 eligible_total=1733 selected_total=175 dropped_reference=184 dropped_price=1822 dropped_liquidity=1522 dropped_history_depth=4 dropped_rank_cut=1558
[UNIVERSE][WRITE] snapshot=C:\Users\Dmytro Govor\Documents\Python-Edge\artifacts\daily_cycle\universe\universe_snapshot.parquet
[UNIVERSE][WRITE] summary=C:\Users\Dmytro Govor\Documents\Python-Edge\artifacts\daily_cycle\universe\universe_summary.json
[UNIVERSE][WRITE] reference_raw=C:\Users\Dmytro Govor\Documents\Python-Edge\artifacts\daily_cycle\universe\universe_reference_raw.parquet
[UNIVERSE][WRITE] grouped_raw=C:\Users\Dmytro Govor\Documents\Python-Edge\artifacts\daily_cycle\universe\universe_grouped_daily_raw.parquet
[UNIVERSE][WRITE] eligibility_debug=C:\Users\Dmytro Govor\Documents\Python-Edge\artifacts\daily_cycle\universe\universe_eligibility_debug.parquet
[UNIVERSE][TOP_SELECTED]
ticker symbol  liquidity_rank  last_close  median_dollar_vol_20d  history_days
  NVDA   NVDA             1.0    175.4050           3.003867e+10            34
  TSLA   TSLA             2.0    342.2850           2.332092e+10            34
    MU     MU             3.0    373.8900           1.920274e+10            34
  SNDK   SNDK             4.0    712.6751           1.198772e+10            34
  MSFT   MSFT             5.0    370.4400           1.102418e+10            34
  AAPL   AAPL             6.0    249.8450           9.087126e+09            34
  AMZN   AMZN             7.0    211.5600           8.440138e+09            34
  META   META             8.0    568.8700           7.901621e+09            34
 GOOGL  GOOGL             9.0    302.6700           7.634270e+09            34
  AVGO   AVGO            10.0    331.3020           7.454860e+09            34
   AMD    AMD            11.0    218.9300           6.205194e+09            34
  PLTR   PLTR            12.0    148.5250           5.717719e+09            34
  GOOG   GOOG            13.0    300.8700           4.907519e+09            34
  LITE   LITE            14.0    802.9900           4.637195e+09            34
  INTC   INTC            15.0     52.6250           3.888886e+09            34
   XOM    XOM            16.0    163.0800           3.795256e+09            34
  NFLX   NFLX            17.0     98.9300           3.224392e+09            34
  ORCL   ORCL            18.0    142.8800           3.222915e+09            34
   JPM    JPM            19.0    295.6800           2.864683e+09            34
  MSTR   MSTR            20.0    123.5500           2.602509e+09            34
   CVX    CVX            21.0    201.1900           2.602252e+09            34
   WDC    WDC            22.0    310.4400           2.413409e+09            34
   LLY    LLY            23.0    929.4400           2.305010e+09            34
   CRM    CRM            24.0    183.8400           2.217768e+09            34
   WMT    WMT            25.0    123.3150           2.207737e+09            34
[FINAL] universe builder complete snapshot=C:\Users\Dmytro Govor\Documents\Python-Edge\artifacts\daily_cycle\universe\universe_snapshot.parquet summary=C:\Users\Dmytro Govor\Documents\Python-Edge\artifacts\daily_cycle\universe\universe_summary.json
[DIAG][UNIVERSE] snapshot=C:\Users\Dmytro Govor\Documents\Python-Edge\artifacts\daily_cycle\universe\universe_snapshot.parquet summary=C:\Users\Dmytro Govor\Documents\Python-Edge\artifacts\daily_cycle\universe\universe_summary.json rows_current=5265 all_symbols_current=5265 selected_symbols_current=175 symbol_col=symbol date_col=as_of_date selected_col=selected current_date=2026-04-07
[DIAG][UNIVERSE][SUMMARY] eligible_total=1733 selected_total=175 overview_missing_sic_total=0 sector_unknown_selected=0 industry_unknown_selected=0
[STEP] live alpha snapshot
[RUN] C:\Users\Dmytro Govor\AppData\Local\Programs\Python\Python313\python.exe C:\Users\Dmytro Govor\Documents\Python-Edge\scripts\run_live_alpha_snapshot.py
[RUN][ENV] PAUSE_ON_EXIT=0
[CFG] universe_snapshot_file=artifacts\daily_cycle\universe\universe_snapshot.parquet
[CFG] live_alpha_out_dir=artifacts\live_alpha
[CFG] live_alpha_scope=registry survivor_top_n=6
[CFG] lookback_days=260 max_symbols=500
[UNIVERSE][LOAD] snapshot=artifacts\daily_cycle\universe\universe_snapshot.parquet date_col=trade_date latest_date=2026-04-07 rows_current=5265 selected_current=175 max_symbols=500
[UNIVERSE] selected_symbols=175 as_of_date=2026-04-07
[FETCH] 25/175 complete rows=4500 failed=0
[FETCH] 50/175 complete rows=9000 failed=0
[FETCH] 75/175 complete rows=13500 failed=0
[FETCH] 100/175 complete rows=18000 failed=0
[FETCH] 125/175 complete rows=22500 failed=0
[FETCH] 150/175 complete rows=27000 failed=0
[FETCH] 175/175 complete rows=31500 failed=0
[FETCH] final_symbols=175 rows=31500 failed_symbols=0
[FACTORY] recipe_source=default_priority+recent_default_priority recipe_count=1901
[OK] base_snapshot=artifacts\live_alpha\live_feature_snapshot.parquet
[OK] live_alpha_snapshot=artifacts\live_alpha\live_alpha_snapshot.parquet
[OK] manifest=artifacts\live_alpha\live_alpha_manifest.csv
[OK] dropped=artifacts\live_alpha\live_alpha_dropped.csv
[OK] meta=artifacts\live_alpha\live_alpha_meta.json
[DIAG][LIVE_ALPHA] snapshot=C:\Users\Dmytro Govor\Documents\Python-Edge\artifacts\live_alpha\live_alpha_snapshot.parquet current_rows=175 current_symbols=175 alpha_col_count=1163 current_date=2026-04-07 date_match_vs_universe=1
[DIAG][LIVE_ALPHA][COVERAGE] universe_selected_current=175 present_in_live_alpha=175 missing_from_live_alpha=0 extra_vs_selected=0 extra_vs_all=0
[DIAG][LIVE_ALPHA][MISSING_TOP] none
[DIAG][LIVE_ALPHA][EXTRA_VS_SELECTED_TOP] none
[DIAG][LIVE_ALPHA][EXTRA_VS_ALL_TOP] none
[ARTIFACT] C:\Users\Dmytro Govor\Documents\Python-Edge\artifacts\daily_cycle\universe_live_alpha_diagnostics.json
[STEP] freeze runner
[RUN] C:\Users\Dmytro Govor\AppData\Local\Programs\Python\Python313\python.exe C:\Users\Dmytro Govor\Documents\Python-Edge\scripts\run_freeze_runner.py
[RUN][ENV] PAUSE_ON_EXIT=0
[CFG] live_alpha_snapshot_file=artifacts\live_alpha\live_alpha_snapshot.parquet
[CFG] universe_snapshot_file=artifacts\daily_cycle\universe\universe_snapshot.parquet
[CFG] out_dir=artifacts\freeze_runner
[CFG] require_universe_filter=1 require_universe_current_date_match=1 min_universe_survival_ratio=0.9000
[CFG] auto_refresh_live_alpha_on_date_mismatch=1 live_alpha_refresh_script=scripts\run_live_alpha_snapshot.py
[CFG] freeze_require_positive_replay_sharpe=0 freeze_min_replay_sharpe=0.0000 freeze_min_replay_cumret=0.0000 freeze_min_live_active_names=1
[CFG] component_prefilter min_proxy_train_sharpe=0.0000 min_abs_mean_ic=0.000000 basket_candidate_pool=8 basket_max_combos=40
[CFG] sign_source=last_fold require_recent_sign=0
[CFG] frozen wf=120/20/20 components=4 weighting=ic
[UNIVERSE_FILTER] applied=1 universe_selected_current=175 present_in_panel_current=175 missing_in_panel_current=0 survival_ratio_current=1.0000 panel_rows_before_filter=31500 panel_rows_after_filter=31500 live_snapshot_current_date=2026-04-07
[DATA] rows=31500 symbols=175 alpha_cols=1163 first_date=2025-07-21 last_date=2026-04-07
[FREEZE] last_completed_fold fold_id=3 train=2025-09-16..2026-03-09 test=2026-03-10..2026-04-07
[COMPONENTS][ALL_CANDIDATES_TOP]
                                            alpha  train_abs_mean_ic  proxy_train_sharpe  train_sign_locked  last_fold_abs_mean_ic  last_fold_mean_ic  last_fold_sign_locked  effective_sign_locked sign_source_used
alpha_overnight_drift_20d_raw_regime_breadth_rank           0.201745            2.016854                1.0               0.207611           0.020213                    1.0                    1.0     last_fold_ic
          alpha_gap_lag1_regime_breadth_rank_lag1           0.199338            0.041082                1.0               0.196822          -0.003925                   -1.0                   -1.0     last_fold_ic
 alpha_momentum_20d_lag1_regime_breadth_rank_lag1           0.182755            1.362980                1.0               0.153584           0.004849                    1.0                    1.0     last_fold_ic
      alpha_momentum_20d_ema3_regime_breadth_rank           0.180213            1.190985                1.0               0.159236          -0.002211                   -1.0                   -1.0     last_fold_ic
               alpha_gap_cube_regime_breadth_rank           0.179766           -0.950944               -1.0               0.164282           0.061247                    1.0                    1.0     last_fold_ic
                alpha_gap_raw_rank_mul_breadth_hi           0.179766           -0.950944               -1.0               0.164282           0.061247                    1.0                    1.0     last_fold_ic
                alpha_gap_raw_rank_mul_breadth_lo           0.179766           -0.950944               -1.0               0.164282           0.061247                    1.0                    1.0     last_fold_ic
              alpha_gap_raw_rank_mul_breadth_rank           0.179766           -0.950944               -1.0               0.164282           0.061247                    1.0                    1.0     last_fold_ic
                 alpha_gap_raw_rank_mul_breadth_z           0.179766           -0.950944               -1.0               0.164282           0.061247                    1.0                    1.0     last_fold_ic
                 alpha_gap_raw_raw_mul_breadth_hi           0.179766           -0.950944               -1.0               0.164282           0.061247                    1.0                    1.0     last_fold_ic
[COMPONENTS][optimal] selected_by_basket_search component_count=4 pool_size=8 combos_evaluated=40
                                           alpha  train_abs_mean_ic  proxy_train_sharpe  train_sign_locked  last_fold_abs_mean_ic  last_fold_mean_ic  last_fold_sign_locked  effective_sign_locked sign_source_used
         alpha_gap_lag1_regime_breadth_rank_lag1           0.199338            0.041082                1.0               0.196822          -0.003925                   -1.0                   -1.0     last_fold_ic
alpha_momentum_20d_lag1_regime_breadth_rank_lag1           0.182755            1.362980                1.0               0.153584           0.004849                    1.0                    1.0     last_fold_ic
     alpha_momentum_20d_cube_regime_breadth_rank           0.175526            0.787786                1.0               0.157754          -0.006133                   -1.0                   -1.0     last_fold_ic
      alpha_momentum_20d_raw_rank_mul_breadth_hi           0.175526            0.787786                1.0               0.157754          -0.006133                   -1.0                   -1.0     last_fold_ic
[BASKET_SEARCH][optimal][TOP]
 basket_id                                                                                                                                                                         alpha_list  component_count  train_abs_mean_ic_avg  proxy_train_sharpe_avg  last_fold_abs_mean_ic_avg  last_fold_proxy_sharpe_avg  replay_sharpe_last_fold  replay_cumret_last_fold  replay_max_drawdown_last_fold  replay_avg_turnover_last_fold
        40    alpha_gap_lag1_regime_breadth_rank_lag1|alpha_momentum_20d_lag1_regime_breadth_rank_lag1|alpha_momentum_20d_cube_regime_breadth_rank|alpha_momentum_20d_raw_rank_mul_breadth_hi                4               0.183286                0.744909                   0.166479                   -0.210275                 3.861638                 0.030860                      -0.022138                       0.034979
        13    alpha_overnight_drift_20d_raw_regime_breadth_rank|alpha_gap_lag1_regime_breadth_rank_lag1|alpha_momentum_20d_raw_rank_mul_breadth_hi|alpha_momentum_20d_raw_rank_mul_breadth_lo                4               0.188034                0.908377                   0.179986                    0.022521                 3.692131                 0.028168                      -0.013759                       0.039909
        14  alpha_overnight_drift_20d_raw_regime_breadth_rank|alpha_gap_lag1_regime_breadth_rank_lag1|alpha_momentum_20d_raw_rank_mul_breadth_hi|alpha_momentum_20d_raw_rank_mul_breadth_rank                4               0.188034                0.908377                   0.179986                    0.022521                 3.692131                 0.028168                      -0.013759                       0.039909
        15  alpha_overnight_drift_20d_raw_regime_breadth_rank|alpha_gap_lag1_regime_breadth_rank_lag1|alpha_momentum_20d_raw_rank_mul_breadth_lo|alpha_momentum_20d_raw_rank_mul_breadth_rank                4               0.188034                0.908377                   0.179986                    0.022521                 3.692131                 0.028168                      -0.013759                       0.039909
        10   alpha_overnight_drift_20d_raw_regime_breadth_rank|alpha_gap_lag1_regime_breadth_rank_lag1|alpha_momentum_20d_cube_regime_breadth_rank|alpha_momentum_20d_raw_rank_mul_breadth_hi                4               0.188034                0.908377                   0.179986                    0.022521                 3.663036                 0.028546                      -0.021618                       0.033683
        11   alpha_overnight_drift_20d_raw_regime_breadth_rank|alpha_gap_lag1_regime_breadth_rank_lag1|alpha_momentum_20d_cube_regime_breadth_rank|alpha_momentum_20d_raw_rank_mul_breadth_lo                4               0.188034                0.908377                   0.179986                    0.022521                 3.663036                 0.028546                      -0.021618                       0.033683
        12 alpha_overnight_drift_20d_raw_regime_breadth_rank|alpha_gap_lag1_regime_breadth_rank_lag1|alpha_momentum_20d_cube_regime_breadth_rank|alpha_momentum_20d_raw_rank_mul_breadth_rank                4               0.188034                0.908377                   0.179986                    0.022521                 3.663036                 0.028546                      -0.021618                       0.033683
        36   alpha_gap_lag1_regime_breadth_rank_lag1|alpha_momentum_20d_lag1_regime_breadth_rank_lag1|alpha_momentum_20d_ema3_regime_breadth_rank|alpha_momentum_20d_cube_regime_breadth_rank                4               0.184458                0.845708                   0.166849                   -0.130554                 3.499883                 0.026907                      -0.023020                       0.033495
         7   alpha_overnight_drift_20d_raw_regime_breadth_rank|alpha_gap_lag1_regime_breadth_rank_lag1|alpha_momentum_20d_ema3_regime_breadth_rank|alpha_momentum_20d_raw_rank_mul_breadth_hi                4               0.189205                1.009177                   0.180356                    0.102242                 3.253740                 0.025349                      -0.016558                       0.037452
         8   alpha_overnight_drift_20d_raw_regime_breadth_rank|alpha_gap_lag1_regime_breadth_rank_lag1|alpha_momentum_20d_ema3_regime_breadth_rank|alpha_momentum_20d_raw_rank_mul_breadth_lo                4               0.189205                1.009177                   0.180356                    0.102242                 3.253740                 0.025349                      -0.016558                       0.037452
[FREEZE][optimal] live_active_names_raw=2 live_active_names=2 live_gate_passed=1 live_gate_reason=passed replay_sharpe_last_fold=3.8616 replay_cumret_last_fold=0.0309 avg_turnover=0.0350 avg_gross=0.2754
[FREEZE][optimal][UNIVERSE] applied=1 selected_current=175 present_in_panel_current=175 survival_ratio_current=1.0000 live_snapshot_current_date=2026-04-07
[FREEZE][optimal][LIVE_BOOK_TOP]
symbol  weight     score  side market_regime  long_budget  short_budget  turnover
   NKE    0.05  9.596215   1.0       neutral          0.5           0.5      0.05
  SMCI    0.05 17.808611   1.0       neutral          0.5           0.5      0.05
[COMPONENTS][aggressive] selected_by_basket_search component_count=4 pool_size=8 combos_evaluated=40
                                           alpha  train_abs_mean_ic  proxy_train_sharpe  train_sign_locked  last_fold_abs_mean_ic  last_fold_mean_ic  last_fold_sign_locked  effective_sign_locked sign_source_used
         alpha_gap_lag1_regime_breadth_rank_lag1           0.199338            0.041082                1.0               0.196822          -0.003925                   -1.0                   -1.0     last_fold_ic
alpha_momentum_20d_lag1_regime_breadth_rank_lag1           0.182755            1.362980                1.0               0.153584           0.004849                    1.0                    1.0     last_fold_ic
     alpha_momentum_20d_cube_regime_breadth_rank           0.175526            0.787786                1.0               0.157754          -0.006133                   -1.0                   -1.0     last_fold_ic
      alpha_momentum_20d_raw_rank_mul_breadth_hi           0.175526            0.787786                1.0               0.157754          -0.006133                   -1.0                   -1.0     last_fold_ic
[BASKET_SEARCH][aggressive][TOP]
 basket_id                                                                                                                                                                                  alpha_list  component_count  train_abs_mean_ic_avg  proxy_train_sharpe_avg  last_fold_abs_mean_ic_avg  last_fold_proxy_sharpe_avg  replay_sharpe_last_fold  replay_cumret_last_fold  replay_max_drawdown_last_fold  replay_avg_turnover_last_fold
        40             alpha_gap_lag1_regime_breadth_rank_lag1|alpha_momentum_20d_lag1_regime_breadth_rank_lag1|alpha_momentum_20d_cube_regime_breadth_rank|alpha_momentum_20d_raw_rank_mul_breadth_hi                4               0.183286                0.744909                   0.166479                   -0.210275                 5.465180                 0.215975                      -0.068020                       0.039399
        13             alpha_overnight_drift_20d_raw_regime_breadth_rank|alpha_gap_lag1_regime_breadth_rank_lag1|alpha_momentum_20d_raw_rank_mul_breadth_hi|alpha_momentum_20d_raw_rank_mul_breadth_lo                4               0.188034                0.908377                   0.179986                    0.022521                 4.705658                 0.234171                      -0.069740                       0.047142
        14           alpha_overnight_drift_20d_raw_regime_breadth_rank|alpha_gap_lag1_regime_breadth_rank_lag1|alpha_momentum_20d_raw_rank_mul_breadth_hi|alpha_momentum_20d_raw_rank_mul_breadth_rank                4               0.188034                0.908377                   0.179986                    0.022521                 4.705658                 0.234171                      -0.069740                       0.047142
        15           alpha_overnight_drift_20d_raw_regime_breadth_rank|alpha_gap_lag1_regime_breadth_rank_lag1|alpha_momentum_20d_raw_rank_mul_breadth_lo|alpha_momentum_20d_raw_rank_mul_breadth_rank                4               0.188034                0.908377                   0.179986                    0.022521                 4.705658                 0.234171                      -0.069740                       0.047142
        17   alpha_overnight_drift_20d_raw_regime_breadth_rank|alpha_momentum_20d_lag1_regime_breadth_rank_lag1|alpha_momentum_20d_ema3_regime_breadth_rank|alpha_momentum_20d_raw_rank_mul_breadth_hi                4               0.185060                1.339651                   0.169546                    0.261361                 4.104893                 0.107272                      -0.053490                       0.039578
        18   alpha_overnight_drift_20d_raw_regime_breadth_rank|alpha_momentum_20d_lag1_regime_breadth_rank_lag1|alpha_momentum_20d_ema3_regime_breadth_rank|alpha_momentum_20d_raw_rank_mul_breadth_lo                4               0.185060                1.339651                   0.169546                    0.261361                 4.104893                 0.107272                      -0.053490                       0.039578
        19 alpha_overnight_drift_20d_raw_regime_breadth_rank|alpha_momentum_20d_lag1_regime_breadth_rank_lag1|alpha_momentum_20d_ema3_regime_breadth_rank|alpha_momentum_20d_raw_rank_mul_breadth_rank                4               0.185060                1.339651                   0.169546                    0.261361                 4.104893                 0.107272                      -0.053490                       0.039578
        36            alpha_gap_lag1_regime_breadth_rank_lag1|alpha_momentum_20d_lag1_regime_breadth_rank_lag1|alpha_momentum_20d_ema3_regime_breadth_rank|alpha_momentum_20d_cube_regime_breadth_rank                4               0.184458                0.845708                   0.166849                   -0.130554                 4.088693                 0.128291                      -0.070577                       0.038793
         7            alpha_overnight_drift_20d_raw_regime_breadth_rank|alpha_gap_lag1_regime_breadth_rank_lag1|alpha_momentum_20d_ema3_regime_breadth_rank|alpha_momentum_20d_raw_rank_mul_breadth_hi                4               0.189205                1.009177                   0.180356                    0.102242                 3.652913                 0.190332                      -0.094936                       0.047731
         8            alpha_overnight_drift_20d_raw_regime_breadth_rank|alpha_gap_lag1_regime_breadth_rank_lag1|alpha_momentum_20d_ema3_regime_breadth_rank|alpha_momentum_20d_raw_rank_mul_breadth_lo                4               0.189205                1.009177                   0.180356                    0.102242                 3.652913                 0.190332                      -0.094936                       0.047731
[FREEZE][aggressive] live_active_names_raw=3 live_active_names=3 live_gate_passed=1 live_gate_reason=passed replay_sharpe_last_fold=5.4652 replay_cumret_last_fold=0.2160 avg_turnover=0.0394 avg_gross=1.0000
[FREEZE][aggressive][UNIVERSE] applied=1 selected_current=175 present_in_panel_current=175 survival_ratio_current=1.0000 live_snapshot_current_date=2026-04-07
[FREEZE][aggressive][LIVE_BOOK_TOP]
symbol  weight       score  side market_regime  long_budget  short_budget  turnover
   NKE    0.25    9.596215   1.0          weak          0.5           0.5      0.05
  SMCI    0.25   17.808611   1.0          weak          0.5           0.5      0.05
  TSEM   -0.50 -166.617457  -1.0          weak          0.5           0.5      0.05
[ARTIFACT] artifacts\freeze_runner\freeze_all_configs_summary.json
[FINAL] freeze runner complete
[GATE] freeze summaries
[GATE] config=optimal live_current_date=2026-04-07 freeze_live_active_names=2 universe_filter_applied=1 universe_selected_current=175 universe_present_in_panel_current=175 universe_survival_ratio_current=1.0 live_gate_passed=1 live_gate_reason=passed replay_sharpe_last_fold=3.861638455999317 replay_cumret_last_fold=0.030860240412804885
[GATE] config=aggressive live_current_date=2026-04-07 freeze_live_active_names=3 universe_filter_applied=1 universe_selected_current=175 universe_present_in_panel_current=175 universe_survival_ratio_current=1.0 live_gate_passed=1 live_gate_reason=passed replay_sharpe_last_fold=5.465179884282615 replay_cumret_last_fold=0.2159745652947731
[ARTIFACT] C:\Users\Dmytro Govor\Documents\Python-Edge\artifacts\daily_cycle\freeze_gate_diagnostics.json
[GATE] execution_ready_configs=['optimal', 'aggressive']
[CFG] execution_ready_configs=['optimal', 'aggressive']
[CFG] CONFIG_NAMES overridden for downstream steps -> optimal|aggressive
[STEP] execution loop
[RUN] C:\Users\Dmytro Govor\AppData\Local\Programs\Python\Python313\python.exe C:\Users\Dmytro Govor\Documents\Python-Edge\scripts\run_execution_loop.py
[RUN][ENV] PAUSE_ON_EXIT=0
[CFG] live_feature_snapshot_file=artifacts\live_alpha\live_feature_snapshot.parquet freeze_root=artifacts\freeze_runner execution_root=artifacts\execution_loop account_nav=100000.00 fractional_mode=auto allow_fractional_shares=0
[CFG] min_order_notional=25.00 default_price_fallback=100.00 topk_print=50 reset_state=0 config_names=optimal|aggressive
[CFG] require_freeze_date_match_live_prices=1 skip_empty_freeze_configs=1 min_price_to_trade=1.0 max_price_to_trade=1000000.0
[CFG] max_single_name_weight=0.050000 max_single_name_notional=10000.00 commission_bps=0.5000 commission_min_per_order=0.3500 slippage_bps=1.5000
[CFG] align_state_from_broker_once=0 align_state_require_broker_positions=1 align_state_cash_mode=preserve_nav skip_legacy_symbols_not_in_target=1
[CFG] use_state_price_fallback_for_legacy=1 use_state_price_fallback_for_mtm=1 sanitize_state_prices=1 persist_default_fallback_to_state=0
[LIVE_PRICES] current_date=2026-04-07 symbols=175 price_col=close snapshot_fallback_count=0
[EXEC][optimal] loading freeze artifacts
[EXEC][optimal][ALIGN] requested=0 applied=0 reason=not_requested marker=artifacts\execution_loop\optimal\state_alignment_once.json
[EXEC][optimal][STATE_SANITY] sanitized=0 updated_from_live=0 cleared_default_like=0 missing_live_price=1
[EXEC][optimal] starting_nav=54291.74 ending_nav=54304.14 cash_after=51572.58 market_value_after=2731.56 nav_recon_error=0.000000 order_count=0 active_names=2 gross_target=0.1000 price_col=close merged_missing_prices=0 fallback_price_rows=0 mtm_default_fallback_count=0 mtm_state_fallback_count=0 mtm_unpriced_count=1 fractional_enabled_effective=0 bootstrap_only=0 skip_reason=
[EXEC][optimal][RISK] dropped_price_below_min=0 dropped_price_above_max=0 clipped_weight_cap=0 clipped_notional_cap=0
[EXEC][optimal][DIAG] already_at_target=6 below_min_notional=0 rounded_to_zero_from_nonzero_target=0 entered_new_position=0 exited_position=0 increased_existing_position=0 decreased_existing_position=0 symbol_only_in_state=4 symbol_only_in_target=0 legacy_state_price_fallback=0 legacy_default_price_fallback=0 legacy_unpriced=1
[EXEC][optimal][COST] estimated_commission_total=0.0000 estimated_slippage_total=0.0000 estimated_total_cost=0.0000
[EXEC][optimal][ORDERS_TOP]
      date symbol   price         price_source  is_priced  target_weight  target_notional  target_shares_raw  current_shares  target_shares  raw_delta_shares  delta_shares order_side  order_notional  order_notional_abs  estimated_commission  estimated_slippage  estimated_total_cost                          skip_reason
2026-04-07   AAOI  116.83        live_snapshot          1           0.00         0.000000           0.000000           -24.0          -24.0               0.0           0.0       HOLD             0.0                 0.0                   0.0                 0.0                   0.0          legacy_symbol_not_in_target
2026-04-07   AXTI  44.865        live_snapshot          1           0.00         0.000000           0.000000            66.0           66.0               0.0           0.0       HOLD             0.0                 0.0                   0.0                 0.0                   0.0          legacy_symbol_not_in_target
2026-04-07    NKE  42.705 target_live_snapshot          1           0.05      2714.587228          63.566028            63.0           63.0               0.0           0.0       HOLD             0.0                 0.0                   0.0                 0.0                   0.0                    already_at_target
2026-04-07   OKLO    <NA>             unpriced          0           0.00         0.000000           0.000000            59.0           59.0               0.0           0.0       HOLD             0.0                 0.0                   0.0                 0.0                   0.0 legacy_symbol_not_in_target_unpriced
2026-04-07   SMCI  22.425 target_live_snapshot          1           0.05      2714.587228         121.051827           121.0          121.0               0.0           0.0       HOLD             0.0                 0.0                   0.0                 0.0                   0.0                    already_at_target
2026-04-07   TSEM  188.63        live_snapshot          1           0.00         0.000000           0.000000           -15.0          -15.0               0.0           0.0       HOLD             0.0                 0.0                   0.0                 0.0                   0.0          legacy_symbol_not_in_target
[ARTIFACT] artifacts\execution_loop\optimal\orders.csv
[ARTIFACT] artifacts\execution_loop\optimal\positions_mark_to_market.csv
[ARTIFACT] artifacts\execution_loop\optimal\portfolio_state.json
[ARTIFACT] artifacts\execution_loop\optimal\execution_log.csv
[EXEC][aggressive] loading freeze artifacts
[EXEC][aggressive][ALIGN] requested=0 applied=0 reason=not_requested marker=artifacts\execution_loop\aggressive\state_alignment_once.json
[EXEC][aggressive][STATE_SANITY] sanitized=0 updated_from_live=0 cleared_default_like=0 missing_live_price=1
[EXEC][aggressive] starting_nav=58229.68 ending_nav=58242.43 cash_after=55104.85 market_value_after=3137.57 nav_recon_error=0.000000 order_count=1 active_names=3 gross_target=0.1500 price_col=close merged_missing_prices=0 fallback_price_rows=0 mtm_default_fallback_count=0 mtm_state_fallback_count=0 mtm_unpriced_count=1 fractional_enabled_effective=0 bootstrap_only=0 skip_reason=
[EXEC][aggressive][RISK] dropped_price_below_min=0 dropped_price_above_max=0 clipped_weight_cap=3 clipped_notional_cap=0
[EXEC][aggressive][DIAG] already_at_target=4 below_min_notional=1 rounded_to_zero_from_nonzero_target=0 entered_new_position=0 exited_position=0 increased_existing_position=1 decreased_existing_position=0 symbol_only_in_state=3 symbol_only_in_target=0 legacy_state_price_fallback=0 legacy_default_price_fallback=0 legacy_unpriced=1
[EXEC][aggressive][COST] estimated_commission_total=0.3500 estimated_slippage_total=0.0064 estimated_total_cost=0.3564
[EXEC][aggressive][ORDERS_TOP]
      date symbol   price         price_source  is_priced  target_weight  target_notional  target_shares_raw  current_shares  target_shares  raw_delta_shares  delta_shares order_side  order_notional  order_notional_abs  estimated_commission  estimated_slippage  estimated_total_cost                          skip_reason
2026-04-07    NKE  42.705 target_live_snapshot          1           0.05      2911.483841          68.176650            67.0           68.0               1.0           1.0        BUY          42.705              42.705                  0.35            0.006406              0.356406
2026-04-07   AAOI  116.83        live_snapshot          1           0.00         0.000000           0.000000           -26.0          -26.0               0.0           0.0       HOLD           0.000               0.000                  0.00            0.000000              0.000000          legacy_symbol_not_in_target
2026-04-07   AXTI  44.865        live_snapshot          1           0.00         0.000000           0.000000            71.0           71.0               0.0           0.0       HOLD           0.000               0.000                  0.00            0.000000              0.000000          legacy_symbol_not_in_target
2026-04-07   OKLO    <NA>             unpriced          0           0.00         0.000000           0.000000            64.0           64.0               0.0           0.0       HOLD           0.000               0.000                  0.00            0.000000              0.000000 legacy_symbol_not_in_target_unpriced
2026-04-07   SMCI  22.425 target_live_snapshot          1           0.05      2911.483841         129.832055           130.0          129.0              -1.0           0.0       HOLD           0.000               0.000                  0.00            0.000000              0.000000                   below_min_notional
2026-04-07   TSEM  188.63 target_live_snapshot          1          -0.05     -2911.483841         -15.434893           -15.0          -15.0               0.0           0.0       HOLD           0.000               0.000                  0.00            0.000000              0.000000                    already_at_target
[ARTIFACT] artifacts\execution_loop\aggressive\orders.csv
[ARTIFACT] artifacts\execution_loop\aggressive\positions_mark_to_market.csv
[ARTIFACT] artifacts\execution_loop\aggressive\portfolio_state.json
[ARTIFACT] artifacts\execution_loop\aggressive\execution_log.csv
[FINAL] execution loop complete
[STEP] broker handoff
[RUN] C:\Users\Dmytro Govor\AppData\Local\Programs\Python\Python313\python.exe C:\Users\Dmytro Govor\Documents\Python-Edge\scripts\run_broker_handoff.py
[RUN][ENV] PAUSE_ON_EXIT=0
[CFG] execution_root=artifacts\execution_loop
[CFG] configs=['optimal', 'aggressive']
[CFG] ib_host=127.0.0.1 ib_port=4002 ib_client_id=51
[CFG] exchange=SMART primary_exchange= currency=USD sec_type=STK
[CFG] ib_market_data_type=3 ib_mkt_timeout_sec=8.0 max_price_deviation_pct=8.0 allow_last_fallback=1
[CFG] force_massive_when_ib_close_only=1 force_massive_when_ib_no_bbo=1
[CFG] enable_massive_fallback=1 massive_base_url=https://api.massive.com massive_timeout_sec=20.0
[IB] connecting host=127.0.0.1 port=4002 client_id=51
[IB] managedAccounts=DUP561175
[IB] nextValidId=1
[IB] connected next_valid_id=1 managed_accounts=DUP561175
[HANDOFF][optimal] orders_csv=artifacts\execution_loop\optimal\orders.csv
[IB][ERROR] reqId=-1 code=2104 msg=Market data farm connection is OK:usfarm
[IB][ERROR] reqId=-1 code=2107 msg=HMDS data farm connection is inactive but should be available upon demand.ushmds
[IB][ERROR] reqId=-1 code=2158 msg=Sec-def data farm connection is OK:secdefil
[HANDOFF][optimal] total_rows=6 live_rows=0 symbols=0
[HANDOFF][optimal][SUMMARY] updated=0 price_sanity_fail=0 summary_json=artifacts\execution_loop\optimal\broker_handoff_summary.json
[HANDOFF][aggressive] orders_csv=artifacts\execution_loop\aggressive\orders.csv
[HANDOFF][aggressive] total_rows=6 live_rows=1 symbols=1
[IB][ERROR] reqId=900001 code=10167 msg=Requested market data is not subscribed. Displaying delayed market data.
[IB][ERROR] reqId=900001 code=300 msg=Can't find EId with tickerId:900001
[HANDOFF][aggressive][PREVIEW]
symbol order_side  delta_shares  model_price_reference   price quote_provider quote_timeframe price_hint_source             quote_ts fallback_reason   bid   ask    mid  last  close_price  spread_bps  price_deviation_vs_model
   NKE        BUY           1.0                 42.705  42.860             ib         DELAYED            ib_ask 2026-04-07T17:10:21Z                 42.85 42.86 42.855 42.85        44.03     2.33345                  0.362955
  AAOI       HOLD           0.0                116.830 116.830                                                                                        0.00  0.00  0.000  0.00         0.00     0.00000                  0.000000
  AXTI       HOLD           0.0                 44.865  44.865                                                                                        0.00  0.00  0.000  0.00         0.00     0.00000                  0.000000
  OKLO       HOLD           0.0                    NaN     NaN                                                                                        0.00  0.00  0.000  0.00         0.00     0.00000                  0.000000
  SMCI       HOLD           0.0                 22.425  22.425                                                                                        0.00  0.00  0.000  0.00         0.00     0.00000                  0.000000
  TSEM       HOLD           0.0                188.630 188.630                                                                                        0.00  0.00  0.000  0.00         0.00     0.00000                  0.000000
[HANDOFF][aggressive][SUMMARY] updated=1 ib_rows=1 massive_rows=0 price_sanity_fail=0 orders_csv=artifacts\execution_loop\aggressive\orders.csv summary_json=artifacts\execution_loop\aggressive\broker_handoff_summary.json
[FINAL] broker handoff complete
[STEP] broker adapter
[RUN] C:\Users\Dmytro Govor\AppData\Local\Programs\Python\Python313\python.exe C:\Users\Dmytro Govor\Documents\Python-Edge\scripts\run_broker_adapter_ibkr.py
[RUN][ENV] PAUSE_ON_EXIT=0
[CFG] execution_root=artifacts\execution_loop
[CFG] configs=['optimal', 'aggressive']
[CFG] broker_name=MEXEM broker_platform=IBKR broker_account_id=
[CFG] ib_host=127.0.0.1 ib_port=4002 ib_client_id=41 ib_account_code=
[CFG] exchange=SMART primary_exchange= currency=USD sec_type=STK
[CFG] outside_rth=1 reprice_enabled=1 reprice_wait_sec=8.0
[CFG] reprice_steps_bps=[15.0, 10.0, 5.0, 0.0] reprice_final_mode=marketable_lmt reprice_final_marketable_bps=12.0 reprice_max_deviation_pct=1.25
[CFG] deferred_wait_mode=carry deferred_wait_heartbeat_sec=30.0 deferred_post_open_wait_sec=30.0
[CFG] require_price_hint_source=1 require_quote_ts=1
[IB] connecting host=127.0.0.1 port=4002 client_id=41
[IB] managedAccounts=DUP561175
[IB] nextValidId=146
[IB] connected next_valid_id=146 managed_accounts=DUP561175
[IB][ERROR] reqId=-1 code=2104 msg=Market data farm connection is OK:usfarm
[IB][ERROR] reqId=-1 code=2107 msg=HMDS data farm connection is inactive but should be available upon demand.ushmds
[IB][ERROR] reqId=-1 code=2158 msg=Sec-def data farm connection is OK:secdefil
[IB] openOrderEnd
[BROKER][optimal] orders=artifacts\execution_loop\optimal\orders.csv
[BROKER][optimal][SUMMARY] sent=0 duplicate_skipped=0 errors=0 fills_csv=artifacts\execution_loop\optimal\fills.csv broker_log_json=artifacts\execution_loop\optimal\broker_log.json outcomes={"cancelled_after_ttl": 0, "cancelled_unfilled_cap": 0, "deferred_session_closed": 0, "failed": 0, "filled_now": 0, "partial": 0, "unknown": 0, "working": 0, "working_carry": 0}
[BROKER][aggressive] orders=artifacts\execution_loop\aggressive\orders.csv
[BROKER][LADDER][SUBMIT] symbol=NKE step=1/4 mode=passive_lmt limit_price=42.9200 cap_price=43.3900 order={"account": "", "exchange": "SMART", "lmtPrice": 42.92, "orderRef": "pe-19dacc4a7ed36be337444580", "orderType": "LMT", "outsideRth": 1, "primaryExchange": "", "tif": "DAY", "totalQuantity": 1.0}
[BROKER][POLL] ib_order_id=146 step=1/8 status=filled filled_qty=1.00000000 remaining_qty=0.00000000 avg_fill_price=42.5800 outcome=filled_now
[BROKER][aggressive][SEND] symbol=NKE broker_symbol=NKE side=BUY qty=1.00000000 status=filled outcome=filled_now ib_order_id=146 reprices_used=0 contract_details_mode=resolved price_hint=42.8600 price_hint_source=ib_ask quote_ts=2026-04-07T17:10:21Z model_ref=42.7050 dev_pct=0.36
[BROKER][aggressive][SUMMARY] sent=1 duplicate_skipped=0 errors=0 fills_csv=artifacts\execution_loop\aggressive\fills.csv broker_log_json=artifacts\execution_loop\aggressive\broker_log.json outcomes={"cancelled_after_ttl": 0, "cancelled_unfilled_cap": 0, "deferred_session_closed": 0, "failed": 0, "filled_now": 1, "partial": 0, "unknown": 0, "working": 0, "working_carry": 0}
[FINAL] IBKR broker adapter complete
[STEP] broker reconcile
[RUN] C:\Users\Dmytro Govor\AppData\Local\Programs\Python\Python313\python.exe C:\Users\Dmytro Govor\Documents\Python-Edge\scripts\run_broker_reconcile_ibkr.py
[RUN][ENV] PAUSE_ON_EXIT=0
[CFG] execution_root=artifacts\execution_loop
[CFG] reconcile_config_names=['optimal', 'aggressive']
[CFG] ib_host=127.0.0.1 ib_port=4002 ib_client_id=42 ib_timeout_sec=20.0
[CFG] ib_positions_timeout_sec=45.0 ib_positions_retries=2 ib_positions_settle_sec=2.0
[CFG] ib_account_code=
[CFG] reconcile_open_orders_mode=open
[CFG] reconcile_broker_log_as_pending=1 pending_match_tolerance=1e-06
[IB] connecting host=127.0.0.1 port=4002 client_id=42
[IB] connectAck received
[IB] managedAccounts=DUP561175
[IB] nextValidId=9
[STEP][optimal] reconcile
[IB][ERROR] reqId=-1 code=2104 msg=Market data farm connection is OK:usfarm
[IB][ERROR] reqId=-1 code=2107 msg=HMDS data farm connection is inactive but should be available upon demand.ushmds
[IB][ERROR] reqId=-1 code=2158 msg=Sec-def data farm connection is OK:secdefil
[LOCAL][optimal] source=portfolio_state.json rows=6 state_json_exists=1 orders_csv_exists=1 broker_log_json_exists=1
[IB][POSITIONS] attempt=1/2 timeout_sec=45.0 settle_sec=2.0
[IB] positionEnd
[IB][POSITIONS] rows=15
[IB] openOrderEnd
[BROKER][optimal] positions=15 open_orders=0 pending_symbols=1 account=<all>
[RECON][optimal][SUMMARY] symbols_total=16 exact_match=0 match_with_open_orders=0 covered_by_pending_orders=0 working_carry_pending_open=0 flatten_pending_open=0 drift=5 missing_at_broker=1 unexpected_at_broker=10 max_abs_drift_shares=296.00000000 max_abs_drift_after_pending=296.00000000
[RECON][optimal][TOP]
symbol               source  expected_shares  broker_position  effective_pending_net_qty  expected_after_pending  drift_shares  abs_drift_shares  drift_after_pending  abs_drift_after_pending     reconcile_status  positions_match  covered_by_pending  has_open_orders  has_pending_carry  effective_pending_order_count  broker_open_order_count  broker_open_order_net_qty  broker_open_order_remaining_qty  pending_order_count  pending_net_qty  pending_remaining_qty  target_shares  current_shares  delta_shares  broker_avg_cost broker_symbol broker_currency broker_exchange broker_primary_exchange broker_sec_type broker_account pending_actions pending_statuses pending_outcomes         pending_client_tags  last_price  market_value  source_priority  effective_pending_remaining_qty  expected_nonzero  broker_nonzero
  HOOD portfolio_state.json              0.0          -296.00                        0.0                 -296.00       -296.00            296.00              -296.00                   296.00 unexpected_at_broker            False               False            False              False                              0                        0                        0.0                              0.0                    0              0.0                    0.0            NaN             NaN           NaN        66.849028          HOOD             USD          NASDAQ                                     STK      DUP561175             NaN              NaN              NaN                         NaN         NaN           NaN              NaN                              0.0             False            True
   NEM portfolio_state.json              0.0          -208.00                        0.0                 -208.00       -208.00            208.00              -208.00                   208.00 unexpected_at_broker            False               False            False              False                              0                        0                        0.0                              0.0                    0              0.0                    0.0            NaN             NaN           NaN       105.013459           NEM             USD            NYSE                                     STK      DUP561175             NaN              NaN              NaN                         NaN         NaN           NaN              NaN                              0.0             False            True
  INTC portfolio_state.json              0.0          -200.00                        0.0                 -200.00       -200.00            200.00              -200.00                   200.00 unexpected_at_broker            False               False            False              False                              0                        0                        0.0                              0.0                    0              0.0                    0.0            NaN             NaN           NaN        43.021055          INTC             USD          NASDAQ                                     STK      DUP561175             NaN              NaN              NaN                         NaN         NaN           NaN              NaN                              0.0             False            True
  CRCL portfolio_state.json              0.0          -128.00                        0.0                 -128.00       -128.00            128.00              -128.00                   128.00 unexpected_at_broker            False               False            False              False                              0                        0                        0.0                              0.0                    0              0.0                    0.0            NaN             NaN           NaN        91.896055          CRCL             USD            NYSE                                     STK      DUP561175             NaN              NaN              NaN                         NaN         NaN           NaN              NaN                              0.0             False            True
  SMCI portfolio_state.json            121.0             0.00                        0.0                    0.00       -121.00            121.00              -121.00                   121.00    missing_at_broker            False               False            False              False                              0                        0                        0.0                              0.0                    0              0.0                    0.0          121.0           121.0           0.0              NaN           NaN             NaN             NaN                     NaN             NaN            NaN             NaN              NaN              NaN                         NaN      22.425      2713.425              1.0                              0.0              True           False
  AXTI portfolio_state.json             66.0           127.00                        0.0                  127.00         61.00             61.00                61.00                    61.00                drift            False               False            False              False                              0                        0                        0.0                              0.0                    0              0.0                    0.0           66.0            66.0           0.0        41.735748          AXTI             USD          NASDAQ                                     STK      DUP561175             NaN              NaN              NaN                         NaN      44.865      2961.090              1.0                              0.0              True            True
   NKE portfolio_state.json             63.0             7.00                        0.0                    7.00        -56.00             56.00               -56.00                    56.00                drift            False               False            False              False                              0                        0                        0.0                              0.0                    0              0.0                    0.0           63.0            63.0           0.0        44.221257           NKE             USD            NYSE                                     STK      DUP561175             NaN              NaN              NaN                         NaN      42.705      2690.415              1.0                              0.0              True            True
  OKLO portfolio_state.json             59.0             4.00                       -1.0                    3.00        -55.00             55.00               -56.00                    56.00                drift            False               False            False               True                              1                        0                        0.0                              0.0                    1             -1.0                    1.0           59.0            59.0           0.0        48.420825          OKLO             USD            NYSE                                     STK      DUP561175            SELL        submitted    working_carry pe-1ad989c7c929b3d4c43a6219       0.000         0.000              1.0                              1.0              True            True
  RKLB portfolio_state.json              0.0           -48.00                        0.0                  -48.00        -48.00             48.00               -48.00                    48.00 unexpected_at_broker            False               False            False              False                              0                        0                        0.0                              0.0                    0              0.0                    0.0            NaN             NaN           NaN        60.656888          RKLB             USD          NASDAQ                                     STK      DUP561175             NaN              NaN              NaN                         NaN         NaN           NaN              NaN                              0.0             False            True
  TSEM portfolio_state.json            -15.0            29.00                        0.0                   29.00         44.00             44.00                44.00                    44.00                drift            False               False            False              False                              0                        0                        0.0                              0.0                    0              0.0                    0.0          -15.0           -15.0           0.0       190.362259          TSEM             USD          NASDAQ                                     STK      DUP561175             NaN              NaN              NaN                         NaN     188.630     -2829.450              1.0                              0.0              True            True
  SHOP portfolio_state.json              0.0           -33.00                        0.0                  -33.00        -33.00             33.00               -33.00                    33.00 unexpected_at_broker            False               False            False              False                              0                        0                        0.0                              0.0                    0              0.0                    0.0            NaN             NaN           NaN       113.881927          SHOP             USD          NASDAQ                                     STK      DUP561175             NaN              NaN              NaN                         NaN         NaN           NaN              NaN                              0.0             False            True
  AAOI portfolio_state.json            -24.0           -50.00                        0.0                  -50.00        -26.00             26.00               -26.00                    26.00                drift            False               False            False              False                              0                        0                        0.0                              0.0                    0              0.0                    0.0          -24.0           -24.0           0.0       110.757522          AAOI             USD          NASDAQ                                     STK      DUP561175             NaN              NaN              NaN                         NaN     116.830     -2803.920              1.0                              0.0              True            True
  AMZN portfolio_state.json              0.0           -13.00                        0.0                  -13.00        -13.00             13.00               -13.00                    13.00 unexpected_at_broker            False               False            False              False                              0                        0                        0.0                              0.0                    0              0.0                    0.0            NaN             NaN           NaN       202.628269          AMZN             USD          NASDAQ                                     STK      DUP561175             NaN              NaN              NaN                         NaN         NaN           NaN              NaN                              0.0             False            True
  NVDA portfolio_state.json              0.0           -12.00                        0.0                  -12.00        -12.00             12.00               -12.00                    12.00 unexpected_at_broker            False               False            False              False                              0                        0                        0.0                              0.0                    0              0.0                    0.0            NaN             NaN           NaN       167.621475          NVDA             USD          NASDAQ                                     STK      DUP561175             NaN              NaN              NaN                         NaN         NaN           NaN              NaN                              0.0             False            True
  MSFT portfolio_state.json              0.0            11.00                        0.0                   11.00         11.00             11.00                11.00                    11.00 unexpected_at_broker            False               False            False              False                              0                        0                        0.0                              0.0                    0              0.0                    0.0            NaN             NaN           NaN       366.220000          MSFT             USD          NASDAQ                                     STK      DUP561175             NaN              NaN              NaN                         NaN         NaN           NaN              NaN                              0.0             False            True
  AAPL portfolio_state.json              0.0             8.35                        0.0                    8.35          8.35              8.35                 8.35                     8.35 unexpected_at_broker            False               False            False              False                              0                        0                        0.0                              0.0                    0              0.0                    0.0            NaN             NaN           NaN       250.948683          AAPL             USD          NASDAQ                                     STK      DUP561175             NaN              NaN              NaN                         NaN         NaN           NaN              NaN                              0.0             False            True
[ARTIFACT] artifacts\execution_loop\optimal\reconcile_report.json
[ARTIFACT] artifacts\execution_loop\optimal\reconcile_diff.csv
[ARTIFACT] artifacts\execution_loop\optimal\broker_positions.csv
[ARTIFACT] artifacts\execution_loop\optimal\broker_open_orders.csv
[ARTIFACT] artifacts\execution_loop\optimal\broker_pending.csv
[STEP][aggressive] reconcile
[LOCAL][aggressive] source=portfolio_state.json rows=6 state_json_exists=1 orders_csv_exists=1 broker_log_json_exists=1
[IB][POSITIONS] attempt=1/2 timeout_sec=45.0 settle_sec=2.0
[IB] positionEnd
[IB][POSITIONS] rows=15
[IB] openOrderEnd
[BROKER][aggressive] positions=15 open_orders=0 pending_symbols=3 account=<all>
[RECON][aggressive][SUMMARY] symbols_total=16 exact_match=0 match_with_open_orders=0 covered_by_pending_orders=0 working_carry_pending_open=0 flatten_pending_open=0 drift=5 missing_at_broker=1 unexpected_at_broker=10 max_abs_drift_shares=296.00000000 max_abs_drift_after_pending=296.00000000
[RECON][aggressive][TOP]
symbol               source  expected_shares  broker_position  effective_pending_net_qty  expected_after_pending  drift_shares  abs_drift_shares  drift_after_pending  abs_drift_after_pending     reconcile_status  positions_match  covered_by_pending  has_open_orders  has_pending_carry  effective_pending_order_count  broker_open_order_count  broker_open_order_net_qty  broker_open_order_remaining_qty  pending_order_count  pending_net_qty  pending_remaining_qty  target_shares  current_shares  delta_shares  broker_avg_cost broker_symbol broker_currency broker_exchange broker_primary_exchange broker_sec_type broker_account pending_actions pending_statuses pending_outcomes         pending_client_tags  last_price  market_value  source_priority  effective_pending_remaining_qty  expected_nonzero  broker_nonzero
  HOOD portfolio_state.json              0.0          -296.00                        0.0                 -296.00       -296.00            296.00              -296.00                   296.00 unexpected_at_broker            False               False            False              False                              0                        0                        0.0                              0.0                    0              0.0                    0.0            NaN             NaN           NaN        66.849028          HOOD             USD          NASDAQ                                     STK      DUP561175             NaN              NaN              NaN                         NaN         NaN           NaN              NaN                              0.0             False            True
   NEM portfolio_state.json              0.0          -208.00                        0.0                 -208.00       -208.00            208.00              -208.00                   208.00 unexpected_at_broker            False               False            False              False                              0                        0                        0.0                              0.0                    0              0.0                    0.0            NaN             NaN           NaN       105.013459           NEM             USD            NYSE                                     STK      DUP561175             NaN              NaN              NaN                         NaN         NaN           NaN              NaN                              0.0             False            True
  INTC portfolio_state.json              0.0          -200.00                        0.0                 -200.00       -200.00            200.00              -200.00                   200.00 unexpected_at_broker            False               False            False              False                              0                        0                        0.0                              0.0                    0              0.0                    0.0            NaN             NaN           NaN        43.021055          INTC             USD          NASDAQ                                     STK      DUP561175             NaN              NaN              NaN                         NaN         NaN           NaN              NaN                              0.0             False            True
  SMCI portfolio_state.json            130.0             0.00                        0.0                    0.00       -130.00            130.00              -130.00                   130.00    missing_at_broker            False               False            False              False                              0                        0                        0.0                              0.0                    0              0.0                    0.0          130.0           130.0           0.0              NaN           NaN             NaN             NaN                     NaN             NaN            NaN             NaN              NaN              NaN                         NaN      22.425      2915.250              1.0                              0.0              True           False
  CRCL portfolio_state.json              0.0          -128.00                        0.0                 -128.00       -128.00            128.00              -128.00                   128.00 unexpected_at_broker            False               False            False              False                              0                        0                        0.0                              0.0                    0              0.0                    0.0            NaN             NaN           NaN        91.896055          CRCL             USD            NYSE                                     STK      DUP561175             NaN              NaN              NaN                         NaN         NaN           NaN              NaN                              0.0             False            True
   NKE portfolio_state.json             68.0             7.00                        3.0                   10.00        -61.00             61.00               -58.00                    58.00                drift            False               False            False               True                              1                        0                        0.0                              0.0                    1              3.0                    3.0           68.0            68.0           0.0        44.221257           NKE             USD            NYSE                                     STK      DUP561175             BUY        submitted    working_carry pe-faeaad1bcfeefd3bf35c9158      42.705      2903.940              1.0                              3.0              True            True
  OKLO portfolio_state.json             64.0             4.00                        3.0                    7.00        -60.00             60.00               -57.00                    57.00                drift            False               False            False               True                              1                        0                        0.0                              0.0                    1              3.0                    3.0           64.0            64.0           0.0        48.420825          OKLO             USD            NYSE                                     STK      DUP561175             BUY        submitted    working_carry pe-aa93d42f54f619d95b49add5       0.000         0.000              1.0                              3.0              True            True
  AXTI portfolio_state.json             71.0           127.00                        0.0                  127.00         56.00             56.00                56.00                    56.00                drift            False               False            False              False                              0                        0                        0.0                              0.0                    0              0.0                    0.0           71.0            71.0           0.0        41.735748          AXTI             USD          NASDAQ                                     STK      DUP561175             NaN              NaN              NaN                         NaN      44.865      3185.415              1.0                              0.0              True            True
  RKLB portfolio_state.json              0.0           -48.00                        0.0                  -48.00        -48.00             48.00               -48.00                    48.00 unexpected_at_broker            False               False            False              False                              0                        0                        0.0                              0.0                    0              0.0                    0.0            NaN             NaN           NaN        60.656888          RKLB             USD          NASDAQ                                     STK      DUP561175             NaN              NaN              NaN                         NaN         NaN           NaN              NaN                              0.0             False            True
  TSEM portfolio_state.json            -15.0            29.00                       -1.0                   28.00         44.00             44.00                43.00                    43.00                drift            False               False            False               True                              1                        0                        0.0                              0.0                    1             -1.0                    1.0          -15.0           -15.0           0.0       190.362259          TSEM             USD          NASDAQ                                     STK      DUP561175            SELL        submitted    working_carry pe-c28d0dac3401425da6238a63     188.630     -2829.450              1.0                              1.0              True            True
  SHOP portfolio_state.json              0.0           -33.00                        0.0                  -33.00        -33.00             33.00               -33.00                    33.00 unexpected_at_broker            False               False            False              False                              0                        0                        0.0                              0.0                    0              0.0                    0.0            NaN             NaN           NaN       113.881927          SHOP             USD          NASDAQ                                     STK      DUP561175             NaN              NaN              NaN                         NaN         NaN           NaN              NaN                              0.0             False            True
  AAOI portfolio_state.json            -26.0           -50.00                        0.0                  -50.00        -24.00             24.00               -24.00                    24.00                drift            False               False            False              False                              0                        0                        0.0                              0.0                    0              0.0                    0.0          -26.0           -26.0           0.0       110.757522          AAOI             USD          NASDAQ                                     STK      DUP561175             NaN              NaN              NaN                         NaN     116.830     -3037.580              1.0                              0.0              True            True
  AMZN portfolio_state.json              0.0           -13.00                        0.0                  -13.00        -13.00             13.00               -13.00                    13.00 unexpected_at_broker            False               False            False              False                              0                        0                        0.0                              0.0                    0              0.0                    0.0            NaN             NaN           NaN       202.628269          AMZN             USD          NASDAQ                                     STK      DUP561175             NaN              NaN              NaN                         NaN         NaN           NaN              NaN                              0.0             False            True
  NVDA portfolio_state.json              0.0           -12.00                        0.0                  -12.00        -12.00             12.00               -12.00                    12.00 unexpected_at_broker            False               False            False              False                              0                        0                        0.0                              0.0                    0              0.0                    0.0            NaN             NaN           NaN       167.621475          NVDA             USD          NASDAQ                                     STK      DUP561175             NaN              NaN              NaN                         NaN         NaN           NaN              NaN                              0.0             False            True
  MSFT portfolio_state.json              0.0            11.00                        0.0                   11.00         11.00             11.00                11.00                    11.00 unexpected_at_broker            False               False            False              False                              0                        0                        0.0                              0.0                    0              0.0                    0.0            NaN             NaN           NaN       366.220000          MSFT             USD          NASDAQ                                     STK      DUP561175             NaN              NaN              NaN                         NaN         NaN           NaN              NaN                              0.0             False            True
  AAPL portfolio_state.json              0.0             8.35                        0.0                    8.35          8.35              8.35                 8.35                     8.35 unexpected_at_broker            False               False            False              False                              0                        0                        0.0                              0.0                    0              0.0                    0.0            NaN             NaN           NaN       250.948683          AAPL             USD          NASDAQ                                     STK      DUP561175             NaN              NaN              NaN                         NaN         NaN           NaN              NaN                              0.0             False            True
[ARTIFACT] artifacts\execution_loop\aggressive\reconcile_report.json
[ARTIFACT] artifacts\execution_loop\aggressive\reconcile_diff.csv
[ARTIFACT] artifacts\execution_loop\aggressive\broker_positions.csv
[ARTIFACT] artifacts\execution_loop\aggressive\broker_open_orders.csv
[ARTIFACT] artifacts\execution_loop\aggressive\broker_pending.csv
[FINAL] IBKR reconcile complete