[SUMMARY][LOCAL_GRID]
                             robust_name   portfolio  cost_bps  turnover_cap  mr_weight  train_days  test_days  step_days  folds  oos_sharpe_mean  last_fold_sharpe  last_2_fold_mean_sharpe  test_mean_ic  sign_stability  tail_positive_rate  max_drawdown  turnover_mean  positive_sharpe_fraction  avg_dynamic_gross_target
wf200_50_50__cost6.0__turn0.100__mrw0.10 n2__ic__mr1       6.0           0.1        0.1         200         50         50     11         0.422554          1.888869                 0.505952      0.011961        0.526406            0.505513      -0.01263       0.083437                  0.636364                  0.524836
wf200_50_50__cost6.0__turn0.100__mrw0.20 n2__ic__mr1       6.0           0.1        0.2         200         50         50     11         0.422554          1.888869                 0.505952      0.011961        0.526406            0.505513      -0.01263       0.083437                  0.636364                  0.524836
wf200_50_50__cost6.0__turn0.100__mrw0.40 n2__ic__mr1       6.0           0.1        0.4         200         50         50     11         0.422554          1.888869                 0.505952      0.011961        0.526406            0.505513      -0.01263       0.083437                  0.636364                  0.524836
wf200_50_50__cost6.0__turn0.100__mrw0.80 n2__ic__mr1       6.0           0.1        0.8         200         50         50     11         0.422554          1.888869                 0.505952      0.011961        0.526406            0.505513      -0.01263       0.083437                  0.636364                  0.524836
wf200_50_50__cost6.0__turn0.100__mrw0.90 n2__ic__mr1       6.0           0.1        0.9         200         50         50     11         0.439747          1.888869                 0.505952      0.011961        0.526406            0.505513      -0.01263       0.083437                  0.636364                  0.524836
wf200_50_50__cost6.0__turn0.100__mrw0.30 n2__ic__mr1       6.0           0.1        0.3         200         50         50     11         0.422554          1.888869                 0.505952      0.011961        0.526406            0.505513      -0.01263       0.083437                  0.636364                  0.524836
wf200_50_50__cost6.0__turn0.100__mrw0.60 n2__ic__mr1       6.0           0.1        0.6         200         50         50     11         0.422554          1.888869                 0.505952      0.011961        0.526406            0.505513      -0.01263       0.083437                  0.636364                  0.524836
wf200_50_50__cost6.0__turn0.100__mrw0.70 n2__ic__mr1       6.0           0.1        0.7         200         50         50     11         0.422554          1.888869                 0.505952      0.011961        0.526406            0.505513      -0.01263       0.083437                  0.636364                  0.524836
wf200_50_50__cost6.0__turn0.100__mrw0.50 n2__ic__mr1       6.0           0.1        0.5         200         50         50     11         0.422554          1.888869                 0.505952      0.011961        0.526406            0.505513      -0.01263       0.083437                  0.636364                  0.524836
wf200_50_50__cost6.0__turn0.100__mrw1.00 n2__ic__mr1       6.0           0.1        1.0         200         50         50     11         0.422554          1.888869                 0.505952      0.011961        0.526406            0.505513      -0.01263       0.083437                  0.636364                  0.524836





[ARTIFACT] artifacts\portfolio_opt_mr_weight_coststress\portfolio_summary.csv


robust_name,portfolio,cost_bps,turnover_cap,mr_weight,train_days,test_days,step_days,folds,oos_sharpe_mean,last_fold_sharpe,last_2_fold_mean_sharpe,test_mean_ic,sign_stability,tail_positive_rate,max_drawdown,turnover_mean,positive_sharpe_fraction,avg_dynamic_gross_target
wf200_50_50__cost6.0__turn0.100__mrw0.10,n2__ic__mr1,6.0,0.1,0.1,200,50,50,11,0.4225544684211263,1.8888692415976516,0.5059524321369027,0.011960578352911182,0.5264055614381394,0.5055125286718497,-0.012630199102295125,0.08343723277708102,0.6363636363636364,0.5248363636363638
wf200_50_50__cost6.0__turn0.100__mrw0.20,n2__ic__mr1,6.0,0.1,0.2,200,50,50,11,0.4225544684211263,1.8888692415976516,0.5059524321369027,0.011960578352911182,0.5264055614381394,0.5055125286718497,-0.012630199102295125,0.08343723277708102,0.6363636363636364,0.5248363636363638
wf200_50_50__cost6.0__turn0.100__mrw0.40,n2__ic__mr1,6.0,0.1,0.4,200,50,50,11,0.4225544684211263,1.8888692415976516,0.5059524321369027,0.011960578352911182,0.5264055614381394,0.5055125286718497,-0.012630199102295125,0.08343723277708102,0.6363636363636364,0.5248363636363638
wf200_50_50__cost6.0__turn0.100__mrw0.80,n2__ic__mr1,6.0,0.1,0.8,200,50,50,11,0.4225544684211263,1.8888692415976516,0.5059524321369027,0.011960578352911182,0.5264055614381394,0.5055125286718497,-0.012630199102295125,0.08343723277708102,0.6363636363636364,0.5248363636363638
wf200_50_50__cost6.0__turn0.100__mrw0.90,n2__ic__mr1,6.0,0.1,0.9,200,50,50,11,0.43974739942390695,1.8888692415976511,0.5059524321369022,0.011960578352911182,0.5264055614381394,0.5055125286718497,-0.012630199102295125,0.08343723277708102,0.6363636363636364,0.5248363636363638
wf200_50_50__cost6.0__turn0.100__mrw0.30,n2__ic__mr1,6.0,0.1,0.3,200,50,50,11,0.42255446842112643,1.8888692415976511,0.5059524321369022,0.011960578352911182,0.5264055614381394,0.5055125286718497,-0.012630199102295125,0.08343723277708102,0.6363636363636364,0.5248363636363638
wf200_50_50__cost6.0__turn0.100__mrw0.60,n2__ic__mr1,6.0,0.1,0.6,200,50,50,11,0.42255446842112643,1.8888692415976511,0.5059524321369022,0.011960578352911182,0.5264055614381394,0.5055125286718497,-0.012630199102295125,0.08343723277708102,0.6363636363636364,0.5248363636363638
wf200_50_50__cost6.0__turn0.100__mrw0.70,n2__ic__mr1,6.0,0.1,0.7,200,50,50,11,0.42255446842112643,1.8888692415976507,0.5059524321369022,0.011960578352911182,0.5264055614381394,0.5055125286718497,-0.012630199102295125,0.08343723277708102,0.6363636363636364,0.5248363636363638
wf200_50_50__cost6.0__turn0.100__mrw0.50,n2__ic__mr1,6.0,0.1,0.5,200,50,50,11,0.42255446842112626,1.8888692415976511,0.5059524321369022,0.011960578352911182,0.5264055614381394,0.5055125286718497,-0.012630199102295125,0.08343723277708102,0.6363636363636364,0.5248363636363638
wf200_50_50__cost6.0__turn0.100__mrw1.00,n2__ic__mr1,6.0,0.1,1.0,200,50,50,11,0.42255446842112626,1.8888692415976511,0.5059524321369022,0.011960578352911182,0.5264055614381394,0.5055125286718497,-0.012630199102295125,0.08343723277708102,0.6363636363636364,0.5248363636363638



[ARTIFACT] artifacts\portfolio_opt_mr_weight_coststress\portfolio_opt_meta.json





{
  "interaction_summary_file": "artifacts\\residual_layer_fs2_interactions\\residual_component_summary.csv",
  "feature_v2_file": "data\\features\\feature_matrix_v2.parquet",
  "alpha_lib_file": "data\\alpha_library_fs2_base\\alpha_library_fs2_base.parquet",
  "target_col": "target_fwd_ret_1d",
  "local_grid": [
    {
      "name": "wf200_50_50__cost6.0__turn0.100__mrw0.10",
      "train_days": 200,
      "test_days": 50,
      "step_days": 50,
      "cost_bps": 6.0,
      "turnover_cap": 0.1,
      "mr_weight": 0.1
    },
    {
      "name": "wf200_50_50__cost6.0__turn0.100__mrw0.20",
      "train_days": 200,
      "test_days": 50,
      "step_days": 50,
      "cost_bps": 6.0,
      "turnover_cap": 0.1,
      "mr_weight": 0.2
    },
    {
      "name": "wf200_50_50__cost6.0__turn0.100__mrw0.30",
      "train_days": 200,
      "test_days": 50,
      "step_days": 50,
      "cost_bps": 6.0,
      "turnover_cap": 0.1,
      "mr_weight": 0.3
    },
    {
      "name": "wf200_50_50__cost6.0__turn0.100__mrw0.40",
      "train_days": 200,
      "test_days": 50,
      "step_days": 50,
      "cost_bps": 6.0,
      "turnover_cap": 0.1,
      "mr_weight": 0.4
    },
    {
      "name": "wf200_50_50__cost6.0__turn0.100__mrw0.50",
      "train_days": 200,
      "test_days": 50,
      "step_days": 50,
      "cost_bps": 6.0,
      "turnover_cap": 0.1,
      "mr_weight": 0.5
    },
    {
      "name": "wf200_50_50__cost6.0__turn0.100__mrw0.60",
      "train_days": 200,
      "test_days": 50,
      "step_days": 50,
      "cost_bps": 6.0,
      "turnover_cap": 0.1,
      "mr_weight": 0.6
    },
    {
      "name": "wf200_50_50__cost6.0__turn0.100__mrw0.70",
      "train_days": 200,
      "test_days": 50,
      "step_days": 50,
      "cost_bps": 6.0,
      "turnover_cap": 0.1,
      "mr_weight": 0.7
    },
    {
      "name": "wf200_50_50__cost6.0__turn0.100__mrw0.80",
      "train_days": 200,
      "test_days": 50,
      "step_days": 50,
      "cost_bps": 6.0,
      "turnover_cap": 0.1,
      "mr_weight": 0.8
    },
    {
      "name": "wf200_50_50__cost6.0__turn0.100__mrw0.90",
      "train_days": 200,
      "test_days": 50,
      "step_days": 50,
      "cost_bps": 6.0,
      "turnover_cap": 0.1,
      "mr_weight": 0.9
    },
    {
      "name": "wf200_50_50__cost6.0__turn0.100__mrw1.00",
      "train_days": 200,
      "test_days": 50,
      "step_days": 50,
      "cost_bps": 6.0,
      "turnover_cap": 0.1,
      "mr_weight": 1.0
    }
  ],
  "fixed_portfolio": {
    "component_count": 2,
    "weighting_mode": "ic",
    "mr_leg": 1,
    "mr_alpha_override": "alpha_fs2_intraday_strength_rvol_interaction__lag1",
    "mr_gross_mult": 0.35
  },
  "rows": {
    "portfolio_fold_rows": 110,
    "daily_rows": 5500,
    "summary_rows": 10
  }
}