============================================================
  Python-Edge — Daily Data Update
============================================================
  ROOT: C:\Users\Dmytro Govor\Documents\Python-Edge
  MASSIVE_API_KEY: SET


============================================================
[RUN] scripts/run_daily_cycle.py
============================================================
[CFG] configs=['optimal', 'aggressive']
[CFG] require_any_live_active_names=1 require_fresh_freeze_date_match=1 run_broker_handoff=0 run_broker_adapter=0 run_broker_reconcile=0
[CFG] require_freeze_universe_filter=1 min_freeze_universe_survival_ratio=0.9000
[CFG] require_freeze_live_gate_passed=0 require_any_replay_gate_pass=1
[CFG] child_pause_on_exit=0
[STEP] universe builder
[RUN] C:\Users\Dmytro Govor\AppData\Local\Programs\Python\Python313\python.exe C:\Users\Dmytro Govor\Documents\Python-Edge\scripts\run_universe_builder.py
[RUN][ENV] PAUSE_ON_EXIT=0
[CFG] output_dir=artifacts\daily_cycle\universe
[CFG] universe_profile=trading_us_core_v1
[CFG] target_size=175 top_n=175
[CFG] history_lookback_days=45
[CFG] rebalance_freq=weekly reuse_last=True
[CFG] eligibility.min_price=7.5
[CFG] eligibility.min_median_dollar_vol_20d=20,000,000
[CFG] eligibility.min_history_days=25
[CFG] eligibility.allowed_ticker_types=('CS',)
[SECTOR_CAP] global mode cap=18
[SECTOR_CAP]   broad_sector='other' selected=18 cap=18
[SECTOR_CAP]   broad_sector='technology' selected=18 cap=18
[SECTOR_CAP]   broad_sector='financials' selected=18 cap=18
[SECTOR_CAP]   broad_sector='industrials' selected=16 cap=18
[SECTOR_CAP]   broad_sector='healthcare' selected=10 cap=18
[SECTOR_CAP]   broad_sector='materials' selected=9 cap=18
[SECTOR_CAP]   broad_sector='consumer_cyclical' selected=9 cap=18
[SECTOR_CAP]   broad_sector='communication' selected=3 cap=18
[SECTOR_CAP]   broad_sector='real_estate' selected=3 cap=18
[SECTOR_CAP]   broad_sector='energy' selected=2 cap=18
[SECTOR_CAP]   broad_sector='consumer_staples' selected=1 cap=18
[SECTOR_CAP]   broad_sector='utilities' selected=1 cap=18
[ELIG][universe_builder] candidates=5134 eligible=510 dropped=4624
[ELIG][universe_builder]   dropped_price=1755
[ELIG][universe_builder]   dropped_liquidity=4615
[ELIG][universe_builder]   dropped_history=4610
[ELIG][universe_builder]   dropped_nan_ratio=4609
[ELIG][universe_builder]   dropped_missing_days=4610
[OK] snapshot=artifacts\daily_cycle\universe\universe_snapshot.parquet rows=108
[OK] eligibility_debug=artifacts\daily_cycle\universe\universe_eligibility_debug.parquet
[OK] summary=artifacts\daily_cycle\universe\universe_summary.json
[OK] eligibility_dropped=artifacts\daily_cycle\universe\universe_eligibility_dropped.csv
[OK] eligibility_eligible=artifacts\daily_cycle\universe\universe_eligibility_eligible.csv
[OK] eligibility_counters=artifacts\daily_cycle\universe\universe_eligibility_counters.json
[FINAL] universe builder complete snapshot=artifacts\daily_cycle\universe\universe_snapshot.parquet summary=artifacts\daily_cycle\universe\universe_summary.json
[DIAG][UNIVERSE] snapshot=C:\Users\Dmytro Govor\Documents\Python-Edge\artifacts\daily_cycle\universe\universe_snapshot.parquet summary=C:\Users\Dmytro Govor\Documents\Python-Edge\artifacts\daily_cycle\universe\universe_summary.json rows_current=108 all_symbols_current=108 selected_symbols_current=108 symbol_col=symbol date_col=date selected_col=selected current_date=2026-04-23
[DIAG][UNIVERSE][SUMMARY] eligible_total=510 selected_total=108 overview_missing_sic_total=None sector_unknown_selected=None industry_unknown_selected=None
[STEP] live alpha snapshot
[RUN] C:\Users\Dmytro Govor\AppData\Local\Programs\Python\Python313\python.exe C:\Users\Dmytro Govor\Documents\Python-Edge\scripts\run_live_alpha_snapshot.py
[RUN][ENV] PAUSE_ON_EXIT=0
[CFG] universe_snapshot_file=artifacts\daily_cycle\universe\universe_snapshot.parquet
[CFG] live_alpha_out_dir=artifacts\live_alpha
[CFG] live_alpha_scope=registry survivor_top_n=6
[CFG] lookback_days=260 max_symbols=500
[CFG] proxy_enable=1 interaction_enable=1 interaction_top_k=24 interaction_gates=oil_up|dollar_up|macro_risk_off
[BROAD_SECTOR] loaded from universe_snapshot.parquet symbols=108 unique_sectors=12
[UNIVERSE][LOAD] source=universe_snapshot.parquet snapshot=artifacts\daily_cycle\universe\universe_snapshot.parquet symbol_col=ticker date_col=trade_date latest_date=2026-04-23 rows_current=108 selected_current=108 max_symbols=500
[UNIVERSE] selected_symbols=108 as_of_date=2026-04-23
[FETCH] 25/108 complete rows=4500 failed=0
[FETCH] 50/108 complete rows=9000 failed=0
[FETCH] 75/108 complete rows=13500 failed=0
[FETCH] 100/108 complete rows=18000 failed=0
[FETCH] 108/108 complete rows=19440 failed=0
[FETCH] final_symbols=108 rows=19440 failed_symbols=0
[FETCH] 12/12 complete rows=2160 failed=0
[FETCH] final_symbols=12 rows=2160 failed_symbols=0
[BROAD_SECTOR] attached to panel symbols=108 unique_sectors=12
[FACTORY] recipe_source=default_priority+recent_default_priority recipe_count=2088
[INTERACTION] base_alpha_count=24 enabled_gates=['oil_up', 'dollar_up', 'macro_risk_off'] added_columns=72
[OK] base_snapshot=artifacts\live_alpha\live_feature_snapshot.parquet
[OK] proxy_feature_snapshot=artifacts\live_alpha\live_proxy_feature_snapshot.parquet
[OK] live_alpha_snapshot=artifacts\live_alpha\live_alpha_snapshot.parquet
[OK] manifest=artifacts\live_alpha\live_alpha_manifest.csv
[OK] dropped=artifacts\live_alpha\live_alpha_dropped.csv
[OK] meta=artifacts\live_alpha\live_alpha_meta.json
[DIAG][LIVE_ALPHA] snapshot=C:\Users\Dmytro Govor\Documents\Python-Edge\artifacts\live_alpha\live_alpha_snapshot.parquet current_rows=108 current_symbols=108 alpha_col_count=1378 current_date=2026-04-23 date_match_vs_universe=1
[DIAG][LIVE_ALPHA][COVERAGE] universe_selected_current=108 present_in_live_alpha=108 missing_from_live_alpha=0 extra_vs_selected=0 extra_vs_all=0
[DIAG][LIVE_ALPHA][MISSING_TOP] none
[DIAG][LIVE_ALPHA][EXTRA_VS_SELECTED_TOP] none
[DIAG][LIVE_ALPHA][EXTRA_VS_ALL_TOP] none
[ARTIFACT] C:\Users\Dmytro Govor\Documents\Python-Edge\artifacts\daily_cycle\universe_live_alpha_diagnostics.json
[STEP] freeze runner
[RUN] C:\Users\Dmytro Govor\AppData\Local\Programs\Python\Python313\python.exe C:\Users\Dmytro Govor\Documents\Python-Edge\scripts\run_freeze_runner.py
[RUN][ENV] PAUSE_ON_EXIT=0
[CFG] live_alpha_snapshot_file=artifacts\live_alpha\live_alpha_snapshot.parquet
[CFG] universe_snapshot_file=artifacts\daily_cycle\universe\universe_snapshot.parquet
[CFG] out_dir=artifacts\freeze_runner
[CFG] require_universe_filter=1 require_universe_current_date_match=0 min_universe_survival_ratio=0.9000
[CFG] auto_refresh_live_alpha_on_date_mismatch=1 live_alpha_refresh_script=scripts\run_live_alpha_snapshot.py
[CFG] freeze_require_positive_replay_sharpe=0 freeze_min_replay_sharpe=0.0000 freeze_min_replay_cumret=0.0000 freeze_min_live_active_names=1
[CFG] component_prefilter min_proxy_train_sharpe=0.0000 min_abs_mean_ic=0.000000 basket_candidate_pool=8 basket_max_combos=40
[CFG] sign_source=last_fold require_recent_sign=0
[CFG] frozen wf=120/20/20 components=4 weighting=ic
[UNIVERSE_FILTER] applied=1 universe_selected_current=108 present_in_panel_current=108 missing_in_panel_current=0 survival_ratio_current=1.0000 panel_rows_before_filter=19440 panel_rows_after_filter=19440 live_snapshot_current_date=2026-04-23
[DATA] rows=19440 symbols=108 alpha_cols=1378 first_date=2025-08-06 last_date=2026-04-23
[FREEZE] last_completed_fold fold_id=3 train=2025-10-02..2026-03-25 test=2026-03-26..2026-04-23
[COMPONENTS][ALL_CANDIDATES_TOP]
                               alpha  train_abs_mean_ic  proxy_train_sharpe  train_sign_locked  last_fold_abs_mean_ic  last_fold_mean_ic  last_fold_sign_locked  effective_sign_locked sign_source_used
   alpha_ivol_20d_raw_raw_mul_liq_hi           0.260004            1.308515                1.0               0.240812           0.136991                    1.0                    1.0     last_fold_ic
   alpha_ivol_20d_raw_raw_mul_liq_lo           0.260004            1.308515                1.0               0.240812           0.136991                    1.0                    1.0     last_fold_ic
 alpha_ivol_20d_raw_raw_mul_liq_rank           0.260004            1.308515                1.0               0.240812           0.136991                    1.0                    1.0     last_fold_ic
    alpha_ivol_20d_raw_raw_mul_liq_z           0.260004            1.308515                1.0               0.240812           0.136991                    1.0                    1.0     last_fold_ic
     alpha_ivol_20d_z_raw_mul_liq_hi           0.255006            1.281054                1.0               0.238604           0.134706                    1.0                    1.0     last_fold_ic
     alpha_ivol_20d_z_raw_mul_liq_lo           0.255006            1.281054                1.0               0.238604           0.134706                    1.0                    1.0     last_fold_ic
   alpha_ivol_20d_z_raw_mul_liq_rank           0.255006            1.281054                1.0               0.238604           0.134706                    1.0                    1.0     last_fold_ic
      alpha_ivol_20d_z_raw_mul_liq_z           0.255006            1.281054                1.0               0.238604           0.134706                    1.0                    1.0     last_fold_ic
alpha_ivol_20d_z_raw_mul_volshock_hi           0.249826            1.164962                1.0               0.230400           0.134804                    1.0                    1.0     last_fold_ic
alpha_ivol_20d_z_raw_mul_volshock_lo           0.249826            1.164962                1.0               0.230400           0.134804                    1.0                    1.0     last_fold_ic
[COMPONENTS][optimal] selected_by_basket_search component_count=4 pool_size=8 combos_evaluated=40
                              alpha  train_abs_mean_ic  proxy_train_sharpe  train_sign_locked  last_fold_abs_mean_ic  last_fold_mean_ic  last_fold_sign_locked  effective_sign_locked sign_source_used
  alpha_ivol_20d_raw_raw_mul_liq_hi           0.260004            1.308515                1.0               0.240812           0.136991                    1.0                    1.0     last_fold_ic
  alpha_ivol_20d_raw_raw_mul_liq_lo           0.260004            1.308515                1.0               0.240812           0.136991                    1.0                    1.0     last_fold_ic
alpha_ivol_20d_raw_raw_mul_liq_rank           0.260004            1.308515                1.0               0.240812           0.136991                    1.0                    1.0     last_fold_ic
   alpha_ivol_20d_raw_raw_mul_liq_z           0.260004            1.308515                1.0               0.240812           0.136991                    1.0                    1.0     last_fold_ic
[BASKET_SEARCH][optimal][TOP]
 basket_id                                                                                                                               alpha_list  component_count  train_abs_mean_ic_avg  proxy_train_sharpe_avg  last_fold_abs_mean_ic_avg  last_fold_proxy_sharpe_avg  replay_sharpe_last_fold  replay_cumret_last_fold  replay_max_drawdown_last_fold  replay_avg_turnover_last_fold
         1 alpha_ivol_20d_raw_raw_mul_liq_hi|alpha_ivol_20d_raw_raw_mul_liq_lo|alpha_ivol_20d_raw_raw_mul_liq_rank|alpha_ivol_20d_raw_raw_mul_liq_z                4               0.260004                1.308515                   0.240812                    8.048269                  4.44776                 0.092777                      -0.044837                       0.026666
        32      alpha_ivol_20d_raw_raw_mul_liq_hi|alpha_ivol_20d_z_raw_mul_liq_hi|alpha_ivol_20d_z_raw_mul_liq_lo|alpha_ivol_20d_z_raw_mul_liq_rank                4               0.256255                1.287919                   0.239156                    8.185617                  4.33381                 0.089725                      -0.043929                       0.024308
        33         alpha_ivol_20d_raw_raw_mul_liq_hi|alpha_ivol_20d_z_raw_mul_liq_hi|alpha_ivol_20d_z_raw_mul_liq_lo|alpha_ivol_20d_z_raw_mul_liq_z                4               0.256255                1.287919                   0.239156                    8.185617                  4.33381                 0.089725                      -0.043929                       0.024308
        34       alpha_ivol_20d_raw_raw_mul_liq_hi|alpha_ivol_20d_z_raw_mul_liq_hi|alpha_ivol_20d_z_raw_mul_liq_rank|alpha_ivol_20d_z_raw_mul_liq_z                4               0.256255                1.287919                   0.239156                    8.185617                  4.33381                 0.089725                      -0.043929                       0.024308
        35       alpha_ivol_20d_raw_raw_mul_liq_hi|alpha_ivol_20d_z_raw_mul_liq_lo|alpha_ivol_20d_z_raw_mul_liq_rank|alpha_ivol_20d_z_raw_mul_liq_z                4               0.256255                1.287919                   0.239156                    8.185617                  4.33381                 0.089725                      -0.043929                       0.024308
        10      alpha_ivol_20d_raw_raw_mul_liq_hi|alpha_ivol_20d_raw_raw_mul_liq_lo|alpha_ivol_20d_z_raw_mul_liq_hi|alpha_ivol_20d_z_raw_mul_liq_lo                4               0.257505                1.294784                   0.239708                    8.139835                  4.15065                 0.087156                      -0.046061                       0.028320
        11    alpha_ivol_20d_raw_raw_mul_liq_hi|alpha_ivol_20d_raw_raw_mul_liq_lo|alpha_ivol_20d_z_raw_mul_liq_hi|alpha_ivol_20d_z_raw_mul_liq_rank                4               0.257505                1.294784                   0.239708                    8.139835                  4.15065                 0.087156                      -0.046061                       0.028320
        12       alpha_ivol_20d_raw_raw_mul_liq_hi|alpha_ivol_20d_raw_raw_mul_liq_lo|alpha_ivol_20d_z_raw_mul_liq_hi|alpha_ivol_20d_z_raw_mul_liq_z                4               0.257505                1.294784                   0.239708                    8.139835                  4.15065                 0.087156                      -0.046061                       0.028320
        13    alpha_ivol_20d_raw_raw_mul_liq_hi|alpha_ivol_20d_raw_raw_mul_liq_lo|alpha_ivol_20d_z_raw_mul_liq_lo|alpha_ivol_20d_z_raw_mul_liq_rank                4               0.257505                1.294784                   0.239708                    8.139835                  4.15065                 0.087156                      -0.046061                       0.028320
        14       alpha_ivol_20d_raw_raw_mul_liq_hi|alpha_ivol_20d_raw_raw_mul_liq_lo|alpha_ivol_20d_z_raw_mul_liq_lo|alpha_ivol_20d_z_raw_mul_liq_z                4               0.257505                1.294784                   0.239708                    8.139835                  4.15065                 0.087156                      -0.046061                       0.028320
[FREEZE][optimal] live_active_names_raw=2 live_active_names=2 live_gate_passed=1 live_gate_reason=passed replay_sharpe_last_fold=4.4478 replay_cumret_last_fold=0.0928 avg_turnover=0.0267 avg_gross=0.6487
[FREEZE][optimal][UNIVERSE] applied=1 selected_current=108 present_in_panel_current=108 survival_ratio_current=1.0000 live_snapshot_current_date=2026-04-23
[FREEZE][optimal][LIVE_BOOK_TOP]
symbol  weight     score  side market_regime  long_budget  short_budget  turnover
  AXTI    0.05  7.095393   1.0       neutral          0.5           0.5      0.05
   CAR    0.05 11.539557   1.0       neutral          0.5           0.5      0.05
[COMPONENTS][aggressive] selected_by_basket_search component_count=4 pool_size=8 combos_evaluated=40
                            alpha  train_abs_mean_ic  proxy_train_sharpe  train_sign_locked  last_fold_abs_mean_ic  last_fold_mean_ic  last_fold_sign_locked  effective_sign_locked sign_source_used
alpha_ivol_20d_raw_raw_mul_liq_hi           0.260004            1.308515                1.0               0.240812           0.136991                    1.0                    1.0     last_fold_ic
  alpha_ivol_20d_z_raw_mul_liq_hi           0.255006            1.281054                1.0               0.238604           0.134706                    1.0                    1.0     last_fold_ic
  alpha_ivol_20d_z_raw_mul_liq_lo           0.255006            1.281054                1.0               0.238604           0.134706                    1.0                    1.0     last_fold_ic
alpha_ivol_20d_z_raw_mul_liq_rank           0.255006            1.281054                1.0               0.238604           0.134706                    1.0                    1.0     last_fold_ic
[BASKET_SEARCH][aggressive][TOP]
 basket_id                                                                                                                                alpha_list  component_count  train_abs_mean_ic_avg  proxy_train_sharpe_avg  last_fold_abs_mean_ic_avg  last_fold_proxy_sharpe_avg  replay_sharpe_last_fold  replay_cumret_last_fold  replay_max_drawdown_last_fold  replay_avg_turnover_last_fold
        32       alpha_ivol_20d_raw_raw_mul_liq_hi|alpha_ivol_20d_z_raw_mul_liq_hi|alpha_ivol_20d_z_raw_mul_liq_lo|alpha_ivol_20d_z_raw_mul_liq_rank                4               0.256255                1.287919                   0.239156                    8.185617                 4.132514                 0.132896                      -0.052745                       0.034681
        33          alpha_ivol_20d_raw_raw_mul_liq_hi|alpha_ivol_20d_z_raw_mul_liq_hi|alpha_ivol_20d_z_raw_mul_liq_lo|alpha_ivol_20d_z_raw_mul_liq_z                4               0.256255                1.287919                   0.239156                    8.185617                 4.132514                 0.132896                      -0.052745                       0.034681
        34        alpha_ivol_20d_raw_raw_mul_liq_hi|alpha_ivol_20d_z_raw_mul_liq_hi|alpha_ivol_20d_z_raw_mul_liq_rank|alpha_ivol_20d_z_raw_mul_liq_z                4               0.256255                1.287919                   0.239156                    8.185617                 4.132514                 0.132896                      -0.052745                       0.034681
        35        alpha_ivol_20d_raw_raw_mul_liq_hi|alpha_ivol_20d_z_raw_mul_liq_lo|alpha_ivol_20d_z_raw_mul_liq_rank|alpha_ivol_20d_z_raw_mul_liq_z                4               0.256255                1.287919                   0.239156                    8.185617                 4.132514                 0.132896                      -0.052745                       0.034681
         1  alpha_ivol_20d_raw_raw_mul_liq_hi|alpha_ivol_20d_raw_raw_mul_liq_lo|alpha_ivol_20d_raw_raw_mul_liq_rank|alpha_ivol_20d_raw_raw_mul_liq_z                4               0.260004                1.308515                   0.240812                    8.048269                 3.923832                 0.125546                      -0.060882                       0.034944
         2   alpha_ivol_20d_raw_raw_mul_liq_hi|alpha_ivol_20d_raw_raw_mul_liq_lo|alpha_ivol_20d_raw_raw_mul_liq_rank|alpha_ivol_20d_z_raw_mul_liq_hi                4               0.258754                1.301650                   0.240260                    8.094052                 3.714475                 0.118479                      -0.060517                       0.034467
         3   alpha_ivol_20d_raw_raw_mul_liq_hi|alpha_ivol_20d_raw_raw_mul_liq_lo|alpha_ivol_20d_raw_raw_mul_liq_rank|alpha_ivol_20d_z_raw_mul_liq_lo                4               0.258754                1.301650                   0.240260                    8.094052                 3.714475                 0.118479                      -0.060517                       0.034467
         4 alpha_ivol_20d_raw_raw_mul_liq_hi|alpha_ivol_20d_raw_raw_mul_liq_lo|alpha_ivol_20d_raw_raw_mul_liq_rank|alpha_ivol_20d_z_raw_mul_liq_rank                4               0.258754                1.301650                   0.240260                    8.094052                 3.714475                 0.118479                      -0.060517                       0.034467
         5    alpha_ivol_20d_raw_raw_mul_liq_hi|alpha_ivol_20d_raw_raw_mul_liq_lo|alpha_ivol_20d_raw_raw_mul_liq_rank|alpha_ivol_20d_z_raw_mul_liq_z                4               0.258754                1.301650                   0.240260                    8.094052                 3.714475                 0.118479                      -0.060517                       0.034467
         6      alpha_ivol_20d_raw_raw_mul_liq_hi|alpha_ivol_20d_raw_raw_mul_liq_lo|alpha_ivol_20d_raw_raw_mul_liq_z|alpha_ivol_20d_z_raw_mul_liq_hi                4               0.258754                1.301650                   0.240260                    8.094052                 3.714475                 0.118479                      -0.060517                       0.034467
[FREEZE][aggressive] live_active_names_raw=3 live_active_names=3 live_gate_passed=1 live_gate_reason=passed replay_sharpe_last_fold=4.1325 replay_cumret_last_fold=0.1329 avg_turnover=0.0347 avg_gross=1.0000
[FREEZE][aggressive][UNIVERSE] applied=1 selected_current=108 present_in_panel_current=108 survival_ratio_current=1.0000 live_snapshot_current_date=2026-04-23
[FREEZE][aggressive][LIVE_BOOK_TOP]
symbol  weight     score  side market_regime  long_budget  short_budget  turnover
  AXTI    0.25  7.661386   1.0       neutral          0.5           0.5      0.05
   CAR    0.25 12.338469   1.0       neutral          0.5           0.5      0.05
 BRK.B   -0.50 -1.376853  -1.0       neutral          0.5           0.5      0.05
[ARTIFACT] artifacts\freeze_runner\freeze_all_configs_summary.json
[FINAL] freeze runner complete
[GATE] freeze summaries
[GATE] config=optimal live_current_date=2026-04-23 freeze_live_active_names=2 universe_filter_applied=1 universe_selected_current=108 universe_present_in_panel_current=108 universe_survival_ratio_current=1.0 live_gate_passed=1 live_gate_reason=passed replay_sharpe_last_fold=4.447760222329459 replay_cumret_last_fold=0.09277690412413708
[GATE] config=aggressive live_current_date=2026-04-23 freeze_live_active_names=3 universe_filter_applied=1 universe_selected_current=108 universe_present_in_panel_current=108 universe_survival_ratio_current=1.0 live_gate_passed=1 live_gate_reason=passed replay_sharpe_last_fold=4.132514318087876 replay_cumret_last_fold=0.13289635927465748
[ARTIFACT] C:\Users\Dmytro Govor\Documents\Python-Edge\artifacts\daily_cycle\freeze_gate_diagnostics.json
[GATE] execution_ready_configs=['optimal', 'aggressive']
[CFG] execution_ready_configs=['optimal', 'aggressive']
[CFG] CONFIG_NAMES overridden for downstream steps -> optimal|aggressive
[STEP] execution loop
[RUN] C:\Users\Dmytro Govor\AppData\Local\Programs\Python\Python313\python.exe C:\Users\Dmytro Govor\Documents\Python-Edge\scripts\run_execution_loop.py
[RUN][ENV] PAUSE_ON_EXIT=0
[CFG] live_feature_snapshot_file=artifacts\live_alpha\live_feature_snapshot.parquet freeze_root=artifacts\freeze_runner execution_root=artifacts\execution_loop account_nav=100000.00 fractional_mode=auto allow_fractional_shares=0
[CFG] min_order_notional=25.00 default_price_fallback=100.00 topk_print=50 reset_state=0 config_names=optimal|aggressive
[CFG] require_freeze_date_match_live_prices=1 skip_empty_freeze_configs=1 min_price_to_trade=1.0 max_price_to_trade=1000000.0
[CFG] max_single_name_weight=0.050000 max_single_name_notional=10000.00 commission_bps=0.5000 commission_min_per_order=0.3500 slippage_bps=1.5000
[CFG] align_state_from_broker_once=0 align_state_require_broker_positions=1 align_state_cash_mode=preserve_nav skip_legacy_symbols_not_in_target=1
[CFG] use_state_price_fallback_for_legacy=1 use_state_price_fallback_for_mtm=1 use_broker_positions_price_fallback_for_legacy=1 use_broker_positions_price_fallback_for_mtm=1
[CFG] sanitize_state_prices=1 persist_default_fallback_to_state=0
[LIVE_PRICES] current_date=2026-04-23 symbols=108 price_col=close snapshot_fallback_count=0
[EXEC][optimal] loading freeze artifacts
[EXEC][optimal][ALIGN] requested=0 applied=0 reason=not_requested marker=artifacts\execution_loop\optimal\state_alignment_once.json broker_fallback_symbols=0
[EXEC][optimal][STATE_SANITY] sanitized=0 updated_from_live=0 updated_from_broker_positions=0 cleared_default_like=0 missing_live_price=0 missing_broker_price=0
[EXEC][optimal] starting_nav=978060.73 ending_nav=977446.65 cash_after=968439.97 market_value_after=9006.68 nav_recon_error=0.000000 order_count=2 active_names=2 gross_target=0.0204 price_col=close merged_missing_prices=0 fallback_price_rows=0 mtm_default_fallback_count=0 mtm_state_fallback_count=1 mtm_broker_positions_fallback_count=0 mtm_unpriced_count=0 fractional_enabled_effective=0 bootstrap_only=0 skip_reason=
[EXEC][optimal][RISK] dropped_price_below_min=0 dropped_price_above_max=0 clipped_weight_cap=0 clipped_notional_cap=2
[EXEC][optimal][DIAG] already_at_target=3 below_min_notional=0 rounded_to_zero_from_nonzero_target=0 entered_new_position=1 exited_position=0 increased_existing_position=1 decreased_existing_position=0 symbol_only_in_state=3 symbol_only_in_target=1 legacy_state_price_fallback=1 legacy_broker_positions_price_fallback=0 legacy_default_price_fallback=0 legacy_unpriced=0
[EXEC][optimal][COST] estimated_commission_total=0.8471 estimated_slippage_total=1.6213 estimated_total_cost=2.4684
[EXEC][optimal][ORDERS_TOP]
      date symbol  price         price_source  is_priced  target_weight  target_notional  target_shares_raw  current_shares  target_shares  raw_delta_shares  delta_shares order_side  order_notional  order_notional_abs  estimated_commission  estimated_slippage  estimated_total_cost                 skip_reason
2026-04-23   AXTI  73.64 target_live_snapshot          1       0.010224          10000.0         135.795763             0.0          135.0             135.0         135.0        BUY         9941.40             9941.40               0.49707            1.491210              1.988280
2026-04-23    CAR 216.86 target_live_snapshot          1       0.010224          10000.0          46.112699            42.0           46.0               4.0           4.0        BUY          867.44              867.44               0.35000            0.130116              0.480116
2026-04-23   AAOI 136.41        live_snapshot          1       0.000000              0.0           0.000000            66.0           66.0               0.0           0.0       HOLD            0.00                0.00               0.00000            0.000000              0.000000 legacy_symbol_not_in_target
2026-04-23   ACLX 114.83     state_last_price          1       0.000000              0.0           0.000000           -87.0          -87.0               0.0           0.0       HOLD            0.00                0.00               0.00000            0.000000              0.000000 legacy_symbol_not_in_target
2026-04-23  BRK.B 472.53        live_snapshot          1       0.000000              0.0           0.000000           -21.0          -21.0               0.0           0.0       HOLD            0.00                0.00               0.00000            0.000000              0.000000 legacy_symbol_not_in_target
[ARTIFACT] artifacts\execution_loop\optimal\orders.csv
[ARTIFACT] artifacts\execution_loop\optimal\positions_mark_to_market.csv
[ARTIFACT] artifacts\execution_loop\optimal\portfolio_state.json
[ARTIFACT] artifacts\execution_loop\optimal\execution_log.csv
[EXEC][aggressive] loading freeze artifacts
[EXEC][aggressive][ALIGN] requested=0 applied=0 reason=not_requested marker=artifacts\execution_loop\aggressive\state_alignment_once.json broker_fallback_symbols=0
[EXEC][aggressive][STATE_SANITY] sanitized=0 updated_from_live=0 updated_from_broker_positions=0 cleared_default_like=0 missing_live_price=0 missing_broker_price=0
[EXEC][aggressive] starting_nav=978696.63 ending_nav=978339.19 cash_after=957583.39 market_value_after=20755.80 nav_recon_error=0.000000 order_count=2 active_names=3 gross_target=0.0307 price_col=close merged_missing_prices=0 fallback_price_rows=0 mtm_default_fallback_count=0 mtm_state_fallback_count=1 mtm_broker_positions_fallback_count=0 mtm_unpriced_count=0 fractional_enabled_effective=0 bootstrap_only=0 skip_reason=
[EXEC][aggressive][RISK] dropped_price_below_min=0 dropped_price_above_max=0 clipped_weight_cap=3 clipped_notional_cap=3
[EXEC][aggressive][DIAG] already_at_target=4 below_min_notional=0 rounded_to_zero_from_nonzero_target=0 entered_new_position=1 exited_position=0 increased_existing_position=1 decreased_existing_position=0 symbol_only_in_state=3 symbol_only_in_target=1 legacy_state_price_fallback=1 legacy_broker_positions_price_fallback=0 legacy_default_price_fallback=0 legacy_unpriced=0
[EXEC][aggressive][COST] estimated_commission_total=0.8471 estimated_slippage_total=1.6213 estimated_total_cost=2.4684
[EXEC][aggressive][ORDERS_TOP]
      date symbol   price         price_source  is_priced  target_weight  target_notional  target_shares_raw  current_shares  target_shares  raw_delta_shares  delta_shares order_side  order_notional  order_notional_abs  estimated_commission  estimated_slippage  estimated_total_cost                 skip_reason
2026-04-23   AXTI  73.640 target_live_snapshot          1       0.010218          10000.0         135.795763             0.0          135.0             135.0         135.0        BUY         9941.40             9941.40               0.49707            1.491210              1.988280
2026-04-23    CAR 216.860 target_live_snapshot          1       0.010218          10000.0          46.112699            42.0           46.0               4.0           4.0        BUY          867.44              867.44               0.35000            0.130116              0.480116
2026-04-23   AAOI 136.410        live_snapshot          1       0.000000              0.0           0.000000            74.0           74.0               0.0           0.0       HOLD            0.00                0.00               0.00000            0.000000              0.000000 legacy_symbol_not_in_target
2026-04-23   ACLX 114.830     state_last_price          1       0.000000              0.0           0.000000           -87.0          -87.0               0.0           0.0       HOLD            0.00                0.00               0.00000            0.000000              0.000000 legacy_symbol_not_in_target
2026-04-23    AGX 666.115        live_snapshot          1       0.000000              0.0           0.000000            16.0           16.0               0.0           0.0       HOLD            0.00                0.00               0.00000            0.000000              0.000000 legacy_symbol_not_in_target
2026-04-23  BRK.B 472.530 target_live_snapshot          1      -0.010218         -10000.0         -21.162678           -21.0          -21.0               0.0           0.0       HOLD            0.00                0.00               0.00000            0.000000              0.000000           already_at_target
[ARTIFACT] artifacts\execution_loop\aggressive\orders.csv
[ARTIFACT] artifacts\execution_loop\aggressive\positions_mark_to_market.csv
[ARTIFACT] artifacts\execution_loop\aggressive\portfolio_state.json
[ARTIFACT] artifacts\execution_loop\aggressive\execution_log.csv
[FINAL] execution loop complete
[FINAL] daily cycle complete





============================================================
  Python-Edge — Full Cycle CPAPI (Execution)
============================================================
  ROOT:    C:\Users\Dmytro Govor\Documents\Python-Edge
  CONFIGS: ['aggressive']
  ACCOUNT[aggressive]: DUP561175
  CPAPI:   https://localhost:5000
  DATE:    2026-04-23

[CHECK] Gateway status...
[GATEWAY] authenticated=True connected=True
[NAV] Fetching current NAV...
[NAV] 979140.6875 (from CPAPI)

[PREFLIGHT] Checking scripts...
[LOCK] created: C:\Users\Dmytro Govor\Documents\Python-Edge\artifacts\pipeline.lock

=== STEP 0: CLEAN ARTIFACTS ===
  [aggressive] deleted orders.csv
  [aggressive] deleted target_book.csv
  [aggressive] deleted execution_log.csv
  [aggressive] deleted positions_mark_to_market.csv
  [aggressive] deleted broker_handoff_summary.json
  [aggressive] deleted broker_positions.csv
  [aggressive] deleted broker_open_orders.csv
  [aggressive] deleted broker_pending.csv
  [aggressive] deleted broker_reconcile.csv
  [aggressive] deleted broker_reconcile_summary.json
  [aggressive] deleted broker_cleanup_preview.csv
  [aggressive] deleted broker_cleanup_orders.csv
  [aggressive] deleted broker_cleanup_send_plan.csv
  [aggressive] deleted broker_cleanup_send_summary.json
  [aggressive] deleted state_alignment_once.json
  [aggressive] clean OK (portfolio_state.json preserved)

=== STEP 1: CPAPI RECONCILE (pre-alignment) ===
  [aggressive] created empty orders.csv stub

============================================================
[STEP] CPAPI_RECONCILE_PRE
============================================================
[CFG] execution_root=artifacts\execution_loop configs=['aggressive']
[CFG] cpapi_url=https://localhost:5000 account=DUP561175
[CFG] require_broker_refresh=1 drift_tolerance=1e-06 prefer_state_over_orders=1
[CPAPI] tickle loop started (interval=50s)
[CPAPI][TICKLE] ok (total_ok=2)
[RECON][aggressive][SUMMARY] symbols_total=6 drift=6 missing_at_broker=6 unexpected_at_broker=0 pending_covers_drift=0 max_abs_drift_shares=135.00000000 cleanup_preview_rows=0
[ARTIFACT] artifacts\execution_loop\aggressive\portfolio_state.json
[ARTIFACT] artifacts\execution_loop\aggressive\orders.csv
[ARTIFACT] artifacts\execution_loop\aggressive\broker_positions.csv
[ARTIFACT] artifacts\execution_loop\aggressive\broker_open_orders.csv
[ARTIFACT] artifacts\execution_loop\aggressive\broker_pending.csv
[ARTIFACT] artifacts\execution_loop\aggressive\broker_reconcile.csv
[ARTIFACT] artifacts\execution_loop\aggressive\broker_reconcile_summary.json
[ARTIFACT] artifacts\execution_loop\aggressive\broker_cleanup_preview.csv
[CPAPI] tickle loop stopped
[FINAL] CPAPI broker reconcile complete
[CPAPI_RECONCILE_PRE] OK
[1b] conditional state removal for alignment
  [aggressive] state has positions → keeping state (marker already absent)

=== STEP 2: EXECUTION LOOP ===
[1/1] aggressive

============================================================
[STEP] EXEC_LOOP_AGGRESSIVE
============================================================
[CFG] live_feature_snapshot_file=artifacts\live_alpha\live_feature_snapshot.parquet freeze_root=artifacts\freeze_runner execution_root=artifacts\execution_loop account_nav=979140.69 fractional_mode=integer allow_fractional_shares=0
[CFG] min_order_notional=25.00 default_price_fallback=100.00 topk_print=50 reset_state=0 config_names=aggressive
[CFG] require_freeze_date_match_live_prices=1 skip_empty_freeze_configs=1 min_price_to_trade=1.0 max_price_to_trade=1000000.0
[CFG] max_single_name_weight=0.050000 max_single_name_notional=10000.00 commission_bps=0.5000 commission_min_per_order=0.3500 slippage_bps=1.5000
[CFG] align_state_from_broker_once=1 align_state_require_broker_positions=0 align_state_cash_mode=preserve_nav skip_legacy_symbols_not_in_target=1
[CFG] use_state_price_fallback_for_legacy=1 use_state_price_fallback_for_mtm=1 use_broker_positions_price_fallback_for_legacy=1 use_broker_positions_price_fallback_for_mtm=1
[CFG] sanitize_state_prices=1 persist_default_fallback_to_state=0
[LIVE_PRICES] current_date=2026-04-23 symbols=108 price_col=close snapshot_fallback_count=0
[EXEC][aggressive] loading freeze artifacts
[EXEC][aggressive][ALIGN] requested=1 applied=1 reason=applied_from_broker_positions marker=artifacts\execution_loop\aggressive\state_alignment_once.json broker_fallback_symbols=0
[EXEC][aggressive][STATE_SANITY] sanitized=0 updated_from_live=0 updated_from_broker_positions=0 cleared_default_like=0 missing_live_price=0 missing_broker_price=0
[EXEC][aggressive] starting_nav=978339.19 ending_nav=978339.19 cash_after=978339.19 market_value_after=0.00 nav_recon_error=0.000000 order_count=0 active_names=3 gross_target=0.0307 price_col=close merged_missing_prices=0 fallback_price_rows=0 mtm_default_fallback_count=0 mtm_state_fallback_count=0 mtm_broker_positions_fallback_count=0 mtm_unpriced_count=0 fractional_enabled_effective=0 bootstrap_only=1 skip_reason=aligned_state_bootstrap_only
[EXEC][aggressive][RISK] dropped_price_below_min=0 dropped_price_above_max=0 clipped_weight_cap=3 clipped_notional_cap=3
[EXEC][aggressive][DIAG] already_at_target=0 below_min_notional=0 rounded_to_zero_from_nonzero_target=0 entered_new_position=0 exited_position=0 increased_existing_position=0 decreased_existing_position=0 symbol_only_in_state=0 symbol_only_in_target=0 legacy_state_price_fallback=0 legacy_broker_positions_price_fallback=0 legacy_default_price_fallback=0 legacy_unpriced=0
[EXEC][aggressive][COST] estimated_commission_total=0.0000 estimated_slippage_total=0.0000 estimated_total_cost=0.0000
[EXEC][aggressive][BOOTSTRAP_ONLY] state aligned from broker_positions.csv; skipping live order generation on this run
[ARTIFACT] artifacts\execution_loop\aggressive\orders.csv
[ARTIFACT] artifacts\execution_loop\aggressive\positions_mark_to_market.csv
[ARTIFACT] artifacts\execution_loop\aggressive\portfolio_state.json
[ARTIFACT] artifacts\execution_loop\aggressive\execution_log.csv
[FINAL] execution loop complete
[EXEC_LOOP_AGGRESSIVE] OK

=== STEP 2c: EXIT SCANNER ===

============================================================
[STEP] EXIT_SCANNER
============================================================
[EXIT_SCANNER] start date=2026-04-23 configs=['aggressive'] dry_run=False
[EXIT_SCANNER] ivol loaded: 108 symbols from snapshot
[EXIT_SCANNER] scores loaded: 108 symbols from snapshot (target_fwd_ret_1d)
[EXIT_SCANNER][aggressive] no positions — skip

[EXIT_SCANNER] ── SUMMARY ──────────────────────────────────
  [aggressive] checked=0 exit_triggered=0 already_in_orders=0 skipped_no_price=0 skipped_no_entry=0 peak_updated=0 ivol_snap=0 ivol_state=0 ivol_missing=0 decay_exit=0 hard_expire=0 score_snap=0 score_state=0 score_missing=0 sig_updated=0 orders_appended=0
[EXIT_SCANNER] total exits this cycle: 0
[EXIT_SCANNER] OK

=== STEP 2d: FREEZE GATE DIAGNOSTICS ===
  [aggressive] gate=PASSED reason=passed live_active=3(raw=3) sharpe=4.132514318087876 cumret=0.13289635927465748 date=2026-04-23
  [ALL] live gate passed

=== STEP 3: CPAPI HANDOFF (live BBO) ===

============================================================
[STEP] CPAPI_HANDOFF
============================================================
[CFG] execution_root=artifacts\execution_loop configs=['aggressive']
[CFG] cpapi_url=https://localhost:5000 snapshot_fields=31,84,86,88 retries=3 wait=2.0s
[CFG] enable_massive_fallback=1 force_massive_no_bbo=1
[CPAPI] tickle loop started (interval=50s)
[HANDOFF][aggressive] total_rows=0 live_rows=0 symbols=0
[CPAPI][TICKLE] ok (total_ok=2)
[CPAPI] tickle loop stopped
[FINAL] CPAPI handoff complete
[CPAPI_HANDOFF] OK

=== STEP 4: CPAPI EXECUTION ===

============================================================
[STEP] CPAPI_EXEC_ORDERS
============================================================
[ENV] broker=MEXEM account=DUP561175 whole_timeout=60.0s whole_slippage=20.0bps frac_slippage_min=5.0bps frac_slippage_max=30.0bps parent_guard=3.0%
[CPAPI] tickle loop started (interval=50s)
[CFG] config=aggressive orders_total=0 live_orders=0
[CONID_CACHE] all 0 symbols already cached
[CFG] config=aggressive to_execute=0 dup_skipped=0 conid_missing=0
[CFG] config=aggressive no intents to execute
[CPAPI_DEBUG] tickle_ok=1 tickle_fail=0 order_submit=0 poll_calls=0
[FINAL] CPAPI execution complete
[CPAPI][TICKLE] ok (total_ok=2)
[CPAPI] tickle loop stopped
[CPAPI_EXEC_ORDERS] OK

=== STEP 4b: CANCEL WORKING ORDERS (TD-2) ===

[STEP] CANCEL_WORKING
[CANCEL_WORKING] fetch failed: HTTPSConnectionPool(host='localhost', port=5000): Max retries exceeded with url: /iserver/account/orders?accountId=DUP561175 (Caused by SSLError(SSLCertVerificationError(1, '[SSL: CERTIFICATE_VERIFY_FAILED] certificate verify failed: self-signed certificate (_ssl.c:1028)')))
[CANCEL_WORKING] OK
[4b] OK

=== STEP 5: CPAPI RECONCILE (post-execution) ===

============================================================
[STEP] CPAPI_RECONCILE_POST
============================================================
[CFG] execution_root=artifacts\execution_loop configs=['aggressive']
[CFG] cpapi_url=https://localhost:5000 account=DUP561175
[CFG] require_broker_refresh=1 drift_tolerance=1e-06 prefer_state_over_orders=1
[CPAPI] tickle loop started (interval=50s)
[CPAPI][TICKLE] ok (total_ok=2)
[RECON][aggressive][SUMMARY] symbols_total=0 drift=0 missing_at_broker=0 unexpected_at_broker=0 pending_covers_drift=0 max_abs_drift_shares=0.00000000 cleanup_preview_rows=0
[ARTIFACT] artifacts\execution_loop\aggressive\portfolio_state.json
[ARTIFACT] artifacts\execution_loop\aggressive\orders.csv
[ARTIFACT] artifacts\execution_loop\aggressive\broker_positions.csv
[ARTIFACT] artifacts\execution_loop\aggressive\broker_open_orders.csv
[ARTIFACT] artifacts\execution_loop\aggressive\broker_pending.csv
[ARTIFACT] artifacts\execution_loop\aggressive\broker_reconcile.csv
[ARTIFACT] artifacts\execution_loop\aggressive\broker_reconcile_summary.json
[ARTIFACT] artifacts\execution_loop\aggressive\broker_cleanup_preview.csv
[CPAPI] tickle loop stopped
[FINAL] CPAPI broker reconcile complete
[CPAPI_RECONCILE_POST] OK

=== STEP 5a: SYNC CLEANUP PREVIEW ===

[STEP] CLEANUP_SYNC
[SYNC][aggressive] rows=0 -> broker_cleanup_orders.csv
[CLEANUP_SYNC] OK

=== STEP 5b: RESOLVE CONIDS FOR CLEANUP ===

[STEP] CONID_CLEANUP_RESOLVE
[CONID_CLEANUP][aggressive] empty -- skip
[CONID_CLEANUP_RESOLVE] OK

=== STEP 6: CPAPI CLEANUP SEND ===

============================================================
[STEP] CPAPI_CLEANUP_SEND
============================================================
[CFG] execution_root=artifacts\execution_loop configs=['aggressive']
[CFG] cpapi_url=https://localhost:5000 account=DUP561175
[CFG] cleanup_send_preview_only=0 require_empty_pending=0
[CPAPI] tickle loop started (interval=50s)
[CLEANUP][aggressive][PLAN] cleanup_rows=0 emitted_rows=0 preview_only=0 blocked_pending_refs=0
[ARTIFACT] artifacts\execution_loop\aggressive\broker_cleanup_send_plan.csv
[ARTIFACT] artifacts\execution_loop\aggressive\broker_cleanup_send_summary.json
[CLEANUP][aggressive] no rows after filters — adapter not called
[CPAPI][TICKLE] ok (total_ok=2)
[CPAPI] tickle loop stopped
[FINAL] CPAPI cleanup send complete
[CPAPI_CLEANUP_SEND] OK

[LOCK] released

=== PIPELINE COMPLETE ===
  OK  aggressive/orders.csv
  --  aggressive/fills.csv
  --  aggressive/broker_log.json
  --  aggressive/broker_log_2026-04-23.json
  OK  aggressive/portfolio_state.json
  OK  aggressive/broker_reconcile_summary.json
  
  
  

============================================================
  Python-Edge — Fill Sync
============================================================
  ROOT:    C:\Users\Dmytro Govor\Documents\Python-Edge
  ACCOUNT: DUP561175
  DATE:    2026-04-23

============================================================
  Python-Edge — CPAPI Fill Sync
============================================================
  ROOT:    C:\Users\Dmytro Govor\Documents\Python-Edge
  ACCOUNT: DUP561175
  CONFIGS: optimal|aggressive
  DATE:    2026-04-23

[FETCH] fetching broker orders and trades...
[FETCH] orders=0 trades=0

--- optimal ---
[FILL_SYNC][optimal] no broker_log found for date=2026-04-23 — skip
[FILL_SYNC][optimal][SUMMARY] working_found=0 sync_filled=0 sync_partial=0 sync_still_working=0 sync_not_found=0 sync_cancelled=0

--- aggressive ---
[FILL_SYNC][aggressive] no broker_log found for date=2026-04-23 — skip
[FILL_SYNC][aggressive][SUMMARY] working_found=0 sync_filled=0 sync_partial=0 sync_still_working=0 sync_not_found=0 sync_cancelled=0

[FINAL] fill sync complete — total_filled=0