
[CFG] alpha_lib_file=data\alpha_library_v2\alpha_library_v2.parquet
[CFG] alpha_shortlist_csv=data\alpha_library_v2\diagnostics\alpha_candidate_shortlist.csv
[CFG] alpha_shortlist_required=1
[CFG] consensus_mode=recent_weighted
[CFG] consensus_required_last_fold=1
[CFG] consensus_min_folds=2 consensus_max_sign_flip=0.25 consensus_min_mean_abs_ic=0.005
[CFG] consensus_history_blend=0.55 consensus_family_cap=1 current_family_cap=2
[CFG] hardening max_alphas=6 min_selected_alphas=3 min_final_select_score=0.16 corr_prune=0.8
[CFG] trading gross_target=0.85 weight_cap=0.05 max_daily_turnover=0.2 enter_pct=0.06 exit_pct=0.14
[DATA] rows=76727 dates=791 symbols=97 alpha_cols=58
[ALPHA_SHORTLIST]
{
  "shortlist_required": 1,
  "shortlist_path": "data\\alpha_library_v2\\diagnostics\\alpha_candidate_shortlist.csv",
  "shortlist_csv_exists": 1,
  "shortlist_rows_raw": 58,
  "shortlist_rows_unique": 58,
  "shortlist_duplicates_removed": 0,
  "shortlist_alpha_missing_name": 0,
  "alpha_cols_before_shortlist": 958,
  "shortlist_found_in_parquet": 58,
  "shortlist_missing_in_parquet": 0,
  "shortlist_missing_in_parquet_list": [],
  "alpha_cols_after_shortlist": 58,
  "shortlist_filter_applied": 1
}
[ALPHA_SHORTLIST][HEAD]
 shortlist_rank                                            alpha              family  wave  transform interaction regime  selector_score
              1        alpha_intraday_pressure_ema3_regime_liq_z   intraday_pressure wave3       ema3      regime      z       12.848269
              2                     alpha_pressure_z_z_mul_liq_z            pressure wave5          z       z_mul      z       12.834244
              3                  alpha_mom3_z_rank_mul_breadth_z                mom3 wave5          z    rank_mul      z       12.831842
              4                        alpha_mom3_z_z_mul_rvol_z                mom3 wave5          z       z_mul      z       12.828941
              5                          alpha_gap_z_z_mul_liq_z                 gap wave5          z       z_mul      z       12.827754
              6                         alpha_rev1_z_z_mul_liq_z                rev1 wave5          z       z_mul      z       12.827754
              7                   alpha_mom3_z_raw_mul_breadth_z                mom3 wave5          z     raw_mul      z       12.813842
              8              alpha_vol_compression_z_z_mul_liq_z     vol_compression wave5          z       z_mul      z       12.801554
              9              alpha_pressure_z_rank_mul_breadth_z            pressure wave5          z    rank_mul      z       12.798052
             10                     alpha_mom3_z_rank_mul_rvol_z                mom3 wave5          z    rank_mul      z       12.792941
             11                   alpha_gap_z_rank_mul_breadth_z                 gap wave5          z    rank_mul      z       12.791742
             12                  alpha_rev1_z_rank_mul_breadth_z                rev1 wave5          z    rank_mul      z       12.791625
             13             alpha_intraday_rs_ema3_regime_rvol_z         intraday_rs wave3       ema3      regime      z       12.789853
             14                  alpha_str_3d_ema3_regime_rvol_z              str_3d wave3       ema3      regime      z       12.789853
             15     alpha_vol_compression_signed_log_z_mul_liq_z     vol_compression wave6 signed_log       z_mul      z       12.789767
             16       alpha_vol_compression_z_z_mul_range_comp_z     vol_compression wave5          z       z_mul      z       12.788571
             17 alpha_overnight_drift_20d_ema3_regime_volshock_z overnight_drift_20d wave3       ema3      regime      z       12.783361
             18                     alpha_ivol_20d_z_z_mul_liq_z            ivol_20d wave5          z       z_mul      z       12.782079
             19                alpha_ivol_20d_z_z_mul_volshock_z            ivol_20d wave5          z       z_mul      z       12.782079
             20               alpha_pressure_z_raw_mul_breadth_z            pressure wave5          z     raw_mul      z       12.779885
[WF] folds=8
[WF][FOLD 1] train=2023-01-03..2024-01-03 test=2024-01-19..2024-04-18
[WF][FOLD 2] train=2023-04-04..2024-04-04 test=2024-04-19..2024-07-19
[WF][FOLD 3] train=2023-07-06..2024-07-05 test=2024-07-22..2024-10-17
[WF][FOLD 4] train=2023-10-04..2024-10-03 test=2024-10-18..2025-01-21
[WF][FOLD 5] train=2024-01-04..2025-01-03 test=2025-01-22..2025-04-22
[WF][FOLD 6] train=2024-04-05..2025-04-07 test=2025-04-23..2025-07-23
[WF][FOLD 7] train=2024-07-08..2025-07-09 test=2025-07-24..2025-10-21
[WF][FOLD 8] train=2024-10-04..2025-10-07 test=2025-10-22..2026-01-22
[WF][FOLD 1] start history_rows=0 is_last_fold=0
[WF][FOLD 1][CONSENSUS] selected=5 dropped_by_fold_consensus=0 dropped_by_sign_flip=0 dropped_by_family_dominance=0 dropped_by_low_final_score=13 corr_pruned=1
[WF][FOLD 1][SUMMARY] sharpe=-3.1399 mean_daily=-0.001269 cum_ret=-0.0781 maxdd=-0.0948 avg_turn=0.1998
[WF][FOLD 1][TOP_WEIGHTS]
                                alpha  coef_std        x_mean     x_std  abs_coef_std  blend_weight
alpha_ivol_20d_signed_log_z_mul_liq_z  0.026891  1.069440e-01  2.730326      0.026891      0.308159
         alpha_ivol_20d_z_z_mul_liq_z  0.019614  2.006360e-01  5.045715      0.019614      0.224764
alpha_intraday_rs_ema3_regime_rvol_hi  0.018325 -6.226667e-19  0.981981      0.018325      0.210000
              alpha_gap_z_z_mul_liq_z -0.017646  1.609028e-01  7.086932      0.017646     -0.202212
            alpha_rev1_z_z_mul_rvol_z -0.004788 -1.352951e-01 11.592033      0.004788     -0.054865
[WF][FOLD 2] start history_rows=58 is_last_fold=0
[WF][FOLD 2][CONSENSUS] selected=6 dropped_by_fold_consensus=0 dropped_by_sign_flip=0 dropped_by_family_dominance=11 dropped_by_low_final_score=0 corr_pruned=1
[WF][FOLD 2][SUMMARY] sharpe=1.9715 mean_daily=0.000352 cum_ret=0.0222 maxdd=-0.0182 avg_turn=0.2000
[WF][FOLD 2][TOP_WEIGHTS]
                                alpha  coef_std        x_mean     x_std  abs_coef_std  blend_weight
             alpha_rev1_z_z_mul_liq_z  0.026811 -2.467758e-01  6.099110      0.026811      0.376637
alpha_ivol_20d_signed_log_z_mul_liq_z  0.012834  1.086139e-01  2.824254      0.012834      0.180288
            alpha_rev1_z_z_mul_rvol_z  0.012624 -1.561797e-01 12.515628      0.012624      0.177334
         alpha_ivol_20d_z_z_mul_liq_z  0.011605  1.640424e-01  5.173883      0.011605      0.163024
alpha_intraday_rs_ema3_regime_rvol_hi  0.006392 -4.298912e-18  1.000000      0.006392      0.089791
              alpha_gap_z_z_mul_liq_z  0.000920  2.240580e-01  7.142910      0.000920      0.012925
[WF][FOLD 3] start history_rows=116 is_last_fold=0
[WF][FOLD 3][CONSENSUS] selected=6 dropped_by_fold_consensus=0 dropped_by_sign_flip=0 dropped_by_family_dominance=8 dropped_by_low_final_score=0 corr_pruned=1
[WF][FOLD 3][SUMMARY] sharpe=-0.5866 mean_daily=-0.000201 cum_ret=-0.0135 maxdd=-0.0399 avg_turn=0.2000
[WF][FOLD 3][TOP_WEIGHTS]
                                alpha  coef_std        x_mean     x_std  abs_coef_std  blend_weight
            alpha_rev1_z_z_mul_rvol_z  0.038604 -1.491961e-01 15.011692      0.038604      0.324813
     alpha_str_3d_ema3_regime_rvol_hi  0.033383  3.837909e-19  1.000000      0.033383      0.280890
alpha_intraday_rs_ema3_regime_rvol_hi -0.028694 -2.359519e-18  1.000000      0.028694     -0.241429
         alpha_ivol_20d_z_z_mul_liq_z  0.008639  1.826622e-01  5.018689      0.008639      0.072691
alpha_ivol_20d_signed_log_z_mul_liq_z  0.006305  1.281648e-01  2.830060      0.006305      0.053053
      alpha_str_3d_ema3_regime_rvol_z -0.003224 -1.453391e-01  6.897485      0.003224     -0.027124
[WF][FOLD 4] start history_rows=174 is_last_fold=0
[WF][FOLD 4][CONSENSUS] selected=6 dropped_by_fold_consensus=0 dropped_by_sign_flip=1 dropped_by_family_dominance=16 dropped_by_low_final_score=0 corr_pruned=1
[WF][FOLD 4][SUMMARY] sharpe=-0.6449 mean_daily=-0.000122 cum_ret=-0.0079 maxdd=-0.0454 avg_turn=0.2000
[WF][FOLD 4][TOP_WEIGHTS]
                                                    alpha  coef_std        x_mean     x_std  abs_coef_std  blend_weight
                          alpha_str_3d_ema3_regime_rvol_z  0.038652 -2.163153e-01  7.425708      0.038652      0.305960
                                alpha_rev1_z_z_mul_rvol_z  0.036278 -2.070361e-01 15.181793      0.036278      0.287171
                     alpha_intraday_rs_ema3_regime_rvol_z -0.023485 -2.291346e-01 12.923652      0.023485     -0.185905
alpha_overnight_drift_20d_signed_square_regime_volshock_z  0.015929  2.399738e-01 49.737173      0.015929      0.126091
                    alpha_ivol_20d_signed_log_z_mul_liq_z -0.010246  8.955767e-02  3.000589      0.010246     -0.081106
                    alpha_intraday_rs_ema3_regime_rvol_hi  0.001739 -3.061243e-18  1.000000      0.001739      0.013766
[WF][FOLD 5] start history_rows=232 is_last_fold=0
[WF][FOLD 5][CONSENSUS] selected=6 dropped_by_fold_consensus=0 dropped_by_sign_flip=5 dropped_by_family_dominance=11 dropped_by_low_final_score=0 corr_pruned=0
[WF][FOLD 5][SUMMARY] sharpe=1.3156 mean_daily=0.000344 cum_ret=0.0214 maxdd=-0.0169 avg_turn=0.2000
[WF][FOLD 5][TOP_WEIGHTS]
                                                    alpha  coef_std        x_mean     x_std  abs_coef_std  blend_weight
                                alpha_mom3_z_z_mul_rvol_z -0.073371  3.259961e-01 11.174307      0.073371     -0.472563
                                alpha_rev1_z_z_mul_rvol_z -0.042300 -2.833934e-01 15.780617      0.042300     -0.272440
                         alpha_str_3d_ema3_regime_rvol_hi -0.014434 -5.439782e-18  1.000000      0.014434     -0.092964
alpha_overnight_drift_20d_signed_square_regime_volshock_z  0.013090  2.413448e-01 51.799128      0.013090      0.084307
                    alpha_intraday_rs_ema3_regime_rvol_hi  0.010459 -3.321835e-18  1.000000      0.010459      0.067365
           alpha_intraday_pressure_lag1_regime_liq_z_lag1  0.001609  1.009489e-01  5.513746      0.001609      0.010361
[WF][FOLD 6] start history_rows=290 is_last_fold=0
[WF][FOLD 6][CONSENSUS] selected=6 dropped_by_fold_consensus=0 dropped_by_sign_flip=1 dropped_by_family_dominance=11 dropped_by_low_final_score=0 corr_pruned=1
[WF][FOLD 6][SUMMARY] sharpe=-0.3088 mean_daily=-0.000035 cum_ret=-0.0023 maxdd=-0.0131 avg_turn=0.2000
[WF][FOLD 6][TOP_WEIGHTS]
                                                    alpha  coef_std        x_mean      x_std  abs_coef_std  blend_weight
                                alpha_rev1_z_z_mul_rvol_z -0.034275 -2.206286e-01  15.322929      0.034275     -0.299906
                     alpha_intraday_rs_ema3_regime_rvol_z  0.027949 -2.234990e-01  12.949971      0.027949      0.244553
                 alpha_str_3d_signed_square_regime_rvol_z  0.021938 -2.889946e+00 160.087121      0.021938      0.191958
                    alpha_intraday_rs_ema3_regime_rvol_hi  0.014331 -7.823430e-19   1.000000      0.014331      0.125400
alpha_overnight_drift_20d_signed_square_regime_volshock_z  0.009940 -1.048432e-01  48.325965      0.009940      0.086972
           alpha_intraday_pressure_lag1_regime_liq_z_lag1  0.005853  8.320457e-02   5.473920      0.005853      0.051212
[WF][FOLD 7] start history_rows=348 is_last_fold=0
[WF][FOLD 7][CONSENSUS] selected=6 dropped_by_fold_consensus=0 dropped_by_sign_flip=2 dropped_by_family_dominance=7 dropped_by_low_final_score=0 corr_pruned=0
[WF][FOLD 7][SUMMARY] sharpe=-4.7692 mean_daily=-0.000636 cum_ret=-0.0394 maxdd=-0.0444 avg_turn=0.2000
[WF][FOLD 7][TOP_WEIGHTS]
                                          alpha  coef_std        x_mean     x_std  abs_coef_std  blend_weight
                      alpha_mom3_z_z_mul_rvol_z -0.078930  2.622585e-01 10.044327      0.078930     -0.381814
                       alpha_gap_z_z_mul_rvol_z  0.045706  2.012826e-01 21.618263      0.045706      0.221096
alpha_intraday_pressure_lag1_regime_liq_lo_lag1  0.038116 -7.095590e-18  1.000000      0.038116      0.184380
                      alpha_rev1_z_z_mul_rvol_z -0.023077 -2.334391e-01 14.308966      0.023077     -0.111634
 alpha_intraday_pressure_lag1_regime_liq_z_lag1  0.014553  4.012820e-02  5.448791      0.014553      0.070399
           alpha_intraday_rs_ema3_regime_rvol_z -0.006342 -2.247294e-01 12.109288      0.006342     -0.030677
[WF][FOLD 8] start history_rows=406 is_last_fold=1
[WF][FOLD 8][CONSENSUS] selected=3 dropped_by_fold_consensus=20 dropped_by_sign_flip=2 dropped_by_family_dominance=0 dropped_by_low_final_score=0 corr_pruned=1
[WF][FOLD 8][SUMMARY] sharpe=-0.2063 mean_daily=-0.000063 cum_ret=-0.0047 maxdd=-0.0363 avg_turn=0.2000
[WF][FOLD 8][TOP_WEIGHTS]
                                          alpha  coef_std        x_mean     x_std  abs_coef_std  blend_weight
alpha_intraday_pressure_lag1_regime_liq_lo_lag1  0.035679 -6.615283e-18  1.000000      0.035679      0.756788
          alpha_ivol_20d_signed_log_z_mul_liq_z -0.009358  7.301925e-02  2.911873      0.009358     -0.198493
           alpha_intraday_rs_ema3_regime_rvol_z  0.002108 -1.913192e-01 13.076999      0.002108      0.044719
[OVERALL] sharpe=-0.7778 mean_daily=-0.000204 cum_ret=-0.1014 maxdd=-0.1184 avg_turnover=0.2000
[ARTIFACT] artifacts\multi_alpha_wf\wf_multi_alpha_overall.csv
[ARTIFACT] artifacts\multi_alpha_wf\wf_fold_summaries.csv
[ARTIFACT] artifacts\multi_alpha_wf\wf_fold_consensus_debug.csv
[ARTIFACT] artifacts\multi_alpha_wf\wf_multi_alpha_meta.json
[ARTIFACT] artifacts\multi_alpha_wf\wf_alpha_shortlist_debug.json
[FINAL] multi-alpha walkforward with hardening complete