PS C:\Users\Dmytro Govor\Documents\Python-Edge> python .\scripts\run_execution_loop.py
[CFG] live_feature_snapshot_file=artifacts\live_alpha\live_feature_snapshot.parquet freeze_root=artifacts\freeze_runner execution_root=artifacts\execution_loop account_nav=100000.00 fractional_mode=auto allow_fractional_shares=0
[CFG] min_order_notional=25.00 default_price_fallback=100.00 topk_print=50 reset_state=0 config_names=optimal|aggressive
[CFG] require_freeze_date_match_live_prices=1 skip_empty_freeze_configs=1 min_price_to_trade=1.0 max_price_to_trade=1000000.0
[CFG] max_single_name_weight=0.050000 max_single_name_notional=10000.00 commission_bps=0.5000 commission_min_per_order=0.3500 slippage_bps=1.5000
[CFG] align_state_from_broker_once=0 align_state_require_broker_positions=1 align_state_cash_mode=preserve_nav skip_legacy_symbols_not_in_target=1
[CFG] use_state_price_fallback_for_legacy=1 use_state_price_fallback_for_mtm=1 use_broker_positions_price_fallback_for_legacy=1 use_broker_positions_price_fallback_for_mtm=1
[CFG] sanitize_state_prices=1 persist_default_fallback_to_state=0
[LIVE_PRICES] current_date=2026-04-07 symbols=175 price_col=close snapshot_fallback_count=0
[EXEC][optimal] loading freeze artifacts
[EXEC][optimal][ALIGN] requested=0 applied=0 reason=not_requested marker=artifacts\execution_loop\optimal\state_alignment_once.json broker_fallback_symbols=15
[EXEC][optimal][STATE_SANITY] sanitized=1 updated_from_live=0 updated_from_broker_positions=1 cleared_default_like=0 missing_live_price=1 missing_broker_price=0
[EXEC][optimal] starting_nav=54304.14 ending_nav=57160.97 cash_after=51572.58 market_value_after=5588.39 nav_recon_error=0.000000 order_count=0 active_names=2 gross_target=0.1000 price_col=close merged_missing_prices=0 fallback_price_rows=0 mtm_default_fallback_count=0 mtm_state_fallback_count=1 mtm_broker_positions_fallback_count=0 mtm_unpriced_count=0 fractional_enabled_effective=0 bootstrap_only=0 skip_reason=
[EXEC][optimal][RISK] dropped_price_below_min=0 dropped_price_above_max=0 clipped_weight_cap=0 clipped_notional_cap=0
[EXEC][optimal][DIAG] already_at_target=6 below_min_notional=0 rounded_to_zero_from_nonzero_target=0 entered_new_position=0 exited_position=0 increased_existing_position=0 decreased_existing_position=0 symbol_only_in_state=4 symbol_only_in_target=0 legacy_state_price_fallback=1 legacy_broker_positions_price_fallback=0 legacy_default_price_fallback=0 legacy_unpriced=0
[EXEC][optimal][COST] estimated_commission_total=0.0000 estimated_slippage_total=0.0000 estimated_total_cost=0.0000
[EXEC][optimal][ORDERS_TOP]
      date symbol      price         price_source  is_priced  target_weight  target_notional  target_shares_raw  current_shares  target_shares  raw_delta_shares  delta_shares order_side  order_notional  order_notional_abs  estimated_commission  estimated_slippage  estimated_total_cost                 skip_reason
2026-04-07   AAOI 116.830000        live_snapshot          1           0.00         0.000000           0.000000           -24.0          -24.0               0.0           0.0       HOLD             0.0                 0.0                   0.0                 0.0                   0.0 legacy_symbol_not_in_target
2026-04-07   AXTI  44.865000        live_snapshot          1           0.00         0.000000           0.000000            66.0           66.0               0.0           0.0       HOLD             0.0                 0.0                   0.0                 0.0                   0.0 legacy_symbol_not_in_target
2026-04-07    NKE  42.705000 target_live_snapshot          1           0.05      2715.207228          63.580546            63.0           63.0               0.0           0.0       HOLD             0.0                 0.0                   0.0                 0.0                   0.0           already_at_target
2026-04-07   OKLO  48.420825     state_last_price          1           0.00         0.000000           0.000000            59.0           59.0               0.0           0.0       HOLD             0.0                 0.0                   0.0                 0.0                   0.0 legacy_symbol_not_in_target
2026-04-07   SMCI  22.425000 target_live_snapshot          1           0.05      2715.207228         121.079475           121.0          121.0               0.0           0.0       HOLD             0.0                 0.0                   0.0                 0.0                   0.0           already_at_target
2026-04-07   TSEM 188.630000        live_snapshot          1           0.00         0.000000           0.000000           -15.0          -15.0               0.0           0.0       HOLD             0.0                 0.0                   0.0                 0.0                   0.0 legacy_symbol_not_in_target
[ARTIFACT] artifacts\execution_loop\optimal\orders.csv
[ARTIFACT] artifacts\execution_loop\optimal\positions_mark_to_market.csv
[ARTIFACT] artifacts\execution_loop\optimal\portfolio_state.json
[ARTIFACT] artifacts\execution_loop\optimal\execution_log.csv
[EXEC][aggressive] loading freeze artifacts
[EXEC][aggressive][ALIGN] requested=0 applied=0 reason=not_requested marker=artifacts\execution_loop\aggressive\state_alignment_once.json broker_fallback_symbols=15
[EXEC][aggressive][STATE_SANITY] sanitized=1 updated_from_live=0 updated_from_broker_positions=1 cleared_default_like=0 missing_live_price=1 missing_broker_price=0
[EXEC][aggressive] starting_nav=58242.43 ending_nav=61341.36 cash_after=55104.85 market_value_after=6236.51 nav_recon_error=0.000000 order_count=0 active_names=3 gross_target=0.1500 price_col=close merged_missing_prices=0 fallback_price_rows=0 mtm_default_fallback_count=0 mtm_state_fallback_count=1 mtm_broker_positions_fallback_count=0 mtm_unpriced_count=0 fractional_enabled_effective=0 bootstrap_only=0 skip_reason=
[EXEC][aggressive][RISK] dropped_price_below_min=0 dropped_price_above_max=0 clipped_weight_cap=3 clipped_notional_cap=0
[EXEC][aggressive][DIAG] already_at_target=5 below_min_notional=1 rounded_to_zero_from_nonzero_target=0 entered_new_position=0 exited_position=0 increased_existing_position=0 decreased_existing_position=0 symbol_only_in_state=3 symbol_only_in_target=0 legacy_state_price_fallback=1 legacy_broker_positions_price_fallback=0 legacy_default_price_fallback=0 legacy_unpriced=0
[EXEC][aggressive][COST] estimated_commission_total=0.0000 estimated_slippage_total=0.0000 estimated_total_cost=0.0000
[EXEC][aggressive][ORDERS_TOP]
      date symbol      price         price_source  is_priced  target_weight  target_notional  target_shares_raw  current_shares  target_shares  raw_delta_shares  delta_shares order_side  order_notional  order_notional_abs  estimated_commission  estimated_slippage  estimated_total_cost                 skip_reason
2026-04-07   AAOI 116.830000        live_snapshot          1           0.00         0.000000           0.000000           -26.0          -26.0               0.0           0.0       HOLD             0.0                 0.0                   0.0                 0.0                   0.0 legacy_symbol_not_in_target
2026-04-07   AXTI  44.865000        live_snapshot          1           0.00         0.000000           0.000000            71.0           71.0               0.0           0.0       HOLD             0.0                 0.0                   0.0                 0.0                   0.0 legacy_symbol_not_in_target
2026-04-07    NKE  42.705000 target_live_snapshot          1           0.05      2912.121271          68.191576            68.0           68.0               0.0           0.0       HOLD             0.0                 0.0                   0.0                 0.0                   0.0           already_at_target
2026-04-07   OKLO  48.420825     state_last_price          1           0.00         0.000000           0.000000            64.0           64.0               0.0           0.0       HOLD             0.0                 0.0                   0.0                 0.0                   0.0 legacy_symbol_not_in_target
2026-04-07   SMCI  22.425000 target_live_snapshot          1           0.05      2912.121271         129.860480           130.0          129.0              -1.0           0.0       HOLD             0.0                 0.0                   0.0                 0.0                   0.0          below_min_notional
2026-04-07   TSEM 188.630000 target_live_snapshot          1          -0.05     -2912.121271         -15.438272           -15.0          -15.0               0.0           0.0       HOLD             0.0                 0.0                   0.0                 0.0                   0.0           already_at_target
[ARTIFACT] artifacts\execution_loop\aggressive\orders.csv
[ARTIFACT] artifacts\execution_loop\aggressive\positions_mark_to_market.csv
[ARTIFACT] artifacts\execution_loop\aggressive\portfolio_state.json
[ARTIFACT] artifacts\execution_loop\aggressive\execution_log.csv
[FINAL] execution loop complete