[CFG] feature_file=data\features\feature_matrix_v1.parquet
[CFG] target_col=target_fwd_ret_1d
[CFG] train_days=252 test_days=63 step_days=63 top_pct=0.1
[LOAD] feature matrix
[WF][intraday_core_only] portfolio_mode=plain features=['intraday_rs', 'volume_shock', 'intraday_pressure', 'intraday_rs_x_volume_shock', 'intraday_pressure_x_volume_shock', 'liq_rank_x_intraday_rs']
[WF] folds=8
[WF][FOLD 1] train=2023-01-03 00:00:00..2024-01-03 00:00:00 test=2024-01-04 00:00:00..2024-04-04 00:00:00
[WF][FOLD 2] train=2023-04-04 00:00:00..2024-04-04 00:00:00 test=2024-04-05 00:00:00..2024-07-05 00:00:00
[WF][FOLD 3] train=2023-07-06 00:00:00..2024-07-05 00:00:00 test=2024-07-08 00:00:00..2024-10-03 00:00:00
[WF][FOLD 4] train=2023-10-04 00:00:00..2024-10-03 00:00:00 test=2024-10-04 00:00:00..2025-01-03 00:00:00
[WF][FOLD 5] train=2024-01-04 00:00:00..2025-01-03 00:00:00 test=2025-01-06 00:00:00..2025-04-07 00:00:00
[WF][FOLD 6] train=2024-04-05 00:00:00..2025-04-07 00:00:00 test=2025-04-08 00:00:00..2025-07-09 00:00:00
[WF][FOLD 7] train=2024-07-08 00:00:00..2025-07-09 00:00:00 test=2025-07-10 00:00:00..2025-10-07 00:00:00
[WF][FOLD 8] train=2024-10-04 00:00:00..2025-10-07 00:00:00 test=2025-10-08 00:00:00..2026-01-07 00:00:00
[WF][intraday_core_only][FOLD 1] start
[WF][intraday_core_only][FOLD 1] train_rows=24444 test_rows=6111
[ERROR] Unhandled exception:

Traceback (most recent call last):
  File "C:\Users\Dmytro Govor\AppData\Local\Programs\Python\Python313\Lib\site-packages\pandas\core\internals\blocks.py", line 1115, in setitem
    casted = np_can_hold_element(values.dtype, value)
  File "C:\Users\Dmytro Govor\AppData\Local\Programs\Python\Python313\Lib\site-packages\pandas\core\dtypes\cast.py", line 1705, in np_can_hold_element
    raise LossySetitemError
pandas.errors.LossySetitemError

During handling of the above exception, another exception occurred:

Traceback (most recent call last):
  File "C:\Users\Dmytro Govor\Documents\Python-Edge\scripts\run_ranker_wf.py", line 239, in <module>
    rc = main()
  File "C:\Users\Dmytro Govor\Documents\Python-Edge\scripts\run_ranker_wf.py", line 214, in main
    overall, _weights_df = _run_one_model(model_name, raw_df, features, portfolio_mode)
                           ~~~~~~~~~~~~~~^^^^^^^^^^^^^^^^^^^^^^^^^^^^^^^^^^^^^^^^^^^^^^
  File "C:\Users\Dmytro Govor\Documents\Python-Edge\scripts\run_ranker_wf.py", line 170, in _run_one_model
    port_test = _apply_execution_layer(port_test)
  File "C:\Users\Dmytro Govor\Documents\Python-Edge\scripts\run_ranker_wf.py", line 138, in _apply_execution_layer
    out = dampen_turnover(out, max_turnover_unit=1.5)
  File "C:\Users\Dmytro Govor\Documents\Python-Edge\src\python_edge\portfolio\turnover_control.py", line 40, in dampen_turnover
    out.loc[idx, "side_after_turnover"] = prev_side + delta * scale
    ~~~~~~~^^^^^^^^^^^^^^^^^^^^^^^^^^^^
  File "C:\Users\Dmytro Govor\AppData\Local\Programs\Python\Python313\Lib\site-packages\pandas\core\indexing.py", line 938, in __setitem__
    iloc._setitem_with_indexer(indexer, value, self.name)
    ~~~~~~~~~~~~~~~~~~~~~~~~~~^^^^^^^^^^^^^^^^^^^^^^^^^^^
  File "C:\Users\Dmytro Govor\AppData\Local\Programs\Python\Python313\Lib\site-packages\pandas\core\indexing.py", line 1953, in _setitem_with_indexer
    self._setitem_with_indexer_split_path(indexer, value, name)
    ~~~~~~~~~~~~~~~~~~~~~~~~~~~~~~~~~~~~~^^^^^^^^^^^^^^^^^^^^^^
  File "C:\Users\Dmytro Govor\AppData\Local\Programs\Python\Python313\Lib\site-packages\pandas\core\indexing.py", line 1997, in _setitem_with_indexer_split_path
    self._setitem_single_column(ilocs[0], value, pi)
    ~~~~~~~~~~~~~~~~~~~~~~~~~~~^^^^^^^^^^^^^^^^^^^^^
  File "C:\Users\Dmytro Govor\AppData\Local\Programs\Python\Python313\Lib\site-packages\pandas\core\indexing.py", line 2181, in _setitem_single_column
    self.obj._mgr.column_setitem(loc, plane_indexer, value)
    ~~~~~~~~~~~~~~~~~~~~~~~~~~~~^^^^^^^^^^^^^^^^^^^^^^^^^^^
  File "C:\Users\Dmytro Govor\AppData\Local\Programs\Python\Python313\Lib\site-packages\pandas\core\internals\managers.py", line 1520, in column_setitem
    new_mgr = col_mgr.setitem((idx,), value)
  File "C:\Users\Dmytro Govor\AppData\Local\Programs\Python\Python313\Lib\site-packages\pandas\core\internals\managers.py", line 604, in setitem
    return self.apply("setitem", indexer=indexer, value=value)
           ~~~~~~~~~~^^^^^^^^^^^^^^^^^^^^^^^^^^^^^^^^^^^^^^^^^
  File "C:\Users\Dmytro Govor\AppData\Local\Programs\Python\Python313\Lib\site-packages\pandas\core\internals\managers.py", line 442, in apply
    applied = getattr(b, f)(**kwargs)
  File "C:\Users\Dmytro Govor\AppData\Local\Programs\Python\Python313\Lib\site-packages\pandas\core\internals\blocks.py", line 1118, in setitem
    nb = self.coerce_to_target_dtype(value, raise_on_upcast=True)
  File "C:\Users\Dmytro Govor\AppData\Local\Programs\Python\Python313\Lib\site-packages\pandas\core\internals\blocks.py", line 468, in coerce_to_target_dtype
    raise TypeError(f"Invalid value '{other}' for dtype '{self.values.dtype}'")
TypeError: Invalid value '[ 0.          0.07894737  0.          0.         -0.07894737  0.07894737
  0.          0.          0.          0.          0.          0.07894737
 -0.07894737  0.07894737  0.          0.          0.          0.
  0.          0.          0.          0.          0.          0.
 -0.07894737  0.          0.          0.          0.          0.
  0.         -0.07894737  0.          0.          0.          0.
  0.          0.         -0.07894737  0.          0.          0.
  0.          0.          0.          0.          0.          0.
  0.          0.07894737  0.          0.          0.          0.
  0.          0.          0.07894737  0.          0.          0.
  0.          0.          0.          0.          0.          0.
  0.          0.07894737  0.          0.         -0.07894737  0.
 -0.07894737  0.          0.          0.          0.          0.07894737
  0.          0.07894737  0.          0.          0.          0.
  0.          0.          0.         -0.07894737  0.          0.
  0.          0.          0.          0.          0.07894737  0.
 -0.07894737]' for dtype 'int64'
 
 
 
 
тобі потрібні якісь raw-посилання на файли, щоб виправити?