regime_retained_candidates.csv

factor,regime,horizon,raw_feature_name,raw_ic,raw_abs_ic,raw_n_days,best_variant,best_feature_name,best_ic,best_abs_ic,best_n_days,abs_uplift,rel_uplift,pass_regime_uplift,threshold_abs_uplift,threshold_rel_uplift,threshold_min_ic_days
rev1,rel_volume_20,fwd_1d,rg__rev1__raw,0.012619486387368912,0.012619486387368912,789,high,rg__rev1__in__rel_volume_20__high,0.021130300261372713,0.021130300261372713,781,0.0085108138740038,0.6744184043692951,1,0.002,0.15,30
rev1,rel_volume_20,fwd_2d,rg__rev1__raw,0.007807178112977213,0.007807178112977213,788,high,rg__rev1__in__rel_volume_20__high,0.018375436858486038,0.018375436858486038,780,0.010568258745508825,1.3536592340052345,1,0.002,0.15,30
rev1,rel_volume_20,fwd_5d,rg__rev1__raw,0.0076509231033088446,0.0076509231033088446,785,high,rg__rev1__in__rel_volume_20__high,0.016668187421617086,0.016668187421617086,777,0.009017264318308241,1.1785851452656608,1,0.002,0.15,30
rev1,rel_volume_20,fwd_3d,rg__rev1__raw,0.006424083355396502,0.006424083355396502,787,high,rg__rev1__in__rel_volume_20__high,0.013353516131825257,0.013353516131825257,779,0.006929432776428755,1.0786648292054106,1,0.002,0.15,30
gap_ret,rel_volume_20,fwd_1d,rg__gap_ret__raw,-0.004847349429456879,0.004847349429456879,789,z,rg__gap_ret__x__z__rel_volume_20,-0.012791858494644735,0.012791858494644735,781,0.007944509065187856,1.6389388013314854,1,0.002,0.15,30
gap_ret,rel_volume_20,fwd_3d,rg__gap_ret__raw,0.007782320457444867,0.007782320457444867,787,z,rg__gap_ret__x__z__rel_volume_20,-0.011303381646037235,0.011303381646037235,779,0.003521061188592368,0.45244361336618333,1,0.002,0.15,30
dist_low_20,rel_volume_20,fwd_3d,rg__dist_low_20__raw,0.007645320535384123,0.007645320535384123,779,rank,rg__dist_low_20__x__rank__rel_volume_20,-0.010982668196824596,0.010982668196824596,779,0.0033373476614404728,0.436521614176674,1,0.002,0.15,30
rev1,cs_liq_z,fwd_5d,rg__rev1__raw,0.0076509231033088446,0.0076509231033088446,785,high,rg__rev1__in__cs_liq_z__high,0.01068543077621509,0.01068543077621509,785,0.003034507672906245,0.39661981064706714,1,0.002,0.15,30
pressure,liq,fwd_2d,rg__pressure__raw,-0.005127560964826071,0.005127560964826071,789,high,rg__pressure__in__liq__high,-0.010480668728153633,0.010480668728153633,789,0.005353107763327562,1.0439871508119951,1,0.002,0.15,30
gap_ret,rel_volume_20,fwd_2d,rg__gap_ret__raw,0.007319688853102598,0.007319688853102598,788,z,rg__gap_ret__x__z__rel_volume_20,-0.010282940413586931,0.010282940413586931,780,0.0029632515604843335,0.4048329948920529,1,0.002,0.15,30
pressure,liq,fwd_1d,rg__pressure__raw,-0.00664225579258586,0.00664225579258586,790,low,rg__pressure__in__liq__low,-0.009986822707937194,0.009986822707937194,790,0.003344566915351334,0.503528773851353,1,0.002,0.15,30
mom3,vol_spike_5_20,fwd_5d,rg__mom3__raw,-0.007427624727891742,0.007427624727891742,783,low,rg__mom3__in__vol_spike_5_20__low,-0.009832485167429836,0.009832485167429836,776,0.0024048604395380934,0.32377247468948483,1,0.002,0.15,30
dist_low_20,rel_volume_20,fwd_1d,rg__dist_low_20__raw,-0.0005112721057633115,0.0005112721057633115,781,z,rg__dist_low_20__x__z__rel_volume_20,-0.009358403115265593,0.009358403115265593,781,0.008847131009502282,17.30415348787642,1,0.002,0.15,30
pressure,liq,fwd_5d,rg__pressure__raw,-0.002756084242287969,0.002756084242287969,786,high,rg__pressure__in__liq__high,-0.008174245072504346,0.008174245072504346,786,0.005418160830216377,1.9658908625204392,1,0.002,0.15,30
gap_ret,rel_volume_20,fwd_5d,rg__gap_ret__raw,-0.0003568105056386598,0.0003568105056386598,785,z,rg__gap_ret__x__z__rel_volume_20,-0.007976584460826153,0.007976584460826153,777,0.007619773955187493,21.355239863785737,1,0.002,0.15,30


regime_scan_meta.json

{
  "dataset_root": "D:\\massive_dataset",
  "start": "2023-01-01",
  "end": "2026-02-28",
  "horizons": [
    1,
    2,
    3,
    5
  ],
  "high_q": 0.7,
  "low_q": 0.3,
  "min_cross_section": 20,
  "min_ic_days": 30,
  "min_abs_uplift": 0.002,
  "min_rel_uplift": 0.15,
  "winsor_lower_q": 0.02,
  "winsor_upper_q": 0.98,
  "scan_specs": [
    {
      "factor": "rev1",
      "regime": "cs_liq_z"
    },
    {
      "factor": "rev1",
      "regime": "rel_volume_20"
    },
    {
      "factor": "mom3",
      "regime": "vol_spike_5_20"
    },
    {
      "factor": "gap_ret",
      "regime": "rel_volume_20"
    },
    {
      "factor": "pressure",
      "regime": "liq"
    },
    {
      "factor": "wick_imbalance",
      "regime": "range_comp_5_20"
    },
    {
      "factor": "dist_high_20",
      "regime": "rel_volume_20"
    },
    {
      "factor": "dist_low_20",
      "regime": "rel_volume_20"
    }
  ],
  "rows": 76727,
  "symbols": 97,
  "dates": 791,
  "variants_rows": 160,
  "summary_rows": 32,
  "kept_rows": 15,
  "generated_at": "2026-03-14T15:17:25"
}


regime_summary_table.csv

factor,regime,horizon,raw_feature_name,raw_ic,raw_abs_ic,raw_n_days,best_variant,best_feature_name,best_ic,best_abs_ic,best_n_days,abs_uplift,rel_uplift,pass_regime_uplift,threshold_abs_uplift,threshold_rel_uplift,threshold_min_ic_days
rev1,rel_volume_20,fwd_1d,rg__rev1__raw,0.012619486387368912,0.012619486387368912,789,high,rg__rev1__in__rel_volume_20__high,0.021130300261372713,0.021130300261372713,781,0.0085108138740038,0.6744184043692951,1,0.002,0.15,30
rev1,rel_volume_20,fwd_2d,rg__rev1__raw,0.007807178112977213,0.007807178112977213,788,high,rg__rev1__in__rel_volume_20__high,0.018375436858486038,0.018375436858486038,780,0.010568258745508825,1.3536592340052345,1,0.002,0.15,30
rev1,rel_volume_20,fwd_5d,rg__rev1__raw,0.0076509231033088446,0.0076509231033088446,785,high,rg__rev1__in__rel_volume_20__high,0.016668187421617086,0.016668187421617086,777,0.009017264318308241,1.1785851452656608,1,0.002,0.15,30
rev1,rel_volume_20,fwd_3d,rg__rev1__raw,0.006424083355396502,0.006424083355396502,787,high,rg__rev1__in__rel_volume_20__high,0.013353516131825257,0.013353516131825257,779,0.006929432776428755,1.0786648292054106,1,0.002,0.15,30
gap_ret,rel_volume_20,fwd_1d,rg__gap_ret__raw,-0.004847349429456879,0.004847349429456879,789,z,rg__gap_ret__x__z__rel_volume_20,-0.012791858494644735,0.012791858494644735,781,0.007944509065187856,1.6389388013314854,1,0.002,0.15,30
gap_ret,rel_volume_20,fwd_3d,rg__gap_ret__raw,0.007782320457444867,0.007782320457444867,787,z,rg__gap_ret__x__z__rel_volume_20,-0.011303381646037235,0.011303381646037235,779,0.003521061188592368,0.45244361336618333,1,0.002,0.15,30
dist_low_20,rel_volume_20,fwd_3d,rg__dist_low_20__raw,0.007645320535384123,0.007645320535384123,779,rank,rg__dist_low_20__x__rank__rel_volume_20,-0.010982668196824596,0.010982668196824596,779,0.0033373476614404728,0.436521614176674,1,0.002,0.15,30
rev1,cs_liq_z,fwd_5d,rg__rev1__raw,0.0076509231033088446,0.0076509231033088446,785,high,rg__rev1__in__cs_liq_z__high,0.01068543077621509,0.01068543077621509,785,0.003034507672906245,0.39661981064706714,1,0.002,0.15,30
pressure,liq,fwd_2d,rg__pressure__raw,-0.005127560964826071,0.005127560964826071,789,high,rg__pressure__in__liq__high,-0.010480668728153633,0.010480668728153633,789,0.005353107763327562,1.0439871508119951,1,0.002,0.15,30
gap_ret,rel_volume_20,fwd_2d,rg__gap_ret__raw,0.007319688853102598,0.007319688853102598,788,z,rg__gap_ret__x__z__rel_volume_20,-0.010282940413586931,0.010282940413586931,780,0.0029632515604843335,0.4048329948920529,1,0.002,0.15,30
pressure,liq,fwd_1d,rg__pressure__raw,-0.00664225579258586,0.00664225579258586,790,low,rg__pressure__in__liq__low,-0.009986822707937194,0.009986822707937194,790,0.003344566915351334,0.503528773851353,1,0.002,0.15,30
mom3,vol_spike_5_20,fwd_5d,rg__mom3__raw,-0.007427624727891742,0.007427624727891742,783,low,rg__mom3__in__vol_spike_5_20__low,-0.009832485167429836,0.009832485167429836,776,0.0024048604395380934,0.32377247468948483,1,0.002,0.15,30
dist_low_20,rel_volume_20,fwd_1d,rg__dist_low_20__raw,-0.0005112721057633115,0.0005112721057633115,781,z,rg__dist_low_20__x__z__rel_volume_20,-0.009358403115265593,0.009358403115265593,781,0.008847131009502282,17.30415348787642,1,0.002,0.15,30
pressure,liq,fwd_5d,rg__pressure__raw,-0.002756084242287969,0.002756084242287969,786,high,rg__pressure__in__liq__high,-0.008174245072504346,0.008174245072504346,786,0.005418160830216377,1.9658908625204392,1,0.002,0.15,30
gap_ret,rel_volume_20,fwd_5d,rg__gap_ret__raw,-0.0003568105056386598,0.0003568105056386598,785,z,rg__gap_ret__x__z__rel_volume_20,-0.007976584460826153,0.007976584460826153,777,0.007619773955187493,21.355239863785737,1,0.002,0.15,30
wick_imbalance,range_comp_5_20,fwd_1d,rg__wick_imbalance__raw,-0.018049048912827576,0.018049048912827576,790,low,rg__wick_imbalance__in__range_comp_5_20__low,-0.018495594050790064,0.018495594050790064,781,0.00044654513796248824,0.024740646451480615,0,0.002,0.15,30
rev1,cs_liq_z,fwd_1d,rg__rev1__raw,0.012619486387368912,0.012619486387368912,789,low,rg__rev1__in__cs_liq_z__low,0.013816665456468905,0.013816665456468905,789,0.0011971790690999927,0.09486749557441615,0,0.002,0.15,30
dist_low_20,rel_volume_20,fwd_5d,rg__dist_low_20__raw,0.011696393400472481,0.011696393400472481,777,z,rg__dist_low_20__x__z__rel_volume_20,-0.011418362666063376,0.011418362666063376,777,-0.000278030734409105,-0.023770638081829838,0,0.002,0.15,30
mom3,vol_spike_5_20,fwd_2d,rg__mom3__raw,-0.009076369412893423,0.009076369412893423,786,high,rg__mom3__in__vol_spike_5_20__high,-0.009638038258613755,0.009638038258613755,779,0.0005616688457203318,0.061882545774367824,0,0.002,0.15,30
dist_high_20,rel_volume_20,fwd_2d,rg__dist_high_20__raw,-0.010393398804166959,0.010393398804166959,780,high,rg__dist_high_20__in__rel_volume_20__high,-0.009104885877200156,0.009104885877200156,780,-0.0012885129269668023,-0.12397416390163273,0,0.002,0.15,30
rev1,cs_liq_z,fwd_2d,rg__rev1__raw,0.007807178112977213,0.007807178112977213,788,high,rg__rev1__in__cs_liq_z__high,0.008694971786266633,0.008694971786266633,788,0.0008877936732894194,0.113715053035616,0,0.002,0.15,30
rev1,cs_liq_z,fwd_3d,rg__rev1__raw,0.006424083355396502,0.006424083355396502,787,low,rg__rev1__in__cs_liq_z__low,0.007454341996830512,0.007454341996830512,787,0.0010302586414340101,0.16037441986305717,0,0.002,0.15,30
wick_imbalance,range_comp_5_20,fwd_5d,rg__wick_imbalance__raw,-0.011326569805622199,0.011326569805622199,786,low,rg__wick_imbalance__in__range_comp_5_20__low,-0.007228356401848256,0.007228356401848256,777,-0.004098213403773943,-0.3618229944054094,0,0.002,0.15,30
wick_imbalance,range_comp_5_20,fwd_3d,rg__wick_imbalance__raw,-0.014016492599706025,0.014016492599706025,788,low,rg__wick_imbalance__in__range_comp_5_20__low,-0.007077842604694926,0.007077842604694926,779,-0.0069386499950110985,-0.4950346846872085,0,0.002,0.15,30
dist_high_20,rel_volume_20,fwd_5d,rg__dist_high_20__raw,-0.012015496677228055,0.012015496677228055,777,high,rg__dist_high_20__in__rel_volume_20__high,-0.00675362223356616,0.00675362223356616,777,-0.005261874443661895,-0.4379240063539239,0,0.002,0.15,30
dist_low_20,rel_volume_20,fwd_2d,rg__dist_low_20__raw,0.006969295681612564,0.006969295681612564,780,z,rg__dist_low_20__x__z__rel_volume_20,-0.00664965961375528,0.00664965961375528,780,-0.0003196360678572839,-0.04586346776113001,0,0.002,0.15,30
dist_high_20,rel_volume_20,fwd_3d,rg__dist_high_20__raw,-0.01115063127616999,0.01115063127616999,779,high,rg__dist_high_20__in__rel_volume_20__high,-0.006610364223948365,0.006610364223948365,779,-0.004540267052221626,-0.4071757857797211,0,0.002,0.15,30
pressure,liq,fwd_3d,rg__pressure__raw,-0.005288110032630019,0.005288110032630019,788,high,rg__pressure__in__liq__high,-0.006141957200319776,0.006141957200319776,788,0.0008538471676897575,0.16146546918647128,0,0.002,0.15,30
mom3,vol_spike_5_20,fwd_3d,rg__mom3__raw,-0.00714430098886597,0.00714430098886597,785,low,rg__mom3__in__vol_spike_5_20__low,-0.006047043679514974,0.006047043679514974,778,-0.0010972573093509961,-0.15358497785961578,0,0.002,0.15,30
dist_high_20,rel_volume_20,fwd_1d,rg__dist_high_20__raw,-0.004420056825255552,0.004420056825255552,781,high,rg__dist_high_20__in__rel_volume_20__high,-0.0040327456236748495,0.0040327456236748495,781,-0.0003873112015807022,-0.0876258421113587,0,0.002,0.15,30
mom3,vol_spike_5_20,fwd_1d,rg__mom3__raw,-0.006981520892356545,0.006981520892356545,787,low,rg__mom3__in__vol_spike_5_20__low,-0.0032695507347551113,0.0032695507347551113,780,-0.003711970157601434,-0.5316850317147456,0,0.002,0.15,30
wick_imbalance,range_comp_5_20,fwd_2d,rg__wick_imbalance__raw,-0.013689998677941875,0.013689998677941875,789,high,rg__wick_imbalance__in__range_comp_5_20__high,-0.003235912948207008,0.003235912948207008,780,-0.010454085729734866,-0.7636294184465825,0,0.002,0.15,30


regime_variant_ic_table.csv

factor,regime,variant,feature_name,horizon,ic,abs_ic,n_days,dates_total,dates_too_small,dates_const_factor,dates_const_target,dates_ok
rev1,cs_liq_z,raw,rg__rev1__raw,fwd_1d,0.012619486387368912,0.012619486387368912,789,791,2,0,0,789
rev1,cs_liq_z,high,rg__rev1__in__cs_liq_z__high,fwd_1d,0.008981470664111778,0.008981470664111778,789,791,2,0,0,789
rev1,cs_liq_z,low,rg__rev1__in__cs_liq_z__low,fwd_1d,0.013816665456468905,0.013816665456468905,789,791,2,0,0,789
rev1,cs_liq_z,rank,rg__rev1__x__rank__cs_liq_z,fwd_1d,-0.002479563863802124,0.002479563863802124,789,791,2,0,0,789
rev1,cs_liq_z,z,rg__rev1__x__z__cs_liq_z,fwd_1d,-0.0022696896239865526,0.0022696896239865526,789,791,2,0,0,789
rev1,cs_liq_z,raw,rg__rev1__raw,fwd_2d,0.007807178112977213,0.007807178112977213,788,791,3,0,0,788
rev1,cs_liq_z,high,rg__rev1__in__cs_liq_z__high,fwd_2d,0.008694971786266633,0.008694971786266633,788,791,3,0,0,788
rev1,cs_liq_z,low,rg__rev1__in__cs_liq_z__low,fwd_2d,0.0056692534576944596,0.0056692534576944596,788,791,3,0,0,788
rev1,cs_liq_z,rank,rg__rev1__x__rank__cs_liq_z,fwd_2d,0.0013821415089568007,0.0013821415089568007,788,791,3,0,0,788
rev1,cs_liq_z,z,rg__rev1__x__z__cs_liq_z,fwd_2d,0.0018751569442873339,0.0018751569442873339,788,791,3,0,0,788
rev1,cs_liq_z,raw,rg__rev1__raw,fwd_3d,0.006424083355396502,0.006424083355396502,787,791,4,0,0,787
rev1,cs_liq_z,high,rg__rev1__in__cs_liq_z__high,fwd_3d,0.005323451506458282,0.005323451506458282,787,791,4,0,0,787
rev1,cs_liq_z,low,rg__rev1__in__cs_liq_z__low,fwd_3d,0.007454341996830512,0.007454341996830512,787,791,4,0,0,787
rev1,cs_liq_z,rank,rg__rev1__x__rank__cs_liq_z,fwd_3d,-0.003281031114870502,0.003281031114870502,787,791,4,0,0,787
rev1,cs_liq_z,z,rg__rev1__x__z__cs_liq_z,fwd_3d,-0.0027709189092246273,0.0027709189092246273,787,791,4,0,0,787
rev1,cs_liq_z,raw,rg__rev1__raw,fwd_5d,0.0076509231033088446,0.0076509231033088446,785,791,6,0,0,785
rev1,cs_liq_z,high,rg__rev1__in__cs_liq_z__high,fwd_5d,0.01068543077621509,0.01068543077621509,785,791,6,0,0,785
rev1,cs_liq_z,low,rg__rev1__in__cs_liq_z__low,fwd_5d,0.0016063844551561465,0.0016063844551561465,785,791,6,0,0,785
rev1,cs_liq_z,rank,rg__rev1__x__rank__cs_liq_z,fwd_5d,0.005390444077497008,0.005390444077497008,785,791,6,0,0,785
rev1,cs_liq_z,z,rg__rev1__x__z__cs_liq_z,fwd_5d,0.005460682159483084,0.005460682159483084,785,791,6,0,0,785
rev1,rel_volume_20,raw,rg__rev1__raw,fwd_1d,0.012619486387368912,0.012619486387368912,789,791,2,0,0,789
rev1,rel_volume_20,high,rg__rev1__in__rel_volume_20__high,fwd_1d,0.021130300261372713,0.021130300261372713,781,791,2,8,0,781
rev1,rel_volume_20,low,rg__rev1__in__rel_volume_20__low,fwd_1d,-0.002507810033797702,0.002507810033797702,781,791,2,8,0,781
rev1,rel_volume_20,rank,rg__rev1__x__rank__rel_volume_20,fwd_1d,0.017140534989955238,0.017140534989955238,781,791,10,0,0,781
rev1,rel_volume_20,z,rg__rev1__x__z__rel_volume_20,fwd_1d,0.018346472370734744,0.018346472370734744,781,791,10,0,0,781
rev1,rel_volume_20,raw,rg__rev1__raw,fwd_2d,0.007807178112977213,0.007807178112977213,788,791,3,0,0,788
rev1,rel_volume_20,high,rg__rev1__in__rel_volume_20__high,fwd_2d,0.018375436858486038,0.018375436858486038,780,791,3,8,0,780
rev1,rel_volume_20,low,rg__rev1__in__rel_volume_20__low,fwd_2d,-0.002617566902582818,0.002617566902582818,780,791,3,8,0,780
rev1,rel_volume_20,rank,rg__rev1__x__rank__rel_volume_20,fwd_2d,0.015913565601872966,0.015913565601872966,780,791,11,0,0,780
rev1,rel_volume_20,z,rg__rev1__x__z__rel_volume_20,fwd_2d,0.016599644914441245,0.016599644914441245,780,791,11,0,0,780
rev1,rel_volume_20,raw,rg__rev1__raw,fwd_3d,0.006424083355396502,0.006424083355396502,787,791,4,0,0,787
rev1,rel_volume_20,high,rg__rev1__in__rel_volume_20__high,fwd_3d,0.013353516131825257,0.013353516131825257,779,791,4,8,0,779
rev1,rel_volume_20,low,rg__rev1__in__rel_volume_20__low,fwd_3d,0.0005124431523801982,0.0005124431523801982,779,791,4,8,0,779
rev1,rel_volume_20,rank,rg__rev1__x__rank__rel_volume_20,fwd_3d,0.010981511724212448,0.010981511724212448,779,791,12,0,0,779
rev1,rel_volume_20,z,rg__rev1__x__z__rel_volume_20,fwd_3d,0.01201836460890516,0.01201836460890516,779,791,12,0,0,779
rev1,rel_volume_20,raw,rg__rev1__raw,fwd_5d,0.0076509231033088446,0.0076509231033088446,785,791,6,0,0,785
rev1,rel_volume_20,high,rg__rev1__in__rel_volume_20__high,fwd_5d,0.016668187421617086,0.016668187421617086,777,791,6,8,0,777
rev1,rel_volume_20,low,rg__rev1__in__rel_volume_20__low,fwd_5d,0.00028748792550503666,0.00028748792550503666,777,791,6,8,0,777
rev1,rel_volume_20,rank,rg__rev1__x__rank__rel_volume_20,fwd_5d,0.01247345859622915,0.01247345859622915,777,791,14,0,0,777
rev1,rel_volume_20,z,rg__rev1__x__z__rel_volume_20,fwd_5d,0.013951015816358126,0.013951015816358126,777,791,14,0,0,777
mom3,vol_spike_5_20,raw,rg__mom3__raw,fwd_1d,-0.006981520892356545,0.006981520892356545,787,791,4,0,0,787
mom3,vol_spike_5_20,high,rg__mom3__in__vol_spike_5_20__high,fwd_1d,-0.002308850269002989,0.002308850269002989,780,791,4,7,0,780
mom3,vol_spike_5_20,low,rg__mom3__in__vol_spike_5_20__low,fwd_1d,-0.0032695507347551113,0.0032695507347551113,780,791,4,7,0,780
mom3,vol_spike_5_20,rank,rg__mom3__x__rank__vol_spike_5_20,fwd_1d,0.001257797342434927,0.001257797342434927,780,791,11,0,0,780
mom3,vol_spike_5_20,z,rg__mom3__x__z__vol_spike_5_20,fwd_1d,0.0012185833957211744,0.0012185833957211744,780,791,11,0,0,780
mom3,vol_spike_5_20,raw,rg__mom3__raw,fwd_2d,-0.009076369412893423,0.009076369412893423,786,791,5,0,0,786
mom3,vol_spike_5_20,high,rg__mom3__in__vol_spike_5_20__high,fwd_2d,-0.009638038258613755,0.009638038258613755,779,791,5,7,0,779
mom3,vol_spike_5_20,low,rg__mom3__in__vol_spike_5_20__low,fwd_2d,-0.00581765710024894,0.00581765710024894,779,791,5,7,0,779
mom3,vol_spike_5_20,rank,rg__mom3__x__rank__vol_spike_5_20,fwd_2d,-0.0014653048465794957,0.0014653048465794957,779,791,12,0,0,779
mom3,vol_spike_5_20,z,rg__mom3__x__z__vol_spike_5_20,fwd_2d,-0.0012487783742764155,0.0012487783742764155,779,791,12,0,0,779
mom3,vol_spike_5_20,raw,rg__mom3__raw,fwd_3d,-0.00714430098886597,0.00714430098886597,785,791,6,0,0,785
mom3,vol_spike_5_20,high,rg__mom3__in__vol_spike_5_20__high,fwd_3d,-0.004774864716122636,0.004774864716122636,778,791,6,7,0,778
mom3,vol_spike_5_20,low,rg__mom3__in__vol_spike_5_20__low,fwd_3d,-0.006047043679514974,0.006047043679514974,778,791,6,7,0,778
mom3,vol_spike_5_20,rank,rg__mom3__x__rank__vol_spike_5_20,fwd_3d,-0.0003223506605743715,0.0003223506605743715,778,791,13,0,0,778
mom3,vol_spike_5_20,z,rg__mom3__x__z__vol_spike_5_20,fwd_3d,0.0003039421776298014,0.0003039421776298014,778,791,13,0,0,778
mom3,vol_spike_5_20,raw,rg__mom3__raw,fwd_5d,-0.007427624727891742,0.007427624727891742,783,791,8,0,0,783
mom3,vol_spike_5_20,high,rg__mom3__in__vol_spike_5_20__high,fwd_5d,-0.005728774170434183,0.005728774170434183,776,791,8,7,0,776
mom3,vol_spike_5_20,low,rg__mom3__in__vol_spike_5_20__low,fwd_5d,-0.009832485167429836,0.009832485167429836,776,791,8,7,0,776
mom3,vol_spike_5_20,rank,rg__mom3__x__rank__vol_spike_5_20,fwd_5d,0.001528374190659788,0.001528374190659788,776,791,15,0,0,776
mom3,vol_spike_5_20,z,rg__mom3__x__z__vol_spike_5_20,fwd_5d,0.0019389935604921698,0.0019389935604921698,776,791,15,0,0,776
gap_ret,rel_volume_20,raw,rg__gap_ret__raw,fwd_1d,-0.004847349429456879,0.004847349429456879,789,791,2,0,0,789
gap_ret,rel_volume_20,high,rg__gap_ret__in__rel_volume_20__high,fwd_1d,-0.011192574235130566,0.011192574235130566,781,791,2,8,0,781
gap_ret,rel_volume_20,low,rg__gap_ret__in__rel_volume_20__low,fwd_1d,0.003313693772809811,0.003313693772809811,781,791,2,8,0,781
gap_ret,rel_volume_20,rank,rg__gap_ret__x__rank__rel_volume_20,fwd_1d,-0.01194870370699918,0.01194870370699918,781,791,10,0,0,781
gap_ret,rel_volume_20,z,rg__gap_ret__x__z__rel_volume_20,fwd_1d,-0.012791858494644735,0.012791858494644735,781,791,10,0,0,781
gap_ret,rel_volume_20,raw,rg__gap_ret__raw,fwd_2d,0.007319688853102598,0.007319688853102598,788,791,3,0,0,788
gap_ret,rel_volume_20,high,rg__gap_ret__in__rel_volume_20__high,fwd_2d,-0.0010965993334804815,0.0010965993334804815,780,791,3,8,0,780
gap_ret,rel_volume_20,low,rg__gap_ret__in__rel_volume_20__low,fwd_2d,0.010055449177924537,0.010055449177924537,780,791,3,8,0,780
gap_ret,rel_volume_20,rank,rg__gap_ret__x__rank__rel_volume_20,fwd_2d,-0.009996139298414536,0.009996139298414536,780,791,11,0,0,780
gap_ret,rel_volume_20,z,rg__gap_ret__x__z__rel_volume_20,fwd_2d,-0.010282940413586931,0.010282940413586931,780,791,11,0,0,780
gap_ret,rel_volume_20,raw,rg__gap_ret__raw,fwd_3d,0.007782320457444867,0.007782320457444867,787,791,4,0,0,787
gap_ret,rel_volume_20,high,rg__gap_ret__in__rel_volume_20__high,fwd_3d,-0.0011591651942155449,0.0011591651942155449,779,791,4,8,0,779
gap_ret,rel_volume_20,low,rg__gap_ret__in__rel_volume_20__low,fwd_3d,0.00880258027390088,0.00880258027390088,779,791,4,8,0,779
gap_ret,rel_volume_20,rank,rg__gap_ret__x__rank__rel_volume_20,fwd_3d,-0.011211252339415301,0.011211252339415301,779,791,12,0,0,779
gap_ret,rel_volume_20,z,rg__gap_ret__x__z__rel_volume_20,fwd_3d,-0.011303381646037235,0.011303381646037235,779,791,12,0,0,779
gap_ret,rel_volume_20,raw,rg__gap_ret__raw,fwd_5d,-0.0003568105056386598,0.0003568105056386598,785,791,6,0,0,785
gap_ret,rel_volume_20,high,rg__gap_ret__in__rel_volume_20__high,fwd_5d,-0.002221618430454478,0.002221618430454478,777,791,6,8,0,777
gap_ret,rel_volume_20,low,rg__gap_ret__in__rel_volume_20__low,fwd_5d,0.0042767736997561786,0.0042767736997561786,777,791,6,8,0,777
gap_ret,rel_volume_20,rank,rg__gap_ret__x__rank__rel_volume_20,fwd_5d,-0.007653154722789786,0.007653154722789786,777,791,14,0,0,777
gap_ret,rel_volume_20,z,rg__gap_ret__x__z__rel_volume_20,fwd_5d,-0.007976584460826153,0.007976584460826153,777,791,14,0,0,777
pressure,liq,raw,rg__pressure__raw,fwd_1d,-0.00664225579258586,0.00664225579258586,790,791,1,0,0,790
pressure,liq,high,rg__pressure__in__liq__high,fwd_1d,-0.007651662222358658,0.007651662222358658,790,791,1,0,0,790
pressure,liq,low,rg__pressure__in__liq__low,fwd_1d,-0.009986822707937194,0.009986822707937194,790,791,1,0,0,790
pressure,liq,rank,rg__pressure__x__rank__liq,fwd_1d,0.0042613934518117395,0.0042613934518117395,790,791,1,0,0,790
pressure,liq,z,rg__pressure__x__z__liq,fwd_1d,0.003179027549817204,0.003179027549817204,790,791,1,0,0,790
pressure,liq,raw,rg__pressure__raw,fwd_2d,-0.005127560964826071,0.005127560964826071,789,791,2,0,0,789
pressure,liq,high,rg__pressure__in__liq__high,fwd_2d,-0.010480668728153633,0.010480668728153633,789,791,2,0,0,789
pressure,liq,low,rg__pressure__in__liq__low,fwd_2d,-0.001195498909290798,0.001195498909290798,789,791,2,0,0,789
pressure,liq,rank,rg__pressure__x__rank__liq,fwd_2d,-0.004473510601360465,0.004473510601360465,789,791,2,0,0,789
pressure,liq,z,rg__pressure__x__z__liq,fwd_2d,-0.004992899623059678,0.004992899623059678,789,791,2,0,0,789
pressure,liq,raw,rg__pressure__raw,fwd_3d,-0.005288110032630019,0.005288110032630019,788,791,3,0,0,788
pressure,liq,high,rg__pressure__in__liq__high,fwd_3d,-0.006141957200319776,0.006141957200319776,788,791,3,0,0,788
pressure,liq,low,rg__pressure__in__liq__low,fwd_3d,-0.0035126422753076064,0.0035126422753076064,788,791,3,0,0,788
pressure,liq,rank,rg__pressure__x__rank__liq,fwd_3d,0.0010491174784348458,0.0010491174784348458,788,791,3,0,0,788
pressure,liq,z,rg__pressure__x__z__liq,fwd_3d,0.0002576567024062362,0.0002576567024062362,788,791,3,0,0,788
pressure,liq,raw,rg__pressure__raw,fwd_5d,-0.002756084242287969,0.002756084242287969,786,791,5,0,0,786
pressure,liq,high,rg__pressure__in__liq__high,fwd_5d,-0.008174245072504346,0.008174245072504346,786,791,5,0,0,786
pressure,liq,low,rg__pressure__in__liq__low,fwd_5d,0.004308555153389385,0.004308555153389385,786,791,5,0,0,786
pressure,liq,rank,rg__pressure__x__rank__liq,fwd_5d,-0.005888668110273737,0.005888668110273737,786,791,5,0,0,786
pressure,liq,z,rg__pressure__x__z__liq,fwd_5d,-0.0063378732526126365,0.0063378732526126365,786,791,5,0,0,786
wick_imbalance,range_comp_5_20,raw,rg__wick_imbalance__raw,fwd_1d,-0.018049048912827576,0.018049048912827576,790,791,1,0,0,790
wick_imbalance,range_comp_5_20,high,rg__wick_imbalance__in__range_comp_5_20__high,fwd_1d,-0.00302444794548772,0.00302444794548772,781,791,1,9,0,781
wick_imbalance,range_comp_5_20,low,rg__wick_imbalance__in__range_comp_5_20__low,fwd_1d,-0.018495594050790064,0.018495594050790064,781,791,1,9,0,781
wick_imbalance,range_comp_5_20,rank,rg__wick_imbalance__x__rank__range_comp_5_20,fwd_1d,0.011397636244148633,0.011397636244148633,781,791,10,0,0,781
wick_imbalance,range_comp_5_20,z,rg__wick_imbalance__x__z__range_comp_5_20,fwd_1d,0.011152316912420013,0.011152316912420013,781,791,10,0,0,781
wick_imbalance,range_comp_5_20,raw,rg__wick_imbalance__raw,fwd_2d,-0.013689998677941875,0.013689998677941875,789,791,2,0,0,789
wick_imbalance,range_comp_5_20,high,rg__wick_imbalance__in__range_comp_5_20__high,fwd_2d,-0.003235912948207008,0.003235912948207008,780,791,2,9,0,780
wick_imbalance,range_comp_5_20,low,rg__wick_imbalance__in__range_comp_5_20__low,fwd_2d,-0.0031917458325778523,0.0031917458325778523,780,791,2,9,0,780
wick_imbalance,range_comp_5_20,rank,rg__wick_imbalance__x__rank__range_comp_5_20,fwd_2d,0.0004359643874927773,0.0004359643874927773,780,791,11,0,0,780
wick_imbalance,range_comp_5_20,z,rg__wick_imbalance__x__z__range_comp_5_20,fwd_2d,0.0005292245721816361,0.0005292245721816361,780,791,11,0,0,780
wick_imbalance,range_comp_5_20,raw,rg__wick_imbalance__raw,fwd_3d,-0.014016492599706025,0.014016492599706025,788,791,3,0,0,788
wick_imbalance,range_comp_5_20,high,rg__wick_imbalance__in__range_comp_5_20__high,fwd_3d,-0.00012027170366763778,0.00012027170366763778,779,791,3,9,0,779
wick_imbalance,range_comp_5_20,low,rg__wick_imbalance__in__range_comp_5_20__low,fwd_3d,-0.007077842604694926,0.007077842604694926,779,791,3,9,0,779
wick_imbalance,range_comp_5_20,rank,rg__wick_imbalance__x__rank__range_comp_5_20,fwd_3d,0.0041588407781995105,0.0041588407781995105,779,791,12,0,0,779
wick_imbalance,range_comp_5_20,z,rg__wick_imbalance__x__z__range_comp_5_20,fwd_3d,0.004697429592245,0.004697429592245,779,791,12,0,0,779
wick_imbalance,range_comp_5_20,raw,rg__wick_imbalance__raw,fwd_5d,-0.011326569805622199,0.011326569805622199,786,791,5,0,0,786
wick_imbalance,range_comp_5_20,high,rg__wick_imbalance__in__range_comp_5_20__high,fwd_5d,-0.003183559105389226,0.003183559105389226,777,791,5,9,0,777
wick_imbalance,range_comp_5_20,low,rg__wick_imbalance__in__range_comp_5_20__low,fwd_5d,-0.007228356401848256,0.007228356401848256,777,791,5,9,0,777
wick_imbalance,range_comp_5_20,rank,rg__wick_imbalance__x__rank__range_comp_5_20,fwd_5d,0.005053536474554723,0.005053536474554723,777,791,14,0,0,777
wick_imbalance,range_comp_5_20,z,rg__wick_imbalance__x__z__range_comp_5_20,fwd_5d,0.005099709009643314,0.005099709009643314,777,791,14,0,0,777
dist_high_20,rel_volume_20,raw,rg__dist_high_20__raw,fwd_1d,-0.004420056825255552,0.004420056825255552,781,791,10,0,0,781
dist_high_20,rel_volume_20,high,rg__dist_high_20__in__rel_volume_20__high,fwd_1d,-0.0040327456236748495,0.0040327456236748495,781,791,10,0,0,781
dist_high_20,rel_volume_20,low,rg__dist_high_20__in__rel_volume_20__low,fwd_1d,-0.001044772868706366,0.001044772868706366,781,791,10,0,0,781
dist_high_20,rel_volume_20,rank,rg__dist_high_20__x__rank__rel_volume_20,fwd_1d,-0.0013205968704810898,0.0013205968704810898,781,791,10,0,0,781
dist_high_20,rel_volume_20,z,rg__dist_high_20__x__z__rel_volume_20,fwd_1d,-0.000657061939076458,0.000657061939076458,781,791,10,0,0,781
dist_high_20,rel_volume_20,raw,rg__dist_high_20__raw,fwd_2d,-0.010393398804166959,0.010393398804166959,780,791,11,0,0,780
dist_high_20,rel_volume_20,high,rg__dist_high_20__in__rel_volume_20__high,fwd_2d,-0.009104885877200156,0.009104885877200156,780,791,11,0,0,780
dist_high_20,rel_volume_20,low,rg__dist_high_20__in__rel_volume_20__low,fwd_2d,-0.0027906753178277527,0.0027906753178277527,780,791,11,0,0,780
dist_high_20,rel_volume_20,rank,rg__dist_high_20__x__rank__rel_volume_20,fwd_2d,-0.0035354120671245593,0.0035354120671245593,780,791,11,0,0,780
dist_high_20,rel_volume_20,z,rg__dist_high_20__x__z__rel_volume_20,fwd_2d,-0.0036437715586729942,0.0036437715586729942,780,791,11,0,0,780
dist_high_20,rel_volume_20,raw,rg__dist_high_20__raw,fwd_3d,-0.01115063127616999,0.01115063127616999,779,791,12,0,0,779
dist_high_20,rel_volume_20,high,rg__dist_high_20__in__rel_volume_20__high,fwd_3d,-0.006610364223948365,0.006610364223948365,779,791,12,0,0,779
dist_high_20,rel_volume_20,low,rg__dist_high_20__in__rel_volume_20__low,fwd_3d,-0.000753421849440095,0.000753421849440095,779,791,12,0,0,779
dist_high_20,rel_volume_20,rank,rg__dist_high_20__x__rank__rel_volume_20,fwd_3d,-0.0027037418959291997,0.0027037418959291997,779,791,12,0,0,779
dist_high_20,rel_volume_20,z,rg__dist_high_20__x__z__rel_volume_20,fwd_3d,-0.0026142913806428843,0.0026142913806428843,779,791,12,0,0,779
dist_high_20,rel_volume_20,raw,rg__dist_high_20__raw,fwd_5d,-0.012015496677228055,0.012015496677228055,777,791,14,0,0,777
dist_high_20,rel_volume_20,high,rg__dist_high_20__in__rel_volume_20__high,fwd_5d,-0.00675362223356616,0.00675362223356616,777,791,14,0,0,777
dist_high_20,rel_volume_20,low,rg__dist_high_20__in__rel_volume_20__low,fwd_5d,-0.0009113826634395473,0.0009113826634395473,777,791,14,0,0,777
dist_high_20,rel_volume_20,rank,rg__dist_high_20__x__rank__rel_volume_20,fwd_5d,-0.0033427760161199743,0.0033427760161199743,777,791,14,0,0,777
dist_high_20,rel_volume_20,z,rg__dist_high_20__x__z__rel_volume_20,fwd_5d,-0.0036682412554107425,0.0036682412554107425,777,791,14,0,0,777
dist_low_20,rel_volume_20,raw,rg__dist_low_20__raw,fwd_1d,-0.0005112721057633115,0.0005112721057633115,781,791,10,0,0,781
dist_low_20,rel_volume_20,high,rg__dist_low_20__in__rel_volume_20__high,fwd_1d,-0.008990687474910872,0.008990687474910872,781,791,10,0,0,781
dist_low_20,rel_volume_20,low,rg__dist_low_20__in__rel_volume_20__low,fwd_1d,0.004623889227561727,0.004623889227561727,781,791,10,0,0,781
dist_low_20,rel_volume_20,rank,rg__dist_low_20__x__rank__rel_volume_20,fwd_1d,-0.008809190048266755,0.008809190048266755,781,791,10,0,0,781
dist_low_20,rel_volume_20,z,rg__dist_low_20__x__z__rel_volume_20,fwd_1d,-0.009358403115265593,0.009358403115265593,781,791,10,0,0,781
dist_low_20,rel_volume_20,raw,rg__dist_low_20__raw,fwd_2d,0.006969295681612564,0.006969295681612564,780,791,11,0,0,780
dist_low_20,rel_volume_20,high,rg__dist_low_20__in__rel_volume_20__high,fwd_2d,-0.0040567368372075845,0.0040567368372075845,780,791,11,0,0,780
dist_low_20,rel_volume_20,low,rg__dist_low_20__in__rel_volume_20__low,fwd_2d,0.0034157015100069917,0.0034157015100069917,780,791,11,0,0,780
dist_low_20,rel_volume_20,rank,rg__dist_low_20__x__rank__rel_volume_20,fwd_2d,-0.006571562928412281,0.006571562928412281,780,791,11,0,0,780
dist_low_20,rel_volume_20,z,rg__dist_low_20__x__z__rel_volume_20,fwd_2d,-0.00664965961375528,0.00664965961375528,780,791,11,0,0,780
dist_low_20,rel_volume_20,raw,rg__dist_low_20__raw,fwd_3d,0.007645320535384123,0.007645320535384123,779,791,12,0,0,779
dist_low_20,rel_volume_20,high,rg__dist_low_20__in__rel_volume_20__high,fwd_3d,-0.0043369521968128575,0.0043369521968128575,779,791,12,0,0,779
dist_low_20,rel_volume_20,low,rg__dist_low_20__in__rel_volume_20__low,fwd_3d,0.007733720966846946,0.007733720966846946,779,791,12,0,0,779
dist_low_20,rel_volume_20,rank,rg__dist_low_20__x__rank__rel_volume_20,fwd_3d,-0.010982668196824596,0.010982668196824596,779,791,12,0,0,779
dist_low_20,rel_volume_20,z,rg__dist_low_20__x__z__rel_volume_20,fwd_3d,-0.010695492097480462,0.010695492097480462,779,791,12,0,0,779
dist_low_20,rel_volume_20,raw,rg__dist_low_20__raw,fwd_5d,0.011696393400472481,0.011696393400472481,777,791,14,0,0,777
dist_low_20,rel_volume_20,high,rg__dist_low_20__in__rel_volume_20__high,fwd_5d,-0.002573506611755231,0.002573506611755231,777,791,14,0,0,777
dist_low_20,rel_volume_20,low,rg__dist_low_20__in__rel_volume_20__low,fwd_5d,0.010414511219836223,0.010414511219836223,777,791,14,0,0,777
dist_low_20,rel_volume_20,rank,rg__dist_low_20__x__rank__rel_volume_20,fwd_5d,-0.011149013988000925,0.011149013988000925,777,791,14,0,0,777
dist_low_20,rel_volume_20,z,rg__dist_low_20__x__z__rel_volume_20,fwd_5d,-0.011418362666063376,0.011418362666063376,777,791,14,0,0,777





-------------------------------


