PS C:\Users\Dmytro Govor\Documents\Python-Edge> python .\scripts\run_broker_adapter_ibkr.py
[CFG] ib_host=127.0.0.1 ib_port=4002 ib_client_id=54
[CFG] ib_exchange=SMART ib_order_type=LMT ib_outside_rth=1
[CFG] ib_lmt_price_buy_bps=10.0 ib_lmt_price_sell_bps=10.0 ib_lmt_price_min_abs=0.01 retry_202_enabled=1 retry_202_max_retries=2 retry_202_clip_ticks=2 retry_202_buy_steps=[7.0, 5.0, 3.0] retry_202_sell_steps=[7.0, 5.0, 3.0]
[CFG] poll_after_submit=1 poll_attempts=6 poll_sleep_sec=1.5 final_status_poll_enabled=1 final_status_poll_attempts=20 final_status_poll_sleep_sec=3.0
[CFG] working_order_policy=carry working_order_ttl_sec=0.0 working_cancel_poll_attempts=10 working_cancel_poll_sleep_sec=1.5
[IB] connecting host=127.0.0.1 port=4002 client_id=54
[IB] openOrderEnd
[IB] managedAccounts=DUP561175
[IB] nextValidId=12
[IB] connected next_valid_id=12 managed_accounts=DUP561175
[IB][ERROR] reqId=-1 code=2104 msg=Market data farm connection is OK:usfarm
[IB][ERROR] reqId=-1 code=2107 msg=HMDS data farm connection is inactive but should be available upon demand.ushmds
[IB][ERROR] reqId=-1 code=2158 msg=Sec-def data farm connection is OK:secdefil
[IB] openOrderEnd
[IB] initial positions refresh skipped by config
[BROKER][optimal] orders=artifacts\execution_loop\optimal\orders.csv
[IB] openOrderEnd
[BROKER][POLL][after_submit] ib_order_id=12 poll=1/6 status=filled outcome=filled_now filled_qty=1.00000000 remaining_qty=0.00000000
[IB] openOrderEnd
[BROKER][POLL][final_status] ib_order_id=12 poll=1/20 status=filled outcome=filled_now filled_qty=1.00000000 remaining_qty=0.00000000
[BROKER][optimal][SEND] symbol=AAPL broker_symbol=AAPL side=BUY qty=1.00000000 status=filled outcome=filled_now ib_order_id=12 order_type=LMT outside_rth=1 price_hint=248.6300 raw_limit_price=248.8786 rounded_limit_price=248.8800 min_tick=0.010000 retry_count_202=0 retry_mode_202=base_bps
[IB] openOrderEnd
[BROKER][POLL][after_submit] ib_order_id=13 poll=1/6 status=submitted outcome=working filled_qty=0.00000000 remaining_qty=1.00000000
[IB] openOrderEnd
[BROKER][POLL][after_submit] ib_order_id=13 poll=2/6 status=submitted outcome=working filled_qty=0.00000000 remaining_qty=1.00000000
[IB] openOrderEnd
[BROKER][POLL][after_submit] ib_order_id=13 poll=3/6 status=submitted outcome=working filled_qty=0.00000000 remaining_qty=1.00000000
[IB] openOrderEnd
[BROKER][POLL][after_submit] ib_order_id=13 poll=4/6 status=submitted outcome=working filled_qty=0.00000000 remaining_qty=1.00000000
[IB] openOrderEnd
[BROKER][POLL][after_submit] ib_order_id=13 poll=5/6 status=submitted outcome=working filled_qty=0.00000000 remaining_qty=1.00000000
[IB] openOrderEnd
[BROKER][POLL][after_submit] ib_order_id=13 poll=6/6 status=submitted outcome=working filled_qty=0.00000000 remaining_qty=1.00000000
[IB] openOrderEnd
[BROKER][POLL][final_status] ib_order_id=13 poll=1/20 status=submitted outcome=working filled_qty=0.00000000 remaining_qty=1.00000000
[IB] openOrderEnd
[BROKER][POLL][final_status] ib_order_id=13 poll=2/20 status=submitted outcome=working filled_qty=0.00000000 remaining_qty=1.00000000
[IB] openOrderEnd
[BROKER][POLL][final_status] ib_order_id=13 poll=3/20 status=submitted outcome=working filled_qty=0.00000000 remaining_qty=1.00000000
[IB] openOrderEnd
[BROKER][POLL][final_status] ib_order_id=13 poll=4/20 status=submitted outcome=working filled_qty=0.00000000 remaining_qty=1.00000000
[IB] openOrderEnd
[BROKER][POLL][final_status] ib_order_id=13 poll=5/20 status=submitted outcome=working filled_qty=0.00000000 remaining_qty=1.00000000
[IB] openOrderEnd
[BROKER][POLL][final_status] ib_order_id=13 poll=6/20 status=submitted outcome=working filled_qty=0.00000000 remaining_qty=1.00000000
[IB] openOrderEnd
[BROKER][POLL][final_status] ib_order_id=13 poll=7/20 status=submitted outcome=working filled_qty=0.00000000 remaining_qty=1.00000000
[IB] openOrderEnd
[BROKER][POLL][final_status] ib_order_id=13 poll=8/20 status=submitted outcome=working filled_qty=0.00000000 remaining_qty=1.00000000
[IB] openOrderEnd
[BROKER][POLL][final_status] ib_order_id=13 poll=9/20 status=submitted outcome=working filled_qty=0.00000000 remaining_qty=1.00000000
[IB] openOrderEnd
[BROKER][POLL][final_status] ib_order_id=13 poll=10/20 status=submitted outcome=working filled_qty=0.00000000 remaining_qty=1.00000000
[IB] openOrderEnd
[BROKER][POLL][final_status] ib_order_id=13 poll=11/20 status=submitted outcome=working filled_qty=0.00000000 remaining_qty=1.00000000
[IB] openOrderEnd
[BROKER][POLL][final_status] ib_order_id=13 poll=12/20 status=submitted outcome=working filled_qty=0.00000000 remaining_qty=1.00000000
[IB] openOrderEnd
[BROKER][POLL][final_status] ib_order_id=13 poll=13/20 status=submitted outcome=working filled_qty=0.00000000 remaining_qty=1.00000000
[IB] openOrderEnd
[BROKER][POLL][final_status] ib_order_id=13 poll=14/20 status=submitted outcome=working filled_qty=0.00000000 remaining_qty=1.00000000
[IB] openOrderEnd
[BROKER][POLL][final_status] ib_order_id=13 poll=15/20 status=submitted outcome=working filled_qty=0.00000000 remaining_qty=1.00000000
[IB] openOrderEnd
[BROKER][POLL][final_status] ib_order_id=13 poll=16/20 status=submitted outcome=working filled_qty=0.00000000 remaining_qty=1.00000000
[IB] openOrderEnd
[BROKER][POLL][final_status] ib_order_id=13 poll=17/20 status=submitted outcome=working filled_qty=0.00000000 remaining_qty=1.00000000
[IB] openOrderEnd
[BROKER][POLL][final_status] ib_order_id=13 poll=18/20 status=submitted outcome=working filled_qty=0.00000000 remaining_qty=1.00000000
[IB] openOrderEnd
[BROKER][POLL][final_status] ib_order_id=13 poll=19/20 status=submitted outcome=working filled_qty=0.00000000 remaining_qty=1.00000000
[IB] openOrderEnd
[BROKER][POLL][final_status] ib_order_id=13 poll=20/20 status=submitted outcome=working filled_qty=0.00000000 remaining_qty=1.00000000
[BROKER][WORKING_POLICY] ib_order_id=13 policy=carry decision=keep_working
[BROKER][optimal][SEND] symbol=MSFT broker_symbol=MSFT side=BUY qty=1.00000000 status=submitted outcome=working_carry ib_order_id=13 order_type=LMT outside_rth=1 price_hint=363.6900 raw_limit_price=364.0537 rounded_limit_price=364.0600 min_tick=0.010000 retry_count_202=0 retry_mode_202=base_bps
[IB] openOrderEnd
[BROKER][POLL][after_submit] ib_order_id=14 poll=1/6 status=filled outcome=filled_now filled_qty=1.00000000 remaining_qty=0.00000000
[IB] openOrderEnd
[BROKER][POLL][final_status] ib_order_id=14 poll=1/20 status=filled outcome=filled_now filled_qty=1.00000000 remaining_qty=0.00000000
[BROKER][optimal][SEND] symbol=NVDA broker_symbol=NVDA side=SELL qty=1.00000000 status=filled outcome=filled_now ib_order_id=14 order_type=LMT outside_rth=1 price_hint=167.1000 raw_limit_price=166.9329 rounded_limit_price=166.9300 min_tick=0.010000 retry_count_202=0 retry_mode_202=base_bps
[IB] openOrderEnd
[BROKER][POLL][after_submit] ib_order_id=15 poll=1/6 status=filled outcome=filled_now filled_qty=1.00000000 remaining_qty=0.00000000
[IB] openOrderEnd
[BROKER][POLL][final_status] ib_order_id=15 poll=1/20 status=filled outcome=filled_now filled_qty=1.00000000 remaining_qty=0.00000000
[BROKER][optimal][SEND] symbol=AMZN broker_symbol=AMZN side=SELL qty=1.00000000 status=filled outcome=filled_now ib_order_id=15 order_type=LMT outside_rth=1 price_hint=203.0100 raw_limit_price=202.8070 rounded_limit_price=202.8000 min_tick=0.010000 retry_count_202=0 retry_mode_202=base_bps
[BROKER][optimal][SUMMARY] sent=4 duplicate_skipped=0 errors=0 retry_202=0 filled_now=3 partial=0 working=0 working_carry=1 cancelled_after_ttl=0 failed=0 unknown=0 fills_csv=artifacts\execution_loop\optimal\fills.csv broker_log_json=artifacts\execution_loop\optimal\broker_log.json
[BROKER][aggressive] orders=artifacts\execution_loop\aggressive\orders.csv
[IB] openOrderEnd
[BROKER][POLL][after_submit] ib_order_id=16 poll=1/6 status=filled outcome=filled_now filled_qty=37.00000000 remaining_qty=0.00000000
[IB] openOrderEnd
[BROKER][POLL][final_status] ib_order_id=16 poll=1/20 status=filled outcome=filled_now filled_qty=37.00000000 remaining_qty=0.00000000
[BROKER][aggressive][SEND] symbol=HOOD broker_symbol=HOOD side=SELL qty=37.00000000 status=filled outcome=filled_now ib_order_id=16 order_type=LMT outside_rth=1 price_hint=66.3500 raw_limit_price=66.2836 rounded_limit_price=66.2800 min_tick=0.010000 retry_count_202=0 retry_mode_202=base_bps
[IB] openOrderEnd
[BROKER][POLL][after_submit] ib_order_id=17 poll=1/6 status=filled outcome=filled_now filled_qty=16.00000000 remaining_qty=0.00000000
[IB] openOrderEnd
[BROKER][POLL][final_status] ib_order_id=17 poll=1/20 status=filled outcome=filled_now filled_qty=16.00000000 remaining_qty=0.00000000
[BROKER][aggressive][SEND] symbol=CRCL broker_symbol=CRCL side=SELL qty=16.00000000 status=filled outcome=filled_now ib_order_id=17 order_type=LMT outside_rth=1 price_hint=91.0100 raw_limit_price=90.9190 rounded_limit_price=90.9100 min_tick=0.010000 retry_count_202=0 retry_mode_202=base_bps
[IB][ERROR] reqId=18 code=202 msg=Order Canceled - reason:We cannot accept an order at a limit price at or more aggressive than 104.164792. Please submit your order <br>using a limit price that is closer to the current market price of 107.32.
[IB] openOrderEnd
[BROKER][POLL][after_submit] ib_order_id=18 poll=1/6 status=cancelled outcome=failed filled_qty=0.00000000 remaining_qty=16.00000000
[BROKER][aggressive][RETRY_202_CLIP] symbol=NEM side=SELL qty=16.00000000 attempt=1/2 code=202 raw_limit_price=104.1557 rounded_limit_price=104.1500 next_raw_limit_price=107.2900 next_rounded_limit_price=107.2900 min_tick=0.010000
[IB] openOrderEnd
[BROKER][POLL][after_submit] ib_order_id=19 poll=1/6 status=filled outcome=filled_now filled_qty=16.00000000 remaining_qty=0.00000000
[IB] openOrderEnd
[BROKER][POLL][final_status] ib_order_id=19 poll=1/20 status=filled outcome=filled_now filled_qty=16.00000000 remaining_qty=0.00000000
[BROKER][aggressive][SEND] symbol=NEM broker_symbol=NEM side=SELL qty=16.00000000 status=filled outcome=filled_now ib_order_id=19 order_type=LMT outside_rth=1 price_hint=107.2900 raw_limit_price=107.2149 rounded_limit_price=107.2100 min_tick=0.010000 retry_count_202=1 retry_mode_202=bps_fallback
[IB] openOrderEnd
[BROKER][POLL][after_submit] ib_order_id=20 poll=1/6 status=filled outcome=filled_now filled_qty=25.00000000 remaining_qty=0.00000000
[IB] openOrderEnd
[BROKER][POLL][final_status] ib_order_id=20 poll=1/20 status=filled outcome=filled_now filled_qty=25.00000000 remaining_qty=0.00000000
[BROKER][aggressive][SEND] symbol=INTC broker_symbol=INTC side=SELL qty=25.00000000 status=filled outcome=filled_now ib_order_id=20 order_type=LMT outside_rth=1 price_hint=41.7700 raw_limit_price=41.7282 rounded_limit_price=41.7200 min_tick=0.010000 retry_count_202=0 retry_mode_202=base_bps
[IB][ERROR] reqId=21 code=202 msg=Order Canceled - reason:We cannot accept an order at a limit price at or more aggressive than 59.167776. Please submit your order <br>using a limit price that is closer to the current market price of 60.96.
[IB] openOrderEnd
[BROKER][POLL][after_submit] ib_order_id=21 poll=1/6 status=cancelled outcome=failed filled_qty=0.00000000 remaining_qty=6.00000000
[BROKER][aggressive][RETRY_202_CLIP] symbol=RKLB side=SELL qty=6.00000000 attempt=1/2 code=202 raw_limit_price=58.8411 rounded_limit_price=58.8400 next_raw_limit_price=60.9300 next_rounded_limit_price=60.9300 min_tick=0.010000
[IB] openOrderEnd
[BROKER][POLL][after_submit] ib_order_id=22 poll=1/6 status=filled outcome=filled_now filled_qty=6.00000000 remaining_qty=0.00000000
[IB] openOrderEnd
[BROKER][POLL][final_status] ib_order_id=22 poll=1/20 status=filled outcome=filled_now filled_qty=6.00000000 remaining_qty=0.00000000
[BROKER][aggressive][SEND] symbol=RKLB broker_symbol=RKLB side=SELL qty=6.00000000 status=filled outcome=filled_now ib_order_id=22 order_type=LMT outside_rth=1 price_hint=60.9300 raw_limit_price=60.8873 rounded_limit_price=60.8800 min_tick=0.010000 retry_count_202=1 retry_mode_202=bps_fallback
[IB] openOrderEnd
[BROKER][POLL][after_submit] ib_order_id=23 poll=1/6 status=filled outcome=filled_now filled_qty=3.00000000 remaining_qty=0.00000000
[IB] openOrderEnd
[BROKER][POLL][final_status] ib_order_id=23 poll=1/20 status=filled outcome=filled_now filled_qty=3.00000000 remaining_qty=0.00000000
[BROKER][aggressive][SEND] symbol=SHOP broker_symbol=SHOP side=SELL qty=3.00000000 status=filled outcome=filled_now ib_order_id=23 order_type=LMT outside_rth=1 price_hint=112.0500 raw_limit_price=111.9380 rounded_limit_price=111.9300 min_tick=0.010000 retry_count_202=0 retry_mode_202=base_bps
[BROKER][aggressive][SUMMARY] sent=6 duplicate_skipped=0 errors=0 retry_202=2 filled_now=6 partial=0 working=0 working_carry=0 cancelled_after_ttl=0 failed=0 unknown=0 fills_csv=artifacts\execution_loop\aggressive\fills.csv broker_log_json=artifacts\execution_loop\aggressive\broker_log.json
[FINAL] IBKR broker adapter complete

[EXIT] code=0







{
  "broker_account_id": "DUP561175",
  "broker_name": "MEXEM",
  "broker_platform": "IBKR",
  "config": "aggressive",
  "created_at_utc": "2026-03-31T14:22:55Z",
  "orders": {
    "108865cc071753f36e3d643b5aca257158ef885eaa41d4afe2c31dc17178ab3f": {
      "broker_order_id": "19",
      "broker_symbol": "NEM",
      "client_order_id": "pe-108865cc071753f36e3d643b",
      "config": "aggressive",
      "date": "2026-03-25",
      "fill_notional": 1717.44,
      "filled_at": "2026-03-31T14:23:14Z",
      "filled_avg_price": 107.34,
      "filled_qty": 16.0,
      "mode": "ibkr_gateway",
      "order_notional": 1668.16,
      "perm_id": 1399575796,
      "qty": 16.0,
      "remaining_qty": 0.0,
      "request": {
        "account": "DUP561175",
        "buy_bps_used": 7.0,
        "client_id": 54,
        "host": "127.0.0.1",
        "min_tick": 0.01,
        "order_notional": 1668.16,
        "order_type": "LMT",
        "outside_rth": 1,
        "port": 4002,
        "price_hint": 107.29,
        "qty": 16.0,
        "raw_limit_price": 107.21489700000001,
        "retry_count_202": 1,
        "retry_mode_202": "bps_fallback",
        "rounded_limit_price": 107.21,
        "sell_bps_used": 7.0,
        "tif": "DAY",
        "working_order_policy": "carry",
        "working_order_ttl_sec": 0.0
      },
      "response": {
        "avg_fill_price": 107.34,
        "fills": [],
        "ib_order_id": 19,
        "last_fill_price": 107.34,
        "outcome": "filled_now",
        "perm_id": 1399575796,
        "status": "Filled"
      },
      "side": "SELL",
      "source_order_path": "artifacts\\execution_loop\\aggressive\\orders.csv",
      "status": "filled",
      "submitted_at": "2026-03-31T14:23:09Z",
      "symbol": "NEM",
      "updated_at_utc": "2026-03-31T14:23:14Z"
    },
    "3b8ae1045614c9f78fec99465408e6ef211eb170720d1dc5299a954775641284": {
      "broker_order_id": "23",
      "broker_symbol": "SHOP",
      "client_order_id": "pe-3b8ae1045614c9f78fec9946",
      "config": "aggressive",
      "date": "2026-03-25",
      "fill_notional": 346.23,
      "filled_at": "2026-03-31T14:23:33Z",
      "filled_avg_price": 115.41,
      "filled_qty": 3.0,
      "mode": "ibkr_gateway",
      "order_notional": 336.15,
      "perm_id": 1399575800,
      "qty": 3.0,
      "remaining_qty": 0.0,
      "request": {
        "account": "DUP561175",
        "buy_bps_used": 10.0,
        "client_id": 54,
        "host": "127.0.0.1",
        "min_tick": 0.01,
        "order_notional": 336.15,
        "order_type": "LMT",
        "outside_rth": 1,
        "port": 4002,
        "price_hint": 112.05,
        "qty": 3.0,
        "raw_limit_price": 111.93795,
        "retry_count_202": 0,
        "retry_mode_202": "base_bps",
        "rounded_limit_price": 111.93,
        "sell_bps_used": 10.0,
        "tif": "DAY",
        "working_order_policy": "carry",
        "working_order_ttl_sec": 0.0
      },
      "response": {
        "avg_fill_price": 115.41,
        "fills": [],
        "ib_order_id": 23,
        "last_fill_price": 115.41,
        "outcome": "filled_now",
        "perm_id": 1399575800,
        "status": "Filled"
      },
      "side": "SELL",
      "source_order_path": "artifacts\\execution_loop\\aggressive\\orders.csv",
      "status": "filled",
      "submitted_at": "2026-03-31T14:23:28Z",
      "symbol": "SHOP",
      "updated_at_utc": "2026-03-31T14:23:33Z"
    },
    "7faf99a7d99d59b5f4c91edc5c0f7730a347b1183c72c1c1de56accbf08d45a6": {
      "broker_order_id": "17",
      "broker_symbol": "CRCL",
      "client_order_id": "pe-7faf99a7d99d59b5f4c91edc",
      "config": "aggressive",
      "date": "2026-03-25",
      "fill_notional": 1479.2,
      "filled_at": "2026-03-31T14:23:06Z",
      "filled_avg_price": 92.45,
      "filled_qty": 16.0,
      "mode": "ibkr_gateway",
      "order_notional": 1456.16,
      "perm_id": 1399575794,
      "qty": 16.0,
      "remaining_qty": 0.0,
      "request": {
        "account": "DUP561175",
        "buy_bps_used": 10.0,
        "client_id": 54,
        "host": "127.0.0.1",
        "min_tick": 0.01,
        "order_notional": 1456.16,
        "order_type": "LMT",
        "outside_rth": 1,
        "port": 4002,
        "price_hint": 91.01,
        "qty": 16.0,
        "raw_limit_price": 90.91899000000001,
        "retry_count_202": 0,
        "retry_mode_202": "base_bps",
        "rounded_limit_price": 90.91,
        "sell_bps_used": 10.0,
        "tif": "DAY",
        "working_order_policy": "carry",
        "working_order_ttl_sec": 0.0
      },
      "response": {
        "avg_fill_price": 92.45,
        "fills": [],
        "ib_order_id": 17,
        "last_fill_price": 92.45,
        "outcome": "filled_now",
        "perm_id": 1399575794,
        "status": "Filled"
      },
      "side": "SELL",
      "source_order_path": "artifacts\\execution_loop\\aggressive\\orders.csv",
      "status": "filled",
      "submitted_at": "2026-03-31T14:23:01Z",
      "symbol": "CRCL",
      "updated_at_utc": "2026-03-31T14:23:06Z"
    },
    "b923db2a6ead299c9ad9724c474d3882a4e0a6e98ffbb281704589316035e630": {
      "broker_order_id": "16",
      "broker_symbol": "HOOD",
      "client_order_id": "pe-b923db2a6ead299c9ad9724c",
      "config": "aggressive",
      "date": "2026-03-25",
      "fill_notional": 2464.94,
      "filled_at": "2026-03-31T14:23:00Z",
      "filled_avg_price": 66.62,
      "filled_qty": 37.0,
      "mode": "ibkr_gateway",
      "order_notional": 2454.95,
      "perm_id": 1399575793,
      "qty": 37.0,
      "remaining_qty": 0.0,
      "request": {
        "account": "DUP561175",
        "buy_bps_used": 10.0,
        "client_id": 54,
        "host": "127.0.0.1",
        "min_tick": 0.01,
        "order_notional": 2454.95,
        "order_type": "LMT",
        "outside_rth": 1,
        "port": 4002,
        "price_hint": 66.35,
        "qty": 37.0,
        "raw_limit_price": 66.28365,
        "retry_count_202": 0,
        "retry_mode_202": "base_bps",
        "rounded_limit_price": 66.28,
        "sell_bps_used": 10.0,
        "tif": "DAY",
        "working_order_policy": "carry",
        "working_order_ttl_sec": 0.0
      },
      "response": {
        "avg_fill_price": 66.62,
        "fills": [],
        "ib_order_id": 16,
        "last_fill_price": 66.62,
        "outcome": "filled_now",
        "perm_id": 1399575793,
        "status": "Filled"
      },
      "side": "SELL",
      "source_order_path": "artifacts\\execution_loop\\aggressive\\orders.csv",
      "status": "filled",
      "submitted_at": "2026-03-31T14:22:56Z",
      "symbol": "HOOD",
      "updated_at_utc": "2026-03-31T14:23:00Z"
    },
    "c83c8a0c97c8b2e9fa16ab0967b8f9230ae66fa3129d81a2d06c1b282dbfae2e": {
      "broker_order_id": "20",
      "broker_symbol": "INTC",
      "client_order_id": "pe-c83c8a0c97c8b2e9fa16ab09",
      "config": "aggressive",
      "date": "2026-03-25",
      "fill_notional": 1061.5,
      "filled_at": "2026-03-31T14:23:19Z",
      "filled_avg_price": 42.46,
      "filled_qty": 25.0,
      "mode": "ibkr_gateway",
      "order_notional": 1044.25,
      "perm_id": 1399575797,
      "qty": 25.0,
      "remaining_qty": 0.0,
      "request": {
        "account": "DUP561175",
        "buy_bps_used": 10.0,
        "client_id": 54,
        "host": "127.0.0.1",
        "min_tick": 0.01,
        "order_notional": 1044.25,
        "order_type": "LMT",
        "outside_rth": 1,
        "port": 4002,
        "price_hint": 41.77,
        "qty": 25.0,
        "raw_limit_price": 41.72823,
        "retry_count_202": 0,
        "retry_mode_202": "base_bps",
        "rounded_limit_price": 41.72,
        "sell_bps_used": 10.0,
        "tif": "DAY",
        "working_order_policy": "carry",
        "working_order_ttl_sec": 0.0
      },
      "response": {
        "avg_fill_price": 42.46,
        "fills": [],
        "ib_order_id": 20,
        "last_fill_price": 42.46,
        "outcome": "filled_now",
        "perm_id": 1399575797,
        "status": "Filled"
      },
      "side": "SELL",
      "source_order_path": "artifacts\\execution_loop\\aggressive\\orders.csv",
      "status": "filled",
      "submitted_at": "2026-03-31T14:23:14Z",
      "symbol": "INTC",
      "updated_at_utc": "2026-03-31T14:23:19Z"
    },
    "f12b1292e0ea921d9b79bc37aeafc221309699d131b3f9e0d9f135fdd2000233": {
      "broker_order_id": "22",
      "broker_symbol": "RKLB",
      "client_order_id": "pe-f12b1292e0ea921d9b79bc37",
      "config": "aggressive",
      "date": "2026-03-25",
      "fill_notional": 367.56,
      "filled_at": "2026-03-31T14:23:27Z",
      "filled_avg_price": 61.26,
      "filled_qty": 6.0,
      "mode": "ibkr_gateway",
      "order_notional": 353.4,
      "perm_id": 1399575799,
      "qty": 6.0,
      "remaining_qty": 0.0,
      "request": {
        "account": "DUP561175",
        "buy_bps_used": 7.0,
        "client_id": 54,
        "host": "127.0.0.1",
        "min_tick": 0.01,
        "order_notional": 353.4,
        "order_type": "LMT",
        "outside_rth": 1,
        "port": 4002,
        "price_hint": 60.93,
        "qty": 6.0,
        "raw_limit_price": 60.887349,
        "retry_count_202": 1,
        "retry_mode_202": "bps_fallback",
        "rounded_limit_price": 60.88,
        "sell_bps_used": 7.0,
        "tif": "DAY",
        "working_order_policy": "carry",
        "working_order_ttl_sec": 0.0
      },
      "response": {
        "avg_fill_price": 61.26,
        "fills": [],
        "ib_order_id": 22,
        "last_fill_price": 61.26,
        "outcome": "filled_now",
        "perm_id": 1399575799,
        "status": "Filled"
      },
      "side": "SELL",
      "source_order_path": "artifacts\\execution_loop\\aggressive\\orders.csv",
      "status": "filled",
      "submitted_at": "2026-03-31T14:23:23Z",
      "symbol": "RKLB",
      "updated_at_utc": "2026-03-31T14:23:27Z"
    }
  },
  "updated_at_utc": "2026-03-31T14:23:33Z"
}









idempotency_key,client_order_id,broker_order_id,perm_id,config,source_order_path,date,symbol,broker_symbol,side,qty,filled_qty,remaining_qty,price_hint,filled_avg_price,order_notional,fill_notional,status,submitted_at,filled_at,mode
0a0774038f4a27349478f3efd053a9b9db3e8b2d4b5db1a8c052e4b8daf2a617,pe-0a0774038f4a27349478f3ef,,0,aggressive,artifacts\execution_loop\aggressive\orders.csv,2026-03-25,CRCL,CRCL,SELL,16.0,0.0,16.0,103.86,0.0,1661.76,0.0,error_api_110,2026-03-28T08:40:50Z,,ibkr_gateway
7faf99a7d99d59b5f4c91edc5c0f7730a347b1183c72c1c1de56accbf08d45a6,pe-7faf99a7d99d59b5f4c91edc,17,1399575794,aggressive,artifacts\execution_loop\aggressive\orders.csv,2026-03-25,CRCL,CRCL,SELL,16.0,16.0,0.0,91.01,92.45,1456.16,1479.2,filled,2026-03-31T14:23:01Z,2026-03-31T14:23:06Z,ibkr_gateway
cd80eff9db5e57bd8af7e0127c9001bc81667deaac6010469bfa2063973a2548,pe-cd80eff9db5e57bd8af7e012,14.0,160924224,aggressive,artifacts\execution_loop\aggressive\orders.csv,2026-03-25,CRCL,CRCL,SELL,16.0,0.0,16.0,103.86,103.86,1661.76,0.0,presubmitted,2026-03-28T07:24:51Z,,ibkr_gateway
31ea9aae8b10588ee51c8dc569ecceafe87e42f418d141f03fc07dc549def26a,pe-31ea9aae8b10588ee51c8dc5,13.0,160924223,aggressive,artifacts\execution_loop\aggressive\orders.csv,2026-03-25,HOOD,HOOD,SELL,37.0,0.0,37.0,100.0,100.0,3700.0,0.0,presubmitted,2026-03-28T07:24:48Z,,ibkr_gateway
b923db2a6ead299c9ad9724c474d3882a4e0a6e98ffbb281704589316035e630,pe-b923db2a6ead299c9ad9724c,16,1399575793,aggressive,artifacts\execution_loop\aggressive\orders.csv,2026-03-25,HOOD,HOOD,SELL,37.0,37.0,0.0,66.35,66.62,2454.95,2464.94,filled,2026-03-31T14:22:56Z,2026-03-31T14:23:00Z,ibkr_gateway
f6fe8284951d8f4b2780141fd0f9b9901deee3c83bf1a7caa9bf95b319fc9f7d,pe-f6fe8284951d8f4b2780141f,23.0,160924229,aggressive,artifacts\execution_loop\aggressive\orders.csv,2026-03-25,HOOD,HOOD,SELL,37.0,0.0,37.0,100.0,100.0,3700.0,0.0,submitted,2026-03-28T08:40:18Z,,ibkr_gateway
25fe3f2b9ed68e136f00566f77b3c64f71fa32b496a2e2fb1f843d86123faa55,pe-25fe3f2b9ed68e136f00566f,16.0,160924226,aggressive,artifacts\execution_loop\aggressive\orders.csv,2026-03-25,INTC,INTC,SELL,25.0,0.0,25.0,47.18,47.18,1179.5,0.0,presubmitted,2026-03-28T07:24:56Z,,ibkr_gateway
2a0e6e622510b8e9cde02cc15e3408e2ca84d183ac3707cac20f1430e3e458d0,pe-2a0e6e622510b8e9cde02cc1,,0,aggressive,artifacts\execution_loop\aggressive\orders.csv,2026-03-25,INTC,INTC,SELL,25.0,0.0,25.0,47.18,0.0,1179.5,0.0,error_api_110,2026-03-28T08:41:50Z,,ibkr_gateway
c83c8a0c97c8b2e9fa16ab0967b8f9230ae66fa3129d81a2d06c1b282dbfae2e,pe-c83c8a0c97c8b2e9fa16ab09,20,1399575797,aggressive,artifacts\execution_loop\aggressive\orders.csv,2026-03-25,INTC,INTC,SELL,25.0,25.0,0.0,41.77,42.46,1044.25,1061.5,filled,2026-03-31T14:23:14Z,2026-03-31T14:23:19Z,ibkr_gateway
108865cc071753f36e3d643b5aca257158ef885eaa41d4afe2c31dc17178ab3f,pe-108865cc071753f36e3d643b,19,1399575796,aggressive,artifacts\execution_loop\aggressive\orders.csv,2026-03-25,NEM,NEM,SELL,16.0,16.0,0.0,107.29,107.34,1668.16,1717.44,filled,2026-03-31T14:23:09Z,2026-03-31T14:23:14Z,ibkr_gateway
636c46d7e21f1758c51d9422a15b2750416560a58b7af9e462b1818306a4700a,pe-636c46d7e21f1758c51d9422,15.0,160924225,aggressive,artifacts\execution_loop\aggressive\orders.csv,2026-03-25,NEM,NEM,SELL,16.0,0.0,16.0,101.52,101.52,1624.32,0.0,presubmitted,2026-03-28T07:24:54Z,,ibkr_gateway
7663d388df6740364bd75150e779fa850a2282c9c308c9123fc9b26e34309ee2,pe-7663d388df6740364bd75150,,0,aggressive,artifacts\execution_loop\aggressive\orders.csv,2026-03-25,NEM,NEM,SELL,16.0,0.0,16.0,101.52,0.0,1624.32,0.0,error_api_110,2026-03-28T08:41:20Z,,ibkr_gateway
4db0336251102d6f2970538070718d39d0c0085ddf8fa00c8869b89851b2f48f,pe-4db0336251102d6f29705380,,0,aggressive,artifacts\execution_loop\aggressive\orders.csv,2026-03-25,RKLB,RKLB,SELL,6.0,0.0,6.0,72.88,0.0,437.28,0.0,error_api_110,2026-03-28T08:42:20Z,,ibkr_gateway
b9b60a162cc9e44f96fb9e67dde7257a26e59ccf84ffb5f453602d60a3b779e5,pe-b9b60a162cc9e44f96fb9e67,17.0,160924227,aggressive,artifacts\execution_loop\aggressive\orders.csv,2026-03-25,RKLB,RKLB,SELL,6.0,0.0,6.0,72.88,72.88,437.28,0.0,presubmitted,2026-03-28T07:24:59Z,,ibkr_gateway
f12b1292e0ea921d9b79bc37aeafc221309699d131b3f9e0d9f135fdd2000233,pe-f12b1292e0ea921d9b79bc37,22,1399575799,aggressive,artifacts\execution_loop\aggressive\orders.csv,2026-03-25,RKLB,RKLB,SELL,6.0,6.0,0.0,60.93,61.26,353.4,367.56,filled,2026-03-31T14:23:23Z,2026-03-31T14:23:27Z,ibkr_gateway
3b8ae1045614c9f78fec99465408e6ef211eb170720d1dc5299a954775641284,pe-3b8ae1045614c9f78fec9946,23,1399575800,aggressive,artifacts\execution_loop\aggressive\orders.csv,2026-03-25,SHOP,SHOP,SELL,3.0,3.0,0.0,112.05,115.41,336.15,346.23,filled,2026-03-31T14:23:28Z,2026-03-31T14:23:33Z,ibkr_gateway
a93cad7d2b2704038acd0599c3e8067f0b153f6337926533491c70eea8abfd5c,pe-a93cad7d2b2704038acd0599,18.0,160924228,aggressive,artifacts\execution_loop\aggressive\orders.csv,2026-03-25,SHOP,SHOP,SELL,3.0,0.0,3.0,100.0,100.0,300.0,0.0,presubmitted,2026-03-28T07:25:02Z,,ibkr_gateway
ffb822532496ef239190a2b8b20472d7d460810884d5b023f7898999ea72f28f,pe-ffb822532496ef239190a2b8,28.0,160924230,aggressive,artifacts\execution_loop\aggressive\orders.csv,2026-03-25,SHOP,SHOP,SELL,3.0,0.0,3.0,100.0,100.0,300.0,0.0,submitted,2026-03-28T08:42:23Z,,ibkr_gateway
39a6d03d07f72e4e5699b8c0dce3a473294e4bddf1092eae6ce8137bd60a556d,pe-39a6d03d07f72e4e5699b8c0,,0,aggressive,artifacts\execution_loop\aggressive\orders.csv,2026-03-28,RKLB,RKLB,BUY,0.37,0.0,0.37,12.5,0.0,4.625,0.0,rejected_fractional_api,2026-03-28T08:42:54Z,,ibkr_gateway
