
PS C:\Users\Dmytro Govor\Documents\Python-Edge> python .\scripts\run_daily_cycle.py
[ROOT] C:\Users\Dmytro Govor\Documents\Python-Edge
[STEP] universe builder
[RUN] C:\Users\Dmytro Govor\AppData\Local\Programs\Python\Python313\python.exe C:\Users\Dmytro Govor\Documents\Python-Edge\scripts\run_universe_builder.py
[CFG] base_url=https://api.massive.com
[CFG] locale=us market=stocks ticker_type=CS
[CFG] min_price=5.00 min_dollar_volume=10000000.00 top_n=500
[CFG] output_dir=C:\Users\Dmytro Govor\Documents\Python-Edge\artifacts\daily_cycle\universe
[DATA] as_of_date=2026-03-25
[UNIVERSE] candidates_total=5265
[UNIVERSE] missing_grouped_daily_bar=121
[UNIVERSE] dropped_price=1496
[UNIVERSE] dropped_liquidity=1485
[UNIVERSE] dropped_history=0
[UNIVERSE] eligible_total=2163
[UNIVERSE] selected_total=500
[OK] snapshot=C:\Users\Dmytro Govor\Documents\Python-Edge\artifacts\daily_cycle\universe\universe_snapshot.parquet
[OK] summary=C:\Users\Dmytro Govor\Documents\Python-Edge\artifacts\daily_cycle\universe\universe_summary.json

[EXIT] code=0
Press Enter to exit...
[STEP] live alpha snapshot
[RUN] C:\Users\Dmytro Govor\AppData\Local\Programs\Python\Python313\python.exe C:\Users\Dmytro Govor\Documents\Python-Edge\scripts\run_live_alpha_snapshot.py
[CFG] universe_snapshot_file=artifacts\daily_cycle\universe\universe_snapshot.parquet
[CFG] live_alpha_out_dir=artifacts\live_alpha
[CFG] live_alpha_scope=registry survivor_top_n=6
[CFG] lookback_days=260 max_symbols=500
[UNIVERSE] selected_symbols=500 as_of_date=2026-03-25
[FETCH] 25/500 complete rows=4525 failed=0
[FETCH] 50/500 complete rows=9050 failed=0
[FETCH] 75/500 complete rows=13575 failed=0
[FETCH] 100/500 complete rows=18100 failed=0
[FETCH] 125/500 complete rows=22625 failed=0
[FETCH] 150/500 complete rows=27150 failed=0
[FETCH] 175/500 complete rows=31675 failed=0
[FETCH] 200/500 complete rows=36094 failed=0
[FETCH] 225/500 complete rows=40597 failed=0
[FETCH] 250/500 complete rows=45122 failed=0
[FETCH] 275/500 complete rows=49647 failed=0
[FETCH] 300/500 complete rows=54058 failed=0
[FETCH] 325/500 complete rows=58451 failed=0
[FETCH] 350/500 complete rows=62976 failed=0
[FETCH] 375/500 complete rows=67501 failed=0
[FETCH] 400/500 complete rows=72026 failed=0
[FETCH] 425/500 complete rows=76551 failed=0
[FETCH] 450/500 complete rows=81076 failed=0
[FETCH] 475/500 complete rows=85425 failed=0
[FETCH] 500/500 complete rows=89950 failed=0
[FETCH] final_symbols=500 rows=89950 failed_symbols=0
[FACTORY] recipe_source=default_priority+recent_default_priority recipe_count=1901
[OK] base_snapshot=artifacts\live_alpha\live_feature_snapshot.parquet
[OK] live_alpha_snapshot=artifacts\live_alpha\live_alpha_snapshot.parquet
[OK] manifest=artifacts\live_alpha\live_alpha_manifest.csv
[OK] dropped=artifacts\live_alpha\live_alpha_dropped.csv
[OK] meta=artifacts\live_alpha\live_alpha_meta.json

[EXIT] code=0
Press Enter to exit...
[STEP] freeze runner
[RUN] C:\Users\Dmytro Govor\AppData\Local\Programs\Python\Python313\python.exe C:\Users\Dmytro Govor\Documents\Python-Edge\scripts\run_freeze_runner.py
[CFG] live_alpha_snapshot_file=artifacts\live_alpha\live_alpha_snapshot.parquet
[CFG] out_dir=artifacts\freeze_runner
[CFG] frozen wf=120/20/20 components=4 weighting=ic
[DATA] rows=89950 symbols=500 alpha_cols=1172 first_date=2025-07-08 last_date=2026-03-25
[FREEZE] last_completed_fold fold_id=2 train=2025-08-05..2026-01-26 test=2026-02-10..2026-03-10
[COMPONENTS][EFFECTIVE]
                                            alpha  train_abs_mean_ic  proxy_train_sharpe  train_sign_locked
          alpha_gap_lag1_regime_breadth_rank_lag1           0.159396            2.412874                1.0
alpha_overnight_drift_20d_raw_regime_breadth_rank           0.153479            1.757994                1.0
                     alpha_gap_raw_raw_mul_liq_hi           0.131629           -0.061239               -1.0
                     alpha_gap_raw_raw_mul_liq_lo           0.131629           -0.061239               -1.0
[FREEZE][optimal] live_active_names=5 live_gross_exposure=0.1000 replay_sharpe_last_fold=2.7596
[FREEZE][optimal][LIVE_BOOK_TOP]
symbol   weight    score  side  turnover
  UGRO 0.029694 9.553312   1.0       0.1
  MAZE 0.026047 8.380031   1.0       0.1
    VG 0.017928 5.768016   1.0       0.1
  DOCN 0.014959 4.812645   1.0       0.1
  AAOI 0.011372 4.796272   1.0       0.1
[FREEZE][aggressive] live_active_names=15 live_gross_exposure=0.2000 replay_sharpe_last_fold=2.0366
[FREEZE][aggressive][LIVE_BOOK_TOP]
symbol   weight    score  side  turnover
  UGRO 0.029694 9.553312   1.0       0.2
  MAZE 0.026047 8.380031   1.0       0.2
    VG 0.017928 5.768016   1.0       0.2
  DOCN 0.014959 4.812645   1.0       0.2
  AAOI 0.014908 4.796272   1.0       0.2
  SNDK 0.013458 4.329735   1.0       0.2
  LBRT 0.012503 4.022500   1.0       0.2
   JHG 0.010191 3.278724   1.0       0.2
   LNG 0.009849 3.168818   1.0       0.2
    CF 0.009109 2.930647   1.0       0.2
   APA 0.008982 2.889614   1.0       0.2
  ONON 0.008773 2.822427   1.0       0.2
   MPC 0.008646 2.781538   1.0       0.2
   OVV 0.007635 2.456405   1.0       0.2
   OXY 0.007318 2.375535   1.0       0.2
[ARTIFACT] artifacts\freeze_runner\freeze_all_configs_summary.json
[FINAL] freeze runner complete

[EXIT] code=0
Press Enter to exit...
[GATE] freeze summaries
[GATE] config=optimal live_current_date=2026-03-25 freeze_live_active_names=5 live_gross_exposure_current_day=0.1 mr_enabled_effective=0
[GATE] config=aggressive live_current_date=2026-03-25 freeze_live_active_names=15 live_gross_exposure_current_day=0.19999999999999998 mr_enabled_effective=0
[GATE][PASS] execution loop allowed
[STEP] execution loop
[RUN] C:\Users\Dmytro Govor\AppData\Local\Programs\Python\Python313\python.exe C:\Users\Dmytro Govor\Documents\Python-Edge\scripts\run_execution_loop.py
[CFG] feature_v2_file=data\features\feature_matrix_v2.parquet
[CFG] freeze_root=artifacts\freeze_runner
[CFG] execution_root=artifacts\execution_loop
[CFG] account_nav=100000.0
[CFG] configs=['optimal', 'aggressive']
[CFG] allow_fractional_shares=0 min_order_notional=25.0 skip_empty_freeze_configs=1
[DATA] current_date=2026-02-27 price_col=close symbols=97
[EXEC][optimal] loading freeze artifacts
[EXEC][optimal] starting_nav=100000.00 ending_nav=100000.00 order_count=5 active_names=5 gross_target=0.1000
[EXEC][optimal][ORDERS_TOP]
symbol order_side  delta_shares  price  order_notional  target_weight skip_reason
  UGRO        BUY          29.0  100.0          2900.0       0.029694
  MAZE        BUY          26.0  100.0          2600.0       0.026047
    VG        BUY          17.0  100.0          1700.0       0.017928
  DOCN        BUY          14.0  100.0          1400.0       0.014959
  AAOI        BUY          11.0  100.0          1100.0       0.011372
[ARTIFACT] artifacts\execution_loop\optimal\target_book.csv
[ARTIFACT] artifacts\execution_loop\optimal\orders.csv
[ARTIFACT] artifacts\execution_loop\optimal\portfolio_state.json
[ARTIFACT] artifacts\execution_loop\optimal\execution_log.csv
[EXEC][aggressive] loading freeze artifacts
[EXEC][aggressive] starting_nav=100000.00 ending_nav=100000.00 order_count=15 active_names=15 gross_target=0.2000
[EXEC][aggressive][ORDERS_TOP]
symbol order_side  delta_shares  price  order_notional  target_weight skip_reason
  UGRO        BUY          29.0  100.0          2900.0       0.029694
  MAZE        BUY          26.0  100.0          2600.0       0.026047
    VG        BUY          17.0  100.0          1700.0       0.017928
  AAOI        BUY          14.0  100.0          1400.0       0.014908
  DOCN        BUY          14.0  100.0          1400.0       0.014959
  SNDK        BUY          13.0  100.0          1300.0       0.013458
  LBRT        BUY          12.0  100.0          1200.0       0.012503
   JHG        BUY          10.0  100.0          1000.0       0.010191
    CF        BUY           9.0  100.0           900.0       0.009109
   LNG        BUY           9.0  100.0           900.0       0.009849
   APA        BUY           8.0  100.0           800.0       0.008982
   MPC        BUY           8.0  100.0           800.0       0.008646
  ONON        BUY           8.0  100.0           800.0       0.008773
   OVV        BUY           7.0  100.0           700.0       0.007635
   OXY        BUY           7.0  100.0           700.0       0.007318
[ARTIFACT] artifacts\execution_loop\aggressive\target_book.csv
[ARTIFACT] artifacts\execution_loop\aggressive\orders.csv
[ARTIFACT] artifacts\execution_loop\aggressive\portfolio_state.json
[ARTIFACT] artifacts\execution_loop\aggressive\execution_log.csv
[FINAL] execution loop complete

[EXIT] code=0
Press Enter to exit...
[FINAL] daily cycle complete

[EXIT] code=0
Press Enter to exit...