PS C:\Users\Dmytro Govor\Documents\Python-Edge> python .\scripts\run_broker_handoff.py
[CFG] execution_root=artifacts\execution_loop
[CFG] configs=['optimal', 'aggressive']
[CFG] ib_host=127.0.0.1 ib_port=4002 ib_client_id=51
[CFG] exchange=SMART primary_exchange= currency=USD sec_type=STK
[CFG] ib_market_data_type=3 ib_mkt_timeout_sec=8.0 max_price_deviation_pct=8.0 allow_last_fallback=1
[CFG] force_massive_when_ib_close_only=1 force_massive_when_ib_no_bbo=1
[CFG] enable_massive_fallback=1 massive_base_url=https://api.massive.com massive_timeout_sec=20.0
[IB] connecting host=127.0.0.1 port=4002 client_id=51
[IB] managedAccounts=DUP561175
[IB] nextValidId=1
[IB] connected next_valid_id=1 managed_accounts=DUP561175
[IB][ERROR] reqId=-1 code=2104 msg=Market data farm connection is OK:usfarm
[HANDOFF][optimal] orders_csv=artifacts\execution_loop\optimal\orders.csv
[IB][ERROR] reqId=-1 code=2107 msg=HMDS data farm connection is inactive but should be available upon demand.ushmds
[IB][ERROR] reqId=-1 code=2158 msg=Sec-def data farm connection is OK:secdefil
[HANDOFF][optimal] total_rows=4 live_rows=4 symbols=4
[IB][ERROR] reqId=900001 code=10167 msg=Requested market data is not subscribed. Displaying delayed market data.
[IB][ERROR] reqId=900002 code=10167 msg=Requested market data is not subscribed. Displaying delayed market data.
[IB][ERROR] reqId=900003 code=10167 msg=Requested market data is not subscribed. Displaying delayed market data.
[IB][ERROR] reqId=900004 code=10167 msg=Requested market data is not subscribed. Displaying delayed market data.
[IB][ERROR] reqId=900001 code=300 msg=Can't find EId with tickerId:900001
[IB][ERROR] reqId=900002 code=300 msg=Can't find EId with tickerId:900002
[HANDOFF][optimal][PREVIEW]
symbol order_side  delta_shares  model_price_reference  price quote_provider quote_timeframe price_hint_source fallback_reason  bid_price  ask_price  mid_price  last_price  close_price  spread_bps  price_deviation_pct
  AAPL        BUY             1                 246.63 248.63             ib         DELAYED            ib_ask                     248.14     248.63    248.385      248.65       246.63   19.727439             0.810931
  MSFT        BUY             1                 358.96 363.69             ib         DELAYED            ib_ask                     363.50     363.69    363.595      363.64       358.96    5.225594             1.317696
  NVDA       SELL            -1                 165.17 167.10             ib         DELAYED            ib_bid                     167.10     167.20    167.150      167.11       165.17    5.982650             1.168493
  AMZN       SELL            -1                 200.95 203.01             ib         DELAYED            ib_bid                     203.01     203.15    203.080      203.05       200.95    6.893835             1.025131
[HANDOFF][optimal][SUMMARY] updated=4 ib_rows=4 massive_rows=0 price_sanity_fail=0 orders_csv=artifacts\execution_loop\optimal\orders.csv summary_json=artifacts\execution_loop\optimal\broker_handoff_summary.json
[HANDOFF][aggressive] orders_csv=artifacts\execution_loop\aggressive\orders.csv
[HANDOFF][aggressive] total_rows=6 live_rows=6 symbols=6
[IB][ERROR] reqId=900003 code=300 msg=Can't find EId with tickerId:900003
[IB][ERROR] reqId=900004 code=300 msg=Can't find EId with tickerId:900004
[IB][ERROR] reqId=900001 code=10167 msg=Requested market data is not subscribed. Displaying delayed market data.
[IB][ERROR] reqId=900002 code=10167 msg=Requested market data is not subscribed. Displaying delayed market data.
[IB][ERROR] reqId=900003 code=10167 msg=Requested market data is not subscribed. Displaying delayed market data.
[IB][ERROR] reqId=900004 code=10167 msg=Requested market data is not subscribed. Displaying delayed market data.
[IB][ERROR] reqId=900005 code=10167 msg=Requested market data is not subscribed. Displaying delayed market data.
[IB][ERROR] reqId=900006 code=10167 msg=Requested market data is not subscribed. Displaying delayed market data.
[IB][ERROR] reqId=900001 code=300 msg=Can't find EId with tickerId:900001
[IB][ERROR] reqId=900002 code=300 msg=Can't find EId with tickerId:900002
[HANDOFF][aggressive][PREVIEW]
symbol order_side  delta_shares  model_price_reference  price quote_provider quote_timeframe price_hint_source fallback_reason  bid_price  ask_price  mid_price  last_price  close_price  spread_bps  price_deviation_pct
  HOOD       SELL         -37.0                  65.16  66.35             ib         DELAYED            ib_bid                      66.35      66.58     66.465       66.47        65.16   34.604679             1.826274
  CRCL       SELL         -16.0                  89.91  91.01             ib         DELAYED            ib_bid                      91.01      91.60     91.305       91.41        89.91   64.618586             1.223446
   NEM       SELL         -16.0                 103.12 104.26             ib         DELAYED            ib_bid                     104.26     105.49    104.875      104.98       103.12  117.282479             1.105508
  INTC       SELL         -25.0                  41.19  41.77             ib         DELAYED            ib_bid                      41.77      41.84     41.805       41.77        41.19   16.744409             1.408109
  RKLB       SELL          -6.0                  57.38  58.90             ib         DELAYED            ib_bid                      58.90      59.00     58.950       58.93        57.38   16.963528             2.649007
  SHOP       SELL          -3.0                 111.77 112.05             ib         DELAYED            ib_bid                     112.05     114.50    113.275      112.90       111.77  216.287795             0.250514
[HANDOFF][aggressive][SUMMARY] updated=6 ib_rows=6 massive_rows=0 price_sanity_fail=0 orders_csv=artifacts\execution_loop\aggressive\orders.csv summary_json=artifacts\execution_loop\aggressive\broker_handoff_summary.json
[FINAL] broker handoff complete

[EXIT] code=0