PS C:\Users\Dmytro Govor\Documents\Python-Edge> python .\scripts\build_feature_matrix.py
[CFG] dataset_root=D:\massive_dataset
[CFG] start=2023-01-01 end=2026-02-28
[CFG] out_parquet=data\features\feature_matrix_v1.parquet
[UNIVERSE] root=D:\massive_dataset
[UNIVERSE] symbols_total=97
[UNIVERSE] preview=['AAPL', 'ABBV', 'ADBE', 'AMD', 'AMZN', 'ARKK', 'AVGO', 'BA', 'BAC', 'BLK', 'C', 'CAT', 'COP', 'COST', 'CRM', 'CSCO', 'CVX', 'DBA', 'DBC', 'DE']
[UNIVERSE] symbols_with_1d=0
[UNIVERSE] symbols_with_15m=0
[UNIVERSE] symbols_with_no_tf_dirs=97
[BUILD] 1/97 symbol=AAPL
[BUILD] 2/97 symbol=ABBV
[BUILD] 3/97 symbol=ADBE
[BUILD] 4/97 symbol=AMD
[BUILD] 5/97 symbol=AMZN
[BUILD] 6/97 symbol=ARKK
[BUILD] 7/97 symbol=AVGO
[BUILD] 8/97 symbol=BA
[BUILD] 9/97 symbol=BAC
[BUILD] 10/97 symbol=BLK
[BUILD] 11/97 symbol=C
[BUILD] 12/97 symbol=CAT
[BUILD] 13/97 symbol=COP
[BUILD] 14/97 symbol=COST
[BUILD] 15/97 symbol=CRM
[BUILD] 16/97 symbol=CSCO
[BUILD] 17/97 symbol=CVX
[BUILD] 18/97 symbol=DBA
[BUILD] 19/97 symbol=DBC
[BUILD] 20/97 symbol=DE
[BUILD] 21/97 symbol=DIA
[BUILD] 22/97 symbol=DIS
[BUILD] 23/97 symbol=EEM
[BUILD] 24/97 symbol=EFA
[BUILD] 25/97 symbol=EOG
[BUILD] 26/97 symbol=EWJ
[BUILD] 27/97 symbol=EWZ
[BUILD] 28/97 symbol=FDX
[BUILD] 29/97 symbol=FXI
[BUILD] 30/97 symbol=GE
[BUILD] 31/97 symbol=GLD
[BUILD] 32/97 symbol=GOOGL
[BUILD] 33/97 symbol=GS
[BUILD] 34/97 symbol=HD
[BUILD] 35/97 symbol=HON
[BUILD] 36/97 symbol=HYG
[BUILD] 37/97 symbol=IEF
[BUILD] 38/97 symbol=INDA
[BUILD] 39/97 symbol=INTC
[BUILD] 40/97 symbol=IWM
[BUILD] 41/97 symbol=JNJ
[BUILD] 42/97 symbol=JPM
[BUILD] 43/97 symbol=KO
[BUILD] 44/97 symbol=KRE
[BUILD] 45/97 symbol=LLY
[BUILD] 46/97 symbol=LOW
[BUILD] 47/97 symbol=LQD
[BUILD] 48/97 symbol=MCD
[BUILD] 49/97 symbol=META
[BUILD] 50/97 symbol=MRK
[BUILD] 51/97 symbol=MS
[BUILD] 52/97 symbol=MSFT
[BUILD] 53/97 symbol=MU
[BUILD] 54/97 symbol=NFLX
[BUILD] 55/97 symbol=NKE
[BUILD] 56/97 symbol=NVDA
[BUILD] 57/97 symbol=ORCL
[BUILD] 58/97 symbol=PEP
[BUILD] 59/97 symbol=PG
[BUILD] 60/97 symbol=QCOM
[BUILD] 61/97 symbol=QQQ
[BUILD] 62/97 symbol=RTX
[BUILD] 63/97 symbol=SBUX
[BUILD] 64/97 symbol=SCHW
[BUILD] 65/97 symbol=SLB
[BUILD] 66/97 symbol=SLV
[BUILD] 67/97 symbol=SMH
[BUILD] 68/97 symbol=SOXX
[BUILD] 69/97 symbol=SPY
[BUILD] 70/97 symbol=SVXY
[BUILD] 71/97 symbol=TAN
[BUILD] 72/97 symbol=TIP
[BUILD] 73/97 symbol=TLT
[BUILD] 74/97 symbol=TSLA
[BUILD] 75/97 symbol=TXN
[BUILD] 76/97 symbol=UNH
[BUILD] 77/97 symbol=UPS
[BUILD] 78/97 symbol=URA
[BUILD] 79/97 symbol=USO
[BUILD] 80/97 symbol=UVXY
[BUILD] 81/97 symbol=VEA
[BUILD] 82/97 symbol=VIXY
[BUILD] 83/97 symbol=VWO
[BUILD] 84/97 symbol=VXX
[BUILD] 85/97 symbol=WFC
[BUILD] 86/97 symbol=WMT
[BUILD] 87/97 symbol=XLB
[BUILD] 88/97 symbol=XLE
[BUILD] 89/97 symbol=XLF
[BUILD] 90/97 symbol=XLI
[BUILD] 91/97 symbol=XLK
[BUILD] 92/97 symbol=XLP
[BUILD] 93/97 symbol=XLRE
[BUILD] 94/97 symbol=XLU
[BUILD] 95/97 symbol=XLV
[BUILD] 96/97 symbol=XLY
[BUILD] 97/97 symbol=XOM
[FEATURE] rows=76727
[FEATURE] symbols=97
[FEATURE] dates=791
[FEATURE] min_date=2023-01-03 00:00:00
[FEATURE] max_date=2026-02-27 00:00:00
[FEATURE][COVERAGE] momentum_20d non_na=74787 coverage=0.9747
[FEATURE][COVERAGE] str_3d non_na=76436 coverage=0.9962
[FEATURE][COVERAGE] overnight_drift_20d non_na=74787 coverage=0.9747
[FEATURE][COVERAGE] volume_shock non_na=74884 coverage=0.9760
[FEATURE][COVERAGE] ivol_20d non_na=74787 coverage=0.9747
[SAVE] parquet=data\features\feature_matrix_v1.parquet rows=76727
[SAVE] summary=data\features\feature_matrix_v1_summary.json
[DONE] feature matrix build completed