PS C:\Users\Dmytro Govor\Downloads\clientportal.gw> Set-StrictMode -Version Latest
PS C:\Users\Dmytro Govor\Downloads\clientportal.gw> $ErrorActionPreference = "Stop"
PS C:\Users\Dmytro Govor\Downloads\clientportal.gw>
PS C:\Users\Dmytro Govor\Downloads\clientportal.gw> $AccountId = "DUP561175"
PS C:\Users\Dmytro Govor\Downloads\clientportal.gw>
PS C:\Users\Dmytro Govor\Downloads\clientportal.gw> $body = @{
>>     orders = @(
>>         @{
>>             conid = 265598
>>             orderType = "MKT"
>>             side = "SELL"
>>             tif = "DAY"
>>             quantity = 0.18
>>         }
>>     )
>> } | ConvertTo-Json -Depth 10
PS C:\Users\Dmytro Govor\Downloads\clientportal.gw>
PS C:\Users\Dmytro Govor\Downloads\clientportal.gw> $response = Invoke-RestMethod `
>>     -Uri "https://localhost:5000/v1/api/iserver/account/$AccountId/orders" `
>>     -Method Post `
>>     -Body $body `
>>     -ContentType "application/json" `
>>     -SkipCertificateCheck
PS C:\Users\Dmytro Govor\Downloads\clientportal.gw>
PS C:\Users\Dmytro Govor\Downloads\clientportal.gw> Write-Host "=== INITIAL RESPONSE ==="
=== INITIAL RESPONSE ===
PS C:\Users\Dmytro Govor\Downloads\clientportal.gw> $response | ConvertTo-Json -Depth 20
{
  "id": "d6b937aa-8eeb-4d43-a5d0-2a6693c15802",
  "message": [
    "You are submitting an order without market data. We strongly recommend against this as it may result in erroneous and unexpected trades.\nAre you sure you want to submit this order?"
  ],
  "isSuppressed": false,
  "messageIds": [
    "o354"
  ],
  "messageOptions": [
    "Yes",
    "No"
  ]
}
PS C:\Users\Dmytro Govor\Downloads\clientportal.gw>
PS C:\Users\Dmytro Govor\Downloads\clientportal.gw> if ($null -ne $response.PSObject.Properties["id"]) {
>>     $confirmResponse = Invoke-RestMethod `
>>         -Uri "https://localhost:5000/v1/api/iserver/reply/$($response.id)" `
>>         -Method Post `
>>         -Body '{"confirmed":true}' `
>>         -ContentType "application/json" `
>>         -SkipCertificateCheck
>>
>>     Write-Host "=== CONFIRM RESPONSE ==="
>>     $confirmResponse | ConvertTo-Json -Depth 20
>> }
PS C:\Users\Dmytro Govor\Downloads\clientportal.gw>
PS C:\Users\Dmytro Govor\Downloads\clientportal.gw> Start-Sleep -Seconds 20
PS C:\Users\Dmytro Govor\Downloads\clientportal.gw>
PS C:\Users\Dmytro Govor\Downloads\clientportal.gw> Write-Host "=== TRADES ==="
=== TRADES ===
PS C:\Users\Dmytro Govor\Downloads\clientportal.gw> $trades = Invoke-RestMethod `
>>     -Uri "https://localhost:5000/v1/api/iserver/account/trades" `
>>     -Method Get `
>>     -SkipCertificateCheck
PS C:\Users\Dmytro Govor\Downloads\clientportal.gw> $trades | ConvertTo-Json -Depth 20
[
  {
    "execution_id": "00012735.69c9f6e5.01.01",
    "symbol": "AAPL",
    "supports_tax_opt": "1",
    "side": "B",
    "order_description": "Bot 0.37 @ 249.41 on IBKR",
    "trade_time": "20260330-13:30:47",
    "trade_time_r": 1774877447000,
    "size": 0.37,
    "price": "249.41",
    "exchange": "IBKR",
    "commission": "0.92",
    "net_amount": 92.2817,
    "account": "DUP561175",
    "accountCode": "DUP561175",
    "account_allocation_name": "DUP561175",
    "company_name": "APPLE INC",
    "contract_description_1": "AAPL",
    "sec_type": "STK",
    "listing_exchange": "NASDAQ.NMS",
    "conid": 265598,
    "conidEx": "265598",
    "position": "2.53",
    "clearing_id": "IB",
    "clearing_name": "MEXEM",
    "liquidation_trade": "0",
    "is_event_trading": "0",
    "order_id": 507015415
  },
  {
    "execution_id": "00025b45.69ce438f.01.01",
    "symbol": "NVDA",
    "supports_tax_opt": "1",
    "side": "S",
    "order_description": "Sold 1 @ 168.44 on ARCA",
    "trade_time": "20260327-16:39:59",
    "trade_time_r": 1774629599000,
    "size": 1.0,
    "price": "168.44",
    "order_ref": "pe-45228bea7200d998cae3eeef",
    "exchange": "ARCA",
    "commission": "1.0",
    "net_amount": 168.44,
    "account": "DUP561175",
    "accountCode": "DUP561175",
    "account_allocation_name": "DUP561175",
    "company_name": "NVIDIA CORP",
    "contract_description_1": "NVDA",
    "sec_type": "STK",
    "listing_exchange": "NASDAQ.NMS",
    "conid": 4815747,
    "conidEx": "4815747",
    "position": "-3",
    "clearing_id": "IB",
    "clearing_name": "MEXEM",
    "liquidation_trade": "0",
    "is_event_trading": "0",
    "order_id": 754536164
  },
  {
    "execution_id": "00012735.69c9f7b5.01.01",
    "symbol": "AAPL",
    "supports_tax_opt": "1",
    "side": "S",
    "order_description": "Sold 0.25 @ 249.34 on IBKR",
    "trade_time": "20260330-13:30:53",
    "trade_time_r": 1774877453000,
    "size": 0.25,
    "price": "249.34",
    "exchange": "IBKR",
    "commission": "0.62",
    "net_amount": 62.335,
    "account": "DUP561175",
    "accountCode": "DUP561175",
    "account_allocation_name": "DUP561175",
    "company_name": "APPLE INC",
    "contract_description_1": "AAPL",
    "sec_type": "STK",
    "listing_exchange": "NASDAQ.NMS",
    "conid": 265598,
    "conidEx": "265598",
    "position": "2.53",
    "clearing_id": "IB",
    "clearing_name": "MEXEM",
    "liquidation_trade": "0",
    "is_event_trading": "0",
    "order_id": 1655121421
  },
  {
    "execution_id": "0000dc8f.6a0d0558.01.01",
    "symbol": "MSFT",
    "supports_tax_opt": "1",
    "side": "B",
    "order_description": "Bot 1 @ 359.91 on IBKRATS",
    "trade_time": "20260327-16:32:42",
    "trade_time_r": 1774629162000,
    "size": 1.0,
    "price": "359.91",
    "order_ref": "pe-d8f1f793174cedbf2eeba1e3",
    "exchange": "IBKRATS",
    "commission": "1.0",
    "net_amount": 359.91,
    "account": "DUP561175",
    "accountCode": "DUP561175",
    "account_allocation_name": "DUP561175",
    "company_name": "MICROSOFT CORP",
    "contract_description_1": "MSFT",
    "sec_type": "STK",
    "listing_exchange": "NASDAQ.NMS",
    "conid": 272093,
    "conidEx": "272093",
    "position": "3",
    "clearing_id": "IB",
    "clearing_name": "MEXEM",
    "liquidation_trade": "0",
    "is_event_trading": "0",
    "order_id": 754536159
  },
  {
    "execution_id": "00025b45.69cee049.01.01",
    "symbol": "MSFT",
    "supports_tax_opt": "1",
    "side": "B",
    "order_description": "Bot 1 @ 380.77 on NASDAQ",
    "trade_time": "20260330-08:00:00",
    "trade_time_r": 1774857600000,
    "size": 1.0,
    "price": "380.77",
    "order_ref": "pe-d76595b188fb79242d649e8c",
    "exchange": "NASDAQ",
    "commission": "1.0",
    "net_amount": 380.77,
    "account": "DUP561175",
    "accountCode": "DUP561175",
    "account_allocation_name": "DUP561175",
    "company_name": "MICROSOFT CORP",
    "contract_description_1": "MSFT",
    "sec_type": "STK",
    "listing_exchange": "NASDAQ.NMS",
    "conid": 272093,
    "conidEx": "272093",
    "position": "3",
    "clearing_id": "IB",
    "clearing_name": "MEXEM",
    "liquidation_trade": "0",
    "is_event_trading": "0",
    "order_id": 540635523
  },
  {
    "execution_id": "0000e0d5.69c70f32.01.01",
    "symbol": "AMZN",
    "supports_tax_opt": "1",
    "side": "S",
    "order_description": "Sold 1 @ 200.82 on IEX",
    "trade_time": "20260327-16:32:48",
    "trade_time_r": 1774629168000,
    "size": 1.0,
    "price": "200.82",
    "order_ref": "pe-b88591f05813660c0f31d4d4",
    "exchange": "IEX",
    "commission": "1.0",
    "net_amount": 200.82,
    "account": "DUP561175",
    "accountCode": "DUP561175",
    "account_allocation_name": "DUP561175",
    "company_name": "AMAZON.COM INC",
    "contract_description_1": "AMZN",
    "sec_type": "STK",
    "listing_exchange": "NASDAQ.NMS",
    "conid": 3691937,
    "conidEx": "3691937",
    "position": "-3",
    "clearing_id": "IB",
    "clearing_name": "MEXEM",
    "liquidation_trade": "0",
    "is_event_trading": "0",
    "order_id": 754536161
  },
  {
    "execution_id": "00012735.69c9f6e3.01.01",
    "symbol": "AAPL",
    "supports_tax_opt": "1",
    "side": "B",
    "order_description": "Bot 0.37 @ 249.41 on IBKR",
    "trade_time": "20260330-13:30:46",
    "trade_time_r": 1774877446000,
    "size": 0.37,
    "price": "249.41",
    "exchange": "IBKR",
    "commission": "0.92",
    "net_amount": 92.2817,
    "account": "DUP561175",
    "accountCode": "DUP561175",
    "account_allocation_name": "DUP561175",
    "company_name": "APPLE INC",
    "contract_description_1": "AAPL",
    "sec_type": "STK",
    "listing_exchange": "NASDAQ.NMS",
    "conid": 265598,
    "conidEx": "265598",
    "position": "2.53",
    "clearing_id": "IB",
    "clearing_name": "MEXEM",
    "liquidation_trade": "0",
    "is_event_trading": "0",
    "order_id": 1655121424
  },
  {
    "execution_id": "00025b45.69cee027.01.01",
    "symbol": "NEM",
    "supports_tax_opt": "1",
    "side": "S",
    "order_description": "Sold 16 @ 102.63 on ARCA",
    "trade_time": "20260330-08:00:00",
    "trade_time_r": 1774857600000,
    "size": 16.0,
    "price": "102.63",
    "order_ref": "pe-7663d388df6740364bd75150",
    "exchange": "ARCA",
    "commission": "1.0",
    "net_amount": 1642.08,
    "account": "DUP561175",
    "accountCode": "DUP561175",
    "account_allocation_name": "DUP561175",
    "company_name": "NEWMONT CORP",
    "contract_description_1": "NEM",
    "sec_type": "STK",
    "listing_exchange": "NYSE",
    "conid": 10174,
    "conidEx": "10174",
    "position": "-32",
    "clearing_id": "IB",
    "clearing_name": "MEXEM",
    "liquidation_trade": "0",
    "is_event_trading": "0",
    "order_id": 540635527
  },
  {
    "execution_id": "0000e0d5.69c713d1.01.01",
    "symbol": "AAPL",
    "supports_tax_opt": "1",
    "side": "B",
    "order_description": "Bot 1 @ 251.82 on NASDAQ",
    "trade_time": "20260327-16:39:53",
    "trade_time_r": 1774629593000,
    "size": 1.0,
    "price": "251.82",
    "order_ref": "pe-8da82c599802e250b50499b0",
    "exchange": "NASDAQ",
    "commission": "1.0",
    "net_amount": 251.82,
    "account": "DUP561175",
    "accountCode": "DUP561175",
    "account_allocation_name": "DUP561175",
    "company_name": "APPLE INC",
    "contract_description_1": "AAPL",
    "sec_type": "STK",
    "listing_exchange": "NASDAQ.NMS",
    "conid": 265598,
    "conidEx": "265598",
    "position": "2.53",
    "clearing_id": "IB",
    "clearing_name": "MEXEM",
    "liquidation_trade": "0",
    "is_event_trading": "0",
    "order_id": 754536162
  },
  {
    "execution_id": "00012735.69c9f6e1.01.01",
    "symbol": "AAPL",
    "supports_tax_opt": "1",
    "side": "B",
    "order_description": "Bot 0.04 @ 249.47 on IBKR",
    "trade_time": "20260330-13:30:46",
    "trade_time_r": 1774877446000,
    "size": 0.04,
    "price": "249.47",
    "exchange": "IBKR",
    "commission": "0.1",
    "net_amount": 9.9788,
    "account": "DUP561175",
    "accountCode": "DUP561175",
    "account_allocation_name": "DUP561175",
    "company_name": "APPLE INC",
    "contract_description_1": "AAPL",
    "sec_type": "STK",
    "listing_exchange": "NASDAQ.NMS",
    "conid": 265598,
    "conidEx": "265598",
    "position": "2.53",
    "clearing_id": "IB",
    "clearing_name": "MEXEM",
    "liquidation_trade": "0",
    "is_event_trading": "0",
    "order_id": 1655121423
  },
  {
    "execution_id": "00025b45.69ce3559.01.01",
    "symbol": "NVDA",
    "supports_tax_opt": "1",
    "side": "S",
    "order_description": "Sold 1 @ 168.55 on NASDAQ",
    "trade_time": "20260327-16:32:45",
    "trade_time_r": 1774629165000,
    "size": 1.0,
    "price": "168.55",
    "order_ref": "pe-45228bea7200d998cae3eeef",
    "exchange": "NASDAQ",
    "commission": "1.0",
    "net_amount": 168.55,
    "account": "DUP561175",
    "accountCode": "DUP561175",
    "account_allocation_name": "DUP561175",
    "company_name": "NVIDIA CORP",
    "contract_description_1": "NVDA",
    "sec_type": "STK",
    "listing_exchange": "NASDAQ.NMS",
    "conid": 4815747,
    "conidEx": "4815747",
    "position": "-3",
    "clearing_id": "IB",
    "clearing_name": "MEXEM",
    "liquidation_trade": "0",
    "is_event_trading": "0",
    "order_id": 754536160
  },
  {
    "execution_id": "0000e0d5.69c713ee.01.01",
    "symbol": "AMZN",
    "supports_tax_opt": "1",
    "side": "S",
    "order_description": "Sold 1 @ 200.53 on IEX",
    "trade_time": "20260327-16:40:02",
    "trade_time_r": 1774629602000,
    "size": 1.0,
    "price": "200.53",
    "order_ref": "pe-b88591f05813660c0f31d4d4",
    "exchange": "IEX",
    "commission": "1.0",
    "net_amount": 200.53,
    "account": "DUP561175",
    "accountCode": "DUP561175",
    "account_allocation_name": "DUP561175",
    "company_name": "AMAZON.COM INC",
    "contract_description_1": "AMZN",
    "sec_type": "STK",
    "listing_exchange": "NASDAQ.NMS",
    "conid": 3691937,
    "conidEx": "3691937",
    "position": "-3",
    "clearing_id": "IB",
    "clearing_name": "MEXEM",
    "liquidation_trade": "0",
    "is_event_trading": "0",
    "order_id": 754536165
  },
  {
    "execution_id": "00025b45.69cee033.01.01",
    "symbol": "NVDA",
    "supports_tax_opt": "1",
    "side": "S",
    "order_description": "Sold 1 @ 156.71 on NASDAQ",
    "trade_time": "20260330-08:00:00",
    "trade_time_r": 1774857600000,
    "size": 1.0,
    "price": "156.71",
    "order_ref": "pe-0b229f2ecccf0a990f12771e",
    "exchange": "NASDAQ",
    "commission": "1.0",
    "net_amount": 156.71,
    "account": "DUP561175",
    "accountCode": "DUP561175",
    "account_allocation_name": "DUP561175",
    "company_name": "NVIDIA CORP",
    "contract_description_1": "NVDA",
    "sec_type": "STK",
    "listing_exchange": "NASDAQ.NMS",
    "conid": 4815747,
    "conidEx": "4815747",
    "position": "-3",
    "clearing_id": "IB",
    "clearing_name": "MEXEM",
    "liquidation_trade": "0",
    "is_event_trading": "0",
    "order_id": 540635524
  },
  {
    "execution_id": "0000e0d5.69ca2263.01.01",
    "symbol": "AMZN",
    "supports_tax_opt": "1",
    "side": "S",
    "order_description": "Sold 1 @ 201.49 on NASDAQ",
    "trade_time": "20260330-12:10:35",
    "trade_time_r": 1774872635000,
    "size": 1.0,
    "price": "201.49",
    "order_ref": "pe-f6f1585ea949ed84617cb29a",
    "exchange": "NASDAQ",
    "commission": "1.0",
    "net_amount": 201.49,
    "account": "DUP561175",
    "accountCode": "DUP561175",
    "account_allocation_name": "DUP561175",
    "company_name": "AMAZON.COM INC",
    "contract_description_1": "AMZN",
    "sec_type": "STK",
    "listing_exchange": "NASDAQ.NMS",
    "conid": 3691937,
    "conidEx": "3691937",
    "position": "-3",
    "clearing_id": "IB",
    "clearing_name": "MEXEM",
    "liquidation_trade": "0",
    "is_event_trading": "0",
    "order_id": 540635525
  },
  {
    "execution_id": "0000e0d5.69c70f25.01.01",
    "symbol": "AAPL",
    "supports_tax_opt": "1",
    "side": "B",
    "order_description": "Bot 1 @ 251.79 on IEX",
    "trade_time": "20260327-16:32:40",
    "trade_time_r": 1774629160000,
    "size": 1.0,
    "price": "251.79",
    "order_ref": "pe-8da82c599802e250b50499b0",
    "exchange": "IEX",
    "commission": "1.0",
    "net_amount": 251.79,
    "account": "DUP561175",
    "accountCode": "DUP561175",
    "account_allocation_name": "DUP561175",
    "company_name": "APPLE INC",
    "contract_description_1": "AAPL",
    "sec_type": "STK",
    "listing_exchange": "NASDAQ.NMS",
    "conid": 265598,
    "conidEx": "265598",
    "position": "2.53",
    "clearing_id": "IB",
    "clearing_name": "MEXEM",
    "liquidation_trade": "0",
    "is_event_trading": "0",
    "order_id": 754536158
  },
  {
    "execution_id": "00025b45.69cf150f.01.01",
    "symbol": "HOOD",
    "supports_tax_opt": "1",
    "side": "S",
    "order_description": "Sold 37 @ 66.72 on BATS",
    "trade_time": "20260330-13:30:26",
    "trade_time_r": 1774877426000,
    "size": 37.0,
    "price": "66.72",
    "order_ref": "pe-31ea9aae8b10588ee51c8dc5",
    "exchange": "BATS",
    "commission": "1.01",
    "net_amount": 2468.64,
    "account": "DUP561175",
    "accountCode": "DUP561175",
    "account_allocation_name": "DUP561175",
    "company_name": "ROBINHOOD MARKETS INC - A",
    "contract_description_1": "HOOD",
    "sec_type": "STK",
    "listing_exchange": "NASDAQ.NMS",
    "conid": 504546674,
    "conidEx": "504546674",
    "position": "-37",
    "clearing_id": "IB",
    "clearing_name": "MEXEM",
    "liquidation_trade": "0",
    "is_event_trading": "0",
    "order_id": 160924223
  },
  {
    "execution_id": "00025b49.69ccb889.01.01",
    "symbol": "SHOP",
    "supports_tax_opt": "1",
    "side": "S",
    "order_description": "Sold 3 @ 111.91 on DRCTEDGE",
    "trade_time": "20260330-08:00:03",
    "trade_time_r": 1774857603000,
    "size": 3.0,
    "price": "111.91",
    "order_ref": "pe-ffb822532496ef239190a2b8",
    "exchange": "DRCTEDGE",
    "commission": "1.0",
    "net_amount": 335.73,
    "account": "DUP561175",
    "accountCode": "DUP561175",
    "account_allocation_name": "DUP561175",
    "company_name": "SHOPIFY INC - CLASS A",
    "contract_description_1": "SHOP",
    "sec_type": "STK",
    "listing_exchange": "NASDAQ.NMS",
    "conid": 195014116,
    "conidEx": "195014116",
    "position": "-6",
    "clearing_id": "IB",
    "clearing_name": "MEXEM",
    "liquidation_trade": "0",
    "is_event_trading": "0",
    "order_id": 160924230
  },
  {
    "execution_id": "0000dc8f.6a0d0b6e.01.01",
    "symbol": "MSFT",
    "supports_tax_opt": "1",
    "side": "B",
    "order_description": "Bot 1 @ 359.55 on IBKRATS",
    "trade_time": "20260327-16:39:55",
    "trade_time_r": 1774629595000,
    "size": 1.0,
    "price": "359.55",
    "order_ref": "pe-d8f1f793174cedbf2eeba1e3",
    "exchange": "IBKRATS",
    "commission": "1.0",
    "net_amount": 359.55,
    "account": "DUP561175",
    "accountCode": "DUP561175",
    "account_allocation_name": "DUP561175",
    "company_name": "MICROSOFT CORP",
    "contract_description_1": "MSFT",
    "sec_type": "STK",
    "listing_exchange": "NASDAQ.NMS",
    "conid": 272093,
    "conidEx": "272093",
    "position": "3",
    "clearing_id": "IB",
    "clearing_name": "MEXEM",
    "liquidation_trade": "0",
    "is_event_trading": "0",
    "order_id": 754536163
  },
  {
    "execution_id": "00012735.69c9f74d.01.01",
    "symbol": "AAPL",
    "supports_tax_opt": "1",
    "side": "B",
    "order_description": "Bot 0.25 @ 249.43 on IBKR",
    "trade_time": "20260330-13:30:53",
    "trade_time_r": 1774877453000,
    "size": 0.25,
    "price": "249.43",
    "exchange": "IBKR",
    "commission": "0.62",
    "net_amount": 62.3575,
    "account": "DUP561175",
    "accountCode": "DUP561175",
    "account_allocation_name": "DUP561175",
    "company_name": "APPLE INC",
    "contract_description_1": "AAPL",
    "sec_type": "STK",
    "listing_exchange": "NASDAQ.NMS",
    "conid": 265598,
    "conidEx": "265598",
    "position": "2.53",
    "clearing_id": "IB",
    "clearing_name": "MEXEM",
    "liquidation_trade": "0",
    "is_event_trading": "0",
    "order_id": 1655121417
  },
  {
    "execution_id": "00012735.69c9f7b3.01.01",
    "symbol": "AAPL",
    "supports_tax_opt": "1",
    "side": "S",
    "order_description": "Sold 0.25 @ 249.34 on IBKR",
    "trade_time": "20260330-13:30:53",
    "trade_time_r": 1774877453000,
    "size": 0.25,
    "price": "249.34",
    "exchange": "IBKR",
    "commission": "0.62",
    "net_amount": 62.335,
    "account": "DUP561175",
    "accountCode": "DUP561175",
    "account_allocation_name": "DUP561175",
    "company_name": "APPLE INC",
    "contract_description_1": "AAPL",
    "sec_type": "STK",
    "listing_exchange": "NASDAQ.NMS",
    "conid": 265598,
    "conidEx": "265598",
    "position": "2.53",
    "clearing_id": "IB",
    "clearing_name": "MEXEM",
    "liquidation_trade": "0",
    "is_event_trading": "0",
    "order_id": 1655121418
  },
  {
    "execution_id": "00025b49.69ccdae9.01.01",
    "symbol": "RKLB",
    "supports_tax_opt": "1",
    "side": "S",
    "order_description": "Sold 6 @ 60.10 on NASDAQ",
    "trade_time": "20260330-13:30:26",
    "trade_time_r": 1774877426000,
    "size": 6.0,
    "price": "60.10",
    "order_ref": "pe-b9b60a162cc9e44f96fb9e67",
    "exchange": "NASDAQ",
    "commission": "1.0",
    "net_amount": 360.6,
    "account": "DUP561175",
    "accountCode": "DUP561175",
    "account_allocation_name": "DUP561175",
    "company_name": "ROCKET LAB CORP",
    "contract_description_1": "RKLB",
    "sec_type": "STK",
    "listing_exchange": "NASDAQ.SCM",
    "conid": 787273575,
    "conidEx": "787273575",
    "position": "-6",
    "clearing_id": "IB",
    "clearing_name": "MEXEM",
    "liquidation_trade": "0",
    "is_event_trading": "0",
    "order_id": 160924227
  },
  {
    "execution_id": "00025b45.69cf10f2.01.01",
    "symbol": "INTC",
    "supports_tax_opt": "1",
    "side": "S",
    "order_description": "Sold 25 @ 43.31 on NASDAQ",
    "trade_time": "20260330-13:30:19",
    "trade_time_r": 1774877419000,
    "size": 25.0,
    "price": "43.31",
    "order_ref": "pe-25fe3f2b9ed68e136f00566f",
    "exchange": "NASDAQ",
    "commission": "1.0",
    "net_amount": 1082.75,
    "account": "DUP561175",
    "accountCode": "DUP561175",
    "account_allocation_name": "DUP561175",
    "company_name": "INTEL CORP",
    "contract_description_1": "INTC",
    "sec_type": "STK",
    "listing_exchange": "NASDAQ.NMS",
    "conid": 270639,
    "conidEx": "270639",
    "position": "-25",
    "clearing_id": "IB",
    "clearing_name": "MEXEM",
    "liquidation_trade": "0",
    "is_event_trading": "0",
    "order_id": 160924226
  },
  {
    "execution_id": "00025b45.69cf0cf2.01.01",
    "symbol": "NEM",
    "supports_tax_opt": "1",
    "side": "S",
    "order_description": "Sold 16 @ 105.68 on NASDAQ",
    "trade_time": "20260330-13:30:09",
    "trade_time_r": 1774877409000,
    "size": 16.0,
    "price": "105.68",
    "order_ref": "pe-636c46d7e21f1758c51d9422",
    "exchange": "NASDAQ",
    "commission": "1.0",
    "net_amount": 1690.88,
    "account": "DUP561175",
    "accountCode": "DUP561175",
    "account_allocation_name": "DUP561175",
    "company_name": "NEWMONT CORP",
    "contract_description_1": "NEM",
    "sec_type": "STK",
    "listing_exchange": "NYSE",
    "conid": 10174,
    "conidEx": "10174",
    "position": "-32",
    "clearing_id": "IB",
    "clearing_name": "MEXEM",
    "liquidation_trade": "0",
    "is_event_trading": "0",
    "order_id": 160924225
  },
  {
    "execution_id": "00025b49.69ccd567.01.01",
    "symbol": "SHOP",
    "supports_tax_opt": "1",
    "side": "S",
    "order_description": "Sold 3 @ 111.41 on NASDAQ",
    "trade_time": "20260330-13:30:12",
    "trade_time_r": 1774877412000,
    "size": 3.0,
    "price": "111.41",
    "order_ref": "pe-a93cad7d2b2704038acd0599",
    "exchange": "NASDAQ",
    "commission": "1.0",
    "net_amount": 334.23,
    "account": "DUP561175",
    "accountCode": "DUP561175",
    "account_allocation_name": "DUP561175",
    "company_name": "SHOPIFY INC - CLASS A",
    "contract_description_1": "SHOP",
    "sec_type": "STK",
    "listing_exchange": "NASDAQ.NMS",
    "conid": 195014116,
    "conidEx": "195014116",
    "position": "-6",
    "clearing_id": "IB",
    "clearing_name": "MEXEM",
    "liquidation_trade": "0",
    "is_event_trading": "0",
    "order_id": 160924228
  },
  {
    "execution_id": "00025b44.69ca7566.01.01",
    "symbol": "CRCL",
    "supports_tax_opt": "1",
    "side": "S",
    "order_description": "Sold 16 @ 95.20 on ARCA",
    "trade_time": "20260330-13:30:07",
    "trade_time_r": 1774877407000,
    "size": 16.0,
    "price": "95.20",
    "order_ref": "pe-cd80eff9db5e57bd8af7e012",
    "exchange": "ARCA",
    "commission": "1.0",
    "net_amount": 1523.2,
    "account": "DUP561175",
    "accountCode": "DUP561175",
    "account_allocation_name": "DUP561175",
    "company_name": "CIRCLE INTERNET GROUP INC",
    "contract_description_1": "CRCL",
    "sec_type": "STK",
    "listing_exchange": "NYSE",
    "conid": 789044667,
    "conidEx": "789044667",
    "position": "-16",
    "clearing_id": "IB",
    "clearing_name": "MEXEM",
    "liquidation_trade": "0",
    "is_event_trading": "0",
    "order_id": 160924224
  }
]
PS C:\Users\Dmytro Govor\Downloads\clientportal.gw>
PS C:\Users\Dmytro Govor\Downloads\clientportal.gw> Write-Host "=== POSITIONS ==="
=== POSITIONS ===
PS C:\Users\Dmytro Govor\Downloads\clientportal.gw> $positions = Invoke-RestMethod `
>>     -Uri "https://localhost:5000/v1/api/portfolio/$AccountId/positions/0" `
>>     -Method Get `
>>     -SkipCertificateCheck
PS C:\Users\Dmytro Govor\Downloads\clientportal.gw> $positions | ConvertTo-Json -Depth 20
[
  {
    "acctId": "DUP561175",
    "conid": 504546674,
    "contractDesc": "HOOD",
    "position": -37.0,
    "mktPrice": 67.1460037,
    "mktValue": -2484.4,
    "currency": "USD",
    "avgCost": 66.69277795,
    "avgPrice": 66.69277795,
    "realizedPnl": 0.0,
    "unrealizedPnl": -16.77,
    "exchs": null,
    "expiry": null,
    "putOrCall": null,
    "multiplier": 0.0,
    "strike": "0",
    "exerciseStyle": null,
    "conExchMap": [],
    "assetClass": "STK",
    "undConid": 0,
    "model": "",
    "baseMktValue": -1882.6231914043428,
    "baseMktPrice": 50.88175164053364,
    "baseAvgCost": 50.5383072242192,
    "baseAvgPrice": 50.5383072242192,
    "baseRealizedPnl": 0.0,
    "baseUnrealizedPnl": -12.707933875322341,
    "incrementRules": [
      {
        "lowerEdge": 0.0,
        "increment": 0.01
      }
    ],
    "displayRule": {
      "magnification": 0,
      "displayRuleStep": [
        {
          "decimalDigits": 2,
          "lowerEdge": 0.0,
          "wholeDigits": 4
        }
      ]
    },
    "time": 30,
    "chineseName": "&#x7F57;&#x5BBE;&#x6C49;&#x5E02;&#x573A;&#x80A1;&#x4EFD;&#x516C;&#x53F8;",
    "allExchanges": "AMEX,NYSE,CBOE,PHLX,CHX,ARCA,ISLAND,ISE,IDEAL,NASDAQ,DRCTEDGE,BEX,BATS,NITEECN,EDGEA,CSFBALGO,NYSENASD,PSX,BYX,ITG,PDQ,IBKRATS,NYSEFLOOR,CITADEL,NYSEDARK,MIAX,IBDARK,CITADELDP,NASDDARK,IEX,SUMMER,FINRA,LIQITG,UBSDARK,BTIG,VIRTU,JEFF,OPCO,DBK,JPMC,EDGX,JANE,FRACSHARE,RBCALGO,VIRTUDP,FOXRIVER,NITEEXST,PEARL,GSDARK,NITERTL,NYSENAT,IEXMID,HRT,FLOWTRADE,HRTDP,JANELP,PEAK6,CTDLZERO,HRTMID,JANEZERO,HRTEXST,IMCLP,LTSE,SOCGENDP,MEMX,INTELCROS,VIRTUBYIN,JUMPTRADE,NITEZERO,XTXEXST,XTXDP,XTXMID,COWENLP,BARCDP,JUMPLP,OLDMCLP,RBCCMALP,WALLBETH,IBEOS,JONES,GSLP,BLUEOCEAN,USIBSILP,OVERNIGHT,JANEMID,IBATSEOS,HRTZERO,VIRTUALGO,G1XLP,VIRTUMID,GLOBALXLP,CTDLMID,TPLUS0,JUMPMID,CLOSEOUT,T24X",
    "listingExchange": "NASDAQ",
    "countryCode": "US",
    "name": "ROBINHOOD MARKETS INC - A",
    "lastTradingDay": null,
    "group": "Internet",
    "sector": "Communications",
    "sectorGroup": "Internet Brokers",
    "ticker": "HOOD",
    "type": "COMMON",
    "hasOptions": true,
    "fullName": "HOOD",
    "isUS": true,
    "isEventContract": false,
    "pageSize": 100
  },
  {
    "acctId": "DUP561175",
    "conid": 3691937,
    "contractDesc": "AMZN",
    "position": -3.0,
    "mktPrice": 203.27142335,
    "mktValue": -609.81,
    "currency": "USD",
    "avgCost": 199.94646835,
    "avgPrice": 199.94646835,
    "realizedPnl": 0.0,
    "unrealizedPnl": -9.97,
    "exchs": null,
    "expiry": null,
    "putOrCall": null,
    "multiplier": 0.0,
    "strike": "0",
    "exerciseStyle": null,
    "conExchMap": [],
    "assetClass": "STK",
    "undConid": 0,
    "model": "",
    "baseMktValue": -462.1004863750934,
    "baseMktPrice": 154.03457404141048,
    "baseAvgCost": 151.51499692284028,
    "baseAvgPrice": 151.51499692284028,
    "baseRealizedPnl": 0.0,
    "baseUnrealizedPnl": -7.555044766664506,
    "incrementRules": [
      {
        "lowerEdge": 0.0,
        "increment": 0.01
      }
    ],
    "displayRule": {
      "magnification": 0,
      "displayRuleStep": [
        {
          "decimalDigits": 2,
          "lowerEdge": 0.0,
          "wholeDigits": 4
        }
      ]
    },
    "time": 30,
    "chineseName": "&#x4E9A;&#x9A6C;&#x900A;&#x516C;&#x53F8;",
    "allExchanges": "AMEX,NYSE,CBOE,PHLX,CHX,ARCA,ISLAND,ISE,IDEAL,NASDAQQ,NASDAQ,DRCTEDGE,BEX,BATS,NITEECN,EDGEA,CSFBALGO,NYSENASD,PSX,BYX,ITG,PDQ,IBKRATS,CITADEL,NYSEDARK,MIAX,IBDARK,CITADELDP,NASDDARK,IEX,SUMMER,FINRA,LIQITG,UBSDARK,BTIG,VIRTU,JEFF,OPCO,DBK,JPMC,EDGX,JANE,FRACSHARE,RBCALGO,VIRTUDP,FOXRIVER,NITEEXST,PEARL,GSDARK,NITERTL,NYSENAT,IEXMID,HRT,FLOWTRADE,HRTDP,JANELP,PEAK6,CTDLZERO,HRTMID,JANEZERO,HRTEXST,IMCLP,LTSE,SOCGENDP,MEMX,INTELCROS,VIRTUBYIN,JUMPTRADE,NITEZERO,XTXEXST,XTXDP,XTXMID,COWENLP,BARCDP,JUMPLP,OLDMCLP,RBCCMALP,WALLBETH,IBEOS,JONES,GSLP,BLUEOCEAN,USIBSILP,OVERNIGHT,JANEMID,IBATSEOS,HRTZERO,VIRTUALGO,G1XLP,VIRTUMID,GLOBALXLP,CTDLMID,TPLUS0,JUMPMID,CLOSEOUT,T24X",
    "listingExchange": "NASDAQ",
    "countryCode": "US",
    "name": "AMAZON.COM INC",
    "lastTradingDay": null,
    "group": "Internet",
    "sector": "Communications",
    "sectorGroup": "E-Commerce/Products",
    "ticker": "AMZN",
    "type": "COMMON",
    "hasOptions": true,
    "fullName": "AMZN",
    "isUS": true,
    "isEventContract": false,
    "pageSize": 100
  },
  {
    "acctId": "DUP561175",
    "conid": 272093,
    "contractDesc": "MSFT",
    "position": 3.0,
    "mktPrice": 364.97998045,
    "mktValue": 1094.94,
    "currency": "USD",
    "avgCost": 367.74333335,
    "avgPrice": 367.74333335,
    "realizedPnl": 0.0,
    "unrealizedPnl": -8.29,
    "exchs": null,
    "expiry": null,
    "putOrCall": null,
    "multiplier": 0.0,
    "strike": "0",
    "exerciseStyle": null,
    "conExchMap": [],
    "assetClass": "STK",
    "undConid": 0,
    "model": "",
    "baseMktValue": 829.7212353873254,
    "baseMktPrice": 276.5737303145523,
    "baseAvgCost": 278.66773782363873,
    "baseAvgPrice": 278.66773782363873,
    "baseRealizedPnl": 0.0,
    "baseUnrealizedPnl": -6.28197804570198,
    "incrementRules": [
      {
        "lowerEdge": 0.0,
        "increment": 0.01
      }
    ],
    "displayRule": {
      "magnification": 0,
      "displayRuleStep": [
        {
          "decimalDigits": 2,
          "lowerEdge": 0.0,
          "wholeDigits": 4
        }
      ]
    },
    "time": 30,
    "chineseName": "&#x5FAE;&#x8F6F;&#x516C;&#x53F8;",
    "allExchanges": "AMEX,NYSE,CBOE,PHLX,CHX,ARCA,ISLAND,ISE,IDEAL,NASDAQQ,NASDAQ,DRCTEDGE,BEX,BATS,NITEECN,EDGEA,CSFBALGO,NYSENASD,PSX,BYX,ITG,PDQ,IBKRATS,CITADEL,NYSEDARK,MIAX,IBDARK,CITADELDP,NASDDARK,IEX,SUMMER,FINRA,LIQITG,UBSDARK,BTIG,VIRTU,JEFF,OPCO,DBK,JPMC,EDGX,JANE,FRACSHARE,RBCALGO,VIRTUDP,FOXRIVER,NITEEXST,PEARL,GSDARK,NITERTL,NYSENAT,IEXMID,HRT,FLOWTRADE,HRTDP,JANELP,PEAK6,CTDLZERO,HRTMID,JANEZERO,HRTEXST,IMCLP,LTSE,SOCGENDP,MEMX,INTELCROS,VIRTUBYIN,JUMPTRADE,NITEZERO,XTXEXST,XTXDP,XTXMID,COWENLP,BARCDP,JUMPLP,OLDMCLP,RBCCMALP,WALLBETH,IBEOS,JONES,GSLP,BLUEOCEAN,USIBSILP,OVERNIGHT,JANEMID,IBATSEOS,HRTZERO,VIRTUALGO,G1XLP,VIRTUMID,GLOBALXLP,CTDLMID,TPLUS0,JUMPMID,CLOSEOUT,T24X",
    "listingExchange": "NASDAQ",
    "countryCode": "US",
    "name": "MICROSOFT CORP",
    "lastTradingDay": null,
    "group": "Software",
    "sector": "Technology",
    "sectorGroup": "Applications Software",
    "ticker": "MSFT",
    "type": "COMMON",
    "hasOptions": true,
    "fullName": "MSFT",
    "isUS": true,
    "isEventContract": false,
    "pageSize": 100
  },
  {
    "acctId": "DUP561175",
    "conid": 265598,
    "contractDesc": "AAPL",
    "position": 2.53,
    "mktPrice": 246.68048095,
    "mktValue": 624.1,
    "currency": "USD",
    "avgCost": 252.50122015,
    "avgPrice": 252.50122015,
    "realizedPnl": -2.83,
    "unrealizedPnl": -14.73,
    "exchs": null,
    "expiry": null,
    "putOrCall": null,
    "multiplier": 0.0,
    "strike": "0",
    "exerciseStyle": null,
    "conExchMap": [],
    "assetClass": "STK",
    "undConid": 0,
    "model": "",
    "baseMktValue": 472.92913128137593,
    "baseMktPrice": 186.92899464790176,
    "baseAvgCost": 191.339821652022,
    "baseAvgPrice": 191.339821652022,
    "baseRealizedPnl": -2.1445112025737765,
    "baseUnrealizedPnl": -11.162067142724991,
    "incrementRules": [
      {
        "lowerEdge": 0.0,
        "increment": 0.01
      }
    ],
    "displayRule": {
      "magnification": 0,
      "displayRuleStep": [
        {
          "decimalDigits": 2,
          "lowerEdge": 0.0,
          "wholeDigits": 4
        }
      ]
    },
    "time": 30,
    "chineseName": "&#x82F9;&#x679C;&#x516C;&#x53F8;",
    "allExchanges": "AMEX,NYSE,CBOE,PHLX,CHX,ARCA,ISLAND,ISE,IDEAL,NASDAQQ,NASDAQ,DRCTEDGE,BEX,BATS,NITEECN,EDGEA,CSFBALGO,NYSENASD,PSX,BYX,ITG,PDQ,IBKRATS,CITADEL,NYSEDARK,MIAX,IBDARK,CITADELDP,NASDDARK,IEX,SUMMER,FINRA,LIQITG,UBSDARK,BTIG,VIRTU,JEFF,OPCO,DBK,JPMC,EDGX,JANE,FRACSHARE,RBCALGO,VIRTUDP,FOXRIVER,NITEEXST,PEARL,GSDARK,NITERTL,NYSENAT,IEXMID,HRT,FLOWTRADE,HRTDP,JANELP,PEAK6,CTDLZERO,HRTMID,JANEZERO,HRTEXST,IMCLP,LTSE,SOCGENDP,MEMX,INTELCROS,VIRTUBYIN,JUMPTRADE,NITEZERO,XTXEXST,XTXDP,XTXMID,COWENLP,BARCDP,JUMPLP,OLDMCLP,RBCCMALP,WALLBETH,IBEOS,JONES,GSLP,BLUEOCEAN,USIBSILP,OVERNIGHT,JANEMID,IBATSEOS,HRTZERO,VIRTUALGO,G1XLP,VIRTUMID,GLOBALXLP,CTDLMID,TPLUS0,JUMPMID,CLOSEOUT,T24X",
    "listingExchange": "NASDAQ",
    "countryCode": "US",
    "name": "APPLE INC",
    "lastTradingDay": null,
    "group": "Computers",
    "sector": "Technology",
    "sectorGroup": "Computers",
    "ticker": "AAPL",
    "type": "COMMON",
    "hasOptions": true,
    "fullName": "AAPL",
    "isUS": true,
    "isEventContract": false,
    "pageSize": 100
  },
  {
    "acctId": "DUP561175",
    "conid": 4815747,
    "contractDesc": "NVDA",
    "position": -3.0,
    "mktPrice": 167.94599915,
    "mktValue": -503.84,
    "currency": "USD",
    "avgCost": 163.56646835,
    "avgPrice": 163.56646835,
    "realizedPnl": 0.0,
    "unrealizedPnl": -13.14,
    "exchs": null,
    "expiry": null,
    "putOrCall": null,
    "multiplier": 0.0,
    "strike": "0",
    "exerciseStyle": null,
    "conExchMap": [],
    "assetClass": "STK",
    "undConid": 0,
    "model": "",
    "baseMktValue": -381.7987718391418,
    "baseMktPrice": 127.26575145039608,
    "baseAvgCost": 123.94704019152086,
    "baseAvgPrice": 123.94704019152086,
    "baseRealizedPnl": 0.0,
    "baseUnrealizedPnl": -9.957200424671173,
    "incrementRules": [
      {
        "lowerEdge": 0.0,
        "increment": 0.01
      }
    ],
    "displayRule": {
      "magnification": 0,
      "displayRuleStep": [
        {
          "decimalDigits": 2,
          "lowerEdge": 0.0,
          "wholeDigits": 4
        }
      ]
    },
    "time": 29,
    "chineseName": "&#x82F1;&#x4F1F;&#x8FBE;&#x516C;&#x53F8;",
    "allExchanges": "AMEX,NYSE,CBOE,PHLX,CHX,ARCA,ISLAND,ISE,IDEAL,NASDAQQ,NASDAQ,DRCTEDGE,BEX,BATS,NITEECN,EDGEA,CSFBALGO,NYSENASD,PSX,BYX,ITG,PDQ,IBKRATS,CITADEL,NYSEDARK,MIAX,IBDARK,CITADELDP,NASDDARK,IEX,SUMMER,FINRA,LIQITG,UBSDARK,BTIG,VIRTU,JEFF,OPCO,DBK,JPMC,EDGX,JANE,FRACSHARE,RBCALGO,VIRTUDP,FOXRIVER,NITEEXST,PEARL,GSDARK,NITERTL,NYSENAT,IEXMID,HRT,FLOWTRADE,HRTDP,JANELP,PEAK6,CTDLZERO,HRTMID,JANEZERO,HRTEXST,IMCLP,LTSE,SOCGENDP,MEMX,INTELCROS,VIRTUBYIN,JUMPTRADE,NITEZERO,XTXEXST,XTXDP,XTXMID,COWENLP,BARCDP,JUMPLP,OLDMCLP,RBCCMALP,WALLBETH,IBEOS,JONES,GSLP,BLUEOCEAN,USIBSILP,OVERNIGHT,JANEMID,IBATSEOS,HRTZERO,VIRTUALGO,G1XLP,VIRTUMID,GLOBALXLP,CTDLMID,TPLUS0,JUMPMID,CLOSEOUT,T24X",
    "listingExchange": "NASDAQ",
    "countryCode": "US",
    "name": "NVIDIA CORP",
    "lastTradingDay": null,
    "group": "Semiconductors",
    "sector": "Technology",
    "sectorGroup": "Electronic Compo-Semicon",
    "ticker": "NVDA",
    "type": "COMMON",
    "hasOptions": true,
    "fullName": "NVDA",
    "isUS": true,
    "isEventContract": false,
    "pageSize": 100
  },
  {
    "acctId": "DUP561175",
    "conid": 270639,
    "contractDesc": "INTC",
    "position": -25.0,
    "mktPrice": 42.0400009,
    "mktValue": -1051.0,
    "currency": "USD",
    "avgCost": 43.269805,
    "avgPrice": 43.269805,
    "realizedPnl": 0.0,
    "unrealizedPnl": 30.75,
    "exchs": null,
    "expiry": null,
    "putOrCall": null,
    "multiplier": 0.0,
    "strike": "0",
    "exerciseStyle": null,
    "conExchMap": [],
    "assetClass": "STK",
    "undConid": 0,
    "model": "",
    "baseMktValue": -796.4244784116745,
    "baseMktPrice": 31.85697981846701,
    "baseAvgCost": 32.788898076213,
    "baseAvgPrice": 32.788898076213,
    "baseRealizedPnl": 0.0,
    "baseUnrealizedPnl": 23.301667660474777,
    "incrementRules": [
      {
        "lowerEdge": 0.0,
        "increment": 0.01
      }
    ],
    "displayRule": {
      "magnification": 0,
      "displayRuleStep": [
        {
          "decimalDigits": 2,
          "lowerEdge": 0.0,
          "wholeDigits": 4
        }
      ]
    },
    "time": 30,
    "chineseName": "&#x82F1;&#x7279;&#x5C14;&#x516C;&#x53F8;",
    "allExchanges": "AMEX,NYSE,CBOE,PHLX,CHX,ARCA,ISLAND,ISE,IDEAL,NASDAQQ,NASDAQ,DRCTEDGE,BEX,BATS,NITEECN,EDGEA,CSFBALGO,NYSENASD,PSX,BYX,ITG,PDQ,IBKRATS,CITADEL,NYSEDARK,MIAX,IBDARK,CITADELDP,NASDDARK,IEX,SUMMER,FINRA,LIQITG,UBSDARK,BTIG,VIRTU,JEFF,OPCO,DBK,JPMC,EDGX,JANE,FRACSHARE,RBCALGO,VIRTUDP,FOXRIVER,NITEEXST,PEARL,GSDARK,NITERTL,NYSENAT,IEXMID,HRT,FLOWTRADE,HRTDP,JANELP,PEAK6,CTDLZERO,HRTMID,JANEZERO,HRTEXST,IMCLP,LTSE,SOCGENDP,MEMX,INTELCROS,VIRTUBYIN,JUMPTRADE,NITEZERO,XTXEXST,XTXDP,XTXMID,COWENLP,BARCDP,JUMPLP,OLDMCLP,RBCCMALP,WALLBETH,IBEOS,JONES,GSLP,BLUEOCEAN,USIBSILP,OVERNIGHT,JANEMID,IBATSEOS,HRTZERO,VIRTUALGO,G1XLP,VIRTUMID,GLOBALXLP,CTDLMID,TPLUS0,JUMPMID,CLOSEOUT,T24X",
    "listingExchange": "NASDAQ",
    "countryCode": "US",
    "name": "INTEL CORP",
    "lastTradingDay": null,
    "group": "Semiconductors",
    "sector": "Technology",
    "sectorGroup": "Electronic Compo-Semicon",
    "ticker": "INTC",
    "type": "COMMON",
    "hasOptions": true,
    "fullName": "INTC",
    "isUS": true,
    "isEventContract": false,
    "pageSize": 100
  },
  {
    "acctId": "DUP561175",
    "conid": 787273575,
    "contractDesc": "RKLB",
    "position": -6.0,
    "mktPrice": 59.58818815,
    "mktValue": -357.53,
    "currency": "USD",
    "avgCost": 59.93313835,
    "avgPrice": 59.93313835,
    "realizedPnl": 0.0,
    "unrealizedPnl": 2.07,
    "exchs": null,
    "expiry": null,
    "putOrCall": null,
    "multiplier": 0.0,
    "strike": "0",
    "exerciseStyle": null,
    "conExchMap": [],
    "assetClass": "STK",
    "undConid": 0,
    "model": "",
    "baseMktValue": -270.9283004438877,
    "baseMktPrice": 45.15460672393956,
    "baseAvgCost": 45.41600233108799,
    "baseAvgPrice": 45.41600233108799,
    "baseRealizedPnl": 0.0,
    "baseUnrealizedPnl": 1.568600066900253,
    "incrementRules": [
      {
        "lowerEdge": 0.0,
        "increment": 0.01
      }
    ],
    "displayRule": {
      "magnification": 0,
      "displayRuleStep": [
        {
          "decimalDigits": 2,
          "lowerEdge": 0.0,
          "wholeDigits": 4
        }
      ]
    },
    "time": 29,
    "chineseName": "Rocket Lab&#x516C;&#x53F8;",
    "allExchanges": "AMEX,NYSE,CBOE,PHLX,CHX,ARCA,ISLAND,ISE,IDEAL,NASDAQ,DRCTEDGE,BEX,BATS,NITEECN,EDGEA,CSFBALGO,NYSENASD,PSX,BYX,ITG,PDQ,IBKRATS,CITADEL,NYSEDARK,MIAX,IBDARK,CITADELDP,NASDDARK,IEX,SUMMER,FINRA,LIQITG,UBSDARK,BTIG,VIRTU,JEFF,OPCO,DBK,JPMC,EDGX,JANE,FRACSHARE,RBCALGO,VIRTUDP,FOXRIVER,NITEEXST,PEARL,GSDARK,NITERTL,NYSENAT,IEXMID,HRT,FLOWTRADE,HRTDP,JANELP,PEAK6,CTDLZERO,HRTMID,JANEZERO,HRTEXST,IMCLP,LTSE,SOCGENDP,MEMX,INTELCROS,VIRTUBYIN,JUMPTRADE,NITEZERO,XTXEXST,XTXDP,XTXMID,COWENLP,BARCDP,JUMPLP,OLDMCLP,RBCCMALP,WALLBETH,IBEOS,JONES,GSLP,BLUEOCEAN,USIBSILP,OVERNIGHT,JANEMID,IBATSEOS,HRTZERO,VIRTUALGO,G1XLP,VIRTUMID,GLOBALXLP,CTDLMID,TPLUS0,JUMPMID,CLOSEOUT,T24X",
    "listingExchange": "NASDAQ",
    "countryCode": "US",
    "name": "ROCKET LAB CORP",
    "lastTradingDay": null,
    "group": "Aerospace/Defense",
    "sector": "Industrial",
    "sectorGroup": "Aerospace/Defense",
    "ticker": "RKLB",
    "type": "COMMON",
    "hasOptions": true,
    "fullName": "RKLB",
    "isUS": true,
    "isEventContract": false,
    "pageSize": 100
  },
  {
    "acctId": "DUP561175",
    "conid": 195014116,
    "contractDesc": "SHOP",
    "position": -6.0,
    "mktPrice": 113.7929764,
    "mktValue": -682.76,
    "currency": "USD",
    "avgCost": 111.32647165,
    "avgPrice": 111.32647165,
    "realizedPnl": 0.0,
    "unrealizedPnl": -14.8,
    "exchs": null,
    "expiry": null,
    "putOrCall": null,
    "multiplier": 0.0,
    "strike": "0",
    "exerciseStyle": null,
    "conExchMap": [],
    "assetClass": "STK",
    "undConid": 0,
    "model": "",
    "baseMktValue": -517.3803776216507,
    "baseMktPrice": 86.2297924607821,
    "baseAvgCost": 84.36072989273389,
    "baseAvgPrice": 84.36072989273389,
    "baseRealizedPnl": 0.0,
    "baseUnrealizedPnl": -11.215111589431764,
    "incrementRules": [
      {
        "lowerEdge": 0.0,
        "increment": 0.01
      }
    ],
    "displayRule": {
      "magnification": 0,
      "displayRuleStep": [
        {
          "decimalDigits": 2,
          "lowerEdge": 0.0,
          "wholeDigits": 4
        }
      ]
    },
    "time": 45,
    "chineseName": "Shopify&#x80A1;&#x4EFD;&#x6709;&#x9650;&#x516C;&#x53F8;",
    "allExchanges": "AMEX,NYSE,CBOE,PHLX,CHX,ARCA,ISLAND,ISE,IDEAL,NASDAQQ,NASDAQ,DRCTEDGE,BEX,BATS,NITEECN,EDGEA,CSFBALGO,NYSENASD,PSX,BYX,ITG,PDQ,IBKRATS,CITADEL,NYSEDARK,MIAX,IBDARK,CITADELDP,NASDDARK,IEX,SUMMER,FINRA,LIQITG,UBSDARK,BTIG,VIRTU,JEFF,OPCO,DBK,JPMC,EDGX,JANE,FRACSHARE,RBCALGO,VIRTUDP,FOXRIVER,NITEEXST,PEARL,NITERTL,NYSENAT,IEXMID,HRT,FLOWTRADE,HRTDP,JANELP,PEAK6,CTDLZERO,HRTMID,JANEZERO,HRTEXST,IMCLP,LTSE,SOCGENDP,MEMX,INTELCROS,VIRTUBYIN,JUMPTRADE,NITEZERO,XTXEXST,XTXDP,XTXMID,COWENLP,BARCDP,JUMPLP,OLDMCLP,RBCCMALP,WALLBETH,IBEOS,JONES,GSLP,BLUEOCEAN,USIBSILP,OVERNIGHT,JANEMID,IBATSEOS,HRTZERO,VIRTUALGO,G1XLP,VIRTUMID,GLOBALXLP,CTDLMID,TPLUS0,JUMPMID,CLOSEOUT,T24X",
    "listingExchange": "NASDAQ",
    "countryCode": "US",
    "name": "SHOPIFY INC - CLASS A",
    "lastTradingDay": null,
    "group": "Internet",
    "sector": "Communications",
    "sectorGroup": "Internet Applic Sftwr",
    "ticker": "SHOP",
    "type": "COMMON",
    "hasOptions": true,
    "fullName": "SHOP",
    "isUS": true,
    "isEventContract": false,
    "pageSize": 100
  },
  {
    "acctId": "DUP561175",
    "conid": 789044667,
    "contractDesc": "CRCL",
    "position": -16.0,
    "mktPrice": 93.30532835,
    "mktValue": -1492.89,
    "currency": "USD",
    "avgCost": 95.137305,
    "avgPrice": 95.137305,
    "realizedPnl": 0.0,
    "unrealizedPnl": 29.31,
    "exchs": null,
    "expiry": null,
    "putOrCall": null,
    "multiplier": 0.0,
    "strike": "0",
    "exerciseStyle": null,
    "conExchMap": [],
    "assetClass": "STK",
    "undConid": 0,
    "model": "",
    "baseMktValue": -1131.2789149153234,
    "baseMktPrice": 70.70470738742034,
    "baseAvgCost": 72.0929386414057,
    "baseAvgPrice": 72.0929386414057,
    "baseRealizedPnl": 0.0,
    "baseUnrealizedPnl": 22.21046761393547,
    "incrementRules": [
      {
        "lowerEdge": 0.0,
        "increment": 0.01
      }
    ],
    "displayRule": {
      "magnification": 0,
      "displayRuleStep": [
        {
          "decimalDigits": 2,
          "lowerEdge": 0.0,
          "wholeDigits": 4
        }
      ]
    },
    "time": 28,
    "chineseName": "Circle&#x4E92;&#x8054;&#x7F51;&#x96C6;&#x56E2;&#x516C;&#x53F8;",
    "allExchanges": "AMEX,NYSE,CBOE,PHLX,CHX,ARCA,ISLAND,ISE,IDEAL,DRCTEDGE,BEX,BATS,NITEECN,EDGEA,CSFBALGO,PSX,BYX,ITG,PDQ,IBKRATS,NYSEFLOOR,CITADEL,NYSEDARK,MIAX,IBDARK,CITADELDP,NASDDARK,IEX,SUMMER,FINRA,LIQITG,UBSDARK,BTIG,VIRTU,JEFF,OPCO,DBK,JPMC,EDGX,JANE,FRACSHARE,RBCALGO,VIRTUDP,FOXRIVER,NITEEXST,PEARL,NITERTL,NYSENAT,IEXMID,HRT,FLOWTRADE,HRTDP,JANELP,PEAK6,CTDLZERO,HRTMID,JANEZERO,HRTEXST,IMCLP,LTSE,SOCGENDP,MEMX,INTELCROS,VIRTUBYIN,JUMPTRADE,NITEZERO,XTXEXST,XTXDP,XTXMID,COWENLP,BARCDP,JUMPLP,OLDMCLP,RBCCMALP,WALLBETH,IBEOS,JONES,GSLP,BLUEOCEAN,USIBSILP,OVERNIGHT,JANEMID,IBATSEOS,HRTZERO,VIRTUALGO,G1XLP,VIRTUMID,GLOBALXLP,CTDLMID,TPLUS0,JUMPMID,CLOSEOUT,T24X",
    "listingExchange": "NYSE",
    "countryCode": "US",
    "name": "CIRCLE INTERNET GROUP INC",
    "lastTradingDay": null,
    "group": "Diversified Finan Serv",
    "sector": "Financial",
    "sectorGroup": "Finance-Other Services",
    "ticker": "CRCL",
    "type": "COMMON",
    "hasOptions": true,
    "fullName": "CRCL",
    "isUS": true,
    "isEventContract": false,
    "pageSize": 100
  },
  {
    "acctId": "DUP561175",
    "conid": 10174,
    "contractDesc": "NEM",
    "position": -32.0,
    "mktPrice": 104.4300003,
    "mktValue": -3341.76,
    "currency": "USD",
    "avgCost": 104.092305,
    "avgPrice": 104.092305,
    "realizedPnl": 0.0,
    "unrealizedPnl": -10.81,
    "exchs": null,
    "expiry": null,
    "putOrCall": null,
    "multiplier": 0.0,
    "strike": "0",
    "exerciseStyle": null,
    "conExchMap": [],
    "assetClass": "STK",
    "undConid": 0,
    "model": "",
    "baseMktValue": -2532.3115746688845,
    "baseMktPrice": 79.13473693573597,
    "baseAvgCost": 78.87883893082201,
    "baseAvgPrice": 78.87883893082201,
    "baseRealizedPnl": 0.0,
    "baseUnrealizedPnl": -8.191578127145767,
    "incrementRules": [
      {
        "lowerEdge": 0.0,
        "increment": 0.01
      }
    ],
    "displayRule": {
      "magnification": 0,
      "displayRuleStep": [
        {
          "decimalDigits": 2,
          "lowerEdge": 0.0,
          "wholeDigits": 4
        }
      ]
    },
    "time": 30,
    "chineseName": "&#x7EBD;&#x8499;&#x9EC4;&#x91D1;&#x516C;&#x53F8;",
    "allExchanges": "AMEX,NYSE,CBOE,PHLX,CHX,ARCA,ISLAND,ISE,IDEAL,NASDAQQ,DRCTEDGE,BEX,BATS,NITEECN,EDGEA,CSFBALGO,PSX,BYX,ITG,PDQ,IBKRATS,NYSEFLOOR,CITADEL,NYSEDARK,MIAX,IBDARK,CITADELDP,NASDDARK,IEX,SUMMER,FINRA,LIQITG,UBSDARK,BTIG,VIRTU,JEFF,OPCO,DBK,JPMC,EDGX,JANE,FRACSHARE,RBCALGO,VIRTUDP,FOXRIVER,NITEEXST,PEARL,GSDARK,NITERTL,NYSENAT,IEXMID,HRT,FLOWTRADE,HRTDP,JANELP,PEAK6,CTDLZERO,HRTMID,JANEZERO,HRTEXST,IMCLP,LTSE,SOCGENDP,MEMX,INTELCROS,VIRTUBYIN,JUMPTRADE,NITEZERO,XTXEXST,XTXDP,XTXMID,COWENLP,BARCDP,JUMPLP,OLDMCLP,RBCCMALP,WALLBETH,IBEOS,JONES,GSLP,BLUEOCEAN,USIBSILP,OVERNIGHT,JANEMID,IBATSEOS,HRTZERO,VIRTUALGO,G1XLP,VIRTUMID,GLOBALXLP,CTDLMID,TPLUS0,JUMPMID,CLOSEOUT,T24X",
    "listingExchange": "NYSE",
    "countryCode": "US",
    "name": "NEWMONT CORP",
    "lastTradingDay": null,
    "group": "Mining",
    "sector": "Basic Materials",
    "sectorGroup": "Gold Mining",
    "ticker": "NEM",
    "type": "COMMON",
    "hasOptions": true,
    "fullName": "NEM",
    "isUS": true,
    "isEventContract": false,
    "pageSize": 100
  }
]
PS C:\Users\Dmytro Govor\Downloads\clientportal.gw>
PS C:\Users\Dmytro Govor\Downloads\clientportal.gw> Read-Host "Press Enter to exit"
Press Enter to exit: