[CFG] ib_host=127.0.0.1 ib_port=4002 ib_client_id=41
[CFG] ib_exchange=SMART ib_order_type=LMT ib_outside_rth=1
[CFG] ib_lmt_price_buy_bps=10.0 ib_lmt_price_sell_bps=10.0 ib_lmt_price_min_abs=0.01
[IB] connecting host=127.0.0.1 port=4002 client_id=41
[IB] openOrderEnd
[IB] managedAccounts=DUP561175
[IB] nextValidId=24
[IB] connected next_valid_id=24 managed_accounts=DUP561175
[IB][ERROR] reqId=-1 code=2104 msg=Market data farm connection is OK:usfarm
[IB][ERROR] reqId=-1 code=2106 msg=HMDS data farm connection is OK:ushmds
[IB][ERROR] reqId=-1 code=2158 msg=Sec-def data farm connection is OK:secdefil
[IB] openOrderEnd
[IB] initial positions refresh skipped by config
[BROKER][optimal] orders=artifacts\execution_loop\optimal\orders.csv
[BROKER][optimal][SUMMARY] sent=0 duplicate_skipped=4 errors=0 fills_csv=artifacts\execution_loop\optimal\fills.csv broker_log_json=artifacts\execution_loop\optimal\broker_log.json
[BROKER][aggressive] orders=artifacts\execution_loop\aggressive\orders.csv
[BROKER][aggressive][SUMMARY] sent=0 duplicate_skipped=6 errors=0 fills_csv=artifacts\execution_loop\aggressive\fills.csv broker_log_json=artifacts\execution_loop\aggressive\broker_log.json
[FINAL] IBKR broker adapter complete




{
  "broker_account_id": "",
  "broker_name": "MEXEM",
  "broker_platform": "IBKR",
  "config": "aggressive",
  "created_at_utc": "2026-03-28T07:24:46Z",
  "orders": {
    "0a0774038f4a27349478f3efd053a9b9db3e8b2d4b5db1a8c052e4b8daf2a617": {
      "broker_order_id": "5",
      "broker_symbol": "CRCL",
      "client_order_id": "pe-0a0774038f4a27349478f3ef",
      "config": "aggressive",
      "date": "2026-03-25",
      "fill_notional": 0.0,
      "filled_at": "",
      "filled_avg_price": 103.86,
      "filled_qty": 0.0,
      "mode": "ibkr_gateway",
      "order_notional": 1661.76,
      "perm_id": 540635526,
      "qty": 16.0,
      "remaining_qty": 16.0,
      "request": {
        "account": "",
        "client_id": 42,
        "fractional_probe": 0,
        "host": "127.0.0.1",
        "min_tick": 0.01,
        "order_notional": 1661.76,
        "order_type": "LMT",
        "outside_rth": 1,
        "port": 4002,
        "price_hint": 103.86,
        "qty": 16.0,
        "raw_limit_price": 103.75614,
        "rounded_limit_price": 103.75,
        "tif": "DAY"
      },
      "response": {
        "avg_fill_price": 0.0,
        "fills": [],
        "ib_order_id": 5,
        "last_fill_price": 0.0,
        "perm_id": 540635526,
        "status": "Submitted"
      },
      "side": "SELL",
      "source_order_path": "artifacts\\execution_loop\\aggressive\\orders.csv",
      "status": "submitted",
      "submitted_at": "2026-03-29T18:38:04Z",
      "symbol": "CRCL",
      "updated_at_utc": "2026-03-29T18:38:05Z"
    },
    "25fe3f2b9ed68e136f00566f77b3c64f71fa32b496a2e2fb1f843d86123faa55": {
      "broker_order_id": "16",
      "broker_symbol": "INTC",
      "client_order_id": "pe-25fe3f2b9ed68e136f00566f",
      "config": "aggressive",
      "date": "2026-03-25",
      "fill_notional": 0.0,
      "filled_at": "",
      "filled_avg_price": 47.18,
      "filled_qty": 0.0,
      "mode": "ibkr_gateway",
      "order_notional": 1179.5,
      "perm_id": 160924226,
      "qty": 25.0,
      "remaining_qty": 25.0,
      "request": {
        "account": "",
        "client_id": 41,
        "host": "127.0.0.1",
        "order_type": "MKT",
        "outside_rth": 0,
        "port": 4002,
        "tif": "DAY"
      },
      "response": {
        "avg_fill_price": 0.0,
        "fills": [],
        "ib_order_id": 16,
        "last_fill_price": 0.0,
        "perm_id": 160924226,
        "status": "PreSubmitted"
      },
      "side": "SELL",
      "source_order_path": "artifacts\\execution_loop\\aggressive\\orders.csv",
      "status": "presubmitted",
      "submitted_at": "2026-03-28T07:24:56Z",
      "symbol": "INTC",
      "updated_at_utc": "2026-03-28T07:24:58Z"
    },
    "2a0e6e622510b8e9cde02cc15e3408e2ca84d183ac3707cac20f1430e3e458d0": {
      "broker_order_id": "7",
      "broker_symbol": "INTC",
      "client_order_id": "pe-2a0e6e622510b8e9cde02cc1",
      "config": "aggressive",
      "date": "2026-03-25",
      "fill_notional": 0.0,
      "filled_at": "",
      "filled_avg_price": 47.18,
      "filled_qty": 0.0,
      "mode": "ibkr_gateway",
      "order_notional": 1179.5,
      "perm_id": 540635528,
      "qty": 25.0,
      "remaining_qty": 25.0,
      "request": {
        "account": "",
        "client_id": 42,
        "fractional_probe": 0,
        "host": "127.0.0.1",
        "min_tick": 0.01,
        "order_notional": 1179.5,
        "order_type": "LMT",
        "outside_rth": 1,
        "port": 4002,
        "price_hint": 47.18,
        "qty": 25.0,
        "raw_limit_price": 47.13282,
        "rounded_limit_price": 47.13,
        "tif": "DAY"
      },
      "response": {
        "avg_fill_price": 0.0,
        "fills": [],
        "ib_order_id": 7,
        "last_fill_price": 0.0,
        "perm_id": 540635528,
        "status": "Submitted"
      },
      "side": "SELL",
      "source_order_path": "artifacts\\execution_loop\\aggressive\\orders.csv",
      "status": "submitted",
      "submitted_at": "2026-03-29T18:38:08Z",
      "symbol": "INTC",
      "updated_at_utc": "2026-03-29T18:38:10Z"
    },
    "31314f129bc5c677a0a27290de17e344326c3538b0ac0ee8a8dd901b85b2ba56": {
      "broker_order_id": "",
      "broker_symbol": "AAPL",
      "client_order_id": "pe-31314f129bc5c677a0a27290",
      "config": "aggressive",
      "date": "2026-03-28",
      "fill_notional": 0.0,
      "filled_at": "",
      "filled_avg_price": 0.0,
      "filled_qty": 0.0,
      "mode": "ibkr_gateway",
      "order_notional": 66.6,
      "perm_id": 0,
      "qty": 0.37,
      "remaining_qty": 0.37,
      "request": {
        "account": "",
        "allow_fractional": 1,
        "client_id": 42,
        "exchange": "SMART",
        "fractional_probe": 1,
        "host": "127.0.0.1",
        "order_type": "LMT",
        "outside_rth": 1,
        "port": 7497,
        "primary_exchange": "",
        "tif": "DAY"
      },
      "response": {
        "advanced_order_reject_json": "",
        "error": "IBKR API rejected fractional order code=10243: Fractional-sized order cannot be placed via API. Please use desktop version to place this order.",
        "error_code": 10243,
        "error_string": "Fractional-sized order cannot be placed via API. Please use desktop version to place this order.",
        "error_ts_utc": "2026-03-28T12:19:17Z"
      },
      "side": "BUY",
      "source_order_path": "artifacts\\execution_loop\\aggressive\\orders.csv",
      "status": "rejected_fractional_api",
      "submitted_at": "2026-03-28T12:19:47Z",
      "symbol": "AAPL",
      "updated_at_utc": "2026-03-28T12:19:47Z"
    },
    "31ea9aae8b10588ee51c8dc569ecceafe87e42f418d141f03fc07dc549def26a": {
      "broker_order_id": "13",
      "broker_symbol": "HOOD",
      "client_order_id": "pe-31ea9aae8b10588ee51c8dc5",
      "config": "aggressive",
      "date": "2026-03-25",
      "fill_notional": 0.0,
      "filled_at": "",
      "filled_avg_price": 100.0,
      "filled_qty": 0.0,
      "mode": "ibkr_gateway",
      "order_notional": 3700.0,
      "perm_id": 160924223,
      "qty": 37.0,
      "remaining_qty": 37.0,
      "request": {
        "account": "",
        "client_id": 41,
        "host": "127.0.0.1",
        "order_type": "MKT",
        "outside_rth": 0,
        "port": 4002,
        "tif": "DAY"
      },
      "response": {
        "avg_fill_price": 0.0,
        "fills": [],
        "ib_order_id": 13,
        "last_fill_price": 0.0,
        "perm_id": 160924223,
        "status": "PreSubmitted"
      },
      "side": "SELL",
      "source_order_path": "artifacts\\execution_loop\\aggressive\\orders.csv",
      "status": "presubmitted",
      "submitted_at": "2026-03-28T07:24:48Z",
      "symbol": "HOOD",
      "updated_at_utc": "2026-03-28T07:24:50Z"
    },
    "39a6d03d07f72e4e5699b8c0dce3a473294e4bddf1092eae6ce8137bd60a556d": {
      "broker_order_id": "",
      "broker_symbol": "RKLB",
      "client_order_id": "pe-39a6d03d07f72e4e5699b8c0",
      "config": "aggressive",
      "date": "2026-03-28",
      "fill_notional": 0.0,
      "filled_at": "",
      "filled_avg_price": 0.0,
      "filled_qty": 0.0,
      "mode": "ibkr_gateway",
      "order_notional": 4.625,
      "perm_id": 0,
      "qty": 0.37,
      "remaining_qty": 0.37,
      "request": {
        "account": "",
        "allow_fractional": 1,
        "client_id": 41,
        "exchange": "SMART",
        "fractional_probe": 1,
        "host": "127.0.0.1",
        "order_type": "LMT",
        "outside_rth": 1,
        "port": 4002,
        "primary_exchange": "",
        "tif": "DAY"
      },
      "response": {
        "advanced_order_reject_json": "",
        "error": "IBKR API rejected fractional order code=10243: Fractional-sized order cannot be placed via API. Please use desktop version to place this order.",
        "error_code": 10243,
        "error_string": "Fractional-sized order cannot be placed via API. Please use desktop version to place this order.",
        "error_ts_utc": "2026-03-28T08:42:25Z"
      },
      "side": "BUY",
      "source_order_path": "artifacts\\execution_loop\\aggressive\\orders.csv",
      "status": "rejected_fractional_api",
      "submitted_at": "2026-03-28T08:42:54Z",
      "symbol": "RKLB",
      "updated_at_utc": "2026-03-28T08:42:54Z"
    },
    "4db0336251102d6f2970538070718d39d0c0085ddf8fa00c8869b89851b2f48f": {
      "broker_order_id": "8",
      "broker_symbol": "RKLB",
      "client_order_id": "pe-4db0336251102d6f29705380",
      "config": "aggressive",
      "date": "2026-03-25",
      "fill_notional": 0.0,
      "filled_at": "",
      "filled_avg_price": 72.88,
      "filled_qty": 0.0,
      "mode": "ibkr_gateway",
      "order_notional": 437.28,
      "perm_id": 540635529,
      "qty": 6.0,
      "remaining_qty": 6.0,
      "request": {
        "account": "",
        "client_id": 42,
        "fractional_probe": 0,
        "host": "127.0.0.1",
        "min_tick": 0.01,
        "order_notional": 437.28,
        "order_type": "LMT",
        "outside_rth": 1,
        "port": 4002,
        "price_hint": 72.88,
        "qty": 6.0,
        "raw_limit_price": 72.80712,
        "rounded_limit_price": 72.8,
        "tif": "DAY"
      },
      "response": {
        "avg_fill_price": 0.0,
        "fills": [],
        "ib_order_id": 8,
        "last_fill_price": 0.0,
        "perm_id": 540635529,
        "status": "Submitted"
      },
      "side": "SELL",
      "source_order_path": "artifacts\\execution_loop\\aggressive\\orders.csv",
      "status": "submitted",
      "submitted_at": "2026-03-29T18:38:11Z",
      "symbol": "RKLB",
      "updated_at_utc": "2026-03-29T18:38:12Z"
    },
    "636c46d7e21f1758c51d9422a15b2750416560a58b7af9e462b1818306a4700a": {
      "broker_order_id": "15",
      "broker_symbol": "NEM",
      "client_order_id": "pe-636c46d7e21f1758c51d9422",
      "config": "aggressive",
      "date": "2026-03-25",
      "fill_notional": 0.0,
      "filled_at": "",
      "filled_avg_price": 101.52,
      "filled_qty": 0.0,
      "mode": "ibkr_gateway",
      "order_notional": 1624.32,
      "perm_id": 160924225,
      "qty": 16.0,
      "remaining_qty": 16.0,
      "request": {
        "account": "",
        "client_id": 41,
        "host": "127.0.0.1",
        "order_type": "MKT",
        "outside_rth": 0,
        "port": 4002,
        "tif": "DAY"
      },
      "response": {
        "avg_fill_price": 0.0,
        "fills": [],
        "ib_order_id": 15,
        "last_fill_price": 0.0,
        "perm_id": 160924225,
        "status": "PreSubmitted"
      },
      "side": "SELL",
      "source_order_path": "artifacts\\execution_loop\\aggressive\\orders.csv",
      "status": "presubmitted",
      "submitted_at": "2026-03-28T07:24:54Z",
      "symbol": "NEM",
      "updated_at_utc": "2026-03-28T07:24:55Z"
    },
    "7663d388df6740364bd75150e779fa850a2282c9c308c9123fc9b26e34309ee2": {
      "broker_order_id": "6",
      "broker_symbol": "NEM",
      "client_order_id": "pe-7663d388df6740364bd75150",
      "config": "aggressive",
      "date": "2026-03-25",
      "fill_notional": 0.0,
      "filled_at": "",
      "filled_avg_price": 101.52,
      "filled_qty": 0.0,
      "mode": "ibkr_gateway",
      "order_notional": 1624.32,
      "perm_id": 540635527,
      "qty": 16.0,
      "remaining_qty": 16.0,
      "request": {
        "account": "",
        "client_id": 42,
        "fractional_probe": 0,
        "host": "127.0.0.1",
        "min_tick": 0.01,
        "order_notional": 1624.32,
        "order_type": "LMT",
        "outside_rth": 1,
        "port": 4002,
        "price_hint": 101.52,
        "qty": 16.0,
        "raw_limit_price": 101.41848,
        "rounded_limit_price": 101.41,
        "tif": "DAY"
      },
      "response": {
        "avg_fill_price": 0.0,
        "fills": [],
        "ib_order_id": 6,
        "last_fill_price": 0.0,
        "perm_id": 540635527,
        "status": "Submitted"
      },
      "side": "SELL",
      "source_order_path": "artifacts\\execution_loop\\aggressive\\orders.csv",
      "status": "submitted",
      "submitted_at": "2026-03-29T18:38:06Z",
      "symbol": "NEM",
      "updated_at_utc": "2026-03-29T18:38:08Z"
    },
    "a93cad7d2b2704038acd0599c3e8067f0b153f6337926533491c70eea8abfd5c": {
      "broker_order_id": "18",
      "broker_symbol": "SHOP",
      "client_order_id": "pe-a93cad7d2b2704038acd0599",
      "config": "aggressive",
      "date": "2026-03-25",
      "fill_notional": 0.0,
      "filled_at": "",
      "filled_avg_price": 100.0,
      "filled_qty": 0.0,
      "mode": "ibkr_gateway",
      "order_notional": 300.0,
      "perm_id": 160924228,
      "qty": 3.0,
      "remaining_qty": 3.0,
      "request": {
        "account": "",
        "client_id": 41,
        "host": "127.0.0.1",
        "order_type": "MKT",
        "outside_rth": 0,
        "port": 4002,
        "tif": "DAY"
      },
      "response": {
        "avg_fill_price": 0.0,
        "fills": [],
        "ib_order_id": 18,
        "last_fill_price": 0.0,
        "perm_id": 160924228,
        "status": "PreSubmitted"
      },
      "side": "SELL",
      "source_order_path": "artifacts\\execution_loop\\aggressive\\orders.csv",
      "status": "presubmitted",
      "submitted_at": "2026-03-28T07:25:02Z",
      "symbol": "SHOP",
      "updated_at_utc": "2026-03-28T07:25:03Z"
    },
    "b9b60a162cc9e44f96fb9e67dde7257a26e59ccf84ffb5f453602d60a3b779e5": {
      "broker_order_id": "17",
      "broker_symbol": "RKLB",
      "client_order_id": "pe-b9b60a162cc9e44f96fb9e67",
      "config": "aggressive",
      "date": "2026-03-25",
      "fill_notional": 0.0,
      "filled_at": "",
      "filled_avg_price": 72.88,
      "filled_qty": 0.0,
      "mode": "ibkr_gateway",
      "order_notional": 437.28,
      "perm_id": 160924227,
      "qty": 6.0,
      "remaining_qty": 6.0,
      "request": {
        "account": "",
        "client_id": 41,
        "host": "127.0.0.1",
        "order_type": "MKT",
        "outside_rth": 0,
        "port": 4002,
        "tif": "DAY"
      },
      "response": {
        "avg_fill_price": 0.0,
        "fills": [],
        "ib_order_id": 17,
        "last_fill_price": 0.0,
        "perm_id": 160924227,
        "status": "PreSubmitted"
      },
      "side": "SELL",
      "source_order_path": "artifacts\\execution_loop\\aggressive\\orders.csv",
      "status": "presubmitted",
      "submitted_at": "2026-03-28T07:24:59Z",
      "symbol": "RKLB",
      "updated_at_utc": "2026-03-28T07:25:01Z"
    },
    "cd80eff9db5e57bd8af7e0127c9001bc81667deaac6010469bfa2063973a2548": {
      "broker_order_id": "14",
      "broker_symbol": "CRCL",
      "client_order_id": "pe-cd80eff9db5e57bd8af7e012",
      "config": "aggressive",
      "date": "2026-03-25",
      "fill_notional": 0.0,
      "filled_at": "",
      "filled_avg_price": 103.86,
      "filled_qty": 0.0,
      "mode": "ibkr_gateway",
      "order_notional": 1661.76,
      "perm_id": 160924224,
      "qty": 16.0,
      "remaining_qty": 16.0,
      "request": {
        "account": "",
        "client_id": 41,
        "host": "127.0.0.1",
        "order_type": "MKT",
        "outside_rth": 0,
        "port": 4002,
        "tif": "DAY"
      },
      "response": {
        "avg_fill_price": 0.0,
        "fills": [],
        "ib_order_id": 14,
        "last_fill_price": 0.0,
        "perm_id": 160924224,
        "status": "PreSubmitted"
      },
      "side": "SELL",
      "source_order_path": "artifacts\\execution_loop\\aggressive\\orders.csv",
      "status": "presubmitted",
      "submitted_at": "2026-03-28T07:24:51Z",
      "symbol": "CRCL",
      "updated_at_utc": "2026-03-28T07:24:53Z"
    },
    "f6fe8284951d8f4b2780141fd0f9b9901deee3c83bf1a7caa9bf95b319fc9f7d": {
      "broker_order_id": "23",
      "broker_symbol": "HOOD",
      "client_order_id": "pe-f6fe8284951d8f4b2780141f",
      "config": "aggressive",
      "date": "2026-03-25",
      "fill_notional": 0.0,
      "filled_at": "",
      "filled_avg_price": 100.0,
      "filled_qty": 0.0,
      "mode": "ibkr_gateway",
      "order_notional": 3700.0,
      "perm_id": 160924229,
      "qty": 37.0,
      "remaining_qty": 37.0,
      "request": {
        "account": "",
        "client_id": 41,
        "fractional_probe": 0,
        "host": "127.0.0.1",
        "order_type": "LMT",
        "outside_rth": 1,
        "port": 4002,
        "tif": "DAY"
      },
      "response": {
        "avg_fill_price": 0.0,
        "fills": [],
        "ib_order_id": 23,
        "last_fill_price": 0.0,
        "perm_id": 160924229,
        "status": "Submitted"
      },
      "side": "SELL",
      "source_order_path": "artifacts\\execution_loop\\aggressive\\orders.csv",
      "status": "submitted",
      "submitted_at": "2026-03-28T08:40:18Z",
      "symbol": "HOOD",
      "updated_at_utc": "2026-03-28T08:40:20Z"
    },
    "ffb822532496ef239190a2b8b20472d7d460810884d5b023f7898999ea72f28f": {
      "broker_order_id": "28",
      "broker_symbol": "SHOP",
      "client_order_id": "pe-ffb822532496ef239190a2b8",
      "config": "aggressive",
      "date": "2026-03-25",
      "fill_notional": 0.0,
      "filled_at": "",
      "filled_avg_price": 100.0,
      "filled_qty": 0.0,
      "mode": "ibkr_gateway",
      "order_notional": 300.0,
      "perm_id": 160924230,
      "qty": 3.0,
      "remaining_qty": 3.0,
      "request": {
        "account": "",
        "client_id": 41,
        "fractional_probe": 0,
        "host": "127.0.0.1",
        "order_type": "LMT",
        "outside_rth": 1,
        "port": 4002,
        "tif": "DAY"
      },
      "response": {
        "avg_fill_price": 0.0,
        "fills": [],
        "ib_order_id": 28,
        "last_fill_price": 0.0,
        "perm_id": 160924230,
        "status": "Submitted"
      },
      "side": "SELL",
      "source_order_path": "artifacts\\execution_loop\\aggressive\\orders.csv",
      "status": "submitted",
      "submitted_at": "2026-03-28T08:42:23Z",
      "symbol": "SHOP",
      "updated_at_utc": "2026-03-28T08:42:24Z"
    }
  },
  "updated_at_utc": "2026-03-30T11:24:56Z"
}






{
  "broker": "MEXEM",
  "broker_account_id": "",
  "broker_name": "MEXEM",
  "broker_platform": "IBKR",
  "config": "optimal",
  "created_at_utc": "2026-03-27T14:56:55+00:00",
  "orders": {
    "098573120da484ac44eb4c46d1117c1cd4233db9bdd7630926cb232f078baa86": {
      "broker_order_id": "",
      "broker_symbol": "CRCL",
      "client_order_id": "pe-098573120da484ac44eb4c46",
      "config": "optimal",
      "date": "2026-03-25",
      "fill_notional": 0.0,
      "filled_at": "",
      "filled_avg_price": 103.86,
      "filled_qty": 0.0,
      "mode": "ibkr_gateway",
      "order_notional": 4985.28,
      "perm_id": 0,
      "qty": 48.0,
      "remaining_qty": 48.0,
      "request": {
        "account": "",
        "client_id": 41,
        "host": "127.0.0.1",
        "order_type": "MKT",
        "outside_rth": 0,
        "port": 4002,
        "tif": "DAY"
      },
      "response": {
        "avg_fill_price": 0.0,
        "fills": [],
        "ib_order_id": "",
        "last_fill_price": 0.0,
        "perm_id": 0,
        "status": ""
      },
      "side": "BUY",
      "source_order_path": "artifacts\\execution_loop\\optimal\\orders.csv",
      "status": "unknown",
      "submitted_at": "2026-03-27T14:57:26+00:00",
      "symbol": "CRCL",
      "updated_at_utc": "2026-03-27T14:57:26+00:00"
    },
    "0b229f2ecccf0a990f12771ef25c25a6f23f0ae49904b8f2abdb6d0f3985fa92": {
      "broker_order_id": "3",
      "broker_symbol": "NVDA",
      "client_order_id": "pe-0b229f2ecccf0a990f12771e",
      "config": "optimal",
      "date": "2026-03-27",
      "fill_notional": 0.0,
      "filled_at": "",
      "filled_avg_price": 118.4,
      "filled_qty": 0.0,
      "mode": "ibkr_gateway",
      "order_notional": 118.4,
      "perm_id": 540635524,
      "qty": 1.0,
      "remaining_qty": 1.0,
      "request": {
        "account": "",
        "client_id": 42,
        "fractional_probe": 0,
        "host": "127.0.0.1",
        "min_tick": 0.01,
        "order_notional": 118.4,
        "order_type": "LMT",
        "outside_rth": 1,
        "port": 4002,
        "price_hint": 118.4,
        "qty": 1.0,
        "raw_limit_price": 118.28160000000001,
        "rounded_limit_price": 118.28,
        "tif": "DAY"
      },
      "response": {
        "avg_fill_price": 0.0,
        "fills": [],
        "ib_order_id": 3,
        "last_fill_price": 0.0,
        "perm_id": 540635524,
        "status": "Submitted"
      },
      "side": "SELL",
      "source_order_path": "artifacts\\execution_loop\\optimal\\orders.csv",
      "status": "submitted",
      "submitted_at": "2026-03-29T18:37:59Z",
      "symbol": "NVDA",
      "updated_at_utc": "2026-03-29T18:38:00Z"
    },
    "189e402b7dbe6e5487e94794d6e8a3e182e0aebe5f1ab267dbf4bb1622335a9b": {
      "broker_order_id": "",
      "broker_symbol": "AMZN",
      "client_order_id": "pe-189e402b7dbe6e5487e94794",
      "config": "optimal",
      "date": "2026-03-27",
      "fill_notional": 0.0,
      "filled_at": "",
      "filled_avg_price": 201.7,
      "filled_qty": 0.0,
      "mode": "ibkr_gateway",
      "order_notional": 66.56,
      "perm_id": 0,
      "qty": 0.33,
      "remaining_qty": 0.33,
      "request": {
        "account": "DUP561175",
        "client_id": 41,
        "host": "127.0.0.1",
        "order_type": "MKT",
        "outside_rth": 0,
        "port": 4002,
        "tif": "DAY"
      },
      "response": {
        "avg_fill_price": 0.0,
        "fills": [],
        "ib_order_id": "",
        "last_fill_price": 0.0,
        "perm_id": 0,
        "status": ""
      },
      "side": "SELL",
      "source_order_path": "artifacts\\execution_loop\\optimal\\orders.csv",
      "status": "unknown",
      "submitted_at": "2026-03-27T15:46:25+00:00",
      "symbol": "AMZN",
      "updated_at_utc": "2026-03-27T15:46:25+00:00"
    },
    "45228bea7200d998cae3eeefa513395a45f9d9fcdce142f9b3325f588ab4da46": {
      "broker_order_id": "11",
      "broker_symbol": "NVDA",
      "client_order_id": "pe-45228bea7200d998cae3eeef",
      "config": "optimal",
      "date": "2026-03-27",
      "fill_notional": 168.44,
      "filled_at": "2026-03-27T16:39:56+00:00",
      "filled_avg_price": 168.44,
      "filled_qty": 1.0,
      "mode": "ibkr_gateway",
      "order_notional": 118.4,
      "perm_id": 754536164,
      "qty": 1.0,
      "remaining_qty": 0.0,
      "request": {
        "account": "DUP561175",
        "client_id": 41,
        "host": "127.0.0.1",
        "order_type": "MKT",
        "outside_rth": 0,
        "port": 4002,
        "tif": "DAY"
      },
      "response": {
        "avg_fill_price": 168.44,
        "fills": [
          {
            "avgPrice": 168.44,
            "cumQty": 1.0,
            "exec_id": "00025b45.69ce438f.01.01",
            "price": 168.44,
            "shares": 1.0,
            "side": "SLD",
            "time": "20260327  18:39:59"
          }
        ],
        "ib_order_id": 11,
        "last_fill_price": 168.44,
        "perm_id": 754536164,
        "status": "Filled"
      },
      "side": "SELL",
      "source_order_path": "artifacts\\execution_loop\\optimal\\orders.csv",
      "status": "filled",
      "submitted_at": "2026-03-27T16:39:55+00:00",
      "symbol": "NVDA",
      "updated_at_utc": "2026-03-27T16:39:56+00:00"
    },
    "8da82c599802e250b50499b02b47be7cca1c4933922c205a1c5648a4b3a610d3": {
      "broker_order_id": "9",
      "broker_symbol": "AAPL",
      "client_order_id": "pe-8da82c599802e250b50499b0",
      "config": "optimal",
      "date": "2026-03-27",
      "fill_notional": 251.82,
      "filled_at": "2026-03-27T16:39:50+00:00",
      "filled_avg_price": 251.82,
      "filled_qty": 1.0,
      "mode": "ibkr_gateway",
      "order_notional": 219.5,
      "perm_id": 754536162,
      "qty": 1.0,
      "remaining_qty": 0.0,
      "request": {
        "account": "DUP561175",
        "client_id": 41,
        "host": "127.0.0.1",
        "order_type": "MKT",
        "outside_rth": 0,
        "port": 4002,
        "tif": "DAY"
      },
      "response": {
        "avg_fill_price": 251.82,
        "fills": [
          {
            "avgPrice": 251.82,
            "cumQty": 1.0,
            "exec_id": "0000e0d5.69c713d1.01.01",
            "price": 251.82,
            "shares": 1.0,
            "side": "BOT",
            "time": "20260327  18:39:53"
          }
        ],
        "ib_order_id": 9,
        "last_fill_price": 251.82,
        "perm_id": 754536162,
        "status": "Filled"
      },
      "side": "BUY",
      "source_order_path": "artifacts\\execution_loop\\optimal\\orders.csv",
      "status": "filled",
      "submitted_at": "2026-03-27T16:39:48+00:00",
      "symbol": "AAPL",
      "updated_at_utc": "2026-03-27T16:39:50+00:00"
    },
    "9e83348cd2a2945e348170bee012aad085bfa7a3e09fe7b4d38dabdbfbe0720c": {
      "broker_order_id": "",
      "broker_symbol": "MSFT",
      "client_order_id": "pe-9e83348cd2a2945e348170be",
      "config": "optimal",
      "date": "2026-03-27",
      "fill_notional": 0.0,
      "filled_at": "",
      "filled_avg_price": 428.1,
      "filled_qty": 0.0,
      "mode": "ibkr_gateway",
      "order_notional": 102.74,
      "perm_id": 0,
      "qty": 0.24,
      "remaining_qty": 0.24,
      "request": {
        "account": "DUP561175",
        "client_id": 41,
        "host": "127.0.0.1",
        "order_type": "MKT",
        "outside_rth": 0,
        "port": 4002,
        "tif": "DAY"
      },
      "response": {
        "avg_fill_price": 0.0,
        "fills": [],
        "ib_order_id": "",
        "last_fill_price": 0.0,
        "perm_id": 0,
        "status": ""
      },
      "side": "BUY",
      "source_order_path": "artifacts\\execution_loop\\optimal\\orders.csv",
      "status": "unknown",
      "submitted_at": "2026-03-27T15:45:23+00:00",
      "symbol": "MSFT",
      "updated_at_utc": "2026-03-27T15:45:23+00:00"
    },
    "aa38da5f52f99e46a119cb01824be1e55f5a2c1bf1cf5fd5575299a21c2faab3": {
      "broker_order_id": "",
      "broker_symbol": "AAPL",
      "client_order_id": "pe-aa38da5f52f99e46a119cb01",
      "config": "optimal",
      "date": "2026-03-27",
      "fill_notional": 0.0,
      "filled_at": "",
      "filled_avg_price": 219.5,
      "filled_qty": 0.0,
      "mode": "ibkr_gateway",
      "order_notional": 81.22,
      "perm_id": 0,
      "qty": 0.37,
      "remaining_qty": 0.37,
      "request": {
        "account": "DUP561175",
        "client_id": 41,
        "host": "127.0.0.1",
        "order_type": "MKT",
        "outside_rth": 0,
        "port": 4002,
        "tif": "DAY"
      },
      "response": {
        "avg_fill_price": 0.0,
        "fills": [],
        "ib_order_id": "",
        "last_fill_price": 0.0,
        "perm_id": 0,
        "status": ""
      },
      "side": "BUY",
      "source_order_path": "artifacts\\execution_loop\\optimal\\orders.csv",
      "status": "unknown",
      "submitted_at": "2026-03-27T15:44:53+00:00",
      "symbol": "AAPL",
      "updated_at_utc": "2026-03-27T15:44:53+00:00"
    },
    "b88591f05813660c0f31d4d44937292d46ec7f8f218e56aefbc2cdd801fd8736": {
      "broker_order_id": "12",
      "broker_symbol": "AMZN",
      "client_order_id": "pe-b88591f05813660c0f31d4d4",
      "config": "optimal",
      "date": "2026-03-27",
      "fill_notional": 200.53,
      "filled_at": "2026-03-27T16:39:59+00:00",
      "filled_avg_price": 200.53,
      "filled_qty": 1.0,
      "mode": "ibkr_gateway",
      "order_notional": 201.7,
      "perm_id": 754536165,
      "qty": 1.0,
      "remaining_qty": 0.0,
      "request": {
        "account": "DUP561175",
        "client_id": 41,
        "host": "127.0.0.1",
        "order_type": "MKT",
        "outside_rth": 0,
        "port": 4002,
        "tif": "DAY"
      },
      "response": {
        "avg_fill_price": 200.53,
        "fills": [
          {
            "avgPrice": 200.53,
            "cumQty": 1.0,
            "exec_id": "0000e0d5.69c713ee.01.01",
            "price": 200.53,
            "shares": 1.0,
            "side": "SLD",
            "time": "20260327  18:40:02"
          }
        ],
        "ib_order_id": 12,
        "last_fill_price": 200.53,
        "perm_id": 754536165,
        "status": "Filled"
      },
      "side": "SELL",
      "source_order_path": "artifacts\\execution_loop\\optimal\\orders.csv",
      "status": "filled",
      "submitted_at": "2026-03-27T16:39:57+00:00",
      "symbol": "AMZN",
      "updated_at_utc": "2026-03-27T16:39:59+00:00"
    },
    "cde030811a0585642732ee9633a0c8b1c867499e9be39ce649854f0ae6247256": {
      "broker_order_id": "",
      "broker_symbol": "NVDA",
      "client_order_id": "pe-cde030811a0585642732ee96",
      "config": "optimal",
      "date": "2026-03-27",
      "fill_notional": 0.0,
      "filled_at": "",
      "filled_avg_price": 118.4,
      "filled_qty": 0.0,
      "mode": "ibkr_gateway",
      "order_notional": 48.54,
      "perm_id": 0,
      "qty": 0.41,
      "remaining_qty": 0.41,
      "request": {
        "account": "DUP561175",
        "client_id": 41,
        "host": "127.0.0.1",
        "order_type": "MKT",
        "outside_rth": 0,
        "port": 4002,
        "tif": "DAY"
      },
      "response": {
        "avg_fill_price": 0.0,
        "fills": [],
        "ib_order_id": "",
        "last_fill_price": 0.0,
        "perm_id": 0,
        "status": ""
      },
      "side": "SELL",
      "source_order_path": "artifacts\\execution_loop\\optimal\\orders.csv",
      "status": "unknown",
      "submitted_at": "2026-03-27T15:45:54+00:00",
      "symbol": "NVDA",
      "updated_at_utc": "2026-03-27T15:45:54+00:00"
    },
    "d21ba42f2b3fb17604f2014dc07c5f6974832a5097528ddc903893a255289b33": {
      "broker_order_id": "",
      "broker_symbol": "NEM",
      "client_order_id": "pe-d21ba42f2b3fb17604f2014d",
      "config": "optimal",
      "date": "2026-03-25",
      "fill_notional": 0.0,
      "filled_at": "",
      "filled_avg_price": 101.52,
      "filled_qty": 0.0,
      "mode": "ibkr_gateway",
      "order_notional": 4974.48,
      "perm_id": 0,
      "qty": 49.0,
      "remaining_qty": 49.0,
      "request": {
        "account": "",
        "client_id": 41,
        "host": "127.0.0.1",
        "order_type": "MKT",
        "outside_rth": 0,
        "port": 4002,
        "tif": "DAY"
      },
      "response": {
        "avg_fill_price": 0.0,
        "fills": [],
        "ib_order_id": "",
        "last_fill_price": 0.0,
        "perm_id": 0,
        "status": ""
      },
      "side": "BUY",
      "source_order_path": "artifacts\\execution_loop\\optimal\\orders.csv",
      "status": "unknown",
      "submitted_at": "2026-03-27T14:57:57+00:00",
      "symbol": "NEM",
      "updated_at_utc": "2026-03-27T14:57:57+00:00"
    },
    "d76595b188fb79242d649e8c0798729867eb2f83013033172f29ae1a15ae4fb1": {
      "broker_order_id": "2",
      "broker_symbol": "MSFT",
      "client_order_id": "pe-d76595b188fb79242d649e8c",
      "config": "optimal",
      "date": "2026-03-27",
      "fill_notional": 0.0,
      "filled_at": "",
      "filled_avg_price": 428.1,
      "filled_qty": 0.0,
      "mode": "ibkr_gateway",
      "order_notional": 428.1,
      "perm_id": 540635523,
      "qty": 1.0,
      "remaining_qty": 1.0,
      "request": {
        "account": "",
        "client_id": 42,
        "fractional_probe": 0,
        "host": "127.0.0.1",
        "min_tick": 0.01,
        "order_notional": 428.1,
        "order_type": "LMT",
        "outside_rth": 1,
        "port": 4002,
        "price_hint": 428.1,
        "qty": 1.0,
        "raw_limit_price": 428.5281,
        "rounded_limit_price": 428.53,
        "tif": "DAY"
      },
      "response": {
        "avg_fill_price": 0.0,
        "fills": [],
        "ib_order_id": 2,
        "last_fill_price": 0.0,
        "perm_id": 540635523,
        "status": "Submitted"
      },
      "side": "BUY",
      "source_order_path": "artifacts\\execution_loop\\optimal\\orders.csv",
      "status": "submitted",
      "submitted_at": "2026-03-29T18:37:56Z",
      "symbol": "MSFT",
      "updated_at_utc": "2026-03-29T18:37:58Z"
    },
    "d8f1f793174cedbf2eeba1e39ddb83376106c4a0204eefbcd7d9f6662038b40e": {
      "broker_order_id": "10",
      "broker_symbol": "MSFT",
      "client_order_id": "pe-d8f1f793174cedbf2eeba1e3",
      "config": "optimal",
      "date": "2026-03-27",
      "fill_notional": 359.55,
      "filled_at": "2026-03-27T16:39:52+00:00",
      "filled_avg_price": 359.55,
      "filled_qty": 1.0,
      "mode": "ibkr_gateway",
      "order_notional": 428.1,
      "perm_id": 754536163,
      "qty": 1.0,
      "remaining_qty": 0.0,
      "request": {
        "account": "DUP561175",
        "client_id": 41,
        "host": "127.0.0.1",
        "order_type": "MKT",
        "outside_rth": 0,
        "port": 4002,
        "tif": "DAY"
      },
      "response": {
        "avg_fill_price": 359.55,
        "fills": [
          {
            "avgPrice": 359.55,
            "cumQty": 1.0,
            "exec_id": "0000dc8f.6a0d0b6e.01.01",
            "price": 359.55,
            "shares": 1.0,
            "side": "BOT",
            "time": "20260327  18:39:55"
          }
        ],
        "ib_order_id": 10,
        "last_fill_price": 359.55,
        "perm_id": 754536163,
        "status": "Filled"
      },
      "side": "BUY",
      "source_order_path": "artifacts\\execution_loop\\optimal\\orders.csv",
      "status": "filled",
      "submitted_at": "2026-03-27T16:39:51+00:00",
      "symbol": "MSFT",
      "updated_at_utc": "2026-03-27T16:39:52+00:00"
    },
    "f6f1585ea949ed84617cb29aca0777b9e8436b9e5259ec8ba625de69a9bf7b3d": {
      "broker_order_id": "4",
      "broker_symbol": "AMZN",
      "client_order_id": "pe-f6f1585ea949ed84617cb29a",
      "config": "optimal",
      "date": "2026-03-27",
      "fill_notional": 0.0,
      "filled_at": "",
      "filled_avg_price": 201.7,
      "filled_qty": 0.0,
      "mode": "ibkr_gateway",
      "order_notional": 201.7,
      "perm_id": 540635525,
      "qty": 1.0,
      "remaining_qty": 1.0,
      "request": {
        "account": "",
        "client_id": 42,
        "fractional_probe": 0,
        "host": "127.0.0.1",
        "min_tick": 0.01,
        "order_notional": 201.7,
        "order_type": "LMT",
        "outside_rth": 1,
        "port": 4002,
        "price_hint": 201.7,
        "qty": 1.0,
        "raw_limit_price": 201.4983,
        "rounded_limit_price": 201.49,
        "tif": "DAY"
      },
      "response": {
        "avg_fill_price": 0.0,
        "fills": [],
        "ib_order_id": 4,
        "last_fill_price": 0.0,
        "perm_id": 540635525,
        "status": "Submitted"
      },
      "side": "SELL",
      "source_order_path": "artifacts\\execution_loop\\optimal\\orders.csv",
      "status": "submitted",
      "submitted_at": "2026-03-29T18:38:01Z",
      "symbol": "AMZN",
      "updated_at_utc": "2026-03-29T18:38:03Z"
    },
    "f8517c89ebfe574b2eb7427b1e27c1bc9d30e36827a158800a5a0892d101889d": {
      "broker_order_id": "1",
      "broker_symbol": "AAPL",
      "client_order_id": "pe-f8517c89ebfe574b2eb7427b",
      "config": "optimal",
      "date": "2026-03-27",
      "fill_notional": 0.0,
      "filled_at": "",
      "filled_avg_price": 219.5,
      "filled_qty": 0.0,
      "mode": "ibkr_gateway",
      "order_notional": 219.5,
      "perm_id": 540635522,
      "qty": 1.0,
      "remaining_qty": 1.0,
      "request": {
        "account": "",
        "client_id": 42,
        "fractional_probe": 0,
        "host": "127.0.0.1",
        "min_tick": 0.01,
        "order_notional": 219.5,
        "order_type": "LMT",
        "outside_rth": 1,
        "port": 4002,
        "price_hint": 219.5,
        "qty": 1.0,
        "raw_limit_price": 219.7195,
        "rounded_limit_price": 219.72,
        "tif": "DAY"
      },
      "response": {
        "avg_fill_price": 0.0,
        "fills": [],
        "ib_order_id": 1,
        "last_fill_price": 0.0,
        "perm_id": 540635522,
        "status": "Submitted"
      },
      "side": "BUY",
      "source_order_path": "artifacts\\execution_loop\\optimal\\orders.csv",
      "status": "submitted",
      "submitted_at": "2026-03-29T18:37:54Z",
      "symbol": "AAPL",
      "updated_at_utc": "2026-03-29T18:37:56Z"
    }
  },
  "platform": "IBKR",
  "updated_at_utc": "2026-03-30T11:24:56Z"
}





idempotency_key,client_order_id,broker_order_id,perm_id,config,source_order_path,date,symbol,broker_symbol,side,qty,filled_qty,remaining_qty,price_hint,filled_avg_price,order_notional,fill_notional,status,submitted_at,filled_at,mode
098573120da484ac44eb4c46d1117c1cd4233db9bdd7630926cb232f078baa86,pe-098573120da484ac44eb4c46,,0,optimal,artifacts\execution_loop\optimal\orders.csv,2026-03-25,CRCL,CRCL,BUY,48.0,0.0,48.0,103.86,103.86,4985.28,0.0,unknown,2026-03-27T14:57:26+00:00,,ibkr_gateway
d21ba42f2b3fb17604f2014dc07c5f6974832a5097528ddc903893a255289b33,pe-d21ba42f2b3fb17604f2014d,,0,optimal,artifacts\execution_loop\optimal\orders.csv,2026-03-25,NEM,NEM,BUY,49.0,0.0,49.0,101.52,101.52,4974.48,0.0,unknown,2026-03-27T14:57:57+00:00,,ibkr_gateway
8da82c599802e250b50499b02b47be7cca1c4933922c205a1c5648a4b3a610d3,pe-8da82c599802e250b50499b0,9,754536162,optimal,artifacts\execution_loop\optimal\orders.csv,2026-03-27,AAPL,AAPL,BUY,1.0,1.0,0.0,219.5,251.82,219.5,251.82,duplicate_skipped:filled,2026-03-27T16:39:48+00:00,2026-03-27T16:39:50+00:00,ibkr_gateway
aa38da5f52f99e46a119cb01824be1e55f5a2c1bf1cf5fd5575299a21c2faab3,pe-aa38da5f52f99e46a119cb01,,0,optimal,artifacts\execution_loop\optimal\orders.csv,2026-03-27,AAPL,AAPL,BUY,0.37,0.0,0.37,219.5,219.5,81.22,0.0,unknown,2026-03-27T15:44:53+00:00,,ibkr_gateway
f8517c89ebfe574b2eb7427b1e27c1bc9d30e36827a158800a5a0892d101889d,pe-f8517c89ebfe574b2eb7427b,1.0,540635522,optimal,artifacts\execution_loop\optimal\orders.csv,2026-03-27,AAPL,AAPL,BUY,1.0,0.0,1.0,219.5,219.5,219.5,0.0,submitted,2026-03-29T18:37:54Z,,ibkr_gateway
189e402b7dbe6e5487e94794d6e8a3e182e0aebe5f1ab267dbf4bb1622335a9b,pe-189e402b7dbe6e5487e94794,,0,optimal,artifacts\execution_loop\optimal\orders.csv,2026-03-27,AMZN,AMZN,SELL,0.33,0.0,0.33,201.7,201.7,66.56,0.0,unknown,2026-03-27T15:46:25+00:00,,ibkr_gateway
b88591f05813660c0f31d4d44937292d46ec7f8f218e56aefbc2cdd801fd8736,pe-b88591f05813660c0f31d4d4,12,754536165,optimal,artifacts\execution_loop\optimal\orders.csv,2026-03-27,AMZN,AMZN,SELL,1.0,1.0,0.0,201.7,200.53,201.7,200.53,duplicate_skipped:filled,2026-03-27T16:39:57+00:00,2026-03-27T16:39:59+00:00,ibkr_gateway
f6f1585ea949ed84617cb29aca0777b9e8436b9e5259ec8ba625de69a9bf7b3d,pe-f6f1585ea949ed84617cb29a,4.0,540635525,optimal,artifacts\execution_loop\optimal\orders.csv,2026-03-27,AMZN,AMZN,SELL,1.0,0.0,1.0,201.7,201.7,201.7,0.0,submitted,2026-03-29T18:38:01Z,,ibkr_gateway
9e83348cd2a2945e348170bee012aad085bfa7a3e09fe7b4d38dabdbfbe0720c,pe-9e83348cd2a2945e348170be,,0,optimal,artifacts\execution_loop\optimal\orders.csv,2026-03-27,MSFT,MSFT,BUY,0.24,0.0,0.24,428.1,428.1,102.74,0.0,unknown,2026-03-27T15:45:23+00:00,,ibkr_gateway
d76595b188fb79242d649e8c0798729867eb2f83013033172f29ae1a15ae4fb1,pe-d76595b188fb79242d649e8c,2.0,540635523,optimal,artifacts\execution_loop\optimal\orders.csv,2026-03-27,MSFT,MSFT,BUY,1.0,0.0,1.0,428.1,428.1,428.1,0.0,submitted,2026-03-29T18:37:56Z,,ibkr_gateway
d8f1f793174cedbf2eeba1e39ddb83376106c4a0204eefbcd7d9f6662038b40e,pe-d8f1f793174cedbf2eeba1e3,10,754536163,optimal,artifacts\execution_loop\optimal\orders.csv,2026-03-27,MSFT,MSFT,BUY,1.0,1.0,0.0,428.1,359.55,428.1,359.55,duplicate_skipped:filled,2026-03-27T16:39:51+00:00,2026-03-27T16:39:52+00:00,ibkr_gateway
0b229f2ecccf0a990f12771ef25c25a6f23f0ae49904b8f2abdb6d0f3985fa92,pe-0b229f2ecccf0a990f12771e,3.0,540635524,optimal,artifacts\execution_loop\optimal\orders.csv,2026-03-27,NVDA,NVDA,SELL,1.0,0.0,1.0,118.4,118.4,118.4,0.0,submitted,2026-03-29T18:37:59Z,,ibkr_gateway
45228bea7200d998cae3eeefa513395a45f9d9fcdce142f9b3325f588ab4da46,pe-45228bea7200d998cae3eeef,11,754536164,optimal,artifacts\execution_loop\optimal\orders.csv,2026-03-27,NVDA,NVDA,SELL,1.0,1.0,0.0,118.4,168.44,118.4,168.44,duplicate_skipped:filled,2026-03-27T16:39:55+00:00,2026-03-27T16:39:56+00:00,ibkr_gateway
cde030811a0585642732ee9633a0c8b1c867499e9be39ce649854f0ae6247256,pe-cde030811a0585642732ee96,,0,optimal,artifacts\execution_loop\optimal\orders.csv,2026-03-27,NVDA,NVDA,SELL,0.41,0.0,0.41,118.4,118.4,48.54,0.0,unknown,2026-03-27T15:45:54+00:00,,ibkr_gateway







idempotency_key,client_order_id,broker_order_id,perm_id,config,source_order_path,date,symbol,broker_symbol,side,qty,filled_qty,remaining_qty,price_hint,filled_avg_price,order_notional,fill_notional,status,submitted_at,filled_at,mode
0a0774038f4a27349478f3efd053a9b9db3e8b2d4b5db1a8c052e4b8daf2a617,pe-0a0774038f4a27349478f3ef,5.0,540635526,aggressive,artifacts\execution_loop\aggressive\orders.csv,2026-03-25,CRCL,CRCL,SELL,16.0,0.0,16.0,103.86,103.86,1661.76,0.0,submitted,2026-03-29T18:38:04Z,,ibkr_gateway
cd80eff9db5e57bd8af7e0127c9001bc81667deaac6010469bfa2063973a2548,pe-cd80eff9db5e57bd8af7e012,14,160924224,aggressive,artifacts\execution_loop\aggressive\orders.csv,2026-03-25,CRCL,CRCL,SELL,16.0,0.0,16.0,103.86,103.86,1661.76,0.0,duplicate_skipped:presubmitted,2026-03-28T07:24:51Z,,ibkr_gateway
31ea9aae8b10588ee51c8dc569ecceafe87e42f418d141f03fc07dc549def26a,pe-31ea9aae8b10588ee51c8dc5,13,160924223,aggressive,artifacts\execution_loop\aggressive\orders.csv,2026-03-25,HOOD,HOOD,SELL,37.0,0.0,37.0,100.0,100.0,3700.0,0.0,duplicate_skipped:presubmitted,2026-03-28T07:24:48Z,,ibkr_gateway
f6fe8284951d8f4b2780141fd0f9b9901deee3c83bf1a7caa9bf95b319fc9f7d,pe-f6fe8284951d8f4b2780141f,23.0,160924229,aggressive,artifacts\execution_loop\aggressive\orders.csv,2026-03-25,HOOD,HOOD,SELL,37.0,0.0,37.0,100.0,100.0,3700.0,0.0,duplicate_skipped:submitted,2026-03-28T08:40:18Z,,ibkr_gateway
25fe3f2b9ed68e136f00566f77b3c64f71fa32b496a2e2fb1f843d86123faa55,pe-25fe3f2b9ed68e136f00566f,16,160924226,aggressive,artifacts\execution_loop\aggressive\orders.csv,2026-03-25,INTC,INTC,SELL,25.0,0.0,25.0,47.18,47.18,1179.5,0.0,duplicate_skipped:presubmitted,2026-03-28T07:24:56Z,,ibkr_gateway
2a0e6e622510b8e9cde02cc15e3408e2ca84d183ac3707cac20f1430e3e458d0,pe-2a0e6e622510b8e9cde02cc1,7.0,540635528,aggressive,artifacts\execution_loop\aggressive\orders.csv,2026-03-25,INTC,INTC,SELL,25.0,0.0,25.0,47.18,47.18,1179.5,0.0,submitted,2026-03-29T18:38:08Z,,ibkr_gateway
636c46d7e21f1758c51d9422a15b2750416560a58b7af9e462b1818306a4700a,pe-636c46d7e21f1758c51d9422,15,160924225,aggressive,artifacts\execution_loop\aggressive\orders.csv,2026-03-25,NEM,NEM,SELL,16.0,0.0,16.0,101.52,101.52,1624.32,0.0,duplicate_skipped:presubmitted,2026-03-28T07:24:54Z,,ibkr_gateway
7663d388df6740364bd75150e779fa850a2282c9c308c9123fc9b26e34309ee2,pe-7663d388df6740364bd75150,6.0,540635527,aggressive,artifacts\execution_loop\aggressive\orders.csv,2026-03-25,NEM,NEM,SELL,16.0,0.0,16.0,101.52,101.52,1624.32,0.0,submitted,2026-03-29T18:38:06Z,,ibkr_gateway
4db0336251102d6f2970538070718d39d0c0085ddf8fa00c8869b89851b2f48f,pe-4db0336251102d6f29705380,8.0,540635529,aggressive,artifacts\execution_loop\aggressive\orders.csv,2026-03-25,RKLB,RKLB,SELL,6.0,0.0,6.0,72.88,72.88,437.28,0.0,submitted,2026-03-29T18:38:11Z,,ibkr_gateway
b9b60a162cc9e44f96fb9e67dde7257a26e59ccf84ffb5f453602d60a3b779e5,pe-b9b60a162cc9e44f96fb9e67,17,160924227,aggressive,artifacts\execution_loop\aggressive\orders.csv,2026-03-25,RKLB,RKLB,SELL,6.0,0.0,6.0,72.88,72.88,437.28,0.0,duplicate_skipped:presubmitted,2026-03-28T07:24:59Z,,ibkr_gateway
a93cad7d2b2704038acd0599c3e8067f0b153f6337926533491c70eea8abfd5c,pe-a93cad7d2b2704038acd0599,18,160924228,aggressive,artifacts\execution_loop\aggressive\orders.csv,2026-03-25,SHOP,SHOP,SELL,3.0,0.0,3.0,100.0,100.0,300.0,0.0,duplicate_skipped:presubmitted,2026-03-28T07:25:02Z,,ibkr_gateway
ffb822532496ef239190a2b8b20472d7d460810884d5b023f7898999ea72f28f,pe-ffb822532496ef239190a2b8,28.0,160924230,aggressive,artifacts\execution_loop\aggressive\orders.csv,2026-03-25,SHOP,SHOP,SELL,3.0,0.0,3.0,100.0,100.0,300.0,0.0,duplicate_skipped:submitted,2026-03-28T08:42:23Z,,ibkr_gateway
31314f129bc5c677a0a27290de17e344326c3538b0ac0ee8a8dd901b85b2ba56,pe-31314f129bc5c677a0a27290,,0,aggressive,artifacts\execution_loop\aggressive\orders.csv,2026-03-28,AAPL,AAPL,BUY,0.37,0.0,0.37,180.0,0.0,66.6,0.0,rejected_fractional_api,2026-03-28T12:19:47Z,,ibkr_gateway
39a6d03d07f72e4e5699b8c0dce3a473294e4bddf1092eae6ce8137bd60a556d,pe-39a6d03d07f72e4e5699b8c0,,0,aggressive,artifacts\execution_loop\aggressive\orders.csv,2026-03-28,RKLB,RKLB,BUY,0.37,0.0,0.37,12.5,0.0,4.625,0.0,rejected_fractional_api,2026-03-28T08:42:54Z,,ibkr_gateway








