PS C:\Users\Dmytro Govor\Documents\Python-Edge> python .\scripts\run_broker_adapter_ibkr.py
[CFG] ib_host=127.0.0.1 ib_port=4002 ib_client_id=52
[CFG] ib_exchange=SMART ib_order_type=LMT ib_outside_rth=1
[CFG] ib_lmt_price_buy_bps=10.0 ib_lmt_price_sell_bps=10.0 ib_lmt_price_min_abs=0.01 retry_202_enabled=1 retry_202_max_retries=2 retry_202_clip_ticks=2 retry_202_buy_steps=[7.0, 5.0, 3.0] retry_202_sell_steps=[7.0, 5.0, 3.0]
[CFG] poll_after_submit=1 poll_attempts=6 poll_sleep_sec=1.5 final_status_poll_enabled=1 final_status_poll_attempts=20 final_status_poll_sleep_sec=3.0
[IB] connecting host=127.0.0.1 port=4002 client_id=52
[IB] openOrderEnd
[IB] managedAccounts=DUP561175
[IB] nextValidId=11
[IB] connected next_valid_id=11 managed_accounts=DUP561175
[IB][ERROR] reqId=-1 code=2104 msg=Market data farm connection is OK:usfarm
[IB][ERROR] reqId=-1 code=2107 msg=HMDS data farm connection is inactive but should be available upon demand.ushmds
[IB][ERROR] reqId=-1 code=2158 msg=Sec-def data farm connection is OK:secdefil
[IB] openOrderEnd
[IB] initial positions refresh skipped by config
[BROKER][optimal] orders=artifacts\execution_loop\optimal\orders.csv
[BROKER][optimal][SUMMARY] sent=0 duplicate_skipped=4 errors=0 retry_202=0 filled_now=0 partial=0 working=0 failed=0 unknown=0 fills_csv=artifacts\execution_loop\optimal\fills.csv broker_log_json=artifacts\execution_loop\optimal\broker_log.json
[BROKER][aggressive] orders=artifacts\execution_loop\aggressive\orders.csv
[BROKER][aggressive][SUMMARY] sent=0 duplicate_skipped=6 errors=0 retry_202=0 filled_now=0 partial=0 working=0 failed=0 unknown=0 fills_csv=artifacts\execution_loop\aggressive\fills.csv broker_log_json=artifacts\execution_loop\aggressive\broker_log.json
[FINAL] IBKR broker adapter complete

[EXIT] code=0