{
  "config": "aggressive",
  "fallback_needed": 0,
  "ib_only": 1,
  "ib_rows": 1,
  "ib_total": 1,
  "live_rows": 1,
  "massive_rows": 0,
  "massive_used": 0,
  "price_sanity_fail": 0,
  "rows": 6,
  "symbols": 1,
  "updated": 1
}



{
  "broker_account_id": "DUP561175",
  "broker_name": "MEXEM",
  "broker_platform": "IBKR",
  "config": "aggressive",
  "created_at_utc": "2026-03-31T19:32:38Z",
  "orders": {
    "25fe3f2b9ed68e136f00566f77b3c64f71fa32b496a2e2fb1f843d86123faa55": {
      "broker_order_id": "",
      "broker_symbol": "INTC",
      "client_order_id": "pe-25fe3f2b9ed68e136f00566f",
      "config": "aggressive",
      "date": "2026-03-25",
      "fill_notional": 0.0,
      "filled_at": "",
      "filled_avg_price": 0.0,
      "filled_qty": 0.0,
      "mode": "ibkr_gateway",
      "order_notional": 1179.5,
      "perm_id": 0,
      "qty": 25.0,
      "remaining_qty": 25.0,
      "request": {
        "account": "DUP561175",
        "anchor_price": 47.18,
        "cap_price": 46.6,
        "client_id": 62,
        "contract_details_attempts": 1,
        "contract_details_fallback_used": 0,
        "contract_details_mode": "full",
        "final_limit_price": 47.13,
        "final_mode": "marketable_lmt",
        "final_step": 5,
        "host": "127.0.0.1",
        "outside_rth": 1,
        "port": 4002,
        "reprice_enabled": 1,
        "reprice_final_marketable_bps": 12.0,
        "reprice_final_mode": "marketable_lmt",
        "reprice_max_deviation_pct": 1.25,
        "reprice_steps_bps": [
          15.0,
          10.0,
          5.0,
          0.0
        ],
        "reprice_wait_sec": 8.0,
        "reprices_used": 4,
        "tif": "DAY"
      },
      "response": {
        "error": "Final capped price was not filled; order cancelled",
        "error_code": 0,
        "error_string": "",
        "outcome": "failed"
      },
      "side": "SELL",
      "source_order_path": "artifacts\\execution_loop\\aggressive\\orders.csv",
      "status": "cancelled_unfilled_cap",
      "submitted_at": "2026-03-31T19:35:25Z",
      "symbol": "INTC",
      "updated_at_utc": "2026-03-31T19:35:25Z"
    },
    "31ea9aae8b10588ee51c8dc569ecceafe87e42f418d141f03fc07dc549def26a": {
      "broker_order_id": "",
      "broker_symbol": "HOOD",
      "client_order_id": "pe-31ea9aae8b10588ee51c8dc5",
      "config": "aggressive",
      "date": "2026-03-25",
      "fill_notional": 0.0,
      "filled_at": "",
      "filled_avg_price": 0.0,
      "filled_qty": 0.0,
      "mode": "ibkr_gateway",
      "order_notional": 3700.0,
      "perm_id": 0,
      "qty": 37.0,
      "remaining_qty": 37.0,
      "request": {
        "account": "DUP561175",
        "anchor_price": 100.0,
        "cap_price": 98.75,
        "client_id": 62,
        "contract_details_attempts": 1,
        "contract_details_fallback_used": 0,
        "contract_details_mode": "full",
        "final_limit_price": 99.88,
        "final_mode": "marketable_lmt",
        "final_step": 5,
        "host": "127.0.0.1",
        "outside_rth": 1,
        "port": 4002,
        "reprice_enabled": 1,
        "reprice_final_marketable_bps": 12.0,
        "reprice_final_mode": "marketable_lmt",
        "reprice_max_deviation_pct": 1.25,
        "reprice_steps_bps": [
          15.0,
          10.0,
          5.0,
          0.0
        ],
        "reprice_wait_sec": 8.0,
        "reprices_used": 4,
        "tif": "DAY"
      },
      "response": {
        "error": "Final capped price was not filled; order cancelled",
        "error_code": 0,
        "error_string": "",
        "outcome": "failed"
      },
      "side": "SELL",
      "source_order_path": "artifacts\\execution_loop\\aggressive\\orders.csv",
      "status": "cancelled_unfilled_cap",
      "submitted_at": "2026-03-31T19:33:30Z",
      "symbol": "HOOD",
      "updated_at_utc": "2026-03-31T19:33:30Z"
    },
    "3c806ef97918e44a126d0edd3f5382ba6a0b8035c5fbc9c91591aa040f2ced52": {
      "broker_order_id": "136",
      "broker_symbol": "AXTI",
      "client_order_id": "pe-3c806ef97918e44a126d0edd",
      "config": "aggressive",
      "date": "2026-04-06",
      "fill_notional": 2753.52,
      "filled_at": "2026-04-06T16:42:40Z",
      "filled_avg_price": 41.72,
      "filled_qty": 66.0,
      "mode": "ibkr_gateway",
      "order_notional": 2756.82,
      "perm_id": 1809048188,
      "qty": 66.0,
      "remaining_qty": 0.0,
      "request": {
        "account": "",
        "anchor_price": 41.77,
        "broker_symbol": "AXTI",
        "cap_price": 42.29,
        "client_id": 41,
        "client_tag": "pe-3c806ef97918e44a126d0edd",
        "contract_currency": "USD",
        "contract_details_mode": "resolved",
        "contract_details_req_id": 800004,
        "contract_details_retries": 1,
        "contract_exchange": "SMART",
        "contract_local_symbol": "AXTI",
        "contract_min_tick": 0.0001,
        "contract_primary_exchange": "NASDAQ",
        "contract_raw_min_tick": 0.0001,
        "final_limit_price": 41.83,
        "final_mode": "passive_lmt",
        "final_step": 1,
        "host": "127.0.0.1",
        "order_side": "BUY",
        "outside_rth": 1,
        "port": 4002,
        "price_hint": 41.77,
        "qty": 66.0,
        "reprice_enabled": 1,
        "reprice_final_marketable_bps": 12.0,
        "reprice_final_mode": "marketable_lmt",
        "reprice_max_deviation_pct": 1.25,
        "reprice_steps_bps": [
          15.0,
          10.0,
          5.0,
          0.0
        ],
        "reprice_wait_sec": 8.0,
        "reprices_used": 0,
        "submitted_order": {
          "account": "",
          "exchange": "SMART",
          "lmtPrice": 41.83,
          "orderRef": "pe-3c806ef97918e44a126d0edd",
          "orderType": "LMT",
          "outsideRth": 1,
          "primaryExchange": "",
          "tif": "DAY",
          "totalQuantity": 66.0
        },
        "tif": "DAY"
      },
      "response": {
        "avg_fill_price": 41.72,
        "fills": [],
        "ib_order_id": 136,
        "last_fill_price": 41.72,
        "outcome": "filled_now",
        "perm_id": 1809048188,
        "status": "Filled"
      },
      "side": "BUY",
      "source_order_path": "artifacts\\execution_loop\\aggressive\\orders.csv",
      "status": "filled",
      "submitted_at": "2026-04-06T16:42:39Z",
      "symbol": "AXTI",
      "updated_at_utc": "2026-04-06T16:42:40Z"
    },
    "521623e9eb77f19b9f44154df85af736fd5c379ae52fef0e4b40c55fcd6c8669": {
      "broker_order_id": "",
      "broker_symbol": "AXTI",
      "client_order_id": "pe-521623e9eb77f19b9f44154d",
      "config": "aggressive",
      "date": "2026-04-06",
      "fill_notional": 0.0,
      "filled_at": "",
      "filled_avg_price": 0.0,
      "filled_qty": 0.0,
      "mode": "ibkr_gateway",
      "order_notional": 206.25,
      "perm_id": 0,
      "qty": 5.0,
      "remaining_qty": 5.0,
      "request": {
        "account": "",
        "anchor_price": 41.25,
        "broker_symbol": "AXTI",
        "cap_price": 41.76,
        "client_id": 41,
        "client_tag": "pe-521623e9eb77f19b9f44154d",
        "contract_currency": "USD",
        "contract_details_mode": "resolved",
        "contract_details_req_id": 800002,
        "contract_details_retries": 1,
        "contract_exchange": "SMART",
        "contract_local_symbol": "AXTI",
        "contract_min_tick": 0.0001,
        "contract_primary_exchange": "NASDAQ",
        "contract_raw_min_tick": 0.0001,
        "final_limit_price": 41.25,
        "final_mode": "marketable_lmt",
        "final_step": 4,
        "host": "127.0.0.1",
        "order_side": "BUY",
        "outside_rth": 1,
        "port": 4002,
        "price_hint": 41.25,
        "qty": 5.0,
        "reprice_enabled": 1,
        "reprice_final_marketable_bps": 12.0,
        "reprice_final_mode": "marketable_lmt",
        "reprice_max_deviation_pct": 1.25,
        "reprice_steps_bps": [
          15.0,
          10.0,
          5.0,
          0.0
        ],
        "reprice_wait_sec": 8.0,
        "reprices_used": 3,
        "submitted_order": {
          "account": "",
          "exchange": "SMART",
          "lmtPrice": 41.25,
          "orderRef": "pe-521623e9eb77f19b9f44154d",
          "orderType": "LMT",
          "outsideRth": 1,
          "primaryExchange": "",
          "tif": "DAY",
          "totalQuantity": 5.0
        },
        "tif": "DAY"
      },
      "response": {
        "error": "Final capped price was not filled; order cancelled",
        "error_code": 0,
        "error_string": "",
        "outcome": "failed"
      },
      "side": "BUY",
      "source_order_path": "artifacts\\execution_loop\\aggressive\\orders.csv",
      "status": "cancelled_unfilled_cap",
      "submitted_at": "2026-04-06T18:19:24Z",
      "symbol": "AXTI",
      "updated_at_utc": "2026-04-06T18:19:24Z"
    },
    "54d2f7159f4ca46e61efd1c8502e5f1cb1e188c03c64d98d83058df5f9d984db": {
      "broker_order_id": "137",
      "broker_symbol": "AAOI",
      "client_order_id": "pe-54d2f7159f4ca46e61efd1c8",
      "config": "aggressive",
      "date": "2026-04-06",
      "fill_notional": 2880.7999999999997,
      "filled_at": "2026-04-06T16:42:42Z",
      "filled_avg_price": 110.8,
      "filled_qty": 26.0,
      "mode": "ibkr_gateway",
      "order_notional": 2873.0,
      "perm_id": 1809048189,
      "qty": 26.0,
      "remaining_qty": 0.0,
      "request": {
        "account": "",
        "anchor_price": 110.5,
        "broker_symbol": "AAOI",
        "cap_price": 109.12,
        "client_id": 41,
        "client_tag": "pe-54d2f7159f4ca46e61efd1c8",
        "contract_currency": "USD",
        "contract_details_mode": "resolved",
        "contract_details_req_id": 800005,
        "contract_details_retries": 1,
        "contract_exchange": "SMART",
        "contract_local_symbol": "AAOI",
        "contract_min_tick": 0.0001,
        "contract_primary_exchange": "NASDAQ",
        "contract_raw_min_tick": 0.0001,
        "final_limit_price": 110.34,
        "final_mode": "passive_lmt",
        "final_step": 1,
        "host": "127.0.0.1",
        "order_side": "SELL",
        "outside_rth": 1,
        "port": 4002,
        "price_hint": 110.5,
        "qty": 26.0,
        "reprice_enabled": 1,
        "reprice_final_marketable_bps": 12.0,
        "reprice_final_mode": "marketable_lmt",
        "reprice_max_deviation_pct": 1.25,
        "reprice_steps_bps": [
          15.0,
          10.0,
          5.0,
          0.0
        ],
        "reprice_wait_sec": 8.0,
        "reprices_used": 0,
        "submitted_order": {
          "account": "",
          "exchange": "SMART",
          "lmtPrice": 110.34,
          "orderRef": "pe-54d2f7159f4ca46e61efd1c8",
          "orderType": "LMT",
          "outsideRth": 1,
          "primaryExchange": "",
          "tif": "DAY",
          "totalQuantity": 26.0
        },
        "tif": "DAY"
      },
      "response": {
        "avg_fill_price": 110.8,
        "fills": [],
        "ib_order_id": 137,
        "last_fill_price": 110.8,
        "outcome": "filled_now",
        "perm_id": 1809048189,
        "status": "Filled"
      },
      "side": "SELL",
      "source_order_path": "artifacts\\execution_loop\\aggressive\\orders.csv",
      "status": "filled",
      "submitted_at": "2026-04-06T16:42:41Z",
      "symbol": "AAOI",
      "updated_at_utc": "2026-04-06T16:42:42Z"
    },
    "636c46d7e21f1758c51d9422a15b2750416560a58b7af9e462b1818306a4700a": {
      "broker_order_id": "",
      "broker_symbol": "NEM",
      "client_order_id": "pe-636c46d7e21f1758c51d9422",
      "config": "aggressive",
      "date": "2026-03-25",
      "fill_notional": 0.0,
      "filled_at": "",
      "filled_avg_price": 0.0,
      "filled_qty": 0.0,
      "mode": "ibkr_gateway",
      "order_notional": 1624.32,
      "perm_id": 0,
      "qty": 16.0,
      "remaining_qty": 16.0,
      "request": {
        "account": "DUP561175",
        "anchor_price": 101.52,
        "cap_price": 100.26,
        "client_id": 62,
        "contract_details_attempts": 1,
        "contract_details_fallback_used": 0,
        "contract_details_mode": "full",
        "final_limit_price": 101.4,
        "final_mode": "marketable_lmt",
        "final_step": 5,
        "host": "127.0.0.1",
        "outside_rth": 1,
        "port": 4002,
        "reprice_enabled": 1,
        "reprice_final_marketable_bps": 12.0,
        "reprice_final_mode": "marketable_lmt",
        "reprice_max_deviation_pct": 1.25,
        "reprice_steps_bps": [
          15.0,
          10.0,
          5.0,
          0.0
        ],
        "reprice_wait_sec": 8.0,
        "reprices_used": 4,
        "tif": "DAY"
      },
      "response": {
        "error": "IBKR API error code=202: Order Canceled - reason:We cannot accept an order at a limit price at or more aggressive than 104.92186. Please submit your order <br>using a limit price that is closer to the current market price of 108.1.",
        "error_code": 202,
        "error_string": "Order Canceled - reason:We cannot accept an order at a limit price at or more aggressive than 104.92186. Please submit your order <br>using a limit price that is closer to the current market price of 108.1.",
        "outcome": "failed"
      },
      "side": "SELL",
      "source_order_path": "artifacts\\execution_loop\\aggressive\\orders.csv",
      "status": "error_api_202",
      "submitted_at": "2026-03-31T19:34:34Z",
      "symbol": "NEM",
      "updated_at_utc": "2026-03-31T19:34:34Z"
    },
    "a93cad7d2b2704038acd0599c3e8067f0b153f6337926533491c70eea8abfd5c": {
      "broker_order_id": "",
      "broker_symbol": "SHOP",
      "client_order_id": "pe-a93cad7d2b2704038acd0599",
      "config": "aggressive",
      "date": "2026-03-25",
      "fill_notional": 0.0,
      "filled_at": "",
      "filled_avg_price": 0.0,
      "filled_qty": 0.0,
      "mode": "ibkr_gateway",
      "order_notional": 300.0,
      "perm_id": 0,
      "qty": 3.0,
      "remaining_qty": 3.0,
      "request": {
        "account": "DUP561175",
        "anchor_price": 100.0,
        "cap_price": 98.75,
        "client_id": 62,
        "contract_details_attempts": 1,
        "contract_details_fallback_used": 0,
        "contract_details_mode": "full",
        "final_limit_price": 99.88,
        "final_mode": "marketable_lmt",
        "final_step": 5,
        "host": "127.0.0.1",
        "outside_rth": 1,
        "port": 4002,
        "reprice_enabled": 1,
        "reprice_final_marketable_bps": 12.0,
        "reprice_final_mode": "marketable_lmt",
        "reprice_max_deviation_pct": 1.25,
        "reprice_steps_bps": [
          15.0,
          10.0,
          5.0,
          0.0
        ],
        "reprice_wait_sec": 8.0,
        "reprices_used": 4,
        "tif": "DAY"
      },
      "response": {
        "error": "IBKR API error code=202: Order Canceled - reason:We cannot accept an order at a limit price at or more aggressive than 115.093748. Please submit your order <br>using a limit price that is closer to the current market price of 118.58.",
        "error_code": 202,
        "error_string": "Order Canceled - reason:We cannot accept an order at a limit price at or more aggressive than 115.093748. Please submit your order <br>using a limit price that is closer to the current market price of 118.58.",
        "outcome": "failed"
      },
      "side": "SELL",
      "source_order_path": "artifacts\\execution_loop\\aggressive\\orders.csv",
      "status": "error_api_202",
      "submitted_at": "2026-03-31T19:36:30Z",
      "symbol": "SHOP",
      "updated_at_utc": "2026-03-31T19:36:30Z"
    },
    "aa93d42f54f619d95b49add5ddf10f087d9f69626d67c8fc32493268ebe4d56e": {
      "broker_order_id": "130",
      "broker_symbol": "OKLO",
      "client_order_id": "pe-aa93d42f54f619d95b49add5",
      "config": "aggressive",
      "date": "2026-04-01",
      "fill_notional": 0.0,
      "filled_at": "",
      "filled_avg_price": 48.13,
      "filled_qty": 0.0,
      "mode": "ibkr_gateway",
      "order_notional": 144.39,
      "perm_id": 1110514264,
      "qty": 3.0,
      "remaining_qty": 3.0,
      "request": {
        "account": "",
        "anchor_price": 48.13,
        "broker_symbol": "OKLO",
        "cap_price": 48.730000000000004,
        "client_id": 41,
        "client_tag": "pe-aa93d42f54f619d95b49add5",
        "contract_currency": "USD",
        "contract_details_mode": "resolved",
        "contract_details_req_id": 800002,
        "contract_details_retries": 1,
        "contract_exchange": "SMART",
        "contract_local_symbol": "OKLO",
        "contract_min_tick": 0.01,
        "contract_primary_exchange": "NYSE",
        "contract_raw_min_tick": 0.01,
        "deferred_until": "2026-04-06 04:00:00 US/Eastern",
        "final_limit_price": 48.2,
        "final_mode": "passive_lmt",
        "final_step": 1,
        "host": "127.0.0.1",
        "ib_399_message": "Order Message: BUY 3 OKLO NYSE Your order will not be placed at the exchange until 2026-04-06 04:00:00 US/Eastern. If you want the order to  be active in the Pre-Market, Regular and After-Market sessions, a Limit type order is required and you must  add the attribute \"Fill/Trigger Outside RTH.\"",
        "order_side": "BUY",
        "outside_rth": 1,
        "port": 4002,
        "price_hint": 48.13,
        "qty": 3.0,
        "reprice_enabled": 1,
        "reprice_final_marketable_bps": 12.0,
        "reprice_final_mode": "marketable_lmt",
        "reprice_max_deviation_pct": 1.25,
        "reprice_steps_bps": [
          15.0,
          10.0,
          5.0,
          0.0
        ],
        "reprice_wait_sec": 8.0,
        "reprices_used": 0,
        "submitted_order": {
          "account": "",
          "exchange": "SMART",
          "lmtPrice": 48.2,
          "orderRef": "pe-aa93d42f54f619d95b49add5",
          "orderType": "LMT",
          "outsideRth": 1,
          "primaryExchange": "",
          "tif": "DAY",
          "totalQuantity": 3.0
        },
        "tif": "DAY"
      },
      "response": {
        "avg_fill_price": 0.0,
        "deferred_message": "IB deferred order until 2026-04-06 04:00:00 US/Eastern; leaving live at broker",
        "fills": [],
        "ib_order_id": 130,
        "last_fill_price": 0.0,
        "outcome": "working_carry",
        "perm_id": 1110514264,
        "status": "Submitted"
      },
      "side": "BUY",
      "source_order_path": "artifacts\\execution_loop\\aggressive\\orders.csv",
      "status": "submitted",
      "submitted_at": "2026-04-04T14:04:08Z",
      "symbol": "OKLO",
      "updated_at_utc": "2026-04-04T14:04:08Z"
    },
    "ae10a1703de70f846b97e477009c0edc2042b4022306e45c5512d9aa4399055d": {
      "broker_order_id": "135",
      "broker_symbol": "TSEM",
      "client_order_id": "pe-ae10a1703de70f846b97e477",
      "config": "aggressive",
      "date": "2026-04-06",
      "fill_notional": 5900.2300000000005,
      "filled_at": "2026-04-06T16:42:38Z",
      "filled_avg_price": 190.33,
      "filled_qty": 31.0,
      "mode": "ibkr_gateway",
      "order_notional": 5892.4800000000005,
      "perm_id": 1809048187,
      "qty": 31.0,
      "remaining_qty": 0.0,
      "request": {
        "account": "",
        "anchor_price": 190.08,
        "broker_symbol": "TSEM",
        "cap_price": 192.45000000000002,
        "client_id": 41,
        "client_tag": "pe-ae10a1703de70f846b97e477",
        "contract_currency": "USD",
        "contract_details_mode": "resolved",
        "contract_details_req_id": 800003,
        "contract_details_retries": 1,
        "contract_exchange": "SMART",
        "contract_local_symbol": "TSEM",
        "contract_min_tick": 0.01,
        "contract_primary_exchange": "NASDAQ",
        "contract_raw_min_tick": 0.01,
        "final_limit_price": 190.36,
        "final_mode": "passive_lmt",
        "final_step": 1,
        "host": "127.0.0.1",
        "order_side": "BUY",
        "outside_rth": 1,
        "port": 4002,
        "price_hint": 190.08,
        "qty": 31.0,
        "reprice_enabled": 1,
        "reprice_final_marketable_bps": 12.0,
        "reprice_final_mode": "marketable_lmt",
        "reprice_max_deviation_pct": 1.25,
        "reprice_steps_bps": [
          15.0,
          10.0,
          5.0,
          0.0
        ],
        "reprice_wait_sec": 8.0,
        "reprices_used": 0,
        "submitted_order": {
          "account": "",
          "exchange": "SMART",
          "lmtPrice": 190.36,
          "orderRef": "pe-ae10a1703de70f846b97e477",
          "orderType": "LMT",
          "outsideRth": 1,
          "primaryExchange": "",
          "tif": "DAY",
          "totalQuantity": 31.0
        },
        "tif": "DAY"
      },
      "response": {
        "avg_fill_price": 190.33,
        "fills": [],
        "ib_order_id": 135,
        "last_fill_price": 190.33,
        "outcome": "filled_now",
        "perm_id": 1809048187,
        "status": "Filled"
      },
      "side": "BUY",
      "source_order_path": "artifacts\\execution_loop\\aggressive\\orders.csv",
      "status": "filled",
      "submitted_at": "2026-04-06T16:42:37Z",
      "symbol": "TSEM",
      "updated_at_utc": "2026-04-06T16:42:38Z"
    },
    "b9b60a162cc9e44f96fb9e67dde7257a26e59ccf84ffb5f453602d60a3b779e5": {
      "broker_order_id": "",
      "broker_symbol": "RKLB",
      "client_order_id": "pe-b9b60a162cc9e44f96fb9e67",
      "config": "aggressive",
      "date": "2026-03-25",
      "fill_notional": 0.0,
      "filled_at": "",
      "filled_avg_price": 0.0,
      "filled_qty": 0.0,
      "mode": "ibkr_gateway",
      "order_notional": 437.28,
      "perm_id": 0,
      "qty": 6.0,
      "remaining_qty": 6.0,
      "request": {
        "account": "DUP561175",
        "anchor_price": 72.88,
        "cap_price": 71.97,
        "client_id": 62,
        "contract_details_attempts": 1,
        "contract_details_fallback_used": 0,
        "contract_details_mode": "full",
        "final_limit_price": 72.8,
        "final_mode": "marketable_lmt",
        "final_step": 5,
        "host": "127.0.0.1",
        "outside_rth": 1,
        "port": 4002,
        "reprice_enabled": 1,
        "reprice_final_marketable_bps": 12.0,
        "reprice_final_mode": "marketable_lmt",
        "reprice_max_deviation_pct": 1.25,
        "reprice_steps_bps": [
          15.0,
          10.0,
          5.0,
          0.0
        ],
        "reprice_wait_sec": 8.0,
        "reprices_used": 4,
        "tif": "DAY"
      },
      "response": {
        "error": "Final capped price was not filled; order cancelled",
        "error_code": 0,
        "error_string": "",
        "outcome": "failed"
      },
      "side": "SELL",
      "source_order_path": "artifacts\\execution_loop\\aggressive\\orders.csv",
      "status": "cancelled_unfilled_cap",
      "submitted_at": "2026-03-31T19:36:17Z",
      "symbol": "RKLB",
      "updated_at_utc": "2026-03-31T19:36:17Z"
    },
    "c28d0dac3401425da6238a63cf840ccd1a62abf4c64897b6416ce5d6d2bd1d2b": {
      "broker_order_id": "132",
      "broker_symbol": "TSEM",
      "client_order_id": "pe-c28d0dac3401425da6238a63",
      "config": "aggressive",
      "date": "2026-04-01",
      "fill_notional": 0.0,
      "filled_at": "",
      "filled_avg_price": 197.8,
      "filled_qty": 0.0,
      "mode": "ibkr_gateway",
      "order_notional": 197.8,
      "perm_id": 1110514266,
      "qty": 1.0,
      "remaining_qty": 1.0,
      "request": {
        "account": "",
        "anchor_price": 197.8,
        "broker_symbol": "TSEM",
        "cap_price": 195.33,
        "client_id": 41,
        "client_tag": "pe-c28d0dac3401425da6238a63",
        "contract_currency": "USD",
        "contract_details_mode": "resolved",
        "contract_details_req_id": 800004,
        "contract_details_retries": 1,
        "contract_exchange": "SMART",
        "contract_local_symbol": "TSEM",
        "contract_min_tick": 0.01,
        "contract_primary_exchange": "NASDAQ",
        "contract_raw_min_tick": 0.01,
        "deferred_until": "2026-04-06 04:00:00 US/Eastern",
        "final_limit_price": 197.51,
        "final_mode": "passive_lmt",
        "final_step": 1,
        "host": "127.0.0.1",
        "ib_399_message": "Order Message: SELL 1 TSEM NASDAQ.NMS Your order will not be placed at the exchange until 2026-04-06 04:00:00 US/Eastern. If you want the order to  be active in the Pre-Market, Regular and After-Market sessions, a Limit type order is required and you must  add the attribute \"Fill/Trigger Outside RTH.\"",
        "order_side": "SELL",
        "outside_rth": 1,
        "port": 4002,
        "price_hint": 197.8,
        "qty": 1.0,
        "reprice_enabled": 1,
        "reprice_final_marketable_bps": 12.0,
        "reprice_final_mode": "marketable_lmt",
        "reprice_max_deviation_pct": 1.25,
        "reprice_steps_bps": [
          15.0,
          10.0,
          5.0,
          0.0
        ],
        "reprice_wait_sec": 8.0,
        "reprices_used": 0,
        "submitted_order": {
          "account": "",
          "exchange": "SMART",
          "lmtPrice": 197.51,
          "orderRef": "pe-c28d0dac3401425da6238a63",
          "orderType": "LMT",
          "outsideRth": 1,
          "primaryExchange": "",
          "tif": "DAY",
          "totalQuantity": 1.0
        },
        "tif": "DAY"
      },
      "response": {
        "avg_fill_price": 0.0,
        "deferred_message": "IB deferred order until 2026-04-06 04:00:00 US/Eastern; leaving live at broker",
        "fills": [],
        "ib_order_id": 132,
        "last_fill_price": 0.0,
        "outcome": "working_carry",
        "perm_id": 1110514266,
        "status": "Submitted"
      },
      "side": "SELL",
      "source_order_path": "artifacts\\execution_loop\\aggressive\\orders.csv",
      "status": "submitted",
      "submitted_at": "2026-04-04T14:04:10Z",
      "symbol": "TSEM",
      "updated_at_utc": "2026-04-04T14:04:10Z"
    },
    "cd80eff9db5e57bd8af7e0127c9001bc81667deaac6010469bfa2063973a2548": {
      "broker_order_id": "",
      "broker_symbol": "CRCL",
      "client_order_id": "pe-cd80eff9db5e57bd8af7e012",
      "config": "aggressive",
      "date": "2026-03-25",
      "fill_notional": 0.0,
      "filled_at": "",
      "filled_avg_price": 0.0,
      "filled_qty": 0.0,
      "mode": "ibkr_gateway",
      "order_notional": 1661.76,
      "perm_id": 0,
      "qty": 16.0,
      "remaining_qty": 16.0,
      "request": {
        "account": "DUP561175",
        "anchor_price": 103.86,
        "cap_price": 102.57,
        "client_id": 62,
        "contract_details_attempts": 1,
        "contract_details_fallback_used": 0,
        "contract_details_mode": "full",
        "final_limit_price": 103.74,
        "final_mode": "marketable_lmt",
        "final_step": 5,
        "host": "127.0.0.1",
        "outside_rth": 1,
        "port": 4002,
        "reprice_enabled": 1,
        "reprice_final_marketable_bps": 12.0,
        "reprice_final_mode": "marketable_lmt",
        "reprice_max_deviation_pct": 1.25,
        "reprice_steps_bps": [
          15.0,
          10.0,
          5.0,
          0.0
        ],
        "reprice_wait_sec": 8.0,
        "reprices_used": 4,
        "tif": "DAY"
      },
      "response": {
        "error": "Final capped price was not filled; order cancelled",
        "error_code": 0,
        "error_string": "",
        "outcome": "failed"
      },
      "side": "SELL",
      "source_order_path": "artifacts\\execution_loop\\aggressive\\orders.csv",
      "status": "cancelled_unfilled_cap",
      "submitted_at": "2026-03-31T19:34:21Z",
      "symbol": "CRCL",
      "updated_at_utc": "2026-03-31T19:34:21Z"
    },
    "faeaad1bcfeefd3bf35c9158b7d4a908fedae5d3bb2b4e292cc38b9101d346b8": {
      "broker_order_id": "131",
      "broker_symbol": "NKE",
      "client_order_id": "pe-faeaad1bcfeefd3bf35c9158",
      "config": "aggressive",
      "date": "2026-04-01",
      "fill_notional": 0.0,
      "filled_at": "",
      "filled_avg_price": 44.19,
      "filled_qty": 0.0,
      "mode": "ibkr_gateway",
      "order_notional": 132.57,
      "perm_id": 1110514265,
      "qty": 3.0,
      "remaining_qty": 3.0,
      "request": {
        "account": "",
        "anchor_price": 44.19,
        "broker_symbol": "NKE",
        "cap_price": 44.74,
        "client_id": 41,
        "client_tag": "pe-faeaad1bcfeefd3bf35c9158",
        "contract_currency": "USD",
        "contract_details_mode": "resolved",
        "contract_details_req_id": 800003,
        "contract_details_retries": 1,
        "contract_exchange": "SMART",
        "contract_local_symbol": "NKE",
        "contract_min_tick": 0.01,
        "contract_primary_exchange": "NYSE",
        "contract_raw_min_tick": 0.01,
        "deferred_until": "2026-04-06 04:00:00 US/Eastern",
        "final_limit_price": 44.25,
        "final_mode": "passive_lmt",
        "final_step": 1,
        "host": "127.0.0.1",
        "ib_399_message": "Order Message: BUY 3 NKE NYSE Your order will not be placed at the exchange until 2026-04-06 04:00:00 US/Eastern. If you want the order to  be active in the Pre-Market, Regular and After-Market sessions, a Limit type order is required and you must  add the attribute \"Fill/Trigger Outside RTH.\"",
        "order_side": "BUY",
        "outside_rth": 1,
        "port": 4002,
        "price_hint": 44.19,
        "qty": 3.0,
        "reprice_enabled": 1,
        "reprice_final_marketable_bps": 12.0,
        "reprice_final_mode": "marketable_lmt",
        "reprice_max_deviation_pct": 1.25,
        "reprice_steps_bps": [
          15.0,
          10.0,
          5.0,
          0.0
        ],
        "reprice_wait_sec": 8.0,
        "reprices_used": 0,
        "submitted_order": {
          "account": "",
          "exchange": "SMART",
          "lmtPrice": 44.25,
          "orderRef": "pe-faeaad1bcfeefd3bf35c9158",
          "orderType": "LMT",
          "outsideRth": 1,
          "primaryExchange": "",
          "tif": "DAY",
          "totalQuantity": 3.0
        },
        "tif": "DAY"
      },
      "response": {
        "avg_fill_price": 0.0,
        "deferred_message": "IB deferred order until 2026-04-06 04:00:00 US/Eastern; leaving live at broker",
        "fills": [],
        "ib_order_id": 131,
        "last_fill_price": 0.0,
        "outcome": "working_carry",
        "perm_id": 1110514265,
        "status": "Submitted"
      },
      "side": "BUY",
      "source_order_path": "artifacts\\execution_loop\\aggressive\\orders.csv",
      "status": "submitted",
      "submitted_at": "2026-04-04T14:04:09Z",
      "symbol": "NKE",
      "updated_at_utc": "2026-04-04T14:04:09Z"
    }
  },
  "updated_at_utc": "2026-04-06T18:19:24Z"
}





{
  "config": "optimal",
  "fallback_needed": 0,
  "ib_only": 1,
  "ib_rows": 1,
  "ib_total": 1,
  "live_rows": 1,
  "massive_rows": 0,
  "massive_used": 0,
  "price_sanity_fail": 0,
  "rows": 6,
  "symbols": 1,
  "updated": 1
}




{
  "broker_account_id": "DUP561175",
  "broker_name": "MEXEM",
  "broker_platform": "IBKR",
  "config": "optimal",
  "created_at_utc": "2026-03-31T19:31:07Z",
  "orders": {
    "0524b18d9009d906b6f0b4a9113f508452034ebae3d5d953766aa1c35122dae9": {
      "broker_order_id": "79",
      "broker_symbol": "AAPL",
      "client_order_id": "pe-0524b18d9009d906b6f0b4a9",
      "config": "optimal",
      "date": "2026-03-27",
      "fill_notional": 254.22,
      "filled_at": "2026-04-01T18:32:49Z",
      "filled_avg_price": 254.22,
      "filled_qty": 1.0,
      "mode": "ibkr_gateway",
      "order_notional": 254.71,
      "perm_id": 1746756815,
      "qty": 1.0,
      "remaining_qty": 0.0,
      "request": {
        "account": "",
        "anchor_price": 254.71,
        "ask": 254.71,
        "bid": 254.68,
        "cap_price": 257.89,
        "client_id": 41,
        "close_price": 253.79,
        "contract_details_mode": "fallback_submit",
        "contract_details_req_id": 800006,
        "contract_details_retries": 3,
        "contract_min_tick": 0.01,
        "fallback_reason": "nan",
        "final_limit_price": 254.32,
        "final_mode": "passive_lmt",
        "final_step": 1,
        "host": "127.0.0.1",
        "last": 254.69,
        "mid": 254.695,
        "model_price_reference": 219.5,
        "outside_rth": 1,
        "port": 4002,
        "price_context": {
          "ask": 254.71,
          "bid": 254.68,
          "close_price": 253.79,
          "fallback_reason": "nan",
          "last": 254.69,
          "mid": 254.695,
          "model_price_reference": 219.5,
          "price_deviation_vs_model": 16.041002277904333,
          "price_hint_source": "ib_ask",
          "quote_market_data_type": 3,
          "quote_provider": "ib",
          "quote_timeframe": "DELAYED",
          "quote_ts": "2026-04-01T18:18:09Z",
          "spread_bps": 1.177879424409633
        },
        "price_deviation_vs_model": 16.041002277904333,
        "price_hint_source": "ib_ask",
        "quote_provider": "ib",
        "quote_timeframe": "DELAYED",
        "quote_ts": "2026-04-01T18:18:09Z",
        "reprice_enabled": 1,
        "reprice_final_marketable_bps": 12.0,
        "reprice_final_mode": "marketable_lmt",
        "reprice_max_deviation_pct": 1.25,
        "reprice_steps_bps": [
          15.0,
          10.0,
          5.0,
          0.0
        ],
        "reprice_wait_sec": 8.0,
        "reprices_used": 0,
        "spread_bps": 1.177879424409633,
        "tif": "DAY"
      },
      "response": {
        "avg_fill_price": 254.22,
        "fills": [],
        "ib_order_id": 79,
        "last_fill_price": 254.22,
        "outcome": "filled_now",
        "perm_id": 1746756815,
        "status": "Filled"
      },
      "side": "BUY",
      "source_order_path": "artifacts\\execution_loop\\optimal\\orders.csv",
      "status": "filled",
      "submitted_at": "2026-04-01T18:32:48Z",
      "symbol": "AAPL",
      "updated_at_utc": "2026-04-01T18:32:49Z"
    },
    "112ff033a30a979942dfcd034e6ca967696f24d6034ae47119b5c07f7cb5f641": {
      "broker_order_id": "133",
      "broker_symbol": "AXTI",
      "client_order_id": "pe-112ff033a30a979942dfcd03",
      "config": "optimal",
      "date": "2026-04-06",
      "fill_notional": 2544.92,
      "filled_at": "2026-04-06T16:42:35Z",
      "filled_avg_price": 41.72,
      "filled_qty": 61.0,
      "mode": "ibkr_gateway",
      "order_notional": 2547.9700000000003,
      "perm_id": 1809048185,
      "qty": 61.0,
      "remaining_qty": 0.0,
      "request": {
        "account": "",
        "anchor_price": 41.77,
        "broker_symbol": "AXTI",
        "cap_price": 42.29,
        "client_id": 41,
        "client_tag": "pe-112ff033a30a979942dfcd03",
        "contract_currency": "USD",
        "contract_details_mode": "resolved",
        "contract_details_req_id": 800001,
        "contract_details_retries": 1,
        "contract_exchange": "SMART",
        "contract_local_symbol": "AXTI",
        "contract_min_tick": 0.0001,
        "contract_primary_exchange": "NASDAQ",
        "contract_raw_min_tick": 0.0001,
        "final_limit_price": 41.83,
        "final_mode": "passive_lmt",
        "final_step": 1,
        "host": "127.0.0.1",
        "order_side": "BUY",
        "outside_rth": 1,
        "port": 4002,
        "price_hint": 41.77,
        "qty": 61.0,
        "reprice_enabled": 1,
        "reprice_final_marketable_bps": 12.0,
        "reprice_final_mode": "marketable_lmt",
        "reprice_max_deviation_pct": 1.25,
        "reprice_steps_bps": [
          15.0,
          10.0,
          5.0,
          0.0
        ],
        "reprice_wait_sec": 8.0,
        "reprices_used": 0,
        "submitted_order": {
          "account": "",
          "exchange": "SMART",
          "lmtPrice": 41.83,
          "orderRef": "pe-112ff033a30a979942dfcd03",
          "orderType": "LMT",
          "outsideRth": 1,
          "primaryExchange": "",
          "tif": "DAY",
          "totalQuantity": 61.0
        },
        "tif": "DAY"
      },
      "response": {
        "avg_fill_price": 41.72,
        "fills": [],
        "ib_order_id": 133,
        "last_fill_price": 41.72,
        "outcome": "filled_now",
        "perm_id": 1809048185,
        "status": "Filled"
      },
      "side": "BUY",
      "source_order_path": "artifacts\\execution_loop\\optimal\\orders.csv",
      "status": "filled",
      "submitted_at": "2026-04-06T16:42:34Z",
      "symbol": "AXTI",
      "updated_at_utc": "2026-04-06T16:42:35Z"
    },
    "1ad989c7c929b3d4c43a621902440571dcc433d4aceb2fc4175d382cc42ee873": {
      "broker_order_id": "129",
      "broker_symbol": "OKLO",
      "client_order_id": "pe-1ad989c7c929b3d4c43a6219",
      "config": "optimal",
      "date": "2026-04-01",
      "fill_notional": 0.0,
      "filled_at": "",
      "filled_avg_price": 48.13,
      "filled_qty": 0.0,
      "mode": "ibkr_gateway",
      "order_notional": 48.13,
      "perm_id": 1110514263,
      "qty": 1.0,
      "remaining_qty": 1.0,
      "request": {
        "account": "",
        "anchor_price": 48.13,
        "broker_symbol": "OKLO",
        "cap_price": 47.53,
        "client_id": 41,
        "client_tag": "pe-1ad989c7c929b3d4c43a6219",
        "contract_currency": "USD",
        "contract_details_mode": "resolved",
        "contract_details_req_id": 800001,
        "contract_details_retries": 1,
        "contract_exchange": "SMART",
        "contract_local_symbol": "OKLO",
        "contract_min_tick": 0.01,
        "contract_primary_exchange": "NYSE",
        "contract_raw_min_tick": 0.01,
        "deferred_until": "2026-04-06 04:00:00 US/Eastern",
        "final_limit_price": 48.06,
        "final_mode": "passive_lmt",
        "final_step": 1,
        "host": "127.0.0.1",
        "ib_399_message": "Order Message: SELL 1 OKLO NYSE Your order will not be placed at the exchange until 2026-04-06 04:00:00 US/Eastern. If you want the order to  be active in the Pre-Market, Regular and After-Market sessions, a Limit type order is required and you must  add the attribute \"Fill/Trigger Outside RTH.\"",
        "order_side": "SELL",
        "outside_rth": 1,
        "port": 4002,
        "price_hint": 48.13,
        "qty": 1.0,
        "reprice_enabled": 1,
        "reprice_final_marketable_bps": 12.0,
        "reprice_final_mode": "marketable_lmt",
        "reprice_max_deviation_pct": 1.25,
        "reprice_steps_bps": [
          15.0,
          10.0,
          5.0,
          0.0
        ],
        "reprice_wait_sec": 8.0,
        "reprices_used": 0,
        "submitted_order": {
          "account": "",
          "exchange": "SMART",
          "lmtPrice": 48.06,
          "orderRef": "pe-1ad989c7c929b3d4c43a6219",
          "orderType": "LMT",
          "outsideRth": 1,
          "primaryExchange": "",
          "tif": "DAY",
          "totalQuantity": 1.0
        },
        "tif": "DAY"
      },
      "response": {
        "avg_fill_price": 0.0,
        "deferred_message": "IB deferred order until 2026-04-06 04:00:00 US/Eastern; leaving live at broker",
        "fills": [],
        "ib_order_id": 129,
        "last_fill_price": 0.0,
        "outcome": "working_carry",
        "perm_id": 1110514263,
        "status": "Submitted"
      },
      "side": "SELL",
      "source_order_path": "artifacts\\execution_loop\\optimal\\orders.csv",
      "status": "submitted",
      "submitted_at": "2026-04-04T14:04:08Z",
      "symbol": "OKLO",
      "updated_at_utc": "2026-04-04T14:04:08Z"
    },
    "45228bea7200d998cae3eeefa513395a45f9d9fcdce142f9b3325f588ab4da46": {
      "broker_order_id": "",
      "broker_symbol": "NVDA",
      "client_order_id": "pe-45228bea7200d998cae3eeef",
      "config": "optimal",
      "date": "2026-03-27",
      "fill_notional": 0.0,
      "filled_at": "",
      "filled_avg_price": 0.0,
      "filled_qty": 0.0,
      "mode": "ibkr_gateway",
      "order_notional": 118.4,
      "perm_id": 0,
      "qty": 1.0,
      "remaining_qty": 1.0,
      "request": {
        "account": "DUP561175",
        "anchor_price": 118.4,
        "cap_price": 116.93,
        "client_id": 62,
        "contract_details_attempts": 1,
        "contract_details_fallback_used": 0,
        "contract_details_mode": "full",
        "final_limit_price": 118.26,
        "final_mode": "marketable_lmt",
        "final_step": 5,
        "host": "127.0.0.1",
        "outside_rth": 1,
        "port": 4002,
        "reprice_enabled": 1,
        "reprice_final_marketable_bps": 12.0,
        "reprice_final_mode": "marketable_lmt",
        "reprice_max_deviation_pct": 1.25,
        "reprice_steps_bps": [
          15.0,
          10.0,
          5.0,
          0.0
        ],
        "reprice_wait_sec": 8.0,
        "reprices_used": 4,
        "tif": "DAY"
      },
      "response": {
        "error": "IBKR API error code=202: Order Canceled - reason:We cannot accept an order at a limit price at or more aggressive than 168.942636. Please submit your order <br>using a limit price that is closer to the current market price of 174.06.",
        "error_code": 202,
        "error_string": "Order Canceled - reason:We cannot accept an order at a limit price at or more aggressive than 168.942636. Please submit your order <br>using a limit price that is closer to the current market price of 174.06.",
        "outcome": "failed"
      },
      "side": "SELL",
      "source_order_path": "artifacts\\execution_loop\\optimal\\orders.csv",
      "status": "error_api_202",
      "submitted_at": "2026-03-31T19:32:25Z",
      "symbol": "NVDA",
      "updated_at_utc": "2026-03-31T19:32:25Z"
    },
    "55b5ecd5fcf8a14e96d55d09ee8a7129cfc18164b2bd250da77ea97c8abc2e65": {
      "broker_order_id": "80",
      "broker_symbol": "MSFT",
      "client_order_id": "pe-55b5ecd5fcf8a14e96d55d09",
      "config": "optimal",
      "date": "2026-03-27",
      "fill_notional": 369.08,
      "filled_at": "2026-04-01T18:32:56Z",
      "filled_avg_price": 369.08,
      "filled_qty": 1.0,
      "mode": "ibkr_gateway",
      "order_notional": 370.29,
      "perm_id": 1746756816,
      "qty": 1.0,
      "remaining_qty": 0.0,
      "request": {
        "account": "",
        "anchor_price": 370.29,
        "ask": 370.29,
        "bid": 370.24,
        "cap_price": 374.91,
        "client_id": 41,
        "close_price": 370.17,
        "contract_details_mode": "fallback_submit",
        "contract_details_req_id": 800012,
        "contract_details_retries": 3,
        "contract_min_tick": 0.01,
        "fallback_reason": "nan",
        "final_limit_price": 369.73,
        "final_mode": "passive_lmt",
        "final_step": 1,
        "host": "127.0.0.1",
        "last": 370.26,
        "mid": 370.265,
        "model_price_reference": 428.1,
        "outside_rth": 1,
        "port": 4002,
        "price_context": {
          "ask": 370.29,
          "bid": 370.24,
          "close_price": 370.17,
          "fallback_reason": "nan",
          "last": 370.26,
          "mid": 370.265,
          "model_price_reference": 428.1,
          "price_deviation_vs_model": 13.50385423966363,
          "price_hint_source": "ib_ask",
          "quote_market_data_type": 3,
          "quote_provider": "ib",
          "quote_timeframe": "DELAYED",
          "quote_ts": "2026-04-01T18:18:10Z",
          "spread_bps": 1.3503841843007407
        },
        "price_deviation_vs_model": 13.50385423966363,
        "price_hint_source": "ib_ask",
        "quote_provider": "ib",
        "quote_timeframe": "DELAYED",
        "quote_ts": "2026-04-01T18:18:10Z",
        "reprice_enabled": 1,
        "reprice_final_marketable_bps": 12.0,
        "reprice_final_mode": "marketable_lmt",
        "reprice_max_deviation_pct": 1.25,
        "reprice_steps_bps": [
          15.0,
          10.0,
          5.0,
          0.0
        ],
        "reprice_wait_sec": 8.0,
        "reprices_used": 0,
        "spread_bps": 1.3503841843007407,
        "tif": "DAY"
      },
      "response": {
        "avg_fill_price": 369.08,
        "fills": [],
        "ib_order_id": 80,
        "last_fill_price": 369.08,
        "outcome": "filled_now",
        "perm_id": 1746756816,
        "status": "Filled"
      },
      "side": "BUY",
      "source_order_path": "artifacts\\execution_loop\\optimal\\orders.csv",
      "status": "filled",
      "submitted_at": "2026-04-01T18:32:55Z",
      "symbol": "MSFT",
      "updated_at_utc": "2026-04-01T18:32:56Z"
    },
    "62692714d647f70df9a2ec25b3d686ae9bd07880cc796f228d659403ba09ccc0": {
      "broker_order_id": "",
      "broker_symbol": "AXTI",
      "client_order_id": "pe-62692714d647f70df9a2ec25",
      "config": "optimal",
      "date": "2026-04-06",
      "fill_notional": 0.0,
      "filled_at": "",
      "filled_avg_price": 0.0,
      "filled_qty": 0.0,
      "mode": "ibkr_gateway",
      "order_notional": 206.25,
      "perm_id": 0,
      "qty": 5.0,
      "remaining_qty": 5.0,
      "request": {
        "account": "",
        "anchor_price": 41.25,
        "broker_symbol": "AXTI",
        "cap_price": 41.76,
        "client_id": 41,
        "client_tag": "pe-62692714d647f70df9a2ec25",
        "contract_currency": "USD",
        "contract_details_mode": "resolved",
        "contract_details_req_id": 800001,
        "contract_details_retries": 1,
        "contract_exchange": "SMART",
        "contract_local_symbol": "AXTI",
        "contract_min_tick": 0.0001,
        "contract_primary_exchange": "NASDAQ",
        "contract_raw_min_tick": 0.0001,
        "final_limit_price": 41.25,
        "final_mode": "marketable_lmt",
        "final_step": 4,
        "host": "127.0.0.1",
        "order_side": "BUY",
        "outside_rth": 1,
        "port": 4002,
        "price_hint": 41.25,
        "qty": 5.0,
        "reprice_enabled": 1,
        "reprice_final_marketable_bps": 12.0,
        "reprice_final_mode": "marketable_lmt",
        "reprice_max_deviation_pct": 1.25,
        "reprice_steps_bps": [
          15.0,
          10.0,
          5.0,
          0.0
        ],
        "reprice_wait_sec": 8.0,
        "reprices_used": 3,
        "submitted_order": {
          "account": "",
          "exchange": "SMART",
          "lmtPrice": 41.25,
          "orderRef": "pe-62692714d647f70df9a2ec25",
          "orderType": "LMT",
          "outsideRth": 1,
          "primaryExchange": "",
          "tif": "DAY",
          "totalQuantity": 5.0
        },
        "tif": "DAY"
      },
      "response": {
        "error": "Final capped price was not filled; order cancelled",
        "error_code": 0,
        "error_string": "",
        "outcome": "failed"
      },
      "side": "BUY",
      "source_order_path": "artifacts\\execution_loop\\optimal\\orders.csv",
      "status": "cancelled_unfilled_cap",
      "submitted_at": "2026-04-06T18:18:46Z",
      "symbol": "AXTI",
      "updated_at_utc": "2026-04-06T18:18:46Z"
    },
    "8b88c3a961bb1d8b32a5a802f5043af2962187eca72bc4e6f5959aa3e3627479": {
      "broker_order_id": "134",
      "broker_symbol": "AAOI",
      "client_order_id": "pe-8b88c3a961bb1d8b32a5a802",
      "config": "optimal",
      "date": "2026-04-06",
      "fill_notional": 2659.2,
      "filled_at": "2026-04-06T16:42:36Z",
      "filled_avg_price": 110.8,
      "filled_qty": 24.0,
      "mode": "ibkr_gateway",
      "order_notional": 2652.0,
      "perm_id": 1809048186,
      "qty": 24.0,
      "remaining_qty": 0.0,
      "request": {
        "account": "",
        "anchor_price": 110.5,
        "broker_symbol": "AAOI",
        "cap_price": 109.12,
        "client_id": 41,
        "client_tag": "pe-8b88c3a961bb1d8b32a5a802",
        "contract_currency": "USD",
        "contract_details_mode": "resolved",
        "contract_details_req_id": 800002,
        "contract_details_retries": 1,
        "contract_exchange": "SMART",
        "contract_local_symbol": "AAOI",
        "contract_min_tick": 0.0001,
        "contract_primary_exchange": "NASDAQ",
        "contract_raw_min_tick": 0.0001,
        "final_limit_price": 110.34,
        "final_mode": "passive_lmt",
        "final_step": 1,
        "host": "127.0.0.1",
        "order_side": "SELL",
        "outside_rth": 1,
        "port": 4002,
        "price_hint": 110.5,
        "qty": 24.0,
        "reprice_enabled": 1,
        "reprice_final_marketable_bps": 12.0,
        "reprice_final_mode": "marketable_lmt",
        "reprice_max_deviation_pct": 1.25,
        "reprice_steps_bps": [
          15.0,
          10.0,
          5.0,
          0.0
        ],
        "reprice_wait_sec": 8.0,
        "reprices_used": 0,
        "submitted_order": {
          "account": "",
          "exchange": "SMART",
          "lmtPrice": 110.34,
          "orderRef": "pe-8b88c3a961bb1d8b32a5a802",
          "orderType": "LMT",
          "outsideRth": 1,
          "primaryExchange": "",
          "tif": "DAY",
          "totalQuantity": 24.0
        },
        "tif": "DAY"
      },
      "response": {
        "avg_fill_price": 110.8,
        "fills": [],
        "ib_order_id": 134,
        "last_fill_price": 110.8,
        "outcome": "filled_now",
        "perm_id": 1809048186,
        "status": "Filled"
      },
      "side": "SELL",
      "source_order_path": "artifacts\\execution_loop\\optimal\\orders.csv",
      "status": "filled",
      "submitted_at": "2026-04-06T16:42:35Z",
      "symbol": "AAOI",
      "updated_at_utc": "2026-04-06T16:42:36Z"
    },
    "8da82c599802e250b50499b02b47be7cca1c4933922c205a1c5648a4b3a610d3": {
      "broker_order_id": "",
      "broker_symbol": "AAPL",
      "client_order_id": "pe-8da82c599802e250b50499b0",
      "config": "optimal",
      "date": "2026-03-27",
      "fill_notional": 0.0,
      "filled_at": "",
      "filled_avg_price": 0.0,
      "filled_qty": 0.0,
      "mode": "ibkr_gateway",
      "order_notional": 219.5,
      "perm_id": 0,
      "qty": 1.0,
      "remaining_qty": 1.0,
      "request": {
        "account": "DUP561175",
        "anchor_price": 219.5,
        "cap_price": 222.24,
        "client_id": 62,
        "contract_details_attempts": 1,
        "contract_details_fallback_used": 0,
        "contract_details_mode": "full",
        "final_limit_price": 219.76,
        "final_mode": "marketable_lmt",
        "final_step": 5,
        "host": "127.0.0.1",
        "outside_rth": 1,
        "port": 4002,
        "reprice_enabled": 1,
        "reprice_final_marketable_bps": 12.0,
        "reprice_final_mode": "marketable_lmt",
        "reprice_max_deviation_pct": 1.25,
        "reprice_steps_bps": [
          15.0,
          10.0,
          5.0,
          0.0
        ],
        "reprice_wait_sec": 8.0,
        "reprices_used": 4,
        "tif": "DAY"
      },
      "response": {
        "error": "Final capped price was not filled; order cancelled",
        "error_code": 0,
        "error_string": "",
        "outcome": "failed"
      },
      "side": "BUY",
      "source_order_path": "artifacts\\execution_loop\\optimal\\orders.csv",
      "status": "cancelled_unfilled_cap",
      "submitted_at": "2026-03-31T19:31:59Z",
      "symbol": "AAPL",
      "updated_at_utc": "2026-03-31T19:31:59Z"
    },
    "b88591f05813660c0f31d4d44937292d46ec7f8f218e56aefbc2cdd801fd8736": {
      "broker_order_id": "",
      "broker_symbol": "AMZN",
      "client_order_id": "pe-b88591f05813660c0f31d4d4",
      "config": "optimal",
      "date": "2026-03-27",
      "fill_notional": 0.0,
      "filled_at": "",
      "filled_avg_price": 0.0,
      "filled_qty": 0.0,
      "mode": "ibkr_gateway",
      "order_notional": 201.7,
      "perm_id": 0,
      "qty": 1.0,
      "remaining_qty": 1.0,
      "request": {
        "account": "DUP561175",
        "anchor_price": 201.7,
        "cap_price": 199.18,
        "client_id": 62,
        "contract_details_attempts": 1,
        "contract_details_fallback_used": 0,
        "contract_details_mode": "full",
        "final_limit_price": 201.46,
        "final_mode": "marketable_lmt",
        "final_step": 5,
        "host": "127.0.0.1",
        "outside_rth": 1,
        "port": 4002,
        "reprice_enabled": 1,
        "reprice_final_marketable_bps": 12.0,
        "reprice_final_mode": "marketable_lmt",
        "reprice_max_deviation_pct": 1.25,
        "reprice_steps_bps": [
          15.0,
          10.0,
          5.0,
          0.0
        ],
        "reprice_wait_sec": 8.0,
        "reprices_used": 4,
        "tif": "DAY"
      },
      "response": {
        "error": "IBKR API error code=202: Order Canceled - reason:We cannot accept an order at a limit price at or more aggressive than 202.865106. Please submit your order <br>using a limit price that is closer to the current market price of 209.01.",
        "error_code": 202,
        "error_string": "Order Canceled - reason:We cannot accept an order at a limit price at or more aggressive than 202.865106. Please submit your order <br>using a limit price that is closer to the current market price of 209.01.",
        "outcome": "failed"
      },
      "side": "SELL",
      "source_order_path": "artifacts\\execution_loop\\optimal\\orders.csv",
      "status": "error_api_202",
      "submitted_at": "2026-03-31T19:32:38Z",
      "symbol": "AMZN",
      "updated_at_utc": "2026-03-31T19:32:38Z"
    },
    "d8f1f793174cedbf2eeba1e39ddb83376106c4a0204eefbcd7d9f6662038b40e": {
      "broker_order_id": "",
      "broker_symbol": "MSFT",
      "client_order_id": "pe-d8f1f793174cedbf2eeba1e3",
      "config": "optimal",
      "date": "2026-03-27",
      "fill_notional": 0.0,
      "filled_at": "",
      "filled_avg_price": 0.0,
      "filled_qty": 0.0,
      "mode": "ibkr_gateway",
      "order_notional": 428.1,
      "perm_id": 0,
      "qty": 1.0,
      "remaining_qty": 1.0,
      "request": {
        "account": "DUP561175",
        "anchor_price": 428.1,
        "cap_price": 433.45,
        "client_id": 62,
        "contract_details_attempts": 1,
        "contract_details_fallback_used": 0,
        "contract_details_mode": "full",
        "final_limit_price": 428.61,
        "final_mode": "marketable_lmt",
        "final_step": 5,
        "host": "127.0.0.1",
        "outside_rth": 1,
        "port": 4002,
        "reprice_enabled": 1,
        "reprice_final_marketable_bps": 12.0,
        "reprice_final_mode": "marketable_lmt",
        "reprice_max_deviation_pct": 1.25,
        "reprice_steps_bps": [
          15.0,
          10.0,
          5.0,
          0.0
        ],
        "reprice_wait_sec": 8.0,
        "reprices_used": 4,
        "tif": "DAY"
      },
      "response": {
        "error": "IBKR API error code=202: Order Canceled - reason:We cannot accept an order at a limit price at or more aggressive than 382.144162. Please submit your order <br>using a limit price that is closer to the current market price of 371.23.",
        "error_code": 202,
        "error_string": "Order Canceled - reason:We cannot accept an order at a limit price at or more aggressive than 382.144162. Please submit your order <br>using a limit price that is closer to the current market price of 371.23.",
        "outcome": "failed"
      },
      "side": "BUY",
      "source_order_path": "artifacts\\execution_loop\\optimal\\orders.csv",
      "status": "error_api_202",
      "submitted_at": "2026-03-31T19:32:12Z",
      "symbol": "MSFT",
      "updated_at_utc": "2026-03-31T19:32:12Z"
    }
  },
  "updated_at_utc": "2026-04-06T18:18:46Z"
}
