
PS C:\Users\Dmytro Govor\Documents\Python-Edge> python .\scripts\run_broker_reconcile_ibkr.py
[CFG] execution_root=artifacts\execution_loop
[CFG] reconcile_config_names=['optimal', 'aggressive']
[CFG] ib_host=127.0.0.1 ib_port=4002 ib_client_id=42 ib_timeout_sec=20.0
[CFG] ib_positions_timeout_sec=60.0 ib_positions_retries=3 ib_positions_settle_sec=2.5
[CFG] ib_account_code=
[CFG] reconcile_open_orders_mode=open
[IB] connecting host=127.0.0.1 port=4002 client_id=42
[IB] connectAck received
[IB] managedAccounts=DUP561175
[IB] nextValidId=1
[STEP][optimal] reconcile
[IB][ERROR] reqId=-1 code=2104 msg=Market data farm connection is OK:usfarm
[IB][ERROR] reqId=-1 code=2107 msg=HMDS data farm connection is inactive but should be available upon demand.ushmds
[IB][ERROR] reqId=-1 code=2158 msg=Sec-def data farm connection is OK:secdefil
[LOCAL][optimal] source=portfolio_state.json rows=2 state_json_exists=1 orders_csv_exists=1
[IB][POSITIONS] attempt=1/3 timeout_sec=60.0 settle_sec=2.5
[IB] positionEnd
[IB][POSITIONS] rows=4
[IB] openOrderEnd
[BROKER][optimal] positions=4 open_orders=0 account=<all>
[RECON][optimal][SUMMARY] symbols_total=6 exact_match=0 match_with_open_orders=0 drift=0 missing_at_broker=2 unexpected_at_broker=4 max_abs_drift_shares=49.00000000
[RECON][optimal][TOP]
symbol               source  expected_shares  broker_position  drift_shares  abs_drift_shares     reconcile_status  positions_match  has_open_orders  broker_open_order_count  broker_open_order_net_qty  broker_open_order_remaining_qty  target_shares  current_shares  delta_shares  broker_avg_cost broker_symbol broker_currency broker_exchange broker_primary_exchange broker_sec_type broker_account  last_price  market_value  source_priority  expected_nonzero  broker_nonzero
   NEM portfolio_state.json             49.0              0.0         -49.0              49.0    missing_at_broker            False            False                        0                        0.0                              0.0           49.0            49.0           0.0              NaN           NaN             NaN             NaN                     NaN             NaN            NaN      101.52       4974.48              1.0              True           False
  CRCL portfolio_state.json             48.0              0.0         -48.0              48.0    missing_at_broker            False            False                        0                        0.0                              0.0           48.0            48.0           0.0              NaN           NaN             NaN             NaN                     NaN             NaN            NaN      103.86       4985.28              1.0              True           False
  AAPL portfolio_state.json              0.0              2.0           2.0               2.0 unexpected_at_broker            False            False                        0                        0.0                              0.0            NaN             NaN           NaN         252.8050          AAPL             USD          NASDAQ                                     STK      DUP561175         NaN           NaN              NaN             False            True
  AMZN portfolio_state.json              0.0             -2.0          -2.0               2.0 unexpected_at_broker            False            False                        0                        0.0                              0.0            NaN             NaN           NaN         199.6748          AMZN             USD          NASDAQ                                     STK      DUP561175         NaN           NaN              NaN             False            True
  MSFT portfolio_state.json              0.0              2.0           2.0               2.0 unexpected_at_broker            False            False                        0                        0.0                              0.0            NaN             NaN           NaN         360.7300          MSFT             USD          NASDAQ                                     STK      DUP561175         NaN           NaN              NaN             False            True
  NVDA portfolio_state.json              0.0             -2.0          -2.0               2.0 unexpected_at_broker            False            False                        0                        0.0                              0.0            NaN             NaN           NaN         167.4948          NVDA             USD          NASDAQ                                     STK      DUP561175         NaN           NaN              NaN             False            True
[ARTIFACT] artifacts\execution_loop\optimal\reconcile_report.json
[ARTIFACT] artifacts\execution_loop\optimal\reconcile_diff.csv
[ARTIFACT] artifacts\execution_loop\optimal\broker_positions.csv
[ARTIFACT] artifacts\execution_loop\optimal\broker_open_orders.csv
[STEP][aggressive] reconcile
[LOCAL][aggressive] source=portfolio_state.json rows=4 state_json_exists=1 orders_csv_exists=1
[IB][POSITIONS] attempt=1/3 timeout_sec=60.0 settle_sec=2.5
[IB] positionEnd
[IB][POSITIONS] rows=4
[IB] openOrderEnd
[BROKER][aggressive] positions=4 open_orders=0 account=<all>
[RECON][aggressive][SUMMARY] symbols_total=8 exact_match=0 match_with_open_orders=0 drift=0 missing_at_broker=4 unexpected_at_broker=4 max_abs_drift_shares=46.00000000
[RECON][aggressive][TOP]
symbol               source  expected_shares  broker_position  drift_shares  abs_drift_shares     reconcile_status  positions_match  has_open_orders  broker_open_order_count  broker_open_order_net_qty  broker_open_order_remaining_qty  target_shares  current_shares  delta_shares  broker_avg_cost broker_symbol broker_currency broker_exchange broker_primary_exchange broker_sec_type broker_account  last_price  market_value  source_priority  expected_nonzero  broker_nonzero
  RKLB portfolio_state.json             46.0              0.0         -46.0              46.0    missing_at_broker            False            False                        0                        0.0                              0.0           46.0            46.0           0.0              NaN           NaN             NaN             NaN                     NaN             NaN            NaN       72.88       3352.48              1.0              True           False
  INTC portfolio_state.json             39.0              0.0         -39.0              39.0    missing_at_broker            False            False                        0                        0.0                              0.0           39.0            39.0           0.0              NaN           NaN             NaN             NaN                     NaN             NaN            NaN       47.18       1840.02              1.0              True           False
   NEM portfolio_state.json             33.0              0.0         -33.0              33.0    missing_at_broker            False            False                        0                        0.0                              0.0           33.0            33.0           0.0              NaN           NaN             NaN             NaN                     NaN             NaN            NaN      101.52       3350.16              1.0              True           False
  CRCL portfolio_state.json             32.0              0.0         -32.0              32.0    missing_at_broker            False            False                        0                        0.0                              0.0           32.0            32.0           0.0              NaN           NaN             NaN             NaN                     NaN             NaN            NaN      103.86       3323.52              1.0              True           False
  AAPL portfolio_state.json              0.0              2.0           2.0               2.0 unexpected_at_broker            False            False                        0                        0.0                              0.0            NaN             NaN           NaN         252.8050          AAPL             USD          NASDAQ                                     STK      DUP561175         NaN           NaN              NaN             False            True
  AMZN portfolio_state.json              0.0             -2.0          -2.0               2.0 unexpected_at_broker            False            False                        0                        0.0                              0.0            NaN             NaN           NaN         199.6748          AMZN             USD          NASDAQ                                     STK      DUP561175         NaN           NaN              NaN             False            True
  MSFT portfolio_state.json              0.0              2.0           2.0               2.0 unexpected_at_broker            False            False                        0                        0.0                              0.0            NaN             NaN           NaN         360.7300          MSFT             USD          NASDAQ                                     STK      DUP561175         NaN           NaN              NaN             False            True
  NVDA portfolio_state.json              0.0             -2.0          -2.0               2.0 unexpected_at_broker            False            False                        0                        0.0                              0.0            NaN             NaN           NaN         167.4948          NVDA             USD          NASDAQ                                     STK      DUP561175         NaN           NaN              NaN             False            True
[ARTIFACT] artifacts\execution_loop\aggressive\reconcile_report.json
[ARTIFACT] artifacts\execution_loop\aggressive\reconcile_diff.csv
[ARTIFACT] artifacts\execution_loop\aggressive\broker_positions.csv
[ARTIFACT] artifacts\execution_loop\aggressive\broker_open_orders.csv
[FINAL] IBKR reconcile complete

[EXIT] code=0