C:\Users\Dmytro Govor\AppData\Local\Programs\Python\Python313\Lib\site-packages\pandas\core\nanops.py:1661: ConstantInputWarning: An input array is constant; the correlation coefficient is not defined.
  return spearmanr(a, b)[0]
[COMPONENTS][ALL_CANDIDATES_TOP]
                                              alpha  train_abs_mean_ic  proxy_train_sharpe  train_sign_locked  last_fold_abs_mean_ic  last_fold_mean_ic  last_fold_sign_locked  effective_sign_locked sign_source_used
            alpha_gap_lag1_regime_breadth_rank_lag1           0.174843            0.342777                1.0               0.203011           0.005605                    1.0                    1.0     last_fold_ic
alpha_gap_raw_regime_breadth_rank__x_macro_risk_off           0.173369           -0.872757               -1.0               0.165292           0.122034                    1.0                    1.0     last_fold_ic
     alpha_gap_raw_regime_breadth_rank__x_dollar_up           0.167387           -1.032744               -1.0               0.133897           0.077371                    1.0                    1.0     last_fold_ic
  alpha_overnight_drift_20d_raw_regime_breadth_rank           0.165373            1.694592                1.0               0.192317           0.004465                    1.0                    1.0     last_fold_ic
                 alpha_gap_cube_regime_breadth_rank           0.156959           -0.890961               -1.0               0.192221           0.063778                    1.0                    1.0     last_fold_ic
                  alpha_gap_raw_rank_mul_breadth_hi           0.156959           -0.890961               -1.0               0.192221           0.063778                    1.0                    1.0     last_fold_ic
                  alpha_gap_raw_rank_mul_breadth_lo           0.156959           -0.890961               -1.0               0.192221           0.063778                    1.0                    1.0     last_fold_ic
                alpha_gap_raw_rank_mul_breadth_rank           0.156959           -0.890961               -1.0               0.192221           0.063778                    1.0                    1.0     last_fold_ic
                   alpha_gap_raw_rank_mul_breadth_z           0.156959           -0.890961               -1.0               0.192221           0.063778                    1.0                    1.0     last_fold_ic
                   alpha_gap_raw_raw_mul_breadth_hi           0.156959           -0.890961               -1.0               0.192221           0.063778                    1.0                    1.0     last_fold_ic
[SECTOR_BOOST] index built symbol_alpha_pairs_boosted=307 total_pairs=1832
[COMPONENTS][optimal] selected_by_basket_search component_count=4 pool_size=8 combos_evaluated=40
                                            alpha  train_abs_mean_ic  proxy_train_sharpe  train_sign_locked  last_fold_abs_mean_ic  last_fold_mean_ic  last_fold_sign_locked  effective_sign_locked sign_source_used
alpha_overnight_drift_20d_raw_regime_breadth_rank           0.165373            1.694592                1.0               0.192317           0.004465                    1.0                    1.0     last_fold_ic
    alpha_ivol_20d_raw_regime_liq_hi__x_dollar_up           0.149570            1.496466                1.0               0.111820           0.073038                    1.0                    1.0     last_fold_ic
           alpha_ivol_20d_lag1_regime_liq_hi_lag1           0.149190            0.226598                1.0               0.116575           0.032336                    1.0                    1.0     last_fold_ic
                alpha_ivol_20d_ema3_regime_liq_hi           0.149091            0.226114                1.0               0.116676           0.032570                    1.0                    1.0     last_fold_ic
[BASKET_SEARCH][optimal][TOP]
 basket_id                                                                                                                                                                    alpha_list  component_count  train_abs_mean_ic_avg  proxy_train_sharpe_avg  last_fold_abs_mean_ic_avg  last_fold_proxy_sharpe_avg  replay_sharpe_last_fold  replay_cumret_last_fold  replay_max_drawdown_last_fold  replay_avg_turnover_last_fold
        37      alpha_overnight_drift_20d_raw_regime_breadth_rank|alpha_ivol_20d_raw_regime_liq_hi__x_dollar_up|alpha_ivol_20d_lag1_regime_liq_hi_lag1|alpha_ivol_20d_ema3_regime_liq_hi                4               0.153306                0.910942                   0.134347                    4.525090                 1.056590                 0.009451                      -0.032944                       0.029540
        36 alpha_overnight_drift_20d_raw_regime_breadth_rank|alpha_ivol_20d_raw_regime_liq_hi__x_dollar_up|alpha_ivol_20d_lag1_regime_liq_hi_lag1|alpha_ivol_20d_lag2_regime_liq_hi_lag2                4               0.153330                0.912201                   0.134418                    4.520327                 0.858392                 0.008032                      -0.035932                       0.028715
        40      alpha_overnight_drift_20d_raw_regime_breadth_rank|alpha_ivol_20d_raw_regime_liq_hi__x_dollar_up|alpha_ivol_20d_lag2_regime_liq_hi_lag2|alpha_ivol_20d_ema3_regime_liq_hi                4               0.153306                0.912081                   0.134443                    4.527020                 0.787680                 0.007237                      -0.034822                       0.029280
        23                    alpha_gap_lag1_regime_breadth_rank_lag1|alpha_ivol_20d_raw_regime_liq_hi__x_dollar_up|alpha_ivol_20d_ema3_regime_liq_hi|alpha_ivol_20d_clip3_regime_liq_hi                4               0.155529                0.572282                   0.137052                    4.538453                 0.646450                 0.006090                      -0.041321                       0.044277
        24                      alpha_gap_lag1_regime_breadth_rank_lag1|alpha_ivol_20d_raw_regime_liq_hi__x_dollar_up|alpha_ivol_20d_ema3_regime_liq_hi|alpha_ivol_20d_raw_regime_liq_hi                4               0.155529                0.572282                   0.137052                    4.538453                 0.646450                 0.006090                      -0.041321                       0.044277
        18               alpha_gap_lag1_regime_breadth_rank_lag1|alpha_ivol_20d_raw_regime_liq_hi__x_dollar_up|alpha_ivol_20d_lag1_regime_liq_hi_lag1|alpha_ivol_20d_clip3_regime_liq_hi                4               0.155554                0.572403                   0.137026                    4.531760                 0.575989                 0.005351                      -0.041490                       0.044043
        19                 alpha_gap_lag1_regime_breadth_rank_lag1|alpha_ivol_20d_raw_regime_liq_hi__x_dollar_up|alpha_ivol_20d_lag1_regime_liq_hi_lag1|alpha_ivol_20d_raw_regime_liq_hi                4               0.155554                0.572403                   0.137026                    4.531760                 0.575989                 0.005351                      -0.041490                       0.044043
        38     alpha_overnight_drift_20d_raw_regime_breadth_rank|alpha_ivol_20d_raw_regime_liq_hi__x_dollar_up|alpha_ivol_20d_lag1_regime_liq_hi_lag1|alpha_ivol_20d_clip3_regime_liq_hi                4               0.153186                0.910356                   0.134353                    4.527357                 0.492667                 0.004250                      -0.034771                       0.029956
        39       alpha_overnight_drift_20d_raw_regime_breadth_rank|alpha_ivol_20d_raw_regime_liq_hi__x_dollar_up|alpha_ivol_20d_lag1_regime_liq_hi_lag1|alpha_ivol_20d_raw_regime_liq_hi                4               0.153186                0.910356                   0.134353                    4.527357                 0.492667                 0.004250                      -0.034771                       0.029956
        31                            alpha_gap_lag1_regime_breadth_rank_lag1|alpha_ivol_20d_lag1_regime_liq_hi_lag1|alpha_ivol_20d_clip3_regime_liq_hi|alpha_ivol_20d_raw_regime_liq_hi                4               0.155314                0.254229                   0.138246                    2.941623                 0.479288                 0.004036                      -0.035768                       0.042553
[SECTOR_BOOST] index built symbol_alpha_pairs_boosted=129 total_pairs=916
[FREEZE][optimal] live_active_names_raw=3 live_active_names=3 live_gate_passed=1 live_gate_reason=passed replay_sharpe_last_fold=1.0566 replay_cumret_last_fold=0.0095 avg_turnover=0.0295 avg_gross=0.3105
[FREEZE][optimal][SECTOR_BOOST] enabled=1 boost_map_entries=15 boosted_pairs=129
[FREEZE][optimal][LIVE_BOOK_TOP]
symbol    weight     score  side broad_sector market_regime  long_budget  short_budget  turnover
  APLS  0.050000 21.119609   1.0   healthcare       neutral          0.5           0.5      0.05
  AXTI  0.038615 14.189607   1.0   technology       neutral          0.5           0.5      0.05
    CF -0.011385 -3.135652  -1.0    materials       neutral          0.5           0.5      0.05
[SECTOR_BOOST] index built symbol_alpha_pairs_boosted=307 total_pairs=1832
[COMPONENTS][aggressive] selected_by_basket_search component_count=4 pool_size=8 combos_evaluated=40
                                            alpha  train_abs_mean_ic  proxy_train_sharpe  train_sign_locked  last_fold_abs_mean_ic  last_fold_mean_ic  last_fold_sign_locked  effective_sign_locked sign_source_used
alpha_overnight_drift_20d_raw_regime_breadth_rank           0.165373            1.694592                1.0               0.192317           0.004465                    1.0                    1.0     last_fold_ic
    alpha_ivol_20d_raw_regime_liq_hi__x_dollar_up           0.149570            1.496466                1.0               0.111820           0.073038                    1.0                    1.0     last_fold_ic
           alpha_ivol_20d_lag1_regime_liq_hi_lag1           0.149190            0.226598                1.0               0.116575           0.032336                    1.0                    1.0     last_fold_ic
           alpha_ivol_20d_lag2_regime_liq_hi_lag2           0.149189            0.231150                1.0               0.116960           0.032505                    1.0                    1.0     last_fold_ic
[BASKET_SEARCH][aggressive][TOP]
 basket_id                                                                                                                                                                     alpha_list  component_count  train_abs_mean_ic_avg  proxy_train_sharpe_avg  last_fold_abs_mean_ic_avg  last_fold_proxy_sharpe_avg  replay_sharpe_last_fold  replay_cumret_last_fold  replay_max_drawdown_last_fold  replay_avg_turnover_last_fold
        36  alpha_overnight_drift_20d_raw_regime_breadth_rank|alpha_ivol_20d_raw_regime_liq_hi__x_dollar_up|alpha_ivol_20d_lag1_regime_liq_hi_lag1|alpha_ivol_20d_lag2_regime_liq_hi_lag2                4               0.153330                0.912201                   0.134418                    4.520327                 0.908379                 0.018505                      -0.085989                       0.036677
        40       alpha_overnight_drift_20d_raw_regime_breadth_rank|alpha_ivol_20d_raw_regime_liq_hi__x_dollar_up|alpha_ivol_20d_lag2_regime_liq_hi_lag2|alpha_ivol_20d_ema3_regime_liq_hi                4               0.153306                0.912081                   0.134443                    4.527020                -0.013209                -0.003870                      -0.096828                       0.036626
        37       alpha_overnight_drift_20d_raw_regime_breadth_rank|alpha_ivol_20d_raw_regime_liq_hi__x_dollar_up|alpha_ivol_20d_lag1_regime_liq_hi_lag1|alpha_ivol_20d_ema3_regime_liq_hi                4               0.153306                0.910942                   0.134347                    4.525090                -0.166304                -0.007285                      -0.095755                       0.036126
        38      alpha_overnight_drift_20d_raw_regime_breadth_rank|alpha_ivol_20d_raw_regime_liq_hi__x_dollar_up|alpha_ivol_20d_lag1_regime_liq_hi_lag1|alpha_ivol_20d_clip3_regime_liq_hi                4               0.153186                0.910356                   0.134353                    4.527357                -0.275346                -0.009891                      -0.096608                       0.036005
        39        alpha_overnight_drift_20d_raw_regime_breadth_rank|alpha_ivol_20d_raw_regime_liq_hi__x_dollar_up|alpha_ivol_20d_lag1_regime_liq_hi_lag1|alpha_ivol_20d_raw_regime_liq_hi                4               0.153186                0.910356                   0.134353                    4.527357                -0.275346                -0.009891                      -0.096608                       0.036005
        35                                  alpha_gap_lag1_regime_breadth_rank_lag1|alpha_ivol_20d_ema3_regime_liq_hi|alpha_ivol_20d_clip3_regime_liq_hi|alpha_ivol_20d_raw_regime_liq_hi                4               0.155289                0.254108                   0.138272                    2.948315                -0.900729                -0.051845                      -0.182301                       0.049266
        25                      alpha_gap_lag1_regime_breadth_rank_lag1|alpha_ivol_20d_raw_regime_liq_hi__x_dollar_up|alpha_ivol_20d_clip3_regime_liq_hi|alpha_ivol_20d_raw_regime_liq_hi                4               0.155409                0.571696                   0.137058                    4.540720                -0.952555                -0.062087                      -0.197934                       0.051006
        23                     alpha_gap_lag1_regime_breadth_rank_lag1|alpha_ivol_20d_raw_regime_liq_hi__x_dollar_up|alpha_ivol_20d_ema3_regime_liq_hi|alpha_ivol_20d_clip3_regime_liq_hi                4               0.155529                0.572282                   0.137052                    4.538453                -1.556853                -0.082483                      -0.193263                       0.050380
        24                       alpha_gap_lag1_regime_breadth_rank_lag1|alpha_ivol_20d_raw_regime_liq_hi__x_dollar_up|alpha_ivol_20d_ema3_regime_liq_hi|alpha_ivol_20d_raw_regime_liq_hi                4               0.155529                0.572282                   0.137052                    4.538453                -1.556853                -0.082483                      -0.193263                       0.050380
         2 alpha_gap_lag1_regime_breadth_rank_lag1|alpha_overnight_drift_20d_raw_regime_breadth_rank|alpha_ivol_20d_raw_regime_liq_hi__x_dollar_up|alpha_ivol_20d_lag2_regime_liq_hi_lag2                4               0.159744                0.941246                   0.156027                    3.661758                -1.936006                -0.092370                      -0.156415                       0.046354
[SECTOR_BOOST] index built symbol_alpha_pairs_boosted=129 total_pairs=916
[FREEZE][aggressive] live_active_names_raw=3 live_active_names=3 live_gate_passed=1 live_gate_reason=passed replay_sharpe_last_fold=0.9084 replay_cumret_last_fold=0.0185 avg_turnover=0.0367 avg_gross=1.0000
[FREEZE][aggressive][SECTOR_BOOST] enabled=1 boost_map_entries=15 boosted_pairs=129
[FREEZE][aggressive][LIVE_BOOK_TOP]
symbol    weight     score  side broad_sector market_regime  long_budget  short_budget  turnover
  APLS  0.357143 21.082232   1.0   healthcare          weak          0.5           0.5      0.05
  AXTI  0.142857 14.027055   1.0   technology          weak          0.5           0.5      0.05
    CF -0.500000 -3.130103  -1.0    materials          weak          0.5           0.5      0.05
[ARTIFACT] artifacts\freeze_runner\freeze_all_configs_summary.json
[FINAL] freeze runner complete