PS C:\Users\Dmytro Govor\Documents\Python-Edge> python .\scripts\run_universe_builder.py
[CFG] output_dir=artifacts\daily_cycle\universe
[CFG] universe_profile=trading_us_core_v1
[CFG] target_size=400 top_n=400
[CFG] history_lookback_days=45
[CFG] rebalance_freq=weekly reuse_last=True
[CFG] eligibility.min_price=7.5
[CFG] eligibility.min_median_dollar_vol_20d=10,000,000
[CFG] eligibility.min_history_days=25
[CFG] eligibility.allowed_ticker_types=('CS',)
[SECTOR_CAP] per_sector mode active global_fallback=25
[SECTOR_CAP]   sector='UNKNOWN' selected=25 cap=25
[SECTOR_CAP]   sector='REAL ESTATE INVESTMENT TRUSTS' selected=10 cap=25
[SECTOR_CAP]   sector='SEMICONDUCTORS & RELATED DEVICES' selected=10 cap=25
[SECTOR_CAP]   sector='PHARMACEUTICAL PREPARATIONS' selected=9 cap=25
[SECTOR_CAP]   sector='SERVICES-PREPACKAGED SOFTWARE' selected=9 cap=25
[SECTOR_CAP]   sector='INVESTMENT ADVICE' selected=8 cap=25
[SECTOR_CAP]   sector='FIRE, MARINE & CASUALTY INSURANCE' selected=8 cap=25
[SECTOR_CAP]   sector='FINANCE SERVICES' selected=7 cap=25
[SECTOR_CAP]   sector='SERVICES-BUSINESS SERVICES, NEC' selected=5 cap=25
[SECTOR_CAP]   sector='STATE COMMERCIAL BANKS' selected=4 cap=25
[SECTOR_CAP]   sector='RETAIL-CATALOG & MAIL-ORDER HOUSES' selected=4 cap=25
[SECTOR_CAP]   sector='CRUDE PETROLEUM & NATURAL GAS' selected=4 cap=25
[SECTOR_CAP]   sector='BIOLOGICAL PRODUCTS, (NO DIAGNOSTIC SUBSTANCES)' selected=4 cap=25
[SECTOR_CAP]   sector='INSURANCE AGENTS, BROKERS & SERVICE' selected=3 cap=25
[SECTOR_CAP]   sector='FOOD AND KINDRED PRODUCTS' selected=3 cap=25
[SECTOR_CAP]   sector='ELECTRIC SERVICES' selected=3 cap=25
[SECTOR_CAP]   sector='RETAIL-EATING PLACES' selected=3 cap=25
[SECTOR_CAP]   sector='NATIONAL COMMERCIAL BANKS' selected=3 cap=25
[SECTOR_CAP]   sector='FATS & OILS' selected=2 cap=25
[SECTOR_CAP]   sector='COMPUTER COMMUNICATIONS EQUIPMENT' selected=2 cap=25
[SECTOR_CAP]   sector='CONSTRUCTION MACHINERY & EQUIP' selected=2 cap=25
[SECTOR_CAP]   sector='LABORATORY ANALYTICAL INSTRUMENTS' selected=2 cap=25
[SECTOR_CAP]   sector='METAL CANS' selected=2 cap=25
[SECTOR_CAP]   sector='HOSPITAL & MEDICAL SERVICE PLANS' selected=2 cap=25
[SECTOR_CAP]   sector='ELECTRIC & OTHER SERVICES COMBINED' selected=2 cap=25
[SECTOR_CAP]   sector='AIRCRAFT' selected=2 cap=25
[SECTOR_CAP]   sector='AIR TRANSPORTATION, SCHEDULED' selected=2 cap=25
[SECTOR_CAP]   sector='SERVICES-TO DWELLINGS & OTHER BUILDINGS' selected=2 cap=25
[SECTOR_CAP]   sector='SURGICAL & MEDICAL INSTRUMENTS & APPARATUS' selected=2 cap=25
[SECTOR_CAP]   sector="WHOLESALE-DRUGS, PROPRIETARIES & DRUGGISTS' SUNDRIES" selected=2 cap=25
[SECTOR_CAP]   sector='RETAIL-VARIETY STORES' selected=2 cap=25
[SECTOR_CAP]   sector='RETAIL-FAMILY CLOTHING STORES' selected=2 cap=25
[SECTOR_CAP]   sector='MOTOR VEHICLE PARTS & ACCESSORIES' selected=2 cap=25
[SECTOR_CAP]   sector='RETAIL-AUTO DEALERS & GASOLINE STATIONS' selected=2 cap=25
[SECTOR_CAP]   sector='RETAIL-AUTO & HOME SUPPLY STORES' selected=2 cap=25
[SECTOR_CAP]   sector='SERVICES-COMPUTER PROCESSING & DATA PREPARATION' selected=2 cap=25
[SECTOR_CAP]   sector='SECURITY & COMMODITY BROKERS, DEALERS, EXCHANGES & SERVICES' selected=2 cap=25
[SECTOR_CAP]   sector='CONSTRUCTION - SPECIAL TRADE CONTRACTORS' selected=2 cap=25
[SECTOR_CAP]   sector='ENGINES & TURBINES' selected=2 cap=25
[SECTOR_CAP]   sector='CEMENT, HYDRAULIC' selected=2 cap=25
[SECTOR_CAP]   sector='CABLE & OTHER PAY TELEVISION SERVICES' selected=2 cap=25
[SECTOR_CAP]   sector='BOTTLED & CANNED SOFT DRINKS & CARBONATED WATERS' selected=2 cap=25
[SECTOR_CAP]   sector='BITUMINOUS COAL & LIGNITE SURFACE MINING' selected=1 cap=25
[SECTOR_CAP]   sector='ACCIDENT & HEALTH INSURANCE' selected=1 cap=25
[SECTOR_CAP]   sector='COMMERCIAL BANKS, NEC' selected=1 cap=25
[SECTOR_CAP]   sector='COGENERATION SERVICES & SMALL POWER PRODUCERS' selected=1 cap=25
[SECTOR_CAP]   sector='COMMUNICATIONS SERVICES, NEC' selected=1 cap=25
[SECTOR_CAP]   sector='MISCELLANEOUS FABRICATED METAL PRODUCTS' selected=1 cap=25
[SECTOR_CAP]   sector='MISCELLANEOUS ELECTRICAL MACHINERY, EQUIPMENT & SUPPLIES' selected=1 cap=25
[SECTOR_CAP]   sector='METAL MINING' selected=1 cap=25
[SECTOR_CAP]   sector='LIFE INSURANCE' selected=1 cap=25
[SECTOR_CAP]   sector='HOUSEHOLD APPLIANCES' selected=1 cap=25
[SECTOR_CAP]   sector='INDUSTRIAL INORGANIC CHEMICALS' selected=1 cap=25
[SECTOR_CAP]   sector='INDUSTRIAL INSTRUMENTS FOR MEASUREMENT, DISPLAY, AND CONTROL' selected=1 cap=25
[SECTOR_CAP]   sector='INSTRUMENTS FOR MEAS & TESTING OF ELECTRICITY & ELEC SIGNALS' selected=1 cap=25
[SECTOR_CAP]   sector='HAZARDOUS WASTE MANAGEMENT' selected=1 cap=25
[SECTOR_CAP]   sector='GOLD AND SILVER ORES' selected=1 cap=25
[SECTOR_CAP]   sector='ELECTRIC LIGHTING & WIRING EQUIPMENT' selected=1 cap=25
[SECTOR_CAP]   sector='CONVERTED PAPER & PAPERBOARD PRODS (NO CONTANERS/BOXES)' selected=1 cap=25
[SECTOR_CAP]   sector='ELECTRONIC CONNECTORS' selected=1 cap=25
[SECTOR_CAP]   sector='ELECTRONIC COMPUTERS' selected=1 cap=25
[SECTOR_CAP]   sector='ELECTRONIC COMPONENTS, NEC' selected=1 cap=25
[SECTOR_CAP]   sector='ELECTRICAL INDUSTRIAL APPARATUS' selected=1 cap=25
[SECTOR_CAP]   sector='BEVERAGES' selected=1 cap=25
[SECTOR_CAP]   sector='ARRANGEMENT OF TRANSPORTATION OF FREIGHT & CARGO' selected=1 cap=25
[SECTOR_CAP]   sector='AIR-COND & WARM AIR HEATG EQUIP & COMM & INDL REFRIG EQUIP' selected=1 cap=25
[SECTOR_CAP]   sector='AGRICULTURAL CHEMICALS' selected=1 cap=25
[SECTOR_CAP]   sector='PAINTS, VARNISHES, LACQUERS, ENAMELS & ALLIED PRODS' selected=1 cap=25
[SECTOR_CAP]   sector='PLASTIC MATERIAL, SYNTH RESIN/RUBBER, CELLULOS (NO GLASS)' selected=1 cap=25
[SECTOR_CAP]   sector='PETROLEUM REFINING' selected=1 cap=25
[SECTOR_CAP]   sector='PERSONAL CREDIT INSTITUTIONS' selected=1 cap=25
[SECTOR_CAP]   sector='PLASTIC MATERIALS, SYNTH RESINS & NONVULCAN ELASTOMERS' selected=1 cap=25
[SECTOR_CAP]   sector='ORTHOPEDIC, PROSTHETIC & SURGICAL APPLIANCES & SUPPLIES' selected=1 cap=25
[SECTOR_CAP]   sector='ORDNANCE & ACCESSORIES, (NO VEHICLES/GUIDED MISSILES)' selected=1 cap=25
[SECTOR_CAP]   sector='MISCELLANEOUS MANUFACTURING INDUSTRIES' selected=1 cap=25
[SECTOR_CAP]   sector='OIL & GAS FIELD MACHINERY & EQUIPMENT' selected=1 cap=25
[SECTOR_CAP]   sector='OPHTHALMIC GOODS' selected=1 cap=25
[SECTOR_CAP]   sector='OPTICAL INSTRUMENTS & LENSES' selected=1 cap=25
[SECTOR_CAP]   sector='NATURAL GAS DISTRIBUTION' selected=1 cap=25
[SECTOR_CAP]   sector='RETAIL-RETAIL STORES, NEC' selected=1 cap=25
[SECTOR_CAP]   sector='RETAIL-RADIO, TV & CONSUMER ELECTRONICS STORES' selected=1 cap=25
[SECTOR_CAP]   sector='RETAIL-LUMBER & OTHER BUILDING MATERIALS DEALERS' selected=1 cap=25
[SECTOR_CAP]   sector='RETAIL-GROCERY STORES' selected=1 cap=25
[SECTOR_CAP]   sector='RETAIL-DEPARTMENT STORES' selected=1 cap=25
[SECTOR_CAP]   sector='RETAIL-EATING & DRINKING PLACES' selected=1 cap=25
[SECTOR_CAP]   sector='PRINTED CIRCUIT BOARDS' selected=1 cap=25
[SECTOR_CAP]   sector='PRIMARY PRODUCTION OF ALUMINUM' selected=1 cap=25
[SECTOR_CAP]   sector='RAILROADS, LINE-HAUL OPERATING' selected=1 cap=25
[SECTOR_CAP]   sector='REAL ESTATE' selected=1 cap=25
[SECTOR_CAP]   sector='PERFUMES, COSMETICS & OTHER TOILET PREPARATIONS' selected=1 cap=25
[SECTOR_CAP]   sector='SERVICES-COMPUTER INTEGRATED SYSTEMS DESIGN' selected=1 cap=25
[SECTOR_CAP]   sector='SERVICES-AUTO RENTAL & LEASING (NO DRIVERS)' selected=1 cap=25
[SECTOR_CAP]   sector='SECURITY BROKERS, DEALERS & FLOTATION COMPANIES' selected=1 cap=25
[SECTOR_CAP]   sector='RUBBER & PLASTICS FOOTWEAR' selected=1 cap=25
[SECTOR_CAP]   sector='RETAIL-SHOE STORES' selected=1 cap=25
[SECTOR_CAP]   sector='SERVICES-MEDICAL LABORATORIES' selected=1 cap=25
[SECTOR_CAP]   sector='SERVICES-MANAGEMENT CONSULTING SERVICES' selected=1 cap=25
[SECTOR_CAP]   sector='SERVICES-DETECTIVE, GUARD & ARMORED CAR SERVICES' selected=1 cap=25
[SECTOR_CAP]   sector='SERVICES-COMPUTER PROGRAMMING, DATA PROCESSING, ETC.' selected=1 cap=25
[SECTOR_CAP]   sector='SERVICES-COMMERCIAL PHYSICAL & BIOLOGICAL RESEARCH' selected=1 cap=25
[SECTOR_CAP]   sector='SPECIAL INDUSTRY MACHINERY, NEC' selected=1 cap=25
[SECTOR_CAP]   sector='SPECIALTY CLEANING, POLISHING AND SANITATION PREPARATIONS' selected=1 cap=25
[SECTOR_CAP]   sector='SOAP, DETERGENTS, CLEANG PREPARATIONS, PERFUMES, COSMETICS' selected=1 cap=25
[SECTOR_CAP]   sector='STEEL WORKS, BLAST FURNACES & ROLLING MILLS (COKE OVENS)' selected=1 cap=25
[SECTOR_CAP]   sector='STEEL PIPE & TUBES' selected=1 cap=25
[SECTOR_CAP]   sector='TRANSPORTATION SERVICES' selected=1 cap=25
[SECTOR_CAP]   sector='TELEPHONE & TELEGRAPH APPARATUS' selected=1 cap=25
[SECTOR_CAP]   sector='WATER SUPPLY' selected=1 cap=25
[SECTOR_CAP]   sector='WATER TRANSPORTATION' selected=1 cap=25
[SECTOR_CAP]   sector='WHOLESALE-DURABLE GOODS, NEC' selected=1 cap=25
[SECTOR_CAP]   sector='WHOLESALE-MACHINERY, EQUIPMENT & SUPPLIES' selected=1 cap=25
[ELIG][universe_builder] candidates=5156 eligible=970 dropped=4186
[ELIG][universe_builder]   dropped_price=1805
[ELIG][universe_builder]   dropped_liquidity=4164
[ELIG][universe_builder]   dropped_history=4157
[ELIG][universe_builder]   dropped_nan_ratio=4156
[ELIG][universe_builder]   dropped_missing_days=4157
[OK] snapshot=artifacts\daily_cycle\universe\universe_snapshot.parquet rows=239
[OK] eligibility_debug=artifacts\daily_cycle\universe\universe_eligibility_debug.parquet
[OK] summary=artifacts\daily_cycle\universe\universe_summary.json
[OK] eligibility_dropped=artifacts\daily_cycle\universe\universe_eligibility_dropped.csv
[OK] eligibility_eligible=artifacts\daily_cycle\universe\universe_eligibility_eligible.csv
[OK] eligibility_counters=artifacts\daily_cycle\universe\universe_eligibility_counters.json
[FINAL] universe builder complete snapshot=artifacts\daily_cycle\universe\universe_snapshot.parquet summary=artifacts\daily_cycle\universe\universe_summary.json