PS C:\Users\Dmytro Govor\Documents\Python-Edge> python .\scripts\run_broker_adapter_ibkr.py
[CFG] execution_root=artifacts\execution_loop
[CFG] configs=['optimal', 'aggressive']
[CFG] broker_name=MEXEM broker_platform=IBKR broker_account_id=
[CFG] ib_host=127.0.0.1 ib_port=4002 ib_client_id=41 ib_account_code=
[CFG] exchange=SMART primary_exchange= currency=USD sec_type=STK
[CFG] outside_rth=1 reprice_enabled=1 reprice_wait_sec=8.0
[CFG] reprice_steps_bps=[15.0, 10.0, 5.0, 0.0] reprice_final_mode=marketable_lmt reprice_final_marketable_bps=12.0 reprice_max_deviation_pct=1.25
[CFG] deferred_wait_mode=carry deferred_wait_heartbeat_sec=30.0 deferred_post_open_wait_sec=30.0
[CFG] require_price_hint_source=1 require_quote_ts=1 enforce_open_order_dup_guard=1
[IB] connecting host=127.0.0.1 port=4002 client_id=41
[IB] managedAccounts=DUP561175
[IB] connected next_valid_id=164 managed_accounts=DUP561175[IB] nextValidId=164

[IB][ERROR] reqId=-1 code=2104 msg=Market data farm connection is OK:usfarm
[IB][ERROR] reqId=-1 code=2106 msg=HMDS data farm connection is OK:ushmds
[IB][ERROR] reqId=-1 code=2158 msg=Sec-def data farm connection is OK:secdefil
[IB] openOrderEnd
[BROKER][optimal] orders=artifacts\execution_loop\optimal\orders.csv
[BROKER][optimal][DUPLICATE] symbol=MSTR side=BUY qty=23.00000000 price_hint_source=ib_ask quote_ts=2026-04-07T19:18:04Z
[BROKER][optimal][DUPLICATE] symbol=AXTI side=SELL qty=131.00000000 price_hint_source=ib_bid quote_ts=2026-04-07T19:18:04Z
[BROKER][optimal][SUMMARY] sent=0 duplicate_skipped=2 errors=0 fills_csv=artifacts\execution_loop\optimal\fills.csv broker_log_json=artifacts\execution_loop\optimal\broker_log.json outcomes={"cancelled_after_ttl": 0, "cancelled_unfilled_cap": 0, "deferred_session_closed": 0, "failed": 0, "filled_now": 0, "partial": 0, "unknown": 0, "working": 0, "working_carry": 0}
[BROKER][aggressive] orders=artifacts\execution_loop\aggressive\orders.csv
[IB] openOrderEnd
[BROKER][LADDER][SUBMIT] symbol=AAOI step=1/4 mode=passive_lmt limit_price=112.8400 cap_price=114.0800 order={"account": "", "exchange": "SMART", "lmtPrice": 112.84, "orderRef": "pe-bf2856cf009114407bbc5a82", "orderType": "LMT", "outsideRth": 1, "primaryExchange": "", "tif": "DAY", "totalQuantity": 52.0}
[BROKER][POLL] ib_order_id=164 step=1/8 status=submitted filled_qty=0.00000000 remaining_qty=52.00000000 avg_fill_price=0.0000 outcome=working
[BROKER][POLL] ib_order_id=164 step=5/8 status=submitted filled_qty=0.00000000 remaining_qty=52.00000000 avg_fill_price=0.0000 outcome=working
[BROKER][POLL] ib_order_id=164 step=8/8 status=submitted filled_qty=0.00000000 remaining_qty=52.00000000 avg_fill_price=0.0000 outcome=working
[IB][ERROR] reqId=164 code=202 msg=Order Canceled - reason:
[BROKER][LADDER][SUBMIT] symbol=AAOI step=2/4 mode=passive_lmt limit_price=112.7900 cap_price=114.0800 order={"account": "", "exchange": "SMART", "lmtPrice": 112.79, "orderRef": "pe-bf2856cf009114407bbc5a82", "orderType": "LMT", "outsideRth": 1, "primaryExchange": "", "tif": "DAY", "totalQuantity": 52.0}
[BROKER][POLL] ib_order_id=165 step=1/8 status=submitted filled_qty=0.00000000 remaining_qty=52.00000000 avg_fill_price=0.0000 outcome=working
[BROKER][POLL] ib_order_id=165 step=5/8 status=submitted filled_qty=0.00000000 remaining_qty=52.00000000 avg_fill_price=0.0000 outcome=working
[BROKER][POLL] ib_order_id=165 step=8/8 status=submitted filled_qty=0.00000000 remaining_qty=52.00000000 avg_fill_price=0.0000 outcome=working
[IB][ERROR] reqId=165 code=202 msg=Order Canceled - reason:
[BROKER][LADDER][SUBMIT] symbol=AAOI step=3/4 mode=passive_lmt limit_price=112.7300 cap_price=114.0800 order={"account": "", "exchange": "SMART", "lmtPrice": 112.73, "orderRef": "pe-bf2856cf009114407bbc5a82", "orderType": "LMT", "outsideRth": 1, "primaryExchange": "", "tif": "DAY", "totalQuantity": 52.0}
[BROKER][POLL] ib_order_id=166 step=1/8 status=submitted filled_qty=0.00000000 remaining_qty=52.00000000 avg_fill_price=0.0000 outcome=working
[BROKER][POLL] ib_order_id=166 step=5/8 status=submitted filled_qty=0.00000000 remaining_qty=52.00000000 avg_fill_price=0.0000 outcome=working
[BROKER][POLL] ib_order_id=166 step=8/8 status=submitted filled_qty=0.00000000 remaining_qty=52.00000000 avg_fill_price=0.0000 outcome=working
[IB][ERROR] reqId=166 code=202 msg=Order Canceled - reason:
[BROKER][LADDER][SUBMIT] symbol=AAOI step=4/4 mode=marketable_lmt limit_price=112.6800 cap_price=114.0800 order={"account": "", "exchange": "SMART", "lmtPrice": 112.68, "orderRef": "pe-bf2856cf009114407bbc5a82", "orderType": "LMT", "outsideRth": 1, "primaryExchange": "", "tif": "DAY", "totalQuantity": 52.0}
[BROKER][POLL] ib_order_id=167 step=1/8 status=submitted filled_qty=0.00000000 remaining_qty=52.00000000 avg_fill_price=0.0000 outcome=working
[BROKER][POLL] ib_order_id=167 step=5/8 status=submitted filled_qty=0.00000000 remaining_qty=52.00000000 avg_fill_price=0.0000 outcome=working
[BROKER][POLL] ib_order_id=167 step=8/8 status=submitted filled_qty=0.00000000 remaining_qty=52.00000000 avg_fill_price=0.0000 outcome=working
[IB][ERROR] reqId=167 code=202 msg=Order Canceled - reason:
[BROKER][aggressive][ERROR] symbol=AAOI side=BUY status=cancelled_unfilled_cap message=Final capped price was not filled; order cancelled
[IB] openOrderEnd
[BROKER][LADDER][SUBMIT] symbol=HIMS step=1/3 mode=passive_lmt limit_price=19.4400 cap_price=19.6600 order={"account": "", "exchange": "SMART", "lmtPrice": 19.44, "orderRef": "pe-9a94d69f74b79fbdb95d6a36", "orderType": "LMT", "outsideRth": 1, "primaryExchange": "", "tif": "DAY", "totalQuantity": 157.0}
[BROKER][POLL] ib_order_id=168 step=1/8 status=submitted filled_qty=0.00000000 remaining_qty=157.00000000 avg_fill_price=0.0000 outcome=working
[BROKER][POLL] ib_order_id=168 step=5/8 status=submitted filled_qty=0.00000000 remaining_qty=157.00000000 avg_fill_price=0.0000 outcome=working
[BROKER][POLL] ib_order_id=168 step=8/8 status=submitted filled_qty=0.00000000 remaining_qty=157.00000000 avg_fill_price=0.0000 outcome=working
[IB][ERROR] reqId=168 code=202 msg=Order Canceled - reason:
[BROKER][LADDER][SUBMIT] symbol=HIMS step=2/3 mode=passive_lmt limit_price=19.4300 cap_price=19.6600 order={"account": "", "exchange": "SMART", "lmtPrice": 19.43, "orderRef": "pe-9a94d69f74b79fbdb95d6a36", "orderType": "LMT", "outsideRth": 1, "primaryExchange": "", "tif": "DAY", "totalQuantity": 157.0}
[BROKER][POLL] ib_order_id=169 step=1/8 status=submitted filled_qty=0.00000000 remaining_qty=157.00000000 avg_fill_price=0.0000 outcome=working
[BROKER][POLL] ib_order_id=169 step=5/8 status=submitted filled_qty=0.00000000 remaining_qty=157.00000000 avg_fill_price=0.0000 outcome=working
[BROKER][POLL] ib_order_id=169 step=8/8 status=submitted filled_qty=0.00000000 remaining_qty=157.00000000 avg_fill_price=0.0000 outcome=working
[IB][ERROR] reqId=169 code=202 msg=Order Canceled - reason:
[BROKER][LADDER][SUBMIT] symbol=HIMS step=3/3 mode=marketable_lmt limit_price=19.4200 cap_price=19.6600 order={"account": "", "exchange": "SMART", "lmtPrice": 19.42, "orderRef": "pe-9a94d69f74b79fbdb95d6a36", "orderType": "LMT", "outsideRth": 1, "primaryExchange": "", "tif": "DAY", "totalQuantity": 157.0}
[BROKER][POLL] ib_order_id=170 step=1/8 status=submitted filled_qty=0.00000000 remaining_qty=157.00000000 avg_fill_price=0.0000 outcome=working
[BROKER][POLL] ib_order_id=170 step=5/8 status=submitted filled_qty=0.00000000 remaining_qty=157.00000000 avg_fill_price=0.0000 outcome=working
[BROKER][POLL] ib_order_id=170 step=8/8 status=submitted filled_qty=0.00000000 remaining_qty=157.00000000 avg_fill_price=0.0000 outcome=working
[IB][ERROR] reqId=170 code=202 msg=Order Canceled - reason:
[BROKER][aggressive][ERROR] symbol=HIMS side=BUY status=cancelled_unfilled_cap message=Final capped price was not filled; order cancelled
[BROKER][aggressive][DUPLICATE] symbol=AXTI side=SELL qty=141.00000000 price_hint_source=ib_bid quote_ts=2026-04-07T19:18:06Z
[BROKER][aggressive][SUMMARY] sent=0 duplicate_skipped=1 errors=2 fills_csv=artifacts\execution_loop\aggressive\fills.csv broker_log_json=artifacts\execution_loop\aggressive\broker_log.json outcomes={"cancelled_after_ttl": 0, "cancelled_unfilled_cap": 2, "deferred_session_closed": 0, "failed": 0, "filled_now": 0, "partial": 0, "unknown": 0, "working": 0, "working_carry": 0}
[FINAL] IBKR broker adapter complete