{
  "alpha_lib_file": "data\\alpha_library\\alpha_library_v1.parquet",
  "target_col": "target_fwd_ret_1d",
  "train_days": 252,
  "test_days": 63,
  "step_days": 63,
  "purge_days": 5,
  "embargo_days": 5,
  "min_train_rows": 3000,
  "min_test_rows": 300,
  "min_alpha_days": 50,
  "min_alpha_abs_ic": 0.004,
  "max_alphas": 12,
  "ridge_l2": 20.0,
  "corr_prune": 0.85,
  "enter_pct": 0.08,
  "gross_target": 1.0,
  "weight_cap": 0.06,
  "max_daily_turnover": 0.35,
  "cost_bps": 8.0,
  "borrow_bps_daily": 1.0,
  "side": "long_short",
  "budget_mode": "dynamic",
  "regime_mode": "dynamic",
  "fold_summaries": [
    {
      "days": 63.0,
      "mean_daily": -0.000679231531361978,
      "std_daily": 0.007997955769711252,
      "sharpe": -1.3481527776372413,
      "hit_rate": 0.5238095238095238,
      "cum_ret": -0.04385803627497209,
      "max_drawdown": -0.07202155604429461,
      "avg_turnover": 0.34999999999976256,
      "avg_gross": 0.9133999160921423,
      "avg_top_pct": 0.060000000000000005,
      "selected_alpha_count": 5.0,
      "selected_alpha_list": "alpha_cond_breadth_trend_mom_compression,alpha_cond_ivol_lowliq_penalty,alpha_rev1__hi_liq,alpha_cond_vol_compression_liq_breakout,alpha_wick_imbalance__z_range_comp",
      "usable_train_rows": 24444.0,
      "selected_alpha_nonzero_mean": 0.996031746031746,
      "ridge_chosen_min_active": 3.0,
      "ridge_usable_rows": 23571.0
    },
    {
      "days": 63.0,
      "mean_daily": 0.0012833564995878887,
      "std_daily": 0.004743833722323088,
      "sharpe": 4.294554581018565,
      "hit_rate": 0.6666666666666666,
      "cum_ret": 0.08338604064366928,
      "max_drawdown": -0.028344557841644247,
      "avg_turnover": 0.34999999999978554,
      "avg_gross": 0.9432431646802016,
      "avg_top_pct": 0.060000000000000005,
      "selected_alpha_count": 10.0,
      "selected_alpha_list": "alpha_cond_ivol_lowliq_penalty,alpha_cond_breadth_trend_mom_compression,alpha_pressure__hi_liq,alpha_rev1__hi_rvol,alpha_rev1__hi_liq,alpha_rev1__rank_rvol,alpha_mom3__hi_liq,alpha_cond_vol_compression_liq_breakout,alpha_cond_breadth_weak_overnight,alpha_cond_breadth_trend_intraday_rs",
      "usable_train_rows": 24444.0,
      "selected_alpha_nonzero_mean": 1.0,
      "ridge_chosen_min_active": 3.0,
      "ridge_usable_rows": 24444.0
    },
    {
      "days": 63.0,
      "mean_daily": -0.0006364537119884348,
      "std_daily": 0.013850866011517301,
      "sharpe": -0.7294409929618356,
      "hit_rate": 0.4603174603174603,
      "cum_ret": -0.04515051239099921,
      "max_drawdown": -0.11282061731815685,
      "avg_turnover": 0.3499999999997884,
      "avg_gross": 0.9315707049444333,
      "avg_top_pct": 0.060000000000000005,
      "selected_alpha_count": 8.0,
      "selected_alpha_list": "alpha_cond_breadth_trend_mom_compression,alpha_cond_ivol_lowliq_penalty,alpha_rev1__rank_rvol,alpha_cond_momentum_liq_trend,alpha_rev1__hi_rvol,alpha_cond_vol_compression_liq_breakout,alpha_rev1__hi_liq,alpha_cond_breadth_trend_intraday_rs",
      "usable_train_rows": 24444.0,
      "selected_alpha_nonzero_mean": 1.0,
      "ridge_chosen_min_active": 3.0,
      "ridge_usable_rows": 24444.0
    },
    {
      "days": 63.0,
      "mean_daily": 0.002915642649707633,
      "std_daily": 0.013258670879351474,
      "sharpe": 3.49087722261433,
      "hit_rate": 0.5396825396825397,
      "cum_ret": 0.19485467586604943,
      "max_drawdown": -0.03137342482070049,
      "avg_turnover": 0.34999999999976966,
      "avg_gross": 0.9284570356516452,
      "avg_top_pct": 0.060000000000000005,
      "selected_alpha_count": 11.0,
      "selected_alpha_list": "alpha_cond_breadth_trend_mom_compression,alpha_cond_ivol_lowliq_penalty,alpha_rev1__rank_rvol,alpha_rev1__hi_rvol,alpha_mom3__z_rvol,alpha_wick_imbalance__z_range_comp,alpha_cond_momentum_liq_trend,alpha_cond_str_weak_breadth,alpha_cond_breadth_trend_intraday_rs,alpha_rev1__hi_liq,alpha_cond_vol_compression_liq_breakout",
      "usable_train_rows": 24444.0,
      "selected_alpha_nonzero_mean": 1.0,
      "ridge_chosen_min_active": 3.0,
      "ridge_usable_rows": 24444.0
    },
    {
      "days": 63.0,
      "mean_daily": 0.000796549532284996,
      "std_daily": 0.010740004655940695,
      "sharpe": 1.1773581315957629,
      "hit_rate": 0.6190476190476191,
      "cum_ret": 0.0475840960110443,
      "max_drawdown": -0.0830818983620163,
      "avg_turnover": 0.34999999999976816,
      "avg_gross": 0.9325203514375616,
      "avg_top_pct": 0.060000000000000005,
      "selected_alpha_count": 6.0,
      "selected_alpha_list": "alpha_cond_breadth_range_str,alpha_rev1__z_rvol,alpha_wick_imbalance__z_range_comp,alpha_mom3__z_rvol,alpha_cond_str_weak_breadth,alpha_cond_breadth_trend_mom_compression",
      "usable_train_rows": 24444.0,
      "selected_alpha_nonzero_mean": 1.0,
      "ridge_chosen_min_active": 3.0,
      "ridge_usable_rows": 24444.0
    },
    {
      "days": 63.0,
      "mean_daily": -0.00010307410316530817,
      "std_daily": 0.004413282003170924,
      "sharpe": -0.3707559725329428,
      "hit_rate": 0.3968253968253968,
      "cum_ret": -0.0070814380800595655,
      "max_drawdown": -0.0254929366142137,
      "avg_turnover": 0.3499999999997837,
      "avg_gross": 0.9340469869662339,
      "avg_top_pct": 0.060000000000000005,
      "selected_alpha_count": 4.0,
      "selected_alpha_list": "alpha_wick_imbalance__z_range_comp,alpha_mom3__z_rvol,alpha_gap__z_rvol,alpha_cond_breadth_weak_overnight",
      "usable_train_rows": 24444.0,
      "selected_alpha_nonzero_mean": 1.0,
      "ridge_chosen_min_active": 3.0,
      "ridge_usable_rows": 24444.0
    },
    {
      "days": 63.0,
      "mean_daily": 0.0001499883916616792,
      "std_daily": 0.006639313524131074,
      "sharpe": 0.3586201938329365,
      "hit_rate": 0.49206349206349204,
      "cum_ret": 0.008096116214438398,
      "max_drawdown": -0.046475005122058044,
      "avg_turnover": 0.3499999999997438,
      "avg_gross": 0.9581486966155188,
      "avg_top_pct": 0.060000000000000005,
      "selected_alpha_count": 3.0,
      "selected_alpha_list": "alpha_cond_breadth_trend_mom_compression,alpha_cond_vol_compression_liq_breakout,alpha_mom3__z_rvol",
      "usable_train_rows": 24444.0,
      "selected_alpha_nonzero_mean": 0.9998363606611029,
      "ridge_chosen_min_active": 3.0,
      "ridge_usable_rows": 10379.0
    },
    {
      "days": 63.0,
      "mean_daily": -0.0002193550494575935,
      "std_daily": 0.009758824639551106,
      "sharpe": -0.35682098883885166,
      "hit_rate": 0.4444444444444444,
      "cum_ret": -0.016641792093376795,
      "max_drawdown": -0.07457705075807142,
      "avg_turnover": 0.3380812342055361,
      "avg_gross": 0.9384794316822263,
      "avg_top_pct": 0.060000000000000005,
      "selected_alpha_count": 3.0,
      "selected_alpha_list": "alpha_rev1__hi_rvol,alpha_cond_breadth_range_str,alpha_cond_breadth_trend_mom_compression",
      "usable_train_rows": 24444.0,
      "selected_alpha_nonzero_mean": 1.0,
      "ridge_chosen_min_active": 2.0,
      "ridge_usable_rows": 15811.0
    }
  ],
  "overall_summary": {
    "days": 504.0,
    "mean_daily": 0.0004384278346586105,
    "std_daily": 0.009607564595944819,
    "sharpe": 0.7244110658745482,
    "hit_rate": 0.5178571428571429,
    "cum_ret": 0.21862991856161784,
    "max_drawdown": -0.11282061731815629,
    "avg_turnover": 0.3485101542754922,
    "folds": 8
  },
  "top_weights_preview": [
    {
      "fold_id": 1,
      "alpha": "alpha_wick_imbalance__z_range_comp",
      "coef_std": -0.03466885304012801,
      "blend_weight": -0.32614008050088
    },
    {
      "fold_id": 1,
      "alpha": "alpha_cond_ivol_lowliq_penalty",
      "coef_std": 0.030609290572298782,
      "blend_weight": 0.28795058434063187
    },
    {
      "fold_id": 1,
      "alpha": "alpha_cond_breadth_trend_mom_compression",
      "coef_std": 0.024273437930725186,
      "blend_weight": 0.2283473581198865
    },
    {
      "fold_id": 1,
      "alpha": "alpha_rev1__hi_liq",
      "coef_std": 0.0129088780185889,
      "blend_weight": 0.12143760600575897
    },
    {
      "fold_id": 1,
      "alpha": "alpha_cond_vol_compression_liq_breakout",
      "coef_std": 0.0038400386369413417,
      "blend_weight": 0.036124371023435346
    },
    {
      "fold_id": 2,
      "alpha": "alpha_rev1__rank_rvol",
      "coef_std": 0.05081447985603906,
      "blend_weight": 0.2601835026787631
    },
    {
      "fold_id": 2,
      "alpha": "alpha_rev1__hi_rvol",
      "coef_std": -0.037475325023124846,
      "blend_weight": -0.1918835213145043
    },
    {
      "fold_id": 2,
      "alpha": "alpha_pressure__hi_liq",
      "coef_std": -0.029988616055651802,
      "blend_weight": -0.15354960215972344
    },
    {
      "fold_id": 2,
      "alpha": "alpha_cond_breadth_trend_intraday_rs",
      "coef_std": -0.019776159048132156,
      "blend_weight": -0.1012591360819337
    },
    {
      "fold_id": 2,
      "alpha": "alpha_cond_ivol_lowliq_penalty",
      "coef_std": 0.014757647865762126,
      "blend_weight": 0.07556303880098524
    },
    {
      "fold_id": 2,
      "alpha": "alpha_cond_breadth_trend_mom_compression",
      "coef_std": 0.014040736886388842,
      "blend_weight": 0.07189226601632522
    },
    {
      "fold_id": 2,
      "alpha": "alpha_mom3__hi_liq",
      "coef_std": -0.012482862996127901,
      "blend_weight": -0.06391554192806889
    },
    {
      "fold_id": 2,
      "alpha": "alpha_cond_breadth_weak_overnight",
      "coef_std": 0.010882093499184141,
      "blend_weight": 0.055719181050694865
    },
    {
      "fold_id": 2,
      "alpha": "alpha_rev1__hi_liq",
      "coef_std": 0.004891748421403344,
      "blend_weight": 0.025047038602182436
    },
    {
      "fold_id": 2,
      "alpha": "alpha_cond_vol_compression_liq_breakout",
      "coef_std": 0.00019279700195067427,
      "blend_weight": 0.0009871713616985724
    },
    {
      "fold_id": 3,
      "alpha": "alpha_rev1__rank_rvol",
      "coef_std": 0.06293945433858979,
      "blend_weight": 0.35465185611813665
    },
    {
      "fold_id": 3,
      "alpha": "alpha_rev1__hi_rvol",
      "coef_std": -0.05887763897732271,
      "blend_weight": -0.33176429898532395
    },
    {
      "fold_id": 3,
      "alpha": "alpha_rev1__hi_liq",
      "coef_std": 0.028490936807322488,
      "blend_weight": 0.16054101084041675
    },
    {
      "fold_id": 3,
      "alpha": "alpha_cond_breadth_trend_mom_compression",
      "coef_std": 0.013356353613198058,
      "blend_weight": 0.07526051265726631
    },
    {
      "fold_id": 3,
      "alpha": "alpha_cond_ivol_lowliq_penalty",
      "coef_std": 0.006387849130637228,
      "blend_weight": 0.03599431508566647
    },
    {
      "fold_id": 3,
      "alpha": "alpha_cond_momentum_liq_trend",
      "coef_std": 0.005483196000656441,
      "blend_weight": 0.030896766734440067
    },
    {
      "fold_id": 3,
      "alpha": "alpha_cond_vol_compression_liq_breakout",
      "coef_std": 0.0011920371369818232,
      "blend_weight": 0.006716902579391275
    },
    {
      "fold_id": 3,
      "alpha": "alpha_cond_breadth_trend_intraday_rs",
      "coef_std": -0.0007408123997603911,
      "blend_weight": -0.004174336993723617
    },
    {
      "fold_id": 4,
      "alpha": "alpha_rev1__rank_rvol",
      "coef_std": 0.07309511890694732,
      "blend_weight": 0.29694195606005647
    },
    {
      "fold_id": 4,
      "alpha": "alpha_rev1__hi_rvol",
      "coef_std": -0.05974230625750184,
      "blend_weight": -0.24269742692703178
    },
    {
      "fold_id": 4,
      "alpha": "alpha_wick_imbalance__z_range_comp",
      "coef_std": -0.027859339575271067,
      "blend_weight": -0.11317591258800269
    },
    {
      "fold_id": 4,
      "alpha": "alpha_cond_breadth_trend_intraday_rs",
      "coef_std": 0.020730803870048994,
      "blend_weight": 0.08421691549207747
    },
    {
      "fold_id": 4,
      "alpha": "alpha_mom3__z_rvol",
      "coef_std": -0.01898715683242512,
      "blend_weight": -0.07713351553633643
    },
    {
      "fold_id": 4,
      "alpha": "alpha_cond_ivol_lowliq_penalty",
      "coef_std": -0.015768281457163958,
      "blend_weight": -0.06405714101862904
    },
    {
      "fold_id": 4,
      "alpha": "alpha_cond_momentum_liq_trend",
      "coef_std": 0.01320015899493068,
      "blend_weight": 0.05362438820639115
    },
    {
      "fold_id": 4,
      "alpha": "alpha_rev1__hi_liq",
      "coef_std": 0.0073600712012707025,
      "blend_weight": 0.029899587987931842
    },
    {
      "fold_id": 4,
      "alpha": "alpha_cond_vol_compression_liq_breakout",
      "coef_std": -0.004575915623026921,
      "blend_weight": -0.018589221225526188
    },
    {
      "fold_id": 4,
      "alpha": "alpha_cond_breadth_trend_mom_compression",
      "coef_std": -0.00426447116533493,
      "blend_weight": -0.01732400779056544
    },
    {
      "fold_id": 5,
      "alpha": "alpha_mom3__z_rvol",
      "coef_std": -0.05224016238754489,
      "blend_weight": -0.3942097400924079
    },
    {
      "fold_id": 5,
      "alpha": "alpha_rev1__z_rvol",
      "coef_std": -0.0329762108380956,
      "blend_weight": -0.24884194285769418
    },
    {
      "fold_id": 5,
      "alpha": "alpha_wick_imbalance__z_range_comp",
      "coef_std": -0.023649911908630143,
      "blend_weight": -0.1784647137492863
    },
    {
      "fold_id": 5,
      "alpha": "alpha_cond_breadth_trend_mom_compression",
      "coef_std": -0.01357076036674071,
      "blend_weight": -0.10240637992933743
    },
    {
      "fold_id": 5,
      "alpha": "alpha_cond_breadth_range_str",
      "coef_std": 0.007903171503135896,
      "blend_weight": 0.05963816040701524
    },
    {
      "fold_id": 5,
      "alpha": "alpha_cond_str_weak_breadth",
      "coef_std": -0.0021784832565436823,
      "blend_weight": -0.01643906295671274
    },
    {
      "fold_id": 6,
      "alpha": "alpha_mom3__z_rvol",
      "coef_std": -0.06214637044966394,
      "blend_weight": -0.4344237234797069
    },
    {
      "fold_id": 6,
      "alpha": "alpha_gap__z_rvol",
      "coef_std": 0.04819798075965213,
      "blend_weight": 0.33691985733536234
    },
    {
      "fold_id": 6,
      "alpha": "alpha_wick_imbalance__z_range_comp",
      "coef_std": -0.018466052241045982,
      "blend_weight": -0.1290838244370772
    },
    {
      "fold_id": 6,
      "alpha": "alpha_cond_breadth_weak_overnight",
      "coef_std": -0.014244331110266817,
      "blend_weight": -0.09957259474086312
    },
    {
      "fold_id": 7,
      "alpha": "alpha_mom3__z_rvol",
      "coef_std": -0.015404696465370921,
      "blend_weight": -0.728696990405921
    },
    {
      "fold_id": 7,
      "alpha": "alpha_cond_breadth_trend_mom_compression",
      "coef_std": 0.005574899977259277,
      "blend_weight": 0.26371261805612317
    },
    {
      "fold_id": 7,
      "alpha": "alpha_cond_vol_compression_liq_breakout",
      "coef_std": 0.00016046131451935845,
      "blend_weight": 0.007590391490652392
    },
    {
      "fold_id": 8,
      "alpha": "alpha_cond_breadth_range_str",
      "coef_std": 0.014819669127283717,
      "blend_weight": 0.4869103485915471
    },
    {
      "fold_id": 8,
      "alpha": "alpha_cond_breadth_trend_mom_compression",
      "coef_std": 0.01448089533657611,
      "blend_weight": 0.4757797043706558
    },
    {
      "fold_id": 8,
      "alpha": "alpha_rev1__hi_rvol",
      "coef_std": -0.001135570585774401,
      "blend_weight": -0.03730994700494135
    }
  ],
  "alpha_count": 29
}





https://github.com/Hahn-pixel/Python-Edge/blob/main/src/python_edge/portfolio/holding_inertia.py

from __future__ import annotations

import pandas as pd



def apply_holding_inertia(
    df: pd.DataFrame,
    enter_pct: float = 0.10,
    exit_pct: float = 0.20,
) -> pd.DataFrame:
    """
    Hysteresis portfolio rule.

    New positions are opened only in the strongest names (enter threshold),
    but existing positions are allowed to persist until they deteriorate below
    a weaker exit threshold. This reduces churn materially.
    """

    if enter_pct <= 0.0 or enter_pct >= 0.5:
        raise ValueError("enter_pct must be in (0, 0.5)")
    if exit_pct < enter_pct or exit_pct >= 0.5:
        raise ValueError("exit_pct must be in [enter_pct, 0.5)")

    required = ["date", "symbol", "score"]
    missing = [c for c in required if c not in df.columns]
    if missing:
        raise RuntimeError(f"apply_holding_inertia: missing columns: {missing}")

    out = df.copy()
    out = out.sort_values(["date", "symbol"], ascending=[True, True]).reset_index(drop=True)
    out["rank_pct"] = out.groupby("date")["score"].rank(method="average", pct=True)
    out["side"] = 0.0

    prev_side_by_symbol: dict[str, float] = {}

    for dt in sorted(out["date"].dropna().unique()):
        day_mask = out["date"] == dt
        day_idx = out.index[day_mask]
        day = out.loc[day_idx, ["symbol", "rank_pct"]].copy()

        next_side = pd.Series(0.0, index=day.index, dtype="float64")

        long_enter = day["rank_pct"] >= (1.0 - enter_pct)
        short_enter = day["rank_pct"] <= enter_pct
        long_keep = day["rank_pct"] >= (1.0 - exit_pct)
        short_keep = day["rank_pct"] <= exit_pct

        for idx, row in day.iterrows():
            sym = str(row["symbol"])
            prev_side = float(prev_side_by_symbol.get(sym, 0.0))
            rp = float(row["rank_pct"])

            if rp >= (1.0 - enter_pct):
                curr_side = 1.0
            elif rp <= enter_pct:
                curr_side = -1.0
            elif prev_side > 0.0 and rp >= (1.0 - exit_pct):
                curr_side = 1.0
            elif prev_side < 0.0 and rp <= exit_pct:
                curr_side = -1.0
            else:
                curr_side = 0.0

            next_side.loc[idx] = curr_side
            prev_side_by_symbol[sym] = curr_side

        out.loc[day_idx, "side"] = next_side.values

    return out
    
    
    
    
https://github.com/Hahn-pixel/Python-Edge/blob/main/src/python_edge/portfolio/turnover_control.py

from __future__ import annotations

import math

import pandas as pd



def _infer_strength(row: pd.Series, weight_col: str) -> float:
    target_weight = float(pd.to_numeric(row.get(weight_col, 0.0), errors="coerce"))
    rank_pct = pd.to_numeric(row.get("rank_pct", None), errors="coerce")
    score = pd.to_numeric(row.get("score", None), errors="coerce")
    if pd.notna(rank_pct):
        if target_weight > 0.0:
            return float(rank_pct)
        if target_weight < 0.0:
            return float(1.0 - rank_pct)
    if pd.notna(score):
        return float(abs(score))
    return float(abs(target_weight))



def _trade_priority_components(prev_weight: float, target_weight: float) -> list[tuple[str, float]]:
    pieces: list[tuple[str, float]] = []
    if prev_weight == 0.0 and target_weight == 0.0:
        return pieces
    if prev_weight != 0.0 and target_weight == 0.0:
        pieces.append(("mandatory_exit", -prev_weight))
        return pieces
    if prev_weight == 0.0 and target_weight != 0.0:
        pieces.append(("new_entry", target_weight))
        return pieces
    if math.copysign(1.0, prev_weight) != math.copysign(1.0, target_weight):
        pieces.append(("mandatory_exit", -prev_weight))
        pieces.append(("new_entry", target_weight))
        return pieces
    if abs(target_weight) < abs(prev_weight):
        pieces.append(("risk_trim", target_weight - prev_weight))
        return pieces
    if abs(target_weight) > abs(prev_weight):
        if prev_weight != 0.0:
            pieces.append(("keep_add", target_weight - prev_weight))
        else:
            pieces.append(("new_entry", target_weight))
        return pieces
    return pieces



def cap_daily_turnover(
    df: pd.DataFrame,
    weight_col: str = "weight",
    max_daily_turnover: float = 0.60,
) -> pd.DataFrame:
    out = df.copy()
    required = ["date", "symbol", weight_col]
    missing = [c for c in required if c not in out.columns]
    if missing:
        raise RuntimeError(f"cap_daily_turnover: missing columns: {missing}")
    if max_daily_turnover <= 0.0:
        raise ValueError("max_daily_turnover must be > 0")

    out = out.sort_values(["date", "symbol"]).reset_index(drop=True)
    actual_rows: list[pd.DataFrame] = []
    prev_actual_by_symbol: dict[str, float] = {}

    for _, sdf in out.groupby("date", sort=False):
        day = sdf.copy()
        prev_weight_list: list[float] = []
        target_weight_list: list[float] = []
        target_trade_abs_list: list[float] = []
        actual_trade_list: list[float] = []
        actual_weight_list: list[float] = []
        raw_priority_list: list[str] = []
        strength_list: list[float] = []
        unfilled_abs_list: list[float] = []
        budget_left = float(max_daily_turnover)

        plan_rows: list[dict[str, object]] = []
        for idx, row in day.iterrows():
            symbol = str(row["symbol"])
            prev_weight = float(prev_actual_by_symbol.get(symbol, 0.0))
            target_weight = float(pd.to_numeric(row[weight_col], errors="coerce"))
            strength = _infer_strength(row, weight_col)
            parts = _trade_priority_components(prev_weight=prev_weight, target_weight=target_weight)
            for bucket, delta in parts:
                plan_rows.append(
                    {
                        "idx": idx,
                        "symbol": symbol,
                        "bucket": bucket,
                        "delta": float(delta),
                        "trade_abs": abs(float(delta)),
                        "strength": strength,
                    }
                )
            prev_weight_list.append(prev_weight)
            target_weight_list.append(target_weight)
            target_trade_abs_list.append(abs(target_weight - prev_weight))
            actual_trade_list.append(0.0)
            actual_weight_list.append(prev_weight)
            raw_priority_list.append("hold")
            strength_list.append(strength)
            unfilled_abs_list.append(abs(target_weight - prev_weight))

        bucket_order = {
            "mandatory_exit": 0,
            "risk_trim": 1,
            "keep_add": 2,
            "new_entry": 3,
        }
        plan_rows = sorted(
            plan_rows,
            key=lambda x: (
                bucket_order.get(str(x["bucket"]), 99),
                -float(x["strength"]),
                -float(x["trade_abs"]),
                str(x["symbol"]),
            ),
        )

        executed_by_idx: dict[int, float] = {}
        top_bucket_by_idx: dict[int, str] = {}
        for item in plan_rows:
            idx = int(item["idx"])
            delta = float(item["delta"])
            need = abs(delta)
            if need <= 0.0:
                continue
            if budget_left <= 0.0:
                continue
            exec_abs = min(need, budget_left)
            exec_delta = math.copysign(exec_abs, delta)
            executed_by_idx[idx] = float(executed_by_idx.get(idx, 0.0)) + exec_delta
            if idx not in top_bucket_by_idx:
                top_bucket_by_idx[idx] = str(item["bucket"])
            budget_left -= exec_abs

        for pos, idx in enumerate(day.index.tolist()):
            prev_weight = prev_weight_list[pos]
            target_weight = target_weight_list[pos]
            executed_delta = float(executed_by_idx.get(idx, 0.0))
            actual_weight = prev_weight + executed_delta
            remaining = abs(target_weight - actual_weight)
            actual_trade_abs = abs(executed_delta)
            actual_trade_list[pos] = executed_delta
            actual_weight_list[pos] = actual_weight
            raw_priority_list[pos] = str(top_bucket_by_idx.get(idx, "hold"))
            unfilled_abs_list[pos] = remaining
            prev_actual_by_symbol[str(day.loc[idx, "symbol"])] = actual_weight

        day["prev_weight"] = prev_weight_list
        day["target_weight"] = target_weight_list
        day["trade_delta_target"] = day["target_weight"] - day["prev_weight"]
        day["trade_abs_raw"] = target_trade_abs_list
        day["trade_delta"] = actual_trade_list
        day[weight_col] = actual_weight_list
        day["trade_abs_after"] = [abs(x) for x in actual_trade_list]
        day["trade_priority"] = raw_priority_list
        day["trade_strength"] = strength_list
        day["trade_abs_unfilled"] = unfilled_abs_list
        day["raw_turnover"] = float(sum(target_trade_abs_list))
        day["capped_turnover"] = float(sum(abs(x) for x in actual_trade_list))
        day["cap_hit"] = int(day["raw_turnover"].iloc[0] > max_daily_turnover)
        day["turnover_budget_left"] = max(0.0, budget_left)
        actual_rows.append(day)

    out = pd.concat(actual_rows, axis=0, ignore_index=True)
    return out