============================================================
  Python-Edge — Daily Data Update
============================================================
  ROOT: C:\Users\Dmytro Govor\Documents\Python-Edge
  MASSIVE_API_KEY: SET


============================================================
[RUN] scripts/run_daily_cycle.py
============================================================
[CFG] configs=['optimal', 'aggressive']
[CFG] require_any_live_active_names=1 require_fresh_freeze_date_match=1 run_broker_handoff=0 run_broker_adapter=0 run_broker_reconcile=0
[CFG] require_freeze_universe_filter=1 min_freeze_universe_survival_ratio=0.9000
[CFG] require_freeze_live_gate_passed=0 require_any_replay_gate_pass=1
[CFG] child_pause_on_exit=0
[STEP] universe builder
[RUN] C:\Users\Dmytro Govor\AppData\Local\Programs\Python\Python313\python.exe C:\Users\Dmytro Govor\Documents\Python-Edge\scripts\run_universe_builder.py
[RUN][ENV] PAUSE_ON_EXIT=0
[CFG] output_dir=artifacts\daily_cycle\universe
[CFG] universe_profile=trading_us_core_v1
[CFG] target_size=175 top_n=175
[CFG] history_lookback_days=45
[CFG] rebalance_freq=weekly reuse_last=True
[CFG] eligibility.min_price=7.5
[CFG] eligibility.min_median_dollar_vol_20d=20,000,000
[CFG] eligibility.min_history_days=25
[CFG] eligibility.allowed_ticker_types=('CS',)
[SECTOR_CAP] global mode cap=18
[SECTOR_CAP]   broad_sector='other' selected=18 cap=18
[SECTOR_CAP]   broad_sector='technology' selected=18 cap=18
[SECTOR_CAP]   broad_sector='financials' selected=18 cap=18
[SECTOR_CAP]   broad_sector='industrials' selected=13 cap=18
[SECTOR_CAP]   broad_sector='healthcare' selected=12 cap=18
[SECTOR_CAP]   broad_sector='consumer_cyclical' selected=10 cap=18
[SECTOR_CAP]   broad_sector='materials' selected=7 cap=18
[SECTOR_CAP]   broad_sector='communication' selected=3 cap=18
[SECTOR_CAP]   broad_sector='energy' selected=3 cap=18
[SECTOR_CAP]   broad_sector='consumer_staples' selected=3 cap=18
[SECTOR_CAP]   broad_sector='real_estate' selected=3 cap=18
[SECTOR_CAP]   broad_sector='utilities' selected=1 cap=18
[ELIG][universe_builder] candidates=5098 eligible=514 dropped=4584
[ELIG][universe_builder]   dropped_price=1752
[ELIG][universe_builder]   dropped_liquidity=4578
[ELIG][universe_builder]   dropped_history=4573
[ELIG][universe_builder]   dropped_nan_ratio=4573
[ELIG][universe_builder]   dropped_missing_days=4573
[OK] snapshot=artifacts\daily_cycle\universe\universe_snapshot.parquet rows=109
[OK] eligibility_debug=artifacts\daily_cycle\universe\universe_eligibility_debug.parquet
[OK] summary=artifacts\daily_cycle\universe\universe_summary.json
[OK] eligibility_dropped=artifacts\daily_cycle\universe\universe_eligibility_dropped.csv
[OK] eligibility_eligible=artifacts\daily_cycle\universe\universe_eligibility_eligible.csv
[OK] eligibility_counters=artifacts\daily_cycle\universe\universe_eligibility_counters.json
[FINAL] universe builder complete snapshot=artifacts\daily_cycle\universe\universe_snapshot.parquet summary=artifacts\daily_cycle\universe\universe_summary.json
[DIAG][UNIVERSE] snapshot=C:\Users\Dmytro Govor\Documents\Python-Edge\artifacts\daily_cycle\universe\universe_snapshot.parquet summary=C:\Users\Dmytro Govor\Documents\Python-Edge\artifacts\daily_cycle\universe\universe_summary.json rows_current=109 all_symbols_current=109 selected_symbols_current=109 symbol_col=symbol date_col=date selected_col=selected current_date=2026-04-24
[DIAG][UNIVERSE][SUMMARY] eligible_total=514 selected_total=109 overview_missing_sic_total=None sector_unknown_selected=None industry_unknown_selected=None
[STEP] live alpha snapshot
[RUN] C:\Users\Dmytro Govor\AppData\Local\Programs\Python\Python313\python.exe C:\Users\Dmytro Govor\Documents\Python-Edge\scripts\run_live_alpha_snapshot.py
[RUN][ENV] PAUSE_ON_EXIT=0
[CFG] universe_snapshot_file=artifacts\daily_cycle\universe\universe_snapshot.parquet
[CFG] live_alpha_out_dir=artifacts\live_alpha
[CFG] live_alpha_scope=registry survivor_top_n=6
[CFG] lookback_days=260 max_symbols=500
[CFG] proxy_enable=1 interaction_enable=1 interaction_top_k=24 interaction_gates=oil_up|dollar_up|macro_risk_off
[BROAD_SECTOR] loaded from universe_snapshot.parquet symbols=109 unique_sectors=12
[UNIVERSE][LOAD] source=universe_snapshot.parquet snapshot=artifacts\daily_cycle\universe\universe_snapshot.parquet symbol_col=ticker date_col=trade_date latest_date=2026-04-24 rows_current=109 selected_current=109 max_symbols=500
[UNIVERSE] selected_symbols=109 as_of_date=2026-04-24
[FETCH] 25/109 complete rows=4500 failed=0
[FETCH] 50/109 complete rows=9000 failed=0
[FETCH] 75/109 complete rows=13500 failed=0
[FETCH] 100/109 complete rows=18000 failed=0
[FETCH] 109/109 complete rows=19620 failed=0
[FETCH] final_symbols=109 rows=19620 failed_symbols=0
[FETCH] 12/12 complete rows=2160 failed=0
[FETCH] final_symbols=12 rows=2160 failed_symbols=0
[BROAD_SECTOR] attached to panel symbols=109 unique_sectors=12
[FACTORY] recipe_source=default_priority+recent_default_priority recipe_count=2088
[INTERACTION] base_alpha_count=24 enabled_gates=['oil_up', 'dollar_up', 'macro_risk_off'] added_columns=72
[OK] base_snapshot=artifacts\live_alpha\live_feature_snapshot.parquet
[OK] proxy_feature_snapshot=artifacts\live_alpha\live_proxy_feature_snapshot.parquet
[OK] live_alpha_snapshot=artifacts\live_alpha\live_alpha_snapshot.parquet
[OK] manifest=artifacts\live_alpha\live_alpha_manifest.csv
[OK] dropped=artifacts\live_alpha\live_alpha_dropped.csv
[OK] meta=artifacts\live_alpha\live_alpha_meta.json
[DIAG][LIVE_ALPHA] snapshot=C:\Users\Dmytro Govor\Documents\Python-Edge\artifacts\live_alpha\live_alpha_snapshot.parquet current_rows=109 current_symbols=109 alpha_col_count=1378 current_date=2026-04-24 date_match_vs_universe=1
[DIAG][LIVE_ALPHA][COVERAGE] universe_selected_current=109 present_in_live_alpha=109 missing_from_live_alpha=0 extra_vs_selected=0 extra_vs_all=0
[DIAG][LIVE_ALPHA][MISSING_TOP] none
[DIAG][LIVE_ALPHA][EXTRA_VS_SELECTED_TOP] none
[DIAG][LIVE_ALPHA][EXTRA_VS_ALL_TOP] none
[ARTIFACT] C:\Users\Dmytro Govor\Documents\Python-Edge\artifacts\daily_cycle\universe_live_alpha_diagnostics.json
[STEP] freeze runner
[RUN] C:\Users\Dmytro Govor\AppData\Local\Programs\Python\Python313\python.exe C:\Users\Dmytro Govor\Documents\Python-Edge\scripts\run_freeze_runner.py
[RUN][ENV] PAUSE_ON_EXIT=0
[CFG] live_alpha_snapshot_file=artifacts\live_alpha\live_alpha_snapshot.parquet
[CFG] universe_snapshot_file=artifacts\daily_cycle\universe\universe_snapshot.parquet
[CFG] out_dir=artifacts\freeze_runner
[CFG] require_universe_filter=1 require_universe_current_date_match=0 min_universe_survival_ratio=0.9000
[CFG] auto_refresh_live_alpha_on_date_mismatch=1 live_alpha_refresh_script=scripts\run_live_alpha_snapshot.py
[CFG] freeze_require_positive_replay_sharpe=0 freeze_min_replay_sharpe=0.0000 freeze_min_replay_cumret=0.0000 freeze_min_live_active_names=1
[CFG] component_prefilter min_proxy_train_sharpe=0.0000 min_abs_mean_ic=0.000000 basket_candidate_pool=8 basket_max_combos=40
[CFG] sign_source=last_fold require_recent_sign=0
[CFG] frozen wf=120/20/20 components=4 weighting=ic
[UNIVERSE_FILTER] applied=1 universe_selected_current=109 present_in_panel_current=109 missing_in_panel_current=0 survival_ratio_current=1.0000 panel_rows_before_filter=19620 panel_rows_after_filter=19620 live_snapshot_current_date=2026-04-24
[DATA] rows=19620 symbols=109 alpha_cols=1378 first_date=2025-08-07 last_date=2026-04-24
[FREEZE] last_completed_fold fold_id=3 train=2025-10-03..2026-03-26 test=2026-03-27..2026-04-24
[COMPONENTS][ALL_CANDIDATES_TOP]
                                 alpha  train_abs_mean_ic  proxy_train_sharpe  train_sign_locked  last_fold_abs_mean_ic  last_fold_mean_ic  last_fold_sign_locked  effective_sign_locked sign_source_used
     alpha_ivol_20d_raw_raw_mul_liq_hi           0.256904            0.926141                1.0               0.256753           0.161190                    1.0                    1.0     last_fold_ic
     alpha_ivol_20d_raw_raw_mul_liq_lo           0.256904            0.926141                1.0               0.256753           0.161190                    1.0                    1.0     last_fold_ic
   alpha_ivol_20d_raw_raw_mul_liq_rank           0.256904            0.926141                1.0               0.256753           0.161190                    1.0                    1.0     last_fold_ic
      alpha_ivol_20d_raw_raw_mul_liq_z           0.256904            0.926141                1.0               0.256753           0.161190                    1.0                    1.0     last_fold_ic
       alpha_ivol_20d_z_raw_mul_liq_hi           0.247260            0.837640                1.0               0.249314           0.152760                    1.0                    1.0     last_fold_ic
       alpha_ivol_20d_z_raw_mul_liq_lo           0.247260            0.837640                1.0               0.249314           0.152760                    1.0                    1.0     last_fold_ic
     alpha_ivol_20d_z_raw_mul_liq_rank           0.247260            0.837640                1.0               0.249314           0.152760                    1.0                    1.0     last_fold_ic
        alpha_ivol_20d_z_raw_mul_liq_z           0.247260            0.837640                1.0               0.249314           0.152760                    1.0                    1.0     last_fold_ic
alpha_ivol_20d_z_raw_mul_ivol_ratio_hi           0.242414            0.888640                1.0               0.238749           0.142571                    1.0                    1.0     last_fold_ic
alpha_ivol_20d_z_raw_mul_ivol_ratio_lo           0.242414            0.888640                1.0               0.238749           0.142571                    1.0                    1.0     last_fold_ic
[COMPONENTS][optimal] selected_by_basket_search component_count=4 pool_size=8 combos_evaluated=40
                            alpha  train_abs_mean_ic  proxy_train_sharpe  train_sign_locked  last_fold_abs_mean_ic  last_fold_mean_ic  last_fold_sign_locked  effective_sign_locked sign_source_used
alpha_ivol_20d_raw_raw_mul_liq_hi           0.256904            0.926141                1.0               0.256753            0.16119                    1.0                    1.0     last_fold_ic
  alpha_ivol_20d_z_raw_mul_liq_hi           0.247260            0.837640                1.0               0.249314            0.15276                    1.0                    1.0     last_fold_ic
  alpha_ivol_20d_z_raw_mul_liq_lo           0.247260            0.837640                1.0               0.249314            0.15276                    1.0                    1.0     last_fold_ic
alpha_ivol_20d_z_raw_mul_liq_rank           0.247260            0.837640                1.0               0.249314            0.15276                    1.0                    1.0     last_fold_ic
[BASKET_SEARCH][optimal][TOP]
 basket_id                                                                                                                               alpha_list  component_count  train_abs_mean_ic_avg  proxy_train_sharpe_avg  last_fold_abs_mean_ic_avg  last_fold_proxy_sharpe_avg  replay_sharpe_last_fold  replay_cumret_last_fold  replay_max_drawdown_last_fold  replay_avg_turnover_last_fold
        32      alpha_ivol_20d_raw_raw_mul_liq_hi|alpha_ivol_20d_z_raw_mul_liq_hi|alpha_ivol_20d_z_raw_mul_liq_lo|alpha_ivol_20d_z_raw_mul_liq_rank                4               0.249671                0.859765                   0.251173                    9.328268                 7.158254                 0.118038                      -0.036542                       0.026756
        33         alpha_ivol_20d_raw_raw_mul_liq_hi|alpha_ivol_20d_z_raw_mul_liq_hi|alpha_ivol_20d_z_raw_mul_liq_lo|alpha_ivol_20d_z_raw_mul_liq_z                4               0.249671                0.859765                   0.251173                    9.328268                 7.158254                 0.118038                      -0.036542                       0.026756
        34       alpha_ivol_20d_raw_raw_mul_liq_hi|alpha_ivol_20d_z_raw_mul_liq_hi|alpha_ivol_20d_z_raw_mul_liq_rank|alpha_ivol_20d_z_raw_mul_liq_z                4               0.249671                0.859765                   0.251173                    9.328268                 7.158254                 0.118038                      -0.036542                       0.026756
        35       alpha_ivol_20d_raw_raw_mul_liq_hi|alpha_ivol_20d_z_raw_mul_liq_lo|alpha_ivol_20d_z_raw_mul_liq_rank|alpha_ivol_20d_z_raw_mul_liq_z                4               0.249671                0.859765                   0.251173                    9.328268                 7.158254                 0.118038                      -0.036542                       0.026756
         1 alpha_ivol_20d_raw_raw_mul_liq_hi|alpha_ivol_20d_raw_raw_mul_liq_lo|alpha_ivol_20d_raw_raw_mul_liq_rank|alpha_ivol_20d_raw_raw_mul_liq_z                4               0.256904                0.926141                   0.256753                    9.454098                 7.090858                 0.116113                      -0.038013                       0.024683
        10      alpha_ivol_20d_raw_raw_mul_liq_hi|alpha_ivol_20d_raw_raw_mul_liq_lo|alpha_ivol_20d_z_raw_mul_liq_hi|alpha_ivol_20d_z_raw_mul_liq_lo                4               0.252082                0.881891                   0.253033                    9.370211                 7.007929                 0.115241                      -0.037751                       0.025527
        11    alpha_ivol_20d_raw_raw_mul_liq_hi|alpha_ivol_20d_raw_raw_mul_liq_lo|alpha_ivol_20d_z_raw_mul_liq_hi|alpha_ivol_20d_z_raw_mul_liq_rank                4               0.252082                0.881891                   0.253033                    9.370211                 7.007929                 0.115241                      -0.037751                       0.025527
        12       alpha_ivol_20d_raw_raw_mul_liq_hi|alpha_ivol_20d_raw_raw_mul_liq_lo|alpha_ivol_20d_z_raw_mul_liq_hi|alpha_ivol_20d_z_raw_mul_liq_z                4               0.252082                0.881891                   0.253033                    9.370211                 7.007929                 0.115241                      -0.037751                       0.025527
        13    alpha_ivol_20d_raw_raw_mul_liq_hi|alpha_ivol_20d_raw_raw_mul_liq_lo|alpha_ivol_20d_z_raw_mul_liq_lo|alpha_ivol_20d_z_raw_mul_liq_rank                4               0.252082                0.881891                   0.253033                    9.370211                 7.007929                 0.115241                      -0.037751                       0.025527
        14       alpha_ivol_20d_raw_raw_mul_liq_hi|alpha_ivol_20d_raw_raw_mul_liq_lo|alpha_ivol_20d_z_raw_mul_liq_lo|alpha_ivol_20d_z_raw_mul_liq_z                4               0.252082                0.881891                   0.253033                    9.370211                 7.007929                 0.115241                      -0.037751                       0.025527
[FREEZE][optimal] live_active_names_raw=2 live_active_names=2 live_gate_passed=1 live_gate_reason=passed replay_sharpe_last_fold=7.1583 replay_cumret_last_fold=0.1180 avg_turnover=0.0268 avg_gross=0.6467
[FREEZE][optimal][UNIVERSE] applied=1 selected_current=109 present_in_panel_current=109 survival_ratio_current=1.0000 live_snapshot_current_date=2026-04-24
[FREEZE][optimal][LIVE_BOOK_TOP]
symbol  weight     score  side market_regime  long_budget  short_budget  turnover
   CAR    0.05 12.937383   1.0       neutral          0.5           0.5      0.05
  ACLX   -0.05 -1.843548  -1.0       neutral          0.5           0.5      0.05
[COMPONENTS][aggressive] selected_by_basket_search component_count=4 pool_size=8 combos_evaluated=40
                              alpha  train_abs_mean_ic  proxy_train_sharpe  train_sign_locked  last_fold_abs_mean_ic  last_fold_mean_ic  last_fold_sign_locked  effective_sign_locked sign_source_used
  alpha_ivol_20d_raw_raw_mul_liq_hi           0.256904            0.926141                1.0               0.256753            0.16119                    1.0                    1.0     last_fold_ic
  alpha_ivol_20d_raw_raw_mul_liq_lo           0.256904            0.926141                1.0               0.256753            0.16119                    1.0                    1.0     last_fold_ic
alpha_ivol_20d_raw_raw_mul_liq_rank           0.256904            0.926141                1.0               0.256753            0.16119                    1.0                    1.0     last_fold_ic
   alpha_ivol_20d_raw_raw_mul_liq_z           0.256904            0.926141                1.0               0.256753            0.16119                    1.0                    1.0     last_fold_ic
[BASKET_SEARCH][aggressive][TOP]
 basket_id                                                                                                                               alpha_list  component_count  train_abs_mean_ic_avg  proxy_train_sharpe_avg  last_fold_abs_mean_ic_avg  last_fold_proxy_sharpe_avg  replay_sharpe_last_fold  replay_cumret_last_fold  replay_max_drawdown_last_fold  replay_avg_turnover_last_fold
         1 alpha_ivol_20d_raw_raw_mul_liq_hi|alpha_ivol_20d_raw_raw_mul_liq_lo|alpha_ivol_20d_raw_raw_mul_liq_rank|alpha_ivol_20d_raw_raw_mul_liq_z                4               0.256904                0.926141                   0.256753                    9.454098                 5.819575                 0.176576                      -0.041912                       0.028630
        32      alpha_ivol_20d_raw_raw_mul_liq_hi|alpha_ivol_20d_z_raw_mul_liq_hi|alpha_ivol_20d_z_raw_mul_liq_lo|alpha_ivol_20d_z_raw_mul_liq_rank                4               0.249671                0.859765                   0.251173                    9.328268                 5.788006                 0.176506                      -0.042581                       0.031206
        33         alpha_ivol_20d_raw_raw_mul_liq_hi|alpha_ivol_20d_z_raw_mul_liq_hi|alpha_ivol_20d_z_raw_mul_liq_lo|alpha_ivol_20d_z_raw_mul_liq_z                4               0.249671                0.859765                   0.251173                    9.328268                 5.788006                 0.176506                      -0.042581                       0.031206
        34       alpha_ivol_20d_raw_raw_mul_liq_hi|alpha_ivol_20d_z_raw_mul_liq_hi|alpha_ivol_20d_z_raw_mul_liq_rank|alpha_ivol_20d_z_raw_mul_liq_z                4               0.249671                0.859765                   0.251173                    9.328268                 5.788006                 0.176506                      -0.042581                       0.031206
        35       alpha_ivol_20d_raw_raw_mul_liq_hi|alpha_ivol_20d_z_raw_mul_liq_lo|alpha_ivol_20d_z_raw_mul_liq_rank|alpha_ivol_20d_z_raw_mul_liq_z                4               0.249671                0.859765                   0.251173                    9.328268                 5.788006                 0.176506                      -0.042581                       0.031206
        10      alpha_ivol_20d_raw_raw_mul_liq_hi|alpha_ivol_20d_raw_raw_mul_liq_lo|alpha_ivol_20d_z_raw_mul_liq_hi|alpha_ivol_20d_z_raw_mul_liq_lo                4               0.252082                0.881891                   0.253033                    9.370211                 5.752912                 0.176634                      -0.044128                       0.031215
        11    alpha_ivol_20d_raw_raw_mul_liq_hi|alpha_ivol_20d_raw_raw_mul_liq_lo|alpha_ivol_20d_z_raw_mul_liq_hi|alpha_ivol_20d_z_raw_mul_liq_rank                4               0.252082                0.881891                   0.253033                    9.370211                 5.752912                 0.176634                      -0.044128                       0.031215
        12       alpha_ivol_20d_raw_raw_mul_liq_hi|alpha_ivol_20d_raw_raw_mul_liq_lo|alpha_ivol_20d_z_raw_mul_liq_hi|alpha_ivol_20d_z_raw_mul_liq_z                4               0.252082                0.881891                   0.253033                    9.370211                 5.752912                 0.176634                      -0.044128                       0.031215
        13    alpha_ivol_20d_raw_raw_mul_liq_hi|alpha_ivol_20d_raw_raw_mul_liq_lo|alpha_ivol_20d_z_raw_mul_liq_lo|alpha_ivol_20d_z_raw_mul_liq_rank                4               0.252082                0.881891                   0.253033                    9.370211                 5.752912                 0.176634                      -0.044128                       0.031215
        14       alpha_ivol_20d_raw_raw_mul_liq_hi|alpha_ivol_20d_raw_raw_mul_liq_lo|alpha_ivol_20d_z_raw_mul_liq_lo|alpha_ivol_20d_z_raw_mul_liq_z                4               0.252082                0.881891                   0.253033                    9.370211                 5.752912                 0.176634                      -0.044128                       0.031215
[FREEZE][aggressive] live_active_names_raw=3 live_active_names=3 live_gate_passed=1 live_gate_reason=passed replay_sharpe_last_fold=5.8196 replay_cumret_last_fold=0.1766 avg_turnover=0.0286 avg_gross=1.0000
[FREEZE][aggressive][UNIVERSE] applied=1 selected_current=109 present_in_panel_current=109 survival_ratio_current=1.0000 live_snapshot_current_date=2026-04-24
[FREEZE][aggressive][LIVE_BOOK_TOP]
symbol  weight     score  side market_regime  long_budget  short_budget  turnover
  AAOI    0.25  5.016917   1.0          weak          0.5           0.5      0.05
   CAR    0.25 12.426950   1.0          weak          0.5           0.5      0.05
  ACLX   -0.50 -1.829301  -1.0          weak          0.5           0.5      0.05
[ARTIFACT] artifacts\freeze_runner\freeze_all_configs_summary.json
[FINAL] freeze runner complete
[GATE] freeze summaries
[GATE] config=optimal live_current_date=2026-04-24 freeze_live_active_names=2 universe_filter_applied=1 universe_selected_current=109 universe_present_in_panel_current=109 universe_survival_ratio_current=1.0 live_gate_passed=1 live_gate_reason=passed replay_sharpe_last_fold=7.158254042986606 replay_cumret_last_fold=0.11803794240812215
[GATE] config=aggressive live_current_date=2026-04-24 freeze_live_active_names=3 universe_filter_applied=1 universe_selected_current=109 universe_present_in_panel_current=109 universe_survival_ratio_current=1.0 live_gate_passed=1 live_gate_reason=passed replay_sharpe_last_fold=5.819574953863375 replay_cumret_last_fold=0.17657638928344177
[ARTIFACT] C:\Users\Dmytro Govor\Documents\Python-Edge\artifacts\daily_cycle\freeze_gate_diagnostics.json
[GATE] execution_ready_configs=['optimal', 'aggressive']
[CFG] execution_ready_configs=['optimal', 'aggressive']
[CFG] CONFIG_NAMES overridden for downstream steps -> optimal|aggressive
[STEP] execution loop
[RUN] C:\Users\Dmytro Govor\AppData\Local\Programs\Python\Python313\python.exe C:\Users\Dmytro Govor\Documents\Python-Edge\scripts\run_execution_loop.py
[RUN][ENV] PAUSE_ON_EXIT=0
[CFG] live_feature_snapshot_file=artifacts\live_alpha\live_feature_snapshot.parquet freeze_root=artifacts\freeze_runner execution_root=artifacts\execution_loop account_nav=100000.00 fractional_mode=auto allow_fractional_shares=0
[CFG] min_order_notional=25.00 default_price_fallback=100.00 topk_print=50 reset_state=0 config_names=optimal|aggressive
[CFG] require_freeze_date_match_live_prices=1 skip_empty_freeze_configs=1 min_price_to_trade=1.0 max_price_to_trade=1000000.0
[CFG] max_single_name_weight=0.050000 max_single_name_notional=10000.00 commission_bps=0.5000 commission_min_per_order=0.3500 slippage_bps=1.5000
[CFG] align_state_from_broker_once=0 align_state_require_broker_positions=1 align_state_cash_mode=preserve_nav skip_legacy_symbols_not_in_target=1
[CFG] use_state_price_fallback_for_legacy=1 use_state_price_fallback_for_mtm=1 use_broker_positions_price_fallback_for_legacy=1 use_broker_positions_price_fallback_for_mtm=1
[CFG] sanitize_state_prices=1 persist_default_fallback_to_state=0
[LIVE_PRICES] current_date=2026-04-24 symbols=109 price_col=close snapshot_fallback_count=0
[EXEC][optimal] loading freeze artifacts
[EXEC][optimal][ALIGN] requested=0 applied=0 reason=not_requested marker=artifacts\execution_loop\optimal\state_alignment_once.json broker_fallback_symbols=0
[EXEC][optimal][STATE_SANITY] sanitized=0 updated_from_live=0 updated_from_broker_positions=0 cleared_default_like=0 missing_live_price=0 missing_broker_price=0
[EXEC][optimal] starting_nav=977446.65 ending_nav=978928.71 cash_after=968114.23 market_value_after=10814.48 nav_recon_error=0.000000 order_count=2 active_names=2 gross_target=0.0205 price_col=close merged_missing_prices=0 fallback_price_rows=0 mtm_default_fallback_count=0 mtm_state_fallback_count=1 mtm_broker_positions_fallback_count=0 mtm_unpriced_count=0 fractional_enabled_effective=0 bootstrap_only=0 skip_reason=
[EXEC][optimal][RISK] dropped_price_below_min=0 dropped_price_above_max=0 clipped_weight_cap=0 clipped_notional_cap=2
[EXEC][optimal][DIAG] already_at_target=3 below_min_notional=0 rounded_to_zero_from_nonzero_target=0 entered_new_position=0 exited_position=0 increased_existing_position=1 decreased_existing_position=1 symbol_only_in_state=3 symbol_only_in_target=0 legacy_state_price_fallback=1 legacy_broker_positions_price_fallback=0 legacy_default_price_fallback=0 legacy_unpriced=0
[EXEC][optimal][COST] estimated_commission_total=0.7000 estimated_slippage_total=0.0487 estimated_total_cost=0.7487
[EXEC][optimal][ORDERS_TOP]
      date symbol   price         price_source  is_priced  target_weight  target_notional  target_shares_raw  current_shares  target_shares  raw_delta_shares  delta_shares order_side  order_notional  order_notional_abs  estimated_commission  estimated_slippage  estimated_total_cost                 skip_reason
2026-04-24    CAR 209.958 target_live_snapshot          1       0.010231          10000.0          47.628573            46.0           47.0               1.0           1.0        BUY         209.958             209.958                  0.35            0.031494              0.381494
2026-04-24   ACLX 115.032 target_live_snapshot          1      -0.010231         -10000.0         -86.932332           -87.0          -86.0               1.0           1.0        BUY         115.032             115.032                  0.35            0.017255              0.367255
2026-04-24   AAOI 163.050        live_snapshot          1       0.000000              0.0           0.000000            66.0           66.0               0.0           0.0       HOLD           0.000               0.000                  0.00            0.000000              0.000000 legacy_symbol_not_in_target
2026-04-24   AXTI  73.640     state_last_price          1       0.000000              0.0           0.000000           135.0          135.0               0.0           0.0       HOLD           0.000               0.000                  0.00            0.000000              0.000000 legacy_symbol_not_in_target
2026-04-24  BRK.B 469.690        live_snapshot          1       0.000000              0.0           0.000000           -21.0          -21.0               0.0           0.0       HOLD           0.000               0.000                  0.00            0.000000              0.000000 legacy_symbol_not_in_target
[ARTIFACT] artifacts\execution_loop\optimal\orders.csv
[ARTIFACT] artifacts\execution_loop\optimal\positions_mark_to_market.csv
[ARTIFACT] artifacts\execution_loop\optimal\portfolio_state.json
[ARTIFACT] artifacts\execution_loop\optimal\execution_log.csv
[EXEC][aggressive] loading freeze artifacts
[EXEC][aggressive][ALIGN] requested=0 applied=0 reason=not_requested marker=artifacts\execution_loop\aggressive\state_alignment_once.json broker_fallback_symbols=0
[EXEC][aggressive][STATE_SANITY] sanitized=0 updated_from_live=0 updated_from_broker_positions=0 cleared_default_like=0 missing_live_price=0 missing_broker_price=0
[EXEC][aggressive] starting_nav=978339.19 ending_nav=978333.25 cash_after=968411.92 market_value_after=9921.32 nav_recon_error=0.000000 order_count=3 active_names=3 gross_target=0.0307 price_col=close merged_missing_prices=0 fallback_price_rows=0 mtm_default_fallback_count=0 mtm_state_fallback_count=0 mtm_broker_positions_fallback_count=0 mtm_unpriced_count=0 fractional_enabled_effective=0 bootstrap_only=0 skip_reason=
[EXEC][aggressive][RISK] dropped_price_below_min=0 dropped_price_above_max=0 clipped_weight_cap=3 clipped_notional_cap=3
[EXEC][aggressive][DIAG] already_at_target=0 below_min_notional=0 rounded_to_zero_from_nonzero_target=0 entered_new_position=3 exited_position=0 increased_existing_position=0 decreased_existing_position=0 symbol_only_in_state=0 symbol_only_in_target=3 legacy_state_price_fallback=0 legacy_broker_positions_price_fallback=0 legacy_default_price_fallback=0 legacy_unpriced=0
[EXEC][aggressive][COST] estimated_commission_total=1.4853 estimated_slippage_total=4.4560 estimated_total_cost=5.9414
[EXEC][aggressive][ORDERS_TOP]
      date symbol   price         price_source  is_priced  target_weight  target_notional  target_shares_raw  current_shares  target_shares  raw_delta_shares  delta_shares order_side  order_notional  order_notional_abs  estimated_commission  estimated_slippage  estimated_total_cost skip_reason
2026-04-24   AAOI 163.050 target_live_snapshot          1       0.010221          10000.0          61.330880             0.0           61.0              61.0          61.0        BUY        9946.050            9946.050              0.497303            1.491907              1.989210
2026-04-24    CAR 209.958 target_live_snapshot          1       0.010221          10000.0          47.628573             0.0           47.0              47.0          47.0        BUY        9868.026            9868.026              0.493401            1.480204              1.973605
2026-04-24   ACLX 115.032 target_live_snapshot          1      -0.010221         -10000.0         -86.932332             0.0          -86.0             -86.0         -86.0       SELL       -9892.752            9892.752              0.494638            1.483913              1.978550
[ARTIFACT] artifacts\execution_loop\aggressive\orders.csv
[ARTIFACT] artifacts\execution_loop\aggressive\positions_mark_to_market.csv
[ARTIFACT] artifacts\execution_loop\aggressive\portfolio_state.json
[ARTIFACT] artifacts\execution_loop\aggressive\execution_log.csv
[FINAL] execution loop complete
[FINAL] daily cycle complete

[OK] Daily update complete
     Run launch_full_cycle_cpapi.py to execute trades
     
     
============================================================
  Python-Edge — Full Cycle CPAPI (Execution)
============================================================
  ROOT:    C:\Users\Dmytro Govor\Documents\Python-Edge
  CONFIGS: ['aggressive']
  ACCOUNT[aggressive]: DUP561175
  CPAPI:   https://localhost:5000
  DATE:    2026-04-24

[CHECK] Gateway status...
[GATEWAY] authenticated=True connected=True
[NAV] Fetching current NAV...
[NAV] 979225.0625 (from CPAPI)

[PREFLIGHT] Checking scripts...
[LOCK] created: C:\Users\Dmytro Govor\Documents\Python-Edge\artifacts\pipeline.lock

=== STEP 0: CLEAN ARTIFACTS ===
  [aggressive] deleted orders.csv
  [aggressive] deleted target_book.csv
  [aggressive] deleted execution_log.csv
  [aggressive] deleted positions_mark_to_market.csv
  [aggressive] deleted broker_handoff_summary.json
  [aggressive] deleted broker_positions.csv
  [aggressive] deleted broker_open_orders.csv
  [aggressive] deleted broker_pending.csv
  [aggressive] deleted broker_reconcile.csv
  [aggressive] deleted broker_reconcile_summary.json
  [aggressive] deleted broker_cleanup_preview.csv
  [aggressive] deleted broker_cleanup_orders.csv
  [aggressive] deleted broker_cleanup_send_plan.csv
  [aggressive] deleted broker_cleanup_send_summary.json
  [aggressive] deleted state_alignment_once.json
  [aggressive] clean OK (portfolio_state.json preserved)

=== STEP 1: CPAPI RECONCILE (pre-alignment) ===
  [aggressive] created empty orders.csv stub

============================================================
[STEP] CPAPI_RECONCILE_PRE
============================================================
[CFG] execution_root=artifacts\execution_loop configs=['aggressive']
[CFG] cpapi_url=https://localhost:5000 account=DUP561175
[CFG] require_broker_refresh=1 drift_tolerance=1e-06 prefer_state_over_orders=1
[CPAPI] tickle loop started (interval=50s)
[CPAPI][TICKLE] ok (total_ok=2)
[RECON][aggressive][SUMMARY] symbols_total=3 drift=3 missing_at_broker=3 unexpected_at_broker=0 pending_covers_drift=0 max_abs_drift_shares=86.00000000 cleanup_preview_rows=0
[ARTIFACT] artifacts\execution_loop\aggressive\portfolio_state.json
[ARTIFACT] artifacts\execution_loop\aggressive\orders.csv
[ARTIFACT] artifacts\execution_loop\aggressive\broker_positions.csv
[ARTIFACT] artifacts\execution_loop\aggressive\broker_open_orders.csv
[ARTIFACT] artifacts\execution_loop\aggressive\broker_pending.csv
[ARTIFACT] artifacts\execution_loop\aggressive\broker_reconcile.csv
[ARTIFACT] artifacts\execution_loop\aggressive\broker_reconcile_summary.json
[ARTIFACT] artifacts\execution_loop\aggressive\broker_cleanup_preview.csv
[CPAPI] tickle loop stopped
[FINAL] CPAPI broker reconcile complete
[CPAPI_RECONCILE_PRE] OK
[1b] conditional state removal for alignment
  [aggressive] state has positions → keeping state (marker already absent)

=== STEP 2: EXECUTION LOOP ===
[1/1] aggressive

============================================================
[STEP] EXEC_LOOP_AGGRESSIVE
============================================================
[CFG] live_feature_snapshot_file=artifacts\live_alpha\live_feature_snapshot.parquet freeze_root=artifacts\freeze_runner execution_root=artifacts\execution_loop account_nav=979225.06 fractional_mode=integer allow_fractional_shares=0
[CFG] min_order_notional=25.00 default_price_fallback=100.00 topk_print=50 reset_state=0 config_names=aggressive
[CFG] require_freeze_date_match_live_prices=1 skip_empty_freeze_configs=1 min_price_to_trade=1.0 max_price_to_trade=1000000.0
[CFG] max_single_name_weight=0.050000 max_single_name_notional=10000.00 commission_bps=0.5000 commission_min_per_order=0.3500 slippage_bps=1.5000
[CFG] align_state_from_broker_once=0 align_state_require_broker_positions=0 align_state_cash_mode=preserve_nav skip_legacy_symbols_not_in_target=1
[CFG] use_state_price_fallback_for_legacy=1 use_state_price_fallback_for_mtm=1 use_broker_positions_price_fallback_for_legacy=1 use_broker_positions_price_fallback_for_mtm=1
[CFG] sanitize_state_prices=1 persist_default_fallback_to_state=0
[LIVE_PRICES] current_date=2026-04-24 symbols=109 price_col=close snapshot_fallback_count=0
[EXEC][aggressive] loading freeze artifacts
[EXEC][aggressive][ALIGN] requested=0 applied=0 reason=not_requested marker=artifacts\execution_loop\aggressive\state_alignment_once.json broker_fallback_symbols=0
[EXEC][aggressive][STATE_SANITY] sanitized=0 updated_from_live=0 updated_from_broker_positions=0 cleared_default_like=0 missing_live_price=0 missing_broker_price=0
[EXEC][aggressive] starting_nav=978333.25 ending_nav=978333.25 cash_after=968411.92 market_value_after=9921.32 nav_recon_error=0.000000 order_count=0 active_names=3 gross_target=0.0307 price_col=close merged_missing_prices=0 fallback_price_rows=0 mtm_default_fallback_count=0 mtm_state_fallback_count=0 mtm_broker_positions_fallback_count=0 mtm_unpriced_count=0 fractional_enabled_effective=0 bootstrap_only=0 skip_reason=
[EXEC][aggressive][RISK] dropped_price_below_min=0 dropped_price_above_max=0 clipped_weight_cap=3 clipped_notional_cap=3
[EXEC][aggressive][DIAG] already_at_target=3 below_min_notional=0 rounded_to_zero_from_nonzero_target=0 entered_new_position=0 exited_position=0 increased_existing_position=0 decreased_existing_position=0 symbol_only_in_state=0 symbol_only_in_target=0 legacy_state_price_fallback=0 legacy_broker_positions_price_fallback=0 legacy_default_price_fallback=0 legacy_unpriced=0
[EXEC][aggressive][COST] estimated_commission_total=0.0000 estimated_slippage_total=0.0000 estimated_total_cost=0.0000
[EXEC][aggressive][ORDERS_TOP]
      date symbol   price         price_source  is_priced  target_weight  target_notional  target_shares_raw  current_shares  target_shares  raw_delta_shares  delta_shares order_side  order_notional  order_notional_abs  estimated_commission  estimated_slippage  estimated_total_cost       skip_reason
2026-04-24   AAOI 163.050 target_live_snapshot          1       0.010221          10000.0          61.330880            61.0           61.0               0.0           0.0       HOLD             0.0                 0.0                   0.0                 0.0                   0.0 already_at_target
2026-04-24   ACLX 115.032 target_live_snapshot          1      -0.010221         -10000.0         -86.932332           -86.0          -86.0               0.0           0.0       HOLD             0.0                 0.0                   0.0                 0.0                   0.0 already_at_target
2026-04-24    CAR 209.958 target_live_snapshot          1       0.010221          10000.0          47.628573            47.0           47.0               0.0           0.0       HOLD             0.0                 0.0                   0.0                 0.0                   0.0 already_at_target
[ARTIFACT] artifacts\execution_loop\aggressive\orders.csv
[ARTIFACT] artifacts\execution_loop\aggressive\positions_mark_to_market.csv
[ARTIFACT] artifacts\execution_loop\aggressive\portfolio_state.json
[ARTIFACT] artifacts\execution_loop\aggressive\execution_log.csv
[FINAL] execution loop complete
[EXEC_LOOP_AGGRESSIVE] OK

=== STEP 2c: EXIT SCANNER ===

============================================================
[STEP] EXIT_SCANNER
============================================================
[EXIT_SCANNER] start date=2026-04-24 configs=['aggressive'] dry_run=False
[EXIT_SCANNER] ivol loaded: 109 symbols from snapshot
[EXIT_SCANNER] scores loaded: 109 symbols from snapshot (target_fwd_ret_1d)
[EXIT_SCANNER][aggressive] policy=ExitPolicy('aggressive' sl=0.1 tp=0.3 trail_k=1.5 trail=[3%,20%] max_hold=20d)
[EXIT_SCANNER][aggressive] decay=DecayConfig('aggressive' tau=3.0d hard_cap=10d floor=0.08 enabled=True)
[EXIT_SCANNER] CPAPI price fetch error: HTTPSConnectionPool(host='localhost', port=5000): Max retries exceeded with url: /v1/api/iserver/marketdata/snapshot?conids=135423662&fields=31%2C84%2C86 (Caused by SSLError(SSLCertVerificationError(1, '[SSL: CERTIFICATE_VERIFY_FAILED] certificate verify failed: self-signed certificate (_ssl.c:1028)'))) — using state prices
[EXIT_SCANNER][aggressive] live prices: 0/3
[EXIT_SCANNER][aggressive] AAOI — entry initialized=163.0500 trail=13.15%(K=1.5x ivol=0.0877 raw=13.15%)
[EXIT_SCANNER][aggressive] CAR — entry initialized=209.9580 trail=20.00%(K=1.5x ivol=0.1869 raw=28.04%, CLAMPED)
[EXIT_SCANNER][aggressive] ACLX — entry initialized=115.0320 trail=3.00%(K=1.5x ivol=0.0006 raw=0.09%, CLAMPED)
[EXIT_SCANNER][aggressive] portfolio_state.json updated

[EXIT_SCANNER] ── SUMMARY ──────────────────────────────────
  [aggressive] checked=3 exit_triggered=0 already_in_orders=0 skipped_no_price=0 skipped_no_entry=3 peak_updated=3 ivol_snap=3 ivol_state=0 ivol_missing=0 decay_exit=0 hard_expire=0 score_snap=3 score_state=0 score_missing=0 sig_updated=3 orders_appended=0
[EXIT_SCANNER] total exits this cycle: 0
[EXIT_SCANNER] OK

=== STEP 2d: FREEZE GATE DIAGNOSTICS ===
  [aggressive] gate=PASSED reason=passed live_active=3(raw=3) sharpe=5.819574953863375 cumret=0.17657638928344177 date=2026-04-24
  [ALL] live gate passed

=== STEP 3: CPAPI HANDOFF (live BBO) ===

============================================================
[STEP] CPAPI_HANDOFF
============================================================
[CFG] execution_root=artifacts\execution_loop configs=['aggressive']
[CFG] cpapi_url=https://localhost:5000 snapshot_fields=31,84,86,88 retries=3 wait=2.0s
[CFG] enable_massive_fallback=1 force_massive_no_bbo=1
[CPAPI] tickle loop started (interval=50s)
[HANDOFF][aggressive] total_rows=3 live_rows=0 symbols=0
[CPAPI][TICKLE] ok (total_ok=2)
[CPAPI] tickle loop stopped
[FINAL] CPAPI handoff complete
[CPAPI_HANDOFF] OK

=== STEP 4: CPAPI EXECUTION ===

============================================================
[STEP] CPAPI_EXEC_ORDERS
============================================================
[ENV] broker=MEXEM account=DUP561175 whole_timeout=60.0s whole_slippage=20.0bps frac_slippage_min=5.0bps frac_slippage_max=30.0bps parent_guard=3.0%
[CPAPI] tickle loop started (interval=50s)
[CFG] config=aggressive orders_total=3 live_orders=0
[CONID_CACHE] all 0 symbols already cached
[CFG] config=aggressive to_execute=0 dup_skipped=0 conid_missing=0
[CFG] config=aggressive no intents to execute
[CPAPI_DEBUG] tickle_ok=1 tickle_fail=0 order_submit=0 poll_calls=0
[FINAL] CPAPI execution complete
[CPAPI][TICKLE] ok (total_ok=2)
[CPAPI] tickle loop stopped
[CPAPI_EXEC_ORDERS] OK

=== STEP 4b: CANCEL WORKING ORDERS (TD-2) ===

[STEP] CANCEL_WORKING
[CANCEL_WORKING] fetch failed: HTTPSConnectionPool(host='localhost', port=5000): Max retries exceeded with url: /iserver/account/orders?accountId=DUP561175 (Caused by SSLError(SSLCertVerificationError(1, '[SSL: CERTIFICATE_VERIFY_FAILED] certificate verify failed: self-signed certificate (_ssl.c:1028)')))
[CANCEL_WORKING] OK
[4b] OK

=== STEP 5: CPAPI RECONCILE (post-execution) ===

============================================================
[STEP] CPAPI_RECONCILE_POST
============================================================
[CFG] execution_root=artifacts\execution_loop configs=['aggressive']
[CFG] cpapi_url=https://localhost:5000 account=DUP561175
[CFG] require_broker_refresh=1 drift_tolerance=1e-06 prefer_state_over_orders=1
[CPAPI] tickle loop started (interval=50s)
[CPAPI][TICKLE] ok (total_ok=2)
[RECON][aggressive][SUMMARY] symbols_total=3 drift=3 missing_at_broker=3 unexpected_at_broker=0 pending_covers_drift=0 max_abs_drift_shares=86.00000000 cleanup_preview_rows=0
[ARTIFACT] artifacts\execution_loop\aggressive\portfolio_state.json
[ARTIFACT] artifacts\execution_loop\aggressive\orders.csv
[ARTIFACT] artifacts\execution_loop\aggressive\broker_positions.csv
[ARTIFACT] artifacts\execution_loop\aggressive\broker_open_orders.csv
[ARTIFACT] artifacts\execution_loop\aggressive\broker_pending.csv
[ARTIFACT] artifacts\execution_loop\aggressive\broker_reconcile.csv
[ARTIFACT] artifacts\execution_loop\aggressive\broker_reconcile_summary.json
[ARTIFACT] artifacts\execution_loop\aggressive\broker_cleanup_preview.csv
[CPAPI] tickle loop stopped
[FINAL] CPAPI broker reconcile complete
[CPAPI_RECONCILE_POST] OK

=== STEP 5a: SYNC CLEANUP PREVIEW ===

[STEP] CLEANUP_SYNC
[SYNC][aggressive] rows=0 -> broker_cleanup_orders.csv
[CLEANUP_SYNC] OK

=== STEP 5b: RESOLVE CONIDS FOR CLEANUP ===

[STEP] CONID_CLEANUP_RESOLVE
[CONID_CLEANUP][aggressive] empty -- skip
[CONID_CLEANUP_RESOLVE] OK

=== STEP 6: CPAPI CLEANUP SEND ===

============================================================
[STEP] CPAPI_CLEANUP_SEND
============================================================
[CFG] execution_root=artifacts\execution_loop configs=['aggressive']
[CFG] cpapi_url=https://localhost:5000 account=DUP561175
[CFG] cleanup_send_preview_only=0 require_empty_pending=0
[CPAPI] tickle loop started (interval=50s)
[CLEANUP][aggressive][PLAN] cleanup_rows=0 emitted_rows=0 preview_only=0 blocked_pending_refs=0
[ARTIFACT] artifacts\execution_loop\aggressive\broker_cleanup_send_plan.csv
[ARTIFACT] artifacts\execution_loop\aggressive\broker_cleanup_send_summary.json
[CLEANUP][aggressive] no rows after filters — adapter not called
[CPAPI][TICKLE] ok (total_ok=2)
[CPAPI] tickle loop stopped
[FINAL] CPAPI cleanup send complete
[CPAPI_CLEANUP_SEND] OK

[LOCK] released

=== PIPELINE COMPLETE ===
  OK  aggressive/orders.csv
  --  aggressive/fills.csv
  --  aggressive/broker_log.json
  --  aggressive/broker_log_2026-04-24.json
  OK  aggressive/portfolio_state.json
  OK  aggressive/broker_reconcile_summary.json



============================================================
  Python-Edge — Fill Sync
============================================================
  ROOT:    C:\Users\Dmytro Govor\Documents\Python-Edge
  ACCOUNT: DUP561175
  DATE:    2026-04-24

============================================================
  Python-Edge — CPAPI Fill Sync
============================================================
  ROOT:    C:\Users\Dmytro Govor\Documents\Python-Edge
  ACCOUNT: DUP561175
  CONFIGS: optimal|aggressive
  DATE:    2026-04-24

[FETCH] fetching broker orders and trades...
[FETCH] orders=0 trades=0

--- optimal ---
[FILL_SYNC][optimal] no broker_log found for date=2026-04-24 — skip
[FILL_SYNC][optimal][SUMMARY] working_found=0 sync_filled=0 sync_partial=0 sync_still_working=0 sync_not_found=0 sync_cancelled=0

--- aggressive ---
[FILL_SYNC][aggressive] no broker_log found for date=2026-04-24 — skip
[FILL_SYNC][aggressive][SUMMARY] working_found=0 sync_filled=0 sync_partial=0 sync_still_working=0 sync_not_found=0 sync_cancelled=0

[FINAL] fill sync complete — total_filled=0