PS C:\Users\Dmytro Govor\Documents\Python-Edge> python .\scripts\run_live_alpha_snapshot.py
[CFG] universe_snapshot_file=artifacts\daily_cycle\universe\universe_snapshot.parquet
[CFG] dynamic_universe_file=artifacts\daily_cycle\universe\dynamic_universe.parquet
[CFG] live_alpha_out_dir=artifacts\live_alpha
[CFG] live_alpha_scope=registry survivor_top_n=6
[CFG] lookback_days=260 max_symbols=500
[CFG] proxy_enable=1 interaction_enable=1 interaction_top_k=24 interaction_gates=oil_up|dollar_up|macro_risk_off
[BROAD_SECTOR] loaded from dynamic_universe.parquet symbols=229 unique_sectors=12
[UNIVERSE][LOAD] source=dynamic_universe.parquet symbol_col=ticker latest_date=2026-04-10 selected=229 max_symbols=500
[UNIVERSE] selected_symbols=229 as_of_date=2026-04-10
[FETCH] 25/229 complete rows=4500 failed=0
[FETCH] 50/229 complete rows=9000 failed=0
[FETCH] 75/229 complete rows=13500 failed=0
[FETCH] 100/229 complete rows=18000 failed=0
[FETCH] 125/229 complete rows=22500 failed=0
[FETCH] 150/229 complete rows=27000 failed=0
[FETCH] 175/229 complete rows=31500 failed=0
[FETCH] 200/229 complete rows=36000 failed=0
[FETCH] 225/229 complete rows=40500 failed=0
[FETCH] 229/229 complete rows=41220 failed=0
[FETCH] final_symbols=229 rows=41220 failed_symbols=0
[FETCH] 12/12 complete rows=2160 failed=0
[FETCH] final_symbols=12 rows=2160 failed_symbols=0
[BROAD_SECTOR] attached to panel symbols=229 unique_sectors=12
[FACTORY] recipe_source=default_priority+recent_default_priority recipe_count=2088
[INTERACTION] base_alpha_count=24 enabled_gates=['oil_up', 'dollar_up', 'macro_risk_off'] added_columns=72
[OK] base_snapshot=artifacts\live_alpha\live_feature_snapshot.parquet
[OK] proxy_feature_snapshot=artifacts\live_alpha\live_proxy_feature_snapshot.parquet
[OK] live_alpha_snapshot=artifacts\live_alpha\live_alpha_snapshot.parquet
[OK] manifest=artifacts\live_alpha\live_alpha_manifest.csv
[OK] dropped=artifacts\live_alpha\live_alpha_dropped.csv
[OK] meta=artifacts\live_alpha\live_alpha_meta.json

[EXIT] code=0
Press Enter to exit...
PS C:\Users\Dmytro Govor\Documents\Python-Edge> python .\scripts\run_alpha_diagnostics_live.py
[CFG] snapshot=artifacts\live_alpha\live_alpha_snapshot.parquet
[CFG] manifest=artifacts\live_alpha\live_alpha_manifest.csv
[CFG] meta=artifacts\live_alpha\live_alpha_meta.json
[CFG] output_dir=artifacts\live_alpha\diagnostics
[CFG] target_col=target_fwd_ret_1d min_cross_section=20 min_ic_days=20
[CFG] sector_diag_min_symbols=8 sector_top_n_families=5
[DATA] broad_sector column found unique_sectors=12
[DATA] rows=41220 symbols=229 dates=180 alpha_cols=1378
[ALPHA] processed=100/1378
[ALPHA] processed=200/1378
[ALPHA] processed=300/1378
[ALPHA] processed=400/1378
[ALPHA] processed=500/1378
[ALPHA] processed=600/1378
[ALPHA] processed=700/1378
[ALPHA] processed=800/1378
[ALPHA] processed=900/1378
[ALPHA] processed=1000/1378
[ALPHA] processed=1100/1378
[ALPHA] processed=1200/1378
[ALPHA] processed=1300/1378
[ALPHA] processed=1378/1378
[SECTOR_FAMILY] computing sector × family IC diagnostics...
[SECTOR_FAMILY]   sector='consumer_cyclical' symbols=26
[SECTOR_FAMILY]   sector='consumer_staples' symbols=12
[SECTOR_FAMILY]   sector='energy' symbols=8
[SECTOR_FAMILY]   sector='financials' symbols=39
[SECTOR_FAMILY]   sector='healthcare' symbols=24
[SECTOR_FAMILY]   sector='industrials' symbols=23
[SECTOR_FAMILY]   sector='materials' symbols=17
[SECTOR_FAMILY]   sector='other' symbols=15
[SECTOR_FAMILY]   sector='real_estate' symbols=11
[SECTOR_FAMILY]   sector='technology' symbols=43
[SECTOR_FAMILY]   sector='utilities' symbols=8
[SECTOR_FAMILY] computed rows=85 sectors=5
[OK] alpha_diag=artifacts\live_alpha\diagnostics\alpha_diagnostics_live.csv
[OK] family_diag=artifacts\live_alpha\diagnostics\alpha_family_diagnostics_live.csv
[OK] interaction_family_diag=artifacts\live_alpha\diagnostics\alpha_interaction_family_diagnostics_live.csv
[OK] daily_ic=artifacts\live_alpha\diagnostics\alpha_daily_ic_live.csv
[OK] sector_family_diag=artifacts\live_alpha\diagnostics\alpha_sector_family_diagnostics_live.csv
[OK] summary=artifacts\live_alpha\diagnostics\alpha_diagnostics_live_summary.json
[TOP_ALPHA]
                                                  alpha                     family  mean_ic    ic_ir  sign_stability  coverage
alpha_gap_abs_raw_regime_breadth_rank__x_macro_risk_off interaction_macro_risk_off 0.040468 0.219286        0.620690  0.988889
     alpha_gap_abs_raw_regime_breadth_rank__x_dollar_up      interaction_dollar_up 0.039386 0.216679        0.611111  0.988889
               alpha_ivol_20d_raw_raw_mul_ivol_ratio_hi                   ivol_20d 0.036437 0.159851        0.597633  0.938889
               alpha_ivol_20d_raw_raw_mul_ivol_ratio_lo                   ivol_20d 0.036437 0.159851        0.597633  0.938889
             alpha_ivol_20d_raw_raw_mul_ivol_ratio_rank                   ivol_20d 0.036437 0.159851        0.597633  0.938889
                alpha_ivol_20d_raw_raw_mul_ivol_ratio_z                   ivol_20d 0.036437 0.159851        0.597633  0.938889
                 alpha_ivol_20d_raw_raw_mul_volshock_hi                   ivol_20d 0.034115 0.147769        0.585799  0.938889
                 alpha_ivol_20d_raw_raw_mul_volshock_lo                   ivol_20d 0.034115 0.147769        0.585799  0.938889
               alpha_ivol_20d_raw_raw_mul_volshock_rank                   ivol_20d 0.034115 0.147769        0.585799  0.938889
                  alpha_ivol_20d_raw_raw_mul_volshock_z                   ivol_20d 0.034115 0.147769        0.585799  0.938889
                      alpha_ivol_20d_raw_raw_mul_liq_hi                   ivol_20d 0.031619 0.119598        0.597633  0.938889
                      alpha_ivol_20d_raw_raw_mul_liq_lo                   ivol_20d 0.031619 0.119598        0.597633  0.938889
                    alpha_ivol_20d_raw_raw_mul_liq_rank                   ivol_20d 0.031619 0.119598        0.597633  0.938889
                       alpha_ivol_20d_raw_raw_mul_liq_z                   ivol_20d 0.031619 0.119598        0.597633  0.938889
                        alpha_ivol_20d_z_raw_mul_liq_hi                   ivol_20d 0.030469 0.117521        0.615385  0.938889
                        alpha_ivol_20d_z_raw_mul_liq_lo                   ivol_20d 0.030469 0.117521        0.615385  0.938889
                      alpha_ivol_20d_z_raw_mul_liq_rank                   ivol_20d 0.030469 0.117521        0.615385  0.938889
                         alpha_ivol_20d_z_raw_mul_liq_z                   ivol_20d 0.030469 0.117521        0.615385  0.938889
                   alpha_ivol_20d_z_raw_mul_volshock_hi                   ivol_20d 0.028413 0.112993        0.591716  0.938889
                   alpha_ivol_20d_z_raw_mul_volshock_lo                   ivol_20d 0.028413 0.112993        0.591716  0.938889
[TOP_FAMILY]
                    family family_group  alpha_count  eligible_count   mean_ic  mean_ic_ir
       overnight_drift_20d         base          123             123  0.011519    0.096607
           vol_compression         base          245             245  0.009671    0.092758
                  ivol_20d         base          245             245  0.008779    0.063067
                turnover_z         base           33              33  0.007128    0.078739
                      mom3         base           94              94  0.005026    0.050795
                       gap         base          197             197  0.003287    0.046427
            close_location         base           33              33  0.003130    0.041706
                  pressure         base           33              33  0.003089    0.039393
              momentum_20d         base           17              17  0.003082    0.027225
        interaction_oil_up  interaction           24              24  0.002763    0.025897
     interaction_dollar_up  interaction           24              24  0.001505    0.015210
         intraday_pressure         base          123             123  0.001104    0.027477
interaction_macro_risk_off  interaction           24              24  0.000738    0.005882
                   gap_abs         base           33              33  0.000471   -0.011634
                      rev1         base           33              33 -0.004381   -0.054808
               intraday_rs         base           80              80 -0.004444   -0.061908
                    str_3d         base           17              17 -0.005411   -0.057123
[SECTOR_FAMILY_TOP]
  sector='consumer_cyclical' symbols=26
    family='close_location'                    mean_ic=+0.0100 mean_ic_ir=+0.0485 eligible_alphas=33
    family='interaction_macro_risk_off'        mean_ic=+0.0091 mean_ic_ir=+0.0442 eligible_alphas=24
    family='mom3'                              mean_ic=+0.0084 mean_ic_ir=+0.0390 eligible_alphas=94
    family='gap'                               mean_ic=+0.0082 mean_ic_ir=+0.0398 eligible_alphas=197
    family='overnight_drift_20d'               mean_ic=+0.0057 mean_ic_ir=+0.0267 eligible_alphas=123
  sector='financials' symbols=39
    family='vol_compression'                   mean_ic=+0.0154 mean_ic_ir=+0.0775 eligible_alphas=245
    family='intraday_pressure'                 mean_ic=+0.0140 mean_ic_ir=+0.0615 eligible_alphas=123
    family='turnover_z'                        mean_ic=+0.0119 mean_ic_ir=+0.0653 eligible_alphas=33
    family='mom3'                              mean_ic=+0.0114 mean_ic_ir=+0.0480 eligible_alphas=94
    family='overnight_drift_20d'               mean_ic=+0.0114 mean_ic_ir=+0.0463 eligible_alphas=123
  sector='healthcare' symbols=24
    family='intraday_rs'                       mean_ic=+0.0053 mean_ic_ir=+0.0228 eligible_alphas=80
    family='gap_abs'                           mean_ic=+0.0030 mean_ic_ir=+0.0141 eligible_alphas=33
    family='rev1'                              mean_ic=+0.0030 mean_ic_ir=+0.0130 eligible_alphas=33
    family='momentum_20d'                      mean_ic=+0.0029 mean_ic_ir=+0.0122 eligible_alphas=17
    family='mom3'                              mean_ic=+0.0016 mean_ic_ir=+0.0072 eligible_alphas=94
  sector='industrials' symbols=23
    family='mom3'                              mean_ic=+0.0241 mean_ic_ir=+0.0948 eligible_alphas=94
    family='overnight_drift_20d'               mean_ic=+0.0120 mean_ic_ir=+0.0493 eligible_alphas=123
    family='interaction_oil_up'                mean_ic=+0.0096 mean_ic_ir=+0.0425 eligible_alphas=24
    family='momentum_20d'                      mean_ic=+0.0096 mean_ic_ir=+0.0436 eligible_alphas=17
    family='gap'                               mean_ic=+0.0095 mean_ic_ir=+0.0403 eligible_alphas=197
  sector='technology' symbols=43
    family='ivol_20d'                          mean_ic=+0.0191 mean_ic_ir=+0.0821 eligible_alphas=245
    family='vol_compression'                   mean_ic=+0.0151 mean_ic_ir=+0.0816 eligible_alphas=245
    family='overnight_drift_20d'               mean_ic=+0.0149 mean_ic_ir=+0.0658 eligible_alphas=123
    family='turnover_z'                        mean_ic=+0.0118 mean_ic_ir=+0.0694 eligible_alphas=33
    family='gap_abs'                           mean_ic=+0.0108 mean_ic_ir=+0.0531 eligible_alphas=33

[EXIT] code=0