PS C:\Users\Dmytro Govor\Documents\Python-Edge> python .\scripts\run_broker_cleanup_emit.py
[CFG] execution_root=artifacts\execution_loop
[CFG] configs=['optimal', 'aggressive']
[CFG] cleanup_only_symbols=[]
[CFG] cleanup_exclude_symbols=[]
[CFG] cleanup_unexpected_only=0 cleanup_include_drift=1 cleanup_min_abs_shares=1.00000000 cleanup_max_rows=1000000 cleanup_require_no_pending=1 cleanup_require_broker_price=0
C:\Users\Dmytro Govor\Documents\Python-Edge\scripts\run_broker_cleanup_emit.py:268: Pandas4Warning: Timestamp.utcnow is deprecated and will be removed in a future version. Use Timestamp.now('UTC') instead.
  "generated_at": pd.Timestamp.utcnow().isoformat(),
[CLEANUP_EMIT][optimal][SUMMARY] preview_rows=15 emitted_rows=15 blocked_pending_exists=0 blocked_not_in_only_symbols=0 blocked_excluded_symbol=0 blocked_below_min_abs_shares=0 blocked_unexpected_only_filter=0 blocked_drift_disabled=0 blocked_missing_broker_price=0 blocked_max_rows=0
[CLEANUP_EMIT][optimal][ORDERS_TOP]
date symbol order_side  delta_shares price    price_source  is_priced  target_weight  target_notional  target_shares_raw  current_shares  target_shares  raw_delta_shares  order_notional  order_notional_abs  estimated_commission  estimated_slippage  estimated_total_cost skip_reason       cleanup_reason         cleanup_tag  broker_avg_cost  broker_position  expected_shares pending_side  pending_qty pending_status pending_order_refs
       HOOD        BUY        296.00  <NA> cleanup_preview          0            0.0              0.0                0.0         -296.00            0.0            296.00             0.0                 0.0                   0.0                 0.0                   0.0             unexpected_at_broker broker_cleanup_emit        66.849028          -296.00              0.0                       0.0
        NEM        BUY        208.00  <NA> cleanup_preview          0            0.0              0.0                0.0         -208.00            0.0            208.00             0.0                 0.0                   0.0                 0.0                   0.0             unexpected_at_broker broker_cleanup_emit       105.013459          -208.00              0.0                       0.0
       INTC        BUY        200.00  <NA> cleanup_preview          0            0.0              0.0                0.0         -200.00            0.0            200.00             0.0                 0.0                   0.0                 0.0                   0.0             unexpected_at_broker broker_cleanup_emit        43.021055          -200.00              0.0                       0.0
       AXTI        BUY        145.00  <NA> cleanup_preview          0            0.0              0.0                0.0         -145.00          -65.0            145.00             0.0                 0.0                   0.0                 0.0                   0.0                            drift broker_cleanup_emit        43.767041          -145.00            -65.0                       0.0
       CRCL        BUY        128.00  <NA> cleanup_preview          0            0.0              0.0                0.0         -128.00            0.0            128.00             0.0                 0.0                   0.0                 0.0                   0.0             unexpected_at_broker broker_cleanup_emit        91.896055          -128.00              0.0                       0.0
       AAOI        BUY         50.00  <NA> cleanup_preview          0            0.0              0.0                0.0          -50.00          -24.0             50.00             0.0                 0.0                   0.0                 0.0                   0.0                            drift broker_cleanup_emit       110.757522           -50.00            -24.0                       0.0
       RKLB        BUY         48.00  <NA> cleanup_preview          0            0.0              0.0                0.0          -48.00            0.0             48.00             0.0                 0.0                   0.0                 0.0                   0.0             unexpected_at_broker broker_cleanup_emit        60.656888           -48.00              0.0                       0.0
       SHOP        BUY         33.00  <NA> cleanup_preview          0            0.0              0.0                0.0          -33.00            0.0             33.00             0.0                 0.0                   0.0                 0.0                   0.0             unexpected_at_broker broker_cleanup_emit       113.881927           -33.00              0.0                       0.0
       TSEM       SELL         29.00  <NA> cleanup_preview          0            0.0              0.0                0.0           29.00          -15.0            -29.00             0.0                 0.0                   0.0                 0.0                   0.0                            drift broker_cleanup_emit       190.362259            29.00            -15.0                       0.0
       AMZN        BUY         13.00  <NA> cleanup_preview          0            0.0              0.0                0.0          -13.00            0.0             13.00             0.0                 0.0                   0.0                 0.0                   0.0             unexpected_at_broker broker_cleanup_emit       202.628269           -13.00              0.0                       0.0
       NVDA        BUY         12.00  <NA> cleanup_preview          0            0.0              0.0                0.0          -12.00            0.0             12.00             0.0                 0.0                   0.0                 0.0                   0.0             unexpected_at_broker broker_cleanup_emit       167.621475           -12.00              0.0                       0.0
       MSFT       SELL         11.00  <NA> cleanup_preview          0            0.0              0.0                0.0           11.00            0.0            -11.00             0.0                 0.0                   0.0                 0.0                   0.0             unexpected_at_broker broker_cleanup_emit       366.220000            11.00              0.0                       0.0
       AAPL       SELL          8.35  <NA> cleanup_preview          0            0.0              0.0                0.0            8.35            0.0             -8.35             0.0                 0.0                   0.0                 0.0                   0.0             unexpected_at_broker broker_cleanup_emit       250.948683             8.35              0.0                       0.0
        NKE       SELL          7.00  <NA> cleanup_preview          0            0.0              0.0                0.0            7.00           63.0             -7.00             0.0                 0.0                   0.0                 0.0                   0.0                            drift broker_cleanup_emit        44.221257             7.00             63.0                       0.0
       OKLO       SELL          4.00  <NA> cleanup_preview          0            0.0              0.0                0.0            4.00           59.0             -4.00             0.0                 0.0                   0.0                 0.0                   0.0                            drift broker_cleanup_emit        48.420825             4.00             59.0                       0.0
[ARTIFACT] artifacts\execution_loop\optimal\broker_cleanup_orders.csv
[ARTIFACT] artifacts\execution_loop\optimal\broker_cleanup_emit_summary.json
C:\Users\Dmytro Govor\Documents\Python-Edge\scripts\run_broker_cleanup_emit.py:268: Pandas4Warning: Timestamp.utcnow is deprecated and will be removed in a future version. Use Timestamp.now('UTC') instead.
  "generated_at": pd.Timestamp.utcnow().isoformat(),
[CLEANUP_EMIT][aggressive][SUMMARY] preview_rows=16 emitted_rows=16 blocked_pending_exists=0 blocked_not_in_only_symbols=0 blocked_excluded_symbol=0 blocked_below_min_abs_shares=0 blocked_unexpected_only_filter=0 blocked_drift_disabled=0 blocked_missing_broker_price=0 blocked_max_rows=0
[CLEANUP_EMIT][aggressive][ORDERS_TOP]
date symbol order_side  delta_shares price    price_source  is_priced  target_weight  target_notional  target_shares_raw  current_shares  target_shares  raw_delta_shares  order_notional  order_notional_abs  estimated_commission  estimated_slippage  estimated_total_cost skip_reason       cleanup_reason         cleanup_tag  broker_avg_cost  broker_position  expected_shares pending_side  pending_qty pending_status pending_order_refs
       HOOD        BUY        296.00  <NA> cleanup_preview          0            0.0              0.0                0.0         -296.00            0.0            296.00             0.0                 0.0                   0.0                 0.0                   0.0             unexpected_at_broker broker_cleanup_emit        66.849028          -296.00              0.0                       0.0
        NEM        BUY        208.00  <NA> cleanup_preview          0            0.0              0.0                0.0         -208.00            0.0            208.00             0.0                 0.0                   0.0                 0.0                   0.0             unexpected_at_broker broker_cleanup_emit       105.013459          -208.00              0.0                       0.0
       INTC        BUY        200.00  <NA> cleanup_preview          0            0.0              0.0                0.0         -200.00            0.0            200.00             0.0                 0.0                   0.0                 0.0                   0.0             unexpected_at_broker broker_cleanup_emit        43.021055          -200.00              0.0                       0.0
       AXTI        BUY        145.00  <NA> cleanup_preview          0            0.0              0.0                0.0         -145.00          -70.0            145.00             0.0                 0.0                   0.0                 0.0                   0.0                            drift broker_cleanup_emit        43.767041          -145.00            -70.0                       0.0
       CRCL        BUY        128.00  <NA> cleanup_preview          0            0.0              0.0                0.0         -128.00            0.0            128.00             0.0                 0.0                   0.0                 0.0                   0.0             unexpected_at_broker broker_cleanup_emit        91.896055          -128.00              0.0                       0.0
       AAOI        BUY         50.00  <NA> cleanup_preview          0            0.0              0.0                0.0          -50.00           26.0             50.00             0.0                 0.0                   0.0                 0.0                   0.0                            drift broker_cleanup_emit       110.757522           -50.00             26.0                       0.0
       RKLB        BUY         48.00  <NA> cleanup_preview          0            0.0              0.0                0.0          -48.00            0.0             48.00             0.0                 0.0                   0.0                 0.0                   0.0             unexpected_at_broker broker_cleanup_emit        60.656888           -48.00              0.0                       0.0
       SHOP        BUY         33.00  <NA> cleanup_preview          0            0.0              0.0                0.0          -33.00            0.0             33.00             0.0                 0.0                   0.0                 0.0                   0.0             unexpected_at_broker broker_cleanup_emit       113.881927           -33.00              0.0                       0.0
       TSEM       SELL         29.00  <NA> cleanup_preview          0            0.0              0.0                0.0           29.00          -15.0            -29.00             0.0                 0.0                   0.0                 0.0                   0.0                            drift broker_cleanup_emit       190.362259            29.00            -15.0                       0.0
       MSTR       SELL         23.00  <NA> cleanup_preview          0            0.0              0.0                0.0           23.00            0.0            -23.00             0.0                 0.0                   0.0                 0.0                   0.0             unexpected_at_broker broker_cleanup_emit       122.213478            23.00              0.0                       0.0
       AMZN        BUY         13.00  <NA> cleanup_preview          0            0.0              0.0                0.0          -13.00            0.0             13.00             0.0                 0.0                   0.0                 0.0                   0.0             unexpected_at_broker broker_cleanup_emit       202.628269           -13.00              0.0                       0.0
       NVDA        BUY         12.00  <NA> cleanup_preview          0            0.0              0.0                0.0          -12.00            0.0             12.00             0.0                 0.0                   0.0                 0.0                   0.0             unexpected_at_broker broker_cleanup_emit       167.621475           -12.00              0.0                       0.0
       MSFT       SELL         11.00  <NA> cleanup_preview          0            0.0              0.0                0.0           11.00            0.0            -11.00             0.0                 0.0                   0.0                 0.0                   0.0             unexpected_at_broker broker_cleanup_emit       366.220000            11.00              0.0                       0.0
       AAPL       SELL          8.35  <NA> cleanup_preview          0            0.0              0.0                0.0            8.35            0.0             -8.35             0.0                 0.0                   0.0                 0.0                   0.0             unexpected_at_broker broker_cleanup_emit       250.948683             8.35              0.0                       0.0
        NKE       SELL          7.00  <NA> cleanup_preview          0            0.0              0.0                0.0            7.00           68.0             -7.00             0.0                 0.0                   0.0                 0.0                   0.0                            drift broker_cleanup_emit        44.221257             7.00             68.0                       0.0
       OKLO       SELL          4.00  <NA> cleanup_preview          0            0.0              0.0                0.0            4.00           64.0             -4.00             0.0                 0.0                   0.0                 0.0                   0.0                            drift broker_cleanup_emit        48.420825             4.00             64.0                       0.0
[ARTIFACT] artifacts\execution_loop\aggressive\broker_cleanup_orders.csv
[ARTIFACT] artifacts\execution_loop\aggressive\broker_cleanup_emit_summary.json
[FINAL] broker cleanup emit complete