{
  "rows":76727,
  "dates":791,
  "symbols":97,
  "alpha_count":29,
  "conditional_alpha_count":9,
  "regime_alpha_count":20,
  "alpha_cols":[
    "alpha_cond_breadth_range_str",
    "alpha_cond_breadth_trend_intraday_rs",
    "alpha_cond_breadth_trend_mom_compression",
    "alpha_cond_breadth_weak_overnight",
    "alpha_cond_ivol_lowliq_penalty",
    "alpha_cond_momentum_liq_trend",
    "alpha_cond_overnight_trend_follow",
    "alpha_cond_str_weak_breadth",
    "alpha_cond_vol_compression_liq_breakout",
    "alpha_dist_high_20__hi_rvol",
    "alpha_dist_low_20__hi_rvol",
    "alpha_dist_low_20__z_rvol",
    "alpha_gap__hi_liq",
    "alpha_gap__hi_rvol",
    "alpha_gap__rank_rvol",
    "alpha_gap__z_rvol",
    "alpha_mom3__hi_liq",
    "alpha_mom3__hi_rvol",
    "alpha_mom3__z_rvol",
    "alpha_pressure__hi_liq",
    "alpha_pressure__rank_liq",
    "alpha_pressure__z_liq",
    "alpha_rev1__hi_liq",
    "alpha_rev1__hi_rvol",
    "alpha_rev1__lo_rvol",
    "alpha_rev1__rank_rvol",
    "alpha_rev1__z_rvol",
    "alpha_wick_imbalance__hi_range_comp",
    "alpha_wick_imbalance__z_range_comp"
  ],
  "target_cols":[
    "target_fwd_ret_1d",
    "target_fwd_ret_2d",
    "target_fwd_ret_3d",
    "target_fwd_ret_5d"
  ],
  "top_target_1d_ic":[
    {
      "alpha":"alpha_cond_ivol_lowliq_penalty",
      "target_fwd_ret_1d__ic":0.0227252518,
      "target_fwd_ret_1d__n_days":780,
      "target_fwd_ret_2d__ic":0.0233456651,
      "target_fwd_ret_2d__n_days":779,
      "target_fwd_ret_3d__ic":0.025452083,
      "target_fwd_ret_3d__n_days":778,
      "target_fwd_ret_5d__ic":0.0315044043,
      "target_fwd_ret_5d__n_days":776
    },
    {
      "alpha":"alpha_rev1__hi_rvol",
      "target_fwd_ret_1d__ic":0.0212676736,
      "target_fwd_ret_1d__n_days":781,
      "target_fwd_ret_2d__ic":0.0186017217,
      "target_fwd_ret_2d__n_days":780,
      "target_fwd_ret_3d__ic":0.0152318621,
      "target_fwd_ret_3d__n_days":779,
      "target_fwd_ret_5d__ic":0.0166537426,
      "target_fwd_ret_5d__n_days":777
    },
    {
      "alpha":"alpha_cond_breadth_range_str",
      "target_fwd_ret_1d__ic":0.0180953865,
      "target_fwd_ret_1d__n_days":139,
      "target_fwd_ret_2d__ic":-0.0103937557,
      "target_fwd_ret_2d__n_days":138,
      "target_fwd_ret_3d__ic":-0.0283163064,
      "target_fwd_ret_3d__n_days":138,
      "target_fwd_ret_5d__ic":-0.021919187,
      "target_fwd_ret_5d__n_days":138
    },
    {
      "alpha":"alpha_cond_breadth_trend_mom_compression",
      "target_fwd_ret_1d__ic":0.0178054326,
      "target_fwd_ret_1d__n_days":349,
      "target_fwd_ret_2d__ic":0.0077775896,
      "target_fwd_ret_2d__n_days":349,
      "target_fwd_ret_3d__ic":-0.0027888264,
      "target_fwd_ret_3d__n_days":348,
      "target_fwd_ret_5d__ic":-0.0092540894,
      "target_fwd_ret_5d__n_days":347
    },
    {
      "alpha":"alpha_rev1__z_rvol",
      "target_fwd_ret_1d__ic":0.0172494668,
      "target_fwd_ret_1d__n_days":781,
      "target_fwd_ret_2d__ic":0.018334651,
      "target_fwd_ret_2d__n_days":780,
      "target_fwd_ret_3d__ic":0.0135464747,
      "target_fwd_ret_3d__n_days":779,
      "target_fwd_ret_5d__ic":0.0131278186,
      "target_fwd_ret_5d__n_days":777
    },
    {
      "alpha":"alpha_rev1__rank_rvol",
      "target_fwd_ret_1d__ic":0.0158186534,
      "target_fwd_ret_1d__n_days":781,
      "target_fwd_ret_2d__ic":0.015672297,
      "target_fwd_ret_2d__n_days":780,
      "target_fwd_ret_3d__ic":0.0113040984,
      "target_fwd_ret_3d__n_days":779,
      "target_fwd_ret_5d__ic":0.0122756082,
      "target_fwd_ret_5d__n_days":777
    },
    {
      "alpha":"alpha_wick_imbalance__z_range_comp",
      "target_fwd_ret_1d__ic":0.0126369746,
      "target_fwd_ret_1d__n_days":781,
      "target_fwd_ret_2d__ic":0.0027722045,
      "target_fwd_ret_2d__n_days":780,
      "target_fwd_ret_3d__ic":0.0063791382,
      "target_fwd_ret_3d__n_days":779,
      "target_fwd_ret_5d__ic":0.0071001685,
      "target_fwd_ret_5d__n_days":777
    },
    {
      "alpha":"alpha_cond_vol_compression_liq_breakout",
      "target_fwd_ret_1d__ic":0.0108594432,
      "target_fwd_ret_1d__n_days":754,
      "target_fwd_ret_2d__ic":0.0131533356,
      "target_fwd_ret_2d__n_days":753,
      "target_fwd_ret_3d__ic":0.0126319971,
      "target_fwd_ret_3d__n_days":753,
      "target_fwd_ret_5d__ic":0.0141049827,
      "target_fwd_ret_5d__n_days":751
    },
    {
      "alpha":"alpha_cond_momentum_liq_trend",
      "target_fwd_ret_1d__ic":0.0083073909,
      "target_fwd_ret_1d__n_days":349,
      "target_fwd_ret_2d__ic":0.0030042854,
      "target_fwd_ret_2d__n_days":349,
      "target_fwd_ret_3d__ic":-0.0010171235,
      "target_fwd_ret_3d__n_days":348,
      "target_fwd_ret_5d__ic":-0.0117633533,
      "target_fwd_ret_5d__n_days":347
    },
    {
      "alpha":"alpha_rev1__hi_liq",
      "target_fwd_ret_1d__ic":0.0077866948,
      "target_fwd_ret_1d__n_days":789,
      "target_fwd_ret_2d__ic":0.0083472948,
      "target_fwd_ret_2d__n_days":788,
      "target_fwd_ret_3d__ic":0.0065377049,
      "target_fwd_ret_3d__n_days":787,
      "target_fwd_ret_5d__ic":0.0103539318,
      "target_fwd_ret_5d__n_days":785
    },
    {
      "alpha":"alpha_pressure__z_liq",
      "target_fwd_ret_1d__ic":0.0046825356,
      "target_fwd_ret_1d__n_days":790,
      "target_fwd_ret_2d__ic":-0.0035458235,
      "target_fwd_ret_2d__n_days":789,
      "target_fwd_ret_3d__ic":0.0009161319,
      "target_fwd_ret_3d__n_days":788,
      "target_fwd_ret_5d__ic":-0.0044641711,
      "target_fwd_ret_5d__n_days":786
    },
    {
      "alpha":"alpha_pressure__rank_liq",
      "target_fwd_ret_1d__ic":0.0038896986,
      "target_fwd_ret_1d__n_days":790,
      "target_fwd_ret_2d__ic":-0.0033372051,
      "target_fwd_ret_2d__n_days":789,
      "target_fwd_ret_3d__ic":0.0014422741,
      "target_fwd_ret_3d__n_days":788,
      "target_fwd_ret_5d__ic":-0.0049212115,
      "target_fwd_ret_5d__n_days":786
    },
    {
      "alpha":"alpha_cond_str_weak_breadth",
      "target_fwd_ret_1d__ic":0.0031796071,
      "target_fwd_ret_1d__n_days":288,
      "target_fwd_ret_2d__ic":0.0119455243,
      "target_fwd_ret_2d__n_days":288,
      "target_fwd_ret_3d__ic":0.0154741263,
      "target_fwd_ret_3d__n_days":288,
      "target_fwd_ret_5d__ic":0.0090782664,
      "target_fwd_ret_5d__n_days":287
    },
    {
      "alpha":"alpha_rev1__lo_rvol",
      "target_fwd_ret_1d__ic":-0.0005501691,
      "target_fwd_ret_1d__n_days":781,
      "target_fwd_ret_2d__ic":-0.001510878,
      "target_fwd_ret_2d__n_days":780,
      "target_fwd_ret_3d__ic":-0.0002470782,
      "target_fwd_ret_3d__n_days":779,
      "target_fwd_ret_5d__ic":-0.0016716948,
      "target_fwd_ret_5d__n_days":777
    },
    {
      "alpha":"alpha_cond_breadth_weak_overnight",
      "target_fwd_ret_1d__ic":-0.0008675064,
      "target_fwd_ret_1d__n_days":287,
      "target_fwd_ret_2d__ic":0.0237855002,
      "target_fwd_ret_2d__n_days":287,
      "target_fwd_ret_3d__ic":0.0127109331,
      "target_fwd_ret_3d__n_days":287,
      "target_fwd_ret_5d__ic":0.0152679587,
      "target_fwd_ret_5d__n_days":286
    },
    {
      "alpha":"alpha_mom3__hi_liq",
      "target_fwd_ret_1d__ic":-0.0017874769,
      "target_fwd_ret_1d__n_days":787,
      "target_fwd_ret_2d__ic":-0.0048800111,
      "target_fwd_ret_2d__n_days":786,
      "target_fwd_ret_3d__ic":-0.0043954115,
      "target_fwd_ret_3d__n_days":785,
      "target_fwd_ret_5d__ic":-0.0047688848,
      "target_fwd_ret_5d__n_days":783
    },
    {
      "alpha":"alpha_cond_overnight_trend_follow",
      "target_fwd_ret_1d__ic":-0.0031929677,
      "target_fwd_ret_1d__n_days":354,
      "target_fwd_ret_2d__ic":-0.0091896763,
      "target_fwd_ret_2d__n_days":354,
      "target_fwd_ret_3d__ic":-0.0081939835,
      "target_fwd_ret_3d__n_days":353,
      "target_fwd_ret_5d__ic":-0.0072064594,
      "target_fwd_ret_5d__n_days":352
    },
    {
      "alpha":"alpha_wick_imbalance__hi_range_comp",
      "target_fwd_ret_1d__ic":-0.003507502,
      "target_fwd_ret_1d__n_days":781,
      "target_fwd_ret_2d__ic":-0.0030721919,
      "target_fwd_ret_2d__n_days":780,
      "target_fwd_ret_3d__ic":0.0000869841,
      "target_fwd_ret_3d__n_days":779,
      "target_fwd_ret_5d__ic":-0.0013200733,
      "target_fwd_ret_5d__n_days":777
    },
    {
      "alpha":"alpha_gap__hi_liq",
      "target_fwd_ret_1d__ic":-0.0038657383,
      "target_fwd_ret_1d__n_days":789,
      "target_fwd_ret_2d__ic":0.0073490599,
      "target_fwd_ret_2d__n_days":788,
      "target_fwd_ret_3d__ic":0.0039130858,
      "target_fwd_ret_3d__n_days":787,
      "target_fwd_ret_5d__ic":-0.0045657466,
      "target_fwd_ret_5d__n_days":785
    },
    {
      "alpha":"alpha_mom3__z_rvol",
      "target_fwd_ret_1d__ic":-0.0066363504,
      "target_fwd_ret_1d__n_days":781,
      "target_fwd_ret_2d__ic":-0.0073112141,
      "target_fwd_ret_2d__n_days":780,
      "target_fwd_ret_3d__ic":-0.0057972467,
      "target_fwd_ret_3d__n_days":779,
      "target_fwd_ret_5d__ic":-0.0080707423,
      "target_fwd_ret_5d__n_days":777
    }
  ],
  "dbg_non_na_intraday_rs":76630.0,
  "dbg_non_na_intraday_pressure":76727.0,
  "dbg_non_na_market_breadth":76630.0
}