[CFG] ib_host=127.0.0.1 ib_port=4002 ib_client_id=61
[CFG] outside_rth=1 reprice_enabled=1 reprice_wait_sec=8.0
[CFG] reprice_steps_bps=[15.0, 10.0, 5.0, 0.0] reprice_final_mode=marketable_lmt reprice_final_marketable_bps=12.0 reprice_max_deviation_pct=1.25
[CFG] contract_details_retries=3 contract_details_retry_sleep_sec=1.0 allow_primary_exchange_fallback=1 allow_submit_without_contract_details=1
[IB] connecting host=127.0.0.1 port=4002 client_id=61
[IB] managedAccounts=DUP561175
[IB] nextValidId=1
[IB] connected next_valid_id=1 managed_accounts=DUP561175
[IB][ERROR] reqId=-1 code=2104 msg=Market data farm connection is OK:usfarm
[IB][ERROR] reqId=-1 code=2107 msg=HMDS data farm connection is inactive but should be available upon demand.ushmds
[IB][ERROR] reqId=-1 code=2158 msg=Sec-def data farm connection is OK:secdefil
[IB] openOrderEnd
[BROKER][optimal] orders=artifacts\execution_loop\optimal\orders.csv
[IB][CONTRACT_DETAILS] symbol=AAPL broker_symbol=AAPL attempt=1/3 use_primary_exchange=1 req_id=100001
[BROKER][LADDER][SUBMIT] symbol=AAPL step=1/5 mode=passive_lmt limit_price=219.1700 cap_price=222.2400
[IB] openOrderEnd
[BROKER][POLL][ladder_step_1] ib_order_id=1 poll=1/8 status=submitted outcome=working filled_qty=0.00000000 remaining_qty=1.00000000
[IB] openOrderEnd
[IB] openOrderEnd
[IB] openOrderEnd
[IB] openOrderEnd
[BROKER][POLL][ladder_step_1] ib_order_id=1 poll=5/8 status=submitted outcome=working filled_qty=0.00000000 remaining_qty=1.00000000
[IB] openOrderEnd
[IB] openOrderEnd
[IB] openOrderEnd
[BROKER][POLL][ladder_step_1] ib_order_id=1 poll=8/8 status=submitted outcome=working filled_qty=0.00000000 remaining_qty=1.00000000
[BROKER][CANCEL] ib_order_id=1 reason=reprice_step_1
[BROKER][optimal][ERROR] EClient.cancelOrder() takes 2 positional arguments but 3 were given
[IB][CONTRACT_DETAILS] symbol=MSFT broker_symbol=MSFT attempt=1/3 use_primary_exchange=1 req_id=100002
[BROKER][LADDER][SUBMIT] symbol=MSFT step=1/5 mode=passive_lmt limit_price=427.4500 cap_price=433.4500
[IB][ERROR] reqId=2 code=202 msg=Order Canceled - reason:We cannot accept an order at a limit price at or more aggressive than 382.051516. Please submit your order <br>using a limit price that is closer to the current market price of 371.14.
[IB] openOrderEnd
[BROKER][POLL][ladder_step_1] ib_order_id=2 poll=1/8 status=cancelled outcome=failed filled_qty=0.00000000 remaining_qty=1.00000000
[BROKER][LADDER][202] symbol=MSFT step=1 next_limit_price=371.1500
[BROKER][CANCEL] ib_order_id=2 reason=reprice_step_1
[BROKER][optimal][ERROR] EClient.cancelOrder() takes 2 positional arguments but 3 were given
[IB][CONTRACT_DETAILS] symbol=NVDA broker_symbol=NVDA attempt=1/3 use_primary_exchange=1 req_id=100003
[BROKER][LADDER][SUBMIT] symbol=NVDA step=1/5 mode=passive_lmt limit_price=118.5800 cap_price=116.9300
[IB][ERROR] reqId=3 code=202 msg=Order Canceled - reason:We cannot accept an order at a limit price at or more aggressive than 168.855282. Please submit your order <br>using a limit price that is closer to the current market price of 173.97.
[IB] openOrderEnd
[BROKER][POLL][ladder_step_1] ib_order_id=3 poll=1/8 status=cancelled outcome=failed filled_qty=0.00000000 remaining_qty=1.00000000
[BROKER][LADDER][202] symbol=NVDA step=1 next_limit_price=173.9500
[BROKER][CANCEL] ib_order_id=3 reason=reprice_step_1
[BROKER][optimal][ERROR] EClient.cancelOrder() takes 2 positional arguments but 3 were given
[IB][CONTRACT_DETAILS] symbol=AMZN broker_symbol=AMZN attempt=1/3 use_primary_exchange=1 req_id=100004
[BROKER][LADDER][SUBMIT] symbol=AMZN step=1/5 mode=passive_lmt limit_price=202.0100 cap_price=199.1800
[IB][ERROR] reqId=4 code=202 msg=Order Canceled - reason:We cannot accept an order at a limit price at or more aggressive than 202.816576. Please submit your order <br>using a limit price that is closer to the current market price of 208.96.
[IB] openOrderEnd
[BROKER][POLL][ladder_step_1] ib_order_id=4 poll=1/8 status=cancelled outcome=failed filled_qty=0.00000000 remaining_qty=1.00000000
[BROKER][LADDER][202] symbol=AMZN step=1 next_limit_price=208.9400
[BROKER][CANCEL] ib_order_id=4 reason=reprice_step_1
[BROKER][optimal][ERROR] EClient.cancelOrder() takes 2 positional arguments but 3 were given
[BROKER][optimal][SUMMARY] sent=0 duplicate_skipped=0 errors=4 retry_202=0 filled_now=0 partial=0 working=0 working_carry=0 cancelled_after_ttl=0 cancelled_unfilled_cap=0 failed=4 unknown=0 fills_csv=artifacts\execution_loop\optimal\fills.csv broker_log_json=artifacts\execution_loop\optimal\broker_log.json
[BROKER][aggressive] orders=artifacts\execution_loop\aggressive\orders.csv
[IB][CONTRACT_DETAILS] symbol=HOOD broker_symbol=HOOD attempt=1/3 use_primary_exchange=1 req_id=100005
[BROKER][LADDER][SUBMIT] symbol=HOOD step=1/5 mode=passive_lmt limit_price=100.1500 cap_price=98.7500
[IB] openOrderEnd
[BROKER][POLL][ladder_step_1] ib_order_id=5 poll=1/8 status=submitted outcome=working filled_qty=0.00000000 remaining_qty=37.00000000
[IB] openOrderEnd
[IB] openOrderEnd
[IB] openOrderEnd
[IB] openOrderEnd
[BROKER][POLL][ladder_step_1] ib_order_id=5 poll=5/8 status=submitted outcome=working filled_qty=0.00000000 remaining_qty=37.00000000
[IB] openOrderEnd
[IB] openOrderEnd
[IB] openOrderEnd
[BROKER][POLL][ladder_step_1] ib_order_id=5 poll=8/8 status=submitted outcome=working filled_qty=0.00000000 remaining_qty=37.00000000
[BROKER][CANCEL] ib_order_id=5 reason=reprice_step_1
[BROKER][aggressive][ERROR] EClient.cancelOrder() takes 2 positional arguments but 3 were given
[IB][CONTRACT_DETAILS] symbol=CRCL broker_symbol=CRCL attempt=1/3 use_primary_exchange=1 req_id=100006
[BROKER][LADDER][SUBMIT] symbol=CRCL step=1/5 mode=passive_lmt limit_price=104.0200 cap_price=102.5700
[IB] openOrderEnd
[BROKER][POLL][ladder_step_1] ib_order_id=6 poll=1/8 status=submitted outcome=working filled_qty=0.00000000 remaining_qty=16.00000000
[IB] openOrderEnd
[IB] openOrderEnd
[IB] openOrderEnd
[IB] openOrderEnd
[BROKER][POLL][ladder_step_1] ib_order_id=6 poll=5/8 status=submitted outcome=working filled_qty=0.00000000 remaining_qty=16.00000000
[IB] openOrderEnd
[IB] openOrderEnd
[IB] openOrderEnd
[BROKER][POLL][ladder_step_1] ib_order_id=6 poll=8/8 status=submitted outcome=working filled_qty=0.00000000 remaining_qty=16.00000000
[BROKER][CANCEL] ib_order_id=6 reason=reprice_step_1
[BROKER][aggressive][ERROR] EClient.cancelOrder() takes 2 positional arguments but 3 were given
[IB][CONTRACT_DETAILS] symbol=NEM broker_symbol=NEM attempt=1/3 use_primary_exchange=1 req_id=100007
[BROKER][LADDER][SUBMIT] symbol=NEM step=1/5 mode=passive_lmt limit_price=101.6800 cap_price=100.2600
[IB][ERROR] reqId=7 code=202 msg=Order Canceled - reason:We cannot accept an order at a limit price at or more aggressive than 104.698622. Please submit your order <br>using a limit price that is closer to the current market price of 107.87.
[IB] openOrderEnd
[BROKER][POLL][ladder_step_1] ib_order_id=7 poll=1/8 status=cancelled outcome=failed filled_qty=0.00000000 remaining_qty=16.00000000
[BROKER][LADDER][202] symbol=NEM step=1 next_limit_price=107.8500
[BROKER][CANCEL] ib_order_id=7 reason=reprice_step_1
[BROKER][aggressive][ERROR] EClient.cancelOrder() takes 2 positional arguments but 3 were given
[IB][CONTRACT_DETAILS] symbol=INTC broker_symbol=INTC attempt=1/3 use_primary_exchange=1 req_id=100008
[BROKER][LADDER][SUBMIT] symbol=INTC step=1/5 mode=passive_lmt limit_price=47.2600 cap_price=46.6000
[IB] openOrderEnd
[BROKER][POLL][ladder_step_1] ib_order_id=8 poll=1/8 status=submitted outcome=working filled_qty=0.00000000 remaining_qty=25.00000000
[IB] openOrderEnd
[IB] openOrderEnd
[IB] openOrderEnd
[IB] openOrderEnd
[BROKER][POLL][ladder_step_1] ib_order_id=8 poll=5/8 status=submitted outcome=working filled_qty=0.00000000 remaining_qty=25.00000000
[IB] openOrderEnd
[IB] openOrderEnd
[IB] openOrderEnd
[BROKER][POLL][ladder_step_1] ib_order_id=8 poll=8/8 status=submitted outcome=working filled_qty=0.00000000 remaining_qty=25.00000000
[BROKER][CANCEL] ib_order_id=8 reason=reprice_step_1
[BROKER][aggressive][ERROR] EClient.cancelOrder() takes 2 positional arguments but 3 were given
[IB][CONTRACT_DETAILS] symbol=RKLB broker_symbol=RKLB attempt=1/3 use_primary_exchange=1 req_id=100009
[BROKER][LADDER][SUBMIT] symbol=RKLB step=1/5 mode=passive_lmt limit_price=72.9900 cap_price=71.9700
[IB] openOrderEnd
[BROKER][POLL][ladder_step_1] ib_order_id=9 poll=1/8 status=submitted outcome=working filled_qty=0.00000000 remaining_qty=6.00000000
[IB] openOrderEnd
[IB] openOrderEnd
[IB] openOrderEnd
[IB] openOrderEnd
[BROKER][POLL][ladder_step_1] ib_order_id=9 poll=5/8 status=submitted outcome=working filled_qty=0.00000000 remaining_qty=6.00000000
[IB] openOrderEnd
[IB] openOrderEnd
[IB] openOrderEnd
[BROKER][POLL][ladder_step_1] ib_order_id=9 poll=8/8 status=submitted outcome=working filled_qty=0.00000000 remaining_qty=6.00000000
[BROKER][CANCEL] ib_order_id=9 reason=reprice_step_1
[BROKER][aggressive][ERROR] EClient.cancelOrder() takes 2 positional arguments but 3 were given
[IB][CONTRACT_DETAILS] symbol=SHOP broker_symbol=SHOP attempt=1/3 use_primary_exchange=1 req_id=100010
[BROKER][LADDER][SUBMIT] symbol=SHOP step=1/5 mode=passive_lmt limit_price=100.1500 cap_price=98.7500
[IB][ERROR] reqId=10 code=202 msg=Order Canceled - reason:We cannot accept an order at a limit price at or more aggressive than 115.093748. Please submit your order <br>using a limit price that is closer to the current market price of 118.58.
[IB] openOrderEnd
[BROKER][POLL][ladder_step_1] ib_order_id=10 poll=1/8 status=cancelled outcome=failed filled_qty=0.00000000 remaining_qty=3.00000000
[BROKER][LADDER][202] symbol=SHOP step=1 next_limit_price=118.5600
[BROKER][CANCEL] ib_order_id=10 reason=reprice_step_1
[BROKER][aggressive][ERROR] EClient.cancelOrder() takes 2 positional arguments but 3 were given
[BROKER][aggressive][SUMMARY] sent=0 duplicate_skipped=0 errors=6 retry_202=0 filled_now=0 partial=0 working=0 working_carry=0 cancelled_after_ttl=0 cancelled_unfilled_cap=0 failed=6 unknown=0 fills_csv=artifacts\execution_loop\aggressive\fills.csv broker_log_json=artifacts\execution_loop\aggressive\broker_log.json
[FINAL] IBKR broker adapter complete
