PS C:\Users\Dmytro Govor\Documents\Python-Edge> python .\scripts\run_freeze_runner.py
[CFG] live_alpha_snapshot_file=artifacts\live_alpha\live_alpha_snapshot.parquet
[CFG] out_dir=artifacts\freeze_runner
[CFG] frozen wf=120/20/20 components=4 weighting=ic
[DATA] rows=31675 symbols=175 alpha_cols=1163 first_date=2025-07-08 last_date=2026-03-25
[FREEZE] last_completed_fold fold_id=2 train=2025-08-05..2026-01-26 test=2026-02-10..2026-03-10
[COMPONENTS][ALL_CANDIDATES_TOP]
                                            alpha  train_abs_mean_ic  proxy_train_sharpe  train_sign_locked
alpha_overnight_drift_20d_raw_regime_breadth_rank           0.198439            1.474208                1.0
          alpha_gap_lag1_regime_breadth_rank_lag1           0.186840            1.950803                1.0
               alpha_gap_ema3_regime_breadth_rank           0.166077            0.893548                1.0
               alpha_gap_cube_regime_breadth_rank           0.162522            0.032279                1.0
                alpha_gap_raw_rank_mul_breadth_hi           0.162522            0.032279                1.0
                alpha_gap_raw_rank_mul_breadth_lo           0.162522            0.032279                1.0
              alpha_gap_raw_rank_mul_breadth_rank           0.162522            0.032279                1.0
                 alpha_gap_raw_rank_mul_breadth_z           0.162522            0.032279                1.0
                 alpha_gap_raw_raw_mul_breadth_hi           0.162522            0.032279                1.0
                 alpha_gap_raw_raw_mul_breadth_lo           0.162522            0.032279                1.0
[COMPONENTS][optimal] weighting_mode=ic component_count=4
                                            alpha  train_abs_mean_ic  proxy_train_sharpe  train_sign_locked
alpha_overnight_drift_20d_raw_regime_breadth_rank           0.198439            1.474208                1.0
          alpha_gap_lag1_regime_breadth_rank_lag1           0.186840            1.950803                1.0
               alpha_gap_ema3_regime_breadth_rank           0.166077            0.893548                1.0
               alpha_gap_cube_regime_breadth_rank           0.162522            0.032279                1.0
[FREEZE][optimal] live_active_names=2 live_gross_exposure=0.1000 replay_sharpe_last_fold=1.9378 avg_turnover=0.1000 avg_gross=0.0776
[FREEZE][optimal][DIAG] use_regime_overlay=0 use_dynamic_side_budgets=0 enter_pct=0.1000 exit_pct=0.2200 gross_target=0.8500 weight_cap=0.0500 turnover_cap=0.1000
[FREEZE][optimal][LIVE_BOOK_TOP]
symbol  weight     score  side market_regime  long_budget  short_budget  turnover
  CRCL    0.05 75.044102   1.0      disabled          0.5           0.5       0.1
   NEM    0.05 49.617780   1.0      disabled          0.5           0.5       0.1
[COMPONENTS][aggressive] weighting_mode=ic component_count=4
                                            alpha  train_abs_mean_ic  proxy_train_sharpe  train_sign_locked
alpha_overnight_drift_20d_raw_regime_breadth_rank           0.198439            1.474208                1.0
          alpha_gap_lag1_regime_breadth_rank_lag1           0.186840            1.950803                1.0
               alpha_gap_ema3_regime_breadth_rank           0.166077            0.893548                1.0
               alpha_gap_cube_regime_breadth_rank           0.162522            0.032279                1.0
[FREEZE][aggressive] live_active_names=4 live_gross_exposure=0.1200 replay_sharpe_last_fold=0.7622 avg_turnover=0.1200 avg_gross=0.0878
[FREEZE][aggressive][DIAG] use_regime_overlay=1 use_dynamic_side_budgets=1 enter_pct=0.0800 exit_pct=0.1800 gross_target=1.0000 weight_cap=0.0500 turnover_cap=0.1200
[FREEZE][aggressive][LIVE_BOOK_TOP]
symbol   weight     score  side market_regime  long_budget  short_budget  turnover
  CRCL 0.033850 90.052922   1.0         trend          0.5           0.5      0.12
   NEM 0.033850 59.541337   1.0         trend          0.5           0.5      0.12
  RKLB 0.033822 35.553866   1.0         trend          0.5           0.5      0.12
  INTC 0.018477 28.399926   1.0         trend          0.5           0.5      0.12
[ARTIFACT] artifacts\freeze_runner\freeze_all_configs_summary.json
[FINAL] freeze runner complete

[EXIT] code=0
Press Enter to exit...
PS C:\Users\Dmytro Govor\Documents\Python-Edge> if ($LASTEXITCODE -ne 0) {
>>     throw "run_freeze_runner.py failed"
>> }
PS C:\Users\Dmytro Govor\Documents\Python-Edge> Set-StrictMode -Version Latest
PS C:\Users\Dmytro Govor\Documents\Python-Edge> $ErrorActionPreference = "Stop"
PS C:\Users\Dmytro Govor\Documents\Python-Edge>
PS C:\Users\Dmytro Govor\Documents\Python-Edge> Set-Location "C:\Users\Dmytro Govor\Documents\Python-Edge"
PS C:\Users\Dmytro Govor\Documents\Python-Edge>
PS C:\Users\Dmytro Govor\Documents\Python-Edge> $env:PYTHONPATH = ".\src"
PS C:\Users\Dmytro Govor\Documents\Python-Edge> $env:PAUSE_ON_EXIT = "1"
PS C:\Users\Dmytro Govor\Documents\Python-Edge>
PS C:\Users\Dmytro Govor\Documents\Python-Edge> python .\scripts\run_execution_loop.py
[CFG] live_feature_snapshot_file=artifacts\live_alpha\live_feature_snapshot.parquet
[CFG] freeze_root=artifacts\freeze_runner
[CFG] execution_root=artifacts\execution_loop
[CFG] account_nav=100000.0
[CFG] configs=['optimal', 'aggressive']
[CFG] allow_fractional_shares=0 fractional_mode=auto fractional_enabled_effective=0 min_order_notional=25.0 skip_empty_freeze_configs=1 require_freeze_date_match_live_prices=1
[CFG] max_single_name_weight=0.05 max_single_name_notional=10000.0 min_price_to_trade=1.0 max_price_to_trade=1000000.0
[CFG] commission_bps=0.5 commission_min_per_order=0.35 slippage_bps=1.5
[DATA] current_date=2026-03-25 price_col=close symbols=175 snapshot_fallback_count=0
[EXEC][optimal] loading freeze artifacts
[EXEC][optimal] starting_nav=99997.81 ending_nav=99997.81 cash_after=90038.05 market_value_after=9959.76 nav_recon_error=0.000000 order_count=0 active_names=2 gross_target=0.1000 price_col=close merged_missing_prices=0 fallback_price_rows=0 mtm_fallback_count=0 fractional_enabled_effective=0
[EXEC][optimal][RISK] dropped_price_below_min=0 dropped_price_above_max=0 clipped_weight_cap=0 clipped_notional_cap=0
[EXEC][optimal][DIAG] already_at_target=2 below_min_notional=0 rounded_to_zero_from_nonzero_target=0 entered_new_position=0 exited_position=0 increased_existing_position=0 decreased_existing_position=0 symbol_only_in_state=0 symbol_only_in_target=0
[EXEC][optimal][COST] estimated_commission_total=0.0000 estimated_slippage_total=0.0000 estimated_total_cost=0.0000
[EXEC][optimal][ORDERS_TOP]
symbol order_side  current_shares  target_shares_raw  target_shares  raw_delta_shares  delta_shares  price  order_notional  target_weight  estimated_commission  estimated_slippage  estimated_total_cost       skip_reason
  CRCL       HOLD            48.0          48.140673           48.0               0.0           0.0 103.86             0.0           0.05                   0.0                 0.0                   0.0 already_at_target
   NEM       HOLD            49.0          49.250298           49.0               0.0           0.0 101.52             0.0           0.05                   0.0                 0.0                   0.0 already_at_target
[EXEC][optimal][POSITIONS_MTM_TOP]
symbol  shares  last_price  market_value
  CRCL    48.0      103.86       4985.28
   NEM    49.0      101.52       4974.48
[ARTIFACT] artifacts\execution_loop\optimal\target_book.csv
[ARTIFACT] artifacts\execution_loop\optimal\orders.csv
[ARTIFACT] artifacts\execution_loop\optimal\positions_mark_to_market.csv
[ARTIFACT] artifacts\execution_loop\optimal\portfolio_state.json
[ARTIFACT] artifacts\execution_loop\optimal\execution_log.csv
[EXEC][aggressive] loading freeze artifacts
[EXEC][aggressive] starting_nav=99994.93 ending_nav=100952.25 cash_after=89086.07 market_value_after=11866.18 nav_recon_error=0.000000 order_count=6 active_names=4 gross_target=0.1200 price_col=close merged_missing_prices=0 fallback_price_rows=0 mtm_fallback_count=0 fractional_enabled_effective=0
[EXEC][aggressive][RISK] dropped_price_below_min=0 dropped_price_above_max=0 clipped_weight_cap=0 clipped_notional_cap=0
[EXEC][aggressive][DIAG] already_at_target=0 below_min_notional=0 rounded_to_zero_from_nonzero_target=0 entered_new_position=0 exited_position=2 increased_existing_position=0 decreased_existing_position=4 symbol_only_in_state=2 symbol_only_in_target=0
[EXEC][aggressive][COST] estimated_commission_total=2.1000 estimated_slippage_total=1.3354 estimated_total_cost=3.4354
[EXEC][aggressive][ORDERS_TOP]
symbol order_side  current_shares  target_shares_raw  target_shares  raw_delta_shares  delta_shares  price  order_notional  target_weight  estimated_commission  estimated_slippage  estimated_total_cost skip_reason
  HOOD       SELL            37.0           0.000000            0.0             -37.0         -37.0 100.00        -3700.00       0.000000                  0.35            0.555000              0.905000
  CRCL       SELL            48.0          32.590553           32.0             -16.0         -16.0 103.86        -1661.76       0.033850                  0.35            0.249264              0.599264
   NEM       SELL            49.0          33.341754           33.0             -16.0         -16.0 101.52        -1624.32       0.033850                  0.35            0.243648              0.593648
  INTC       SELL            64.0          39.161582           39.0             -25.0         -25.0  47.18        -1179.50       0.018477                  0.35            0.176925              0.526925
  RKLB       SELL            52.0          46.405576           46.0              -6.0          -6.0  72.88         -437.28       0.033822                  0.35            0.065592              0.415592
  SHOP       SELL             3.0           0.000000            0.0              -3.0          -3.0 100.00         -300.00       0.000000                  0.35            0.045000              0.395000
[EXEC][aggressive][POSITIONS_MTM_TOP]
symbol  shares  last_price  market_value
  RKLB    46.0       72.88       3352.48
   NEM    33.0      101.52       3350.16
  CRCL    32.0      103.86       3323.52
  INTC    39.0       47.18       1840.02
[ARTIFACT] artifacts\execution_loop\aggressive\target_book.csv
[ARTIFACT] artifacts\execution_loop\aggressive\orders.csv
[ARTIFACT] artifacts\execution_loop\aggressive\positions_mark_to_market.csv
[ARTIFACT] artifacts\execution_loop\aggressive\portfolio_state.json
[ARTIFACT] artifacts\execution_loop\aggressive\execution_log.csv
[FINAL] execution loop complete

[EXIT] code=0
Press Enter to exit...
PS C:\Users\Dmytro Govor\Documents\Python-Edge> if ($LASTEXITCODE -ne 0) {
>>     throw "run_execution_loop.py failed"
>> }