PS C:\Users\Dmytro Govor\Documents\Python-Edge> python .\scripts\run_broker_adapter_ibkr.py
[CFG] execution_root=artifacts\execution_loop
[CFG] configs=['optimal', 'aggressive']
[CFG] broker_name=MEXEM broker_platform=IBKR broker_account_id=
[CFG] ib_host=127.0.0.1 ib_port=4002 ib_client_id=41 ib_account_code=
[CFG] exchange=SMART primary_exchange= currency=USD sec_type=STK
[CFG] outside_rth=1 reprice_enabled=1 reprice_wait_sec=8.0
[CFG] reprice_steps_bps=[15.0, 10.0, 5.0, 0.0] reprice_final_mode=marketable_lmt reprice_final_marketable_bps=12.0 reprice_max_deviation_pct=1.25
[CFG] deferred_wait_mode=carry deferred_wait_heartbeat_sec=30.0 deferred_post_open_wait_sec=30.0
[CFG] require_price_hint_source=1 require_quote_ts=1 enforce_open_order_dup_guard=1
[IB] connecting host=127.0.0.1 port=4002 client_id=41
[IB] managedAccounts=DUP561175
[IB] nextValidId=96[IB] connected next_valid_id=96 managed_accounts=DUP561175

[IB][ERROR] reqId=-1 code=2104 msg=Market data farm connection is OK:usfarm
[IB][ERROR] reqId=-1 code=2106 msg=HMDS data farm connection is OK:ushmds
[IB][ERROR] reqId=-1 code=2158 msg=Sec-def data farm connection is OK:secdefil
[IB] openOrderEnd
[BROKER][optimal] orders=artifacts\execution_loop\optimal\orders.csv
[BROKER][optimal][DUPLICATE] symbol=AAPL side=BUY qty=1.00000000 price_hint_source=ib_ask quote_ts=2026-03-31T08:23:40Z
[BROKER][optimal][DUPLICATE] symbol=MSFT side=BUY qty=1.00000000 price_hint_source=ib_ask quote_ts=2026-03-31T08:23:40Z
[BROKER][optimal][DUPLICATE] symbol=NVDA side=SELL qty=1.00000000 price_hint_source=ib_bid quote_ts=2026-03-31T08:23:40Z
[BROKER][optimal][DUPLICATE] symbol=AMZN side=SELL qty=1.00000000 price_hint_source=ib_bid quote_ts=2026-03-31T08:23:40Z
[BROKER][optimal][SUMMARY] sent=0 duplicate_skipped=4 errors=0 fills_csv=artifacts\execution_loop\optimal\fills.csv broker_log_json=artifacts\execution_loop\optimal\broker_log.json outcomes={"cancelled_after_ttl": 0, "cancelled_unfilled_cap": 0, "deferred_session_closed": 0, "failed": 0, "filled_now": 0, "partial": 0, "unknown": 0, "working": 0, "working_carry": 0}
[BROKER][aggressive] orders=artifacts\execution_loop\aggressive\orders.csv
[BROKER][aggressive][DUPLICATE] symbol=HOOD side=SELL qty=37.00000000 price_hint_source=ib_bid quote_ts=2026-03-31T08:23:45Z
[BROKER][aggressive][DUPLICATE] symbol=CRCL side=SELL qty=16.00000000 price_hint_source=ib_bid quote_ts=2026-03-31T08:23:45Z
[BROKER][aggressive][DUPLICATE] symbol=NEM side=SELL qty=16.00000000 price_hint_source=ib_bid quote_ts=2026-03-31T08:23:45Z
[BROKER][aggressive][DUPLICATE] symbol=INTC side=SELL qty=25.00000000 price_hint_source=ib_bid quote_ts=2026-03-31T08:23:45Z
[BROKER][aggressive][DUPLICATE] symbol=RKLB side=SELL qty=6.00000000 price_hint_source=ib_bid quote_ts=2026-03-31T08:23:46Z
[BROKER][aggressive][DUPLICATE] symbol=SHOP side=SELL qty=3.00000000 price_hint_source=ib_bid quote_ts=2026-03-31T08:23:46Z
[BROKER][aggressive][SUMMARY] sent=0 duplicate_skipped=6 errors=0 fills_csv=artifacts\execution_loop\aggressive\fills.csv broker_log_json=artifacts\execution_loop\aggressive\broker_log.json outcomes={"cancelled_after_ttl": 0, "cancelled_unfilled_cap": 0, "deferred_session_closed": 0, "failed": 0, "filled_now": 0, "partial": 0, "unknown": 0, "working": 0, "working_carry": 0}
[FINAL] IBKR broker adapter complete