
PS C:\Users\Dmytro Govor\Documents\Python-Edge> python .\scripts\run_residual_portfolio_sim.py
[CFG] dataset_root=D:\massive_dataset
[CFG] residual_direction=long_high_short_low
[CFG] top_pct=0.1 bottom_pct=0.1 max_names_per_side=10
[CFG] hold_days=3 entry_mode=next_open delay_days=0
[CFG] gross_target=1.0 side_target=0.5 max_weight_per_name=0.1
[CFG] tc_bps_one_way=5.0 sizing_preset=production_residual
C:\Users\Dmytro Govor\Documents\Python-Edge\scripts\run_residual_portfolio_sim.py:322: FutureWarning: DataFrameGroupBy.apply operated on the grouping columns. This behavior is deprecated, and in a future version of pandas the grouping columns will be excluded from the operation. Either pass `include_groups=False` to exclude the groupings or explicitly select the grouping columns after groupby to silence this warning.
  .apply(lambda g: pd.Series({
[SIM] days=787 active_rows=9648
[SIM] equity_end=4.2501 ann_ret~=+0.5548 ann_vol~=+0.4343 sharpe~=+1.2776
[SIM] avg_gross=1.0000 avg_net=+0.0049 avg_turnover=0.0013
[SIM] avg_positions=12.26 avg_tc_cost=0.000001

[SIM] daily head
      date  gross_exposure  net_exposure  n_positions  day_ret_gross     turnover      tc_cost  day_ret_net   equity
2023-01-04             1.0  4.417671e-02         12.0       0.014145 1.000000e+00 5.000000e-04     0.013645 1.013645
2023-01-05             1.0  4.417671e-02         12.0      -0.011392 3.330669e-16 1.665335e-19    -0.011392 1.002098
2023-01-06             1.0  3.717322e-02         11.0      -0.003643 1.110223e-16 5.551115e-20    -0.003643 0.998447
2023-01-09             1.0  3.836317e-03         13.0       0.009353 0.000000e+00 0.000000e+00     0.009353 1.007785
2023-01-10             1.0  3.717322e-02         11.0      -0.014549 0.000000e+00 0.000000e+00    -0.014549 0.993123
2023-01-11             1.0  0.000000e+00         12.0      -0.034814 0.000000e+00 0.000000e+00    -0.034814 0.958548
2023-01-12             1.0  3.717322e-02         11.0      -0.004672 0.000000e+00 0.000000e+00    -0.004672 0.954070
2023-01-13             1.0  6.129992e-02         11.0       0.018587 1.110223e-16 5.551115e-20     0.018587 0.971804
2023-01-17             1.0  3.717322e-02         11.0       0.006637 1.110223e-16 5.551115e-20     0.006637 0.978254
2023-01-18             1.0 -4.677060e-02         15.0      -0.006159 0.000000e+00 0.000000e+00    -0.006159 0.972229
2023-01-19             1.0 -2.557833e-02         13.0       0.026208 0.000000e+00 0.000000e+00     0.026208 0.997709
2023-01-20             1.0 -1.926234e-02         12.0      -0.032622 1.110223e-16 5.551115e-20    -0.032622 0.965162
2023-01-23             1.0 -3.654201e-02         13.0      -0.034809 1.110223e-16 5.551115e-20    -0.034809 0.931566
2023-01-24             1.0 -2.941176e-02         15.0      -0.053923 2.220446e-16 1.110223e-19    -0.053923 0.881333
2023-01-25             1.0  2.121195e-02         11.0       0.009609 2.220446e-16 1.110223e-19     0.009609 0.889802
2023-01-26             1.0 -1.387779e-17         12.0      -0.008431 0.000000e+00 0.000000e+00    -0.008431 0.882299
2023-01-27             1.0 -4.677060e-02         15.0      -0.017661 3.330669e-16 1.665335e-19    -0.017661 0.866717
2023-01-30             1.0  1.011905e-01         12.0      -0.019456 3.330669e-16 1.665335e-19    -0.019456 0.849854
2023-01-31             1.0  3.717322e-02         11.0      -0.028631 1.110223e-16 5.551115e-20    -0.028631 0.825522
2023-02-01             1.0 -3.654201e-02         13.0       0.029487 1.110223e-16 5.551115e-20     0.029487 0.849864

[SIM] active positions head
      date symbol     score  side  side_sized  target_weight  trade_ret  ret_realized  anchor_ret  residual_raw
2023-01-04   ARKK  2.047386     1        0.60       0.037292   0.045237      0.043336    0.023164      0.005004
2023-01-04    DIS  2.603969     1        1.15       0.071476   0.033930      0.033832    0.011613      0.010378
2023-01-04    FDX -1.987693    -1       -1.15      -0.104418   0.056165      0.023580    0.054081     -0.038755
2023-01-04     GE  2.810851     1        1.15       0.071476   0.039628      0.058203    0.025457      0.012375
2023-01-04  GOOGL -1.893702    -1       -1.15      -0.104418   0.006288     -0.011670    0.025457     -0.033042
2023-01-04   MSFT -1.987693    -1       -1.15      -0.104418  -0.000352     -0.043743    0.022554     -0.050987
2023-01-04     MU  2.857115     1        1.60       0.099445   0.045834      0.076037    0.022554      0.026870
2023-01-04    SLV -1.647167    -1       -0.60      -0.060241   0.011210     -0.007256    0.025946     -0.030662
2023-01-04    TIP -1.944414    -1       -1.15      -0.104418   0.015588      0.000655    0.033958     -0.033532
2023-01-04    UPS  2.857115     1        1.60       0.099445   0.038941      0.010440   -0.010486      0.017273
2023-01-04    URA  2.817021     1        1.15       0.071476   0.077539      0.002997   -0.010486      0.012434
2023-01-04    VWO  2.618070     1        1.15       0.071476   0.028194      0.025888    0.006314      0.010514
2023-01-05   ABBV  2.459631     1        1.15       0.071476  -0.031546     -0.001222   -0.028082      0.027288
2023-01-05    BLK -1.814400    -1       -1.15      -0.104418   0.061479     -0.028619   -0.015695     -0.002908
2023-01-05    COP  2.637320     1        1.60       0.099445  -0.003544      0.030263   -0.009396      0.029066
2023-01-05    CRM -2.215013    -1       -1.15      -0.104418   0.071667     -0.023282   -0.009396     -0.005738
2023-01-05    EWZ  2.630884     1        1.15       0.071476   0.032605      0.034548   -0.006042      0.028498
2023-01-05     GE  2.160454     1        0.60       0.037292   0.045270      0.015529   -0.015081      0.025175
2023-01-05   MSFT -2.216224    -1       -1.15      -0.104418   0.026233     -0.029638   -0.012105     -0.007159
2023-01-05    SLB  2.427083     1        1.15       0.071476   0.046960      0.018762   -0.014863      0.027058
2023-01-05    UNH -2.216224    -1       -1.15      -0.104418  -0.011371     -0.028821   -0.012888     -0.005845
2023-01-05    XLE  2.564720     1        1.15       0.071476   0.009536      0.018249   -0.016169      0.028031
2023-01-05   XLRE -1.807335    -1       -0.60      -0.060241   0.023174     -0.029272   -0.016169     -0.002858
2023-01-05    XOM  2.637320     1        1.60       0.099445   0.000091      0.022374   -0.016169      0.030712
2023-01-06   ARKK -1.871943    -1       -1.15      -0.090610   0.071847      0.011283    0.050660     -0.049301
2023-01-06    BAC -2.162291    -1       -1.60      -0.104792  -0.010647      0.009979    0.055646     -0.054531
2023-01-06      C -1.897844    -1       -1.15      -0.090610   0.017123      0.011979    0.050623     -0.049521
2023-01-06    COP -2.134393    -1       -1.15      -0.090610  -0.017287      0.012503    0.050623     -0.051530
2023-01-06   COST  1.989861     1        1.15       0.077251   0.002858      0.072592    0.050623     -0.016494
2023-01-06    HON  2.048273     1        1.15       0.077251   0.009654      0.028366    0.038197     -0.015998
[18:01:15] [DONE] Residual production portfolio simulator completed.

[EXIT] code=0
Press Enter to exit...
PS C:\Users\Dmytro Govor\Documents\Python-Edge>
PS C:\Users\Dmytro Govor\Documents\Python-Edge> if ($LASTEXITCODE -ne 0) {
>>     throw "run_residual_portfolio_sim.py failed"
>> }
PS C:\Users\Dmytro Govor\Documents\Python-Edge> Set-StrictMode -Version Latest
PS C:\Users\Dmytro Govor\Documents\Python-Edge> $ErrorActionPreference = "Stop"
PS C:\Users\Dmytro Govor\Documents\Python-Edge>
PS C:\Users\Dmytro Govor\Documents\Python-Edge> Set-Location "C:\Users\Dmytro Govor\Documents\Python-Edge"
PS C:\Users\Dmytro Govor\Documents\Python-Edge>
PS C:\Users\Dmytro Govor\Documents\Python-Edge> python -c "import ast; ast.parse(open(r'.\scripts\run_residual_portfolio_sim.py','rb').read())"
PS C:\Users\Dmytro Govor\Documents\Python-Edge> if ($LASTEXITCODE -ne 0) {
>>     throw "AST parse failed: run_residual_portfolio_sim.py"
>> }
PS C:\Users\Dmytro Govor\Documents\Python-Edge>
PS C:\Users\Dmytro Govor\Documents\Python-Edge> $env:PYTHONUNBUFFERED = "1"
PS C:\Users\Dmytro Govor\Documents\Python-Edge> $env:DATASET_ROOT = "D:\massive_dataset"
PS C:\Users\Dmytro Govor\Documents\Python-Edge> $env:START = "2023-01-01"
PS C:\Users\Dmytro Govor\Documents\Python-Edge> $env:END = "2026-02-28"
PS C:\Users\Dmytro Govor\Documents\Python-Edge> $env:RESIDUAL_DIRECTION = "long_high_short_low"
PS C:\Users\Dmytro Govor\Documents\Python-Edge> $env:MIN_ABS_RANK_PCT = "0.80"
PS C:\Users\Dmytro Govor\Documents\Python-Edge> $env:HOLD_DAYS = "3"
PS C:\Users\Dmytro Govor\Documents\Python-Edge> $env:ENTRY_MODE = "next_open"
PS C:\Users\Dmytro Govor\Documents\Python-Edge> $env:SIGNAL_DELAY_DAYS = "0"
PS C:\Users\Dmytro Govor\Documents\Python-Edge> $env:GROSS_TARGET = "1.00"
PS C:\Users\Dmytro Govor\Documents\Python-Edge> $env:SIDE_TARGET = "0.50"
PS C:\Users\Dmytro Govor\Documents\Python-Edge> $env:MAX_WEIGHT_PER_NAME = "0.10"
PS C:\Users\Dmytro Govor\Documents\Python-Edge> $env:TC_BPS_ONE_WAY = "5.0"
PS C:\Users\Dmytro Govor\Documents\Python-Edge> $env:SIZING_PRESET = "production_residual"
PS C:\Users\Dmytro Govor\Documents\Python-Edge> $env:SEED = "7"
PS C:\Users\Dmytro Govor\Documents\Python-Edge>
PS C:\Users\Dmytro Govor\Documents\Python-Edge> $topGrid = @("0.02", "0.05", "0.10", "0.20")
PS C:\Users\Dmytro Govor\Documents\Python-Edge>
PS C:\Users\Dmytro Govor\Documents\Python-Edge> foreach ($top in $topGrid) {
>>     $env:TOP_PCT = $top
>>     $env:BOTTOM_PCT = $top
>>
>>     $maxNames = switch ($top) {
>>         "0.02" { "5" }
>>         "0.05" { "8" }
>>         "0.10" { "10" }
>>         default { "15" }
>>     }
>>     $env:MAX_NAMES_PER_SIDE = $maxNames
>>
>>     Write-Host ""
>>     Write-Host "============================================================"
>>     Write-Host "[RUN] TOP_PCT=$top BOTTOM_PCT=$top MAX_NAMES_PER_SIDE=$maxNames"
>>     Write-Host "============================================================"
>>     Write-Host ""
>>
>>     python .\scripts\run_residual_portfolio_sim.py
>>
>>     if ($LASTEXITCODE -ne 0) {
>>         throw "run_residual_portfolio_sim.py failed for TOP_PCT=$top"
>>     }
>> }

============================================================
[RUN] TOP_PCT=0.02 BOTTOM_PCT=0.02 MAX_NAMES_PER_SIDE=5
============================================================

[CFG] dataset_root=D:\massive_dataset
[CFG] residual_direction=long_high_short_low
[CFG] top_pct=0.02 bottom_pct=0.02 max_names_per_side=5
[CFG] hold_days=3 entry_mode=next_open delay_days=0
[CFG] gross_target=1.0 side_target=0.5 max_weight_per_name=0.1
[CFG] tc_bps_one_way=5.0 sizing_preset=production_residual
C:\Users\Dmytro Govor\Documents\Python-Edge\scripts\run_residual_portfolio_sim.py:322: FutureWarning: DataFrameGroupBy.apply operated on the grouping columns. This behavior is deprecated, and in a future version of pandas the grouping columns will be excluded from the operation. Either pass `include_groups=False` to exclude the groupings or explicitly select the grouping columns after groupby to silence this warning.
  .apply(lambda g: pd.Series({
[SIM] days=787 active_rows=3086
[SIM] equity_end=3.8314 ann_ret~=+0.6477 ann_vol~=+0.6848 sharpe~=+0.9459
[SIM] avg_gross=1.0000 avg_net=+0.0688 avg_turnover=0.0013
[SIM] avg_positions=3.92 avg_tc_cost=0.000001

[SIM] daily head
      date  gross_exposure  net_exposure  n_positions  day_ret_gross  turnover  tc_cost  day_ret_net   equity
2023-01-04             1.0           0.0          4.0       0.007241       1.0   0.0005     0.006741 1.006741
2023-01-05             1.0           0.0          4.0      -0.004579       0.0   0.0000    -0.004579 1.002131
2023-01-06             1.0           0.0          4.0       0.000156       0.0   0.0000     0.000156 1.002287
2023-01-09             1.0           0.0          4.0       0.029385       0.0   0.0000     0.029385 1.031739
2023-01-10             1.0           0.0          4.0      -0.010745       0.0   0.0000    -0.010745 1.020653
2023-01-11             1.0           0.0          4.0      -0.043521       0.0   0.0000    -0.043521 0.976234
2023-01-12             1.0           0.0          4.0      -0.002637       0.0   0.0000    -0.002637 0.973660
2023-01-13             1.0           0.0          4.0       0.035689       0.0   0.0000     0.035689 1.008409
2023-01-17             1.0           0.0          4.0      -0.001967       0.0   0.0000    -0.001967 1.006425
2023-01-18             1.0           0.0          4.0      -0.022226       0.0   0.0000    -0.022226 0.984057
2023-01-19             1.0           0.0          4.0       0.057839       0.0   0.0000     0.057839 1.040973
2023-01-20             1.0           0.0          4.0      -0.039931       0.0   0.0000    -0.039931 0.999406
2023-01-23             1.0           0.0          4.0      -0.053351       0.0   0.0000    -0.053351 0.946087
2023-01-24             1.0           0.0          4.0      -0.098513       0.0   0.0000    -0.098513 0.852885
2023-01-25             1.0           0.0          4.0       0.000835       0.0   0.0000     0.000835 0.853597
2023-01-26             1.0           0.0          4.0      -0.005556       0.0   0.0000    -0.005556 0.848855
2023-01-27             1.0           0.0          4.0      -0.001880       0.0   0.0000    -0.001880 0.847259
2023-01-30             1.0           0.0          4.0      -0.012874       0.0   0.0000    -0.012874 0.836351
2023-01-31             1.0           0.0          4.0      -0.040160       0.0   0.0000    -0.040160 0.802763
2023-02-01             1.0           0.0          4.0       0.061039       0.0   0.0000     0.061039 0.851763

[SIM] active positions head
      date symbol     score  side  side_sized  target_weight  trade_ret  ret_realized  anchor_ret  residual_raw
2023-01-04    FDX -1.987693    -1       -1.15          -0.25   0.056165      0.023580    0.054081     -0.038755
2023-01-04   MSFT -1.987693    -1       -1.15          -0.25  -0.000352     -0.043743    0.022554     -0.050987
2023-01-04     MU  2.857115     1        1.60           0.25   0.045834      0.076037    0.022554      0.026870
2023-01-04    UPS  2.857115     1        1.60           0.25   0.038941      0.010440   -0.010486      0.017273
2023-01-05    COP  2.637320     1        1.60           0.25  -0.003544      0.030263   -0.009396      0.029066
2023-01-05   MSFT -2.216224    -1       -1.15          -0.25   0.026233     -0.029638   -0.012105     -0.007159
2023-01-05    UNH -2.216224    -1       -1.15          -0.25  -0.011371     -0.028821   -0.012888     -0.005845
2023-01-05    XOM  2.637320     1        1.60           0.25   0.000091      0.022374   -0.016169      0.030712
2023-01-06    BAC -2.162291    -1       -1.60          -0.25  -0.010647      0.009979    0.055646     -0.054531
2023-01-06   NFLX -2.162291    -1       -1.60          -0.25   0.032920      0.018889    0.052802     -0.054493
2023-01-06    URA  2.151291     1        1.60           0.25   0.016973      0.052710    0.030521     -0.007748
2023-01-06    VEA  2.151291     1        1.60           0.25   0.005924      0.027627    0.021310     -0.009609
2023-01-09   ABBV -2.470994    -1       -1.60          -0.25  -0.061703     -0.029361    0.016228     -0.032832
2023-01-09   AVGO -2.470994    -1       -1.60          -0.25   0.017378     -0.019612    0.016228     -0.034920
2023-01-09    CRM  2.020123     1        1.15           0.25   0.025993      0.046901    0.006160      0.013565
2023-01-09   MSFT  2.020123     1        1.15           0.25   0.047222      0.009736   -0.005310      0.013367
2023-01-10   NVDA -2.511981    -1       -1.60          -0.25   0.066890      0.017981    0.026287     -0.052754
2023-01-10   TSLA -2.511981    -1       -1.60          -0.25   0.002539     -0.007681    0.007092     -0.041375
2023-01-10    UNH  2.474533     1        1.60           0.25   0.008819     -0.008285   -0.009865      0.008923
2023-01-10    VWO  2.474533     1        1.60           0.25   0.017629      0.007037   -0.014008      0.006622
2023-01-11    AMD -2.265724    -1       -1.60          -0.25   0.021693      0.014842    0.028511     -0.046395
2023-01-11   ARKK -2.265724    -1       -1.60          -0.25   0.061318      0.033908    0.028511     -0.044119
2023-01-11   VIXY  2.199999     1        1.60           0.25  -0.043902      0.005758    0.015369     -0.002518
2023-01-11    VXX  2.199999     1        1.60           0.25  -0.047170      0.004648    0.015369     -0.003079
2023-01-12   AMZN -2.476488    -1       -1.60          -0.25   0.013591      0.001893    0.009493     -0.040591
2023-01-12    EWZ -2.476488    -1       -1.60          -0.25   0.001705      0.008480    0.021719     -0.040915
2023-01-12    VEA  2.717488     1        1.60           0.25   0.007622      0.014496   -0.014379      0.012126
2023-01-12    VWO  2.717488     1        1.60           0.25  -0.002872      0.004560   -0.014379      0.008403
2023-01-13   ARKK -1.857729    -1       -1.60          -0.25  -0.039481      0.014088    0.011919     -0.033472
2023-01-13     GE -1.857729    -1       -1.60          -0.25  -0.038288      0.016992    0.015984     -0.034647
[18:02:12] [DONE] Residual production portfolio simulator completed.

[EXIT] code=0
Press Enter to exit...

============================================================
[RUN] TOP_PCT=0.05 BOTTOM_PCT=0.05 MAX_NAMES_PER_SIDE=8
============================================================

[CFG] dataset_root=D:\massive_dataset
[CFG] residual_direction=long_high_short_low
[CFG] top_pct=0.05 bottom_pct=0.05 max_names_per_side=8
[CFG] hold_days=3 entry_mode=next_open delay_days=0
[CFG] gross_target=1.0 side_target=0.5 max_weight_per_name=0.1
[CFG] tc_bps_one_way=5.0 sizing_preset=production_residual
C:\Users\Dmytro Govor\Documents\Python-Edge\scripts\run_residual_portfolio_sim.py:322: FutureWarning: DataFrameGroupBy.apply operated on the grouping columns. This behavior is deprecated, and in a future version of pandas the grouping columns will be excluded from the operation. Either pass `include_groups=False` to exclude the groupings or explicitly select the grouping columns after groupby to silence this warning.
  .apply(lambda g: pd.Series({
[SIM] days=787 active_rows=7063
[SIM] equity_end=4.7164 ann_ret~=+0.6205 ann_vol~=+0.5054 sharpe~=+1.2277
[SIM] avg_gross=1.0000 avg_net=+0.0577 avg_turnover=0.0013
[SIM] avg_positions=8.97 avg_tc_cost=0.000001

[SIM] daily head
      date  gross_exposure  net_exposure  n_positions  day_ret_gross     turnover      tc_cost  day_ret_net   equity
2023-01-04             1.0      0.069116          9.0       0.015450 1.000000e+00 5.000000e-04     0.014950 1.014950
2023-01-05             1.0      0.069116          9.0      -0.016558 1.110223e-16 5.551115e-20    -0.016558 0.998144
2023-01-06             1.0      0.069116          9.0       0.003040 2.220446e-16 1.110223e-19     0.003040 1.001179
2023-01-09             1.0      0.067265          9.0       0.012202 1.110223e-16 5.551115e-20     0.012202 1.013395
2023-01-10             1.0      0.069116          9.0      -0.010578 0.000000e+00 0.000000e+00    -0.010578 1.002675
2023-01-11             1.0      0.069116          9.0      -0.030575 1.110223e-16 5.551115e-20    -0.030575 0.972018
2023-01-12             1.0      0.069116          9.0      -0.004132 1.110223e-16 5.551115e-20    -0.004132 0.968002
2023-01-13             1.0      0.069116          9.0       0.019070 1.110223e-16 5.551115e-20     0.019070 0.986461
2023-01-17             1.0      0.069116          9.0      -0.002394 0.000000e+00 0.000000e+00    -0.002394 0.984100
2023-01-18             1.0      0.023810          9.0       0.007491 2.220446e-16 1.110223e-19     0.007491 0.991472
2023-01-19             1.0      0.035019          9.0       0.033477 0.000000e+00 0.000000e+00     0.033477 1.024664
2023-01-20             1.0      0.045010          9.0      -0.038568 0.000000e+00 0.000000e+00    -0.038568 0.985145
2023-01-23             1.0      0.045010          9.0      -0.036818 0.000000e+00 0.000000e+00    -0.036818 0.948874
2023-01-24             1.0      0.035019          9.0      -0.057324 0.000000e+00 0.000000e+00    -0.057324 0.894480
2023-01-25             1.0      0.069116          9.0       0.006777 2.220446e-16 1.110223e-19     0.006777 0.900543
2023-01-26             1.0      0.069116          9.0      -0.010197 1.110223e-16 5.551115e-20    -0.010197 0.891360
2023-01-27             1.0      0.023810          9.0      -0.014111 1.110223e-16 5.551115e-20    -0.014111 0.878782
2023-01-30             1.0      0.120478          9.0      -0.034505 0.000000e+00 0.000000e+00    -0.034505 0.848460
2023-01-31             1.0      0.069116          9.0      -0.031602 2.220446e-16 1.110223e-19    -0.031602 0.821647
2023-02-01             1.0      0.045010          9.0       0.033786 2.220446e-16 1.110223e-19     0.033786 0.849407

[SIM] active positions head
      date symbol     score  side  side_sized  target_weight  trade_ret  ret_realized  anchor_ret  residual_raw
2023-01-04    FDX -1.987693    -1       -1.15      -0.116360   0.056165      0.023580    0.054081     -0.038755
2023-01-04     GE  2.810851     1        1.15       0.100612   0.039628      0.058203    0.025457      0.012375
2023-01-04  GOOGL -1.893702    -1       -1.15      -0.116360   0.006288     -0.011670    0.025457     -0.033042
2023-01-04   MSFT -1.987693    -1       -1.15      -0.116360  -0.000352     -0.043743    0.022554     -0.050987
2023-01-04     MU  2.857115     1        1.60       0.116360   0.045834      0.076037    0.022554      0.026870
2023-01-04    TIP -1.944414    -1       -1.15      -0.116360   0.015588      0.000655    0.033958     -0.033532
2023-01-04    UPS  2.857115     1        1.60       0.116360   0.038941      0.010440   -0.010486      0.017273
2023-01-04    URA  2.817021     1        1.15       0.100612   0.077539      0.002997   -0.010486      0.012434
2023-01-04    VWO  2.618070     1        1.15       0.100612   0.028194      0.025888    0.006314      0.010514
2023-01-05   ABBV  2.459631     1        1.15       0.100612  -0.031546     -0.001222   -0.028082      0.027288
2023-01-05    BLK -1.814400    -1       -1.15      -0.116360   0.061479     -0.028619   -0.015695     -0.002908
2023-01-05    COP  2.637320     1        1.60       0.116360  -0.003544      0.030263   -0.009396      0.029066
2023-01-05    CRM -2.215013    -1       -1.15      -0.116360   0.071667     -0.023282   -0.009396     -0.005738
2023-01-05    EWZ  2.630884     1        1.15       0.100612   0.032605      0.034548   -0.006042      0.028498
2023-01-05   MSFT -2.216224    -1       -1.15      -0.116360   0.026233     -0.029638   -0.012105     -0.007159
2023-01-05    UNH -2.216224    -1       -1.15      -0.116360  -0.011371     -0.028821   -0.012888     -0.005845
2023-01-05    XLE  2.564720     1        1.15       0.100612   0.009536      0.018249   -0.016169      0.028031
2023-01-05    XOM  2.637320     1        1.60       0.116360   0.000091      0.022374   -0.016169      0.030712
2023-01-06    BAC -2.162291    -1       -1.60      -0.116360  -0.010647      0.009979    0.055646     -0.054531
2023-01-06      C -1.897844    -1       -1.15      -0.116360   0.017123      0.011979    0.050623     -0.049521
2023-01-06    COP -2.134393    -1       -1.15      -0.116360  -0.017287      0.012503    0.050623     -0.051530
2023-01-06   COST  1.989861     1        1.15       0.100612   0.002858      0.072592    0.050623     -0.016494
2023-01-06    HON  2.048273     1        1.15       0.100612   0.009654      0.028366    0.038197     -0.015998
2023-01-06   NFLX -2.162291    -1       -1.60      -0.116360   0.032920      0.018889    0.052802     -0.054493
2023-01-06    UPS  2.094848     1        1.15       0.100612   0.016795      0.029395    0.030521     -0.015602
2023-01-06    URA  2.151291     1        1.60       0.116360   0.016973      0.052710    0.030521     -0.007748
2023-01-06    VEA  2.151291     1        1.60       0.116360   0.005924      0.027627    0.021310     -0.009609
2023-01-09   ABBV -2.470994    -1       -1.60      -0.116592  -0.061703     -0.029361    0.016228     -0.032832
2023-01-09    AMD  1.926293     1        0.60       0.067265   0.061947      0.051282    0.016228      0.009125
2023-01-09   AVGO -2.470994    -1       -1.60      -0.116592   0.017378     -0.019612    0.016228     -0.034920
[18:02:44] [DONE] Residual production portfolio simulator completed.

[EXIT] code=0
Press Enter to exit...

============================================================
[RUN] TOP_PCT=0.10 BOTTOM_PCT=0.10 MAX_NAMES_PER_SIDE=10
============================================================

[CFG] dataset_root=D:\massive_dataset
[CFG] residual_direction=long_high_short_low
[CFG] top_pct=0.1 bottom_pct=0.1 max_names_per_side=10
[CFG] hold_days=3 entry_mode=next_open delay_days=0
[CFG] gross_target=1.0 side_target=0.5 max_weight_per_name=0.1
[CFG] tc_bps_one_way=5.0 sizing_preset=production_residual
C:\Users\Dmytro Govor\Documents\Python-Edge\scripts\run_residual_portfolio_sim.py:322: FutureWarning: DataFrameGroupBy.apply operated on the grouping columns. This behavior is deprecated, and in a future version of pandas the grouping columns will be excluded from the operation. Either pass `include_groups=False` to exclude the groupings or explicitly select the grouping columns after groupby to silence this warning.
  .apply(lambda g: pd.Series({
[SIM] days=787 active_rows=9648
[SIM] equity_end=4.2501 ann_ret~=+0.5548 ann_vol~=+0.4343 sharpe~=+1.2776
[SIM] avg_gross=1.0000 avg_net=+0.0049 avg_turnover=0.0013
[SIM] avg_positions=12.26 avg_tc_cost=0.000001

[SIM] daily head
      date  gross_exposure  net_exposure  n_positions  day_ret_gross     turnover      tc_cost  day_ret_net   equity
2023-01-04             1.0  4.417671e-02         12.0       0.014145 1.000000e+00 5.000000e-04     0.013645 1.013645
2023-01-05             1.0  4.417671e-02         12.0      -0.011392 3.330669e-16 1.665335e-19    -0.011392 1.002098
2023-01-06             1.0  3.717322e-02         11.0      -0.003643 1.110223e-16 5.551115e-20    -0.003643 0.998447
2023-01-09             1.0  3.836317e-03         13.0       0.009353 0.000000e+00 0.000000e+00     0.009353 1.007785
2023-01-10             1.0  3.717322e-02         11.0      -0.014549 0.000000e+00 0.000000e+00    -0.014549 0.993123
2023-01-11             1.0  0.000000e+00         12.0      -0.034814 0.000000e+00 0.000000e+00    -0.034814 0.958548
2023-01-12             1.0  3.717322e-02         11.0      -0.004672 0.000000e+00 0.000000e+00    -0.004672 0.954070
2023-01-13             1.0  6.129992e-02         11.0       0.018587 1.110223e-16 5.551115e-20     0.018587 0.971804
2023-01-17             1.0  3.717322e-02         11.0       0.006637 1.110223e-16 5.551115e-20     0.006637 0.978254
2023-01-18             1.0 -4.677060e-02         15.0      -0.006159 0.000000e+00 0.000000e+00    -0.006159 0.972229
2023-01-19             1.0 -2.557833e-02         13.0       0.026208 0.000000e+00 0.000000e+00     0.026208 0.997709
2023-01-20             1.0 -1.926234e-02         12.0      -0.032622 1.110223e-16 5.551115e-20    -0.032622 0.965162
2023-01-23             1.0 -3.654201e-02         13.0      -0.034809 1.110223e-16 5.551115e-20    -0.034809 0.931566
2023-01-24             1.0 -2.941176e-02         15.0      -0.053923 2.220446e-16 1.110223e-19    -0.053923 0.881333
2023-01-25             1.0  2.121195e-02         11.0       0.009609 2.220446e-16 1.110223e-19     0.009609 0.889802
2023-01-26             1.0 -1.387779e-17         12.0      -0.008431 0.000000e+00 0.000000e+00    -0.008431 0.882299
2023-01-27             1.0 -4.677060e-02         15.0      -0.017661 3.330669e-16 1.665335e-19    -0.017661 0.866717
2023-01-30             1.0  1.011905e-01         12.0      -0.019456 3.330669e-16 1.665335e-19    -0.019456 0.849854
2023-01-31             1.0  3.717322e-02         11.0      -0.028631 1.110223e-16 5.551115e-20    -0.028631 0.825522
2023-02-01             1.0 -3.654201e-02         13.0       0.029487 1.110223e-16 5.551115e-20     0.029487 0.849864

[SIM] active positions head
      date symbol     score  side  side_sized  target_weight  trade_ret  ret_realized  anchor_ret  residual_raw
2023-01-04   ARKK  2.047386     1        0.60       0.037292   0.045237      0.043336    0.023164      0.005004
2023-01-04    DIS  2.603969     1        1.15       0.071476   0.033930      0.033832    0.011613      0.010378
2023-01-04    FDX -1.987693    -1       -1.15      -0.104418   0.056165      0.023580    0.054081     -0.038755
2023-01-04     GE  2.810851     1        1.15       0.071476   0.039628      0.058203    0.025457      0.012375
2023-01-04  GOOGL -1.893702    -1       -1.15      -0.104418   0.006288     -0.011670    0.025457     -0.033042
2023-01-04   MSFT -1.987693    -1       -1.15      -0.104418  -0.000352     -0.043743    0.022554     -0.050987
2023-01-04     MU  2.857115     1        1.60       0.099445   0.045834      0.076037    0.022554      0.026870
2023-01-04    SLV -1.647167    -1       -0.60      -0.060241   0.011210     -0.007256    0.025946     -0.030662
2023-01-04    TIP -1.944414    -1       -1.15      -0.104418   0.015588      0.000655    0.033958     -0.033532
2023-01-04    UPS  2.857115     1        1.60       0.099445   0.038941      0.010440   -0.010486      0.017273
2023-01-04    URA  2.817021     1        1.15       0.071476   0.077539      0.002997   -0.010486      0.012434
2023-01-04    VWO  2.618070     1        1.15       0.071476   0.028194      0.025888    0.006314      0.010514
2023-01-05   ABBV  2.459631     1        1.15       0.071476  -0.031546     -0.001222   -0.028082      0.027288
2023-01-05    BLK -1.814400    -1       -1.15      -0.104418   0.061479     -0.028619   -0.015695     -0.002908
2023-01-05    COP  2.637320     1        1.60       0.099445  -0.003544      0.030263   -0.009396      0.029066
2023-01-05    CRM -2.215013    -1       -1.15      -0.104418   0.071667     -0.023282   -0.009396     -0.005738
2023-01-05    EWZ  2.630884     1        1.15       0.071476   0.032605      0.034548   -0.006042      0.028498
2023-01-05     GE  2.160454     1        0.60       0.037292   0.045270      0.015529   -0.015081      0.025175
2023-01-05   MSFT -2.216224    -1       -1.15      -0.104418   0.026233     -0.029638   -0.012105     -0.007159
2023-01-05    SLB  2.427083     1        1.15       0.071476   0.046960      0.018762   -0.014863      0.027058
2023-01-05    UNH -2.216224    -1       -1.15      -0.104418  -0.011371     -0.028821   -0.012888     -0.005845
2023-01-05    XLE  2.564720     1        1.15       0.071476   0.009536      0.018249   -0.016169      0.028031
2023-01-05   XLRE -1.807335    -1       -0.60      -0.060241   0.023174     -0.029272   -0.016169     -0.002858
2023-01-05    XOM  2.637320     1        1.60       0.099445   0.000091      0.022374   -0.016169      0.030712
2023-01-06   ARKK -1.871943    -1       -1.15      -0.090610   0.071847      0.011283    0.050660     -0.049301
2023-01-06    BAC -2.162291    -1       -1.60      -0.104792  -0.010647      0.009979    0.055646     -0.054531
2023-01-06      C -1.897844    -1       -1.15      -0.090610   0.017123      0.011979    0.050623     -0.049521
2023-01-06    COP -2.134393    -1       -1.15      -0.090610  -0.017287      0.012503    0.050623     -0.051530
2023-01-06   COST  1.989861     1        1.15       0.077251   0.002858      0.072592    0.050623     -0.016494
2023-01-06    HON  2.048273     1        1.15       0.077251   0.009654      0.028366    0.038197     -0.015998
[18:03:15] [DONE] Residual production portfolio simulator completed.

[EXIT] code=0
Press Enter to exit...

============================================================
[RUN] TOP_PCT=0.20 BOTTOM_PCT=0.20 MAX_NAMES_PER_SIDE=15
============================================================

[CFG] dataset_root=D:\massive_dataset
[CFG] residual_direction=long_high_short_low
[CFG] top_pct=0.2 bottom_pct=0.2 max_names_per_side=15
[CFG] hold_days=3 entry_mode=next_open delay_days=0
[CFG] gross_target=1.0 side_target=0.5 max_weight_per_name=0.1
[CFG] tc_bps_one_way=5.0 sizing_preset=production_residual
C:\Users\Dmytro Govor\Documents\Python-Edge\scripts\run_residual_portfolio_sim.py:322: FutureWarning: DataFrameGroupBy.apply operated on the grouping columns. This behavior is deprecated, and in a future version of pandas the grouping columns will be excluded from the operation. Either pass `include_groups=False` to exclude the groupings or explicitly select the grouping columns after groupby to silence this warning.
  .apply(lambda g: pd.Series({
[SIM] days=787 active_rows=9706
[SIM] equity_end=4.1285 ann_ret~=+0.5451 ann_vol~=+0.4334 sharpe~=+1.2579
[SIM] avg_gross=1.0000 avg_net=+0.0049 avg_turnover=0.0013
[SIM] avg_positions=12.33 avg_tc_cost=0.000001

[SIM] daily head
      date  gross_exposure  net_exposure  n_positions  day_ret_gross     turnover      tc_cost  day_ret_net   equity
2023-01-04             1.0  4.417671e-02         12.0       0.014145 1.000000e+00 5.000000e-04     0.013645 1.013645
2023-01-05             1.0  4.417671e-02         12.0      -0.011392 3.330669e-16 1.665335e-19    -0.011392 1.002098
2023-01-06             1.0  3.717322e-02         11.0      -0.003643 1.110223e-16 5.551115e-20    -0.003643 0.998447
2023-01-09             1.0  3.836317e-03         13.0       0.009353 0.000000e+00 0.000000e+00     0.009353 1.007785
2023-01-10             1.0  3.717322e-02         11.0      -0.014549 0.000000e+00 0.000000e+00    -0.014549 0.993123
2023-01-11             1.0  0.000000e+00         12.0      -0.034814 0.000000e+00 0.000000e+00    -0.034814 0.958548
2023-01-12             1.0  3.717322e-02         11.0      -0.004672 0.000000e+00 0.000000e+00    -0.004672 0.954070
2023-01-13             1.0  6.129992e-02         11.0       0.018587 1.110223e-16 5.551115e-20     0.018587 0.971804
2023-01-17             1.0  3.717322e-02         11.0       0.006637 1.110223e-16 5.551115e-20     0.006637 0.978254
2023-01-18             1.0 -4.677060e-02         16.0      -0.007879 0.000000e+00 0.000000e+00    -0.007879 0.970546
2023-01-19             1.0 -2.557833e-02         13.0       0.026208 0.000000e+00 0.000000e+00     0.026208 0.995982
2023-01-20             1.0 -1.926234e-02         12.0      -0.032622 1.110223e-16 5.551115e-20    -0.032622 0.963491
2023-01-23             1.0 -3.654201e-02         13.0      -0.034809 1.110223e-16 5.551115e-20    -0.034809 0.929954
2023-01-24             1.0 -2.941176e-02         15.0      -0.053923 2.220446e-16 1.110223e-19    -0.053923 0.879807
2023-01-25             1.0  2.121195e-02         11.0       0.009609 2.220446e-16 1.110223e-19     0.009609 0.888262
2023-01-26             1.0 -1.387779e-17         12.0      -0.008431 0.000000e+00 0.000000e+00    -0.008431 0.880772
2023-01-27             1.0 -4.677060e-02         16.0      -0.018150 0.000000e+00 0.000000e+00    -0.018150 0.864787
2023-01-30             1.0  1.011905e-01         12.0      -0.019456 0.000000e+00 0.000000e+00    -0.019456 0.847962
2023-01-31             1.0  3.717322e-02         11.0      -0.028631 1.110223e-16 5.551115e-20    -0.028631 0.823684
2023-02-01             1.0 -3.654201e-02         13.0       0.029487 1.110223e-16 5.551115e-20     0.029487 0.847971

[SIM] active positions head
      date symbol     score  side  side_sized  target_weight  trade_ret  ret_realized  anchor_ret  residual_raw
2023-01-04   ARKK  2.047386     1        0.60       0.037292   0.045237      0.043336    0.023164      0.005004
2023-01-04    DIS  2.603969     1        1.15       0.071476   0.033930      0.033832    0.011613      0.010378
2023-01-04    FDX -1.987693    -1       -1.15      -0.104418   0.056165      0.023580    0.054081     -0.038755
2023-01-04     GE  2.810851     1        1.15       0.071476   0.039628      0.058203    0.025457      0.012375
2023-01-04  GOOGL -1.893702    -1       -1.15      -0.104418   0.006288     -0.011670    0.025457     -0.033042
2023-01-04   MSFT -1.987693    -1       -1.15      -0.104418  -0.000352     -0.043743    0.022554     -0.050987
2023-01-04     MU  2.857115     1        1.60       0.099445   0.045834      0.076037    0.022554      0.026870
2023-01-04    SLV -1.647167    -1       -0.60      -0.060241   0.011210     -0.007256    0.025946     -0.030662
2023-01-04    TIP -1.944414    -1       -1.15      -0.104418   0.015588      0.000655    0.033958     -0.033532
2023-01-04    UPS  2.857115     1        1.60       0.099445   0.038941      0.010440   -0.010486      0.017273
2023-01-04    URA  2.817021     1        1.15       0.071476   0.077539      0.002997   -0.010486      0.012434
2023-01-04    VWO  2.618070     1        1.15       0.071476   0.028194      0.025888    0.006314      0.010514
2023-01-05   ABBV  2.459631     1        1.15       0.071476  -0.031546     -0.001222   -0.028082      0.027288
2023-01-05    BLK -1.814400    -1       -1.15      -0.104418   0.061479     -0.028619   -0.015695     -0.002908
2023-01-05    COP  2.637320     1        1.60       0.099445  -0.003544      0.030263   -0.009396      0.029066
2023-01-05    CRM -2.215013    -1       -1.15      -0.104418   0.071667     -0.023282   -0.009396     -0.005738
2023-01-05    EWZ  2.630884     1        1.15       0.071476   0.032605      0.034548   -0.006042      0.028498
2023-01-05     GE  2.160454     1        0.60       0.037292   0.045270      0.015529   -0.015081      0.025175
2023-01-05   MSFT -2.216224    -1       -1.15      -0.104418   0.026233     -0.029638   -0.012105     -0.007159
2023-01-05    SLB  2.427083     1        1.15       0.071476   0.046960      0.018762   -0.014863      0.027058
2023-01-05    UNH -2.216224    -1       -1.15      -0.104418  -0.011371     -0.028821   -0.012888     -0.005845
2023-01-05    XLE  2.564720     1        1.15       0.071476   0.009536      0.018249   -0.016169      0.028031
2023-01-05   XLRE -1.807335    -1       -0.60      -0.060241   0.023174     -0.029272   -0.016169     -0.002858
2023-01-05    XOM  2.637320     1        1.60       0.099445   0.000091      0.022374   -0.016169      0.030712
2023-01-06   ARKK -1.871943    -1       -1.15      -0.090610   0.071847      0.011283    0.050660     -0.049301
2023-01-06    BAC -2.162291    -1       -1.60      -0.104792  -0.010647      0.009979    0.055646     -0.054531
2023-01-06      C -1.897844    -1       -1.15      -0.090610   0.017123      0.011979    0.050623     -0.049521
2023-01-06    COP -2.134393    -1       -1.15      -0.090610  -0.017287      0.012503    0.050623     -0.051530
2023-01-06   COST  1.989861     1        1.15       0.077251   0.002858      0.072592    0.050623     -0.016494
2023-01-06    HON  2.048273     1        1.15       0.077251   0.009654      0.028366    0.038197     -0.015998
[18:03:45] [DONE] Residual production portfolio simulator completed.

[EXIT] code=0
Press Enter to exit...