=== STEP 0: CLEAN ARTIFACTS ===
  [optimal] deleted orders.csv
  [optimal] deleted target_book.csv
  [optimal] deleted execution_log.csv
  [optimal] deleted positions_mark_to_market.csv
  [optimal] deleted broker_handoff_summary.json
  [optimal] deleted broker_positions.csv
  [optimal] deleted broker_open_orders.csv
  [optimal] deleted broker_pending.csv
  [optimal] deleted broker_reconcile.csv
  [optimal] deleted broker_reconcile_summary.json
  [optimal] deleted broker_cleanup_preview.csv
  [optimal] deleted broker_cleanup_orders.csv
  [optimal] deleted broker_cleanup_send_plan.csv
  [optimal] deleted broker_cleanup_send_summary.json
  [optimal] deleted orders_pre_cleanup_backup.csv
  [optimal] deleted state_alignment_once.json
  [optimal] clean OK (portfolio_state.json + broker_log.json preserved)
  [aggressive] deleted orders.csv
  [aggressive] deleted target_book.csv
  [aggressive] deleted execution_log.csv
  [aggressive] deleted positions_mark_to_market.csv
  [aggressive] deleted broker_handoff_summary.json
  [aggressive] deleted broker_positions.csv
  [aggressive] deleted broker_open_orders.csv
  [aggressive] deleted broker_pending.csv
  [aggressive] deleted broker_reconcile.csv
  [aggressive] deleted broker_reconcile_summary.json
  [aggressive] deleted broker_cleanup_preview.csv
  [aggressive] deleted broker_cleanup_orders.csv
  [aggressive] deleted broker_cleanup_send_plan.csv
  [aggressive] deleted broker_cleanup_send_summary.json
  [aggressive] deleted state_alignment_once.json
  [aggressive] clean OK (portfolio_state.json + broker_log.json preserved)

=== STEP 0b: RESET BROKER LOG (explicit) ===
  [optimal] broker_log.json not found -- skip
  [aggressive] broker_log.json not found -- skip
  broker_log reset complete

=== PRE-FLIGHT CHECK ===
  OK: C:\Users\Dmytro Govor\Documents\Python-Edge\scripts\run_execution_loop.py
  OK: C:\Users\Dmytro Govor\Documents\Python-Edge\scripts\run_cpapi_reconcile.py
  OK: C:\Users\Dmytro Govor\Documents\Python-Edge\scripts\run_cpapi_handoff.py
  OK: C:\Users\Dmytro Govor\Documents\Python-Edge\scripts\run_cpapi_execution.py
  OK: C:\Users\Dmytro Govor\Documents\Python-Edge\scripts\run_cpapi_cleanup.py
  OK: C:\Users\Dmytro Govor\Documents\Python-Edge\artifacts\live_alpha\live_feature_snapshot.parquet
  OK: C:\Users\Dmytro Govor\Documents\Python-Edge\artifacts\freeze_runner\optimal\freeze_current_book.csv
  OK: C:\Users\Dmytro Govor\Documents\Python-Edge\artifacts\freeze_runner\optimal\freeze_current_summary.json
  OK: C:\Users\Dmytro Govor\Documents\Python-Edge\artifacts\freeze_runner\aggressive\freeze_current_book.csv
  OK: C:\Users\Dmytro Govor\Documents\Python-Edge\artifacts\freeze_runner\aggressive\freeze_current_summary.json
  OK: C:\Users\Dmytro Govor\Documents\Python-Edge\artifacts\execution_loop\optimal\portfolio_state.json
  OK: C:\Users\Dmytro Govor\Documents\Python-Edge\artifacts\execution_loop\aggressive\portfolio_state.json

=== STEP 1: CPAPI RECONCILE (pre-alignment) ===
  [optimal] created empty orders.csv stub
  [aggressive] created empty orders.csv stub
[CFG] execution_root=artifacts\execution_loop configs=['optimal', 'aggressive']
[CFG] cpapi_url=https://localhost:5000 account=DUP561175
[CFG] require_broker_refresh=1 drift_tolerance=1e-06 prefer_state_over_orders=1
[CPAPI] tickle loop started (interval=50s)
[CPAPI][TICKLE] ok (total_ok=2)
[RECON][optimal][SUMMARY] symbols_total=15 drift=0 missing_at_broker=0 unexpected_at_broker=0 pending_covers_drift=0 max_abs_drift_shares=0.00000000 cleanup_preview_rows=0
[ARTIFACT] artifacts\execution_loop\optimal\portfolio_state.json
[ARTIFACT] artifacts\execution_loop\optimal\orders.csv
[ARTIFACT] artifacts\execution_loop\optimal\broker_positions.csv
[ARTIFACT] artifacts\execution_loop\optimal\broker_open_orders.csv
[ARTIFACT] artifacts\execution_loop\optimal\broker_pending.csv
[ARTIFACT] artifacts\execution_loop\optimal\broker_reconcile.csv
[ARTIFACT] artifacts\execution_loop\optimal\broker_reconcile_summary.json
[ARTIFACT] artifacts\execution_loop\optimal\broker_cleanup_preview.csv
[RECON][aggressive][SUMMARY] symbols_total=15 drift=0 missing_at_broker=0 unexpected_at_broker=0 pending_covers_drift=0 max_abs_drift_shares=0.00000000 cleanup_preview_rows=0
[ARTIFACT] artifacts\execution_loop\aggressive\portfolio_state.json
[ARTIFACT] artifacts\execution_loop\aggressive\orders.csv
[ARTIFACT] artifacts\execution_loop\aggressive\broker_positions.csv
[ARTIFACT] artifacts\execution_loop\aggressive\broker_open_orders.csv
[ARTIFACT] artifacts\execution_loop\aggressive\broker_pending.csv
[ARTIFACT] artifacts\execution_loop\aggressive\broker_reconcile.csv
[ARTIFACT] artifacts\execution_loop\aggressive\broker_reconcile_summary.json
[ARTIFACT] artifacts\execution_loop\aggressive\broker_cleanup_preview.csv
[CPAPI] tickle loop stopped
[FINAL] CPAPI broker reconcile complete
[CPAPI_RECONCILE_PRE] OK
[1b] removing portfolio_state.json for fresh alignment

=== STEP 2: EXECUTION LOOP (fractional mode) ===
[2a] optimal
[CFG] live_feature_snapshot_file=artifacts\live_alpha\live_feature_snapshot.parquet freeze_root=artifacts\freeze_runner execution_root=artifacts\execution_loop account_nav=55204.03 fractional_mode=fractional allow_fractional_shares=1
[CFG] min_order_notional=25.00 default_price_fallback=100.00 topk_print=50 reset_state=0 config_names=optimal
[CFG] require_freeze_date_match_live_prices=1 skip_empty_freeze_configs=1 min_price_to_trade=1.0 max_price_to_trade=1000000.0
[CFG] max_single_name_weight=0.050000 max_single_name_notional=10000.00 commission_bps=0.5000 commission_min_per_order=0.3500 slippage_bps=1.5000
[CFG] align_state_from_broker_once=1 align_state_require_broker_positions=1 align_state_cash_mode=preserve_nav skip_legacy_symbols_not_in_target=1
[CFG] use_state_price_fallback_for_legacy=1 use_state_price_fallback_for_mtm=1 use_broker_positions_price_fallback_for_legacy=1 use_broker_positions_price_fallback_for_mtm=1
[CFG] sanitize_state_prices=1 persist_default_fallback_to_state=0
[LIVE_PRICES] current_date=2026-04-10 symbols=229 price_col=close snapshot_fallback_count=0
[EXEC][optimal] loading freeze artifacts
[EXEC][optimal][ALIGN] requested=1 applied=1 reason=applied_from_broker_positions marker=artifacts\execution_loop\optimal\state_alignment_once.json broker_fallback_symbols=15
[EXEC][optimal][STATE_SANITY] sanitized=0 updated_from_live=0 updated_from_broker_positions=0 cleared_default_like=0 missing_live_price=0 missing_broker_price=0
[EXEC][optimal] starting_nav=55204.03 ending_nav=55204.03 cash_after=199233.80 market_value_after=-144029.76 nav_recon_error=0.000000 order_count=0 active_names=3 gross_target=0.1000 price_col=close merged_missing_prices=0 fallback_price_rows=0 mtm_default_fallback_count=0 mtm_state_fallback_count=15 mtm_broker_positions_fallback_count=0 mtm_unpriced_count=0 fractional_enabled_effective=1 bootstrap_only=1 skip_reason=aligned_state_bootstrap_only
[EXEC][optimal][RISK] dropped_price_below_min=0 dropped_price_above_max=0 clipped_weight_cap=0 clipped_notional_cap=0
[EXEC][optimal][DIAG] already_at_target=0 below_min_notional=0 rounded_to_zero_from_nonzero_target=0 entered_new_position=0 exited_position=0 increased_existing_position=0 decreased_existing_position=0 symbol_only_in_state=0 symbol_only_in_target=0 legacy_state_price_fallback=0 legacy_broker_positions_price_fallback=0 legacy_default_price_fallback=0 legacy_unpriced=0
[EXEC][optimal][COST] estimated_commission_total=0.0000 estimated_slippage_total=0.0000 estimated_total_cost=0.0000
[EXEC][optimal][BOOTSTRAP_ONLY] state aligned from broker_positions.csv; skipping live order generation on this run
[ARTIFACT] artifacts\execution_loop\optimal\orders.csv
[ARTIFACT] artifacts\execution_loop\optimal\positions_mark_to_market.csv
[ARTIFACT] artifacts\execution_loop\optimal\portfolio_state.json
[ARTIFACT] artifacts\execution_loop\optimal\execution_log.csv
[FINAL] execution loop complete
[EXEC_LOOP_OPTIMAL] OK
[2b] aggressive
[CFG] live_feature_snapshot_file=artifacts\live_alpha\live_feature_snapshot.parquet freeze_root=artifacts\freeze_runner execution_root=artifacts\execution_loop account_nav=60986.21 fractional_mode=fractional allow_fractional_shares=1
[CFG] min_order_notional=25.00 default_price_fallback=100.00 topk_print=50 reset_state=0 config_names=aggressive
[CFG] require_freeze_date_match_live_prices=1 skip_empty_freeze_configs=1 min_price_to_trade=1.0 max_price_to_trade=1000000.0
[CFG] max_single_name_weight=0.050000 max_single_name_notional=10000.00 commission_bps=0.5000 commission_min_per_order=0.3500 slippage_bps=1.5000
[CFG] align_state_from_broker_once=1 align_state_require_broker_positions=1 align_state_cash_mode=preserve_nav skip_legacy_symbols_not_in_target=1
[CFG] use_state_price_fallback_for_legacy=1 use_state_price_fallback_for_mtm=1 use_broker_positions_price_fallback_for_legacy=1 use_broker_positions_price_fallback_for_mtm=1
[CFG] sanitize_state_prices=1 persist_default_fallback_to_state=0
[LIVE_PRICES] current_date=2026-04-10 symbols=229 price_col=close snapshot_fallback_count=0
[EXEC][aggressive] loading freeze artifacts
[EXEC][aggressive][ALIGN] requested=1 applied=1 reason=applied_from_broker_positions marker=artifacts\execution_loop\aggressive\state_alignment_once.json broker_fallback_symbols=15
[EXEC][aggressive][STATE_SANITY] sanitized=0 updated_from_live=0 updated_from_broker_positions=0 cleared_default_like=0 missing_live_price=0 missing_broker_price=0
[EXEC][aggressive] starting_nav=60986.21 ending_nav=58622.89 cash_after=205015.97 market_value_after=-146393.07 nav_recon_error=0.000000 order_count=0 active_names=3 gross_target=0.1500 price_col=close merged_missing_prices=0 fallback_price_rows=0 mtm_default_fallback_count=0 mtm_state_fallback_count=5 mtm_broker_positions_fallback_count=0 mtm_unpriced_count=0 fractional_enabled_effective=1 bootstrap_only=1 skip_reason=aligned_state_bootstrap_only
[EXEC][aggressive][RISK] dropped_price_below_min=0 dropped_price_above_max=0 clipped_weight_cap=3 clipped_notional_cap=0
[EXEC][aggressive][DIAG] already_at_target=0 below_min_notional=0 rounded_to_zero_from_nonzero_target=0 entered_new_position=0 exited_position=0 increased_existing_position=0 decreased_existing_position=0 symbol_only_in_state=0 symbol_only_in_target=0 legacy_state_price_fallback=0 legacy_broker_positions_price_fallback=0 legacy_default_price_fallback=0 legacy_unpriced=0
[EXEC][aggressive][COST] estimated_commission_total=0.0000 estimated_slippage_total=0.0000 estimated_total_cost=0.0000
[EXEC][aggressive][BOOTSTRAP_ONLY] state aligned from broker_positions.csv; skipping live order generation on this run
[ARTIFACT] artifacts\execution_loop\aggressive\orders.csv
[ARTIFACT] artifacts\execution_loop\aggressive\positions_mark_to_market.csv
[ARTIFACT] artifacts\execution_loop\aggressive\portfolio_state.json
[ARTIFACT] artifacts\execution_loop\aggressive\execution_log.csv
[FINAL] execution loop complete
[EXEC_LOOP_AGGRESSIVE] OK

=== STEP 3: CPAPI HANDOFF (live BBO) ===
[CFG] execution_root=artifacts\execution_loop configs=['optimal', 'aggressive']
[CFG] cpapi_url=https://localhost:5000 snapshot_fields=31,84,86,88 retries=3 wait=2.0s
[CFG] enable_massive_fallback=1 force_massive_no_bbo=1
[CPAPI] tickle loop started (interval=50s)
[HANDOFF][optimal] total_rows=0 live_rows=0 symbols=0
[HANDOFF][aggressive] total_rows=0 live_rows=0 symbols=0
[CPAPI][TICKLE] ok (total_ok=2)
[CPAPI] tickle loop stopped
[FINAL] CPAPI handoff complete
[CPAPI_HANDOFF] OK

=== STEP 4: CPAPI EXECUTION ===
[ENV] broker=MEXEM platform=IBKR_CPAPI account=DUP561175 cpapi_url=https://localhost:5000 execution_root=artifacts\execution_loop configs=optimal|aggressive whole_timeout=30.0s frac_timeout=20.0s
[CPAPI] tickle loop started (interval=50s)
[CFG] config=optimal orders_total=0 live_orders=0
[CONID_CACHE] loaded 15 entries (CPAPI_RESOLVE_CONIDS=0)
[CFG] config=optimal to_execute=0 dup_skipped=0 conid_missing=0
[CFG] config=optimal no intents to execute
[CFG] config=aggressive orders_total=0 live_orders=0
[CONID_CACHE] loaded 0 entries (CPAPI_RESOLVE_CONIDS=0)
[CFG] config=aggressive to_execute=0 dup_skipped=0 conid_missing=0
[CFG] config=aggressive no intents to execute
[CPAPI_DEBUG] tickle_ok=1 tickle_fail=0 auth_ok=1 order_submit=0 poll_calls=0
[FINAL] CPAPI execution complete
[CPAPI][TICKLE] ok (total_ok=2)
[CPAPI] tickle loop stopped
[CPAPI_EXEC_ORDERS] OK

=== STEP 5: CPAPI RECONCILE (post-execution) ===
[CFG] execution_root=artifacts\execution_loop configs=['optimal', 'aggressive']
[CFG] cpapi_url=https://localhost:5000 account=DUP561175
[CFG] require_broker_refresh=1 drift_tolerance=1e-06 prefer_state_over_orders=1
[CPAPI] tickle loop started (interval=50s)
[CPAPI][TICKLE] ok (total_ok=2)
[RECON][optimal][SUMMARY] symbols_total=30 drift=30 missing_at_broker=15 unexpected_at_broker=15 pending_covers_drift=0 max_abs_drift_shares=1269.00000000 cleanup_preview_rows=15
[ARTIFACT] artifacts\execution_loop\optimal\portfolio_state.json
[ARTIFACT] artifacts\execution_loop\optimal\orders.csv
[ARTIFACT] artifacts\execution_loop\optimal\broker_positions.csv
[ARTIFACT] artifacts\execution_loop\optimal\broker_open_orders.csv
[ARTIFACT] artifacts\execution_loop\optimal\broker_pending.csv
[ARTIFACT] artifacts\execution_loop\optimal\broker_reconcile.csv
[ARTIFACT] artifacts\execution_loop\optimal\broker_reconcile_summary.json
[ARTIFACT] artifacts\execution_loop\optimal\broker_cleanup_preview.csv
[RECON][aggressive][SUMMARY] symbols_total=15 drift=0 missing_at_broker=0 unexpected_at_broker=0 pending_covers_drift=0 max_abs_drift_shares=0.00000000 cleanup_preview_rows=0
[ARTIFACT] artifacts\execution_loop\aggressive\portfolio_state.json
[ARTIFACT] artifacts\execution_loop\aggressive\orders.csv
[ARTIFACT] artifacts\execution_loop\aggressive\broker_positions.csv
[ARTIFACT] artifacts\execution_loop\aggressive\broker_open_orders.csv
[ARTIFACT] artifacts\execution_loop\aggressive\broker_pending.csv
[ARTIFACT] artifacts\execution_loop\aggressive\broker_reconcile.csv
[ARTIFACT] artifacts\execution_loop\aggressive\broker_reconcile_summary.json
[ARTIFACT] artifacts\execution_loop\aggressive\broker_cleanup_preview.csv
[CPAPI] tickle loop stopped
[FINAL] CPAPI broker reconcile complete
[CPAPI_RECONCILE_POST] OK

=== STEP 5a: SYNC CLEANUP PREVIEW ===
[SYNC][optimal] rows=15 -> broker_cleanup_orders.csv
[SYNC][aggressive] rows=0 -> broker_cleanup_orders.csv
[CLEANUP_SYNC] OK

=== STEP 5b: RESOLVE CONIDS FOR CLEANUP ===
[CONID_CLEANUP][optimal] resolving 15 symbols: ['AAOI', 'AAPL', 'APLD', 'APLS', 'APTV', 'AXON', 'CRCL', 'HOOD', 'INTC', 'MSFT', 'NEM', 'NKE', 'NVDA', 'OKLO', 'RKLB']
[CONID_CACHE] all 15 symbols already cached
[CONID_CLEANUP][optimal] cache_size=15 unresolved=0
[CONID_CLEANUP][aggressive] empty -- skip
[CONID_CLEANUP_RESOLVE] OK

=== STEP 6: CPAPI CLEANUP SEND ===
[CFG] execution_root=artifacts\execution_loop configs=['optimal', 'aggressive']
[CFG] cpapi_url=https://localhost:5000 account=DUP561175
[CFG] cleanup_send_preview_only=0 require_empty_pending=0
[CPAPI] tickle loop started (interval=50s)
[CLEANUP][optimal][PLAN] cleanup_rows=15 emitted_rows=15 preview_only=0 blocked_pending_refs=0
date symbol order_side  delta_shares      price      price_source       price_hint_source             quote_ts  quote_provider quote_timeframe  model_price_reference  bid  ask  mid  last  close_price  spread_bps  price_deviation_vs_model  is_priced  target_weight  target_notional  target_shares_raw  current_shares  target_shares  raw_delta_shares  order_notional  order_notional_abs  estimated_commission  estimated_slippage  estimated_total_cost skip_reason       cleanup_reason         cleanup_tag pending_order_refs      fallback_reason
       APLS       SELL       1269.00  40.825000 cleanup_send_plan cleanup_broker_avg_cost 2026-04-15T19:22:46Z cleanup_preview             N/A              40.825000  0.0  0.0  0.0   0.0          0.0         0.0                       0.0          1            0.0              0.0                0.0         1269.00            0.0          -1269.00             0.0                 0.0                   0.0                 0.0                   0.0             unexpected_at_broker broker_cleanup_send                    unexpected_at_broker
       AAOI        BUY        400.00 149.791719 cleanup_send_plan cleanup_broker_avg_cost 2026-04-15T19:22:46Z cleanup_preview             N/A             149.791719  0.0  0.0  0.0   0.0          0.0         0.0                       0.0          1            0.0              0.0                0.0         -400.00            0.0            400.00             0.0                 0.0                   0.0                 0.0                   0.0             unexpected_at_broker broker_cleanup_send                    unexpected_at_broker
       HOOD        BUY        295.00  66.849558 cleanup_send_plan cleanup_broker_avg_cost 2026-04-15T19:22:46Z cleanup_preview             N/A              66.849558  0.0  0.0  0.0   0.0          0.0         0.0                       0.0          1            0.0              0.0                0.0         -295.00            0.0            295.00             0.0                 0.0                   0.0                 0.0                   0.0             unexpected_at_broker broker_cleanup_send                    unexpected_at_broker
       APLD        BUY        220.00  26.223709 cleanup_send_plan cleanup_broker_avg_cost 2026-04-15T19:22:46Z cleanup_preview             N/A              26.223709  0.0  0.0  0.0   0.0          0.0         0.0                       0.0          1            0.0              0.0                0.0         -220.00            0.0            220.00             0.0                 0.0                   0.0                 0.0                   0.0             unexpected_at_broker broker_cleanup_send                    unexpected_at_broker
        NEM        BUY        208.00 105.013459 cleanup_send_plan cleanup_broker_avg_cost 2026-04-15T19:22:46Z cleanup_preview             N/A             105.013459  0.0  0.0  0.0   0.0          0.0         0.0                       0.0          1            0.0              0.0                0.0         -208.00            0.0            208.00             0.0                 0.0                   0.0                 0.0                   0.0             unexpected_at_broker broker_cleanup_send                    unexpected_at_broker
       INTC        BUY        200.00  43.021055 cleanup_send_plan cleanup_broker_avg_cost 2026-04-15T19:22:46Z cleanup_preview             N/A              43.021055  0.0  0.0  0.0   0.0          0.0         0.0                       0.0          1            0.0              0.0                0.0         -200.00            0.0            200.00             0.0                 0.0                   0.0                 0.0                   0.0             unexpected_at_broker broker_cleanup_send                    unexpected_at_broker
       APTV        BUY        148.00  59.871815 cleanup_send_plan cleanup_broker_avg_cost 2026-04-15T19:22:46Z cleanup_preview             N/A              59.871815  0.0  0.0  0.0   0.0          0.0         0.0                       0.0          1            0.0              0.0                0.0         -148.00            0.0            148.00             0.0                 0.0                   0.0                 0.0                   0.0             unexpected_at_broker broker_cleanup_send                    unexpected_at_broker
       CRCL        BUY        128.00  91.896055 cleanup_send_plan cleanup_broker_avg_cost 2026-04-15T19:22:46Z cleanup_preview             N/A              91.896055  0.0  0.0  0.0   0.0          0.0         0.0                       0.0          1            0.0              0.0                0.0         -128.00            0.0            128.00             0.0                 0.0                   0.0                 0.0                   0.0             unexpected_at_broker broker_cleanup_send                    unexpected_at_broker
       MSFT        BUY         99.00 380.748828 cleanup_send_plan cleanup_broker_avg_cost 2026-04-15T19:22:46Z cleanup_preview             N/A             380.748828  0.0  0.0  0.0   0.0          0.0         0.0                       0.0          1            0.0              0.0                0.0          -99.00            0.0             99.00             0.0                 0.0                   0.0                 0.0                   0.0             unexpected_at_broker broker_cleanup_send                    unexpected_at_broker
       NVDA        BUY         84.00 193.093923 cleanup_send_plan cleanup_broker_avg_cost 2026-04-15T19:22:46Z cleanup_preview             N/A             193.093923  0.0  0.0  0.0   0.0          0.0         0.0                       0.0          1            0.0              0.0                0.0          -84.00            0.0             84.00             0.0                 0.0                   0.0                 0.0                   0.0             unexpected_at_broker broker_cleanup_send                    unexpected_at_broker
       RKLB        BUY         48.00  60.656888 cleanup_send_plan cleanup_broker_avg_cost 2026-04-15T19:22:46Z cleanup_preview             N/A              60.656888  0.0  0.0  0.0   0.0          0.0         0.0                       0.0          1            0.0              0.0                0.0          -48.00            0.0             48.00             0.0                 0.0                   0.0                 0.0                   0.0             unexpected_at_broker broker_cleanup_send                    unexpected_at_broker
        NKE        BUY         21.00  42.442738 cleanup_send_plan cleanup_broker_avg_cost 2026-04-15T19:22:46Z cleanup_preview             N/A              42.442738  0.0  0.0  0.0   0.0          0.0         0.0                       0.0          1            0.0              0.0                0.0          -21.00            0.0             21.00             0.0                 0.0                   0.0                 0.0                   0.0             unexpected_at_broker broker_cleanup_send                    unexpected_at_broker
       OKLO        BUY         20.00  52.262725 cleanup_send_plan cleanup_broker_avg_cost 2026-04-15T19:22:46Z cleanup_preview             N/A              52.262725  0.0  0.0  0.0   0.0          0.0         0.0                       0.0          1            0.0              0.0                0.0          -20.00            0.0             20.00             0.0                 0.0                   0.0                 0.0                   0.0             unexpected_at_broker broker_cleanup_send                    unexpected_at_broker
       AAPL       SELL          8.35 257.937449 cleanup_send_plan cleanup_broker_avg_cost 2026-04-15T19:22:46Z cleanup_preview             N/A             257.937449  0.0  0.0  0.0   0.0          0.0         0.0                       0.0          1            0.0              0.0                0.0            8.35            0.0             -8.35             0.0                 0.0                   0.0                 0.0                   0.0             unexpected_at_broker broker_cleanup_send                    unexpected_at_broker
       AXON        BUY          8.00 343.887713 cleanup_send_plan cleanup_broker_avg_cost 2026-04-15T19:22:46Z cleanup_preview             N/A             343.887713  0.0  0.0  0.0   0.0          0.0         0.0                       0.0          1            0.0              0.0                0.0           -8.00            0.0              8.00             0.0                 0.0                   0.0                 0.0                   0.0             unexpected_at_broker broker_cleanup_send                    unexpected_at_broker
[ARTIFACT] artifacts\execution_loop\optimal\broker_cleanup_send_plan.csv
[ARTIFACT] artifacts\execution_loop\optimal\broker_cleanup_send_summary.json
[CONID_CACHE] all 15 symbols already cached
[CLEANUP][optimal] to_execute=15 dup=0 no_conid=0 no_price=0
[BATCH] symbol=APLS side=SELL qty=1269.00000000 ref_price=40.8250 conid=295518928
[SM][APLS] NEW → PRECHECK | starting execution
[SM][APLS] PRECHECK → SPLIT | splitting qty
[SM][APLS] SPLIT → WHOLE_SUBMIT | submitting whole leg
[CPAPI][TICKLE] ok (total_ok=2)
[SM][APLS][ERR] stage=WHOLE_SUBMIT 400 Client Error: Bad Request for url: https://localhost:5000/v1/api/iserver/account/DUP561175/orders
[SM][APLS] WHOLE_SUBMIT → WHOLE_TIMEOUT | whole submit failed; skipping to frac
[SM][APLS] WHOLE_TIMEOUT → DONE | no frac leg required
[BATCH][RESULT] symbol=APLS state=DONE total_filled=0.00000000 avg_price=0.0000
[BATCH] symbol=AAOI side=BUY qty=400.00000000 ref_price=149.7917 conid=135423662
[SM][AAOI] NEW → PRECHECK | starting execution
[SM][AAOI] PRECHECK → SPLIT | splitting qty
[SM][AAOI] SPLIT → WHOLE_SUBMIT | submitting whole leg
[SM][AAOI][ERR] stage=WHOLE_SUBMIT 400 Client Error: Bad Request for url: https://localhost:5000/v1/api/iserver/account/DUP561175/orders
[SM][AAOI] WHOLE_SUBMIT → WHOLE_TIMEOUT | whole submit failed; skipping to frac
[SM][AAOI] WHOLE_TIMEOUT → DONE | no frac leg required
[BATCH][RESULT] symbol=AAOI state=DONE total_filled=0.00000000 avg_price=0.0000
[BATCH] symbol=HOOD side=BUY qty=295.00000000 ref_price=66.8496 conid=504546674
[SM][HOOD] NEW → PRECHECK | starting execution
[SM][HOOD] PRECHECK → SPLIT | splitting qty
[SM][HOOD] SPLIT → WHOLE_SUBMIT | submitting whole leg
[SM][HOOD][ERR] stage=WHOLE_SUBMIT 400 Client Error: Bad Request for url: https://localhost:5000/v1/api/iserver/account/DUP561175/orders
[SM][HOOD] WHOLE_SUBMIT → WHOLE_TIMEOUT | whole submit failed; skipping to frac
[SM][HOOD] WHOLE_TIMEOUT → DONE | no frac leg required
[BATCH][RESULT] symbol=HOOD state=DONE total_filled=0.00000000 avg_price=0.0000
[BATCH] symbol=APLD side=BUY qty=220.00000000 ref_price=26.2237 conid=556067819
[SM][APLD] NEW → PRECHECK | starting execution
[SM][APLD] PRECHECK → SPLIT | splitting qty
[SM][APLD] SPLIT → WHOLE_SUBMIT | submitting whole leg
[SM][APLD][ERR] stage=WHOLE_SUBMIT 400 Client Error: Bad Request for url: https://localhost:5000/v1/api/iserver/account/DUP561175/orders
[SM][APLD] WHOLE_SUBMIT → WHOLE_TIMEOUT | whole submit failed; skipping to frac
[SM][APLD] WHOLE_TIMEOUT → DONE | no frac leg required
[BATCH][RESULT] symbol=APLD state=DONE total_filled=0.00000000 avg_price=0.0000
[BATCH] symbol=NEM side=BUY qty=208.00000000 ref_price=105.0135 conid=10174
[SM][NEM] NEW → PRECHECK | starting execution
[SM][NEM] PRECHECK → SPLIT | splitting qty
[SM][NEM] SPLIT → WHOLE_SUBMIT | submitting whole leg
[SM][NEM][ERR] stage=WHOLE_SUBMIT 400 Client Error: Bad Request for url: https://localhost:5000/v1/api/iserver/account/DUP561175/orders
[SM][NEM] WHOLE_SUBMIT → WHOLE_TIMEOUT | whole submit failed; skipping to frac
[SM][NEM] WHOLE_TIMEOUT → DONE | no frac leg required
[BATCH][RESULT] symbol=NEM state=DONE total_filled=0.00000000 avg_price=0.0000
[BATCH] symbol=INTC side=BUY qty=200.00000000 ref_price=43.0211 conid=270639
[SM][INTC] NEW → PRECHECK | starting execution
[SM][INTC] PRECHECK → SPLIT | splitting qty
[SM][INTC] SPLIT → WHOLE_SUBMIT | submitting whole leg
[SM][INTC][ERR] stage=WHOLE_SUBMIT 400 Client Error: Bad Request for url: https://localhost:5000/v1/api/iserver/account/DUP561175/orders
[SM][INTC] WHOLE_SUBMIT → WHOLE_TIMEOUT | whole submit failed; skipping to frac
[SM][INTC] WHOLE_TIMEOUT → DONE | no frac leg required
[BATCH][RESULT] symbol=INTC state=DONE total_filled=0.00000000 avg_price=0.0000
[BATCH] symbol=APTV side=BUY qty=148.00000000 ref_price=59.8718 conid=748351585
[SM][APTV] NEW → PRECHECK | starting execution
[SM][APTV] PRECHECK → SPLIT | splitting qty
[SM][APTV] SPLIT → WHOLE_SUBMIT | submitting whole leg
[SM][APTV][ERR] stage=WHOLE_SUBMIT 400 Client Error: Bad Request for url: https://localhost:5000/v1/api/iserver/account/DUP561175/orders
[SM][APTV] WHOLE_SUBMIT → WHOLE_TIMEOUT | whole submit failed; skipping to frac
[SM][APTV] WHOLE_TIMEOUT → DONE | no frac leg required
[BATCH][RESULT] symbol=APTV state=DONE total_filled=0.00000000 avg_price=0.0000
[BATCH] symbol=CRCL side=BUY qty=128.00000000 ref_price=91.8961 conid=789044667
[SM][CRCL] NEW → PRECHECK | starting execution
[SM][CRCL] PRECHECK → SPLIT | splitting qty
[SM][CRCL] SPLIT → WHOLE_SUBMIT | submitting whole leg
[SM][CRCL][ERR] stage=WHOLE_SUBMIT 400 Client Error: Bad Request for url: https://localhost:5000/v1/api/iserver/account/DUP561175/orders
[SM][CRCL] WHOLE_SUBMIT → WHOLE_TIMEOUT | whole submit failed; skipping to frac
[SM][CRCL] WHOLE_TIMEOUT → DONE | no frac leg required
[BATCH][RESULT] symbol=CRCL state=DONE total_filled=0.00000000 avg_price=0.0000
[BATCH] symbol=MSFT side=BUY qty=99.00000000 ref_price=380.7488 conid=272093
[SM][MSFT] NEW → PRECHECK | starting execution
[SM][MSFT] PRECHECK → SPLIT | splitting qty
[SM][MSFT] SPLIT → WHOLE_SUBMIT | submitting whole leg
[SM][MSFT][ERR] stage=WHOLE_SUBMIT 400 Client Error: Bad Request for url: https://localhost:5000/v1/api/iserver/account/DUP561175/orders
[SM][MSFT] WHOLE_SUBMIT → WHOLE_TIMEOUT | whole submit failed; skipping to frac
[SM][MSFT] WHOLE_TIMEOUT → DONE | no frac leg required
[BATCH][RESULT] symbol=MSFT state=DONE total_filled=0.00000000 avg_price=0.0000
[BATCH] symbol=NVDA side=BUY qty=84.00000000 ref_price=193.0939 conid=4815747
[SM][NVDA] NEW → PRECHECK | starting execution
[SM][NVDA] PRECHECK → SPLIT | splitting qty
[SM][NVDA] SPLIT → WHOLE_SUBMIT | submitting whole leg
[SM][NVDA][ERR] stage=WHOLE_SUBMIT 400 Client Error: Bad Request for url: https://localhost:5000/v1/api/iserver/account/DUP561175/orders
[SM][NVDA] WHOLE_SUBMIT → WHOLE_TIMEOUT | whole submit failed; skipping to frac
[SM][NVDA] WHOLE_TIMEOUT → DONE | no frac leg required
[BATCH][RESULT] symbol=NVDA state=DONE total_filled=0.00000000 avg_price=0.0000
[BATCH] symbol=RKLB side=BUY qty=48.00000000 ref_price=60.6569 conid=787273575
[SM][RKLB] NEW → PRECHECK | starting execution
[SM][RKLB] PRECHECK → SPLIT | splitting qty
[SM][RKLB] SPLIT → WHOLE_SUBMIT | submitting whole leg
[SM][RKLB][ERR] stage=WHOLE_SUBMIT 400 Client Error: Bad Request for url: https://localhost:5000/v1/api/iserver/account/DUP561175/orders
[SM][RKLB] WHOLE_SUBMIT → WHOLE_TIMEOUT | whole submit failed; skipping to frac
[SM][RKLB] WHOLE_TIMEOUT → DONE | no frac leg required
[BATCH][RESULT] symbol=RKLB state=DONE total_filled=0.00000000 avg_price=0.0000
[BATCH] symbol=NKE side=BUY qty=21.00000000 ref_price=42.4427 conid=10291
[SM][NKE] NEW → PRECHECK | starting execution
[SM][NKE] PRECHECK → SPLIT | splitting qty
[SM][NKE] SPLIT → WHOLE_SUBMIT | submitting whole leg
[SM][NKE][ERR] stage=WHOLE_SUBMIT 400 Client Error: Bad Request for url: https://localhost:5000/v1/api/iserver/account/DUP561175/orders
[SM][NKE] WHOLE_SUBMIT → WHOLE_TIMEOUT | whole submit failed; skipping to frac
[SM][NKE] WHOLE_TIMEOUT → DONE | no frac leg required
[BATCH][RESULT] symbol=NKE state=DONE total_filled=0.00000000 avg_price=0.0000
[BATCH] symbol=OKLO side=BUY qty=20.00000000 ref_price=52.2627 conid=500073396
[SM][OKLO] NEW → PRECHECK | starting execution
[SM][OKLO] PRECHECK → SPLIT | splitting qty
[SM][OKLO] SPLIT → WHOLE_SUBMIT | submitting whole leg
[SM][OKLO][ERR] stage=WHOLE_SUBMIT 400 Client Error: Bad Request for url: https://localhost:5000/v1/api/iserver/account/DUP561175/orders
[SM][OKLO] WHOLE_SUBMIT → WHOLE_TIMEOUT | whole submit failed; skipping to frac
[SM][OKLO] WHOLE_TIMEOUT → DONE | no frac leg required
[BATCH][RESULT] symbol=OKLO state=DONE total_filled=0.00000000 avg_price=0.0000
[BATCH] symbol=AAPL side=SELL qty=8.35000000 ref_price=257.9374 conid=265598
[SM][AAPL] NEW → PRECHECK | starting execution
[SM][AAPL] PRECHECK → SPLIT | splitting qty
[SM][AAPL] SPLIT → WHOLE_SUBMIT | submitting whole leg
[SM][AAPL][ERR] stage=WHOLE_SUBMIT 400 Client Error: Bad Request for url: https://localhost:5000/v1/api/iserver/account/DUP561175/orders
[SM][AAPL] WHOLE_SUBMIT → WHOLE_TIMEOUT | whole submit failed; skipping to frac
[SM][AAPL] WHOLE_TIMEOUT → FRAC_SUBMIT | submitting frac leg
[SM][AAPL][ERR] stage=FRAC_SUBMIT 400 Client Error: Bad Request for url: https://localhost:5000/v1/api/iserver/account/DUP561175/orders
[SM][AAPL] FRAC_SUBMIT → FAILED | frac submit failed
[BATCH][RESULT] symbol=AAPL state=FAILED total_filled=0.00000000 avg_price=0.0000
[BATCH] symbol=AXON side=BUY qty=8.00000000 ref_price=343.8877 conid=272104927
[SM][AXON] NEW → PRECHECK | starting execution
[SM][AXON] PRECHECK → SPLIT | splitting qty
[SM][AXON] SPLIT → WHOLE_SUBMIT | submitting whole leg
[SM][AXON][ERR] stage=WHOLE_SUBMIT 400 Client Error: Bad Request for url: https://localhost:5000/v1/api/iserver/account/DUP561175/orders
[SM][AXON] WHOLE_SUBMIT → WHOLE_TIMEOUT | whole submit failed; skipping to frac
[SM][AXON] WHOLE_TIMEOUT → DONE | no frac leg required
[BATCH][RESULT] symbol=AXON state=DONE total_filled=0.00000000 avg_price=0.0000
[BATCH][SUMMARY] total=15 done=14 failed=1
[CLEANUP][SEND] symbol=APLS side=SELL qty=1269.0000 state=DONE filled=0.0000
[CLEANUP][SEND] symbol=AAOI side=BUY qty=400.0000 state=DONE filled=0.0000
[CLEANUP][SEND] symbol=HOOD side=BUY qty=295.0000 state=DONE filled=0.0000
[CLEANUP][SEND] symbol=APLD side=BUY qty=220.0000 state=DONE filled=0.0000
[CLEANUP][SEND] symbol=NEM side=BUY qty=208.0000 state=DONE filled=0.0000
[CLEANUP][SEND] symbol=INTC side=BUY qty=200.0000 state=DONE filled=0.0000
[CLEANUP][SEND] symbol=APTV side=BUY qty=148.0000 state=DONE filled=0.0000
[CLEANUP][SEND] symbol=CRCL side=BUY qty=128.0000 state=DONE filled=0.0000
[CLEANUP][SEND] symbol=MSFT side=BUY qty=99.0000 state=DONE filled=0.0000
[CLEANUP][SEND] symbol=NVDA side=BUY qty=84.0000 state=DONE filled=0.0000
[CLEANUP][SEND] symbol=RKLB side=BUY qty=48.0000 state=DONE filled=0.0000
[CLEANUP][SEND] symbol=NKE side=BUY qty=21.0000 state=DONE filled=0.0000
[CLEANUP][SEND] symbol=OKLO side=BUY qty=20.0000 state=DONE filled=0.0000
[CLEANUP][SEND] symbol=AAPL side=SELL qty=8.3500 state=FAILED filled=0.0000
[CLEANUP][SEND] symbol=AXON side=BUY qty=8.0000 state=DONE filled=0.0000
[CLEANUP][optimal][SEND_SUMMARY] sent=14 errors=1
[CLEANUP][optimal] original orders.csv restored
[CLEANUP][aggressive][PLAN] cleanup_rows=0 emitted_rows=0 preview_only=0 blocked_pending_refs=0
[ARTIFACT] artifacts\execution_loop\aggressive\broker_cleanup_send_plan.csv
[ARTIFACT] artifacts\execution_loop\aggressive\broker_cleanup_send_summary.json
[CLEANUP][aggressive] no rows after filters — adapter not called
[CPAPI] tickle loop stopped
[FINAL] CPAPI cleanup send complete
[CPAPI_CLEANUP_SEND] OK

=== PIPELINE COMPLETE ===
  [NOTE] broker_log.json was reset this run (-ResetBrokerLog)
Artifacts:
  OK  artifacts\execution_loop\optimal\orders.csv
  OK  artifacts\execution_loop\optimal\portfolio_state.json
  OK  artifacts\execution_loop\optimal\broker_positions.csv
  OK  artifacts\execution_loop\optimal\broker_reconcile.csv
  OK  artifacts\execution_loop\optimal\broker_cleanup_send_plan.csv
  OK  artifacts\execution_loop\optimal\broker_log.json
  --  artifacts\execution_loop\optimal\fills.csv
  OK  artifacts\execution_loop\aggressive\orders.csv
  OK  artifacts\execution_loop\aggressive\portfolio_state.json
  OK  artifacts\execution_loop\aggressive\broker_positions.csv
  OK  artifacts\execution_loop\aggressive\broker_reconcile.csv
  OK  artifacts\execution_loop\aggressive\broker_cleanup_send_plan.csv
  --  artifacts\execution_loop\aggressive\broker_log.json
  --  artifacts\execution_loop\aggressive\fills.csv