PS C:\Users\Dmytro Govor\Documents\Python-Edge> python .\scripts\run_broker_adapter_ibkr.py
[CFG] execution_root=artifacts\execution_loop
[CFG] configs=['optimal', 'aggressive']
[CFG] broker_name=MEXEM broker_platform=IBKR broker_account_id=
[CFG] ib_host=127.0.0.1 ib_port=4002 ib_client_id=41 ib_account_code=
[CFG] exchange=SMART primary_exchange= currency=USD sec_type=STK
[CFG] outside_rth=1 reprice_enabled=1 reprice_wait_sec=8.0
[CFG] reprice_steps_bps=[15.0, 10.0, 5.0, 0.0] reprice_final_mode=marketable_lmt reprice_final_marketable_bps=12.0 reprice_max_deviation_pct=1.25
[CFG] require_price_hint_source=1 require_quote_ts=1
[IB] connecting host=127.0.0.1 port=4002 client_id=41
[IB] openOrderEnd
[IB] managedAccounts=DUP561175
[IB] connected next_valid_id=93 managed_accounts=DUP561175[IB] nextValidId=93

[IB][ERROR] reqId=-1 code=2104 msg=Market data farm connection is OK:usfarm
[IB][ERROR] reqId=-1 code=2106 msg=HMDS data farm connection is OK:ushmds
[IB][ERROR] reqId=-1 code=2158 msg=Sec-def data farm connection is OK:secdefil
[IB] openOrderEnd
[BROKER][optimal] orders=artifacts\execution_loop\optimal\orders.csv
[BROKER][LADDER][SUBMIT] symbol=AAPL step=1/4 mode=passive_lmt limit_price=249.0000 cap_price=251.7300 order={"account": "", "exchange": "SMART", "lmtPrice": 249.0, "orderRef": "pe-59befe69d25f3547ed444977", "orderType": "LMT", "outsideRth": 1, "primaryExchange": "", "tif": "DAY", "totalQuantity": 1.0}
[IB][ERROR] reqId=93 code=399 msg=Order Message: BUY 1 AAPL NASDAQ.NMS Your order will not be placed at the exchange until 2026-04-06 04:00:00 US/Eastern. If you want the order to  be active in the Pre-Market, Regular and After-Market sessions, a Limit type order is required and you must  add the attribute "Fill/Trigger Outside RTH."
[BROKER][DEFERRED_WAIT] ib_order_id=93 status=submitted deferred_until=2026-04-06T04:00:00-04:00 remaining_sec=169179.8
[BROKER][DEFERRED_WAIT] ib_order_id=93 status=submitted deferred_until=2026-04-06T04:00:00-04:00 remaining_sec=169149.8
[BROKER][DEFERRED_WAIT] ib_order_id=93 status=submitted deferred_until=2026-04-06T04:00:00-04:00 remaining_sec=169119.8
