[CFG] configs=['optimal', 'aggressive']
[CFG] require_any_live_active_names=1 require_fresh_freeze_date_match=1 run_broker_handoff=1 run_broker_adapter=1 run_broker_reconcile=1
[CFG] require_freeze_universe_filter=1 min_freeze_universe_survival_ratio=0.9000
[CFG] require_freeze_live_gate_passed=0 require_any_replay_gate_pass=1
[CFG] child_pause_on_exit=0
[STEP] universe builder
[RUN] C:\Users\Dmytro Govor\AppData\Local\Programs\Python\Python313\python.exe C:\Users\Dmytro Govor\Documents\Python-Edge\scripts\run_universe_builder.py
[RUN][ENV] PAUSE_ON_EXIT=0
[FINAL] universe builder complete snapshot=artifacts\daily_cycle\universe\universe_snapshot.parquet summary=artifacts\daily_cycle\universe\universe_summary.json
[DIAG][UNIVERSE] snapshot=C:\Users\Dmytro Govor\Documents\Python-Edge\artifacts\daily_cycle\universe\universe_snapshot.parquet summary=C:\Users\Dmytro Govor\Documents\Python-Edge\artifacts\daily_cycle\universe\universe_summary.json rows_current=175 all_symbols_current=175 selected_symbols_current=175 symbol_col=symbol date_col=date selected_col=selected current_date=2026-04-10
[DIAG][UNIVERSE][SUMMARY] eligible_total=1273 selected_total=175 overview_missing_sic_total=None sector_unknown_selected=None industry_unknown_selected=None
[STEP] live alpha snapshot
[RUN] C:\Users\Dmytro Govor\AppData\Local\Programs\Python\Python313\python.exe C:\Users\Dmytro Govor\Documents\Python-Edge\scripts\run_live_alpha_snapshot.py
[RUN][ENV] PAUSE_ON_EXIT=0
[CFG] universe_snapshot_file=artifacts\daily_cycle\universe\universe_snapshot.parquet
[CFG] live_alpha_out_dir=artifacts\live_alpha
[CFG] live_alpha_scope=registry survivor_top_n=6
[CFG] lookback_days=260 max_symbols=500
[UNIVERSE][LOAD] snapshot=artifacts\daily_cycle\universe\universe_snapshot.parquet date_col=trade_date latest_date=2026-04-10 rows_current=175 selected_current=175 max_symbols=500
[UNIVERSE] selected_symbols=175 as_of_date=2026-04-10
[FETCH] 25/175 complete rows=4500 failed=0
[FETCH] 50/175 complete rows=9000 failed=0
[FETCH] 75/175 complete rows=13500 failed=0
[FETCH] 100/175 complete rows=18000 failed=0
[FETCH] 125/175 complete rows=22500 failed=0
[FETCH] 150/175 complete rows=27000 failed=0
[FETCH] 175/175 complete rows=31500 failed=0
[FETCH] final_symbols=175 rows=31500 failed_symbols=0
[FACTORY] recipe_source=default_priority+recent_default_priority recipe_count=1901
[OK] base_snapshot=artifacts\live_alpha\live_feature_snapshot.parquet
[OK] live_alpha_snapshot=artifacts\live_alpha\live_alpha_snapshot.parquet
[OK] manifest=artifacts\live_alpha\live_alpha_manifest.csv
[OK] dropped=artifacts\live_alpha\live_alpha_dropped.csv
[OK] meta=artifacts\live_alpha\live_alpha_meta.json
[DIAG][LIVE_ALPHA] snapshot=C:\Users\Dmytro Govor\Documents\Python-Edge\artifacts\live_alpha\live_alpha_snapshot.parquet current_rows=175 current_symbols=175 alpha_col_count=1163 current_date=2026-04-10 date_match_vs_universe=1
[DIAG][LIVE_ALPHA][COVERAGE] universe_selected_current=175 present_in_live_alpha=175 missing_from_live_alpha=0 extra_vs_selected=0 extra_vs_all=0
[DIAG][LIVE_ALPHA][MISSING_TOP] none
[DIAG][LIVE_ALPHA][EXTRA_VS_SELECTED_TOP] none
[DIAG][LIVE_ALPHA][EXTRA_VS_ALL_TOP] none
[ARTIFACT] C:\Users\Dmytro Govor\Documents\Python-Edge\artifacts\daily_cycle\universe_live_alpha_diagnostics.json
[STEP] freeze runner
[RUN] C:\Users\Dmytro Govor\AppData\Local\Programs\Python\Python313\python.exe C:\Users\Dmytro Govor\Documents\Python-Edge\scripts\run_freeze_runner.py
[RUN][ENV] PAUSE_ON_EXIT=0
[CFG] live_alpha_snapshot_file=artifacts\live_alpha\live_alpha_snapshot.parquet
[CFG] universe_snapshot_file=artifacts\daily_cycle\universe\universe_snapshot.parquet
[CFG] out_dir=artifacts\freeze_runner
[CFG] require_universe_filter=1 require_universe_current_date_match=1 min_universe_survival_ratio=0.9000
[CFG] auto_refresh_live_alpha_on_date_mismatch=1 live_alpha_refresh_script=scripts\run_live_alpha_snapshot.py
[CFG] freeze_require_positive_replay_sharpe=0 freeze_min_replay_sharpe=0.0000 freeze_min_replay_cumret=0.0000 freeze_min_live_active_names=1
[CFG] component_prefilter min_proxy_train_sharpe=0.0000 min_abs_mean_ic=0.000000 basket_candidate_pool=8 basket_max_combos=40
[CFG] sign_source=last_fold require_recent_sign=0
[CFG] frozen wf=120/20/20 components=4 weighting=ic
[UNIVERSE_FILTER] applied=1 universe_selected_current=175 present_in_panel_current=175 missing_in_panel_current=0 survival_ratio_current=1.0000 panel_rows_before_filter=31500 panel_rows_after_filter=31500 live_snapshot_current_date=2026-04-10
[DATA] rows=31500 symbols=175 alpha_cols=1163 first_date=2025-07-24 last_date=2026-04-10
[FREEZE] last_completed_fold fold_id=3 train=2025-09-19..2026-03-12 test=2026-03-13..2026-04-10
[COMPONENTS][ALL_CANDIDATES_TOP]
                                            alpha  train_abs_mean_ic  proxy_train_sharpe  train_sign_locked  last_fold_abs_mean_ic  last_fold_mean_ic  last_fold_sign_locked  effective_sign_locked sign_source_used
          alpha_gap_lag1_regime_breadth_rank_lag1           0.202418           -0.060418               -1.0               0.210650           0.015173                    1.0                    1.0     last_fold_ic
alpha_overnight_drift_20d_raw_regime_breadth_rank           0.188156            1.320116                1.0               0.176602           0.026797                    1.0                    1.0     last_fold_ic
               alpha_gap_cube_regime_breadth_rank           0.179373           -0.726836               -1.0               0.199044           0.074647                    1.0                    1.0     last_fold_ic
                alpha_gap_raw_rank_mul_breadth_hi           0.179373           -0.726836               -1.0               0.199044           0.074647                    1.0                    1.0     last_fold_ic
                alpha_gap_raw_rank_mul_breadth_lo           0.179373           -0.726836               -1.0               0.199044           0.074647                    1.0                    1.0     last_fold_ic
              alpha_gap_raw_rank_mul_breadth_rank           0.179373           -0.726836               -1.0               0.199044           0.074647                    1.0                    1.0     last_fold_ic
                 alpha_gap_raw_rank_mul_breadth_z           0.179373           -0.726836               -1.0               0.199044           0.074647                    1.0                    1.0     last_fold_ic
                 alpha_gap_raw_raw_mul_breadth_hi           0.179373           -0.726836               -1.0               0.199044           0.074647                    1.0                    1.0     last_fold_ic
                 alpha_gap_raw_raw_mul_breadth_lo           0.179373           -0.726836               -1.0               0.199044           0.074647                    1.0                    1.0     last_fold_ic
               alpha_gap_raw_raw_mul_breadth_rank           0.179373           -0.726836               -1.0               0.199044           0.074647                    1.0                    1.0     last_fold_ic
[COMPONENTS][optimal] selected_by_basket_search component_count=4 pool_size=8 combos_evaluated=40
                                            alpha  train_abs_mean_ic  proxy_train_sharpe  train_sign_locked  last_fold_abs_mean_ic  last_fold_mean_ic  last_fold_sign_locked  effective_sign_locked sign_source_used
alpha_overnight_drift_20d_raw_regime_breadth_rank           0.188156            1.320116                1.0               0.176602           0.026797                    1.0                    1.0     last_fold_ic
 alpha_momentum_20d_lag1_regime_breadth_rank_lag1           0.169923            0.175396                1.0               0.148261           0.037530                    1.0                    1.0     last_fold_ic
      alpha_momentum_20d_ema3_regime_breadth_rank           0.168243            0.128251                1.0               0.150228           0.031561                    1.0                    1.0     last_fold_ic
                alpha_ivol_20d_ema3_regime_liq_hi           0.156913            0.156268                1.0               0.131577           0.026833                    1.0                    1.0     last_fold_ic
[BASKET_SEARCH][optimal][TOP]
 basket_id                                                                                                                                                                            alpha_list  component_count  train_abs_mean_ic_avg  proxy_train_sharpe_avg  last_fold_abs_mean_ic_avg  last_fold_proxy_sharpe_avg  replay_sharpe_last_fold  replay_cumret_last_fold  replay_max_drawdown_last_fold  replay_avg_turnover_last_fold
         1      alpha_overnight_drift_20d_raw_regime_breadth_rank|alpha_momentum_20d_lag1_regime_breadth_rank_lag1|alpha_momentum_20d_ema3_regime_breadth_rank|alpha_ivol_20d_ema3_regime_liq_hi                4               0.170809                0.445008                   0.151667                    2.769357                 2.593210                 0.025015                      -0.033776                       0.025657
         4     alpha_overnight_drift_20d_raw_regime_breadth_rank|alpha_momentum_20d_lag1_regime_breadth_rank_lag1|alpha_momentum_20d_ema3_regime_breadth_rank|alpha_ivol_20d_clip3_regime_liq_hi                4               0.170714                0.443003                   0.151653                    2.768180                 2.578757                 0.024853                      -0.034015                       0.025763
         5       alpha_overnight_drift_20d_raw_regime_breadth_rank|alpha_momentum_20d_lag1_regime_breadth_rank_lag1|alpha_momentum_20d_ema3_regime_breadth_rank|alpha_ivol_20d_raw_regime_liq_hi                4               0.170714                0.443003                   0.151653                    2.768180                 2.578757                 0.024853                      -0.034015                       0.025763
         2 alpha_overnight_drift_20d_raw_regime_breadth_rank|alpha_momentum_20d_lag1_regime_breadth_rank_lag1|alpha_momentum_20d_ema3_regime_breadth_rank|alpha_ivol_20d_lag1_regime_liq_hi_lag1                4               0.170807                0.443116                   0.151616                    2.774776                 2.551575                 0.024543                      -0.033814                       0.025644
         3 alpha_overnight_drift_20d_raw_regime_breadth_rank|alpha_momentum_20d_lag1_regime_breadth_rank_lag1|alpha_momentum_20d_ema3_regime_breadth_rank|alpha_ivol_20d_lag2_regime_liq_hi_lag2                4               0.170797                0.444950                   0.151813                    2.770086                 2.514858                 0.024253                      -0.034365                       0.025686
        18                    alpha_overnight_drift_20d_raw_regime_breadth_rank|alpha_momentum_20d_ema3_regime_breadth_rank|alpha_ivol_20d_ema3_regime_liq_hi|alpha_ivol_20d_clip3_regime_liq_hi                4               0.167461                0.438221                   0.147482                    2.624331                 2.099208                 0.018036                      -0.024482                       0.028499
        19                      alpha_overnight_drift_20d_raw_regime_breadth_rank|alpha_momentum_20d_ema3_regime_breadth_rank|alpha_ivol_20d_ema3_regime_liq_hi|alpha_ivol_20d_raw_regime_liq_hi                4               0.167461                0.438221                   0.147482                    2.624331                 2.099208                 0.018036                      -0.024482                       0.028499
        16                alpha_overnight_drift_20d_raw_regime_breadth_rank|alpha_momentum_20d_ema3_regime_breadth_rank|alpha_ivol_20d_ema3_regime_liq_hi|alpha_ivol_20d_lag1_regime_liq_hi_lag1                4               0.167554                0.438333                   0.147445                    2.630927                 2.086768                 0.017866                      -0.025142                       0.028270
        17                alpha_overnight_drift_20d_raw_regime_breadth_rank|alpha_momentum_20d_ema3_regime_breadth_rank|alpha_ivol_20d_ema3_regime_liq_hi|alpha_ivol_20d_lag2_regime_liq_hi_lag2                4               0.167544                0.440168                   0.147642                    2.626237                 2.068226                 0.017528                      -0.026005                       0.029532
        20           alpha_overnight_drift_20d_raw_regime_breadth_rank|alpha_momentum_20d_ema3_regime_breadth_rank|alpha_ivol_20d_lag1_regime_liq_hi_lag1|alpha_ivol_20d_lag2_regime_liq_hi_lag2                4               0.167542                0.438276                   0.147592                    2.631656                 1.959729                 0.017280                      -0.028362                       0.029407
[FREEZE][optimal] live_active_names_raw=2 live_active_names=2 live_gate_passed=1 live_gate_reason=passed replay_sharpe_last_fold=2.5932 replay_cumret_last_fold=0.0250 avg_turnover=0.0257 avg_gross=0.4239
[FREEZE][optimal][UNIVERSE] applied=1 selected_current=175 present_in_panel_current=175 survival_ratio_current=1.0000 live_snapshot_current_date=2026-04-10
[FREEZE][optimal][LIVE_BOOK_TOP]
symbol  weight     score  side market_regime  long_budget  short_budget  turnover
  APLS    0.05 13.291791   1.0       neutral          0.5           0.5      0.05
   CAR    0.05 10.111048   1.0       neutral          0.5           0.5      0.05
[COMPONENTS][aggressive] selected_by_basket_search component_count=4 pool_size=8 combos_evaluated=40
                                           alpha  train_abs_mean_ic  proxy_train_sharpe  train_sign_locked  last_fold_abs_mean_ic  last_fold_mean_ic  last_fold_sign_locked  effective_sign_locked sign_source_used
alpha_momentum_20d_lag1_regime_breadth_rank_lag1           0.169923            0.175396                1.0               0.148261           0.037530                    1.0                    1.0     last_fold_ic
     alpha_momentum_20d_ema3_regime_breadth_rank           0.168243            0.128251                1.0               0.150228           0.031561                    1.0                    1.0     last_fold_ic
               alpha_ivol_20d_ema3_regime_liq_hi           0.156913            0.156268                1.0               0.131577           0.026833                    1.0                    1.0     last_fold_ic
          alpha_ivol_20d_lag2_regime_liq_hi_lag2           0.156863            0.156038                1.0               0.132161           0.026959                    1.0                    1.0     last_fold_ic
[BASKET_SEARCH][aggressive][TOP]
 basket_id                                                                                                                                                                            alpha_list  component_count  train_abs_mean_ic_avg  proxy_train_sharpe_avg  last_fold_abs_mean_ic_avg  last_fold_proxy_sharpe_avg  replay_sharpe_last_fold  replay_cumret_last_fold  replay_max_drawdown_last_fold  replay_avg_turnover_last_fold
        37                 alpha_momentum_20d_lag1_regime_breadth_rank_lag1|alpha_momentum_20d_ema3_regime_breadth_rank|alpha_ivol_20d_ema3_regime_liq_hi|alpha_ivol_20d_lag2_regime_liq_hi_lag2                4               0.162986                0.153988                   0.140557                    2.959752                 4.114569                 0.107155                      -0.064396                       0.032385
        40            alpha_momentum_20d_lag1_regime_breadth_rank_lag1|alpha_momentum_20d_ema3_regime_breadth_rank|alpha_ivol_20d_lag1_regime_liq_hi_lag1|alpha_ivol_20d_lag2_regime_liq_hi_lag2                4               0.162983                0.152096                   0.140506                    2.965171                 4.111909                 0.106889                      -0.064445                       0.032150
        36                 alpha_momentum_20d_lag1_regime_breadth_rank_lag1|alpha_momentum_20d_ema3_regime_breadth_rank|alpha_ivol_20d_ema3_regime_liq_hi|alpha_ivol_20d_lag1_regime_liq_hi_lag1                4               0.162996                0.152154                   0.140360                    2.964442                 4.108581                 0.106753                      -0.063138                       0.032603
         3 alpha_overnight_drift_20d_raw_regime_breadth_rank|alpha_momentum_20d_lag1_regime_breadth_rank_lag1|alpha_momentum_20d_ema3_regime_breadth_rank|alpha_ivol_20d_lag2_regime_liq_hi_lag2                4               0.170797                0.444950                   0.151813                    2.770086                 3.890911                 0.082015                      -0.046215                       0.031465
         1      alpha_overnight_drift_20d_raw_regime_breadth_rank|alpha_momentum_20d_lag1_regime_breadth_rank_lag1|alpha_momentum_20d_ema3_regime_breadth_rank|alpha_ivol_20d_ema3_regime_liq_hi                4               0.170809                0.445008                   0.151667                    2.769357                 3.879117                 0.081241                      -0.045788                       0.032249
         2 alpha_overnight_drift_20d_raw_regime_breadth_rank|alpha_momentum_20d_lag1_regime_breadth_rank_lag1|alpha_momentum_20d_ema3_regime_breadth_rank|alpha_ivol_20d_lag1_regime_liq_hi_lag1                4               0.170807                0.443116                   0.151616                    2.774776                 3.860361                 0.082235                      -0.048090                       0.031355
        38                     alpha_momentum_20d_lag1_regime_breadth_rank_lag1|alpha_momentum_20d_ema3_regime_breadth_rank|alpha_ivol_20d_ema3_regime_liq_hi|alpha_ivol_20d_clip3_regime_liq_hi                4               0.162903                0.152041                   0.140397                    2.957846                 3.834552                 0.096549                      -0.065102                       0.031918
        39                       alpha_momentum_20d_lag1_regime_breadth_rank_lag1|alpha_momentum_20d_ema3_regime_breadth_rank|alpha_ivol_20d_ema3_regime_liq_hi|alpha_ivol_20d_raw_regime_liq_hi                4               0.162903                0.152041                   0.140397                    2.957846                 3.834552                 0.096549                      -0.065102                       0.031918
         4     alpha_overnight_drift_20d_raw_regime_breadth_rank|alpha_momentum_20d_lag1_regime_breadth_rank_lag1|alpha_momentum_20d_ema3_regime_breadth_rank|alpha_ivol_20d_clip3_regime_liq_hi                4               0.170714                0.443003                   0.151653                    2.768180                 3.151395                 0.062843                      -0.046391                       0.031360
         5       alpha_overnight_drift_20d_raw_regime_breadth_rank|alpha_momentum_20d_lag1_regime_breadth_rank_lag1|alpha_momentum_20d_ema3_regime_breadth_rank|alpha_ivol_20d_raw_regime_liq_hi                4               0.170714                0.443003                   0.151653                    2.768180                 3.151395                 0.062843                      -0.046391                       0.031360
[FREEZE][aggressive] live_active_names_raw=3 live_active_names=3 live_gate_passed=1 live_gate_reason=passed replay_sharpe_last_fold=4.1146 replay_cumret_last_fold=0.1072 avg_turnover=0.0324 avg_gross=1.0000
[FREEZE][aggressive][UNIVERSE] applied=1 selected_current=175 present_in_panel_current=175 survival_ratio_current=1.0000 live_snapshot_current_date=2026-04-10
[FREEZE][aggressive][LIVE_BOOK_TOP]
symbol  weight     score  side market_regime  long_budget  short_budget  turnover
  APLS    0.25  6.090789   1.0          weak          0.5           0.5      0.05
   CAR    0.25 12.051208   1.0          weak          0.5           0.5      0.05
  AXON   -0.50 -2.184978  -1.0          weak          0.5           0.5      0.05
[ARTIFACT] artifacts\freeze_runner\freeze_all_configs_summary.json
[FINAL] freeze runner complete
[GATE] freeze summaries
[GATE] config=optimal live_current_date=2026-04-10 freeze_live_active_names=2 universe_filter_applied=1 universe_selected_current=175 universe_present_in_panel_current=175 universe_survival_ratio_current=1.0 live_gate_passed=1 live_gate_reason=passed replay_sharpe_last_fold=2.593210440066167 replay_cumret_last_fold=0.02501470719246024
[GATE] config=aggressive live_current_date=2026-04-10 freeze_live_active_names=3 universe_filter_applied=1 universe_selected_current=175 universe_present_in_panel_current=175 universe_survival_ratio_current=1.0 live_gate_passed=1 live_gate_reason=passed replay_sharpe_last_fold=4.114568808989382 replay_cumret_last_fold=0.10715469697970792
[ARTIFACT] C:\Users\Dmytro Govor\Documents\Python-Edge\artifacts\daily_cycle\freeze_gate_diagnostics.json
[GATE] execution_ready_configs=['optimal', 'aggressive']
[CFG] execution_ready_configs=['optimal', 'aggressive']
[CFG] CONFIG_NAMES overridden for downstream steps -> optimal|aggressive
[STEP] execution loop
[RUN] C:\Users\Dmytro Govor\AppData\Local\Programs\Python\Python313\python.exe C:\Users\Dmytro Govor\Documents\Python-Edge\scripts\run_execution_loop.py
[RUN][ENV] PAUSE_ON_EXIT=0
[CFG] live_feature_snapshot_file=artifacts\live_alpha\live_feature_snapshot.parquet freeze_root=artifacts\freeze_runner execution_root=artifacts\execution_loop account_nav=100000.00 fractional_mode=auto allow_fractional_shares=0
[CFG] min_order_notional=25.00 default_price_fallback=100.00 topk_print=50 reset_state=0 config_names=optimal|aggressive
[CFG] require_freeze_date_match_live_prices=1 skip_empty_freeze_configs=1 min_price_to_trade=1.0 max_price_to_trade=1000000.0
[CFG] max_single_name_weight=0.050000 max_single_name_notional=10000.00 commission_bps=0.5000 commission_min_per_order=0.3500 slippage_bps=1.5000
[CFG] align_state_from_broker_once=0 align_state_require_broker_positions=1 align_state_cash_mode=preserve_nav skip_legacy_symbols_not_in_target=1
[CFG] use_state_price_fallback_for_legacy=1 use_state_price_fallback_for_mtm=1 use_broker_positions_price_fallback_for_legacy=1 use_broker_positions_price_fallback_for_mtm=1
[CFG] sanitize_state_prices=1 persist_default_fallback_to_state=0
[LIVE_PRICES] current_date=2026-04-10 symbols=175 price_col=close snapshot_fallback_count=0
[EXEC][optimal] loading freeze artifacts
[EXEC][optimal][ALIGN] requested=0 applied=0 reason=not_requested marker=artifacts\execution_loop\optimal\state_alignment_once.json broker_fallback_symbols=19
[EXEC][optimal][STATE_SANITY] sanitized=0 updated_from_live=0 updated_from_broker_positions=0 cleared_default_like=0 missing_live_price=0 missing_broker_price=0
[EXEC][optimal] starting_nav=54743.91 ending_nav=54806.44 cash_after=51400.14 market_value_after=3406.30 nav_recon_error=0.000000 order_count=2 active_names=2 gross_target=0.1000 price_col=close merged_missing_prices=0 fallback_price_rows=0 mtm_default_fallback_count=0 mtm_state_fallback_count=5 mtm_broker_positions_fallback_count=0 mtm_unpriced_count=0 fractional_enabled_effective=0 bootstrap_only=0 skip_reason=
[EXEC][optimal][RISK] dropped_price_below_min=0 dropped_price_above_max=0 clipped_weight_cap=0 clipped_notional_cap=0
[EXEC][optimal][DIAG] already_at_target=8 below_min_notional=0 rounded_to_zero_from_nonzero_target=0 entered_new_position=0 exited_position=0 increased_existing_position=1 decreased_existing_position=1 symbol_only_in_state=8 symbol_only_in_target=0 legacy_state_price_fallback=5 legacy_broker_positions_price_fallback=0 legacy_default_price_fallback=0 legacy_unpriced=0
[EXEC][optimal][COST] estimated_commission_total=0.7000 estimated_slippage_total=0.3193 estimated_total_cost=1.0193
[EXEC][optimal][ORDERS_TOP]
      date symbol      price         price_source  is_priced  target_weight  target_notional  target_shares_raw  current_shares  target_shares  raw_delta_shares  delta_shares order_side  order_notional  order_notional_abs  estimated_commission  estimated_slippage  estimated_total_cost                 skip_reason
2026-04-10    CAR 286.615000 target_live_snapshot          1           0.05      2737.195625           9.550078             2.0            9.0               7.0           7.0        BUY        2006.305            2006.305                  0.35            0.300946              0.650946                            
2026-04-10   AAOI 153.000000        live_snapshot          1           0.00         0.000000           0.000000           -24.0          -24.0               0.0           0.0       HOLD           0.000               0.000                  0.00            0.000000              0.000000 legacy_symbol_not_in_target
2026-04-10   APTV  59.711000        live_snapshot          1           0.00         0.000000           0.000000           -37.0          -37.0               0.0           0.0       HOLD           0.000               0.000                  0.00            0.000000              0.000000 legacy_symbol_not_in_target
2026-04-10   AXTI  65.405000        live_snapshot          1           0.00         0.000000           0.000000           -65.0          -65.0               0.0           0.0       HOLD           0.000               0.000                  0.00            0.000000              0.000000 legacy_symbol_not_in_target
2026-04-10   MSTR 122.570000     state_last_price          1           0.00         0.000000           0.000000            23.0           23.0               0.0           0.0       HOLD           0.000               0.000                  0.00            0.000000              0.000000 legacy_symbol_not_in_target
2026-04-10    NKE  42.460000     state_last_price          1           0.00         0.000000           0.000000            63.0           63.0               0.0           0.0       HOLD           0.000               0.000                  0.00            0.000000              0.000000 legacy_symbol_not_in_target
2026-04-10   OKLO  48.420825     state_last_price          1           0.00         0.000000           0.000000            59.0           59.0               0.0           0.0       HOLD           0.000               0.000                  0.00            0.000000              0.000000 legacy_symbol_not_in_target
2026-04-10   SMCI  22.185000     state_last_price          1           0.00         0.000000           0.000000           121.0          121.0               0.0           0.0       HOLD           0.000               0.000                  0.00            0.000000              0.000000 legacy_symbol_not_in_target
2026-04-10   TSEM 187.010000     state_last_price          1           0.00         0.000000           0.000000           -15.0          -15.0               0.0           0.0       HOLD           0.000               0.000                  0.00            0.000000              0.000000 legacy_symbol_not_in_target
2026-04-10   APLS  40.735000 target_live_snapshot          1           0.05      2737.195625          67.195179            70.0           67.0              -3.0          -3.0       SELL        -122.205             122.205                  0.35            0.018331              0.368331                            
[ARTIFACT] artifacts\execution_loop\optimal\orders.csv
[ARTIFACT] artifacts\execution_loop\optimal\positions_mark_to_market.csv
[ARTIFACT] artifacts\execution_loop\optimal\portfolio_state.json
[ARTIFACT] artifacts\execution_loop\optimal\execution_log.csv
[EXEC][aggressive] loading freeze artifacts
[EXEC][aggressive][ALIGN] requested=0 applied=0 reason=not_requested marker=artifacts\execution_loop\aggressive\state_alignment_once.json broker_fallback_symbols=19
[EXEC][aggressive][STATE_SANITY] sanitized=0 updated_from_live=0 updated_from_broker_positions=0 cleared_default_like=0 missing_live_price=0 missing_broker_price=0
[EXEC][aggressive] starting_nav=60685.63 ending_nav=60842.29 cash_after=49199.06 market_value_after=11643.22 nav_recon_error=0.000000 order_count=1 active_names=3 gross_target=0.1500 price_col=close merged_missing_prices=0 fallback_price_rows=0 mtm_default_fallback_count=0 mtm_state_fallback_count=5 mtm_broker_positions_fallback_count=0 mtm_unpriced_count=0 fractional_enabled_effective=0 bootstrap_only=0 skip_reason=
[EXEC][aggressive][RISK] dropped_price_below_min=0 dropped_price_above_max=0 clipped_weight_cap=3 clipped_notional_cap=0
[EXEC][aggressive][DIAG] already_at_target=9 below_min_notional=0 rounded_to_zero_from_nonzero_target=0 entered_new_position=0 exited_position=0 increased_existing_position=0 decreased_existing_position=1 symbol_only_in_state=7 symbol_only_in_target=0 legacy_state_price_fallback=5 legacy_broker_positions_price_fallback=0 legacy_default_price_fallback=0 legacy_unpriced=0
[EXEC][aggressive][COST] estimated_commission_total=0.3500 estimated_slippage_total=0.0061 estimated_total_cost=0.3561
[EXEC][aggressive][ORDERS_TOP]
      date symbol      price         price_source  is_priced  target_weight  target_notional  target_shares_raw  current_shares  target_shares  raw_delta_shares  delta_shares order_side  order_notional  order_notional_abs  estimated_commission  estimated_slippage  estimated_total_cost                 skip_reason
2026-04-10   AAOI 153.000000        live_snapshot          1           0.00          0.00000           0.000000            26.0           26.0               0.0           0.0       HOLD           0.000               0.000                  0.00             0.00000               0.00000 legacy_symbol_not_in_target
2026-04-10   AXON 344.270000 target_live_snapshot          1          -0.05      -3034.28168          -8.813669            -8.0           -8.0               0.0           0.0       HOLD           0.000               0.000                  0.00             0.00000               0.00000           already_at_target
2026-04-10   AXTI  65.405000        live_snapshot          1           0.00          0.00000           0.000000           -70.0          -70.0               0.0           0.0       HOLD           0.000               0.000                  0.00             0.00000               0.00000 legacy_symbol_not_in_target
2026-04-10    CAR 286.615000 target_live_snapshot          1           0.05       3034.28168          10.586612            10.0           10.0               0.0           0.0       HOLD           0.000               0.000                  0.00             0.00000               0.00000           already_at_target
2026-04-10   HIMS  19.440000     state_last_price          1           0.00          0.00000           0.000000           157.0          157.0               0.0           0.0       HOLD           0.000               0.000                  0.00             0.00000               0.00000 legacy_symbol_not_in_target
2026-04-10    NKE  42.460000     state_last_price          1           0.00          0.00000           0.000000            68.0           68.0               0.0           0.0       HOLD           0.000               0.000                  0.00             0.00000               0.00000 legacy_symbol_not_in_target
2026-04-10   OKLO  48.420825     state_last_price          1           0.00          0.00000           0.000000            64.0           64.0               0.0           0.0       HOLD           0.000               0.000                  0.00             0.00000               0.00000 legacy_symbol_not_in_target
2026-04-10   SMCI  22.185000     state_last_price          1           0.00          0.00000           0.000000           130.0          130.0               0.0           0.0       HOLD           0.000               0.000                  0.00             0.00000               0.00000 legacy_symbol_not_in_target
2026-04-10   TSEM 187.010000     state_last_price          1           0.00          0.00000           0.000000           -15.0          -15.0               0.0           0.0       HOLD           0.000               0.000                  0.00             0.00000               0.00000 legacy_symbol_not_in_target
2026-04-10   APLS  40.735000 target_live_snapshot          1           0.05       3034.28168          74.488319            75.0           74.0              -1.0          -1.0       SELL         -40.735              40.735                  0.35             0.00611               0.35611                            
[ARTIFACT] artifacts\execution_loop\aggressive\orders.csv
[ARTIFACT] artifacts\execution_loop\aggressive\positions_mark_to_market.csv
[ARTIFACT] artifacts\execution_loop\aggressive\portfolio_state.json
[ARTIFACT] artifacts\execution_loop\aggressive\execution_log.csv
[FINAL] execution loop complete
[STEP] broker handoff
[RUN] C:\Users\Dmytro Govor\AppData\Local\Programs\Python\Python313\python.exe C:\Users\Dmytro Govor\Documents\Python-Edge\scripts\run_broker_handoff.py
[RUN][ENV] PAUSE_ON_EXIT=0
[CFG] execution_root=artifacts\execution_loop
[CFG] configs=['optimal', 'aggressive']
[CFG] ib_host=127.0.0.1 ib_port=4002 ib_client_id=51
[CFG] exchange=SMART primary_exchange= currency=USD sec_type=STK
[CFG] ib_market_data_type=3 ib_mkt_timeout_sec=8.0 max_price_deviation_pct=8.0 allow_last_fallback=1
[CFG] force_massive_when_ib_close_only=1 force_massive_when_ib_no_bbo=1
[CFG] enable_massive_fallback=1 massive_base_url=https://api.massive.com massive_timeout_sec=20.0
[IB] connecting host=127.0.0.1 port=4002 client_id=51
[IB] managedAccounts=DUP561175
[IB] nextValidId=1[IB] connected next_valid_id=1 managed_accounts=DUP561175
[IB][ERROR] reqId=-1 code=2104 msg=Market data farm connection is OK:usfarm
[HANDOFF][optimal] orders_csv=artifacts\execution_loop\optimal\orders.csv

[IB][ERROR] reqId=-1 code=2107 msg=HMDS data farm connection is inactive but should be available upon demand.ushmds
[IB][ERROR] reqId=-1 code=2158 msg=Sec-def data farm connection is OK:secdefil
[HANDOFF][optimal] total_rows=10 live_rows=2 symbols=2
[IB][ERROR] reqId=900001 code=10167 msg=Requested market data is not subscribed. Displaying delayed market data.
[IB][ERROR] reqId=900002 code=10167 msg=Requested market data is not subscribed. Displaying delayed market data.
[IB][ERROR] reqId=900001 code=300 msg=Can't find EId with tickerId:900001
[HANDOFF][optimal][PREVIEW]
symbol order_side  delta_shares  model_price_reference      price quote_provider quote_timeframe price_hint_source             quote_ts fallback_reason    bid    ask     mid   last  close_price  spread_bps  price_deviation_vs_model
   CAR        BUY           7.0             286.615000 288.290000             ib         DELAYED            ib_ask 2026-04-10T19:13:38Z                 287.17 288.29 287.730 287.73       297.08   38.925381                  0.584408
  AAOI       HOLD           0.0             153.000000 153.000000                                                                                         0.00   0.00   0.000   0.00         0.00    0.000000                  0.000000
  APTV       HOLD           0.0              59.711000  59.711000                                                                                         0.00   0.00   0.000   0.00         0.00    0.000000                  0.000000
  AXTI       HOLD           0.0              65.405000  65.405000                                                                                         0.00   0.00   0.000   0.00         0.00    0.000000                  0.000000
  MSTR       HOLD           0.0             122.570000 122.570000                                                                                         0.00   0.00   0.000   0.00         0.00    0.000000                  0.000000
   NKE       HOLD           0.0              42.460000  42.460000                                                                                         0.00   0.00   0.000   0.00         0.00    0.000000                  0.000000
  OKLO       HOLD           0.0              48.420825  48.420825                                                                                         0.00   0.00   0.000   0.00         0.00    0.000000                  0.000000
  SMCI       HOLD           0.0              22.185000  22.185000                                                                                         0.00   0.00   0.000   0.00         0.00    0.000000                  0.000000
  TSEM       HOLD           0.0             187.010000 187.010000                                                                                         0.00   0.00   0.000   0.00         0.00    0.000000                  0.000000
  APLS       SELL          -3.0              40.735000  40.730000             ib         DELAYED            ib_bid 2026-04-10T19:13:38Z                  40.73  40.74  40.735  40.73        40.65    2.454891                  0.012274
[HANDOFF][optimal][SUMMARY] updated=2 ib_rows=2 massive_rows=0 price_sanity_fail=0 orders_csv=artifacts\execution_loop\optimal\orders.csv summary_json=artifacts\execution_loop\optimal\broker_handoff_summary.json
[HANDOFF][aggressive] orders_csv=artifacts\execution_loop\aggressive\orders.csv
[HANDOFF][aggressive] total_rows=10 live_rows=1 symbols=1
[IB][ERROR] reqId=900002 code=300 msg=Can't find EId with tickerId:900002
[IB][ERROR] reqId=900001 code=10167 msg=Requested market data is not subscribed. Displaying delayed market data.
[IB][ERROR] reqId=900001 code=300 msg=Can't find EId with tickerId:900001
[HANDOFF][aggressive][PREVIEW]
symbol order_side  delta_shares  model_price_reference      price quote_provider quote_timeframe price_hint_source             quote_ts fallback_reason   bid   ask    mid  last  close_price  spread_bps  price_deviation_vs_model
  AAOI       HOLD           0.0             153.000000 153.000000                                                                                        0.00  0.00  0.000  0.00         0.00    0.000000                  0.000000
  AXON       HOLD           0.0             344.270000 344.270000                                                                                        0.00  0.00  0.000  0.00         0.00    0.000000                  0.000000
  AXTI       HOLD           0.0              65.405000  65.405000                                                                                        0.00  0.00  0.000  0.00         0.00    0.000000                  0.000000
   CAR       HOLD           0.0             286.615000 286.615000                                                                                        0.00  0.00  0.000  0.00         0.00    0.000000                  0.000000
  HIMS       HOLD           0.0              19.440000  19.440000                                                                                        0.00  0.00  0.000  0.00         0.00    0.000000                  0.000000
   NKE       HOLD           0.0              42.460000  42.460000                                                                                        0.00  0.00  0.000  0.00         0.00    0.000000                  0.000000
  OKLO       HOLD           0.0              48.420825  48.420825                                                                                        0.00  0.00  0.000  0.00         0.00    0.000000                  0.000000
  SMCI       HOLD           0.0              22.185000  22.185000                                                                                        0.00  0.00  0.000  0.00         0.00    0.000000                  0.000000
  TSEM       HOLD           0.0             187.010000 187.010000                                                                                        0.00  0.00  0.000  0.00         0.00    0.000000                  0.000000
  APLS       SELL          -1.0              40.735000  40.730000             ib         DELAYED            ib_bid 2026-04-10T19:13:40Z                 40.73 40.74 40.735 40.73        40.65    2.454891                  0.012274
[HANDOFF][aggressive][SUMMARY] updated=1 ib_rows=1 massive_rows=0 price_sanity_fail=0 orders_csv=artifacts\execution_loop\aggressive\orders.csv summary_json=artifacts\execution_loop\aggressive\broker_handoff_summary.json
[FINAL] broker handoff complete
[STEP] broker adapter
[RUN] C:\Users\Dmytro Govor\AppData\Local\Programs\Python\Python313\python.exe C:\Users\Dmytro Govor\Documents\Python-Edge\scripts\run_broker_adapter_ibkr.py
[RUN][ENV] PAUSE_ON_EXIT=0
[ENV] broker=MEXEM platform=IBKR host=127.0.0.1 port=4002 client_id=41 account= execution_root=artifacts\execution_loop configs=optimal|aggressive
[IB] connecting host=127.0.0.1 port=4002 client_id=41
[IB] managedAccounts=DUP561175
[IB] nextValidId=202
[IB] ready next_valid_id=202 managed_accounts=DUP561175
[IB][ERROR] reqId=-1 code=2104 msg=Market data farm connection is OK:usfarm
[IB][ERROR] reqId=-1 code=2107 msg=HMDS data farm connection is inactive but should be available upon demand.ushmds
[IB][ERROR] reqId=-1 code=2158 msg=Sec-def data farm connection is OK:secdefil
[IB] openOrderEnd
[CFG] config=optimal orders_total=10 live_orders=2 prepared_orders=2 orders_csv=artifacts\execution_loop\optimal\orders.csv
[BROKER][LADDER][SUBMIT] symbol=CAR step=1/4 mode=passive_lmt limit_price=288.7200 cap_price=291.8900 order={"account": "", "exchange": "SMART", "lmtPrice": 288.72, "orderRef": "pe-26ff13dfb9a7838eac4ace8d", "orderType": "LMT", "outsideRth": 1, "primaryExchange": "", "tif": "DAY", "totalQuantity": 7.0}
[IB][POLL] symbol=CAR order_id=202 poll=1 status=filled filled_qty=7.00000000 remaining_qty=0.00000000
[BROKER][optimal][SEND] symbol=CAR broker_symbol=CAR side=BUY qty=7.00000000 status=filled ib_order_id=202
[BROKER][LADDER][SUBMIT] symbol=APLS step=1/4 mode=passive_lmt limit_price=40.6700 cap_price=40.2300 order={"account": "", "exchange": "SMART", "lmtPrice": 40.67, "orderRef": "pe-b3156ac08d29c27c9c9ba98e", "orderType": "LMT", "outsideRth": 1, "primaryExchange": "", "tif": "DAY", "totalQuantity": 3.0}
[IB][POLL] symbol=APLS order_id=203 poll=1 status=filled filled_qty=3.00000000 remaining_qty=0.00000000
[BROKER][optimal][SEND] symbol=APLS broker_symbol=APLS side=SELL qty=3.00000000 status=filled ib_order_id=203
[BROKER][optimal][SUMMARY] sent=2 duplicate_skipped=0 errors=0 fills_csv=artifacts\execution_loop\optimal\fills.csv broker_log_json=artifacts\execution_loop\optimal\broker_log.json
[CFG] config=aggressive orders_total=10 live_orders=1 prepared_orders=1 orders_csv=artifacts\execution_loop\aggressive\orders.csv
[BROKER][LADDER][SUBMIT] symbol=APLS step=1/4 mode=passive_lmt limit_price=40.6700 cap_price=40.2300 order={"account": "", "exchange": "SMART", "lmtPrice": 40.67, "orderRef": "pe-5e65acd2a963dad45c8173ee", "orderType": "LMT", "outsideRth": 1, "primaryExchange": "", "tif": "DAY", "totalQuantity": 1.0}
[IB][POLL] symbol=APLS order_id=204 poll=1 status=filled filled_qty=1.00000000 remaining_qty=0.00000000
[BROKER][aggressive][SEND] symbol=APLS broker_symbol=APLS side=SELL qty=1.00000000 status=filled ib_order_id=204
[BROKER][aggressive][SUMMARY] sent=1 duplicate_skipped=0 errors=0 fills_csv=artifacts\execution_loop\aggressive\fills.csv broker_log_json=artifacts\execution_loop\aggressive\broker_log.json
[FINAL] IBKR broker adapter complete
[STEP] broker reconcile
[RUN] C:\Users\Dmytro Govor\AppData\Local\Programs\Python\Python313\python.exe C:\Users\Dmytro Govor\Documents\Python-Edge\scripts\run_broker_reconcile_ibkr.py
[RUN][ENV] PAUSE_ON_EXIT=0
[CFG] execution_root=artifacts\execution_loop
[CFG] configs=['optimal', 'aggressive']
[CFG] ib_host=127.0.0.1 ib_port=4002 ib_client_id=61 ib_account_code=
[CFG] require_broker_refresh=1 allow_existing_broker_positions_csv=1
[CFG] drift_tolerance_shares=0.00000100 prefer_state_over_orders=1
[CFG] cleanup_preview_mode=1 cleanup_include_unexpected=1 cleanup_include_drift=1 cleanup_min_abs_shares=1.00000000
[IB] connecting host=127.0.0.1 port=4002 client_id=61
[IB][ERR] reqId=-1 code=2104 msg=Market data farm connection is OK:usfarm
[IB] connected next_valid_id=11 managed_accounts=DUP561175
[RECON][optimal] execution_dir=artifacts\execution_loop\optimal
[IB][ERR] reqId=-1 code=2107 msg=HMDS data farm connection is inactive but should be available upon demand.ushmds
[IB][ERR] reqId=-1 code=2158 msg=Sec-def data farm connection is OK:secdefil
[IB] positionEnd
[IB] openOrderEnd
[RECON][optimal][SUMMARY] symbols_total=21 drift=19 missing_at_broker=2 unexpected_at_broker=11 pending_covers_drift=0 max_abs_drift_shares=296.00000000 cleanup_preview_rows=17
[RECON][optimal][TOP]
symbol  expected_shares  broker_position  drift_shares pending_side  pending_qty  drift_after_pending           issue_kind  broker_avg_cost  state_last_price  price_hint
  HOOD              0.0          -296.00       -296.00          NaN          0.0              -296.00 unexpected_at_broker        66.849028               NaN         NaN
   NEM              0.0          -208.00       -208.00          NaN          0.0              -208.00 unexpected_at_broker       105.013459               NaN         NaN
  INTC              0.0          -200.00       -200.00          NaN          0.0              -200.00 unexpected_at_broker        43.021055               NaN         NaN
  CRCL              0.0          -128.00       -128.00          NaN          0.0              -128.00 unexpected_at_broker        91.896055               NaN         NaN
  SMCI            121.0             0.00       -121.00          NaN          0.0              -121.00    missing_at_broker              NaN         22.185000   22.185000
  AXTI            -65.0          -145.00        -80.00          NaN          0.0               -80.00                drift        43.767041         65.405000   65.405000
  APLS             67.0           141.00         74.00          NaN          0.0                74.00                drift        40.743793         40.735000   40.730000
   NKE             63.0             7.00        -56.00          NaN          0.0               -56.00                drift        44.221257         42.460000   42.460000
  OKLO             59.0             4.00        -55.00          NaN          0.0               -55.00                drift        48.420825         48.420825   48.420825
  RKLB              0.0           -48.00        -48.00          NaN          0.0               -48.00 unexpected_at_broker        60.656888               NaN         NaN
  SHOP              0.0           -33.00        -33.00          NaN          0.0               -33.00 unexpected_at_broker       113.881927               NaN         NaN
  AAOI            -24.0           -50.00        -26.00          NaN          0.0               -26.00                drift       110.757522        153.000000  153.000000
  TSEM            -15.0             0.00         15.00          NaN          0.0                15.00    missing_at_broker         0.000000        187.010000  187.010000
  AMZN              0.0           -13.00        -13.00          NaN          0.0               -13.00 unexpected_at_broker       202.628269               NaN         NaN
  NVDA              0.0           -12.00        -12.00          NaN          0.0               -12.00 unexpected_at_broker       167.621475               NaN         NaN
  MSFT              0.0            11.00         11.00          NaN          0.0                11.00 unexpected_at_broker       366.220000               NaN         NaN
   CAR              9.0            19.00         10.00          NaN          0.0                10.00                drift       286.074211        286.615000  288.290000
  AAPL              0.0             8.35          8.35          NaN          0.0                 8.35 unexpected_at_broker       250.948683               NaN         NaN
  AXON              0.0            -8.00         -8.00          NaN          0.0                -8.00 unexpected_at_broker       343.887718               NaN         NaN
[RECON][optimal][CLEANUP_PREVIEW]
symbol cleanup_side  cleanup_qty       cleanup_reason  broker_avg_cost  broker_position  expected_shares pending_side  pending_qty
  HOOD          BUY       296.00 unexpected_at_broker        66.849028          -296.00              0.0          NaN          0.0
   NEM          BUY       208.00 unexpected_at_broker       105.013459          -208.00              0.0          NaN          0.0
  INTC          BUY       200.00 unexpected_at_broker        43.021055          -200.00              0.0          NaN          0.0
  AXTI          BUY       145.00                drift        43.767041          -145.00            -65.0          NaN          0.0
  APLS         SELL       141.00                drift        40.743793           141.00             67.0          NaN          0.0
  CRCL          BUY       128.00 unexpected_at_broker        91.896055          -128.00              0.0          NaN          0.0
  AAOI          BUY        50.00                drift       110.757522           -50.00            -24.0          NaN          0.0
  RKLB          BUY        48.00 unexpected_at_broker        60.656888           -48.00              0.0          NaN          0.0
  SHOP          BUY        33.00 unexpected_at_broker       113.881927           -33.00              0.0          NaN          0.0
   CAR         SELL        19.00                drift       286.074211            19.00              9.0          NaN          0.0
  AMZN          BUY        13.00 unexpected_at_broker       202.628269           -13.00              0.0          NaN          0.0
  NVDA          BUY        12.00 unexpected_at_broker       167.621475           -12.00              0.0          NaN          0.0
  MSFT         SELL        11.00 unexpected_at_broker       366.220000            11.00              0.0          NaN          0.0
  AAPL         SELL         8.35 unexpected_at_broker       250.948683             8.35              0.0          NaN          0.0
  AXON          BUY         8.00 unexpected_at_broker       343.887718            -8.00              0.0          NaN          0.0
   NKE         SELL         7.00                drift        44.221257             7.00             63.0          NaN          0.0
  OKLO         SELL         4.00                drift        48.420825             4.00             59.0          NaN          0.0
[ARTIFACT] artifacts\execution_loop\optimal\broker_positions.csv
[ARTIFACT] artifacts\execution_loop\optimal\broker_open_orders.csv
[ARTIFACT] artifacts\execution_loop\optimal\broker_pending.csv
[ARTIFACT] artifacts\execution_loop\optimal\broker_reconcile.csv
[ARTIFACT] artifacts\execution_loop\optimal\broker_cleanup_preview.csv
[ARTIFACT] artifacts\execution_loop\optimal\broker_reconcile_summary.json
[RECON][aggressive] execution_dir=artifacts\execution_loop\aggressive
[IB] positionEnd
[IB] openOrderEnd
[RECON][aggressive][SUMMARY] symbols_total=22 drift=21 missing_at_broker=3 unexpected_at_broker=12 pending_covers_drift=0 max_abs_drift_shares=296.00000000 cleanup_preview_rows=18
[RECON][aggressive][TOP]
symbol  expected_shares  broker_position  drift_shares pending_side  pending_qty  drift_after_pending           issue_kind  broker_avg_cost  state_last_price  price_hint
  HOOD              0.0          -296.00       -296.00          NaN          0.0              -296.00 unexpected_at_broker        66.849028               NaN         NaN
   NEM              0.0          -208.00       -208.00          NaN          0.0              -208.00 unexpected_at_broker       105.013459               NaN         NaN
  INTC              0.0          -200.00       -200.00          NaN          0.0              -200.00 unexpected_at_broker        43.021055               NaN         NaN
  HIMS            157.0             0.00       -157.00          NaN          0.0              -157.00    missing_at_broker              NaN         19.440000   19.440000
  SMCI            130.0             0.00       -130.00          NaN          0.0              -130.00    missing_at_broker              NaN         22.185000   22.185000
  CRCL              0.0          -128.00       -128.00          NaN          0.0              -128.00 unexpected_at_broker        91.896055               NaN         NaN
  AAOI             26.0           -50.00        -76.00          NaN          0.0               -76.00                drift       110.757522        153.000000  153.000000
  AXTI            -70.0          -145.00        -75.00          NaN          0.0               -75.00                drift        43.767041         65.405000   65.405000
  APLS             74.0           141.00         67.00          NaN          0.0                67.00                drift        40.743793         40.735000   40.730000
   NKE             68.0             7.00        -61.00          NaN          0.0               -61.00                drift        44.221257         42.460000   42.460000
  OKLO             64.0             4.00        -60.00          NaN          0.0               -60.00                drift        48.420825         48.420825   48.420825
  RKLB              0.0           -48.00        -48.00          NaN          0.0               -48.00 unexpected_at_broker        60.656888               NaN         NaN
  APTV              0.0           -37.00        -37.00          NaN          0.0               -37.00 unexpected_at_broker        59.701548               NaN         NaN
  SHOP              0.0           -33.00        -33.00          NaN          0.0               -33.00 unexpected_at_broker       113.881927               NaN         NaN
  MSTR              0.0            23.00         23.00          NaN          0.0                23.00 unexpected_at_broker       122.213478               NaN         NaN
  TSEM            -15.0             0.00         15.00          NaN          0.0                15.00    missing_at_broker         0.000000        187.010000  187.010000
  AMZN              0.0           -13.00        -13.00          NaN          0.0               -13.00 unexpected_at_broker       202.628269               NaN         NaN
  NVDA              0.0           -12.00        -12.00          NaN          0.0               -12.00 unexpected_at_broker       167.621475               NaN         NaN
  MSFT              0.0            11.00         11.00          NaN          0.0                11.00 unexpected_at_broker       366.220000               NaN         NaN
   CAR             10.0            19.00          9.00          NaN          0.0                 9.00                drift       286.074211        286.615000  286.615000
  AAPL              0.0             8.35          8.35          NaN          0.0                 8.35 unexpected_at_broker       250.948683               NaN         NaN
[RECON][aggressive][CLEANUP_PREVIEW]
symbol cleanup_side  cleanup_qty       cleanup_reason  broker_avg_cost  broker_position  expected_shares pending_side  pending_qty
  HOOD          BUY       296.00 unexpected_at_broker        66.849028          -296.00              0.0          NaN          0.0
   NEM          BUY       208.00 unexpected_at_broker       105.013459          -208.00              0.0          NaN          0.0
  INTC          BUY       200.00 unexpected_at_broker        43.021055          -200.00              0.0          NaN          0.0
  AXTI          BUY       145.00                drift        43.767041          -145.00            -70.0          NaN          0.0
  APLS         SELL       141.00                drift        40.743793           141.00             74.0          NaN          0.0
  CRCL          BUY       128.00 unexpected_at_broker        91.896055          -128.00              0.0          NaN          0.0
  AAOI          BUY        50.00                drift       110.757522           -50.00             26.0          NaN          0.0
  RKLB          BUY        48.00 unexpected_at_broker        60.656888           -48.00              0.0          NaN          0.0
  APTV          BUY        37.00 unexpected_at_broker        59.701548           -37.00              0.0          NaN          0.0
  SHOP          BUY        33.00 unexpected_at_broker       113.881927           -33.00              0.0          NaN          0.0
  MSTR         SELL        23.00 unexpected_at_broker       122.213478            23.00              0.0          NaN          0.0
   CAR         SELL        19.00                drift       286.074211            19.00             10.0          NaN          0.0
  AMZN          BUY        13.00 unexpected_at_broker       202.628269           -13.00              0.0          NaN          0.0
  NVDA          BUY        12.00 unexpected_at_broker       167.621475           -12.00              0.0          NaN          0.0
  MSFT         SELL        11.00 unexpected_at_broker       366.220000            11.00              0.0          NaN          0.0
  AAPL         SELL         8.35 unexpected_at_broker       250.948683             8.35              0.0          NaN          0.0
   NKE         SELL         7.00                drift        44.221257             7.00             68.0          NaN          0.0
  OKLO         SELL         4.00                drift        48.420825             4.00             64.0          NaN          0.0
[ARTIFACT] artifacts\execution_loop\aggressive\broker_positions.csv
[ARTIFACT] artifacts\execution_loop\aggressive\broker_open_orders.csv
[ARTIFACT] artifacts\execution_loop\aggressive\broker_pending.csv
[ARTIFACT] artifacts\execution_loop\aggressive\broker_reconcile.csv
[ARTIFACT] artifacts\execution_loop\aggressive\broker_cleanup_preview.csv
[ARTIFACT] artifacts\execution_loop\aggressive\broker_reconcile_summary.json
[FINAL] IBKR broker reconcile complete
[FINAL] daily cycle complete

[EXIT] code=0
Press Enter to exit...
