
PS C:\Users\Dmytro Govor\Documents\Python-Edge> python .\scripts\run_ranker_wf.py
[CFG] feature_file=data\features\feature_matrix_v1.parquet
[CFG] target_col=target_fwd_ret_1d
[CFG] train_days=252 test_days=63 step_days=63 top_pct=0.1
[LOAD] feature matrix
[WF] folds=8
[WF][FOLD 1] train=2023-01-03 00:00:00..2024-01-03 00:00:00 test=2024-01-04 00:00:00..2024-04-04 00:00:00
[WF][FOLD 2] train=2023-04-04 00:00:00..2024-04-04 00:00:00 test=2024-04-05 00:00:00..2024-07-05 00:00:00
[WF][FOLD 3] train=2023-07-06 00:00:00..2024-07-05 00:00:00 test=2024-07-08 00:00:00..2024-10-03 00:00:00
[WF][FOLD 4] train=2023-10-04 00:00:00..2024-10-03 00:00:00 test=2024-10-04 00:00:00..2025-01-03 00:00:00
[WF][FOLD 5] train=2024-01-04 00:00:00..2025-01-03 00:00:00 test=2025-01-06 00:00:00..2025-04-07 00:00:00
[WF][FOLD 6] train=2024-04-05 00:00:00..2025-04-07 00:00:00 test=2025-04-08 00:00:00..2025-07-09 00:00:00
[WF][FOLD 7] train=2024-07-08 00:00:00..2025-07-09 00:00:00 test=2025-07-10 00:00:00..2025-10-07 00:00:00
[WF][FOLD 8] train=2024-10-04 00:00:00..2025-10-07 00:00:00 test=2025-10-08 00:00:00..2026-01-07 00:00:00
[WF][FOLD 1] start
[WF][FOLD 1] train_rows=24444 test_rows=6111
[RANKER] target_col=target_fwd_ret_1d
[RANKER] zcols=['z_momentum_20d', 'z_str_3d', 'z_overnight_drift_20d', 'z_volume_shock', 'z_ivol_20d', 'z_vol_compression', 'z_intraday_rs', 'z_intraday_pressure', 'z_liq_rank', 'z_market_breadth']
[RANKER][WEIGHT] z_momentum_20d=0.004477
[RANKER][WEIGHT] z_str_3d=0.003353
[RANKER][WEIGHT] z_overnight_drift_20d=0.013285
[RANKER][WEIGHT] z_volume_shock=0.012332
[RANKER][WEIGHT] z_ivol_20d=-0.017174
[RANKER][WEIGHT] z_vol_compression=0.009632
[RANKER][WEIGHT] z_intraday_rs=0.086314
[RANKER][WEIGHT] z_intraday_pressure=0.005559
[RANKER][WEIGHT] z_liq_rank=0.035183
[RANKER][WEIGHT] z_market_breadth=0.000000
[WF][FOLD 1][SUMMARY] days=63 avg_daily_ret=0.000711 std_daily_ret=0.001561 win_rate_days=0.7143 cum_ret=0.045700
[WF][FOLD 2] start
[WF][FOLD 2] train_rows=24444 test_rows=6111
[RANKER] target_col=target_fwd_ret_1d
[RANKER] zcols=['z_momentum_20d', 'z_str_3d', 'z_overnight_drift_20d', 'z_volume_shock', 'z_ivol_20d', 'z_vol_compression', 'z_intraday_rs', 'z_intraday_pressure', 'z_liq_rank', 'z_market_breadth']
[RANKER][WEIGHT] z_momentum_20d=0.018630
[RANKER][WEIGHT] z_str_3d=0.008746
[RANKER][WEIGHT] z_overnight_drift_20d=0.024714
[RANKER][WEIGHT] z_volume_shock=0.013694
[RANKER][WEIGHT] z_ivol_20d=-0.018600
[RANKER][WEIGHT] z_vol_compression=0.014341
[RANKER][WEIGHT] z_intraday_rs=0.110808
[RANKER][WEIGHT] z_intraday_pressure=0.004833
[RANKER][WEIGHT] z_liq_rank=0.031275
[RANKER][WEIGHT] z_market_breadth=0.000000
[WF][FOLD 2][SUMMARY] days=63 avg_daily_ret=0.000655 std_daily_ret=0.001557 win_rate_days=0.6032 cum_ret=0.042038
[WF][FOLD 3] start
[WF][FOLD 3] train_rows=24444 test_rows=6111
[RANKER] target_col=target_fwd_ret_1d
[RANKER] zcols=['z_momentum_20d', 'z_str_3d', 'z_overnight_drift_20d', 'z_volume_shock', 'z_ivol_20d', 'z_vol_compression', 'z_intraday_rs', 'z_intraday_pressure', 'z_liq_rank', 'z_market_breadth']
[RANKER][WEIGHT] z_momentum_20d=0.007208
[RANKER][WEIGHT] z_str_3d=0.008474
[RANKER][WEIGHT] z_overnight_drift_20d=0.023675
[RANKER][WEIGHT] z_volume_shock=0.007142
[RANKER][WEIGHT] z_ivol_20d=-0.010615
[RANKER][WEIGHT] z_vol_compression=0.008474
[RANKER][WEIGHT] z_intraday_rs=0.126279
[RANKER][WEIGHT] z_intraday_pressure=0.000939
[RANKER][WEIGHT] z_liq_rank=0.029173
[RANKER][WEIGHT] z_market_breadth=0.000000
[WF][FOLD 3][SUMMARY] days=63 avg_daily_ret=0.000272 std_daily_ret=0.004024 win_rate_days=0.6349 cum_ret=0.016795
[WF][FOLD 4] start
[WF][FOLD 4] train_rows=24444 test_rows=6111
[RANKER] target_col=target_fwd_ret_1d
[RANKER] zcols=['z_momentum_20d', 'z_str_3d', 'z_overnight_drift_20d', 'z_volume_shock', 'z_ivol_20d', 'z_vol_compression', 'z_intraday_rs', 'z_intraday_pressure', 'z_liq_rank', 'z_market_breadth']
[RANKER][WEIGHT] z_momentum_20d=-0.002733
[RANKER][WEIGHT] z_str_3d=-0.012082
[RANKER][WEIGHT] z_overnight_drift_20d=-0.008296
[RANKER][WEIGHT] z_volume_shock=0.004073
[RANKER][WEIGHT] z_ivol_20d=-0.009090
[RANKER][WEIGHT] z_vol_compression=-0.003209
[RANKER][WEIGHT] z_intraday_rs=0.120593
[RANKER][WEIGHT] z_intraday_pressure=0.005738
[RANKER][WEIGHT] z_liq_rank=0.014397
[RANKER][WEIGHT] z_market_breadth=0.000000
[WF][FOLD 4][SUMMARY] days=63 avg_daily_ret=0.000469 std_daily_ret=0.002317 win_rate_days=0.5397 cum_ret=0.029794
[WF][FOLD 5] start
[WF][FOLD 5] train_rows=24444 test_rows=6111
[RANKER] target_col=target_fwd_ret_1d
[RANKER] zcols=['z_momentum_20d', 'z_str_3d', 'z_overnight_drift_20d', 'z_volume_shock', 'z_ivol_20d', 'z_vol_compression', 'z_intraday_rs', 'z_intraday_pressure', 'z_liq_rank', 'z_market_breadth']
[RANKER][WEIGHT] z_momentum_20d=-0.010221
[RANKER][WEIGHT] z_str_3d=-0.006942
[RANKER][WEIGHT] z_overnight_drift_20d=-0.014110
[RANKER][WEIGHT] z_volume_shock=0.006531
[RANKER][WEIGHT] z_ivol_20d=-0.003308
[RANKER][WEIGHT] z_vol_compression=-0.008214
[RANKER][WEIGHT] z_intraday_rs=0.119231
[RANKER][WEIGHT] z_intraday_pressure=0.003278
[RANKER][WEIGHT] z_liq_rank=0.015756
[RANKER][WEIGHT] z_market_breadth=0.000000
[WF][FOLD 5][SUMMARY] days=63 avg_daily_ret=0.000502 std_daily_ret=0.002778 win_rate_days=0.5556 cum_ret=0.031898
[WF][FOLD 6] start
[WF][FOLD 6] train_rows=24444 test_rows=6111
[RANKER] target_col=target_fwd_ret_1d
[RANKER] zcols=['z_momentum_20d', 'z_str_3d', 'z_overnight_drift_20d', 'z_volume_shock', 'z_ivol_20d', 'z_vol_compression', 'z_intraday_rs', 'z_intraday_pressure', 'z_liq_rank', 'z_market_breadth']
[RANKER][WEIGHT] z_momentum_20d=-0.015903
[RANKER][WEIGHT] z_str_3d=-0.021077
[RANKER][WEIGHT] z_overnight_drift_20d=-0.006822
[RANKER][WEIGHT] z_volume_shock=0.011254
[RANKER][WEIGHT] z_ivol_20d=0.010858
[RANKER][WEIGHT] z_vol_compression=-0.010028
[RANKER][WEIGHT] z_intraday_rs=0.097528
[RANKER][WEIGHT] z_intraday_pressure=0.008119
[RANKER][WEIGHT] z_liq_rank=-0.000017
[RANKER][WEIGHT] z_market_breadth=0.000000
[WF][FOLD 6][SUMMARY] days=63 avg_daily_ret=0.000132 std_daily_ret=0.003255 win_rate_days=0.5714 cum_ret=0.008040
[WF][FOLD 7] start
[WF][FOLD 7] train_rows=24444 test_rows=6111
[RANKER] target_col=target_fwd_ret_1d
[RANKER] zcols=['z_momentum_20d', 'z_str_3d', 'z_overnight_drift_20d', 'z_volume_shock', 'z_ivol_20d', 'z_vol_compression', 'z_intraday_rs', 'z_intraday_pressure', 'z_liq_rank', 'z_market_breadth']
[RANKER][WEIGHT] z_momentum_20d=-0.018456
[RANKER][WEIGHT] z_str_3d=-0.006320
[RANKER][WEIGHT] z_overnight_drift_20d=-0.016675
[RANKER][WEIGHT] z_volume_shock=0.011160
[RANKER][WEIGHT] z_ivol_20d=0.000287
[RANKER][WEIGHT] z_vol_compression=-0.015371
[RANKER][WEIGHT] z_intraday_rs=0.061363
[RANKER][WEIGHT] z_intraday_pressure=0.018864
[RANKER][WEIGHT] z_liq_rank=-0.002646
[RANKER][WEIGHT] z_market_breadth=0.000000
[WF][FOLD 7][SUMMARY] days=63 avg_daily_ret=0.000052 std_daily_ret=0.001513 win_rate_days=0.5873 cum_ret=0.003210
[WF][FOLD 8] start
[WF][FOLD 8] train_rows=24444 test_rows=6111
[RANKER] target_col=target_fwd_ret_1d
[RANKER] zcols=['z_momentum_20d', 'z_str_3d', 'z_overnight_drift_20d', 'z_volume_shock', 'z_ivol_20d', 'z_vol_compression', 'z_intraday_rs', 'z_intraday_pressure', 'z_liq_rank', 'z_market_breadth']
[RANKER][WEIGHT] z_momentum_20d=0.001903
[RANKER][WEIGHT] z_str_3d=0.000070
[RANKER][WEIGHT] z_overnight_drift_20d=0.024921
[RANKER][WEIGHT] z_volume_shock=0.009538
[RANKER][WEIGHT] z_ivol_20d=0.003871
[RANKER][WEIGHT] z_vol_compression=-0.009552
[RANKER][WEIGHT] z_intraday_rs=0.060374
[RANKER][WEIGHT] z_intraday_pressure=0.021516
[RANKER][WEIGHT] z_liq_rank=0.013869
[RANKER][WEIGHT] z_market_breadth=0.000000
[WF][FOLD 8][SUMMARY] days=63 avg_daily_ret=0.000131 std_daily_ret=0.002026 win_rate_days=0.5556 cum_ret=0.008155
[WF][OVERALL] days=504 avg_daily_ret=0.000366 std_daily_ret=0.002522 win_rate_days=0.5952 cum_ret=0.200351
[WF][WEIGHTS][STABILITY]
              feature  folds  mean_weight  std_weight  mean_abs_weight  pos_folds  neg_folds  zero_folds
        z_intraday_rs      8     0.097811    0.026239         0.097811          8          0           0
           z_liq_rank      8     0.017124    0.014021         0.017790          6          2           0
z_overnight_drift_20d      8     0.005087    0.018340         0.016562          4          4           0
       z_momentum_20d      8    -0.001887    0.012534         0.009941          4          4           0
    z_vol_compression      8    -0.001741    0.011031         0.009853          3          5           0
       z_volume_shock      8     0.009466    0.003279         0.009466          8          0           0
           z_ivol_20d      8    -0.005471    0.010286         0.009225          3          5           0
  z_intraday_pressure      8     0.008606    0.007474         0.008606          8          0           0
             z_str_3d      8    -0.003222    0.010384         0.008383          4          4           0
     z_market_breadth      8     0.000000    0.000000         0.000000          0          0           8
[WF][TAIL]
      date  portfolio_ret  positions  fold_id
2025-12-23       0.000298         19        8
2025-12-24       0.001264         19        8
2025-12-26      -0.000435         19        8
2025-12-29       0.001004         19        8
2025-12-30      -0.001192         19        8
2025-12-31      -0.002393         19        8
2026-01-02       0.000597         19        8
2026-01-05       0.000957         19        8
2026-01-06      -0.000725         19        8
2026-01-07      -0.003880         19        8