
PS C:\Users\Dmytro Govor\Documents\Python-Edge> python .\scripts\run_daily_cycle.py
[CFG] configs=['optimal', 'aggressive']
[CFG] require_any_live_active_names=1 require_fresh_freeze_date_match=1 run_broker_handoff=1 run_broker_adapter=1 run_broker_reconcile=1
[CFG] require_freeze_universe_filter=1 min_freeze_universe_survival_ratio=0.9500
[CFG] require_freeze_live_gate_passed=0 require_any_replay_gate_pass=1
[CFG] child_pause_on_exit=0
[STEP] universe builder
[RUN] C:\Users\Dmytro Govor\AppData\Local\Programs\Python\Python313\python.exe C:\Users\Dmytro Govor\Documents\Python-Edge\scripts\run_universe_builder.py
[RUN][ENV] PAUSE_ON_EXIT=0
[CFG][UNIVERSE] profile=trading_us_core_v1 requested_as_of_date=2026-04-06 min_price=7.50 min_median_dollar_vol_20d=20000000.00 min_history_days=25 target_size=175 grouped_lookback_days=35 allowed_base_types=CS exclude_otc=1 exclude_etfs=1 exclude_adr=1
[REFERENCE] page=1 rows_total=1000
[REFERENCE] page=2 rows_total=2000
[REFERENCE] page=3 rows_total=3000
[REFERENCE] page=4 rows_total=4000
[REFERENCE] page=5 rows_total=5000
[REFERENCE] page=6 rows_total=5261
[GROUPED] 5/35 days fetched rows=59436
[GROUPED] 10/35 days fetched rows=118978
[GROUPED] 15/35 days fetched rows=178683
[GROUPED] 20/35 days fetched rows=238332
[GROUPED] 25/35 days fetched rows=298024
[GROUPED] 30/35 days fetched rows=357852
[GROUPED] 35/35 days fetched rows=405106
[UNIVERSE][SUMMARY] requested_as_of_date=2026-04-06 trade_date=2026-04-06 reference_total=5261 eligible_total=1744 selected_total=175 dropped_reference=184 dropped_price=1819 dropped_liquidity=1509 dropped_history_depth=5 dropped_rank_cut=1569
[UNIVERSE][WRITE] snapshot=C:\Users\Dmytro Govor\Documents\Python-Edge\artifacts\daily_cycle\universe\universe_snapshot.parquet
[UNIVERSE][WRITE] summary=C:\Users\Dmytro Govor\Documents\Python-Edge\artifacts\daily_cycle\universe\universe_summary.json
[UNIVERSE][WRITE] reference_raw=C:\Users\Dmytro Govor\Documents\Python-Edge\artifacts\daily_cycle\universe\universe_reference_raw.parquet
[UNIVERSE][WRITE] grouped_raw=C:\Users\Dmytro Govor\Documents\Python-Edge\artifacts\daily_cycle\universe\universe_grouped_daily_raw.parquet
[UNIVERSE][WRITE] eligibility_debug=C:\Users\Dmytro Govor\Documents\Python-Edge\artifacts\daily_cycle\universe\universe_eligibility_debug.parquet
[UNIVERSE][TOP_SELECTED]
ticker symbol  liquidity_rank  last_close  median_dollar_vol_20d  history_days
  NVDA   NVDA             1.0    176.6350           3.059408e+10            34
  TSLA   TSLA             2.0    348.0000           2.332092e+10            34
    MU     MU             3.0    378.2700           1.920274e+10            34
  SNDK   SNDK             4.0    725.8500           1.234074e+10            34
  MSFT   MSFT             5.0    371.9150           1.122978e+10            34
  AAPL   AAPL             6.0    258.4000           9.482774e+09            34
  AMZN   AMZN             7.0    211.6800           9.114976e+09            34
  META   META             8.0    576.0701           8.137761e+09            34
 GOOGL  GOOGL             9.0    299.1050           8.136266e+09            34
  AVGO   AVGO            10.0    312.0801           7.783972e+09            34
   AMD    AMD            11.0    219.2900           6.205194e+09            34
  PLTR   PLTR            12.0    147.5699           5.864345e+09            34
  GOOG   GOOG            13.0    296.9200           5.544843e+09            34
  LITE   LITE            14.0    773.6800           4.829963e+09            34
   XOM    XOM            15.0    162.4450           3.920599e+09            34
  INTC   INTC            16.0     50.3799           3.716795e+09            34
  ORCL   ORCL            17.0    144.6689           3.399381e+09            34
  NFLX   NFLX            18.0     99.0550           3.224392e+09            34
   JPM    JPM            19.0    295.3800           2.913976e+09            34
   CVX    CVX            20.0    198.7500           2.708888e+09            34
  MSTR   MSTR            21.0    125.2199           2.629936e+09            34
   WDC    WDC            22.0    304.9850           2.413409e+09            34
   LLY    LLY            23.0    921.7050           2.365132e+09            34
   WMT    WMT            24.0    126.3800           2.298036e+09            34
  LRCX   LRCX            25.0    218.8875           2.246144e+09            34
[FINAL] universe builder complete snapshot=C:\Users\Dmytro Govor\Documents\Python-Edge\artifacts\daily_cycle\universe\universe_snapshot.parquet summary=C:\Users\Dmytro Govor\Documents\Python-Edge\artifacts\daily_cycle\universe\universe_summary.json
[DIAG][UNIVERSE] snapshot=C:\Users\Dmytro Govor\Documents\Python-Edge\artifacts\daily_cycle\universe\universe_snapshot.parquet summary=C:\Users\Dmytro Govor\Documents\Python-Edge\artifacts\daily_cycle\universe\universe_summary.json rows_current=5261 all_symbols_current=5261 selected_symbols_current=175 symbol_col=symbol date_col=as_of_date selected_col=selected current_date=2026-04-06
[DIAG][UNIVERSE][SUMMARY] eligible_total=1744 selected_total=175 overview_missing_sic_total=0 sector_unknown_selected=0 industry_unknown_selected=0
[STEP] live alpha snapshot
[RUN] C:\Users\Dmytro Govor\AppData\Local\Programs\Python\Python313\python.exe C:\Users\Dmytro Govor\Documents\Python-Edge\scripts\run_live_alpha_snapshot.py
[RUN][ENV] PAUSE_ON_EXIT=0
[CFG] universe_snapshot_file=artifacts\daily_cycle\universe\universe_snapshot.parquet
[CFG] live_alpha_out_dir=artifacts\live_alpha
[CFG] live_alpha_scope=registry survivor_top_n=6
[CFG] lookback_days=260 max_symbols=500
[UNIVERSE][LOAD] snapshot=artifacts\daily_cycle\universe\universe_snapshot.parquet date_col=trade_date latest_date=2026-04-06 rows_current=5261 selected_current=175 max_symbols=500
[UNIVERSE] selected_symbols=175 as_of_date=2026-04-06
[FETCH] 25/175 complete rows=4475 failed=0
[FETCH] 50/175 complete rows=8950 failed=0
[FETCH] 75/175 complete rows=13425 failed=0
[FETCH] 100/175 complete rows=17900 failed=0
[FETCH] 125/175 complete rows=22375 failed=0
[FETCH] 150/175 complete rows=26850 failed=0
[FETCH] 175/175 complete rows=31325 failed=0
[FETCH] final_symbols=175 rows=31325 failed_symbols=0
[FACTORY] recipe_source=default_priority+recent_default_priority recipe_count=1901
[OK] base_snapshot=artifacts\live_alpha\live_feature_snapshot.parquet
[OK] live_alpha_snapshot=artifacts\live_alpha\live_alpha_snapshot.parquet
[OK] manifest=artifacts\live_alpha\live_alpha_manifest.csv
[OK] dropped=artifacts\live_alpha\live_alpha_dropped.csv
[OK] meta=artifacts\live_alpha\live_alpha_meta.json
[DIAG][LIVE_ALPHA] snapshot=C:\Users\Dmytro Govor\Documents\Python-Edge\artifacts\live_alpha\live_alpha_snapshot.parquet current_rows=175 current_symbols=175 alpha_col_count=1163 current_date=2026-04-06 date_match_vs_universe=1
[DIAG][LIVE_ALPHA][COVERAGE] universe_selected_current=175 present_in_live_alpha=175 missing_from_live_alpha=0 extra_vs_selected=0 extra_vs_all=0
[DIAG][LIVE_ALPHA][MISSING_TOP] none
[DIAG][LIVE_ALPHA][EXTRA_VS_SELECTED_TOP] none
[DIAG][LIVE_ALPHA][EXTRA_VS_ALL_TOP] none
[ARTIFACT] C:\Users\Dmytro Govor\Documents\Python-Edge\artifacts\daily_cycle\universe_live_alpha_diagnostics.json
[STEP] freeze runner
[RUN] C:\Users\Dmytro Govor\AppData\Local\Programs\Python\Python313\python.exe C:\Users\Dmytro Govor\Documents\Python-Edge\scripts\run_freeze_runner.py
[RUN][ENV] PAUSE_ON_EXIT=0
[CFG] live_alpha_snapshot_file=artifacts\live_alpha\live_alpha_snapshot.parquet
[CFG] universe_snapshot_file=artifacts\daily_cycle\universe\universe_snapshot.parquet
[CFG] out_dir=artifacts\freeze_runner
[CFG] require_universe_filter=1 require_universe_current_date_match=1 min_universe_survival_ratio=0.9000
[CFG] auto_refresh_live_alpha_on_date_mismatch=1 live_alpha_refresh_script=scripts\run_live_alpha_snapshot.py
[CFG] freeze_require_positive_replay_sharpe=0 freeze_min_replay_sharpe=0.0000 freeze_min_replay_cumret=0.0000 freeze_min_live_active_names=1
[CFG] component_prefilter min_proxy_train_sharpe=0.0000 min_abs_mean_ic=0.000000 basket_candidate_pool=8 basket_max_combos=40
[CFG] sign_source=last_fold require_recent_sign=0
[CFG] frozen wf=120/20/20 components=4 weighting=ic
[UNIVERSE_FILTER] applied=1 universe_selected_current=175 present_in_panel_current=175 missing_in_panel_current=0 survival_ratio_current=1.0000 panel_rows_before_filter=31325 panel_rows_after_filter=31325 live_snapshot_current_date=2026-04-06
[DATA] rows=31325 symbols=175 alpha_cols=1163 first_date=2025-07-21 last_date=2026-04-06
[FREEZE] last_completed_fold fold_id=2 train=2025-08-18..2026-02-06 test=2026-02-09..2026-03-09
[COMPONENTS][ALL_CANDIDATES_TOP]
                                            alpha  train_abs_mean_ic  proxy_train_sharpe  train_sign_locked  last_fold_abs_mean_ic  last_fold_mean_ic  last_fold_sign_locked  effective_sign_locked sign_source_used
alpha_overnight_drift_20d_raw_regime_breadth_rank           0.203671            1.833540                1.0               0.128976           0.006017                    1.0                    1.0     last_fold_ic
          alpha_gap_lag1_regime_breadth_rank_lag1           0.188296            1.789252                1.0               0.228613          -0.154733                   -1.0                   -1.0     last_fold_ic
               alpha_gap_cube_regime_breadth_rank           0.174439            0.106950                1.0               0.178810          -0.072267                   -1.0                   -1.0     last_fold_ic
                alpha_gap_raw_rank_mul_breadth_hi           0.174439            0.106950                1.0               0.178810          -0.072267                   -1.0                   -1.0     last_fold_ic
                alpha_gap_raw_rank_mul_breadth_lo           0.174439            0.106950                1.0               0.178810          -0.072267                   -1.0                   -1.0     last_fold_ic
              alpha_gap_raw_rank_mul_breadth_rank           0.174439            0.106950                1.0               0.178810          -0.072267                   -1.0                   -1.0     last_fold_ic
                 alpha_gap_raw_rank_mul_breadth_z           0.174439            0.106950                1.0               0.178810          -0.072267                   -1.0                   -1.0     last_fold_ic
                 alpha_gap_raw_raw_mul_breadth_hi           0.174439            0.106950                1.0               0.178810          -0.072267                   -1.0                   -1.0     last_fold_ic
                 alpha_gap_raw_raw_mul_breadth_lo           0.174439            0.106950                1.0               0.178810          -0.072267                   -1.0                   -1.0     last_fold_ic
               alpha_gap_raw_raw_mul_breadth_rank           0.174439            0.106950                1.0               0.178810          -0.072267                   -1.0                   -1.0     last_fold_ic
[COMPONENTS][optimal] selected_by_basket_search component_count=4 pool_size=8 combos_evaluated=40
                                            alpha  train_abs_mean_ic  proxy_train_sharpe  train_sign_locked  last_fold_abs_mean_ic  last_fold_mean_ic  last_fold_sign_locked  effective_sign_locked sign_source_used
alpha_overnight_drift_20d_raw_regime_breadth_rank           0.203671             1.83354                1.0               0.128976           0.006017                    1.0                    1.0     last_fold_ic
               alpha_gap_cube_regime_breadth_rank           0.174439             0.10695                1.0               0.178810          -0.072267                   -1.0                   -1.0     last_fold_ic
                alpha_gap_raw_rank_mul_breadth_hi           0.174439             0.10695                1.0               0.178810          -0.072267                   -1.0                   -1.0     last_fold_ic
                alpha_gap_raw_rank_mul_breadth_lo           0.174439             0.10695                1.0               0.178810          -0.072267                   -1.0                   -1.0     last_fold_ic
[BASKET_SEARCH][optimal][TOP]
 basket_id                                                                                                                                                 alpha_list  component_count  train_abs_mean_ic_avg  proxy_train_sharpe_avg  last_fold_abs_mean_ic_avg  last_fold_proxy_sharpe_avg  replay_sharpe_last_fold  replay_cumret_last_fold  replay_max_drawdown_last_fold  replay_avg_turnover_last_fold
        16   alpha_overnight_drift_20d_raw_regime_breadth_rank|alpha_gap_cube_regime_breadth_rank|alpha_gap_raw_rank_mul_breadth_hi|alpha_gap_raw_rank_mul_breadth_lo                4               0.181747                0.538597                   0.166351                   -3.713382                 0.658171                 0.002824                      -0.007143                       0.049473
        17 alpha_overnight_drift_20d_raw_regime_breadth_rank|alpha_gap_cube_regime_breadth_rank|alpha_gap_raw_rank_mul_breadth_hi|alpha_gap_raw_rank_mul_breadth_rank                4               0.181747                0.538597                   0.166351                   -3.713382                 0.658171                 0.002824                      -0.007143                       0.049473
        18    alpha_overnight_drift_20d_raw_regime_breadth_rank|alpha_gap_cube_regime_breadth_rank|alpha_gap_raw_rank_mul_breadth_hi|alpha_gap_raw_rank_mul_breadth_z                4               0.181747                0.538597                   0.166351                   -3.713382                 0.658171                 0.002824                      -0.007143                       0.049473
        19    alpha_overnight_drift_20d_raw_regime_breadth_rank|alpha_gap_cube_regime_breadth_rank|alpha_gap_raw_rank_mul_breadth_hi|alpha_gap_raw_raw_mul_breadth_hi                4               0.181747                0.538597                   0.166351                   -3.713382                 0.658171                 0.002824                      -0.007143                       0.049473
        20 alpha_overnight_drift_20d_raw_regime_breadth_rank|alpha_gap_cube_regime_breadth_rank|alpha_gap_raw_rank_mul_breadth_lo|alpha_gap_raw_rank_mul_breadth_rank                4               0.181747                0.538597                   0.166351                   -3.713382                 0.658171                 0.002824                      -0.007143                       0.049473
        21    alpha_overnight_drift_20d_raw_regime_breadth_rank|alpha_gap_cube_regime_breadth_rank|alpha_gap_raw_rank_mul_breadth_lo|alpha_gap_raw_rank_mul_breadth_z                4               0.181747                0.538597                   0.166351                   -3.713382                 0.658171                 0.002824                      -0.007143                       0.049473
        22    alpha_overnight_drift_20d_raw_regime_breadth_rank|alpha_gap_cube_regime_breadth_rank|alpha_gap_raw_rank_mul_breadth_lo|alpha_gap_raw_raw_mul_breadth_hi                4               0.181747                0.538597                   0.166351                   -3.713382                 0.658171                 0.002824                      -0.007143                       0.049473
        23  alpha_overnight_drift_20d_raw_regime_breadth_rank|alpha_gap_cube_regime_breadth_rank|alpha_gap_raw_rank_mul_breadth_rank|alpha_gap_raw_rank_mul_breadth_z                4               0.181747                0.538597                   0.166351                   -3.713382                 0.658171                 0.002824                      -0.007143                       0.049473
        24  alpha_overnight_drift_20d_raw_regime_breadth_rank|alpha_gap_cube_regime_breadth_rank|alpha_gap_raw_rank_mul_breadth_rank|alpha_gap_raw_raw_mul_breadth_hi                4               0.181747                0.538597                   0.166351                   -3.713382                 0.658171                 0.002824                      -0.007143                       0.049473
        25     alpha_overnight_drift_20d_raw_regime_breadth_rank|alpha_gap_cube_regime_breadth_rank|alpha_gap_raw_rank_mul_breadth_z|alpha_gap_raw_raw_mul_breadth_hi                4               0.181747                0.538597                   0.166351                   -3.713382                 0.658171                 0.002824                      -0.007143                       0.049473
[FREEZE][optimal] live_active_names_raw=2 live_active_names=2 live_gate_passed=1 live_gate_reason=passed replay_sharpe_last_fold=0.6582 replay_cumret_last_fold=0.0028 avg_turnover=0.0495 avg_gross=0.0539
[FREEZE][optimal][UNIVERSE] applied=1 selected_current=175 present_in_panel_current=175 survival_ratio_current=1.0000 live_snapshot_current_date=2026-04-06
[FREEZE][optimal][LIVE_BOOK_TOP]
symbol  weight       score  side market_regime  long_budget  short_budget  turnover
  AXTI    0.05  974.948660   1.0       neutral          0.5           0.5      0.05
  AAOI   -0.05 -622.621816  -1.0       neutral          0.5           0.5      0.05
[COMPONENTS][aggressive] selected_by_basket_search component_count=4 pool_size=8 combos_evaluated=40
                                            alpha  train_abs_mean_ic  proxy_train_sharpe  train_sign_locked  last_fold_abs_mean_ic  last_fold_mean_ic  last_fold_sign_locked  effective_sign_locked sign_source_used
alpha_overnight_drift_20d_raw_regime_breadth_rank           0.203671            1.833540                1.0               0.128976           0.006017                    1.0                    1.0     last_fold_ic
          alpha_gap_lag1_regime_breadth_rank_lag1           0.188296            1.789252                1.0               0.228613          -0.154733                   -1.0                   -1.0     last_fold_ic
                alpha_gap_raw_rank_mul_breadth_hi           0.174439            0.106950                1.0               0.178810          -0.072267                   -1.0                   -1.0     last_fold_ic
                alpha_gap_raw_rank_mul_breadth_lo           0.174439            0.106950                1.0               0.178810          -0.072267                   -1.0                   -1.0     last_fold_ic
[BASKET_SEARCH][aggressive][TOP]
 basket_id                                                                                                                                                      alpha_list  component_count  train_abs_mean_ic_avg  proxy_train_sharpe_avg  last_fold_abs_mean_ic_avg  last_fold_proxy_sharpe_avg  replay_sharpe_last_fold  replay_cumret_last_fold  replay_max_drawdown_last_fold  replay_avg_turnover_last_fold
         6   alpha_overnight_drift_20d_raw_regime_breadth_rank|alpha_gap_lag1_regime_breadth_rank_lag1|alpha_gap_raw_rank_mul_breadth_hi|alpha_gap_raw_rank_mul_breadth_lo                4               0.185211                0.959173                   0.178802                   -5.089226                 6.057524                 0.177969                      -0.023137                       0.049096
         7 alpha_overnight_drift_20d_raw_regime_breadth_rank|alpha_gap_lag1_regime_breadth_rank_lag1|alpha_gap_raw_rank_mul_breadth_hi|alpha_gap_raw_rank_mul_breadth_rank                4               0.185211                0.959173                   0.178802                   -5.089226                 6.057524                 0.177969                      -0.023137                       0.049096
         8    alpha_overnight_drift_20d_raw_regime_breadth_rank|alpha_gap_lag1_regime_breadth_rank_lag1|alpha_gap_raw_rank_mul_breadth_hi|alpha_gap_raw_rank_mul_breadth_z                4               0.185211                0.959173                   0.178802                   -5.089226                 6.057524                 0.177969                      -0.023137                       0.049096
         9    alpha_overnight_drift_20d_raw_regime_breadth_rank|alpha_gap_lag1_regime_breadth_rank_lag1|alpha_gap_raw_rank_mul_breadth_hi|alpha_gap_raw_raw_mul_breadth_hi                4               0.185211                0.959173                   0.178802                   -5.089226                 6.057524                 0.177969                      -0.023137                       0.049096
        10 alpha_overnight_drift_20d_raw_regime_breadth_rank|alpha_gap_lag1_regime_breadth_rank_lag1|alpha_gap_raw_rank_mul_breadth_lo|alpha_gap_raw_rank_mul_breadth_rank                4               0.185211                0.959173                   0.178802                   -5.089226                 6.057524                 0.177969                      -0.023137                       0.049096
        11    alpha_overnight_drift_20d_raw_regime_breadth_rank|alpha_gap_lag1_regime_breadth_rank_lag1|alpha_gap_raw_rank_mul_breadth_lo|alpha_gap_raw_rank_mul_breadth_z                4               0.185211                0.959173                   0.178802                   -5.089226                 6.057524                 0.177969                      -0.023137                       0.049096
        12    alpha_overnight_drift_20d_raw_regime_breadth_rank|alpha_gap_lag1_regime_breadth_rank_lag1|alpha_gap_raw_rank_mul_breadth_lo|alpha_gap_raw_raw_mul_breadth_hi                4               0.185211                0.959173                   0.178802                   -5.089226                 6.057524                 0.177969                      -0.023137                       0.049096
        13  alpha_overnight_drift_20d_raw_regime_breadth_rank|alpha_gap_lag1_regime_breadth_rank_lag1|alpha_gap_raw_rank_mul_breadth_rank|alpha_gap_raw_rank_mul_breadth_z                4               0.185211                0.959173                   0.178802                   -5.089226                 6.057524                 0.177969                      -0.023137                       0.049096
        14  alpha_overnight_drift_20d_raw_regime_breadth_rank|alpha_gap_lag1_regime_breadth_rank_lag1|alpha_gap_raw_rank_mul_breadth_rank|alpha_gap_raw_raw_mul_breadth_hi                4               0.185211                0.959173                   0.178802                   -5.089226                 6.057524                 0.177969                      -0.023137                       0.049096
        15     alpha_overnight_drift_20d_raw_regime_breadth_rank|alpha_gap_lag1_regime_breadth_rank_lag1|alpha_gap_raw_rank_mul_breadth_z|alpha_gap_raw_raw_mul_breadth_hi                4               0.185211                0.959173                   0.178802                   -5.089226                 6.057524                 0.177969                      -0.023137                       0.049096
[FREEZE][aggressive] live_active_names_raw=3 live_active_names=3 live_gate_passed=1 live_gate_reason=passed replay_sharpe_last_fold=6.0575 replay_cumret_last_fold=0.1780 avg_turnover=0.0491 avg_gross=0.9175
[FREEZE][aggressive][UNIVERSE] applied=1 selected_current=175 present_in_panel_current=175 survival_ratio_current=1.0000 live_snapshot_current_date=2026-04-06
[FREEZE][aggressive][LIVE_BOOK_TOP]
symbol    weight     score  side market_regime  long_budget  short_budget  turnover
  AXTI  0.357143  7.899938   1.0       neutral          0.5           0.5      0.05
  TSEM  0.142857  2.437545   1.0       neutral          0.5           0.5      0.05
  AAOI -0.500000 -5.512776  -1.0       neutral          0.5           0.5      0.05
[ARTIFACT] artifacts\freeze_runner\freeze_all_configs_summary.json
[FINAL] freeze runner complete
[GATE] freeze summaries
[GATE] config=optimal live_current_date=2026-04-06 freeze_live_active_names=2 universe_filter_applied=1 universe_selected_current=175 universe_present_in_panel_current=175 universe_survival_ratio_current=1.0 live_gate_passed=1 live_gate_reason=passed replay_sharpe_last_fold=0.6581707888581878 replay_cumret_last_fold=0.002823987774256187
[GATE] config=aggressive live_current_date=2026-04-06 freeze_live_active_names=3 universe_filter_applied=1 universe_selected_current=175 universe_present_in_panel_current=175 universe_survival_ratio_current=1.0 live_gate_passed=1 live_gate_reason=passed replay_sharpe_last_fold=6.057524277247559 replay_cumret_last_fold=0.1779690063396051
[ARTIFACT] C:\Users\Dmytro Govor\Documents\Python-Edge\artifacts\daily_cycle\freeze_gate_diagnostics.json
[GATE] execution_ready_configs=['optimal', 'aggressive']
[CFG] execution_ready_configs=['optimal', 'aggressive']
[CFG] CONFIG_NAMES overridden for downstream steps -> optimal|aggressive
[STEP] execution loop
[RUN] C:\Users\Dmytro Govor\AppData\Local\Programs\Python\Python313\python.exe C:\Users\Dmytro Govor\Documents\Python-Edge\scripts\run_execution_loop.py
[RUN][ENV] PAUSE_ON_EXIT=0
[CFG] live_feature_snapshot_file=artifacts\live_alpha\live_feature_snapshot.parquet freeze_root=artifacts\freeze_runner execution_root=artifacts\execution_loop account_nav=100000.00 fractional_mode=auto allow_fractional_shares=0
[CFG] min_order_notional=25.00 default_price_fallback=100.00 topk_print=50 reset_state=0 config_names=optimal|aggressive
[CFG] require_freeze_date_match_live_prices=1 skip_empty_freeze_configs=1 min_price_to_trade=1.0 max_price_to_trade=1000000.0
[CFG] max_single_name_weight=0.050000 max_single_name_notional=10000.00 commission_bps=0.5000 commission_min_per_order=0.3500 slippage_bps=1.5000
[CFG] align_state_from_broker_once=0 align_state_require_broker_positions=1 align_state_cash_mode=preserve_nav skip_legacy_symbols_not_in_target=1
[CFG] use_state_price_fallback_for_legacy=1 use_state_price_fallback_for_mtm=1 sanitize_state_prices=1 persist_default_fallback_to_state=0
[LIVE_PRICES] current_date=2026-04-06 symbols=175 price_col=close snapshot_fallback_count=0
[EXEC][optimal] loading freeze artifacts
[EXEC][optimal][ALIGN] requested=0 applied=0 reason=not_requested marker=artifacts\execution_loop\optimal\state_alignment_once.json
[EXEC][optimal][STATE_SANITY] sanitized=0 updated_from_live=0 cleared_default_like=0 missing_live_price=1
[EXEC][optimal] starting_nav=54375.30 ending_nav=54225.77 cash_after=51180.52 market_value_after=3045.25 nav_recon_error=0.000000 order_count=1 active_names=2 gross_target=0.1000 price_col=close merged_missing_prices=0 fallback_price_rows=0 mtm_default_fallback_count=0 mtm_state_fallback_count=0 mtm_unpriced_count=1 fractional_enabled_effective=0 bootstrap_only=0 skip_reason=
[EXEC][optimal][RISK] dropped_price_below_min=0 dropped_price_above_max=0 clipped_weight_cap=0 clipped_notional_cap=0
[EXEC][optimal][DIAG] already_at_target=5 below_min_notional=0 rounded_to_zero_from_nonzero_target=0 entered_new_position=0 exited_position=0 increased_existing_position=1 decreased_existing_position=0 symbol_only_in_state=4 symbol_only_in_target=0 legacy_state_price_fallback=0 legacy_default_price_fallback=0 legacy_unpriced=1
[EXEC][optimal][COST] estimated_commission_total=0.3500 estimated_slippage_total=0.0307 estimated_total_cost=0.3807
[EXEC][optimal][ORDERS_TOP]
      date symbol     price         price_source  is_priced  target_weight  target_notional  target_shares_raw  current_shares  target_shares  raw_delta_shares  delta_shares order_side  order_notional  order_notional_abs  estimated_commission  estimated_slippage  estimated_total_cost                          skip_reason
2026-04-06   AXTI    40.965 target_live_snapshot          1           0.05       2718.76521          66.368002            61.0           66.0               5.0           5.0        BUY         204.825             204.825                  0.35            0.030724              0.380724
2026-04-06   AAOI    111.18 target_live_snapshot          1          -0.05      -2718.76521         -24.453726           -24.0          -24.0               0.0           0.0       HOLD           0.000               0.000                  0.00            0.000000              0.000000                    already_at_target
2026-04-06    NKE     43.85        live_snapshot          1           0.00          0.00000           0.000000            68.0           68.0               0.0           0.0       HOLD           0.000               0.000                  0.00            0.000000              0.000000          legacy_symbol_not_in_target
2026-04-06   OKLO      <NA>             unpriced          0           0.00          0.00000           0.000000            59.0           59.0               0.0           0.0       HOLD           0.000               0.000                  0.00            0.000000              0.000000 legacy_symbol_not_in_target_unpriced
2026-04-06   SMCI    22.355        live_snapshot          1           0.00          0.00000           0.000000           129.0          129.0               0.0           0.0       HOLD           0.000               0.000                  0.00            0.000000              0.000000          legacy_symbol_not_in_target
2026-04-06   TSEM  190.3811        live_snapshot          1           0.00          0.00000           0.000000           -15.0          -15.0               0.0           0.0       HOLD           0.000               0.000                  0.00            0.000000              0.000000          legacy_symbol_not_in_target
[ARTIFACT] artifacts\execution_loop\optimal\orders.csv
[ARTIFACT] artifacts\execution_loop\optimal\positions_mark_to_market.csv
[ARTIFACT] artifacts\execution_loop\optimal\portfolio_state.json
[ARTIFACT] artifacts\execution_loop\optimal\execution_log.csv
[EXEC][aggressive] loading freeze artifacts
[EXEC][aggressive][ALIGN] requested=0 applied=0 reason=not_requested marker=artifacts\execution_loop\aggressive\state_alignment_once.json
[EXEC][aggressive][STATE_SANITY] sanitized=0 updated_from_live=0 cleared_default_like=0 missing_live_price=1
[EXEC][aggressive] starting_nav=58429.24 ending_nav=58203.83 cash_after=49021.89 market_value_after=9181.95 nav_recon_error=0.000000 order_count=1 active_names=3 gross_target=0.1500 price_col=close merged_missing_prices=0 fallback_price_rows=0 mtm_default_fallback_count=0 mtm_state_fallback_count=0 mtm_unpriced_count=1 fractional_enabled_effective=0 bootstrap_only=0 skip_reason=
[EXEC][aggressive][RISK] dropped_price_below_min=0 dropped_price_above_max=0 clipped_weight_cap=3 clipped_notional_cap=0
[EXEC][aggressive][DIAG] already_at_target=5 below_min_notional=0 rounded_to_zero_from_nonzero_target=0 entered_new_position=0 exited_position=0 increased_existing_position=1 decreased_existing_position=0 symbol_only_in_state=3 symbol_only_in_target=0 legacy_state_price_fallback=0 legacy_default_price_fallback=0 legacy_unpriced=1
[EXEC][aggressive][COST] estimated_commission_total=0.3500 estimated_slippage_total=0.0307 estimated_total_cost=0.3807
[EXEC][aggressive][ORDERS_TOP]
      date symbol     price         price_source  is_priced  target_weight  target_notional  target_shares_raw  current_shares  target_shares  raw_delta_shares  delta_shares order_side  order_notional  order_notional_abs  estimated_commission  estimated_slippage  estimated_total_cost                          skip_reason
2026-04-06   AXTI    40.965 target_live_snapshot          1           0.05      2921.461838          71.316046            66.0           71.0               5.0           5.0        BUY         204.825             204.825                  0.35            0.030724              0.380724
2026-04-06   AAOI    111.18 target_live_snapshot          1          -0.05     -2921.461838         -26.276865           -26.0          -26.0               0.0           0.0       HOLD           0.000               0.000                  0.00            0.000000              0.000000                    already_at_target
2026-04-06    NKE     43.85        live_snapshot          1           0.00         0.000000           0.000000            73.0           73.0               0.0           0.0       HOLD           0.000               0.000                  0.00            0.000000              0.000000          legacy_symbol_not_in_target
2026-04-06   OKLO      <NA>             unpriced          0           0.00         0.000000           0.000000            64.0           64.0               0.0           0.0       HOLD           0.000               0.000                  0.00            0.000000              0.000000 legacy_symbol_not_in_target_unpriced
2026-04-06   SMCI    22.355        live_snapshot          1           0.00         0.000000           0.000000           139.0          139.0               0.0           0.0       HOLD           0.000               0.000                  0.00            0.000000              0.000000          legacy_symbol_not_in_target
2026-04-06   TSEM  190.3811 target_live_snapshot          1           0.05      2921.461838          15.345335            15.0           15.0               0.0           0.0       HOLD           0.000               0.000                  0.00            0.000000              0.000000                    already_at_target
[ARTIFACT] artifacts\execution_loop\aggressive\orders.csv
[ARTIFACT] artifacts\execution_loop\aggressive\positions_mark_to_market.csv
[ARTIFACT] artifacts\execution_loop\aggressive\portfolio_state.json
[ARTIFACT] artifacts\execution_loop\aggressive\execution_log.csv
[FINAL] execution loop complete
[STEP] broker handoff
[RUN] C:\Users\Dmytro Govor\AppData\Local\Programs\Python\Python313\python.exe C:\Users\Dmytro Govor\Documents\Python-Edge\scripts\run_broker_handoff.py
[RUN][ENV] PAUSE_ON_EXIT=0
[CFG] execution_root=artifacts\execution_loop
[CFG] configs=['optimal', 'aggressive']
[CFG] ib_host=127.0.0.1 ib_port=4002 ib_client_id=51
[CFG] exchange=SMART primary_exchange= currency=USD sec_type=STK
[CFG] ib_market_data_type=3 ib_mkt_timeout_sec=8.0 max_price_deviation_pct=8.0 allow_last_fallback=1
[CFG] force_massive_when_ib_close_only=1 force_massive_when_ib_no_bbo=1
[CFG] enable_massive_fallback=1 massive_base_url=https://api.massive.com massive_timeout_sec=20.0
[IB] connecting host=127.0.0.1 port=4002 client_id=51
[IB] managedAccounts=DUP561175
[IB] nextValidId=1
[IB] connected next_valid_id=1 managed_accounts=DUP561175
[IB][ERROR] reqId=-1 code=2104 msg=Market data farm connection is OK:usfarm
[HANDOFF][optimal] orders_csv=artifacts\execution_loop\optimal\orders.csv
[IB][ERROR] reqId=-1 code=2107 msg=HMDS data farm connection is inactive but should be available upon demand.ushmds
[IB][ERROR] reqId=-1 code=2158 msg=Sec-def data farm connection is OK:secdefil
[HANDOFF][optimal] total_rows=6 live_rows=1 symbols=1
[IB][ERROR] reqId=900001 code=10167 msg=Requested market data is not subscribed. Displaying delayed market data.
[IB][ERROR] reqId=900001 code=300 msg=Can't find EId with tickerId:900001
[HANDOFF][optimal][PREVIEW]
symbol order_side  delta_shares  model_price_reference    price quote_provider quote_timeframe price_hint_source             quote_ts fallback_reason  bid   ask    mid   last  close_price  spread_bps  price_deviation_vs_model
  AXTI        BUY           5.0                40.9650  41.2500             ib         DELAYED            ib_ask 2026-04-06T18:18:06Z                 41.2 41.25 41.225 41.225        52.84   12.128563                  0.695716
  AAOI       HOLD           0.0               111.1800 111.1800                                                                                        0.0  0.00  0.000  0.000         0.00    0.000000                  0.000000
   NKE       HOLD           0.0                43.8500  43.8500                                                                                        0.0  0.00  0.000  0.000         0.00    0.000000                  0.000000
  OKLO       HOLD           0.0                    NaN      NaN                                                                                        0.0  0.00  0.000  0.000         0.00    0.000000                  0.000000
  SMCI       HOLD           0.0                22.3550  22.3550                                                                                        0.0  0.00  0.000  0.000         0.00    0.000000                  0.000000
  TSEM       HOLD           0.0               190.3811 190.3811                                                                                        0.0  0.00  0.000  0.000         0.00    0.000000                  0.000000
[HANDOFF][optimal][SUMMARY] updated=1 ib_rows=1 massive_rows=0 price_sanity_fail=0 orders_csv=artifacts\execution_loop\optimal\orders.csv summary_json=artifacts\execution_loop\optimal\broker_handoff_summary.json
[HANDOFF][aggressive] orders_csv=artifacts\execution_loop\aggressive\orders.csv
[HANDOFF][aggressive] total_rows=6 live_rows=1 symbols=1
[IB][ERROR] reqId=900001 code=10167 msg=Requested market data is not subscribed. Displaying delayed market data.
[IB][ERROR] reqId=900001 code=300 msg=Can't find EId with tickerId:900001
[HANDOFF][aggressive][PREVIEW]
symbol order_side  delta_shares  model_price_reference    price quote_provider quote_timeframe price_hint_source             quote_ts fallback_reason  bid   ask    mid   last  close_price  spread_bps  price_deviation_vs_model
  AXTI        BUY           5.0                40.9650  41.2500             ib         DELAYED            ib_ask 2026-04-06T18:18:07Z                 41.2 41.25 41.225 41.225        52.84   12.128563                  0.695716
  AAOI       HOLD           0.0               111.1800 111.1800                                                                                        0.0  0.00  0.000  0.000         0.00    0.000000                  0.000000
   NKE       HOLD           0.0                43.8500  43.8500                                                                                        0.0  0.00  0.000  0.000         0.00    0.000000                  0.000000
  OKLO       HOLD           0.0                    NaN      NaN                                                                                        0.0  0.00  0.000  0.000         0.00    0.000000                  0.000000
  SMCI       HOLD           0.0                22.3550  22.3550                                                                                        0.0  0.00  0.000  0.000         0.00    0.000000                  0.000000
  TSEM       HOLD           0.0               190.3811 190.3811                                                                                        0.0  0.00  0.000  0.000         0.00    0.000000                  0.000000
[HANDOFF][aggressive][SUMMARY] updated=1 ib_rows=1 massive_rows=0 price_sanity_fail=0 orders_csv=artifacts\execution_loop\aggressive\orders.csv summary_json=artifacts\execution_loop\aggressive\broker_handoff_summary.json
[FINAL] broker handoff complete
[STEP] broker adapter
[RUN] C:\Users\Dmytro Govor\AppData\Local\Programs\Python\Python313\python.exe C:\Users\Dmytro Govor\Documents\Python-Edge\scripts\run_broker_adapter_ibkr.py
[RUN][ENV] PAUSE_ON_EXIT=0
[CFG] execution_root=artifacts\execution_loop
[CFG] configs=['optimal', 'aggressive']
[CFG] broker_name=MEXEM broker_platform=IBKR broker_account_id=
[CFG] ib_host=127.0.0.1 ib_port=4002 ib_client_id=41 ib_account_code=
[CFG] exchange=SMART primary_exchange= currency=USD sec_type=STK
[CFG] outside_rth=1 reprice_enabled=1 reprice_wait_sec=8.0
[CFG] reprice_steps_bps=[15.0, 10.0, 5.0, 0.0] reprice_final_mode=marketable_lmt reprice_final_marketable_bps=12.0 reprice_max_deviation_pct=1.25
[CFG] deferred_wait_mode=carry deferred_wait_heartbeat_sec=30.0 deferred_post_open_wait_sec=30.0
[CFG] require_price_hint_source=1 require_quote_ts=1
[IB] connecting host=127.0.0.1 port=4002 client_id=41
[IB] openOrderEnd
[IB] managedAccounts=DUP561175
[IB] nextValidId=138
[IB] connected next_valid_id=138 managed_accounts=DUP561175
[IB][ERROR] reqId=-1 code=2104 msg=Market data farm connection is OK:usfarm
[IB][ERROR] reqId=-1 code=2107 msg=HMDS data farm connection is inactive but should be available upon demand.ushmds
[IB][ERROR] reqId=-1 code=2158 msg=Sec-def data farm connection is OK:secdefil
[IB] openOrderEnd
[BROKER][optimal] orders=artifacts\execution_loop\optimal\orders.csv
[BROKER][LADDER][SUBMIT] symbol=AXTI step=1/4 mode=passive_lmt limit_price=41.3100 cap_price=41.7600 order={"account": "", "exchange": "SMART", "lmtPrice": 41.31, "orderRef": "pe-62692714d647f70df9a2ec25", "orderType": "LMT", "outsideRth": 1, "primaryExchange": "", "tif": "DAY", "totalQuantity": 5.0}
[BROKER][POLL] ib_order_id=138 step=1/8 status=submitted filled_qty=0.00000000 remaining_qty=5.00000000 avg_fill_price=0.0000 outcome=working
[BROKER][POLL] ib_order_id=138 step=5/8 status=submitted filled_qty=0.00000000 remaining_qty=5.00000000 avg_fill_price=0.0000 outcome=working
[BROKER][POLL] ib_order_id=138 step=8/8 status=submitted filled_qty=0.00000000 remaining_qty=5.00000000 avg_fill_price=0.0000 outcome=working
[IB][ERROR] reqId=138 code=202 msg=Order Canceled - reason:
[BROKER][LADDER][SUBMIT] symbol=AXTI step=2/4 mode=passive_lmt limit_price=41.2900 cap_price=41.7600 order={"account": "", "exchange": "SMART", "lmtPrice": 41.29, "orderRef": "pe-62692714d647f70df9a2ec25", "orderType": "LMT", "outsideRth": 1, "primaryExchange": "", "tif": "DAY", "totalQuantity": 5.0}
[BROKER][POLL] ib_order_id=139 step=1/8 status=submitted filled_qty=0.00000000 remaining_qty=5.00000000 avg_fill_price=0.0000 outcome=working
[BROKER][POLL] ib_order_id=139 step=5/8 status=submitted filled_qty=0.00000000 remaining_qty=5.00000000 avg_fill_price=0.0000 outcome=working
[BROKER][POLL] ib_order_id=139 step=8/8 status=submitted filled_qty=0.00000000 remaining_qty=5.00000000 avg_fill_price=0.0000 outcome=working
[IB][ERROR] reqId=139 code=202 msg=Order Canceled - reason:
[BROKER][LADDER][SUBMIT] symbol=AXTI step=3/4 mode=passive_lmt limit_price=41.2700 cap_price=41.7600 order={"account": "", "exchange": "SMART", "lmtPrice": 41.27, "orderRef": "pe-62692714d647f70df9a2ec25", "orderType": "LMT", "outsideRth": 1, "primaryExchange": "", "tif": "DAY", "totalQuantity": 5.0}
[BROKER][POLL] ib_order_id=140 step=1/8 status=submitted filled_qty=0.00000000 remaining_qty=5.00000000 avg_fill_price=0.0000 outcome=working
[BROKER][POLL] ib_order_id=140 step=5/8 status=submitted filled_qty=0.00000000 remaining_qty=5.00000000 avg_fill_price=0.0000 outcome=working
[BROKER][POLL] ib_order_id=140 step=8/8 status=submitted filled_qty=0.00000000 remaining_qty=5.00000000 avg_fill_price=0.0000 outcome=working
[IB][ERROR] reqId=140 code=202 msg=Order Canceled - reason:
[BROKER][LADDER][SUBMIT] symbol=AXTI step=4/4 mode=marketable_lmt limit_price=41.2500 cap_price=41.7600 order={"account": "", "exchange": "SMART", "lmtPrice": 41.25, "orderRef": "pe-62692714d647f70df9a2ec25", "orderType": "LMT", "outsideRth": 1, "primaryExchange": "", "tif": "DAY", "totalQuantity": 5.0}
[BROKER][POLL] ib_order_id=141 step=1/8 status=submitted filled_qty=0.00000000 remaining_qty=5.00000000 avg_fill_price=0.0000 outcome=working
[BROKER][POLL] ib_order_id=141 step=5/8 status=submitted filled_qty=0.00000000 remaining_qty=5.00000000 avg_fill_price=0.0000 outcome=working
[BROKER][POLL] ib_order_id=141 step=8/8 status=submitted filled_qty=0.00000000 remaining_qty=5.00000000 avg_fill_price=0.0000 outcome=working
[IB][ERROR] reqId=141 code=202 msg=Order Canceled - reason:
[BROKER][optimal][ERROR] symbol=AXTI side=BUY status=cancelled_unfilled_cap message=Final capped price was not filled; order cancelled
[BROKER][optimal][SUMMARY] sent=0 duplicate_skipped=0 errors=1 fills_csv=artifacts\execution_loop\optimal\fills.csv broker_log_json=artifacts\execution_loop\optimal\broker_log.json outcomes={"cancelled_after_ttl": 0, "cancelled_unfilled_cap": 1, "deferred_session_closed": 0, "failed": 0, "filled_now": 0, "partial": 0, "unknown": 0, "working": 0, "working_carry": 0}
[BROKER][aggressive] orders=artifacts\execution_loop\aggressive\orders.csv
[BROKER][LADDER][SUBMIT] symbol=AXTI step=1/4 mode=passive_lmt limit_price=41.3100 cap_price=41.7600 order={"account": "", "exchange": "SMART", "lmtPrice": 41.31, "orderRef": "pe-521623e9eb77f19b9f44154d", "orderType": "LMT", "outsideRth": 1, "primaryExchange": "", "tif": "DAY", "totalQuantity": 5.0}
[BROKER][POLL] ib_order_id=142 step=1/8 status=submitted filled_qty=0.00000000 remaining_qty=5.00000000 avg_fill_price=0.0000 outcome=working
[BROKER][POLL] ib_order_id=142 step=5/8 status=submitted filled_qty=0.00000000 remaining_qty=5.00000000 avg_fill_price=0.0000 outcome=working
[BROKER][POLL] ib_order_id=142 step=8/8 status=submitted filled_qty=0.00000000 remaining_qty=5.00000000 avg_fill_price=0.0000 outcome=working
[IB][ERROR] reqId=142 code=202 msg=Order Canceled - reason:
[BROKER][LADDER][SUBMIT] symbol=AXTI step=2/4 mode=passive_lmt limit_price=41.2900 cap_price=41.7600 order={"account": "", "exchange": "SMART", "lmtPrice": 41.29, "orderRef": "pe-521623e9eb77f19b9f44154d", "orderType": "LMT", "outsideRth": 1, "primaryExchange": "", "tif": "DAY", "totalQuantity": 5.0}
[BROKER][POLL] ib_order_id=143 step=1/8 status=submitted filled_qty=0.00000000 remaining_qty=5.00000000 avg_fill_price=0.0000 outcome=working
[BROKER][POLL] ib_order_id=143 step=5/8 status=submitted filled_qty=0.00000000 remaining_qty=5.00000000 avg_fill_price=0.0000 outcome=working
[BROKER][POLL] ib_order_id=143 step=8/8 status=submitted filled_qty=0.00000000 remaining_qty=5.00000000 avg_fill_price=0.0000 outcome=working
[IB][ERROR] reqId=143 code=202 msg=Order Canceled - reason:
[BROKER][LADDER][SUBMIT] symbol=AXTI step=3/4 mode=passive_lmt limit_price=41.2700 cap_price=41.7600 order={"account": "", "exchange": "SMART", "lmtPrice": 41.27, "orderRef": "pe-521623e9eb77f19b9f44154d", "orderType": "LMT", "outsideRth": 1, "primaryExchange": "", "tif": "DAY", "totalQuantity": 5.0}
[BROKER][POLL] ib_order_id=144 step=1/8 status=submitted filled_qty=0.00000000 remaining_qty=5.00000000 avg_fill_price=0.0000 outcome=working
[BROKER][POLL] ib_order_id=144 step=5/8 status=submitted filled_qty=0.00000000 remaining_qty=5.00000000 avg_fill_price=0.0000 outcome=working
[BROKER][POLL] ib_order_id=144 step=8/8 status=submitted filled_qty=0.00000000 remaining_qty=5.00000000 avg_fill_price=0.0000 outcome=working
[IB][ERROR] reqId=144 code=202 msg=Order Canceled - reason:
[BROKER][LADDER][SUBMIT] symbol=AXTI step=4/4 mode=marketable_lmt limit_price=41.2500 cap_price=41.7600 order={"account": "", "exchange": "SMART", "lmtPrice": 41.25, "orderRef": "pe-521623e9eb77f19b9f44154d", "orderType": "LMT", "outsideRth": 1, "primaryExchange": "", "tif": "DAY", "totalQuantity": 5.0}
[BROKER][POLL] ib_order_id=145 step=1/8 status=submitted filled_qty=0.00000000 remaining_qty=5.00000000 avg_fill_price=0.0000 outcome=working
[BROKER][POLL] ib_order_id=145 step=5/8 status=submitted filled_qty=0.00000000 remaining_qty=5.00000000 avg_fill_price=0.0000 outcome=working
[BROKER][POLL] ib_order_id=145 step=8/8 status=submitted filled_qty=0.00000000 remaining_qty=5.00000000 avg_fill_price=0.0000 outcome=working
[IB][ERROR] reqId=145 code=202 msg=Order Canceled - reason:
[BROKER][aggressive][ERROR] symbol=AXTI side=BUY status=cancelled_unfilled_cap message=Final capped price was not filled; order cancelled
[BROKER][aggressive][SUMMARY] sent=0 duplicate_skipped=0 errors=1 fills_csv=artifacts\execution_loop\aggressive\fills.csv broker_log_json=artifacts\execution_loop\aggressive\broker_log.json outcomes={"cancelled_after_ttl": 0, "cancelled_unfilled_cap": 1, "deferred_session_closed": 0, "failed": 0, "filled_now": 0, "partial": 0, "unknown": 0, "working": 0, "working_carry": 0}
[FINAL] IBKR broker adapter complete
[STEP] broker reconcile
[RUN] C:\Users\Dmytro Govor\AppData\Local\Programs\Python\Python313\python.exe C:\Users\Dmytro Govor\Documents\Python-Edge\scripts\run_broker_reconcile_ibkr.py
[RUN][ENV] PAUSE_ON_EXIT=0
[CFG] execution_root=artifacts\execution_loop
[CFG] reconcile_config_names=['optimal', 'aggressive']
[CFG] ib_host=127.0.0.1 ib_port=4002 ib_client_id=42 ib_timeout_sec=20.0
[CFG] ib_positions_timeout_sec=45.0 ib_positions_retries=2 ib_positions_settle_sec=2.0
[CFG] ib_account_code=
[CFG] reconcile_open_orders_mode=open
[CFG] reconcile_broker_log_as_pending=1 pending_match_tolerance=1e-06
[IB] connecting host=127.0.0.1 port=4002 client_id=42
[IB] connectAck received
[IB] managedAccounts=DUP561175
[IB] nextValidId=9
[STEP][optimal] reconcile
[IB][ERROR] reqId=-1 code=2104 msg=Market data farm connection is OK:usfarm
[IB][ERROR] reqId=-1 code=2107 msg=HMDS data farm connection is inactive but should be available upon demand.ushmds
[IB][ERROR] reqId=-1 code=2158 msg=Sec-def data farm connection is OK:secdefil
[LOCAL][optimal] source=portfolio_state.json rows=6 state_json_exists=1 orders_csv_exists=1 broker_log_json_exists=1
[IB][POSITIONS] attempt=1/2 timeout_sec=45.0 settle_sec=2.0
[IB] positionEnd
[IB][POSITIONS] rows=15
[IB] openOrderEnd
[BROKER][optimal] positions=15 open_orders=0 pending_symbols=1 account=<all>
[RECON][optimal][SUMMARY] symbols_total=16 exact_match=0 match_with_open_orders=0 covered_by_pending_orders=0 working_carry_pending_open=0 flatten_pending_open=0 drift=5 missing_at_broker=1 unexpected_at_broker=10 max_abs_drift_shares=296.00000000 max_abs_drift_after_pending=296.00000000
[RECON][optimal][TOP]
symbol               source  expected_shares  broker_position  effective_pending_net_qty  expected_after_pending  drift_shares  abs_drift_shares  drift_after_pending  abs_drift_after_pending     reconcile_status  positions_match  covered_by_pending  has_open_orders  has_pending_carry  effective_pending_order_count  broker_open_order_count  broker_open_order_net_qty  broker_open_order_remaining_qty  pending_order_count  pending_net_qty  pending_remaining_qty  target_shares  current_shares  delta_shares  broker_avg_cost broker_symbol broker_currency broker_exchange broker_primary_exchange broker_sec_type broker_account pending_actions pending_statuses pending_outcomes         pending_client_tags  last_price  market_value  source_priority  effective_pending_remaining_qty  expected_nonzero  broker_nonzero
  HOOD portfolio_state.json              0.0          -296.00                        0.0                 -296.00       -296.00            296.00              -296.00                   296.00 unexpected_at_broker            False               False            False              False                              0                        0                        0.0                              0.0                    0              0.0                    0.0            NaN             NaN           NaN        66.849028          HOOD             USD          NASDAQ                                     STK      DUP561175             NaN              NaN              NaN                         NaN         NaN           NaN              NaN                              0.0             False            True
   NEM portfolio_state.json              0.0          -208.00                        0.0                 -208.00       -208.00            208.00              -208.00                   208.00 unexpected_at_broker            False               False            False              False                              0                        0                        0.0                              0.0                    0              0.0                    0.0            NaN             NaN           NaN       105.013459           NEM             USD            NYSE                                     STK      DUP561175             NaN              NaN              NaN                         NaN         NaN           NaN              NaN                              0.0             False            True
  INTC portfolio_state.json              0.0          -200.00                        0.0                 -200.00       -200.00            200.00              -200.00                   200.00 unexpected_at_broker            False               False            False              False                              0                        0                        0.0                              0.0                    0              0.0                    0.0            NaN             NaN           NaN        43.021055          INTC             USD          NASDAQ                                     STK      DUP561175             NaN              NaN              NaN                         NaN         NaN           NaN              NaN                              0.0             False            True
  SMCI portfolio_state.json            129.0             0.00                        0.0                    0.00       -129.00            129.00              -129.00                   129.00    missing_at_broker            False               False            False              False                              0                        0                        0.0                              0.0                    0              0.0                    0.0          129.0           129.0           0.0              NaN           NaN             NaN             NaN                     NaN             NaN            NaN             NaN              NaN              NaN                         NaN     22.3550     2883.7950              1.0                              0.0              True           False
  CRCL portfolio_state.json              0.0          -128.00                        0.0                 -128.00       -128.00            128.00              -128.00                   128.00 unexpected_at_broker            False               False            False              False                              0                        0                        0.0                              0.0                    0              0.0                    0.0            NaN             NaN           NaN        91.896055          CRCL             USD            NYSE                                     STK      DUP561175             NaN              NaN              NaN                         NaN         NaN           NaN              NaN                              0.0             False            True
   NKE portfolio_state.json             68.0             6.00                        0.0                    6.00        -62.00             62.00               -62.00                    62.00                drift            False               False            False              False                              0                        0                        0.0                              0.0                    0              0.0                    0.0           68.0            68.0           0.0        44.423333           NKE             USD            NYSE                                     STK      DUP561175             NaN              NaN              NaN                         NaN     43.8500     2981.8000              1.0                              0.0              True            True
  AXTI portfolio_state.json             66.0           127.00                        0.0                  127.00         61.00             61.00                61.00                    61.00                drift            False               False            False              False                              0                        0                        0.0                              0.0                    0              0.0                    0.0           66.0            66.0           0.0        41.735748          AXTI             USD          NASDAQ                                     STK      DUP561175             NaN              NaN              NaN                         NaN     40.9650     2703.6900              1.0                              0.0              True            True
  OKLO portfolio_state.json             59.0             4.00                       -1.0                    3.00        -55.00             55.00               -56.00                    56.00                drift            False               False            False               True                              1                        0                        0.0                              0.0                    1             -1.0                    1.0           59.0            59.0           0.0        48.420833          OKLO             USD            NYSE                                     STK      DUP561175            SELL        submitted    working_carry pe-1ad989c7c929b3d4c43a6219      0.0000        0.0000              1.0                              1.0              True            True
  RKLB portfolio_state.json              0.0           -48.00                        0.0                  -48.00        -48.00             48.00               -48.00                    48.00 unexpected_at_broker            False               False            False              False                              0                        0                        0.0                              0.0                    0              0.0                    0.0            NaN             NaN           NaN        60.656888          RKLB             USD          NASDAQ                                     STK      DUP561175             NaN              NaN              NaN                         NaN         NaN           NaN              NaN                              0.0             False            True
  TSEM portfolio_state.json            -15.0            29.00                        0.0                   29.00         44.00             44.00                44.00                    44.00                drift            False               False            False              False                              0                        0                        0.0                              0.0                    0              0.0                    0.0          -15.0           -15.0           0.0       190.362258          TSEM             USD          NASDAQ                                     STK      DUP561175             NaN              NaN              NaN                         NaN    190.3811    -2855.7165              1.0                              0.0              True            True
  SHOP portfolio_state.json              0.0           -33.00                        0.0                  -33.00        -33.00             33.00               -33.00                    33.00 unexpected_at_broker            False               False            False              False                              0                        0                        0.0                              0.0                    0              0.0                    0.0            NaN             NaN           NaN       113.881927          SHOP             USD          NASDAQ                                     STK      DUP561175             NaN              NaN              NaN                         NaN         NaN           NaN              NaN                              0.0             False            True
  AAOI portfolio_state.json            -24.0           -50.00                        0.0                  -50.00        -26.00             26.00               -26.00                    26.00                drift            False               False            False              False                              0                        0                        0.0                              0.0                    0              0.0                    0.0          -24.0           -24.0           0.0       110.757522          AAOI             USD          NASDAQ                                     STK      DUP561175             NaN              NaN              NaN                         NaN    111.1800    -2668.3200              1.0                              0.0              True            True
  AMZN portfolio_state.json              0.0           -13.00                        0.0                  -13.00        -13.00             13.00               -13.00                    13.00 unexpected_at_broker            False               False            False              False                              0                        0                        0.0                              0.0                    0              0.0                    0.0            NaN             NaN           NaN       202.628269          AMZN             USD          NASDAQ                                     STK      DUP561175             NaN              NaN              NaN                         NaN         NaN           NaN              NaN                              0.0             False            True
  NVDA portfolio_state.json              0.0           -12.00                        0.0                  -12.00        -12.00             12.00               -12.00                    12.00 unexpected_at_broker            False               False            False              False                              0                        0                        0.0                              0.0                    0              0.0                    0.0            NaN             NaN           NaN       167.621475          NVDA             USD          NASDAQ                                     STK      DUP561175             NaN              NaN              NaN                         NaN         NaN           NaN              NaN                              0.0             False            True
  MSFT portfolio_state.json              0.0            11.00                        0.0                   11.00         11.00             11.00                11.00                    11.00 unexpected_at_broker            False               False            False              False                              0                        0                        0.0                              0.0                    0              0.0                    0.0            NaN             NaN           NaN       366.220000          MSFT             USD          NASDAQ                                     STK      DUP561175             NaN              NaN              NaN                         NaN         NaN           NaN              NaN                              0.0             False            True
  AAPL portfolio_state.json              0.0             8.35                        0.0                    8.35          8.35              8.35                 8.35                     8.35 unexpected_at_broker            False               False            False              False                              0                        0                        0.0                              0.0                    0              0.0                    0.0            NaN             NaN           NaN       250.948683          AAPL             USD          NASDAQ                                     STK      DUP561175             NaN              NaN              NaN                         NaN         NaN           NaN              NaN                              0.0             False            True
[ARTIFACT] artifacts\execution_loop\optimal\reconcile_report.json
[ARTIFACT] artifacts\execution_loop\optimal\reconcile_diff.csv
[ARTIFACT] artifacts\execution_loop\optimal\broker_positions.csv
[ARTIFACT] artifacts\execution_loop\optimal\broker_open_orders.csv
[ARTIFACT] artifacts\execution_loop\optimal\broker_pending.csv
[STEP][aggressive] reconcile
[LOCAL][aggressive] source=portfolio_state.json rows=6 state_json_exists=1 orders_csv_exists=1 broker_log_json_exists=1
[IB][POSITIONS] attempt=1/2 timeout_sec=45.0 settle_sec=2.0
[IB] positionEnd
[IB][POSITIONS] rows=15
[IB] openOrderEnd
[BROKER][aggressive] positions=15 open_orders=0 pending_symbols=3 account=<all>
[RECON][aggressive][SUMMARY] symbols_total=16 exact_match=0 match_with_open_orders=0 covered_by_pending_orders=0 working_carry_pending_open=0 flatten_pending_open=0 drift=5 missing_at_broker=1 unexpected_at_broker=10 max_abs_drift_shares=296.00000000 max_abs_drift_after_pending=296.00000000
[RECON][aggressive][TOP]
symbol               source  expected_shares  broker_position  effective_pending_net_qty  expected_after_pending  drift_shares  abs_drift_shares  drift_after_pending  abs_drift_after_pending     reconcile_status  positions_match  covered_by_pending  has_open_orders  has_pending_carry  effective_pending_order_count  broker_open_order_count  broker_open_order_net_qty  broker_open_order_remaining_qty  pending_order_count  pending_net_qty  pending_remaining_qty  target_shares  current_shares  delta_shares  broker_avg_cost broker_symbol broker_currency broker_exchange broker_primary_exchange broker_sec_type broker_account pending_actions pending_statuses pending_outcomes         pending_client_tags  last_price  market_value  source_priority  effective_pending_remaining_qty  expected_nonzero  broker_nonzero
  HOOD portfolio_state.json              0.0          -296.00                        0.0                 -296.00       -296.00            296.00              -296.00                   296.00 unexpected_at_broker            False               False            False              False                              0                        0                        0.0                              0.0                    0              0.0                    0.0            NaN             NaN           NaN        66.849028          HOOD             USD          NASDAQ                                     STK      DUP561175             NaN              NaN              NaN                         NaN         NaN           NaN              NaN                              0.0             False            True
   NEM portfolio_state.json              0.0          -208.00                        0.0                 -208.00       -208.00            208.00              -208.00                   208.00 unexpected_at_broker            False               False            False              False                              0                        0                        0.0                              0.0                    0              0.0                    0.0            NaN             NaN           NaN       105.013459           NEM             USD            NYSE                                     STK      DUP561175             NaN              NaN              NaN                         NaN         NaN           NaN              NaN                              0.0             False            True
  INTC portfolio_state.json              0.0          -200.00                        0.0                 -200.00       -200.00            200.00              -200.00                   200.00 unexpected_at_broker            False               False            False              False                              0                        0                        0.0                              0.0                    0              0.0                    0.0            NaN             NaN           NaN        43.021055          INTC             USD          NASDAQ                                     STK      DUP561175             NaN              NaN              NaN                         NaN         NaN           NaN              NaN                              0.0             False            True
  SMCI portfolio_state.json            139.0             0.00                        0.0                    0.00       -139.00            139.00              -139.00                   139.00    missing_at_broker            False               False            False              False                              0                        0                        0.0                              0.0                    0              0.0                    0.0          139.0           139.0           0.0              NaN           NaN             NaN             NaN                     NaN             NaN            NaN             NaN              NaN              NaN                         NaN     22.3550     3107.3450              1.0                              0.0              True           False
  CRCL portfolio_state.json              0.0          -128.00                        0.0                 -128.00       -128.00            128.00              -128.00                   128.00 unexpected_at_broker            False               False            False              False                              0                        0                        0.0                              0.0                    0              0.0                    0.0            NaN             NaN           NaN        91.896055          CRCL             USD            NYSE                                     STK      DUP561175             NaN              NaN              NaN                         NaN         NaN           NaN              NaN                              0.0             False            True
   NKE portfolio_state.json             73.0             6.00                        3.0                    9.00        -67.00             67.00               -64.00                    64.00                drift            False               False            False               True                              1                        0                        0.0                              0.0                    1              3.0                    3.0           73.0            73.0           0.0        44.423333           NKE             USD            NYSE                                     STK      DUP561175             BUY        submitted    working_carry pe-faeaad1bcfeefd3bf35c9158     43.8500     3201.0500              1.0                              3.0              True            True
  OKLO portfolio_state.json             64.0             4.00                        3.0                    7.00        -60.00             60.00               -57.00                    57.00                drift            False               False            False               True                              1                        0                        0.0                              0.0                    1              3.0                    3.0           64.0            64.0           0.0        48.420833          OKLO             USD            NYSE                                     STK      DUP561175             BUY        submitted    working_carry pe-aa93d42f54f619d95b49add5      0.0000        0.0000              1.0                              3.0              True            True
  AXTI portfolio_state.json             71.0           127.00                        0.0                  127.00         56.00             56.00                56.00                    56.00                drift            False               False            False              False                              0                        0                        0.0                              0.0                    0              0.0                    0.0           71.0            71.0           0.0        41.735748          AXTI             USD          NASDAQ                                     STK      DUP561175             NaN              NaN              NaN                         NaN     40.9650     2908.5150              1.0                              0.0              True            True
  RKLB portfolio_state.json              0.0           -48.00                        0.0                  -48.00        -48.00             48.00               -48.00                    48.00 unexpected_at_broker            False               False            False              False                              0                        0                        0.0                              0.0                    0              0.0                    0.0            NaN             NaN           NaN        60.656888          RKLB             USD          NASDAQ                                     STK      DUP561175             NaN              NaN              NaN                         NaN         NaN           NaN              NaN                              0.0             False            True
  SHOP portfolio_state.json              0.0           -33.00                        0.0                  -33.00        -33.00             33.00               -33.00                    33.00 unexpected_at_broker            False               False            False              False                              0                        0                        0.0                              0.0                    0              0.0                    0.0            NaN             NaN           NaN       113.881927          SHOP             USD          NASDAQ                                     STK      DUP561175             NaN              NaN              NaN                         NaN         NaN           NaN              NaN                              0.0             False            True
  AAOI portfolio_state.json            -26.0           -50.00                        0.0                  -50.00        -24.00             24.00               -24.00                    24.00                drift            False               False            False              False                              0                        0                        0.0                              0.0                    0              0.0                    0.0          -26.0           -26.0           0.0       110.757522          AAOI             USD          NASDAQ                                     STK      DUP561175             NaN              NaN              NaN                         NaN    111.1800    -2890.6800              1.0                              0.0              True            True
  TSEM portfolio_state.json             15.0            29.00                       -1.0                   28.00         14.00             14.00                13.00                    13.00                drift            False               False            False               True                              1                        0                        0.0                              0.0                    1             -1.0                    1.0           15.0            15.0           0.0       190.362258          TSEM             USD          NASDAQ                                     STK      DUP561175            SELL        submitted    working_carry pe-c28d0dac3401425da6238a63    190.3811     2855.7165              1.0                              1.0              True            True
  AMZN portfolio_state.json              0.0           -13.00                        0.0                  -13.00        -13.00             13.00               -13.00                    13.00 unexpected_at_broker            False               False            False              False                              0                        0                        0.0                              0.0                    0              0.0                    0.0            NaN             NaN           NaN       202.628269          AMZN             USD          NASDAQ                                     STK      DUP561175             NaN              NaN              NaN                         NaN         NaN           NaN              NaN                              0.0             False            True
  NVDA portfolio_state.json              0.0           -12.00                        0.0                  -12.00        -12.00             12.00               -12.00                    12.00 unexpected_at_broker            False               False            False              False                              0                        0                        0.0                              0.0                    0              0.0                    0.0            NaN             NaN           NaN       167.621475          NVDA             USD          NASDAQ                                     STK      DUP561175             NaN              NaN              NaN                         NaN         NaN           NaN              NaN                              0.0             False            True
  MSFT portfolio_state.json              0.0            11.00                        0.0                   11.00         11.00             11.00                11.00                    11.00 unexpected_at_broker            False               False            False              False                              0                        0                        0.0                              0.0                    0              0.0                    0.0            NaN             NaN           NaN       366.220000          MSFT             USD          NASDAQ                                     STK      DUP561175             NaN              NaN              NaN                         NaN         NaN           NaN              NaN                              0.0             False            True
  AAPL portfolio_state.json              0.0             8.35                        0.0                    8.35          8.35              8.35                 8.35                     8.35 unexpected_at_broker            False               False            False              False                              0                        0                        0.0                              0.0                    0              0.0                    0.0            NaN             NaN           NaN       250.948683          AAPL             USD          NASDAQ                                     STK      DUP561175             NaN              NaN              NaN                         NaN         NaN           NaN              NaN                              0.0             False            True
[ARTIFACT] artifacts\execution_loop\aggressive\reconcile_report.json
[ARTIFACT] artifacts\execution_loop\aggressive\reconcile_diff.csv
[ARTIFACT] artifacts\execution_loop\aggressive\broker_positions.csv
[ARTIFACT] artifacts\execution_loop\aggressive\broker_open_orders.csv
[ARTIFACT] artifacts\execution_loop\aggressive\broker_pending.csv
[FINAL] IBKR reconcile complete