PS C:\Users\Dmytro Govor\Documents\Python-Edge> python .\scripts\run_execution_loop.py
[CFG] live_feature_snapshot_file=artifacts\live_alpha\live_feature_snapshot.parquet
[CFG] freeze_root=artifacts\freeze_runner
[CFG] execution_root=artifacts\execution_loop
[CFG] account_nav=100000.0
[CFG] configs=['optimal', 'aggressive']
[CFG] allow_fractional_shares=0 fractional_mode=auto fractional_enabled_effective=0 min_order_notional=25.0 skip_empty_freeze_configs=1 require_freeze_date_match_live_prices=1
[CFG] max_single_name_weight=0.05 max_single_name_notional=10000.0 min_price_to_trade=1.0 max_price_to_trade=1000000.0
[CFG] commission_bps=0.5 commission_min_per_order=0.35 slippage_bps=1.5
[CFG] align_state_from_broker_once=1 align_state_require_broker_positions=1 align_state_cash_mode=preserve_nav
[DATA] current_date=2026-04-01 price_col=close symbols=175 snapshot_fallback_count=0
[EXEC][optimal] loading freeze artifacts
[EXEC][optimal][ALIGN] requested=1 applied=1 reason=applied_from_broker_positions marker=artifacts\execution_loop\optimal\state_alignment_once.json
[EXEC][optimal] starting_nav=78579.97 ending_nav=78579.97 cash_after=149315.36 market_value_after=-70735.39 nav_recon_error=0.000000 order_count=0 active_names=3 gross_target=0.1000 price_col=close merged_missing_prices=0 fallback_price_rows=0 mtm_fallback_count=1 fractional_enabled_effective=0 bootstrap_only=1 skip_reason=aligned_state_bootstrap_only
[EXEC][optimal][RISK] dropped_price_below_min=0 dropped_price_above_max=0 clipped_weight_cap=0 clipped_notional_cap=0
[EXEC][optimal][DIAG] already_at_target=0 below_min_notional=0 rounded_to_zero_from_nonzero_target=0 entered_new_position=0 exited_position=0 increased_existing_position=0 decreased_existing_position=0 symbol_only_in_state=0 symbol_only_in_target=0
[EXEC][optimal][COST] estimated_commission_total=0.0000 estimated_slippage_total=0.0000 estimated_total_cost=0.0000
[EXEC][optimal][BOOTSTRAP_ONLY] state aligned from broker_positions.csv; skipping live order generation on this run
[EXEC][optimal][POSITIONS_MTM_TOP]
symbol  shares  last_price  market_value
  MSFT   11.00      369.37     4063.0700
  AAPL    8.35      255.63     2134.5105
  NVDA  -12.00      175.75    -2109.0000
  AMZN  -13.00      210.57    -2737.4100
  RKLB  -48.00       65.52    -3144.9600
  SHOP  -33.00      100.00    -3300.0000
  INTC -200.00       48.03    -9606.0000
  CRCL -128.00       90.74   -11614.7200
  HOOD -296.00       70.11   -20752.5600
   NEM -208.00      113.79   -23668.3200
[ARTIFACT] artifacts\execution_loop\optimal\target_book.csv
[ARTIFACT] artifacts\execution_loop\optimal\orders.csv
[ARTIFACT] artifacts\execution_loop\optimal\positions_mark_to_market.csv
[ARTIFACT] artifacts\execution_loop\optimal\portfolio_state.json
[ARTIFACT] artifacts\execution_loop\optimal\execution_log.csv
[ARTIFACT] artifacts\execution_loop\optimal\state_alignment_once.json
[EXEC][aggressive] loading freeze artifacts
[EXEC][aggressive][ALIGN] requested=1 applied=1 reason=applied_from_broker_positions marker=artifacts\execution_loop\aggressive\state_alignment_once.json
[EXEC][aggressive] starting_nav=82922.91 ending_nav=82922.91 cash_after=153658.30 market_value_after=-70735.39 nav_recon_error=0.000000 order_count=0 active_names=3 gross_target=0.1500 price_col=close merged_missing_prices=0 fallback_price_rows=0 mtm_fallback_count=1 fractional_enabled_effective=0 bootstrap_only=1 skip_reason=aligned_state_bootstrap_only
[EXEC][aggressive][RISK] dropped_price_below_min=0 dropped_price_above_max=0 clipped_weight_cap=3 clipped_notional_cap=0
[EXEC][aggressive][DIAG] already_at_target=0 below_min_notional=0 rounded_to_zero_from_nonzero_target=0 entered_new_position=0 exited_position=0 increased_existing_position=0 decreased_existing_position=0 symbol_only_in_state=0 symbol_only_in_target=0
[EXEC][aggressive][COST] estimated_commission_total=0.0000 estimated_slippage_total=0.0000 estimated_total_cost=0.0000
[EXEC][aggressive][BOOTSTRAP_ONLY] state aligned from broker_positions.csv; skipping live order generation on this run
[EXEC][aggressive][POSITIONS_MTM_TOP]
symbol  shares  last_price  market_value
  MSFT   11.00      369.37     4063.0700
  AAPL    8.35      255.63     2134.5105
  NVDA  -12.00      175.75    -2109.0000
  AMZN  -13.00      210.57    -2737.4100
  RKLB  -48.00       65.52    -3144.9600
  SHOP  -33.00      100.00    -3300.0000
  INTC -200.00       48.03    -9606.0000
  CRCL -128.00       90.74   -11614.7200
  HOOD -296.00       70.11   -20752.5600
   NEM -208.00      113.79   -23668.3200
[ARTIFACT] artifacts\execution_loop\aggressive\target_book.csv
[ARTIFACT] artifacts\execution_loop\aggressive\orders.csv
[ARTIFACT] artifacts\execution_loop\aggressive\positions_mark_to_market.csv
[ARTIFACT] artifacts\execution_loop\aggressive\portfolio_state.json
[ARTIFACT] artifacts\execution_loop\aggressive\execution_log.csv
[ARTIFACT] artifacts\execution_loop\aggressive\state_alignment_once.json
[FINAL] execution loop complete