PS C:\Users\Dmytro Govor\Documents\Python-Edge> python .\scripts\run_execution_loop.py
[CFG] live_feature_snapshot_file=artifacts\live_alpha\live_feature_snapshot.parquet
[CFG] freeze_root=artifacts\freeze_runner
[CFG] execution_root=artifacts\execution_loop
[CFG] account_nav=100000.0
[CFG] configs=['optimal', 'aggressive']
[CFG] allow_fractional_shares=0 min_order_notional=25.0 skip_empty_freeze_configs=1 require_freeze_date_match_live_prices=1
[DATA] current_date=2026-03-25 price_col=close symbols=500 snapshot_fallback_count=0
[EXEC][optimal] loading freeze artifacts
[EXEC][optimal] starting_nav=94937.97 ending_nav=94937.97 cash_after=85591.03 market_value_after=9346.94 nav_recon_error=0.000000 order_count=4 active_names=5 gross_target=0.1000 price_col=close merged_missing_prices=0 fallback_price_rows=0 mtm_fallback_count=0
[EXEC][optimal][ORDERS_TOP]
symbol order_side  delta_shares  price  order_notional  target_weight skip_reason
  AAOI       HOLD           0.0 114.41            0.00       0.011372
  DOCN       SELL          -1.0  87.00          -87.00       0.014959
    VG       SELL          -6.0  16.71         -100.26       0.017928
  UGRO       SELL          -4.0  36.29         -145.16       0.029694
  MAZE       SELL          -5.0  31.73         -158.65       0.026047
[EXEC][optimal][POSITIONS_MTM_TOP]
symbol  shares  last_price  market_value
  UGRO    77.0       36.29       2794.33
  MAZE    77.0       31.73       2443.21
    VG   101.0       16.71       1687.71
  DOCN    16.0       87.00       1392.00
  AAOI     9.0      114.41       1029.69
[ARTIFACT] artifacts\execution_loop\optimal\target_book.csv
[ARTIFACT] artifacts\execution_loop\optimal\orders.csv
[ARTIFACT] artifacts\execution_loop\optimal\positions_mark_to_market.csv
[ARTIFACT] artifacts\execution_loop\optimal\portfolio_state.json
[ARTIFACT] artifacts\execution_loop\optimal\execution_log.csv
[EXEC][aggressive] loading freeze artifacts
[EXEC][aggressive] starting_nav=102661.45 ending_nav=102661.45 cash_after=82706.27 market_value_after=19955.18 nav_recon_error=0.000000 order_count=10 active_names=15 gross_target=0.2000 price_col=close merged_missing_prices=0 fallback_price_rows=0 mtm_fallback_count=0
[EXEC][aggressive][ORDERS_TOP]
symbol order_side  delta_shares  price  order_notional  target_weight skip_reason
  SNDK        BUY           1.0 677.86          677.86       0.013458
  UGRO        BUY           3.0  36.29          108.87       0.029694
  MAZE        BUY           2.0  31.73           63.46       0.026047
   OXY        BUY           1.0  61.85           61.85       0.007318
   OVV        BUY           1.0  60.14           60.14       0.007635
   JHG        BUY           1.0  51.42           51.42       0.010191
    VG        BUY           3.0  16.71           50.13       0.017928
   APA        BUY           1.0  41.32           41.32       0.008982
  ONON        BUY           1.0  35.16           35.16       0.008773
  LBRT        BUY           1.0  28.80           28.80       0.012503
  AAOI       HOLD           0.0 114.41            0.00       0.014908
    CF       HOLD           0.0 128.11            0.00       0.009109
  DOCN       HOLD           0.0  87.00            0.00       0.014959
   LNG       HOLD           0.0 284.39            0.00       0.009849
   MPC       HOLD           0.0 241.25            0.00       0.008646
[EXEC][aggressive][POSITIONS_MTM_TOP]
symbol  shares  last_price  market_value
  UGRO    84.0       36.29       3048.36
  MAZE    84.0       31.73       2665.32
    VG   110.0       16.71       1838.10
  AAOI    13.0      114.41       1487.33
  DOCN    17.0       87.00       1479.00
  SNDK     2.0      677.86       1355.72
  LBRT    44.0       28.80       1267.20
   JHG    20.0       51.42       1028.40
   APA    22.0       41.32        909.04
    CF     7.0      128.11        896.77
  ONON    25.0       35.16        879.00
   LNG     3.0      284.39        853.17
   OVV    13.0       60.14        781.82
   OXY    12.0       61.85        742.20
   MPC     3.0      241.25        723.75
[ARTIFACT] artifacts\execution_loop\aggressive\target_book.csv
[ARTIFACT] artifacts\execution_loop\aggressive\orders.csv
[ARTIFACT] artifacts\execution_loop\aggressive\positions_mark_to_market.csv
[ARTIFACT] artifacts\execution_loop\aggressive\portfolio_state.json
[ARTIFACT] artifacts\execution_loop\aggressive\execution_log.csv
[FINAL] execution loop complete