PS C:\Users\Dmytro Govor\Documents\Python-Edge> python .\scripts\run_universe_builder.py
[CFG] base_url=https://api.massive.com
[CFG] universe_profile=trading_us_core_v1
[CFG] target_size=175 sector_cap=18
[CFG] min_price=7.50 min_median_dollar_vol_20d=20000000.00
[CFG] min_history_days=25 max_nan_ratio=0.0200 max_missing_days_20d=1
[CFG] rebalance_freq=weekly reuse_last=1
[DATA] as_of_date=2026-03-25
[UNIVERSE] reference_total=12410
[UNIVERSE] core_candidates_after_reference_filter=5126
[GROUPED] 5/40 days fetched rows=59477
[GROUPED] 10/40 days fetched rows=118985
[GROUPED] 15/40 days fetched rows=166686
[GROUPED] 20/40 days fetched rows=226060
[GROUPED] 25/40 days fetched rows=285750
[GROUPED] 30/40 days fetched rows=345461
[GROUPED] 35/40 days fetched rows=405083
[GROUPED] 40/40 days fetched rows=464825
C:\Users\Dmytro Govor\Documents\Python-Edge\scripts\run_universe_builder.py:240: FutureWarning: The behavior of DataFrame concatenation with empty or all-NA entries is deprecated. In a future version, this will no longer exclude empty or all-NA columns when determining the result dtypes. To retain the old behavior, exclude the relevant entries before the concat operation.
  panel = pd.concat(frames, ignore_index=True) if frames else pd.DataFrame(columns=["ticker", "date", "open", "high", "low", "close", "volume"])
[UNIVERSE] grouped_rows_after_core_filter=194599 symbols=5111
[UNIVERSE] stage2 candidate cap applied -> 1200
[UNIVERSE] dropped_price=28
[UNIVERSE] dropped_liquidity=0
[UNIVERSE] dropped_history=3
[UNIVERSE] dropped_data_quality=0
[UNIVERSE] eligible_total=1169
[UNIVERSE] selected_total=175
[UNIVERSE][TOP_SELECTED]
ticker  sector  last_close  median_dollar_vol_20d liquidity_bucket volatility_bucket price_bucket
  NVDA UNKNOWN      178.68           3.244999e+10             HIGH               MID         HIGH
  TSLA UNKNOWN      385.95           2.332092e+10             HIGH               LOW         HIGH
    MU UNKNOWN      382.09           1.476819e+10             HIGH              HIGH         HIGH
  MSFT UNKNOWN      371.04           1.253235e+10             HIGH               LOW         HIGH
  SNDK UNKNOWN      677.86           1.158930e+10             HIGH              HIGH         HIGH
  AAPL UNKNOWN      252.62           1.005239e+10             HIGH               LOW         HIGH
  AVGO UNKNOWN      318.81           9.532852e+09             HIGH               MID         HIGH
  AMZN UNKNOWN      211.71           9.298497e+09             HIGH               LOW         HIGH
 GOOGL UNKNOWN      290.93           8.712519e+09             HIGH               LOW         HIGH
  META UNKNOWN      594.89           7.759042e+09             HIGH               LOW         HIGH
  PLTR UNKNOWN      154.96           7.389412e+09             HIGH               MID         HIGH
   AMD UNKNOWN      220.27           6.491479e+09             HIGH               MID         HIGH
  GOOG UNKNOWN      289.59           6.040774e+09             HIGH               LOW         HIGH
  LITE UNKNOWN      777.17           5.008947e+09             HIGH              HIGH         HIGH
  ORCL UNKNOWN      146.02           3.715615e+09             HIGH               MID         HIGH
  INTC UNKNOWN       47.18           3.606379e+09             HIGH               MID         HIGH
   XOM UNKNOWN      163.26           3.544868e+09             HIGH               LOW         HIGH
   JPM UNKNOWN      295.42           3.010139e+09             HIGH               LOW         HIGH
  MSTR UNKNOWN      139.13           2.715218e+09             HIGH              HIGH         HIGH
   CRM UNKNOWN      181.96           2.625630e+09             HIGH               MID         HIGH
   CVX UNKNOWN      205.15           2.609455e+09             HIGH               LOW         HIGH
   LLY UNKNOWN      916.31           2.583957e+09             HIGH               LOW         HIGH
   WDC UNKNOWN      296.14           2.521471e+09             HIGH              HIGH         HIGH
   WMT UNKNOWN      123.06           2.379360e+09             HIGH               LOW         HIGH
  CRCL UNKNOWN      103.86           2.373885e+09             HIGH              HIGH         HIGH
[OK] snapshot=artifacts\daily_cycle\universe\universe_snapshot.parquet
[OK] summary=artifacts\daily_cycle\universe\universe_summary.json

[EXIT] code=0