PS C:\Users\Dmytro Govor\Documents\Python-Edge> [System.Environment]::GetEnvironmentVariable("UNIVERSE_SNAPSHOT_FILE", "User")
PS C:\Users\Dmytro Govor\Documents\Python-Edge> [System.Environment]::GetEnvironmentVariable("UNIVERSE_SNAPSHOT_FILE", "Machine")
PS C:\Users\Dmytro Govor\Documents\Python-Edge> [System.Environment]::SetEnvironmentVariable("UNIVERSE_SNAPSHOT_FILE", $null, "User")
PS C:\Users\Dmytro Govor\Documents\Python-Edge> [System.Environment]::SetEnvironmentVariable("UNIVERSE_SNAPSHOT_FILE", $null, "Machine")
MethodInvocationException: Exception calling "SetEnvironmentVariable" with "3" argument(s): "Requested registry access is not allowed."
PS C:\Users\Dmytro Govor\Documents\Python-Edge> # Очистити застарілий системний env якщо є
PS C:\Users\Dmytro Govor\Documents\Python-Edge> Remove-Item Env:UNIVERSE_SNAPSHOT_FILE -ErrorAction SilentlyContinue
PS C:\Users\Dmytro Govor\Documents\Python-Edge> $env:UNIVERSE_SNAPSHOT_FILE = "artifacts/daily_cycle/universe/universe_snapshot.parquet"
PS C:\Users\Dmytro Govor\Documents\Python-Edge>
PS C:\Users\Dmytro Govor\Documents\Python-Edge> python launch_daily_update.py
============================================================
  Python-Edge — Daily Data Update
============================================================
  ROOT: C:\Users\Dmytro Govor\Documents\Python-Edge
  MASSIVE_API_KEY: SET


============================================================
[RUN] scripts/run_daily_cycle.py
============================================================
[CFG] configs=['optimal', 'aggressive']
[CFG] require_any_live_active_names=1 require_fresh_freeze_date_match=1 run_broker_handoff=0 run_broker_adapter=0 run_broker_reconcile=0
[CFG] require_freeze_universe_filter=1 min_freeze_universe_survival_ratio=0.9000
[CFG] require_freeze_live_gate_passed=0 require_any_replay_gate_pass=1
[CFG] child_pause_on_exit=0
[STEP] universe builder
[RUN] C:\Users\Dmytro Govor\AppData\Local\Programs\Python\Python313\python.exe C:\Users\Dmytro Govor\Documents\Python-Edge\scripts\run_universe_builder.py
[RUN][ENV] PAUSE_ON_EXIT=0
[CFG] output_dir=artifacts\daily_cycle\universe
[CFG] universe_profile=trading_us_core_v1
[CFG] target_size=175 top_n=175
[CFG] history_lookback_days=45
[CFG] rebalance_freq=weekly reuse_last=True
[CFG] eligibility.min_price=7.5
[CFG] eligibility.min_median_dollar_vol_20d=20,000,000
[CFG] eligibility.min_history_days=25
[CFG] eligibility.allowed_ticker_types=('CS',)
[SECTOR_CAP] global mode cap=18
[SECTOR_CAP]   broad_sector='other' selected=18 cap=18
[SECTOR_CAP]   broad_sector='technology' selected=18 cap=18
[SECTOR_CAP]   broad_sector='financials' selected=18 cap=18
[SECTOR_CAP]   broad_sector='industrials' selected=15 cap=18
[SECTOR_CAP]   broad_sector='healthcare' selected=12 cap=18
[SECTOR_CAP]   broad_sector='consumer_cyclical' selected=10 cap=18
[SECTOR_CAP]   broad_sector='materials' selected=8 cap=18
[SECTOR_CAP]   broad_sector='communication' selected=3 cap=18
[SECTOR_CAP]   broad_sector='real_estate' selected=3 cap=18
[SECTOR_CAP]   broad_sector='energy' selected=2 cap=18
[SECTOR_CAP]   broad_sector='utilities' selected=2 cap=18
[SECTOR_CAP]   broad_sector='consumer_staples' selected=1 cap=18
[ELIG][universe_builder] candidates=5059 eligible=510 dropped=4549
[ELIG][universe_builder]   dropped_price=1731
[ELIG][universe_builder]   dropped_liquidity=4539
[ELIG][universe_builder]   dropped_history=4537
[ELIG][universe_builder]   dropped_nan_ratio=4534
[ELIG][universe_builder]   dropped_missing_days=4536
[OK] snapshot=artifacts\daily_cycle\universe\universe_snapshot.parquet rows=110
[OK] eligibility_debug=artifacts\daily_cycle\universe\universe_eligibility_debug.parquet
[OK] summary=artifacts\daily_cycle\universe\universe_summary.json
[OK] eligibility_dropped=artifacts\daily_cycle\universe\universe_eligibility_dropped.csv
[OK] eligibility_eligible=artifacts\daily_cycle\universe\universe_eligibility_eligible.csv
[OK] eligibility_counters=artifacts\daily_cycle\universe\universe_eligibility_counters.json
[FINAL] universe builder complete snapshot=artifacts\daily_cycle\universe\universe_snapshot.parquet summary=artifacts\daily_cycle\universe\universe_summary.json
[DIAG][UNIVERSE] snapshot=C:\Users\Dmytro Govor\Documents\Python-Edge\artifacts\daily_cycle\universe\universe_snapshot.parquet summary=C:\Users\Dmytro Govor\Documents\Python-Edge\artifacts\daily_cycle\universe\universe_summary.json rows_current=110 all_symbols_current=110 selected_symbols_current=110 symbol_col=symbol date_col=date selected_col=selected current_date=2026-04-23
[DIAG][UNIVERSE][SUMMARY] eligible_total=510 selected_total=110 overview_missing_sic_total=None sector_unknown_selected=None industry_unknown_selected=None
[STEP] live alpha snapshot
[RUN] C:\Users\Dmytro Govor\AppData\Local\Programs\Python\Python313\python.exe C:\Users\Dmytro Govor\Documents\Python-Edge\scripts\run_live_alpha_snapshot.py
[RUN][ENV] PAUSE_ON_EXIT=0
[CFG] universe_snapshot_file=artifacts\daily_cycle\universe\universe_snapshot.parquet
[CFG] dynamic_universe_file=artifacts\daily_cycle\universe\dynamic_universe.parquet
[CFG] live_alpha_out_dir=artifacts\live_alpha
[CFG] live_alpha_scope=registry survivor_top_n=6
[CFG] lookback_days=260 max_symbols=500
[CFG] proxy_enable=1 interaction_enable=1 interaction_top_k=24 interaction_gates=oil_up|dollar_up|macro_risk_off
[BROAD_SECTOR] loaded from dynamic_universe.parquet symbols=229 unique_sectors=12
[UNIVERSE][LOAD] source=dynamic_universe.parquet symbol_col=ticker latest_date=2026-04-10 selected=229 max_symbols=500
[UNIVERSE] selected_symbols=229 as_of_date=2026-04-10
[FETCH][WARN] symbol=META failed
[FETCH] 25/229 complete rows=4320 failed=1
[FETCH][WARN] symbol=BE failed
[FETCH][WARN] symbol=ABBV failed
[FETCH][WARN] symbol=ABT failed
[FETCH] 50/229 complete rows=8280 failed=4
[FETCH] 75/229 complete rows=12780 failed=4
[FETCH] 100/229 complete rows=17280 failed=4
[FETCH] 125/229 complete rows=21780 failed=4
[FETCH] 150/229 complete rows=26280 failed=4
[FETCH] 175/229 complete rows=30780 failed=4
[FETCH] 200/229 complete rows=35280 failed=4
[FETCH] 225/229 complete rows=39780 failed=4
[FETCH] 229/229 complete rows=40500 failed=4
[FETCH] final_symbols=225 rows=40500 failed_symbols=4
[FETCH][FAILED_SAMPLE] ['META', 'BE', 'ABBV', 'ABT']
[FETCH] 12/12 complete rows=2160 failed=0
[FETCH] final_symbols=12 rows=2160 failed_symbols=0
[BROAD_SECTOR] attached to panel symbols=225 unique_sectors=12
[FACTORY] recipe_source=default_priority+recent_default_priority recipe_count=2088
[INTERACTION] base_alpha_count=24 enabled_gates=['oil_up', 'dollar_up', 'macro_risk_off'] added_columns=72
[OK] base_snapshot=artifacts\live_alpha\live_feature_snapshot.parquet
[OK] proxy_feature_snapshot=artifacts\live_alpha\live_proxy_feature_snapshot.parquet
[OK] live_alpha_snapshot=artifacts\live_alpha\live_alpha_snapshot.parquet
[OK] manifest=artifacts\live_alpha\live_alpha_manifest.csv
[OK] dropped=artifacts\live_alpha\live_alpha_dropped.csv
[OK] meta=artifacts\live_alpha\live_alpha_meta.json
[DIAG][LIVE_ALPHA] snapshot=C:\Users\Dmytro Govor\Documents\Python-Edge\artifacts\live_alpha\live_alpha_snapshot.parquet current_rows=225 current_symbols=225 alpha_col_count=1378 current_date=2026-04-10 date_match_vs_universe=0
[DIAG][LIVE_ALPHA][COVERAGE] universe_selected_current=110 present_in_live_alpha=102 missing_from_live_alpha=8 extra_vs_selected=123 extra_vs_all=123
[DIAG][LIVE_ALPHA][MISSING_TOP] ABBV, ABT, BE, CSX, LLY, LRCX, META, MRVL
[DIAG][LIVE_ALPHA][EXTRA_VS_SELECTED_TOP] A, AAP, ACGL, ACI, ACLS, ADM, ADP, ADSK, AEE, AEHR, AEIS, AEO, AEP, AES, AFL, AFRM, AGNC, AHR, AIG, AIT, AJG, AKAM, ALAB, ALGN, ALL ... (+98 more)
[DIAG][LIVE_ALPHA][EXTRA_VS_ALL_TOP] A, AAP, ACGL, ACI, ACLS, ADM, ADP, ADSK, AEE, AEHR, AEIS, AEO, AEP, AES, AFL, AFRM, AGNC, AHR, AIG, AIT, AJG, AKAM, ALAB, ALGN, ALL ... (+98 more)
[ARTIFACT] C:\Users\Dmytro Govor\Documents\Python-Edge\artifacts\daily_cycle\universe_live_alpha_diagnostics.json
[STEP] freeze runner
[RUN] C:\Users\Dmytro Govor\AppData\Local\Programs\Python\Python313\python.exe C:\Users\Dmytro Govor\Documents\Python-Edge\scripts\run_freeze_runner.py
[RUN][ENV] PAUSE_ON_EXIT=0
[CFG] live_alpha_snapshot_file=artifacts\live_alpha\live_alpha_snapshot.parquet
[CFG] universe_snapshot_file=artifacts\daily_cycle\universe\universe_snapshot.parquet
[CFG] out_dir=artifacts\freeze_runner
[CFG] require_universe_filter=1 require_universe_current_date_match=0 min_universe_survival_ratio=0.9000
[CFG] auto_refresh_live_alpha_on_date_mismatch=1 live_alpha_refresh_script=scripts\run_live_alpha_snapshot.py
[CFG] freeze_require_positive_replay_sharpe=0 freeze_min_replay_sharpe=0.0000 freeze_min_replay_cumret=0.0000 freeze_min_live_active_names=1
[CFG] component_prefilter min_proxy_train_sharpe=0.0000 min_abs_mean_ic=0.000000 basket_candidate_pool=8 basket_max_combos=40
[CFG] sign_source=last_fold require_recent_sign=0
[CFG] frozen wf=120/20/20 components=4 weighting=ic
[UNIVERSE_FILTER] applied=1 universe_selected_current=110 present_in_panel_current=102 missing_in_panel_current=8 survival_ratio_current=0.9273 panel_rows_before_filter=40500 panel_rows_after_filter=18360 live_snapshot_current_date=2026-04-10
[DATA] rows=18360 symbols=102 alpha_cols=1378 first_date=2025-07-24 last_date=2026-04-10
[FREEZE] last_completed_fold fold_id=3 train=2025-09-19..2026-03-12 test=2026-03-13..2026-04-10
[COMPONENTS][ALL_CANDIDATES_TOP]
                               alpha  train_abs_mean_ic  proxy_train_sharpe  train_sign_locked  last_fold_abs_mean_ic  last_fold_mean_ic  last_fold_sign_locked  effective_sign_locked sign_source_used
   alpha_ivol_20d_raw_raw_mul_liq_hi           0.246743            1.165956                1.0               0.254295           0.089957                    1.0                    1.0     last_fold_ic
   alpha_ivol_20d_raw_raw_mul_liq_lo           0.246743            1.165956                1.0               0.254295           0.089957                    1.0                    1.0     last_fold_ic
 alpha_ivol_20d_raw_raw_mul_liq_rank           0.246743            1.165956                1.0               0.254295           0.089957                    1.0                    1.0     last_fold_ic
    alpha_ivol_20d_raw_raw_mul_liq_z           0.246743            1.165956                1.0               0.254295           0.089957                    1.0                    1.0     last_fold_ic
     alpha_ivol_20d_z_raw_mul_liq_hi           0.242252            1.098199                1.0               0.249491           0.094022                    1.0                    1.0     last_fold_ic
     alpha_ivol_20d_z_raw_mul_liq_lo           0.242252            1.098199                1.0               0.249491           0.094022                    1.0                    1.0     last_fold_ic
   alpha_ivol_20d_z_raw_mul_liq_rank           0.242252            1.098199                1.0               0.249491           0.094022                    1.0                    1.0     last_fold_ic
      alpha_ivol_20d_z_raw_mul_liq_z           0.242252            1.098199                1.0               0.249491           0.094022                    1.0                    1.0     last_fold_ic
alpha_ivol_20d_z_raw_mul_volshock_hi           0.236238            0.985311                1.0               0.245878           0.094169                    1.0                    1.0     last_fold_ic
alpha_ivol_20d_z_raw_mul_volshock_lo           0.236238            0.985311                1.0               0.245878           0.094169                    1.0                    1.0     last_fold_ic
[COMPONENTS][optimal] selected_by_basket_search component_count=4 pool_size=8 combos_evaluated=40
                            alpha  train_abs_mean_ic  proxy_train_sharpe  train_sign_locked  last_fold_abs_mean_ic  last_fold_mean_ic  last_fold_sign_locked  effective_sign_locked sign_source_used
alpha_ivol_20d_raw_raw_mul_liq_hi           0.246743            1.165956                1.0               0.254295           0.089957                    1.0                    1.0     last_fold_ic
  alpha_ivol_20d_z_raw_mul_liq_hi           0.242252            1.098199                1.0               0.249491           0.094022                    1.0                    1.0     last_fold_ic
  alpha_ivol_20d_z_raw_mul_liq_lo           0.242252            1.098199                1.0               0.249491           0.094022                    1.0                    1.0     last_fold_ic
alpha_ivol_20d_z_raw_mul_liq_rank           0.242252            1.098199                1.0               0.249491           0.094022                    1.0                    1.0     last_fold_ic
[BASKET_SEARCH][optimal][TOP]
 basket_id                                                                                                                            alpha_list  component_count  train_abs_mean_ic_avg  proxy_train_sharpe_avg  last_fold_abs_mean_ic_avg  last_fold_proxy_sharpe_avg  replay_sharpe_last_fold  replay_cumret_last_fold  replay_max_drawdown_last_fold  replay_avg_turnover_last_fold
        32   alpha_ivol_20d_raw_raw_mul_liq_hi|alpha_ivol_20d_z_raw_mul_liq_hi|alpha_ivol_20d_z_raw_mul_liq_lo|alpha_ivol_20d_z_raw_mul_liq_rank                4               0.243375                1.115138                   0.250692                    4.969131                 5.497536                 0.085141                      -0.044484                       0.030944
        33      alpha_ivol_20d_raw_raw_mul_liq_hi|alpha_ivol_20d_z_raw_mul_liq_hi|alpha_ivol_20d_z_raw_mul_liq_lo|alpha_ivol_20d_z_raw_mul_liq_z                4               0.243375                1.115138                   0.250692                    4.969131                 5.497536                 0.085141                      -0.044484                       0.030944
        34    alpha_ivol_20d_raw_raw_mul_liq_hi|alpha_ivol_20d_z_raw_mul_liq_hi|alpha_ivol_20d_z_raw_mul_liq_rank|alpha_ivol_20d_z_raw_mul_liq_z                4               0.243375                1.115138                   0.250692                    4.969131                 5.497536                 0.085141                      -0.044484                       0.030944
        35    alpha_ivol_20d_raw_raw_mul_liq_hi|alpha_ivol_20d_z_raw_mul_liq_lo|alpha_ivol_20d_z_raw_mul_liq_rank|alpha_ivol_20d_z_raw_mul_liq_z                4               0.243375                1.115138                   0.250692                    4.969131                 5.497536                 0.085141                      -0.044484                       0.030944
        10   alpha_ivol_20d_raw_raw_mul_liq_hi|alpha_ivol_20d_raw_raw_mul_liq_lo|alpha_ivol_20d_z_raw_mul_liq_hi|alpha_ivol_20d_z_raw_mul_liq_lo                4               0.244498                1.132077                   0.251893                    4.865687                 4.340438                 0.074916                      -0.058532                       0.029713
        11 alpha_ivol_20d_raw_raw_mul_liq_hi|alpha_ivol_20d_raw_raw_mul_liq_lo|alpha_ivol_20d_z_raw_mul_liq_hi|alpha_ivol_20d_z_raw_mul_liq_rank                4               0.244498                1.132077                   0.251893                    4.865687                 4.340438                 0.074916                      -0.058532                       0.029713
        12    alpha_ivol_20d_raw_raw_mul_liq_hi|alpha_ivol_20d_raw_raw_mul_liq_lo|alpha_ivol_20d_z_raw_mul_liq_hi|alpha_ivol_20d_z_raw_mul_liq_z                4               0.244498                1.132077                   0.251893                    4.865687                 4.340438                 0.074916                      -0.058532                       0.029713
        13 alpha_ivol_20d_raw_raw_mul_liq_hi|alpha_ivol_20d_raw_raw_mul_liq_lo|alpha_ivol_20d_z_raw_mul_liq_lo|alpha_ivol_20d_z_raw_mul_liq_rank                4               0.244498                1.132077                   0.251893                    4.865687                 4.340438                 0.074916                      -0.058532                       0.029713
        14    alpha_ivol_20d_raw_raw_mul_liq_hi|alpha_ivol_20d_raw_raw_mul_liq_lo|alpha_ivol_20d_z_raw_mul_liq_lo|alpha_ivol_20d_z_raw_mul_liq_z                4               0.244498                1.132077                   0.251893                    4.865687                 4.340438                 0.074916                      -0.058532                       0.029713
        15  alpha_ivol_20d_raw_raw_mul_liq_hi|alpha_ivol_20d_raw_raw_mul_liq_lo|alpha_ivol_20d_z_raw_mul_liq_rank|alpha_ivol_20d_z_raw_mul_liq_z                4               0.244498                1.132077                   0.251893                    4.865687                 4.340438                 0.074916                      -0.058532                       0.029713
[FREEZE][optimal] live_active_names_raw=2 live_active_names=2 live_gate_passed=1 live_gate_reason=passed replay_sharpe_last_fold=5.4975 replay_cumret_last_fold=0.0851 avg_turnover=0.0309 avg_gross=0.5754
[FREEZE][optimal][UNIVERSE] applied=1 selected_current=110 present_in_panel_current=102 survival_ratio_current=0.9273 live_snapshot_current_date=2026-04-10
[FREEZE][optimal][LIVE_BOOK_TOP]
symbol  weight     score  side market_regime  long_budget  short_budget  turnover
  AAOI    0.05  6.404579   1.0       neutral          0.5           0.5      0.05
  ACLX   -0.05 -1.539135  -1.0       neutral          0.5           0.5      0.05
[COMPONENTS][aggressive] selected_by_basket_search component_count=4 pool_size=8 combos_evaluated=40
                            alpha  train_abs_mean_ic  proxy_train_sharpe  train_sign_locked  last_fold_abs_mean_ic  last_fold_mean_ic  last_fold_sign_locked  effective_sign_locked sign_source_used
alpha_ivol_20d_raw_raw_mul_liq_hi           0.246743            1.165956                1.0               0.254295           0.089957                    1.0                    1.0     last_fold_ic
  alpha_ivol_20d_z_raw_mul_liq_hi           0.242252            1.098199                1.0               0.249491           0.094022                    1.0                    1.0     last_fold_ic
  alpha_ivol_20d_z_raw_mul_liq_lo           0.242252            1.098199                1.0               0.249491           0.094022                    1.0                    1.0     last_fold_ic
alpha_ivol_20d_z_raw_mul_liq_rank           0.242252            1.098199                1.0               0.249491           0.094022                    1.0                    1.0     last_fold_ic
[BASKET_SEARCH][aggressive][TOP]
 basket_id                                                                                                                               alpha_list  component_count  train_abs_mean_ic_avg  proxy_train_sharpe_avg  last_fold_abs_mean_ic_avg  last_fold_proxy_sharpe_avg  replay_sharpe_last_fold  replay_cumret_last_fold  replay_max_drawdown_last_fold  replay_avg_turnover_last_fold
        32      alpha_ivol_20d_raw_raw_mul_liq_hi|alpha_ivol_20d_z_raw_mul_liq_hi|alpha_ivol_20d_z_raw_mul_liq_lo|alpha_ivol_20d_z_raw_mul_liq_rank                4               0.243375                1.115138                   0.250692                    4.969131                 3.325192                 0.087523                      -0.095527                       0.037849
        33         alpha_ivol_20d_raw_raw_mul_liq_hi|alpha_ivol_20d_z_raw_mul_liq_hi|alpha_ivol_20d_z_raw_mul_liq_lo|alpha_ivol_20d_z_raw_mul_liq_z                4               0.243375                1.115138                   0.250692                    4.969131                 3.325192                 0.087523                      -0.095527                       0.037849
        34       alpha_ivol_20d_raw_raw_mul_liq_hi|alpha_ivol_20d_z_raw_mul_liq_hi|alpha_ivol_20d_z_raw_mul_liq_rank|alpha_ivol_20d_z_raw_mul_liq_z                4               0.243375                1.115138                   0.250692                    4.969131                 3.325192                 0.087523                      -0.095527                       0.037849
        35       alpha_ivol_20d_raw_raw_mul_liq_hi|alpha_ivol_20d_z_raw_mul_liq_lo|alpha_ivol_20d_z_raw_mul_liq_rank|alpha_ivol_20d_z_raw_mul_liq_z                4               0.243375                1.115138                   0.250692                    4.969131                 3.325192                 0.087523                      -0.095527                       0.037849
         1 alpha_ivol_20d_raw_raw_mul_liq_hi|alpha_ivol_20d_raw_raw_mul_liq_lo|alpha_ivol_20d_raw_raw_mul_liq_rank|alpha_ivol_20d_raw_raw_mul_liq_z                4               0.246743                1.165956                   0.254295                    4.658798                 2.942784                 0.076307                      -0.099110                       0.038307
        10      alpha_ivol_20d_raw_raw_mul_liq_hi|alpha_ivol_20d_raw_raw_mul_liq_lo|alpha_ivol_20d_z_raw_mul_liq_hi|alpha_ivol_20d_z_raw_mul_liq_lo                4               0.244498                1.132077                   0.251893                    4.865687                 2.840860                 0.072810                      -0.099575                       0.036569
        11    alpha_ivol_20d_raw_raw_mul_liq_hi|alpha_ivol_20d_raw_raw_mul_liq_lo|alpha_ivol_20d_z_raw_mul_liq_hi|alpha_ivol_20d_z_raw_mul_liq_rank                4               0.244498                1.132077                   0.251893                    4.865687                 2.840860                 0.072810                      -0.099575                       0.036569
        12       alpha_ivol_20d_raw_raw_mul_liq_hi|alpha_ivol_20d_raw_raw_mul_liq_lo|alpha_ivol_20d_z_raw_mul_liq_hi|alpha_ivol_20d_z_raw_mul_liq_z                4               0.244498                1.132077                   0.251893                    4.865687                 2.840860                 0.072810                      -0.099575                       0.036569
        13    alpha_ivol_20d_raw_raw_mul_liq_hi|alpha_ivol_20d_raw_raw_mul_liq_lo|alpha_ivol_20d_z_raw_mul_liq_lo|alpha_ivol_20d_z_raw_mul_liq_rank                4               0.244498                1.132077                   0.251893                    4.865687                 2.840860                 0.072810                      -0.099575                       0.036569
        14       alpha_ivol_20d_raw_raw_mul_liq_hi|alpha_ivol_20d_raw_raw_mul_liq_lo|alpha_ivol_20d_z_raw_mul_liq_lo|alpha_ivol_20d_z_raw_mul_liq_z                4               0.244498                1.132077                   0.251893                    4.865687                 2.840860                 0.072810                      -0.099575                       0.036569
[FREEZE][aggressive] live_active_names_raw=3 live_active_names=3 live_gate_passed=1 live_gate_reason=passed replay_sharpe_last_fold=3.3252 replay_cumret_last_fold=0.0875 avg_turnover=0.0378 avg_gross=1.0000
[FREEZE][aggressive][UNIVERSE] applied=1 selected_current=110 present_in_panel_current=102 survival_ratio_current=0.9273 live_snapshot_current_date=2026-04-10
[FREEZE][aggressive][LIVE_BOOK_TOP]
symbol    weight     score  side market_regime  long_budget  short_budget  turnover
  AAOI  0.357143  6.404579   1.0          weak          0.5           0.5      0.05
   AGX  0.142857  4.568124   1.0          weak          0.5           0.5      0.05
  ACLX -0.500000 -1.539135  -1.0          weak          0.5           0.5      0.05
[ARTIFACT] artifacts\freeze_runner\freeze_all_configs_summary.json
[FINAL] freeze runner complete
[GATE] freeze summaries
[GATE] config=optimal live_current_date=2026-04-10 freeze_live_active_names=2 universe_filter_applied=1 universe_selected_current=110 universe_present_in_panel_current=102 universe_survival_ratio_current=0.9272727272727272 live_gate_passed=1 live_gate_reason=passed replay_sharpe_last_fold=5.497535820790699 replay_cumret_last_fold=0.08514061464805112
[GATE] config=aggressive live_current_date=2026-04-10 freeze_live_active_names=3 universe_filter_applied=1 universe_selected_current=110 universe_present_in_panel_current=102 universe_survival_ratio_current=0.9272727272727272 live_gate_passed=1 live_gate_reason=passed replay_sharpe_last_fold=3.325191991717016 replay_cumret_last_fold=0.08752328263475562
[ARTIFACT] C:\Users\Dmytro Govor\Documents\Python-Edge\artifacts\daily_cycle\freeze_gate_diagnostics.json
[GATE] execution_ready_configs=['optimal', 'aggressive']
[CFG] execution_ready_configs=['optimal', 'aggressive']
[CFG] CONFIG_NAMES overridden for downstream steps -> optimal|aggressive
[STEP] execution loop
[RUN] C:\Users\Dmytro Govor\AppData\Local\Programs\Python\Python313\python.exe C:\Users\Dmytro Govor\Documents\Python-Edge\scripts\run_execution_loop.py
[RUN][ENV] PAUSE_ON_EXIT=0
[CFG] live_feature_snapshot_file=artifacts\live_alpha\live_feature_snapshot.parquet freeze_root=artifacts\freeze_runner execution_root=artifacts\execution_loop account_nav=100000.00 fractional_mode=auto allow_fractional_shares=0
[CFG] min_order_notional=25.00 default_price_fallback=100.00 topk_print=50 reset_state=0 config_names=optimal|aggressive
[CFG] require_freeze_date_match_live_prices=1 skip_empty_freeze_configs=1 min_price_to_trade=1.0 max_price_to_trade=1000000.0
[CFG] max_single_name_weight=0.050000 max_single_name_notional=10000.00 commission_bps=0.5000 commission_min_per_order=0.3500 slippage_bps=1.5000
[CFG] align_state_from_broker_once=0 align_state_require_broker_positions=1 align_state_cash_mode=preserve_nav skip_legacy_symbols_not_in_target=1
[CFG] use_state_price_fallback_for_legacy=1 use_state_price_fallback_for_mtm=1 use_broker_positions_price_fallback_for_legacy=1 use_broker_positions_price_fallback_for_mtm=1
[CFG] sanitize_state_prices=1 persist_default_fallback_to_state=0
[LIVE_PRICES] current_date=2026-04-10 symbols=225 price_col=close snapshot_fallback_count=0
[EXEC][optimal] loading freeze artifacts
[EXEC][optimal][ALIGN] requested=0 applied=0 reason=not_requested marker=artifacts\execution_loop\optimal\state_alignment_once.json broker_fallback_symbols=0
[EXEC][optimal][STATE_SANITY] sanitized=0 updated_from_live=0 updated_from_broker_positions=0 cleared_default_like=0 missing_live_price=0 missing_broker_price=0
[EXEC][optimal] starting_nav=978968.03 ending_nav=978966.03 cash_after=988614.64 market_value_after=-9648.61 nav_recon_error=0.000000 order_count=1 active_names=2 gross_target=0.0204 price_col=close merged_missing_prices=0 fallback_price_rows=0 mtm_default_fallback_count=0 mtm_state_fallback_count=0 mtm_broker_positions_fallback_count=0 mtm_unpriced_count=0 fractional_enabled_effective=0 bootstrap_only=0 skip_reason=
[EXEC][optimal][RISK] dropped_price_below_min=0 dropped_price_above_max=0 clipped_weight_cap=0 clipped_notional_cap=2
[EXEC][optimal][DIAG] already_at_target=2 below_min_notional=0 rounded_to_zero_from_nonzero_target=0 entered_new_position=1 exited_position=0 increased_existing_position=0 decreased_existing_position=0 symbol_only_in_state=1 symbol_only_in_target=1 legacy_state_price_fallback=0 legacy_broker_positions_price_fallback=0 legacy_default_price_fallback=0 legacy_unpriced=0
[EXEC][optimal][COST] estimated_commission_total=0.4995 estimated_slippage_total=1.4985 estimated_total_cost=1.9980
[EXEC][optimal][ORDERS_TOP]
      date symbol  price         price_source  is_priced  target_weight  target_notional  target_shares_raw  current_shares  target_shares  raw_delta_shares  delta_shares order_side  order_notional  order_notional_abs  estimated_commission  estimated_slippage  estimated_total_cost                 skip_reason
2026-04-10   AAOI 150.60 target_live_snapshot          1       0.010215          10000.0          66.401062            66.0           66.0               0.0           0.0       HOLD            0.00                0.00               0.00000            0.000000              0.000000           already_at_target
2026-04-10  BRK.B 479.90        live_snapshot          1       0.000000              0.0           0.000000           -20.0          -20.0               0.0           0.0       HOLD            0.00                0.00               0.00000            0.000000              0.000000 legacy_symbol_not_in_target
2026-04-10   ACLX 114.83 target_live_snapshot          1      -0.010215         -10000.0         -87.085256             0.0          -87.0             -87.0         -87.0       SELL        -9990.21             9990.21               0.49951            1.498531              1.998042
[ARTIFACT] artifacts\execution_loop\optimal\orders.csv
[ARTIFACT] artifacts\execution_loop\optimal\positions_mark_to_market.csv
[ARTIFACT] artifacts\execution_loop\optimal\portfolio_state.json
[ARTIFACT] artifacts\execution_loop\optimal\execution_log.csv
[EXEC][aggressive] loading freeze artifacts
[EXEC][aggressive][ALIGN] requested=0 applied=0 reason=not_requested marker=artifacts\execution_loop\aggressive\state_alignment_once.json broker_fallback_symbols=0
[EXEC][aggressive][STATE_SANITY] sanitized=0 updated_from_live=0 updated_from_broker_positions=0 cleared_default_like=0 missing_live_price=0 missing_broker_price=0
[EXEC][aggressive] starting_nav=979056.31 ending_nav=979050.39 cash_after=969439.56 market_value_after=9610.83 nav_recon_error=0.000000 order_count=3 active_names=3 gross_target=0.0306 price_col=close merged_missing_prices=0 fallback_price_rows=0 mtm_default_fallback_count=0 mtm_state_fallback_count=0 mtm_broker_positions_fallback_count=0 mtm_unpriced_count=0 fractional_enabled_effective=0 bootstrap_only=0 skip_reason=
[EXEC][aggressive][RISK] dropped_price_below_min=0 dropped_price_above_max=0 clipped_weight_cap=3 clipped_notional_cap=3
[EXEC][aggressive][DIAG] already_at_target=0 below_min_notional=0 rounded_to_zero_from_nonzero_target=0 entered_new_position=3 exited_position=0 increased_existing_position=0 decreased_existing_position=0 symbol_only_in_state=0 symbol_only_in_target=3 legacy_state_price_fallback=0 legacy_broker_positions_price_fallback=0 legacy_default_price_fallback=0 legacy_unpriced=0
[EXEC][aggressive][COST] estimated_commission_total=1.4796 estimated_slippage_total=4.4387 estimated_total_cost=5.9182
[EXEC][aggressive][ORDERS_TOP]
      date symbol  price         price_source  is_priced  target_weight  target_notional  target_shares_raw  current_shares  target_shares  raw_delta_shares  delta_shares order_side  order_notional  order_notional_abs  estimated_commission  estimated_slippage  estimated_total_cost skip_reason
2026-04-10   AAOI 150.60 target_live_snapshot          1       0.010214          10000.0          66.401062             0.0           66.0              66.0          66.0        BUY         9939.60             9939.60              0.496980            1.490940              1.987920
2026-04-10    AGX 603.84 target_live_snapshot          1       0.010214          10000.0          16.560678             0.0           16.0              16.0          16.0        BUY         9661.44             9661.44              0.483072            1.449216              1.932288
2026-04-10   ACLX 114.83 target_live_snapshot          1      -0.010214         -10000.0         -87.085256             0.0          -87.0             -87.0         -87.0       SELL        -9990.21             9990.21              0.499510            1.498531              1.998042
[ARTIFACT] artifacts\execution_loop\aggressive\orders.csv
[ARTIFACT] artifacts\execution_loop\aggressive\positions_mark_to_market.csv
[ARTIFACT] artifacts\execution_loop\aggressive\portfolio_state.json
[ARTIFACT] artifacts\execution_loop\aggressive\execution_log.csv
[FINAL] execution loop complete
[FINAL] daily cycle complete

[OK] Daily update complete
     Run launch_full_cycle_cpapi.py to execute trades