C:\Users\Dmytro Govor\AppData\Local\Programs\Python\Python313\Lib\site-packages\pandas\core\nanops.py:1661: ConstantInputWarning: An input array is constant; the correlation coefficient is not defined.
  return spearmanr(a, b)[0]
C:\Users\Dmytro Govor\AppData\Local\Programs\Python\Python313\Lib\site-packages\pandas\core\nanops.py:1661: ConstantInputWarning: An input array is constant; the correlation coefficient is not defined.
  return spearmanr(a, b)[0]
[COMPONENTS][ALL_CANDIDATES_TOP]
                                              alpha  train_abs_mean_ic  proxy_train_sharpe  train_sign_locked  last_fold_abs_mean_ic  last_fold_mean_ic  last_fold_sign_locked  effective_sign_locked sign_source_used
            alpha_gap_lag1_regime_breadth_rank_lag1           0.174843            0.342777                1.0               0.203011           0.005605                    1.0                    1.0     last_fold_ic
alpha_gap_raw_regime_breadth_rank__x_macro_risk_off           0.173369           -0.872757               -1.0               0.165292           0.122034                    1.0                    1.0     last_fold_ic
     alpha_gap_raw_regime_breadth_rank__x_dollar_up           0.167387           -1.032744               -1.0               0.133897           0.077371                    1.0                    1.0     last_fold_ic
  alpha_overnight_drift_20d_raw_regime_breadth_rank           0.165373            1.694592                1.0               0.192317           0.004465                    1.0                    1.0     last_fold_ic
                 alpha_gap_cube_regime_breadth_rank           0.156959           -0.890961               -1.0               0.192221           0.063778                    1.0                    1.0     last_fold_ic
                  alpha_gap_raw_rank_mul_breadth_hi           0.156959           -0.890961               -1.0               0.192221           0.063778                    1.0                    1.0     last_fold_ic
                  alpha_gap_raw_rank_mul_breadth_lo           0.156959           -0.890961               -1.0               0.192221           0.063778                    1.0                    1.0     last_fold_ic
                alpha_gap_raw_rank_mul_breadth_rank           0.156959           -0.890961               -1.0               0.192221           0.063778                    1.0                    1.0     last_fold_ic
                   alpha_gap_raw_rank_mul_breadth_z           0.156959           -0.890961               -1.0               0.192221           0.063778                    1.0                    1.0     last_fold_ic
                   alpha_gap_raw_raw_mul_breadth_hi           0.156959           -0.890961               -1.0               0.192221           0.063778                    1.0                    1.0     last_fold_ic
[SECTOR_BOOST] index built symbol_alpha_pairs_boosted=307 total_pairs=1832
[COMPONENTS][optimal] selected_by_basket_search component_count=4 pool_size=8 combos_evaluated=40
                                            alpha  train_abs_mean_ic  proxy_train_sharpe  train_sign_locked  last_fold_abs_mean_ic  last_fold_mean_ic  last_fold_sign_locked  effective_sign_locked sign_source_used
alpha_overnight_drift_20d_raw_regime_breadth_rank           0.165373            1.694592                1.0               0.192317           0.004465                    1.0                    1.0     last_fold_ic
    alpha_ivol_20d_raw_regime_liq_hi__x_dollar_up           0.149570            1.496466                1.0               0.111820           0.073038                    1.0                    1.0     last_fold_ic
           alpha_ivol_20d_lag1_regime_liq_hi_lag1           0.149190            0.226598                1.0               0.116575           0.032336                    1.0                    1.0     last_fold_ic
               alpha_ivol_20d_clip3_regime_liq_hi           0.148612            0.223770                1.0               0.116699           0.032612                    1.0                    1.0     last_fold_ic
[BASKET_SEARCH][optimal][TOP]
 basket_id                                                                                                                                                                    alpha_list  component_count  train_abs_mean_ic_avg  proxy_train_sharpe_avg  last_fold_abs_mean_ic_avg  last_fold_proxy_sharpe_avg  replay_sharpe_last_fold  replay_cumret_last_fold  replay_max_drawdown_last_fold  replay_avg_turnover_last_fold
        38     alpha_overnight_drift_20d_raw_regime_breadth_rank|alpha_ivol_20d_raw_regime_liq_hi__x_dollar_up|alpha_ivol_20d_lag1_regime_liq_hi_lag1|alpha_ivol_20d_clip3_regime_liq_hi                4               0.153186                0.910356                   0.134353                    4.527357                 2.142320                 0.021790                      -0.030995                       0.028796
        39       alpha_overnight_drift_20d_raw_regime_breadth_rank|alpha_ivol_20d_raw_regime_liq_hi__x_dollar_up|alpha_ivol_20d_lag1_regime_liq_hi_lag1|alpha_ivol_20d_raw_regime_liq_hi                4               0.153186                0.910356                   0.134353                    4.527357                 2.142320                 0.021790                      -0.030995                       0.028796
        40      alpha_overnight_drift_20d_raw_regime_breadth_rank|alpha_ivol_20d_raw_regime_liq_hi__x_dollar_up|alpha_ivol_20d_lag2_regime_liq_hi_lag2|alpha_ivol_20d_ema3_regime_liq_hi                4               0.153306                0.912081                   0.134443                    4.527020                 1.322382                 0.013674                      -0.037211                       0.028712
        36 alpha_overnight_drift_20d_raw_regime_breadth_rank|alpha_ivol_20d_raw_regime_liq_hi__x_dollar_up|alpha_ivol_20d_lag1_regime_liq_hi_lag1|alpha_ivol_20d_lag2_regime_liq_hi_lag2                4               0.153330                0.912201                   0.134418                    4.520327                 1.309755                 0.013681                      -0.037725                       0.028229
        37      alpha_overnight_drift_20d_raw_regime_breadth_rank|alpha_ivol_20d_raw_regime_liq_hi__x_dollar_up|alpha_ivol_20d_lag1_regime_liq_hi_lag1|alpha_ivol_20d_ema3_regime_liq_hi                4               0.153306                0.910942                   0.134347                    4.525090                 1.256562                 0.012828                      -0.036485                       0.028486
        25                     alpha_gap_lag1_regime_breadth_rank_lag1|alpha_ivol_20d_raw_regime_liq_hi__x_dollar_up|alpha_ivol_20d_clip3_regime_liq_hi|alpha_ivol_20d_raw_regime_liq_hi                4               0.155409                0.571696                   0.137058                    4.540720                 0.937215                 0.009610                      -0.035753                       0.043426
         8           alpha_gap_lag1_regime_breadth_rank_lag1|alpha_overnight_drift_20d_raw_regime_breadth_rank|alpha_ivol_20d_lag1_regime_liq_hi_lag1|alpha_ivol_20d_clip3_regime_liq_hi                4               0.159504                0.621934                   0.157151                    2.069691                 0.929110                 0.007520                      -0.031480                       0.034431
         9             alpha_gap_lag1_regime_breadth_rank_lag1|alpha_overnight_drift_20d_raw_regime_breadth_rank|alpha_ivol_20d_lag1_regime_liq_hi_lag1|alpha_ivol_20d_raw_regime_liq_hi                4               0.159504                0.621934                   0.157151                    2.069691                 0.929110                 0.007520                      -0.031480                       0.034431
        31                            alpha_gap_lag1_regime_breadth_rank_lag1|alpha_ivol_20d_lag1_regime_liq_hi_lag1|alpha_ivol_20d_clip3_regime_liq_hi|alpha_ivol_20d_raw_regime_liq_hi                4               0.155314                0.254229                   0.138246                    2.941623                 0.915552                 0.008985                      -0.032657                       0.041980
         7            alpha_gap_lag1_regime_breadth_rank_lag1|alpha_overnight_drift_20d_raw_regime_breadth_rank|alpha_ivol_20d_lag1_regime_liq_hi_lag1|alpha_ivol_20d_ema3_regime_liq_hi                4               0.159624                0.622520                   0.157145                    2.067424                 0.894308                 0.007206                      -0.031302                       0.034702
[SECTOR_BOOST] index built symbol_alpha_pairs_boosted=129 total_pairs=916
[FREEZE][optimal] live_active_names_raw=3 live_active_names=3 live_gate_passed=1 live_gate_reason=passed replay_sharpe_last_fold=2.1423 replay_cumret_last_fold=0.0218 avg_turnover=0.0288 avg_gross=0.3270
[FREEZE][optimal][SECTOR_BOOST] enabled=1 boost_map_entries=15 boosted_pairs=129
[FREEZE][optimal][LIVE_BOOK_TOP]
symbol    weight     score  side broad_sector market_regime  long_budget  short_budget  turnover
  APLS  0.050000  7.394331   1.0   healthcare       neutral          0.5           0.5      0.05
  AXTI  0.040037  4.914903   1.0   technology       neutral          0.5           0.5      0.05
    CF -0.009963 -1.275747  -1.0    materials       neutral          0.5           0.5      0.05
[SECTOR_BOOST] index built symbol_alpha_pairs_boosted=307 total_pairs=1832
[COMPONENTS][aggressive] selected_by_basket_search component_count=4 pool_size=8 combos_evaluated=40
                                            alpha  train_abs_mean_ic  proxy_train_sharpe  train_sign_locked  last_fold_abs_mean_ic  last_fold_mean_ic  last_fold_sign_locked  effective_sign_locked sign_source_used
alpha_overnight_drift_20d_raw_regime_breadth_rank           0.165373            1.694592                1.0               0.192317           0.004465                    1.0                    1.0     last_fold_ic
    alpha_ivol_20d_raw_regime_liq_hi__x_dollar_up           0.149570            1.496466                1.0               0.111820           0.073038                    1.0                    1.0     last_fold_ic
           alpha_ivol_20d_lag1_regime_liq_hi_lag1           0.149190            0.226598                1.0               0.116575           0.032336                    1.0                    1.0     last_fold_ic
           alpha_ivol_20d_lag2_regime_liq_hi_lag2           0.149189            0.231150                1.0               0.116960           0.032505                    1.0                    1.0     last_fold_ic
[BASKET_SEARCH][aggressive][TOP]
 basket_id                                                                                                                                                                     alpha_list  component_count  train_abs_mean_ic_avg  proxy_train_sharpe_avg  last_fold_abs_mean_ic_avg  last_fold_proxy_sharpe_avg  replay_sharpe_last_fold  replay_cumret_last_fold  replay_max_drawdown_last_fold  replay_avg_turnover_last_fold
        36  alpha_overnight_drift_20d_raw_regime_breadth_rank|alpha_ivol_20d_raw_regime_liq_hi__x_dollar_up|alpha_ivol_20d_lag1_regime_liq_hi_lag1|alpha_ivol_20d_lag2_regime_liq_hi_lag2                4               0.153330                0.912201                   0.134418                    4.520327                 2.221309                 0.051237                      -0.077222                       0.034740
        40       alpha_overnight_drift_20d_raw_regime_breadth_rank|alpha_ivol_20d_raw_regime_liq_hi__x_dollar_up|alpha_ivol_20d_lag2_regime_liq_hi_lag2|alpha_ivol_20d_ema3_regime_liq_hi                4               0.153306                0.912081                   0.134443                    4.527020                 0.495798                 0.008236                      -0.087301                       0.035402
        37       alpha_overnight_drift_20d_raw_regime_breadth_rank|alpha_ivol_20d_raw_regime_liq_hi__x_dollar_up|alpha_ivol_20d_lag1_regime_liq_hi_lag1|alpha_ivol_20d_ema3_regime_liq_hi                4               0.153306                0.910942                   0.134347                    4.525090                 0.439836                 0.006873                      -0.086820                       0.034144
        38      alpha_overnight_drift_20d_raw_regime_breadth_rank|alpha_ivol_20d_raw_regime_liq_hi__x_dollar_up|alpha_ivol_20d_lag1_regime_liq_hi_lag1|alpha_ivol_20d_clip3_regime_liq_hi                4               0.153186                0.910356                   0.134353                    4.527357                 0.415851                 0.006317                      -0.086535                       0.035177
        39        alpha_overnight_drift_20d_raw_regime_breadth_rank|alpha_ivol_20d_raw_regime_liq_hi__x_dollar_up|alpha_ivol_20d_lag1_regime_liq_hi_lag1|alpha_ivol_20d_raw_regime_liq_hi                4               0.153186                0.910356                   0.134353                    4.527357                 0.415851                 0.006317                      -0.086535                       0.035177
        35                                  alpha_gap_lag1_regime_breadth_rank_lag1|alpha_ivol_20d_ema3_regime_liq_hi|alpha_ivol_20d_clip3_regime_liq_hi|alpha_ivol_20d_raw_regime_liq_hi                4               0.155289                0.254108                   0.138272                    2.948315                -0.681468                -0.041534                      -0.173553                       0.048426
        25                      alpha_gap_lag1_regime_breadth_rank_lag1|alpha_ivol_20d_raw_regime_liq_hi__x_dollar_up|alpha_ivol_20d_clip3_regime_liq_hi|alpha_ivol_20d_raw_regime_liq_hi                4               0.155409                0.571696                   0.137058                    4.540720                -0.924425                -0.061545                      -0.199454                       0.050852
         1 alpha_gap_lag1_regime_breadth_rank_lag1|alpha_overnight_drift_20d_raw_regime_breadth_rank|alpha_ivol_20d_raw_regime_liq_hi__x_dollar_up|alpha_ivol_20d_lag1_regime_liq_hi_lag1                4               0.159744                0.940108                   0.155931                    3.659828                -1.756072                -0.081578                      -0.137785                       0.044831
        29                            alpha_gap_lag1_regime_breadth_rank_lag1|alpha_ivol_20d_lag1_regime_liq_hi_lag1|alpha_ivol_20d_ema3_regime_liq_hi|alpha_ivol_20d_clip3_regime_liq_hi                4               0.155434                0.254815                   0.138240                    2.939355                -1.765708                -0.113040                      -0.247432                       0.046596
        30                              alpha_gap_lag1_regime_breadth_rank_lag1|alpha_ivol_20d_lag1_regime_liq_hi_lag1|alpha_ivol_20d_ema3_regime_liq_hi|alpha_ivol_20d_raw_regime_liq_hi                4               0.155434                0.254815                   0.138240                    2.939355                -1.765708                -0.113040                      -0.247432                       0.046596
[SECTOR_BOOST] index built symbol_alpha_pairs_boosted=129 total_pairs=916
[FREEZE][aggressive] live_active_names_raw=3 live_active_names=3 live_gate_passed=1 live_gate_reason=passed replay_sharpe_last_fold=2.2213 replay_cumret_last_fold=0.0512 avg_turnover=0.0347 avg_gross=1.0000
[FREEZE][aggressive][SECTOR_BOOST] enabled=1 boost_map_entries=15 boosted_pairs=129
[FREEZE][aggressive][LIVE_BOOK_TOP]
symbol  weight     score  side broad_sector market_regime  long_budget  short_budget  turnover
  APLS    0.25  7.387134   1.0   healthcare          weak          0.5           0.5      0.05
  AXTI    0.25  4.863159   1.0   technology          weak          0.5           0.5      0.05
    CF   -0.50 -1.274780  -1.0    materials          weak          0.5           0.5      0.05
[ARTIFACT] artifacts\freeze_runner\freeze_all_configs_summary.json
[FINAL] freeze runner complete