PS C:\Users\Dmytro Govor\Documents\Python-Edge> python .\scripts\run_broker_handoff.py
[CFG] execution_root=artifacts\execution_loop
[CFG] configs=['optimal', 'aggressive']
[CFG] ib_host=127.0.0.1 ib_port=4002 ib_client_id=51
[CFG] exchange=SMART primary_exchange= currency=USD sec_type=STK
[CFG] ib_market_data_type=3 ib_mkt_timeout_sec=8.0 max_price_deviation_pct=8.0 allow_last_fallback=1
[CFG] force_massive_when_ib_close_only=1 force_massive_when_ib_no_bbo=1
[CFG] enable_massive_fallback=1 massive_base_url=https://api.massive.com massive_timeout_sec=20.0
[IB] connecting host=127.0.0.1 port=4002 client_id=51
[IB] managedAccounts=DUP561175
[IB] nextValidId=1
[IB] connected next_valid_id=1 managed_accounts=DUP561175
[HANDOFF][optimal] orders_csv=artifacts\execution_loop\optimal\orders.csv
[IB][ERROR] reqId=-1 code=2104 msg=Market data farm connection is OK:usfarm
[IB][ERROR] reqId=-1 code=2107 msg=HMDS data farm connection is inactive but should be available upon demand.ushmds
[IB][ERROR] reqId=-1 code=2158 msg=Sec-def data farm connection is OK:secdefil
[HANDOFF][optimal] total_rows=4 live_rows=0 symbols=0
[HANDOFF][optimal][SUMMARY] updated=0 price_sanity_fail=0 summary_json=artifacts\execution_loop\optimal\broker_handoff_summary.json
[HANDOFF][aggressive] orders_csv=artifacts\execution_loop\aggressive\orders.csv
[HANDOFF][aggressive] total_rows=4 live_rows=0 symbols=0
[HANDOFF][aggressive][SUMMARY] updated=0 price_sanity_fail=0 summary_json=artifacts\execution_loop\aggressive\broker_handoff_summary.json
[FINAL] broker handoff complete

[EXIT] code=0
Press Enter to exit...
PS C:\Users\Dmytro Govor\Documents\Python-Edge> if ($LASTEXITCODE -ne 0) { throw 'run_broker_handoff.py failed' }
PS C:\Users\Dmytro Govor\Documents\Python-Edge>
PS C:\Users\Dmytro Govor\Documents\Python-Edge> python -c "import ast; ast.parse(open(r'.\scripts\run_broker_adapter_ibkr.py','rb').read())"
PS C:\Users\Dmytro Govor\Documents\Python-Edge> if ($LASTEXITCODE -ne 0) { throw 'AST parse failed: scripts\run_broker_adapter_ibkr.py' }
PS C:\Users\Dmytro Govor\Documents\Python-Edge>
PS C:\Users\Dmytro Govor\Documents\Python-Edge> python .\scripts\run_broker_adapter_ibkr.py
[CFG] execution_root=artifacts\execution_loop
[CFG] configs=['optimal', 'aggressive']
[CFG] broker_name=MEXEM broker_platform=IBKR broker_account_id=
[CFG] ib_host=127.0.0.1 ib_port=4002 ib_client_id=41 ib_account_code=
[CFG] exchange=SMART primary_exchange= currency=USD sec_type=STK
[CFG] outside_rth=1 reprice_enabled=1 reprice_wait_sec=8.0
[CFG] reprice_steps_bps=[15.0, 10.0, 5.0, 0.0] reprice_final_mode=marketable_lmt reprice_final_marketable_bps=12.0 reprice_max_deviation_pct=1.25
[CFG] deferred_wait_mode=carry deferred_wait_heartbeat_sec=30.0 deferred_post_open_wait_sec=30.0
[CFG] require_price_hint_source=1 require_quote_ts=1
[IB] connecting host=127.0.0.1 port=4002 client_id=41
[IB] openOrderEnd
[IB] managedAccounts=DUP561175
[IB] nextValidId=133
[IB] connected next_valid_id=133 managed_accounts=DUP561175
[IB][ERROR] reqId=-1 code=2104 msg=Market data farm connection is OK:usfarm
[IB][ERROR] reqId=-1 code=2107 msg=HMDS data farm connection is inactive but should be available upon demand.ushmds
[IB][ERROR] reqId=-1 code=2158 msg=Sec-def data farm connection is OK:secdefil
[IB] openOrderEnd
[BROKER][optimal] orders=artifacts\execution_loop\optimal\orders.csv
[BROKER][optimal][SUMMARY] sent=0 duplicate_skipped=0 errors=0 fills_csv=artifacts\execution_loop\optimal\fills.csv broker_log_json=artifacts\execution_loop\optimal\broker_log.json outcomes={"cancelled_after_ttl": 0, "cancelled_unfilled_cap": 0, "deferred_session_closed": 0, "failed": 0, "filled_now": 0, "partial": 0, "unknown": 0, "working": 0, "working_carry": 0}
[BROKER][aggressive] orders=artifacts\execution_loop\aggressive\orders.csv
[BROKER][aggressive][SUMMARY] sent=0 duplicate_skipped=0 errors=0 fills_csv=artifacts\execution_loop\aggressive\fills.csv broker_log_json=artifacts\execution_loop\aggressive\broker_log.json outcomes={"cancelled_after_ttl": 0, "cancelled_unfilled_cap": 0, "deferred_session_closed": 0, "failed": 0, "filled_now": 0, "partial": 0, "unknown": 0, "working": 0, "working_carry": 0}
[FINAL] IBKR broker adapter complete

[EXIT] code=0
Press Enter to exit...
PS C:\Users\Dmytro Govor\Documents\Python-Edge> if ($LASTEXITCODE -ne 0) { throw 'run_broker_adapter_ibkr.py failed' }
PS C:\Users\Dmytro Govor\Documents\Python-Edge>
PS C:\Users\Dmytro Govor\Documents\Python-Edge> python -c "import ast; ast.parse(open(r'.\scripts\run_broker_reconcile_ibkr.py','rb').read())"
PS C:\Users\Dmytro Govor\Documents\Python-Edge> if ($LASTEXITCODE -ne 0) { throw 'AST parse failed: scripts\run_broker_reconcile_ibkr.py' }
PS C:\Users\Dmytro Govor\Documents\Python-Edge>
PS C:\Users\Dmytro Govor\Documents\Python-Edge> python .\scripts\run_broker_reconcile_ibkr.py
[CFG] execution_root=artifacts\execution_loop
[CFG] reconcile_config_names=['optimal', 'aggressive']
[CFG] ib_host=127.0.0.1 ib_port=4002 ib_client_id=42 ib_timeout_sec=20.0
[CFG] ib_positions_timeout_sec=45.0 ib_positions_retries=2 ib_positions_settle_sec=2.0
[CFG] ib_account_code=
[CFG] reconcile_open_orders_mode=open
[CFG] reconcile_broker_log_as_pending=1 pending_match_tolerance=1e-06
[IB] connecting host=127.0.0.1 port=4002 client_id=42
[IB] connectAck received
[IB] managedAccounts=DUP561175
[IB] nextValidId=9
[STEP][optimal] reconcile
[IB][ERROR] reqId=-1 code=2104 msg=Market data farm connection is OK:usfarm
[IB][ERROR] reqId=-1 code=2107 msg=HMDS data farm connection is inactive but should be available upon demand.ushmds
[IB][ERROR] reqId=-1 code=2158 msg=Sec-def data farm connection is OK:secdefil
[LOCAL][optimal] source=portfolio_state.json rows=4 state_json_exists=1 orders_csv_exists=1 broker_log_json_exists=1
[IB][POSITIONS] attempt=1/2 timeout_sec=45.0 settle_sec=2.0
[IB] positionEnd
[IB][POSITIONS] rows=13
[IB] openOrderEnd
[BROKER][optimal] positions=13 open_orders=0 pending_symbols=1 account=<all>
[RECON][optimal][SUMMARY] symbols_total=14 exact_match=0 match_with_open_orders=0 covered_by_pending_orders=0 working_carry_pending_open=0 flatten_pending_open=0 drift=3 missing_at_broker=1 unexpected_at_broker=10 max_abs_drift_shares=296.00000000 max_abs_drift_after_pending=296.00000000
[RECON][optimal][TOP]
symbol               source  expected_shares  broker_position  effective_pending_net_qty  expected_after_pending  drift_shares  abs_drift_shares  drift_after_pending  abs_drift_after_pending     reconcile_status  positions_match  covered_by_pending  has_open_orders  has_pending_carry  effective_pending_order_count  broker_open_order_count  broker_open_order_net_qty  broker_open_order_remaining_qty  pending_order_count  pending_net_qty  pending_remaining_qty  target_shares  current_shares  delta_shares  broker_avg_cost broker_symbol broker_currency broker_exchange broker_primary_exchange broker_sec_type broker_account pending_actions pending_statuses pending_outcomes         pending_client_tags  last_price  market_value  source_priority  effective_pending_remaining_qty  expected_nonzero  broker_nonzero
  HOOD portfolio_state.json              0.0          -296.00                        0.0                 -296.00       -296.00            296.00              -296.00                   296.00 unexpected_at_broker            False               False            False              False                              0                        0                        0.0                              0.0                    0              0.0                    0.0            NaN             NaN           NaN        66.849028          HOOD             USD          NASDAQ                                     STK      DUP561175             NaN              NaN              NaN                         NaN         NaN           NaN              NaN                              0.0             False            True
   NEM portfolio_state.json              0.0          -208.00                        0.0                 -208.00       -208.00            208.00              -208.00                   208.00 unexpected_at_broker            False               False            False              False                              0                        0                        0.0                              0.0                    0              0.0                    0.0            NaN             NaN           NaN       105.013459           NEM             USD            NYSE                                     STK      DUP561175             NaN              NaN              NaN                         NaN         NaN           NaN              NaN                              0.0             False            True
  INTC portfolio_state.json              0.0          -200.00                        0.0                 -200.00       -200.00            200.00              -200.00                   200.00 unexpected_at_broker            False               False            False              False                              0                        0                        0.0                              0.0                    0              0.0                    0.0            NaN             NaN           NaN        43.021055          INTC             USD          NASDAQ                                     STK      DUP561175             NaN              NaN              NaN                         NaN         NaN           NaN              NaN                              0.0             False            True
  SMCI portfolio_state.json            129.0             0.00                        0.0                    0.00       -129.00            129.00              -129.00                   129.00    missing_at_broker            False               False            False              False                              0                        0                        0.0                              0.0                    0              0.0                    0.0          129.0           129.0           0.0              NaN           NaN             NaN             NaN                     NaN             NaN            NaN             NaN              NaN              NaN                         NaN       23.22       2995.38              1.0                              0.0              True           False
  CRCL portfolio_state.json              0.0          -128.00                        0.0                 -128.00       -128.00            128.00              -128.00                   128.00 unexpected_at_broker            False               False            False              False                              0                        0                        0.0                              0.0                    0              0.0                    0.0            NaN             NaN           NaN        91.896055          CRCL             USD            NYSE                                     STK      DUP561175             NaN              NaN              NaN                         NaN         NaN           NaN              NaN                              0.0             False            True
   NKE portfolio_state.json             68.0             6.00                        0.0                    6.00        -62.00             62.00               -62.00                    62.00                drift            False               False            False              False                              0                        0                        0.0                              0.0                    0              0.0                    0.0           68.0            68.0           0.0        44.423333           NKE             USD            NYSE                                     STK      DUP561175             NaN              NaN              NaN                         NaN       44.19       3004.92              1.0                              0.0              True            True
  OKLO portfolio_state.json             59.0             4.00                       -1.0                    3.00        -55.00             55.00               -56.00                    56.00                drift            False               False            False               True                              1                        0                        0.0                              0.0                    1             -1.0                    1.0           59.0            59.0           0.0        48.420833          OKLO             USD            NYSE                                     STK      DUP561175            SELL        submitted    working_carry pe-1ad989c7c929b3d4c43a6219        0.00          0.00              1.0                              1.0              True            True
  RKLB portfolio_state.json              0.0           -48.00                        0.0                  -48.00        -48.00             48.00               -48.00                    48.00 unexpected_at_broker            False               False            False              False                              0                        0                        0.0                              0.0                    0              0.0                    0.0            NaN             NaN           NaN        60.656888          RKLB             USD          NASDAQ                                     STK      DUP561175             NaN              NaN              NaN                         NaN         NaN           NaN              NaN                              0.0             False            True
  SHOP portfolio_state.json              0.0           -33.00                        0.0                  -33.00        -33.00             33.00               -33.00                    33.00 unexpected_at_broker            False               False            False              False                              0                        0                        0.0                              0.0                    0              0.0                    0.0            NaN             NaN           NaN       113.881927          SHOP             USD          NASDAQ                                     STK      DUP561175             NaN              NaN              NaN                         NaN         NaN           NaN              NaN                              0.0             False            True
  AMZN portfolio_state.json              0.0           -13.00                        0.0                  -13.00        -13.00             13.00               -13.00                    13.00 unexpected_at_broker            False               False            False              False                              0                        0                        0.0                              0.0                    0              0.0                    0.0            NaN             NaN           NaN       202.628269          AMZN             USD          NASDAQ                                     STK      DUP561175             NaN              NaN              NaN                         NaN         NaN           NaN              NaN                              0.0             False            True
  TSEM portfolio_state.json            -15.0            -2.00                        0.0                   -2.00         13.00             13.00                13.00                    13.00                drift            False               False            False              False                              0                        0                        0.0                              0.0                    0              0.0                    0.0          -15.0           -15.0           0.0       196.800730          TSEM             USD          NASDAQ                                     STK      DUP561175             NaN              NaN              NaN                         NaN      197.80      -2967.00              1.0                              0.0              True            True
  NVDA portfolio_state.json              0.0           -12.00                        0.0                  -12.00        -12.00             12.00               -12.00                    12.00 unexpected_at_broker            False               False            False              False                              0                        0                        0.0                              0.0                    0              0.0                    0.0            NaN             NaN           NaN       167.621475          NVDA             USD          NASDAQ                                     STK      DUP561175             NaN              NaN              NaN                         NaN         NaN           NaN              NaN                              0.0             False            True
  MSFT portfolio_state.json              0.0            11.00                        0.0                   11.00         11.00             11.00                11.00                    11.00 unexpected_at_broker            False               False            False              False                              0                        0                        0.0                              0.0                    0              0.0                    0.0            NaN             NaN           NaN       366.220000          MSFT             USD          NASDAQ                                     STK      DUP561175             NaN              NaN              NaN                         NaN         NaN           NaN              NaN                              0.0             False            True
  AAPL portfolio_state.json              0.0             8.35                        0.0                    8.35          8.35              8.35                 8.35                     8.35 unexpected_at_broker            False               False            False              False                              0                        0                        0.0                              0.0                    0              0.0                    0.0            NaN             NaN           NaN       250.948683          AAPL             USD          NASDAQ                                     STK      DUP561175             NaN              NaN              NaN                         NaN         NaN           NaN              NaN                              0.0             False            True
[ARTIFACT] artifacts\execution_loop\optimal\reconcile_report.json
[ARTIFACT] artifacts\execution_loop\optimal\reconcile_diff.csv
[ARTIFACT] artifacts\execution_loop\optimal\broker_positions.csv
[ARTIFACT] artifacts\execution_loop\optimal\broker_open_orders.csv
[ARTIFACT] artifacts\execution_loop\optimal\broker_pending.csv
[STEP][aggressive] reconcile
[LOCAL][aggressive] source=portfolio_state.json rows=4 state_json_exists=1 orders_csv_exists=1 broker_log_json_exists=1
[IB][POSITIONS] attempt=1/2 timeout_sec=45.0 settle_sec=2.0
[IB] positionEnd
[IB][POSITIONS] rows=13
[IB] openOrderEnd
[BROKER][aggressive] positions=13 open_orders=0 pending_symbols=3 account=<all>
[RECON][aggressive][SUMMARY] symbols_total=14 exact_match=0 match_with_open_orders=0 covered_by_pending_orders=0 working_carry_pending_open=0 flatten_pending_open=0 drift=3 missing_at_broker=1 unexpected_at_broker=10 max_abs_drift_shares=296.00000000 max_abs_drift_after_pending=296.00000000
[RECON][aggressive][TOP]
symbol               source  expected_shares  broker_position  effective_pending_net_qty  expected_after_pending  drift_shares  abs_drift_shares  drift_after_pending  abs_drift_after_pending     reconcile_status  positions_match  covered_by_pending  has_open_orders  has_pending_carry  effective_pending_order_count  broker_open_order_count  broker_open_order_net_qty  broker_open_order_remaining_qty  pending_order_count  pending_net_qty  pending_remaining_qty  target_shares  current_shares  delta_shares  broker_avg_cost broker_symbol broker_currency broker_exchange broker_primary_exchange broker_sec_type broker_account pending_actions pending_statuses pending_outcomes         pending_client_tags  last_price  market_value  source_priority  effective_pending_remaining_qty  expected_nonzero  broker_nonzero
  HOOD portfolio_state.json              0.0          -296.00                        0.0                 -296.00       -296.00            296.00              -296.00                   296.00 unexpected_at_broker            False               False            False              False                              0                        0                        0.0                              0.0                    0              0.0                    0.0            NaN             NaN           NaN        66.849028          HOOD             USD          NASDAQ                                     STK      DUP561175             NaN              NaN              NaN                         NaN         NaN           NaN              NaN                              0.0             False            True
   NEM portfolio_state.json              0.0          -208.00                        0.0                 -208.00       -208.00            208.00              -208.00                   208.00 unexpected_at_broker            False               False            False              False                              0                        0                        0.0                              0.0                    0              0.0                    0.0            NaN             NaN           NaN       105.013459           NEM             USD            NYSE                                     STK      DUP561175             NaN              NaN              NaN                         NaN         NaN           NaN              NaN                              0.0             False            True
  INTC portfolio_state.json              0.0          -200.00                        0.0                 -200.00       -200.00            200.00              -200.00                   200.00 unexpected_at_broker            False               False            False              False                              0                        0                        0.0                              0.0                    0              0.0                    0.0            NaN             NaN           NaN        43.021055          INTC             USD          NASDAQ                                     STK      DUP561175             NaN              NaN              NaN                         NaN         NaN           NaN              NaN                              0.0             False            True
  SMCI portfolio_state.json            139.0             0.00                        0.0                    0.00       -139.00            139.00              -139.00                   139.00    missing_at_broker            False               False            False              False                              0                        0                        0.0                              0.0                    0              0.0                    0.0          139.0           139.0           0.0              NaN           NaN             NaN             NaN                     NaN             NaN            NaN             NaN              NaN              NaN                         NaN       23.22       3227.58              1.0                              0.0              True           False
  CRCL portfolio_state.json              0.0          -128.00                        0.0                 -128.00       -128.00            128.00              -128.00                   128.00 unexpected_at_broker            False               False            False              False                              0                        0                        0.0                              0.0                    0              0.0                    0.0            NaN             NaN           NaN        91.896055          CRCL             USD            NYSE                                     STK      DUP561175             NaN              NaN              NaN                         NaN         NaN           NaN              NaN                              0.0             False            True
   NKE portfolio_state.json             73.0             6.00                        3.0                    9.00        -67.00             67.00               -64.00                    64.00                drift            False               False            False               True                              1                        0                        0.0                              0.0                    1              3.0                    3.0           73.0            73.0           0.0        44.423333           NKE             USD            NYSE                                     STK      DUP561175             BUY        submitted    working_carry pe-faeaad1bcfeefd3bf35c9158       44.19       3225.87              1.0                              3.0              True            True
  OKLO portfolio_state.json             64.0             4.00                        3.0                    7.00        -60.00             60.00               -57.00                    57.00                drift            False               False            False               True                              1                        0                        0.0                              0.0                    1              3.0                    3.0           64.0            64.0           0.0        48.420833          OKLO             USD            NYSE                                     STK      DUP561175             BUY        submitted    working_carry pe-aa93d42f54f619d95b49add5        0.00          0.00              1.0                              3.0              True            True
  RKLB portfolio_state.json              0.0           -48.00                        0.0                  -48.00        -48.00             48.00               -48.00                    48.00 unexpected_at_broker            False               False            False              False                              0                        0                        0.0                              0.0                    0              0.0                    0.0            NaN             NaN           NaN        60.656888          RKLB             USD          NASDAQ                                     STK      DUP561175             NaN              NaN              NaN                         NaN         NaN           NaN              NaN                              0.0             False            True
  SHOP portfolio_state.json              0.0           -33.00                        0.0                  -33.00        -33.00             33.00               -33.00                    33.00 unexpected_at_broker            False               False            False              False                              0                        0                        0.0                              0.0                    0              0.0                    0.0            NaN             NaN           NaN       113.881927          SHOP             USD          NASDAQ                                     STK      DUP561175             NaN              NaN              NaN                         NaN         NaN           NaN              NaN                              0.0             False            True
  TSEM portfolio_state.json            -16.0            -2.00                       -1.0                   -3.00         14.00             14.00                13.00                    13.00                drift            False               False            False               True                              1                        0                        0.0                              0.0                    1             -1.0                    1.0          -16.0           -16.0           0.0       196.800730          TSEM             USD          NASDAQ                                     STK      DUP561175            SELL        submitted    working_carry pe-c28d0dac3401425da6238a63      197.80      -3164.80              1.0                              1.0              True            True
  AMZN portfolio_state.json              0.0           -13.00                        0.0                  -13.00        -13.00             13.00               -13.00                    13.00 unexpected_at_broker            False               False            False              False                              0                        0                        0.0                              0.0                    0              0.0                    0.0            NaN             NaN           NaN       202.628269          AMZN             USD          NASDAQ                                     STK      DUP561175             NaN              NaN              NaN                         NaN         NaN           NaN              NaN                              0.0             False            True
  NVDA portfolio_state.json              0.0           -12.00                        0.0                  -12.00        -12.00             12.00               -12.00                    12.00 unexpected_at_broker            False               False            False              False                              0                        0                        0.0                              0.0                    0              0.0                    0.0            NaN             NaN           NaN       167.621475          NVDA             USD          NASDAQ                                     STK      DUP561175             NaN              NaN              NaN                         NaN         NaN           NaN              NaN                              0.0             False            True
  MSFT portfolio_state.json              0.0            11.00                        0.0                   11.00         11.00             11.00                11.00                    11.00 unexpected_at_broker            False               False            False              False                              0                        0                        0.0                              0.0                    0              0.0                    0.0            NaN             NaN           NaN       366.220000          MSFT             USD          NASDAQ                                     STK      DUP561175             NaN              NaN              NaN                         NaN         NaN           NaN              NaN                              0.0             False            True
  AAPL portfolio_state.json              0.0             8.35                        0.0                    8.35          8.35              8.35                 8.35                     8.35 unexpected_at_broker            False               False            False              False                              0                        0                        0.0                              0.0                    0              0.0                    0.0            NaN             NaN           NaN       250.948683          AAPL             USD          NASDAQ                                     STK      DUP561175             NaN              NaN              NaN                         NaN         NaN           NaN              NaN                              0.0             False            True
[ARTIFACT] artifacts\execution_loop\aggressive\reconcile_report.json
[ARTIFACT] artifacts\execution_loop\aggressive\reconcile_diff.csv
[ARTIFACT] artifacts\execution_loop\aggressive\broker_positions.csv
[ARTIFACT] artifacts\execution_loop\aggressive\broker_open_orders.csv
[ARTIFACT] artifacts\execution_loop\aggressive\broker_pending.csv
[FINAL] IBKR reconcile complete




