PS C:\Users\Dmytro Govor\Documents\Python-Edge> python .\scripts\run_broker_adapter_ibkr.py
[CFG] execution_root=artifacts\execution_loop
[CFG] broker_name=MEXEM broker_platform=IBKR
[CFG] configs=['optimal']
[CFG] ib_host=127.0.0.1 ib_port=4002 ib_client_id=41
[CFG] ib_account_code=
[CFG] ib_order_type=MKT ib_time_in_force=DAY ib_outside_rth=0
[CFG] ib_exchange=SMART ib_primary_exchange= ib_currency=USD ib_security_type=STK
[CFG] ib_allow_fractional=1
[CFG] symbol_map_entries=0
[IB] connecting host=127.0.0.1 port=4002 client_id=41
[IB] connectAck received
[IB] managedAccounts=DUP561175
[IB] nextValidId=1
[IB] connected next_valid_id=1 managed_accounts=DUP561175
[IB][ERROR] reqId=-1 code=2104 msg=Market data farm connection is OK:usfarm
[IB][ERROR] reqId=-1 code=2107 msg=HMDS data farm connection is inactive but should be available upon demand.ushmds
[IB][ERROR] reqId=-1 code=2158 msg=Sec-def data farm connection is OK:secdefil
[IB] openOrderEnd
[IB] positionEnd
[BROKER][optimal] orders=artifacts\execution_loop\optimal\orders.csv
[BROKER][optimal] total_rows=2 live_orders=2 prepared_orders=2
[BROKER][optimal][PREVIEW]
symbol broker_symbol side  qty  order_notional                  client_tag
  CRCL          CRCL  BUY 48.0         4985.28 pe-098573120da484ac44eb4c46
   NEM           NEM  BUY 49.0         4974.48 pe-d21ba42f2b3fb17604f2014d
[IB][ERROR] reqId=1 code=10268 msg=The 'EtradeOnly' order attribute is not supported.
[IB] openOrderEnd
[IB] openOrderEnd
[IB] openOrderEnd
[IB] openOrderEnd
[IB] openOrderEnd
[IB] openOrderEnd
[BROKER][optimal][SEND] symbol=CRCL broker_symbol=CRCL side=BUY qty=48.00000000 status=unknown ib_order_id=
[IB][ERROR] reqId=2 code=10268 msg=The 'EtradeOnly' order attribute is not supported.
[IB] openOrderEnd
[IB] openOrderEnd
[IB] openOrderEnd
[IB] openOrderEnd
[IB] openOrderEnd
[IB] openOrderEnd
[BROKER][optimal][SEND] symbol=NEM broker_symbol=NEM side=BUY qty=49.00000000 status=unknown ib_order_id=
[BROKER][optimal][SUMMARY] sent=2 duplicate_skipped=0 errors=0 fills_csv=artifacts\execution_loop\optimal\fills.csv broker_log_json=artifacts\execution_loop\optimal\broker_log.json
[FINAL] IBKR broker adapter complete

[EXIT] code=0