PS C:\Users\Dmytro Govor\Documents\Python-Edge> python .\scripts\run_broker_adapter_ibkr.py
[CFG] ib_host=127.0.0.1 ib_port=4002 ib_client_id=53
[CFG] ib_exchange=SMART ib_order_type=LMT ib_outside_rth=1
[CFG] ib_lmt_price_buy_bps=10.0 ib_lmt_price_sell_bps=10.0 ib_lmt_price_min_abs=0.01 retry_202_enabled=1 retry_202_max_retries=2 retry_202_clip_ticks=2 retry_202_buy_steps=[7.0, 5.0, 3.0] retry_202_sell_steps=[7.0, 5.0, 3.0]
[CFG] poll_after_submit=1 poll_attempts=6 poll_sleep_sec=1.5 final_status_poll_enabled=1 final_status_poll_attempts=20 final_status_poll_sleep_sec=3.0
[IB] connecting host=127.0.0.1 port=4002 client_id=53
[IB] managedAccounts=DUP561175
[IB] nextValidId=1
[IB] connected next_valid_id=1 managed_accounts=DUP561175
[IB][ERROR] reqId=-1 code=2104 msg=Market data farm connection is OK:usfarm
[IB][ERROR] reqId=-1 code=2107 msg=HMDS data farm connection is inactive but should be available upon demand.ushmds
[IB][ERROR] reqId=-1 code=2158 msg=Sec-def data farm connection is OK:secdefil
[IB] openOrderEnd
[IB] initial positions refresh skipped by config
[BROKER][optimal] orders=artifacts\execution_loop\optimal\orders.csv
[IB] openOrderEnd
[BROKER][POLL][after_submit] ib_order_id=1 poll=1/6 status=filled outcome=filled_now filled_qty=1.00000000 remaining_qty=0.00000000
[IB] openOrderEnd
[BROKER][POLL][final_status] ib_order_id=1 poll=1/20 status=filled outcome=filled_now filled_qty=1.00000000 remaining_qty=0.00000000
[BROKER][optimal][SEND] symbol=AAPL broker_symbol=AAPL side=BUY qty=1.00000000 status=filled outcome=filled_now ib_order_id=1 order_type=LMT outside_rth=1 price_hint=248.6300 raw_limit_price=248.8786 rounded_limit_price=248.8800 min_tick=0.010000 retry_count_202=0 retry_mode_202=base_bps
[IB] openOrderEnd
[BROKER][POLL][after_submit] ib_order_id=2 poll=1/6 status=filled outcome=filled_now filled_qty=1.00000000 remaining_qty=0.00000000
[IB] openOrderEnd
[BROKER][POLL][final_status] ib_order_id=2 poll=1/20 status=filled outcome=filled_now filled_qty=1.00000000 remaining_qty=0.00000000
[BROKER][optimal][SEND] symbol=MSFT broker_symbol=MSFT side=BUY qty=1.00000000 status=filled outcome=filled_now ib_order_id=2 order_type=LMT outside_rth=1 price_hint=363.6900 raw_limit_price=364.0537 rounded_limit_price=364.0600 min_tick=0.010000 retry_count_202=0 retry_mode_202=base_bps
[IB] openOrderEnd
[BROKER][POLL][after_submit] ib_order_id=3 poll=1/6 status=submitted outcome=working filled_qty=0.00000000 remaining_qty=1.00000000
[IB] openOrderEnd
[BROKER][POLL][after_submit] ib_order_id=3 poll=2/6 status=submitted outcome=working filled_qty=0.00000000 remaining_qty=1.00000000
[IB] openOrderEnd
[BROKER][POLL][after_submit] ib_order_id=3 poll=3/6 status=submitted outcome=working filled_qty=0.00000000 remaining_qty=1.00000000
[IB] openOrderEnd
[BROKER][POLL][after_submit] ib_order_id=3 poll=4/6 status=submitted outcome=working filled_qty=0.00000000 remaining_qty=1.00000000
[IB] openOrderEnd
[BROKER][POLL][after_submit] ib_order_id=3 poll=5/6 status=submitted outcome=working filled_qty=0.00000000 remaining_qty=1.00000000
[IB] openOrderEnd
[BROKER][POLL][after_submit] ib_order_id=3 poll=6/6 status=submitted outcome=working filled_qty=0.00000000 remaining_qty=1.00000000
[IB] openOrderEnd
[BROKER][POLL][final_status] ib_order_id=3 poll=1/20 status=submitted outcome=working filled_qty=0.00000000 remaining_qty=1.00000000
[IB] openOrderEnd
[BROKER][POLL][final_status] ib_order_id=3 poll=2/20 status=submitted outcome=working filled_qty=0.00000000 remaining_qty=1.00000000
[IB] openOrderEnd
[BROKER][POLL][final_status] ib_order_id=3 poll=3/20 status=submitted outcome=working filled_qty=0.00000000 remaining_qty=1.00000000
[IB] openOrderEnd
[BROKER][POLL][final_status] ib_order_id=3 poll=4/20 status=submitted outcome=working filled_qty=0.00000000 remaining_qty=1.00000000
[IB] openOrderEnd
[BROKER][POLL][final_status] ib_order_id=3 poll=5/20 status=submitted outcome=working filled_qty=0.00000000 remaining_qty=1.00000000
[IB] openOrderEnd
[BROKER][POLL][final_status] ib_order_id=3 poll=6/20 status=submitted outcome=working filled_qty=0.00000000 remaining_qty=1.00000000
[IB] openOrderEnd
[BROKER][POLL][final_status] ib_order_id=3 poll=7/20 status=submitted outcome=working filled_qty=0.00000000 remaining_qty=1.00000000
[IB] openOrderEnd
[BROKER][POLL][final_status] ib_order_id=3 poll=8/20 status=submitted outcome=working filled_qty=0.00000000 remaining_qty=1.00000000
[IB] openOrderEnd
[BROKER][POLL][final_status] ib_order_id=3 poll=9/20 status=submitted outcome=working filled_qty=0.00000000 remaining_qty=1.00000000
[IB] openOrderEnd
[BROKER][POLL][final_status] ib_order_id=3 poll=10/20 status=submitted outcome=working filled_qty=0.00000000 remaining_qty=1.00000000
[IB] openOrderEnd
[BROKER][POLL][final_status] ib_order_id=3 poll=11/20 status=submitted outcome=working filled_qty=0.00000000 remaining_qty=1.00000000
[IB] openOrderEnd
[BROKER][POLL][final_status] ib_order_id=3 poll=12/20 status=submitted outcome=working filled_qty=0.00000000 remaining_qty=1.00000000
[IB] openOrderEnd
[BROKER][POLL][final_status] ib_order_id=3 poll=13/20 status=submitted outcome=working filled_qty=0.00000000 remaining_qty=1.00000000
[IB] openOrderEnd
[BROKER][POLL][final_status] ib_order_id=3 poll=14/20 status=submitted outcome=working filled_qty=0.00000000 remaining_qty=1.00000000
[IB] openOrderEnd
[BROKER][POLL][final_status] ib_order_id=3 poll=15/20 status=submitted outcome=working filled_qty=0.00000000 remaining_qty=1.00000000
[IB] openOrderEnd
[BROKER][POLL][final_status] ib_order_id=3 poll=16/20 status=submitted outcome=working filled_qty=0.00000000 remaining_qty=1.00000000
[IB] openOrderEnd
[BROKER][POLL][final_status] ib_order_id=3 poll=17/20 status=submitted outcome=working filled_qty=0.00000000 remaining_qty=1.00000000
[IB] openOrderEnd
[BROKER][POLL][final_status] ib_order_id=3 poll=18/20 status=submitted outcome=working filled_qty=0.00000000 remaining_qty=1.00000000
[IB] openOrderEnd
[BROKER][POLL][final_status] ib_order_id=3 poll=19/20 status=submitted outcome=working filled_qty=0.00000000 remaining_qty=1.00000000
[IB] openOrderEnd
[BROKER][POLL][final_status] ib_order_id=3 poll=20/20 status=submitted outcome=working filled_qty=0.00000000 remaining_qty=1.00000000
[BROKER][optimal][SEND] symbol=NVDA broker_symbol=NVDA side=SELL qty=1.00000000 status=submitted outcome=working ib_order_id=3 order_type=LMT outside_rth=1 price_hint=167.1000 raw_limit_price=166.9329 rounded_limit_price=166.9300 min_tick=0.010000 retry_count_202=0 retry_mode_202=base_bps
[IB] openOrderEnd
[BROKER][POLL][after_submit] ib_order_id=4 poll=1/6 status=filled outcome=filled_now filled_qty=1.00000000 remaining_qty=0.00000000
[IB] openOrderEnd
[BROKER][POLL][final_status] ib_order_id=4 poll=1/20 status=filled outcome=filled_now filled_qty=1.00000000 remaining_qty=0.00000000
[BROKER][optimal][SEND] symbol=AMZN broker_symbol=AMZN side=SELL qty=1.00000000 status=filled outcome=filled_now ib_order_id=4 order_type=LMT outside_rth=1 price_hint=203.0100 raw_limit_price=202.8070 rounded_limit_price=202.8000 min_tick=0.010000 retry_count_202=0 retry_mode_202=base_bps
[BROKER][optimal][SUMMARY] sent=4 duplicate_skipped=0 errors=0 retry_202=0 filled_now=3 partial=0 working=1 failed=0 unknown=0 fills_csv=artifacts\execution_loop\optimal\fills.csv broker_log_json=artifacts\execution_loop\optimal\broker_log.json
[BROKER][aggressive] orders=artifacts\execution_loop\aggressive\orders.csv
[IB] openOrderEnd
[BROKER][POLL][after_submit] ib_order_id=5 poll=1/6 status=submitted outcome=working filled_qty=0.00000000 remaining_qty=37.00000000
[IB] openOrderEnd
[BROKER][POLL][after_submit] ib_order_id=5 poll=2/6 status=submitted outcome=working filled_qty=0.00000000 remaining_qty=37.00000000
[IB] openOrderEnd
[BROKER][POLL][after_submit] ib_order_id=5 poll=3/6 status=submitted outcome=working filled_qty=0.00000000 remaining_qty=37.00000000
[IB] openOrderEnd
[BROKER][POLL][after_submit] ib_order_id=5 poll=4/6 status=submitted outcome=working filled_qty=0.00000000 remaining_qty=37.00000000
[IB] openOrderEnd
[BROKER][POLL][after_submit] ib_order_id=5 poll=5/6 status=submitted outcome=working filled_qty=0.00000000 remaining_qty=37.00000000
[IB] openOrderEnd
[BROKER][POLL][after_submit] ib_order_id=5 poll=6/6 status=submitted outcome=working filled_qty=0.00000000 remaining_qty=37.00000000
[IB] openOrderEnd
[BROKER][POLL][final_status] ib_order_id=5 poll=1/20 status=submitted outcome=working filled_qty=0.00000000 remaining_qty=37.00000000
[IB] openOrderEnd
[BROKER][POLL][final_status] ib_order_id=5 poll=2/20 status=submitted outcome=working filled_qty=0.00000000 remaining_qty=37.00000000
[IB] openOrderEnd
[BROKER][POLL][final_status] ib_order_id=5 poll=3/20 status=submitted outcome=working filled_qty=0.00000000 remaining_qty=37.00000000
[IB] openOrderEnd
[BROKER][POLL][final_status] ib_order_id=5 poll=4/20 status=submitted outcome=working filled_qty=0.00000000 remaining_qty=37.00000000
[IB] openOrderEnd
[BROKER][POLL][final_status] ib_order_id=5 poll=5/20 status=submitted outcome=working filled_qty=0.00000000 remaining_qty=37.00000000
[IB] openOrderEnd
[BROKER][POLL][final_status] ib_order_id=5 poll=6/20 status=submitted outcome=working filled_qty=0.00000000 remaining_qty=37.00000000
[IB] openOrderEnd
[BROKER][POLL][final_status] ib_order_id=5 poll=7/20 status=submitted outcome=working filled_qty=0.00000000 remaining_qty=37.00000000
[IB] openOrderEnd
[BROKER][POLL][final_status] ib_order_id=5 poll=8/20 status=submitted outcome=working filled_qty=0.00000000 remaining_qty=37.00000000
[IB] openOrderEnd
[BROKER][POLL][final_status] ib_order_id=5 poll=9/20 status=submitted outcome=working filled_qty=0.00000000 remaining_qty=37.00000000
[IB] openOrderEnd
[BROKER][POLL][final_status] ib_order_id=5 poll=10/20 status=submitted outcome=working filled_qty=0.00000000 remaining_qty=37.00000000
[IB] openOrderEnd
[BROKER][POLL][final_status] ib_order_id=5 poll=11/20 status=submitted outcome=working filled_qty=0.00000000 remaining_qty=37.00000000
[IB] openOrderEnd
[BROKER][POLL][final_status] ib_order_id=5 poll=12/20 status=submitted outcome=working filled_qty=0.00000000 remaining_qty=37.00000000
[IB] openOrderEnd
[BROKER][POLL][final_status] ib_order_id=5 poll=13/20 status=submitted outcome=working filled_qty=0.00000000 remaining_qty=37.00000000
[IB] openOrderEnd
[BROKER][POLL][final_status] ib_order_id=5 poll=14/20 status=submitted outcome=working filled_qty=0.00000000 remaining_qty=37.00000000
[IB] openOrderEnd
[BROKER][POLL][final_status] ib_order_id=5 poll=15/20 status=submitted outcome=working filled_qty=0.00000000 remaining_qty=37.00000000
[IB] openOrderEnd
[BROKER][POLL][final_status] ib_order_id=5 poll=16/20 status=submitted outcome=working filled_qty=0.00000000 remaining_qty=37.00000000
[IB] openOrderEnd
[BROKER][POLL][final_status] ib_order_id=5 poll=17/20 status=submitted outcome=working filled_qty=0.00000000 remaining_qty=37.00000000
[IB] openOrderEnd
[BROKER][POLL][final_status] ib_order_id=5 poll=18/20 status=submitted outcome=working filled_qty=0.00000000 remaining_qty=37.00000000
[IB] openOrderEnd
[BROKER][POLL][final_status] ib_order_id=5 poll=19/20 status=submitted outcome=working filled_qty=0.00000000 remaining_qty=37.00000000
[IB] openOrderEnd
[BROKER][POLL][final_status] ib_order_id=5 poll=20/20 status=submitted outcome=working filled_qty=0.00000000 remaining_qty=37.00000000
[BROKER][aggressive][SEND] symbol=HOOD broker_symbol=HOOD side=SELL qty=37.00000000 status=submitted outcome=working ib_order_id=5 order_type=LMT outside_rth=1 price_hint=66.3500 raw_limit_price=66.2836 rounded_limit_price=66.2800 min_tick=0.010000 retry_count_202=0 retry_mode_202=base_bps
[IB] openOrderEnd
[BROKER][POLL][after_submit] ib_order_id=6 poll=1/6 status=submitted outcome=working filled_qty=0.00000000 remaining_qty=16.00000000
[IB] openOrderEnd
[BROKER][POLL][after_submit] ib_order_id=6 poll=2/6 status=submitted outcome=working filled_qty=0.00000000 remaining_qty=16.00000000
[IB] openOrderEnd
[BROKER][POLL][after_submit] ib_order_id=6 poll=3/6 status=submitted outcome=working filled_qty=0.00000000 remaining_qty=16.00000000
[IB] openOrderEnd
[BROKER][POLL][after_submit] ib_order_id=6 poll=4/6 status=submitted outcome=working filled_qty=0.00000000 remaining_qty=16.00000000
[IB] openOrderEnd
[BROKER][POLL][after_submit] ib_order_id=6 poll=5/6 status=submitted outcome=working filled_qty=0.00000000 remaining_qty=16.00000000
[IB] openOrderEnd
[BROKER][POLL][after_submit] ib_order_id=6 poll=6/6 status=submitted outcome=working filled_qty=0.00000000 remaining_qty=16.00000000
[IB] openOrderEnd
[BROKER][POLL][final_status] ib_order_id=6 poll=1/20 status=submitted outcome=working filled_qty=0.00000000 remaining_qty=16.00000000
[IB] openOrderEnd
[BROKER][POLL][final_status] ib_order_id=6 poll=2/20 status=submitted outcome=working filled_qty=0.00000000 remaining_qty=16.00000000
[IB] openOrderEnd
[BROKER][POLL][final_status] ib_order_id=6 poll=3/20 status=submitted outcome=working filled_qty=0.00000000 remaining_qty=16.00000000
[IB] openOrderEnd
[BROKER][POLL][final_status] ib_order_id=6 poll=4/20 status=submitted outcome=working filled_qty=0.00000000 remaining_qty=16.00000000
[IB] openOrderEnd
[BROKER][POLL][final_status] ib_order_id=6 poll=5/20 status=submitted outcome=working filled_qty=0.00000000 remaining_qty=16.00000000
[IB] openOrderEnd
[BROKER][POLL][final_status] ib_order_id=6 poll=6/20 status=submitted outcome=working filled_qty=0.00000000 remaining_qty=16.00000000
[IB] openOrderEnd
[BROKER][POLL][final_status] ib_order_id=6 poll=7/20 status=submitted outcome=working filled_qty=0.00000000 remaining_qty=16.00000000
[IB] openOrderEnd
[BROKER][POLL][final_status] ib_order_id=6 poll=8/20 status=submitted outcome=working filled_qty=0.00000000 remaining_qty=16.00000000
[IB] openOrderEnd
[BROKER][POLL][final_status] ib_order_id=6 poll=9/20 status=submitted outcome=working filled_qty=0.00000000 remaining_qty=16.00000000
[IB] openOrderEnd
[BROKER][POLL][final_status] ib_order_id=6 poll=10/20 status=submitted outcome=working filled_qty=0.00000000 remaining_qty=16.00000000
[IB] openOrderEnd
[BROKER][POLL][final_status] ib_order_id=6 poll=11/20 status=submitted outcome=working filled_qty=0.00000000 remaining_qty=16.00000000
[IB] openOrderEnd
[BROKER][POLL][final_status] ib_order_id=6 poll=12/20 status=submitted outcome=working filled_qty=0.00000000 remaining_qty=16.00000000
[IB] openOrderEnd
[BROKER][POLL][final_status] ib_order_id=6 poll=13/20 status=submitted outcome=working filled_qty=0.00000000 remaining_qty=16.00000000
[IB] openOrderEnd
[BROKER][POLL][final_status] ib_order_id=6 poll=14/20 status=submitted outcome=working filled_qty=0.00000000 remaining_qty=16.00000000
[IB] openOrderEnd
[BROKER][POLL][final_status] ib_order_id=6 poll=15/20 status=submitted outcome=working filled_qty=0.00000000 remaining_qty=16.00000000
[IB] openOrderEnd
[BROKER][POLL][final_status] ib_order_id=6 poll=16/20 status=submitted outcome=working filled_qty=0.00000000 remaining_qty=16.00000000
[IB] openOrderEnd
[BROKER][POLL][final_status] ib_order_id=6 poll=17/20 status=submitted outcome=working filled_qty=0.00000000 remaining_qty=16.00000000
[IB] openOrderEnd
[BROKER][POLL][final_status] ib_order_id=6 poll=18/20 status=submitted outcome=working filled_qty=0.00000000 remaining_qty=16.00000000
[IB] openOrderEnd
[BROKER][POLL][final_status] ib_order_id=6 poll=19/20 status=submitted outcome=working filled_qty=0.00000000 remaining_qty=16.00000000
[IB] openOrderEnd
[BROKER][POLL][final_status] ib_order_id=6 poll=20/20 status=submitted outcome=working filled_qty=0.00000000 remaining_qty=16.00000000
[BROKER][aggressive][SEND] symbol=CRCL broker_symbol=CRCL side=SELL qty=16.00000000 status=submitted outcome=working ib_order_id=6 order_type=LMT outside_rth=1 price_hint=91.0100 raw_limit_price=90.9190 rounded_limit_price=90.9100 min_tick=0.010000 retry_count_202=0 retry_mode_202=base_bps
[IB] openOrderEnd
[BROKER][POLL][after_submit] ib_order_id=7 poll=1/6 status=filled outcome=filled_now filled_qty=16.00000000 remaining_qty=0.00000000
[IB] openOrderEnd
[BROKER][POLL][final_status] ib_order_id=7 poll=1/20 status=filled outcome=filled_now filled_qty=16.00000000 remaining_qty=0.00000000
[BROKER][aggressive][SEND] symbol=NEM broker_symbol=NEM side=SELL qty=16.00000000 status=filled outcome=filled_now ib_order_id=7 order_type=LMT outside_rth=1 price_hint=104.2600 raw_limit_price=104.1557 rounded_limit_price=104.1500 min_tick=0.010000 retry_count_202=0 retry_mode_202=base_bps
[IB] openOrderEnd
[BROKER][POLL][after_submit] ib_order_id=8 poll=1/6 status=submitted outcome=working filled_qty=0.00000000 remaining_qty=25.00000000
[IB] openOrderEnd
[BROKER][POLL][after_submit] ib_order_id=8 poll=2/6 status=submitted outcome=working filled_qty=0.00000000 remaining_qty=25.00000000
[IB] openOrderEnd
[BROKER][POLL][after_submit] ib_order_id=8 poll=3/6 status=submitted outcome=working filled_qty=0.00000000 remaining_qty=25.00000000
[IB] openOrderEnd
[BROKER][POLL][after_submit] ib_order_id=8 poll=4/6 status=submitted outcome=working filled_qty=0.00000000 remaining_qty=25.00000000
[IB] openOrderEnd
[BROKER][POLL][after_submit] ib_order_id=8 poll=5/6 status=filled outcome=filled_now filled_qty=25.00000000 remaining_qty=0.00000000
[IB] openOrderEnd
[BROKER][POLL][final_status] ib_order_id=8 poll=1/20 status=filled outcome=filled_now filled_qty=25.00000000 remaining_qty=0.00000000
[BROKER][aggressive][SEND] symbol=INTC broker_symbol=INTC side=SELL qty=25.00000000 status=filled outcome=filled_now ib_order_id=8 order_type=LMT outside_rth=1 price_hint=41.7700 raw_limit_price=41.7282 rounded_limit_price=41.7200 min_tick=0.010000 retry_count_202=0 retry_mode_202=base_bps
[IB] openOrderEnd
[BROKER][POLL][after_submit] ib_order_id=9 poll=1/6 status=submitted outcome=working filled_qty=0.00000000 remaining_qty=6.00000000
[IB] openOrderEnd
[BROKER][POLL][after_submit] ib_order_id=9 poll=2/6 status=submitted outcome=working filled_qty=0.00000000 remaining_qty=6.00000000
[IB] openOrderEnd
[BROKER][POLL][after_submit] ib_order_id=9 poll=3/6 status=submitted outcome=working filled_qty=0.00000000 remaining_qty=6.00000000
[IB] openOrderEnd
[BROKER][POLL][after_submit] ib_order_id=9 poll=4/6 status=submitted outcome=working filled_qty=0.00000000 remaining_qty=6.00000000
[IB] openOrderEnd
[BROKER][POLL][after_submit] ib_order_id=9 poll=5/6 status=submitted outcome=working filled_qty=0.00000000 remaining_qty=6.00000000
[IB] openOrderEnd
[BROKER][POLL][after_submit] ib_order_id=9 poll=6/6 status=submitted outcome=working filled_qty=0.00000000 remaining_qty=6.00000000
[IB] openOrderEnd
[BROKER][POLL][final_status] ib_order_id=9 poll=1/20 status=submitted outcome=working filled_qty=0.00000000 remaining_qty=6.00000000
[IB] openOrderEnd
[BROKER][POLL][final_status] ib_order_id=9 poll=2/20 status=submitted outcome=working filled_qty=0.00000000 remaining_qty=6.00000000
[IB] openOrderEnd
[BROKER][POLL][final_status] ib_order_id=9 poll=3/20 status=submitted outcome=working filled_qty=0.00000000 remaining_qty=6.00000000
[IB] openOrderEnd
[BROKER][POLL][final_status] ib_order_id=9 poll=4/20 status=submitted outcome=working filled_qty=0.00000000 remaining_qty=6.00000000
[IB] openOrderEnd
[BROKER][POLL][final_status] ib_order_id=9 poll=5/20 status=submitted outcome=working filled_qty=0.00000000 remaining_qty=6.00000000
[IB] openOrderEnd
[BROKER][POLL][final_status] ib_order_id=9 poll=6/20 status=submitted outcome=working filled_qty=0.00000000 remaining_qty=6.00000000
[IB] openOrderEnd
[BROKER][POLL][final_status] ib_order_id=9 poll=7/20 status=submitted outcome=working filled_qty=0.00000000 remaining_qty=6.00000000
[IB] openOrderEnd
[BROKER][POLL][final_status] ib_order_id=9 poll=8/20 status=submitted outcome=working filled_qty=0.00000000 remaining_qty=6.00000000
[IB] openOrderEnd
[BROKER][POLL][final_status] ib_order_id=9 poll=9/20 status=submitted outcome=working filled_qty=0.00000000 remaining_qty=6.00000000
[IB] openOrderEnd
[BROKER][POLL][final_status] ib_order_id=9 poll=10/20 status=submitted outcome=working filled_qty=0.00000000 remaining_qty=6.00000000
[IB] openOrderEnd
[BROKER][POLL][final_status] ib_order_id=9 poll=11/20 status=submitted outcome=working filled_qty=0.00000000 remaining_qty=6.00000000
[IB] openOrderEnd
[BROKER][POLL][final_status] ib_order_id=9 poll=12/20 status=submitted outcome=working filled_qty=0.00000000 remaining_qty=6.00000000
[IB] openOrderEnd
[BROKER][POLL][final_status] ib_order_id=9 poll=13/20 status=submitted outcome=working filled_qty=0.00000000 remaining_qty=6.00000000
[IB] openOrderEnd
[BROKER][POLL][final_status] ib_order_id=9 poll=14/20 status=submitted outcome=working filled_qty=0.00000000 remaining_qty=6.00000000
[IB] openOrderEnd
[BROKER][POLL][final_status] ib_order_id=9 poll=15/20 status=submitted outcome=working filled_qty=0.00000000 remaining_qty=6.00000000
[IB] openOrderEnd
[BROKER][POLL][final_status] ib_order_id=9 poll=16/20 status=submitted outcome=working filled_qty=0.00000000 remaining_qty=6.00000000
[IB] openOrderEnd
[BROKER][POLL][final_status] ib_order_id=9 poll=17/20 status=submitted outcome=working filled_qty=0.00000000 remaining_qty=6.00000000
[IB] openOrderEnd
[BROKER][POLL][final_status] ib_order_id=9 poll=18/20 status=submitted outcome=working filled_qty=0.00000000 remaining_qty=6.00000000
[IB] openOrderEnd
[BROKER][POLL][final_status] ib_order_id=9 poll=19/20 status=submitted outcome=working filled_qty=0.00000000 remaining_qty=6.00000000
[IB] openOrderEnd
[BROKER][POLL][final_status] ib_order_id=9 poll=20/20 status=submitted outcome=working filled_qty=0.00000000 remaining_qty=6.00000000
[BROKER][aggressive][SEND] symbol=RKLB broker_symbol=RKLB side=SELL qty=6.00000000 status=submitted outcome=working ib_order_id=9 order_type=LMT outside_rth=1 price_hint=58.9000 raw_limit_price=58.8411 rounded_limit_price=58.8400 min_tick=0.010000 retry_count_202=0 retry_mode_202=base_bps
[IB] openOrderEnd
[BROKER][POLL][after_submit] ib_order_id=10 poll=1/6 status=filled outcome=filled_now filled_qty=3.00000000 remaining_qty=0.00000000
[IB] openOrderEnd
[BROKER][POLL][final_status] ib_order_id=10 poll=1/20 status=filled outcome=filled_now filled_qty=3.00000000 remaining_qty=0.00000000
[BROKER][aggressive][SEND] symbol=SHOP broker_symbol=SHOP side=SELL qty=3.00000000 status=filled outcome=filled_now ib_order_id=10 order_type=LMT outside_rth=1 price_hint=112.0500 raw_limit_price=111.9380 rounded_limit_price=111.9300 min_tick=0.010000 retry_count_202=0 retry_mode_202=base_bps
[BROKER][aggressive][SUMMARY] sent=6 dup