PS C:\Users\Dmytro Govor\Documents\Python-Edge> python .\scripts\run_freeze_runner.py
[CFG] live_alpha_snapshot_file=artifacts\live_alpha\live_alpha_snapshot.parquet
[CFG] universe_snapshot_file=artifacts\daily_cycle\universe\universe_snapshot.parquet
[CFG] out_dir=artifacts\freeze_runner
[CFG] require_universe_filter=1 require_universe_current_date_match=1 min_universe_survival_ratio=0.9000
[CFG] auto_refresh_live_alpha_on_date_mismatch=1 live_alpha_refresh_script=scripts\run_live_alpha_snapshot.py
[CFG] freeze_require_positive_replay_sharpe=0 freeze_min_replay_sharpe=0.0000 freeze_min_replay_cumret=0.0000 freeze_min_live_active_names=1
[CFG] component_prefilter min_proxy_train_sharpe=0.0000 min_abs_mean_ic=0.000000 basket_candidate_pool=8 basket_max_combos=40
[CFG] sign_source=last_fold require_recent_sign=0
[CFG] frozen wf=120/20/20 components=4 weighting=ic
[CFG] sector_boost_enable=1 auto_top_n=3 auto_boost_value=1.4 default=1.0
[UNIVERSE_FILTER] applied=1 universe_selected_current=229 present_in_panel_current=229 missing_in_panel_current=0 survival_ratio_current=1.0000 panel_rows_before_filter=41220 panel_rows_after_filter=41220 live_snapshot_current_date=2026-04-10
[DATA] rows=41220 symbols=229 alpha_cols=1378 first_date=2025-07-24 last_date=2026-04-10
[SECTOR_BOOST] auto-derived from alpha_sector_family_diagnostics_live.csv entries=15
[SECTOR_BOOST]   sector='consumer_cyclical' family='close_location' boost=1.40
[SECTOR_BOOST]   sector='consumer_cyclical' family='interaction_macro_risk_off' boost=1.40
[SECTOR_BOOST]   sector='consumer_cyclical' family='mom3' boost=1.40
[SECTOR_BOOST]   sector='financials' family='intraday_pressure' boost=1.40
[SECTOR_BOOST]   sector='financials' family='turnover_z' boost=1.40
[SECTOR_BOOST]   sector='financials' family='vol_compression' boost=1.40
[SECTOR_BOOST]   sector='healthcare' family='gap_abs' boost=1.40
[SECTOR_BOOST]   sector='healthcare' family='intraday_rs' boost=1.40
[SECTOR_BOOST]   sector='healthcare' family='rev1' boost=1.40
[SECTOR_BOOST]   sector='industrials' family='interaction_oil_up' boost=1.40
[SECTOR_BOOST]   sector='industrials' family='mom3' boost=1.40
[SECTOR_BOOST]   sector='industrials' family='overnight_drift_20d' boost=1.40
[SECTOR_BOOST]   sector='technology' family='ivol_20d' boost=1.40
[SECTOR_BOOST]   sector='technology' family='overnight_drift_20d' boost=1.40
[SECTOR_BOOST]   sector='technology' family='vol_compression' boost=1.40
[FREEZE] last_completed_fold fold_id=3 train=2025-09-19..2026-03-12 test=2026-03-13..2026-04-10
[COMPONENTS][ALL_CANDIDATES_TOP]
                                 alpha  train_abs_mean_ic  proxy_train_sharpe  train_sign_locked  last_fold_abs_mean_ic  last_fold_mean_ic  last_fold_sign_locked  effective_sign_locked sign_source_used
     alpha_ivol_20d_raw_raw_mul_liq_hi           0.224218            0.909997                1.0               0.221843           0.078185                    1.0                    1.0     last_fold_ic
     alpha_ivol_20d_raw_raw_mul_liq_lo           0.224218            0.909997                1.0               0.221843           0.078185                    1.0                    1.0     last_fold_ic
   alpha_ivol_20d_raw_raw_mul_liq_rank           0.224218            0.909997                1.0               0.221843           0.078185                    1.0                    1.0     last_fold_ic
      alpha_ivol_20d_raw_raw_mul_liq_z           0.224218            0.909997                1.0               0.221843           0.078185                    1.0                    1.0     last_fold_ic
       alpha_ivol_20d_z_raw_mul_liq_hi           0.219102            0.886520                1.0               0.216755           0.079513                    1.0                    1.0     last_fold_ic
       alpha_ivol_20d_z_raw_mul_liq_lo           0.219102            0.886520                1.0               0.216755           0.079513                    1.0                    1.0     last_fold_ic
     alpha_ivol_20d_z_raw_mul_liq_rank           0.219102            0.886520                1.0               0.216755           0.079513                    1.0                    1.0     last_fold_ic
        alpha_ivol_20d_z_raw_mul_liq_z           0.219102            0.886520                1.0               0.216755           0.079513                    1.0                    1.0     last_fold_ic
alpha_ivol_20d_z_raw_mul_ivol_ratio_hi           0.212521            0.652061                1.0               0.205854           0.077720                    1.0                    1.0     last_fold_ic
alpha_ivol_20d_z_raw_mul_ivol_ratio_lo           0.212521            0.652061                1.0               0.205854           0.077720                    1.0                    1.0     last_fold_ic
[SECTOR_BOOST] index built symbol_alpha_pairs_boosted=344 total_pairs=1832
[COMPONENTS][optimal] selected_by_basket_search component_count=4 pool_size=8 combos_evaluated=40
                              alpha  train_abs_mean_ic  proxy_train_sharpe  train_sign_locked  last_fold_abs_mean_ic  last_fold_mean_ic  last_fold_sign_locked  effective_sign_locked sign_source_used
  alpha_ivol_20d_raw_raw_mul_liq_hi           0.224218            0.909997                1.0               0.221843           0.078185                    1.0                    1.0     last_fold_ic
  alpha_ivol_20d_raw_raw_mul_liq_lo           0.224218            0.909997                1.0               0.221843           0.078185                    1.0                    1.0     last_fold_ic
alpha_ivol_20d_raw_raw_mul_liq_rank           0.224218            0.909997                1.0               0.221843           0.078185                    1.0                    1.0     last_fold_ic
    alpha_ivol_20d_z_raw_mul_liq_hi           0.219102            0.886520                1.0               0.216755           0.079513                    1.0                    1.0     last_fold_ic
[BASKET_SEARCH][optimal][TOP]
 basket_id                                                                                                                                alpha_list  component_count  train_abs_mean_ic_avg  proxy_train_sharpe_avg  last_fold_abs_mean_ic_avg  last_fold_proxy_sharpe_avg  replay_sharpe_last_fold  replay_cumret_last_fold  replay_max_drawdown_last_fold  replay_avg_turnover_last_fold
         2   alpha_ivol_20d_raw_raw_mul_liq_hi|alpha_ivol_20d_raw_raw_mul_liq_lo|alpha_ivol_20d_raw_raw_mul_liq_rank|alpha_ivol_20d_z_raw_mul_liq_hi                4               0.222939                0.904127                   0.220571                    4.939355                 3.499436                 0.071616                      -0.068063                       0.021973
         3   alpha_ivol_20d_raw_raw_mul_liq_hi|alpha_ivol_20d_raw_raw_mul_liq_lo|alpha_ivol_20d_raw_raw_mul_liq_rank|alpha_ivol_20d_z_raw_mul_liq_lo                4               0.222939                0.904127                   0.220571                    4.939355                 3.499436                 0.071616                      -0.068063                       0.021973
         4 alpha_ivol_20d_raw_raw_mul_liq_hi|alpha_ivol_20d_raw_raw_mul_liq_lo|alpha_ivol_20d_raw_raw_mul_liq_rank|alpha_ivol_20d_z_raw_mul_liq_rank                4               0.222939                0.904127                   0.220571                    4.939355                 3.499436                 0.071616                      -0.068063                       0.021973
         5    alpha_ivol_20d_raw_raw_mul_liq_hi|alpha_ivol_20d_raw_raw_mul_liq_lo|alpha_ivol_20d_raw_raw_mul_liq_rank|alpha_ivol_20d_z_raw_mul_liq_z                4               0.222939                0.904127                   0.220571                    4.939355                 3.499436                 0.071616                      -0.068063                       0.021973
         6      alpha_ivol_20d_raw_raw_mul_liq_hi|alpha_ivol_20d_raw_raw_mul_liq_lo|alpha_ivol_20d_raw_raw_mul_liq_z|alpha_ivol_20d_z_raw_mul_liq_hi                4               0.222939                0.904127                   0.220571                    4.939355                 3.499436                 0.071616                      -0.068063                       0.021973
         7      alpha_ivol_20d_raw_raw_mul_liq_hi|alpha_ivol_20d_raw_raw_mul_liq_lo|alpha_ivol_20d_raw_raw_mul_liq_z|alpha_ivol_20d_z_raw_mul_liq_lo                4               0.222939                0.904127                   0.220571                    4.939355                 3.499436                 0.071616                      -0.068063                       0.021973
         8    alpha_ivol_20d_raw_raw_mul_liq_hi|alpha_ivol_20d_raw_raw_mul_liq_lo|alpha_ivol_20d_raw_raw_mul_liq_z|alpha_ivol_20d_z_raw_mul_liq_rank                4               0.222939                0.904127                   0.220571                    4.939355                 3.499436                 0.071616                      -0.068063                       0.021973
         9       alpha_ivol_20d_raw_raw_mul_liq_hi|alpha_ivol_20d_raw_raw_mul_liq_lo|alpha_ivol_20d_raw_raw_mul_liq_z|alpha_ivol_20d_z_raw_mul_liq_z                4               0.222939                0.904127                   0.220571                    4.939355                 3.499436                 0.071616                      -0.068063                       0.021973
        16    alpha_ivol_20d_raw_raw_mul_liq_hi|alpha_ivol_20d_raw_raw_mul_liq_rank|alpha_ivol_20d_raw_raw_mul_liq_z|alpha_ivol_20d_z_raw_mul_liq_hi                4               0.222939                0.904127                   0.220571                    4.939355                 3.499436                 0.071616                      -0.068063                       0.021973
        17    alpha_ivol_20d_raw_raw_mul_liq_hi|alpha_ivol_20d_raw_raw_mul_liq_rank|alpha_ivol_20d_raw_raw_mul_liq_z|alpha_ivol_20d_z_raw_mul_liq_lo                4               0.222939                0.904127                   0.220571                    4.939355                 3.499436                 0.071616                      -0.068063                       0.021973
[SECTOR_BOOST] index built symbol_alpha_pairs_boosted=172 total_pairs=916
[FREEZE][optimal] live_active_names_raw=3 live_active_names=3 live_gate_passed=1 live_gate_reason=passed replay_sharpe_last_fold=3.4994 replay_cumret_last_fold=0.0716 avg_turnover=0.0220 avg_gross=0.6070
[FREEZE][optimal][SECTOR_BOOST] enabled=1 boost_map_entries=15 boosted_pairs=172
[FREEZE][optimal][LIVE_BOOK_TOP]
symbol    weight     score  side broad_sector market_regime  long_budget  short_budget  turnover
  APLS  0.050000 23.394303   1.0   healthcare       neutral          0.5           0.5      0.05
  AXTI  0.038494 12.420577   1.0   technology       neutral          0.5           0.5      0.05
  ACLX -0.011506 -1.784742  -1.0   healthcare       neutral          0.5           0.5      0.05
[SECTOR_BOOST] index built symbol_alpha_pairs_boosted=344 total_pairs=1832
[COMPONENTS][aggressive] selected_by_basket_search component_count=4 pool_size=8 combos_evaluated=40
                              alpha  train_abs_mean_ic  proxy_train_sharpe  train_sign_locked  last_fold_abs_mean_ic  last_fold_mean_ic  last_fold_sign_locked  effective_sign_locked sign_source_used
  alpha_ivol_20d_raw_raw_mul_liq_hi           0.224218            0.909997                1.0               0.221843           0.078185                    1.0                    1.0     last_fold_ic
  alpha_ivol_20d_raw_raw_mul_liq_lo           0.224218            0.909997                1.0               0.221843           0.078185                    1.0                    1.0     last_fold_ic
alpha_ivol_20d_raw_raw_mul_liq_rank           0.224218            0.909997                1.0               0.221843           0.078185                    1.0                    1.0     last_fold_ic
    alpha_ivol_20d_z_raw_mul_liq_hi           0.219102            0.886520                1.0               0.216755           0.079513                    1.0                    1.0     last_fold_ic
[BASKET_SEARCH][aggressive][TOP]
 basket_id                                                                                                                                alpha_list  component_count  train_abs_mean_ic_avg  proxy_train_sharpe_avg  last_fold_abs_mean_ic_avg  last_fold_proxy_sharpe_avg  replay_sharpe_last_fold  replay_cumret_last_fold  replay_max_drawdown_last_fold  replay_avg_turnover_last_fold
         2   alpha_ivol_20d_raw_raw_mul_liq_hi|alpha_ivol_20d_raw_raw_mul_liq_lo|alpha_ivol_20d_raw_raw_mul_liq_rank|alpha_ivol_20d_z_raw_mul_liq_hi                4               0.222939                0.904127                   0.220571                    4.939355                 3.658947                 0.105437                      -0.085472                       0.027035
         3   alpha_ivol_20d_raw_raw_mul_liq_hi|alpha_ivol_20d_raw_raw_mul_liq_lo|alpha_ivol_20d_raw_raw_mul_liq_rank|alpha_ivol_20d_z_raw_mul_liq_lo                4               0.222939                0.904127                   0.220571                    4.939355                 3.658947                 0.105437                      -0.085472                       0.027035
         4 alpha_ivol_20d_raw_raw_mul_liq_hi|alpha_ivol_20d_raw_raw_mul_liq_lo|alpha_ivol_20d_raw_raw_mul_liq_rank|alpha_ivol_20d_z_raw_mul_liq_rank                4               0.222939                0.904127                   0.220571                    4.939355                 3.658947                 0.105437                      -0.085472                       0.027035
         5    alpha_ivol_20d_raw_raw_mul_liq_hi|alpha_ivol_20d_raw_raw_mul_liq_lo|alpha_ivol_20d_raw_raw_mul_liq_rank|alpha_ivol_20d_z_raw_mul_liq_z                4               0.222939                0.904127                   0.220571                    4.939355                 3.658947                 0.105437                      -0.085472                       0.027035
         6      alpha_ivol_20d_raw_raw_mul_liq_hi|alpha_ivol_20d_raw_raw_mul_liq_lo|alpha_ivol_20d_raw_raw_mul_liq_z|alpha_ivol_20d_z_raw_mul_liq_hi                4               0.222939                0.904127                   0.220571                    4.939355                 3.658947                 0.105437                      -0.085472                       0.027035
         7      alpha_ivol_20d_raw_raw_mul_liq_hi|alpha_ivol_20d_raw_raw_mul_liq_lo|alpha_ivol_20d_raw_raw_mul_liq_z|alpha_ivol_20d_z_raw_mul_liq_lo                4               0.222939                0.904127                   0.220571                    4.939355                 3.658947                 0.105437                      -0.085472                       0.027035
         8    alpha_ivol_20d_raw_raw_mul_liq_hi|alpha_ivol_20d_raw_raw_mul_liq_lo|alpha_ivol_20d_raw_raw_mul_liq_z|alpha_ivol_20d_z_raw_mul_liq_rank                4               0.222939                0.904127                   0.220571                    4.939355                 3.658947                 0.105437                      -0.085472                       0.027035
         9       alpha_ivol_20d_raw_raw_mul_liq_hi|alpha_ivol_20d_raw_raw_mul_liq_lo|alpha_ivol_20d_raw_raw_mul_liq_z|alpha_ivol_20d_z_raw_mul_liq_z                4               0.222939                0.904127                   0.220571                    4.939355                 3.658947                 0.105437                      -0.085472                       0.027035
        16    alpha_ivol_20d_raw_raw_mul_liq_hi|alpha_ivol_20d_raw_raw_mul_liq_rank|alpha_ivol_20d_raw_raw_mul_liq_z|alpha_ivol_20d_z_raw_mul_liq_hi                4               0.222939                0.904127                   0.220571                    4.939355                 3.658947                 0.105437                      -0.085472                       0.027035
        17    alpha_ivol_20d_raw_raw_mul_liq_hi|alpha_ivol_20d_raw_raw_mul_liq_rank|alpha_ivol_20d_raw_raw_mul_liq_z|alpha_ivol_20d_z_raw_mul_liq_lo                4               0.222939                0.904127                   0.220571                    4.939355                 3.658947                 0.105437                      -0.085472                       0.027035
[SECTOR_BOOST] index built symbol_alpha_pairs_boosted=172 total_pairs=916
[FREEZE][aggressive] live_active_names_raw=3 live_active_names=3 live_gate_passed=1 live_gate_reason=passed replay_sharpe_last_fold=3.6589 replay_cumret_last_fold=0.1054 avg_turnover=0.0270 avg_gross=1.0000
[FREEZE][aggressive][SECTOR_BOOST] enabled=1 boost_map_entries=15 boosted_pairs=172
[FREEZE][aggressive][LIVE_BOOK_TOP]
symbol    weight     score  side broad_sector market_regime  long_budget  short_budget  turnover
  APLS  0.250071 23.394303   1.0   healthcare          weak          0.5           0.5      0.05
  AXTI  0.249929 12.420577   1.0   technology          weak          0.5           0.5      0.05
  ACLX -0.500000 -1.784742  -1.0   healthcare          weak          0.5           0.5      0.05
[ARTIFACT] artifacts\freeze_runner\freeze_all_configs_summary.json
[FINAL] freeze runner complete