=== STEP 6: CPAPI CLEANUP SEND ===
[CFG] execution_root=artifacts\execution_loop configs=['optimal', 'aggressive']
[CFG] cpapi_url=https://localhost:5000 account=DUP561175
[CFG] cleanup_send_preview_only=0 require_empty_pending=0
[CPAPI] tickle loop started (interval=50s)
[CLEANUP][optimal][PLAN] cleanup_rows=14 emitted_rows=14 preview_only=0 blocked_pending_refs=0
date symbol order_side  delta_shares      price      price_source       price_hint_source             quote_ts  quote_provider quote_timeframe  model_price_reference  bid  ask  mid  last  close_price  spread_bps  price_deviation_vs_model  is_priced  target_weight  target_notional  target_shares_raw  current_shares  target_shares  raw_delta_shares  order_notional  order_notional_abs  estimated_commission  estimated_slippage  estimated_total_cost skip_reason       cleanup_reason         cleanup_tag pending_order_refs      fallback_reason
       APLS       SELL        1269.0  40.825000 cleanup_send_plan cleanup_broker_avg_cost 2026-04-16T15:31:03Z cleanup_preview             N/A              40.825000  0.0  0.0  0.0   0.0          0.0         0.0                       0.0          1            0.0              0.0                0.0          1269.0            0.0           -1269.0             0.0                 0.0                   0.0                 0.0                   0.0             unexpected_at_broker broker_cleanup_send                nan unexpected_at_broker
       AAOI        BUY         400.0 149.791719 cleanup_send_plan cleanup_broker_avg_cost 2026-04-16T15:31:03Z cleanup_preview             N/A             149.791719  0.0  0.0  0.0   0.0          0.0         0.0                       0.0          1            0.0              0.0                0.0          -400.0            0.0             400.0             0.0                 0.0                   0.0                 0.0                   0.0             unexpected_at_broker broker_cleanup_send                nan unexpected_at_broker
       HOOD        BUY         295.0  66.849558 cleanup_send_plan cleanup_broker_avg_cost 2026-04-16T15:31:03Z cleanup_preview             N/A              66.849558  0.0  0.0  0.0   0.0          0.0         0.0                       0.0          1            0.0              0.0                0.0          -295.0            0.0             295.0             0.0                 0.0                   0.0                 0.0                   0.0             unexpected_at_broker broker_cleanup_send                nan unexpected_at_broker
       APLD        BUY         220.0  26.223709 cleanup_send_plan cleanup_broker_avg_cost 2026-04-16T15:31:03Z cleanup_preview             N/A              26.223709  0.0  0.0  0.0   0.0          0.0         0.0                       0.0          1            0.0              0.0                0.0          -220.0            0.0             220.0             0.0                 0.0                   0.0                 0.0                   0.0             unexpected_at_broker broker_cleanup_send                nan unexpected_at_broker
        NEM        BUY         208.0 105.013459 cleanup_send_plan cleanup_broker_avg_cost 2026-04-16T15:31:03Z cleanup_preview             N/A             105.013459  0.0  0.0  0.0   0.0          0.0         0.0                       0.0          1            0.0              0.0                0.0          -208.0            0.0             208.0             0.0                 0.0                   0.0                 0.0                   0.0             unexpected_at_broker broker_cleanup_send                nan unexpected_at_broker
       INTC        BUY         200.0  43.021055 cleanup_send_plan cleanup_broker_avg_cost 2026-04-16T15:31:03Z cleanup_preview             N/A              43.021055  0.0  0.0  0.0   0.0          0.0         0.0                       0.0          1            0.0              0.0                0.0          -200.0            0.0             200.0             0.0                 0.0                   0.0                 0.0                   0.0             unexpected_at_broker broker_cleanup_send                nan unexpected_at_broker
       APTV        BUY         148.0  59.871815 cleanup_send_plan cleanup_broker_avg_cost 2026-04-16T15:31:03Z cleanup_preview             N/A              59.871815  0.0  0.0  0.0   0.0          0.0         0.0                       0.0          1            0.0              0.0                0.0          -148.0            0.0             148.0             0.0                 0.0                   0.0                 0.0                   0.0             unexpected_at_broker broker_cleanup_send                nan unexpected_at_broker
       CRCL        BUY         128.0  91.896055 cleanup_send_plan cleanup_broker_avg_cost 2026-04-16T15:31:03Z cleanup_preview             N/A              91.896055  0.0  0.0  0.0   0.0          0.0         0.0                       0.0          1            0.0              0.0                0.0          -128.0            0.0             128.0             0.0                 0.0                   0.0                 0.0                   0.0             unexpected_at_broker broker_cleanup_send                nan unexpected_at_broker
       NVDA        BUY          84.0 193.093923 cleanup_send_plan cleanup_broker_avg_cost 2026-04-16T15:31:03Z cleanup_preview             N/A             193.093923  0.0  0.0  0.0   0.0          0.0         0.0                       0.0          1            0.0              0.0                0.0           -84.0            0.0              84.0             0.0                 0.0                   0.0                 0.0                   0.0             unexpected_at_broker broker_cleanup_send                nan unexpected_at_broker
       RKLB        BUY          48.0  60.656888 cleanup_send_plan cleanup_broker_avg_cost 2026-04-16T15:31:03Z cleanup_preview             N/A              60.656888  0.0  0.0  0.0   0.0          0.0         0.0                       0.0          1            0.0              0.0                0.0           -48.0            0.0              48.0             0.0                 0.0                   0.0                 0.0                   0.0             unexpected_at_broker broker_cleanup_send                nan unexpected_at_broker
        NKE        BUY          21.0  42.442738 cleanup_send_plan cleanup_broker_avg_cost 2026-04-16T15:31:03Z cleanup_preview             N/A              42.442738  0.0  0.0  0.0   0.0          0.0         0.0                       0.0          1            0.0              0.0                0.0           -21.0            0.0              21.0             0.0                 0.0                   0.0                 0.0                   0.0             unexpected_at_broker broker_cleanup_send                nan unexpected_at_broker
       OKLO        BUY          20.0  52.262725 cleanup_send_plan cleanup_broker_avg_cost 2026-04-16T15:31:03Z cleanup_preview             N/A              52.262725  0.0  0.0  0.0   0.0          0.0         0.0                       0.0          1            0.0              0.0                0.0           -20.0            0.0              20.0             0.0                 0.0                   0.0                 0.0                   0.0             unexpected_at_broker broker_cleanup_send                nan unexpected_at_broker
       AAPL       SELL           8.0 257.937449 cleanup_send_plan cleanup_broker_avg_cost 2026-04-16T15:31:03Z cleanup_preview             N/A             257.937449  0.0  0.0  0.0   0.0          0.0         0.0                       0.0          1            0.0              0.0                0.0             8.0            0.0              -8.0             0.0                 0.0                   0.0                 0.0                   0.0             unexpected_at_broker broker_cleanup_send                nan unexpected_at_broker
       AXON        BUY           8.0 343.887713 cleanup_send_plan cleanup_broker_avg_cost 2026-04-16T15:31:03Z cleanup_preview             N/A             343.887713  0.0  0.0  0.0   0.0          0.0         0.0                       0.0          1            0.0              0.0                0.0            -8.0            0.0               8.0             0.0                 0.0                   0.0                 0.0                   0.0             unexpected_at_broker broker_cleanup_send                nan unexpected_at_broker
[ARTIFACT] artifacts\execution_loop\optimal\broker_cleanup_send_plan.csv
[ARTIFACT] artifacts\execution_loop\optimal\broker_cleanup_send_summary.json
[CONID_CACHE] all 14 symbols already cached
[CLEANUP][optimal] to_execute=14 dup=0 no_conid=0 no_price=0
[BATCH] symbol=APLS side=SELL qty=1269.00000000 ref_price=40.8250 conid=295518928
[SM][APLS] NEW → PRECHECK | starting execution
[SM][APLS] PRECHECK → SPLIT | splitting qty
[SM][APLS] SPLIT → WHOLE_SUBMIT | submitting whole leg
[CPAPI][TICKLE] ok (total_ok=2)
[SM][APLS][ERR] stage=WHOLE_SUBMIT submit_order returned empty order_id: {'error': "Order couldn't be submitted: Local order ID=cl-c975e5c6e645a61eca12fe23-W is already registered."}
[SM][APLS] WHOLE_SUBMIT → WHOLE_TIMEOUT | whole submit failed; skipping to frac
[SM][APLS] WHOLE_TIMEOUT → DONE | no frac leg required
[BATCH][RESULT] symbol=APLS state=DONE total_filled=0.00000000 avg_price=0.0000
[BATCH] symbol=AAOI side=BUY qty=400.00000000 ref_price=149.7917 conid=135423662
[SM][AAOI] NEW → PRECHECK | starting execution
[SM][AAOI] PRECHECK → SPLIT | splitting qty
[SM][AAOI] SPLIT → WHOLE_SUBMIT | submitting whole leg
[SM][AAOI][ERR] stage=WHOLE_SUBMIT submit_order returned empty order_id: {'error': "Order couldn't be submitted: Local order ID=cl-fa7871cce9f2760c0c9b0b1a-W is already registered."}
[SM][AAOI] WHOLE_SUBMIT → WHOLE_TIMEOUT | whole submit failed; skipping to frac
[SM][AAOI] WHOLE_TIMEOUT → DONE | no frac leg required
[BATCH][RESULT] symbol=AAOI state=DONE total_filled=0.00000000 avg_price=0.0000
[BATCH] symbol=HOOD side=BUY qty=295.00000000 ref_price=66.8496 conid=504546674
[SM][HOOD] NEW → PRECHECK | starting execution
[SM][HOOD] PRECHECK → SPLIT | splitting qty
[SM][HOOD] SPLIT → WHOLE_SUBMIT | submitting whole leg
[SM][HOOD][ERR] stage=WHOLE_SUBMIT submit_order returned empty order_id: {'error': "Order couldn't be submitted: Local order ID=cl-5fcbd5e04efb919b8425c2bf-W is already registered."}
[SM][HOOD] WHOLE_SUBMIT → WHOLE_TIMEOUT | whole submit failed; skipping to frac
[SM][HOOD] WHOLE_TIMEOUT → DONE | no frac leg required
[BATCH][RESULT] symbol=HOOD state=DONE total_filled=0.00000000 avg_price=0.0000
[BATCH] symbol=APLD side=BUY qty=220.00000000 ref_price=26.2237 conid=556067819
[SM][APLD] NEW → PRECHECK | starting execution
[SM][APLD] PRECHECK → SPLIT | splitting qty
[SM][APLD] SPLIT → WHOLE_SUBMIT | submitting whole leg
[SM][APLD][ERR] stage=WHOLE_SUBMIT submit_order returned empty order_id: {'error': "Order couldn't be submitted: Local order ID=cl-d52f306bfbacd3a640f5f8fc-W is already registered."}
[SM][APLD] WHOLE_SUBMIT → WHOLE_TIMEOUT | whole submit failed; skipping to frac
[SM][APLD] WHOLE_TIMEOUT → DONE | no frac leg required
[BATCH][RESULT] symbol=APLD state=DONE total_filled=0.00000000 avg_price=0.0000
[BATCH] symbol=NEM side=BUY qty=208.00000000 ref_price=105.0135 conid=10174
[SM][NEM] NEW → PRECHECK | starting execution
[SM][NEM] PRECHECK → SPLIT | splitting qty
[SM][NEM] SPLIT → WHOLE_SUBMIT | submitting whole leg
[SM][NEM][ERR] stage=WHOLE_SUBMIT submit_order returned empty order_id: {'error': "Order couldn't be submitted: Local order ID=cl-cfe341214ebe0fde1c0f61a2-W is already registered."}
[SM][NEM] WHOLE_SUBMIT → WHOLE_TIMEOUT | whole submit failed; skipping to frac
[SM][NEM] WHOLE_TIMEOUT → DONE | no frac leg required
[BATCH][RESULT] symbol=NEM state=DONE total_filled=0.00000000 avg_price=0.0000
[BATCH] symbol=INTC side=BUY qty=200.00000000 ref_price=43.0211 conid=270639
[SM][INTC] NEW → PRECHECK | starting execution
[SM][INTC] PRECHECK → SPLIT | splitting qty
[SM][INTC] SPLIT → WHOLE_SUBMIT | submitting whole leg
[SM][INTC][ERR] stage=WHOLE_SUBMIT submit_order returned empty order_id: {'error': "Order couldn't be submitted: Local order ID=cl-ce1e90978c62d623afbcb4ba-W is already registered."}
[SM][INTC] WHOLE_SUBMIT → WHOLE_TIMEOUT | whole submit failed; skipping to frac
[SM][INTC] WHOLE_TIMEOUT → DONE | no frac leg required
[BATCH][RESULT] symbol=INTC state=DONE total_filled=0.00000000 avg_price=0.0000
[BATCH] symbol=APTV side=BUY qty=148.00000000 ref_price=59.8718 conid=748351585
[SM][APTV] NEW → PRECHECK | starting execution
[SM][APTV] PRECHECK → SPLIT | splitting qty
[SM][APTV] SPLIT → WHOLE_SUBMIT | submitting whole leg
[SM][APTV][ERR] stage=WHOLE_SUBMIT submit_order returned empty order_id: {'error': "Order couldn't be submitted: Local order ID=cl-7a0dcac20a6896b8b054130b-W is already registered."}
[SM][APTV] WHOLE_SUBMIT → WHOLE_TIMEOUT | whole submit failed; skipping to frac
[SM][APTV] WHOLE_TIMEOUT → DONE | no frac leg required
[BATCH][RESULT] symbol=APTV state=DONE total_filled=0.00000000 avg_price=0.0000
[BATCH] symbol=CRCL side=BUY qty=128.00000000 ref_price=91.8961 conid=789044667
[SM][CRCL] NEW → PRECHECK | starting execution
[SM][CRCL] PRECHECK → SPLIT | splitting qty
[SM][CRCL] SPLIT → WHOLE_SUBMIT | submitting whole leg
[SM][CRCL][ERR] stage=WHOLE_SUBMIT submit_order returned empty order_id: {'error': "Order couldn't be submitted: Local order ID=cl-75f4f82177dc00bc207bc624-W is already registered."}
[SM][CRCL] WHOLE_SUBMIT → WHOLE_TIMEOUT | whole submit failed; skipping to frac
[SM][CRCL] WHOLE_TIMEOUT → DONE | no frac leg required
[BATCH][RESULT] symbol=CRCL state=DONE total_filled=0.00000000 avg_price=0.0000
[BATCH] symbol=NVDA side=BUY qty=84.00000000 ref_price=193.0939 conid=4815747
[SM][NVDA] NEW → PRECHECK | starting execution
[SM][NVDA] PRECHECK → SPLIT | splitting qty
[SM][NVDA] SPLIT → WHOLE_SUBMIT | submitting whole leg
[SM][NVDA][ERR] stage=WHOLE_SUBMIT submit_order returned empty order_id: {'error': "Order couldn't be submitted: Local order ID=cl-7b660fe1fb95bf5ef8701d84-W is already registered."}
[SM][NVDA] WHOLE_SUBMIT → WHOLE_TIMEOUT | whole submit failed; skipping to frac
[SM][NVDA] WHOLE_TIMEOUT → DONE | no frac leg required
[BATCH][RESULT] symbol=NVDA state=DONE total_filled=0.00000000 avg_price=0.0000
[BATCH] symbol=RKLB side=BUY qty=48.00000000 ref_price=60.6569 conid=787273575
[SM][RKLB] NEW → PRECHECK | starting execution
[SM][RKLB] PRECHECK → SPLIT | splitting qty
[SM][RKLB] SPLIT → WHOLE_SUBMIT | submitting whole leg
[SM][RKLB][ERR] stage=WHOLE_SUBMIT submit_order returned empty order_id: {'error': "Order couldn't be submitted: Local order ID=cl-471b15ea48f051fdfe56c0e5-W is already registered."}
[SM][RKLB] WHOLE_SUBMIT → WHOLE_TIMEOUT | whole submit failed; skipping to frac
[SM][RKLB] WHOLE_TIMEOUT → DONE | no frac leg required
[BATCH][RESULT] symbol=RKLB state=DONE total_filled=0.00000000 avg_price=0.0000
[BATCH] symbol=NKE side=BUY qty=21.00000000 ref_price=42.4427 conid=10291
[SM][NKE] NEW → PRECHECK | starting execution
[SM][NKE] PRECHECK → SPLIT | splitting qty
[SM][NKE] SPLIT → WHOLE_SUBMIT | submitting whole leg
[SM][NKE][ERR] stage=WHOLE_SUBMIT submit_order returned empty order_id: {'error': "Order couldn't be submitted: Local order ID=cl-f2091308cfe69ba4c89ad82d-W is already registered."}
[SM][NKE] WHOLE_SUBMIT → WHOLE_TIMEOUT | whole submit failed; skipping to frac
[SM][NKE] WHOLE_TIMEOUT → DONE | no frac leg required
[BATCH][RESULT] symbol=NKE state=DONE total_filled=0.00000000 avg_price=0.0000
[BATCH] symbol=OKLO side=BUY qty=20.00000000 ref_price=52.2627 conid=500073396
[SM][OKLO] NEW → PRECHECK | starting execution
[SM][OKLO] PRECHECK → SPLIT | splitting qty
[SM][OKLO] SPLIT → WHOLE_SUBMIT | submitting whole leg
[SM][OKLO][ERR] stage=WHOLE_SUBMIT submit_order returned empty order_id: {'error': "Order couldn't be submitted: Local order ID=cl-df8208c41aef24d8d9cb8ce1-W is already registered."}
[SM][OKLO] WHOLE_SUBMIT → WHOLE_TIMEOUT | whole submit failed; skipping to frac
[SM][OKLO] WHOLE_TIMEOUT → DONE | no frac leg required
[BATCH][RESULT] symbol=OKLO state=DONE total_filled=0.00000000 avg_price=0.0000
[BATCH] symbol=AAPL side=SELL qty=8.00000000 ref_price=257.9374 conid=265598
[SM][AAPL] NEW → PRECHECK | starting execution
[SM][AAPL] PRECHECK → SPLIT | splitting qty
[SM][AAPL] SPLIT → WHOLE_SUBMIT | submitting whole leg
[CPAPI][REPLY] attempt=1 id=1d5405e7-fee2-4af7-a99c-0b103545927d raw=[{"order_id": "2076174224", "local_order_id": "cl-9787939c3352990e1edca000-W", "order_status": "PreSubmitted", "encrypt_
[SM][AAPL][WHOLE_SUBMIT] order_id=2076174224 waiting 2.0s for gateway indexing
[SM][AAPL] WHOLE_SUBMIT → WHOLE_WORKING | whole order_id=2076174224
[SM][AAPL][WHOLE_POLL] status=Submitted filled=0.000000 remaining=8.000000 avg_px=0.0000
[SM][AAPL][WHOLE_POLL] status=Submitted filled=0.000000 remaining=8.000000 avg_px=0.0000
[SM][AAPL][WHOLE_POLL] status=Submitted filled=0.000000 remaining=8.000000 avg_px=0.0000
[SM][AAPL][WHOLE_POLL] status=Submitted filled=0.000000 remaining=8.000000 avg_px=0.0000
[SM][AAPL][WHOLE_POLL] status=Submitted filled=0.000000 remaining=8.000000 avg_px=0.0000
[SM][AAPL][WHOLE_POLL] status=Submitted filled=0.000000 remaining=8.000000 avg_px=0.0000
[SM][AAPL][WHOLE_POLL] status=Submitted filled=0.000000 remaining=8.000000 avg_px=0.0000
[SM][AAPL][WHOLE_POLL] status=Submitted filled=0.000000 remaining=8.000000 avg_px=0.0000
[SM][AAPL][WHOLE_POLL] status=Submitted filled=0.000000 remaining=8.000000 avg_px=0.0000
[SM][AAPL][WHOLE_POLL] status=Submitted filled=0.000000 remaining=8.000000 avg_px=0.0000
[SM][AAPL][WHOLE_POLL] status=Filled filled=8.000000 remaining=0.000000 avg_px=262.4500
[SM][AAPL] WHOLE_WORKING → WHOLE_FILLED | filled qty=8.000000 avg_px=262.4500
[SM][AAPL] WHOLE_FILLED → DONE | no frac leg required
[BATCH][RESULT] symbol=AAPL state=DONE total_filled=8.00000000 avg_price=262.4500
[BATCH] symbol=AXON side=BUY qty=8.00000000 ref_price=343.8877 conid=272104927
[SM][AXON] NEW → PRECHECK | starting execution
[SM][AXON] PRECHECK → SPLIT | splitting qty
[SM][AXON] SPLIT → WHOLE_SUBMIT | submitting whole leg
[SM][AXON][ERR] stage=WHOLE_SUBMIT submit_order returned empty order_id: {'error': "Order couldn't be submitted: Local order ID=cl-7c821a1a1a5187aa4d95c322-W is already registered."}
[SM][AXON] WHOLE_SUBMIT → WHOLE_TIMEOUT | whole submit failed; skipping to frac
[SM][AXON] WHOLE_TIMEOUT → DONE | no frac leg required
[BATCH][RESULT] symbol=AXON state=DONE total_filled=0.00000000 avg_price=0.0000
[BATCH][SUMMARY] total=14 done=14 failed=0
[CLEANUP][SEND] symbol=APLS side=SELL qty=1269.0000 state=DONE filled=0.0000
[CLEANUP][SEND] symbol=AAOI side=BUY qty=400.0000 state=DONE filled=0.0000
[CLEANUP][SEND] symbol=HOOD side=BUY qty=295.0000 state=DONE filled=0.0000
[CLEANUP][SEND] symbol=APLD side=BUY qty=220.0000 state=DONE filled=0.0000
[CLEANUP][SEND] symbol=NEM side=BUY qty=208.0000 state=DONE filled=0.0000
[CLEANUP][SEND] symbol=INTC side=BUY qty=200.0000 state=DONE filled=0.0000
[CLEANUP][SEND] symbol=APTV side=BUY qty=148.0000 state=DONE filled=0.0000
[CLEANUP][SEND] symbol=CRCL side=BUY qty=128.0000 state=DONE filled=0.0000
[CLEANUP][SEND] symbol=NVDA side=BUY qty=84.0000 state=DONE filled=0.0000
[CLEANUP][SEND] symbol=RKLB side=BUY qty=48.0000 state=DONE filled=0.0000
[CLEANUP][SEND] symbol=NKE side=BUY qty=21.0000 state=DONE filled=0.0000
[CLEANUP][SEND] symbol=OKLO side=BUY qty=20.0000 state=DONE filled=0.0000
[CLEANUP][SEND] symbol=AAPL side=SELL qty=8.0000 state=DONE filled=8.0000
[CLEANUP][SEND] symbol=AXON side=BUY qty=8.0000 state=DONE filled=0.0000
[CLEANUP][optimal][SEND_SUMMARY] sent=14 errors=0
[CLEANUP][optimal] original orders.csv restored
[CLEANUP][aggressive][PLAN] cleanup_rows=0 emitted_rows=0 preview_only=0 blocked_pending_refs=0
[ARTIFACT] artifacts\execution_loop\aggressive\broker_cleanup_send_plan.csv
[ARTIFACT] artifacts\execution_loop\aggressive\broker_cleanup_send_summary.json
[CLEANUP][aggressive] no rows after filters — adapter not called
[CPAPI] tickle loop stopped
[FINAL] CPAPI cleanup send complete