PS C:\Users\Dmytro Govor\Documents\Python-Edge> python .\scripts\run_broker_handoff.py
[CFG] execution_root=artifacts\execution_loop
[CFG] configs=['optimal', 'aggressive']
[CFG] ib_host=127.0.0.1 ib_port=4002 ib_client_id=51
[CFG] exchange=SMART primary_exchange= currency=USD sec_type=STK
[CFG] ib_market_data_type=3 ib_mkt_timeout_sec=8.0 max_price_deviation_pct=8.0 allow_last_fallback=1
[CFG] force_massive_when_ib_close_only=1 force_massive_when_ib_no_bbo=1
[CFG] enable_massive_fallback=1 massive_base_url=https://api.massive.com massive_timeout_sec=20.0
[IB] connecting host=127.0.0.1 port=4002 client_id=51
[IB] managedAccounts=DUP561175
[IB] nextValidId=1[IB] connected next_valid_id=1 managed_accounts=DUP561175

[HANDOFF][optimal] orders_csv=artifacts\execution_loop\optimal\orders.csv
[IB][ERROR] reqId=-1 code=2104 msg=Market data farm connection is OK:usfarm
[IB][ERROR] reqId=-1 code=2106 msg=HMDS data farm connection is OK:ushmds
[IB][ERROR] reqId=-1 code=2158 msg=Sec-def data farm connection is OK:secdefil
[HANDOFF][optimal] total_rows=4 live_rows=4 symbols=4
[IB][ERROR] reqId=900001 code=10167 msg=Requested market data is not subscribed. Displaying delayed market data.
[IB][ERROR] reqId=900002 code=10167 msg=Requested market data is not subscribed. Displaying delayed market data.
[IB][ERROR] reqId=900004 code=10167 msg=Requested market data is not subscribed. Displaying delayed market data.
[IB][ERROR] reqId=900003 code=10167 msg=Requested market data is not subscribed. Displaying delayed market data.
[IB][ERROR] reqId=900001 code=300 msg=Can't find EId with tickerId:900001
[IB][ERROR] reqId=900002 code=300 msg=Can't find EId with tickerId:900002
[PRICE_SANITY_WARN] symbol=AAPL side=BUY model_price=219.5000 live_price=254.7100 deviation_pct=16.04 src=ib:ask
[PRICE_SANITY_WARN] symbol=MSFT side=BUY model_price=428.1000 live_price=370.2900 deviation_pct=13.50 src=ib:ask
[PRICE_SANITY_WARN] symbol=NVDA side=SELL model_price=118.4000 live_price=175.6200 deviation_pct=48.33 src=ib:bid
[HANDOFF][optimal][PREVIEW]
symbol order_side  delta_shares  model_price_reference  price quote_provider quote_timeframe price_hint_source             quote_ts fallback_reason    bid    ask     mid   last  close_price  spread_bps  price_deviation_vs_model
  AAPL        BUY             1                  219.5 254.71             ib         DELAYED            ib_ask 2026-04-01T18:18:09Z                 254.68 254.71 254.695 254.69       253.79    1.177879                 16.041002
  MSFT        BUY             1                  428.1 370.29             ib         DELAYED            ib_ask 2026-04-01T18:18:10Z                 370.24 370.29 370.265 370.26       370.17    1.350384                 13.503854
  NVDA       SELL            -1                  118.4 175.62             ib         DELAYED            ib_bid 2026-04-01T18:18:10Z                 175.62 175.63 175.625 175.63       174.40    0.569395                 48.327703
  AMZN       SELL            -1                  201.7 211.61             ib         DELAYED            ib_bid 2026-04-01T18:18:09Z                 211.61 211.63 211.620 211.60       208.27    0.945090                  4.913237
[HANDOFF][optimal][SUMMARY] updated=4 ib_rows=4 massive_rows=0 price_sanity_fail=3 orders_csv=artifacts\execution_loop\optimal\orders.csv summary_json=artifacts\execution_loop\optimal\broker_handoff_summary.json
[HANDOFF][aggressive] orders_csv=artifacts\execution_loop\aggressive\orders.csv
[HANDOFF][aggressive] total_rows=6 live_rows=6 symbols=6
[IB][ERROR] reqId=900003 code=300 msg=Can't find EId with tickerId:900003
[IB][ERROR] reqId=900004 code=300 msg=Can't find EId with tickerId:900004
[IB][ERROR] reqId=900001 code=10167 msg=Requested market data is not subscribed. Displaying delayed market data.
[IB][ERROR] reqId=900002 code=10167 msg=Requested market data is not subscribed. Displaying delayed market data.
[IB][ERROR] reqId=900003 code=10167 msg=Requested market data is not subscribed. Displaying delayed market data.
[IB][ERROR] reqId=900004 code=10167 msg=Requested market data is not subscribed. Displaying delayed market data.
[IB][ERROR] reqId=900005 code=10167 msg=Requested market data is not subscribed. Displaying delayed market data.
[IB][ERROR] reqId=900006 code=10167 msg=Requested market data is not subscribed. Displaying delayed market data.
[IB][ERROR] reqId=900001 code=300 msg=Can't find EId with tickerId:900001
[IB][ERROR] reqId=900002 code=300 msg=Can't find EId with tickerId:900002
[IB][ERROR] reqId=900003 code=300 msg=Can't find EId with tickerId:900003
[PRICE_SANITY_WARN] symbol=HOOD side=SELL model_price=100.0000 live_price=70.1100 deviation_pct=29.89 src=ib:bid
[PRICE_SANITY_WARN] symbol=CRCL side=SELL model_price=103.8600 live_price=91.3300 deviation_pct=12.06 src=ib:bid
[PRICE_SANITY_WARN] symbol=NEM side=SELL model_price=101.5200 live_price=115.1900 deviation_pct=13.47 src=ib:bid
[PRICE_SANITY_WARN] symbol=RKLB side=SELL model_price=72.8800 live_price=66.3800 deviation_pct=8.92 src=ib:bid
[PRICE_SANITY_WARN] symbol=SHOP side=SELL model_price=100.0000 live_price=118.7600 deviation_pct=18.76 src=ib:bid
[HANDOFF][aggressive][PREVIEW]
symbol order_side  delta_shares  model_price_reference  price quote_provider quote_timeframe price_hint_source             quote_ts fallback_reason    bid    ask     mid   last  close_price  spread_bps  price_deviation_vs_model
  HOOD       SELL         -37.0                 100.00  70.11             ib         DELAYED            ib_bid 2026-04-01T18:18:11Z                  70.11  70.13  70.120  70.13        69.30    2.852253                 29.890000
  CRCL       SELL         -16.0                 103.86  91.33             ib         DELAYED            ib_bid 2026-04-01T18:18:11Z                  91.33  91.48  91.405  91.40        95.41   16.410481                 12.064317
   NEM       SELL         -16.0                 101.52 115.19             ib         DELAYED            ib_bid 2026-04-01T18:18:12Z                 115.19 115.26 115.225 115.21       108.25    6.075071                 13.465327
  INTC       SELL         -25.0                  47.18  48.19             ib         DELAYED            ib_bid 2026-04-01T18:18:11Z                  48.19  48.20  48.195  48.19        44.13    2.074904                  2.140738
  RKLB       SELL          -6.0                  72.88  66.38             ib         DELAYED            ib_bid 2026-04-01T18:18:12Z                  66.38  66.44  66.410  66.40        64.22    9.034784                  8.918771
  SHOP       SELL          -3.0                 100.00 118.76             ib         DELAYED            ib_bid 2026-04-01T18:18:12Z                 118.76 118.92 118.840 118.84       118.62   13.463480                 18.760000
[HANDOFF][aggressive][SUMMARY] updated=6 ib_rows=6 massive_rows=0 price_sanity_fail=5 orders_csv=artifacts\execution_loop\aggressive\orders.csv summary_json=artifacts\execution_loop\aggressive\broker_handoff_summary.json
[FINAL] broker handoff complete