{
  "alpha_lib_file": "data\\alpha_library\\alpha_library_v1.parquet",
  "target_col": "target_fwd_ret_1d",
  "train_days": 252,
  "test_days": 63,
  "step_days": 63,
  "purge_days": 5,
  "embargo_days": 5,
  "min_train_rows": 3000,
  "min_test_rows": 300,
  "min_alpha_days": 50,
  "min_alpha_abs_ic": 0.004,
  "max_alphas": 12,
  "ridge_l2": 20.0,
  "corr_prune": 0.85,
  "enter_pct": 0.08,
  "exit_pct": 0.16,
  "gross_target": 1.0,
  "weight_cap": 0.06,
  "max_daily_turnover": 0.35,
  "cost_bps": 8.0,
  "borrow_bps_daily": 1.0,
  "side": "long_short",
  "budget_mode": "dynamic",
  "regime_mode": "dynamic",
  "fold_summaries": [
    {
      "days": 63.0,
      "mean_daily": -0.0010210489298563363,
      "std_daily": 0.004621584336699206,
      "sharpe": -3.507162930416251,
      "hit_rate": 0.4444444444444444,
      "cum_ret": -0.06296956477166205,
      "max_drawdown": -0.06355368333902589,
      "avg_turnover": 0.3500000000000002,
      "avg_gross": 0.297252835227986,
      "avg_top_pct": 0.060000000000000005,
      "position_limits_fallback_days": 0.0,
      "cost_model_fallback_days": 0.0,
      "selected_alpha_count": 5.0,
      "selected_alpha_list": "alpha_cond_breadth_trend_mom_compression,alpha_cond_ivol_lowliq_penalty,alpha_rev1__hi_liq,alpha_cond_vol_compression_liq_breakout,alpha_wick_imbalance__z_range_comp",
      "usable_train_rows": 24444.0,
      "selected_alpha_nonzero_mean": 0.996031746031746,
      "ridge_chosen_min_active": 3.0,
      "ridge_usable_rows": 23571.0
    },
    {
      "days": 63.0,
      "mean_daily": -0.00020663375713201196,
      "std_daily": 0.0026598454758629923,
      "sharpe": -1.2332329947685527,
      "hit_rate": 0.3968253968253968,
      "cum_ret": -0.013155041186582062,
      "max_drawdown": -0.02769258920506168,
      "avg_turnover": 0.3500000000000002,
      "avg_gross": 0.25945673948578546,
      "avg_top_pct": 0.060000000000000005,
      "position_limits_fallback_days": 0.0,
      "cost_model_fallback_days": 0.0,
      "selected_alpha_count": 10.0,
      "selected_alpha_list": "alpha_cond_ivol_lowliq_penalty,alpha_cond_breadth_trend_mom_compression,alpha_pressure__hi_liq,alpha_rev1__hi_rvol,alpha_rev1__hi_liq,alpha_rev1__rank_rvol,alpha_mom3__hi_liq,alpha_cond_vol_compression_liq_breakout,alpha_cond_breadth_weak_overnight,alpha_cond_breadth_trend_intraday_rs",
      "usable_train_rows": 24444.0,
      "selected_alpha_nonzero_mean": 1.0,
      "ridge_chosen_min_active": 3.0,
      "ridge_usable_rows": 24444.0
    },
    {
      "days": 63.0,
      "mean_daily": 0.00013318057079893077,
      "std_daily": 0.004705983082318384,
      "sharpe": 0.4492527876464053,
      "hit_rate": 0.5555555555555556,
      "cum_ret": 0.007720966852457378,
      "max_drawdown": -0.03972333924390181,
      "avg_turnover": 0.3500000000000002,
      "avg_gross": 0.22945165268488799,
      "avg_top_pct": 0.060000000000000005,
      "position_limits_fallback_days": 0.0,
      "cost_model_fallback_days": 0.0,
      "selected_alpha_count": 8.0,
      "selected_alpha_list": "alpha_cond_breadth_trend_mom_compression,alpha_cond_ivol_lowliq_penalty,alpha_rev1__rank_rvol,alpha_cond_momentum_liq_trend,alpha_rev1__hi_rvol,alpha_cond_vol_compression_liq_breakout,alpha_rev1__hi_liq,alpha_cond_breadth_trend_intraday_rs",
      "usable_train_rows": 24444.0,
      "selected_alpha_nonzero_mean": 1.0,
      "ridge_chosen_min_active": 3.0,
      "ridge_usable_rows": 24444.0
    },
    {
      "days": 63.0,
      "mean_daily": 0.00022406126124208556,
      "std_daily": 0.0062669908099018375,
      "sharpe": 0.5675550453900153,
      "hit_rate": 0.47619047619047616,
      "cum_ret": 0.01297689697552884,
      "max_drawdown": -0.032262102851512764,
      "avg_turnover": 0.3500000000000002,
      "avg_gross": 0.28716350484254477,
      "avg_top_pct": 0.060000000000000005,
      "position_limits_fallback_days": 0.0,
      "cost_model_fallback_days": 0.0,
      "selected_alpha_count": 11.0,
      "selected_alpha_list": "alpha_cond_breadth_trend_mom_compression,alpha_cond_ivol_lowliq_penalty,alpha_rev1__rank_rvol,alpha_rev1__hi_rvol,alpha_mom3__z_rvol,alpha_wick_imbalance__z_range_comp,alpha_cond_momentum_liq_trend,alpha_cond_str_weak_breadth,alpha_cond_breadth_trend_intraday_rs,alpha_rev1__hi_liq,alpha_cond_vol_compression_liq_breakout",
      "usable_train_rows": 24444.0,
      "selected_alpha_nonzero_mean": 1.0,
      "ridge_chosen_min_active": 3.0,
      "ridge_usable_rows": 24444.0
    },
    {
      "days": 63.0,
      "mean_daily": 0.0005669848391427947,
      "std_daily": 0.0054013858943834335,
      "sharpe": 1.6663510927422518,
      "hit_rate": 0.5714285714285714,
      "cum_ret": 0.03540283426867763,
      "max_drawdown": -0.03861288105911986,
      "avg_turnover": 0.3500000000000002,
      "avg_gross": 0.2836577477927968,
      "avg_top_pct": 0.060000000000000005,
      "position_limits_fallback_days": 0.0,
      "cost_model_fallback_days": 0.0,
      "selected_alpha_count": 6.0,
      "selected_alpha_list": "alpha_cond_breadth_range_str,alpha_rev1__z_rvol,alpha_wick_imbalance__z_range_comp,alpha_mom3__z_rvol,alpha_cond_str_weak_breadth,alpha_cond_breadth_trend_mom_compression",
      "usable_train_rows": 24444.0,
      "selected_alpha_nonzero_mean": 1.0,
      "ridge_chosen_min_active": 3.0,
      "ridge_usable_rows": 24444.0
    },
    {
      "days": 63.0,
      "mean_daily": -0.0002887161797694743,
      "std_daily": 0.0020302491565507455,
      "sharpe": -2.2574703453801703,
      "hit_rate": 0.42857142857142855,
      "cum_ret": -0.01815484464938022,
      "max_drawdown": -0.01295048494867812,
      "avg_turnover": 0.3500000000000002,
      "avg_gross": 0.2530941506454977,
      "avg_top_pct": 0.060000000000000005,
      "position_limits_fallback_days": 0.0,
      "cost_model_fallback_days": 0.0,
      "selected_alpha_count": 4.0,
      "selected_alpha_list": "alpha_wick_imbalance__z_range_comp,alpha_mom3__z_rvol,alpha_gap__z_rvol,alpha_cond_breadth_weak_overnight",
      "usable_train_rows": 24444.0,
      "selected_alpha_nonzero_mean": 1.0,
      "ridge_chosen_min_active": 3.0,
      "ridge_usable_rows": 24444.0
    },
    {
      "days": 63.0,
      "mean_daily": 0.00034996658910072177,
      "std_daily": 0.0027557121674063687,
      "sharpe": 2.0160114816581167,
      "hit_rate": 0.5873015873015873,
      "cum_ret": 0.02204438853493018,
      "max_drawdown": -0.011563684746143998,
      "avg_turnover": 0.3500000000000002,
      "avg_gross": 0.3097650654428718,
      "avg_top_pct": 0.060000000000000005,
      "position_limits_fallback_days": 0.0,
      "cost_model_fallback_days": 0.0,
      "selected_alpha_count": 3.0,
      "selected_alpha_list": "alpha_cond_breadth_trend_mom_compression,alpha_cond_vol_compression_liq_breakout,alpha_mom3__z_rvol",
      "usable_train_rows": 24444.0,
      "selected_alpha_nonzero_mean": 0.9998363606611029,
      "ridge_chosen_min_active": 3.0,
      "ridge_usable_rows": 10379.0
    },
    {
      "days": 63.0,
      "mean_daily": -0.0010632957268438225,
      "std_daily": 0.0039002009777123984,
      "sharpe": -4.32780168822249,
      "hit_rate": 0.42857142857142855,
      "cum_ret": -0.06527579037814113,
      "max_drawdown": -0.07399175737112751,
      "avg_turnover": 0.3370367755921767,
      "avg_gross": 0.44973559222156745,
      "avg_top_pct": 0.060000000000000005,
      "position_limits_fallback_days": 0.0,
      "cost_model_fallback_days": 0.0,
      "selected_alpha_count": 3.0,
      "selected_alpha_list": "alpha_rev1__hi_rvol,alpha_cond_breadth_range_str,alpha_cond_breadth_trend_mom_compression",
      "usable_train_rows": 24444.0,
      "selected_alpha_nonzero_mean": 1.0,
      "ridge_chosen_min_active": 2.0,
      "ridge_usable_rows": 15811.0
    }
  ],
  "overall_summary": {
    "days": 504.0,
    "mean_daily": -0.000163187666664639,
    "std_daily": 0.004309230053516895,
    "sharpe": -0.6011570200226086,
    "hit_rate": 0.4861111111111111,
    "cum_ret": -0.08325603505282464,
    "max_drawdown": -0.09869329094163604,
    "avg_turnover": 0.348379596949022,
    "folds": 8
  },
  "top_weights_preview": [
    {
      "fold_id": 1,
      "alpha": "alpha_wick_imbalance__z_range_comp",
      "coef_std": -0.03466885304012801,
      "blend_weight": -0.32614008050088
    },
    {
      "fold_id": 1,
      "alpha": "alpha_cond_ivol_lowliq_penalty",
      "coef_std": 0.030609290572298782,
      "blend_weight": 0.28795058434063187
    },
    {
      "fold_id": 1,
      "alpha": "alpha_cond_breadth_trend_mom_compression",
      "coef_std": 0.024273437930725186,
      "blend_weight": 0.2283473581198865
    },
    {
      "fold_id": 1,
      "alpha": "alpha_rev1__hi_liq",
      "coef_std": 0.0129088780185889,
      "blend_weight": 0.12143760600575897
    },
    {
      "fold_id": 1,
      "alpha": "alpha_cond_vol_compression_liq_breakout",
      "coef_std": 0.0038400386369413417,
      "blend_weight": 0.036124371023435346
    },
    {
      "fold_id": 2,
      "alpha": "alpha_rev1__rank_rvol",
      "coef_std": 0.05081447985603906,
      "blend_weight": 0.2601835026787631
    },
    {
      "fold_id": 2,
      "alpha": "alpha_rev1__hi_rvol",
      "coef_std": -0.037475325023124846,
      "blend_weight": -0.1918835213145043
    },
    {
      "fold_id": 2,
      "alpha": "alpha_pressure__hi_liq",
      "coef_std": -0.029988616055651802,
      "blend_weight": -0.15354960215972344
    },
    {
      "fold_id": 2,
      "alpha": "alpha_cond_breadth_trend_intraday_rs",
      "coef_std": -0.019776159048132156,
      "blend_weight": -0.1012591360819337
    },
    {
      "fold_id": 2,
      "alpha": "alpha_cond_ivol_lowliq_penalty",
      "coef_std": 0.014757647865762126,
      "blend_weight": 0.07556303880098524
    },
    {
      "fold_id": 2,
      "alpha": "alpha_cond_breadth_trend_mom_compression",
      "coef_std": 0.014040736886388842,
      "blend_weight": 0.07189226601632522
    },
    {
      "fold_id": 2,
      "alpha": "alpha_mom3__hi_liq",
      "coef_std": -0.012482862996127901,
      "blend_weight": -0.06391554192806889
    },
    {
      "fold_id": 2,
      "alpha": "alpha_cond_breadth_weak_overnight",
      "coef_std": 0.010882093499184141,
      "blend_weight": 0.055719181050694865
    },
    {
      "fold_id": 2,
      "alpha": "alpha_rev1__hi_liq",
      "coef_std": 0.004891748421403344,
      "blend_weight": 0.025047038602182436
    },
    {
      "fold_id": 2,
      "alpha": "alpha_cond_vol_compression_liq_breakout",
      "coef_std": 0.00019279700195067427,
      "blend_weight": 0.0009871713616985724
    },
    {
      "fold_id": 3,
      "alpha": "alpha_rev1__rank_rvol",
      "coef_std": 0.06293945433858979,
      "blend_weight": 0.35465185611813665
    },
    {
      "fold_id": 3,
      "alpha": "alpha_rev1__hi_rvol",
      "coef_std": -0.05887763897732271,
      "blend_weight": -0.33176429898532395
    },
    {
      "fold_id": 3,
      "alpha": "alpha_rev1__hi_liq",
      "coef_std": 0.028490936807322488,
      "blend_weight": 0.16054101084041675
    },
    {
      "fold_id": 3,
      "alpha": "alpha_cond_breadth_trend_mom_compression",
      "coef_std": 0.013356353613198058,
      "blend_weight": 0.07526051265726631
    },
    {
      "fold_id": 3,
      "alpha": "alpha_cond_ivol_lowliq_penalty",
      "coef_std": 0.006387849130637228,
      "blend_weight": 0.03599431508566647
    },
    {
      "fold_id": 3,
      "alpha": "alpha_cond_momentum_liq_trend",
      "coef_std": 0.005483196000656441,
      "blend_weight": 0.030896766734440067
    },
    {
      "fold_id": 3,
      "alpha": "alpha_cond_vol_compression_liq_breakout",
      "coef_std": 0.0011920371369818232,
      "blend_weight": 0.006716902579391275
    },
    {
      "fold_id": 3,
      "alpha": "alpha_cond_breadth_trend_intraday_rs",
      "coef_std": -0.0007408123997603911,
      "blend_weight": -0.004174336993723617
    },
    {
      "fold_id": 4,
      "alpha": "alpha_rev1__rank_rvol",
      "coef_std": 0.07309511890694732,
      "blend_weight": 0.29694195606005647
    },
    {
      "fold_id": 4,
      "alpha": "alpha_rev1__hi_rvol",
      "coef_std": -0.05974230625750184,
      "blend_weight": -0.24269742692703178
    },
    {
      "fold_id": 4,
      "alpha": "alpha_wick_imbalance__z_range_comp",
      "coef_std": -0.027859339575271067,
      "blend_weight": -0.11317591258800269
    },
    {
      "fold_id": 4,
      "alpha": "alpha_cond_breadth_trend_intraday_rs",
      "coef_std": 0.020730803870048994,
      "blend_weight": 0.08421691549207747
    },
    {
      "fold_id": 4,
      "alpha": "alpha_mom3__z_rvol",
      "coef_std": -0.01898715683242512,
      "blend_weight": -0.07713351553633643
    },
    {
      "fold_id": 4,
      "alpha": "alpha_cond_ivol_lowliq_penalty",
      "coef_std": -0.015768281457163958,
      "blend_weight": -0.06405714101862904
    },
    {
      "fold_id": 4,
      "alpha": "alpha_cond_momentum_liq_trend",
      "coef_std": 0.01320015899493068,
      "blend_weight": 0.05362438820639115
    },
    {
      "fold_id": 4,
      "alpha": "alpha_rev1__hi_liq",
      "coef_std": 0.0073600712012707025,
      "blend_weight": 0.029899587987931842
    },
    {
      "fold_id": 4,
      "alpha": "alpha_cond_vol_compression_liq_breakout",
      "coef_std": -0.004575915623026921,
      "blend_weight": -0.018589221225526188
    },
    {
      "fold_id": 4,
      "alpha": "alpha_cond_breadth_trend_mom_compression",
      "coef_std": -0.00426447116533493,
      "blend_weight": -0.01732400779056544
    },
    {
      "fold_id": 5,
      "alpha": "alpha_mom3__z_rvol",
      "coef_std": -0.05224016238754489,
      "blend_weight": -0.3942097400924079
    },
    {
      "fold_id": 5,
      "alpha": "alpha_rev1__z_rvol",
      "coef_std": -0.0329762108380956,
      "blend_weight": -0.24884194285769418
    },
    {
      "fold_id": 5,
      "alpha": "alpha_wick_imbalance__z_range_comp",
      "coef_std": -0.023649911908630143,
      "blend_weight": -0.1784647137492863
    },
    {
      "fold_id": 5,
      "alpha": "alpha_cond_breadth_trend_mom_compression",
      "coef_std": -0.01357076036674071,
      "blend_weight": -0.10240637992933743
    },
    {
      "fold_id": 5,
      "alpha": "alpha_cond_breadth_range_str",
      "coef_std": 0.007903171503135896,
      "blend_weight": 0.05963816040701524
    },
    {
      "fold_id": 5,
      "alpha": "alpha_cond_str_weak_breadth",
      "coef_std": -0.0021784832565436823,
      "blend_weight": -0.01643906295671274
    },
    {
      "fold_id": 6,
      "alpha": "alpha_mom3__z_rvol",
      "coef_std": -0.06214637044966394,
      "blend_weight": -0.4344237234797069
    },
    {
      "fold_id": 6,
      "alpha": "alpha_gap__z_rvol",
      "coef_std": 0.04819798075965213,
      "blend_weight": 0.33691985733536234
    },
    {
      "fold_id": 6,
      "alpha": "alpha_wick_imbalance__z_range_comp",
      "coef_std": -0.018466052241045982,
      "blend_weight": -0.1290838244370772
    },
    {
      "fold_id": 6,
      "alpha": "alpha_cond_breadth_weak_overnight",
      "coef_std": -0.014244331110266817,
      "blend_weight": -0.09957259474086312
    },
    {
      "fold_id": 7,
      "alpha": "alpha_mom3__z_rvol",
      "coef_std": -0.015404696465370921,
      "blend_weight": -0.728696990405921
    },
    {
      "fold_id": 7,
      "alpha": "alpha_cond_breadth_trend_mom_compression",
      "coef_std": 0.005574899977259277,
      "blend_weight": 0.26371261805612317
    },
    {
      "fold_id": 7,
      "alpha": "alpha_cond_vol_compression_liq_breakout",
      "coef_std": 0.00016046131451935845,
      "blend_weight": 0.007590391490652392
    },
    {
      "fold_id": 8,
      "alpha": "alpha_cond_breadth_range_str",
      "coef_std": 0.014819669127283717,
      "blend_weight": 0.4869103485915471
    },
    {
      "fold_id": 8,
      "alpha": "alpha_cond_breadth_trend_mom_compression",
      "coef_std": 0.01448089533657611,
      "blend_weight": 0.4757797043706558
    },
    {
      "fold_id": 8,
      "alpha": "alpha_rev1__hi_rvol",
      "coef_std": -0.001135570585774401,
      "blend_weight": -0.03730994700494135
    }
  ],
  "alpha_count": 29
}