
[CFG] vendor=massive dataset_root=C:\Users\Dmytro Govor\Documents\Python-Edge\data\raw\massive_dataset
[CFG] start=2023-01-01 end=2026-02-28 tf=1D folds=3
[CFG] event: fwd_days=5 k_sigma=1.5 sigma_lookback=60
[CFG] rules: try=6000 keep=800 min_support=200 min_event_hits=30
[CFG] perm: trials=50 topk=20 gate=1 margin=0.15
[CFG] OOS filter: support>=200 lift>=1.35
[CFG] short payoff-gate: mean>0.0 p>0>0.5
[CFG] rank: K=20
[CFG] health: enabled=0 win=60 min_n=50 med_min=0.0000 es5_min=-0.0800
[CFG] recency: MUST_PASS_LATEST=0 LATEST_ONLY=0
[CFG] baseline: seed=1337 trials=2000
[DATA] universe_symbols=29 tf=1D
[DATA] loaded_ok=29 loaded_empty=0 loaded_fail=0
[DATA] pooled rows=22684 (dropped=174) dates=785 symbols=29
[DATA] base_rate up=6.8462% dn=5.2989%
[DBG] feature_cols_n=9
================================================================================
[LIB/FOLD 1] train=2023-01-04..2024-04-04  test=2024-04-05..2024-11-15
[LIB/FOLD 1] train rows=9106 test rows=4553
[LIB/FOLD 1] mined_rules=13 perm_p95=1.391 status=ok
[DIAG/FOLD 1] oos_all=13 lift_best=1.950 lift_med=0.943 lift_p90=1.455 sup_best=490 sup_med=234.0 cnt(thr)=3 cnt(>=1.30)=5 cnt(>=1.25)=6 | top3=long:1.950@205:long|ema_slow_slope__pct<q20|mom_3d__pct<q70|mom_3 | short:1.467@322:short|rel_rv_to_atr__pct>q80|rv_10__pct>q70 | short:1.407@234:short|compression__pct>q80|mom_5d__pct<q30
[LIB/FOLD 1] OOS eval=13 pass(lift>=1.35)=3
[LIB/FOLD 1] pass_breakdown long=1 short=2
================================================================================
[LIB/FOLD 2] train=2023-01-04..2024-11-15  test=2024-11-18..2025-07-08
[LIB/FOLD 2] train rows=13659 test rows=4553
[LIB/FOLD 2] mined_rules=27 perm_p95=1.383 status=ok
[DIAG/FOLD 2] oos_all=27 lift_best=1.830 lift_med=0.990 lift_p90=1.661 sup_best=390 sup_med=174.0 cnt(thr)=3 cnt(>=1.30)=3 cnt(>=1.25)=4 | top3=long:1.830@286:long|ema_slow_slope__pct<q20|rv_10__pct<q70|rv_10_ | long:1.727@101:long|ema_slow_slope__pct<q10|rv_10__pct<q70|rv_10_ | long:1.661@273:long|ema_slow_slope__pct<q20|mom_3d__pct<q70|mom_3
[LIB/FOLD 2] OOS eval=27 pass(lift>=1.35)=10
[LIB/FOLD 2] pass_breakdown long=4 short=0
================================================================================
[LIB/FOLD 3] train=2023-01-04..2025-07-08  test=2025-07-09..2026-02-20
[LIB/FOLD 3] train rows=18212 test rows=4472
[LIB/FOLD 3] mined_rules=21 perm_p95=1.360 status=ok
[DIAG/FOLD 3] oos_all=21 lift_best=3.204 lift_med=1.559 lift_p90=2.588 sup_best=294 sup_med=135.0 cnt(thr)=2 cnt(>=1.30)=3 cnt(>=1.25)=4 | top3=short:3.204@189:short|atr_pct__pct>q80|ema_slow_slope__pct>q80 | short:3.106@135:short|ema_slow_slope__pct>q80|mom_1d__pct>q70|mom_ | short:2.588@189:short|ema_slow_slope__pct>q80|rv_10__pct>q80
[LIB/FOLD 3] OOS eval=21 pass(lift>=1.35)=13
[LIB/FOLD 3] pass_breakdown long=4 short=0
================================================================================
[GLOBAL] Rule Library (OOS-filtered across folds)
[GLOBAL] library_size=9
[GLOBAL] long_kept=7 short_kept(after payoff-gate)=2
================================================================================
[RANK/FOLD 1] OOS window=2024-04-05..2024-11-15
[RANK/FOLD 1] fold_rules kept: long=7 short=2
[RANK/FOLD 1] scored_rows(nonzero)=951/4553 fires_long=921 fires_short=556
[RANK/FOLD 1] NET  top-20 fwd_5d: mean=0.0228 med=0.0244 p>0=85.00%
[RANK/FOLD 1] BASE top-20 fwd_5d: mean=0.0005 med=0.0016 p>0=50.00% seed=1337
[RANK/FOLD 1] BASE_DIST trials=2000 mean=0.0025 p50=0.0022 p95=0.0132 | NET_percentile=99.75% (higher=better)
================================================================================
[RANK/FOLD 2] OOS window=2024-11-18..2025-07-08
[RANK/FOLD 2] fold_rules kept: long=7 short=2
[RANK/FOLD 2] scored_rows(nonzero)=987/4553 fires_long=1010 fires_short=589
[RANK/FOLD 2] NET  top-20 fwd_5d: mean=0.0129 med=0.0097 p>0=60.00%
[RANK/FOLD 2] BASE top-20 fwd_5d: mean=-0.0018 med=0.0047 p>0=55.00% seed=1337
[RANK/FOLD 2] BASE_DIST trials=2000 mean=0.0024 p50=0.0024 p95=0.0142 | NET_percentile=92.95% (higher=better)
================================================================================
[RANK/FOLD 3] OOS window=2025-07-09..2026-02-20
[RANK/FOLD 3] fold_rules kept: long=7 short=2
[RANK/FOLD 3] scored_rows(nonzero)=1019/4472 fires_long=1018 fires_short=694
[RANK/FOLD 3] NET  top-20 fwd_5d: mean=0.0089 med=0.0138 p>0=70.00%
[RANK/FOLD 3] BASE top-20 fwd_5d: mean=0.0105 med=0.0121 p>0=70.00% seed=1337
[RANK/FOLD 3] BASE_DIST trials=2000 mean=0.0051 p50=0.0049 p95=0.0175 | NET_percentile=71.00% (higher=better)
================================================================================
[DONE] Ranker MVP completed.

Press Enter to exit...
PS C:\Users\Dmytro Govor\Documents\Python-Edge>
PS C:\Users\Dmytro Govor\Documents\Python-Edge> $env:RANK_K="40"
PS C:\Users\Dmytro Govor\Documents\Python-Edge> python .\scripts\run_ranker_mvp.py
[CFG] vendor=massive dataset_root=C:\Users\Dmytro Govor\Documents\Python-Edge\data\raw\massive_dataset
[CFG] start=2023-01-01 end=2026-02-28 tf=1D folds=3
[CFG] event: fwd_days=5 k_sigma=1.5 sigma_lookback=60
[CFG] rules: try=6000 keep=800 min_support=200 min_event_hits=30
[CFG] perm: trials=50 topk=20 gate=1 margin=0.15
[CFG] OOS filter: support>=200 lift>=1.35
[CFG] short payoff-gate: mean>0.0 p>0>0.5
[CFG] rank: K=40
[CFG] health: enabled=0 win=60 min_n=50 med_min=0.0000 es5_min=-0.0800
[CFG] recency: MUST_PASS_LATEST=0 LATEST_ONLY=0
[CFG] baseline: seed=1337 trials=2000
[DATA] universe_symbols=29 tf=1D
[DATA] loaded_ok=29 loaded_empty=0 loaded_fail=0
[DATA] pooled rows=22684 (dropped=174) dates=785 symbols=29
[DATA] base_rate up=6.8462% dn=5.2989%
[DBG] feature_cols_n=9
================================================================================
[LIB/FOLD 1] train=2023-01-04..2024-04-04  test=2024-04-05..2024-11-15
[LIB/FOLD 1] train rows=9106 test rows=4553
[LIB/FOLD 1] mined_rules=13 perm_p95=1.391 status=ok
[DIAG/FOLD 1] oos_all=13 lift_best=1.950 lift_med=0.943 lift_p90=1.455 sup_best=490 sup_med=234.0 cnt(thr)=3 cnt(>=1.30)=5 cnt(>=1.25)=6 | top3=long:1.950@205:long|ema_slow_slope__pct<q20|mom_3d__pct<q70|mom_3 | short:1.467@322:short|rel_rv_to_atr__pct>q80|rv_10__pct>q70 | short:1.407@234:short|compression__pct>q80|mom_5d__pct<q30
[LIB/FOLD 1] OOS eval=13 pass(lift>=1.35)=3
[LIB/FOLD 1] pass_breakdown long=1 short=2
================================================================================
[LIB/FOLD 2] train=2023-01-04..2024-11-15  test=2024-11-18..2025-07-08
[LIB/FOLD 2] train rows=13659 test rows=4553
[LIB/FOLD 2] mined_rules=27 perm_p95=1.383 status=ok
[DIAG/FOLD 2] oos_all=27 lift_best=1.830 lift_med=0.990 lift_p90=1.661 sup_best=390 sup_med=174.0 cnt(thr)=3 cnt(>=1.30)=3 cnt(>=1.25)=4 | top3=long:1.830@286:long|ema_slow_slope__pct<q20|rv_10__pct<q70|rv_10_ | long:1.727@101:long|ema_slow_slope__pct<q10|rv_10__pct<q70|rv_10_ | long:1.661@273:long|ema_slow_slope__pct<q20|mom_3d__pct<q70|mom_3
[LIB/FOLD 2] OOS eval=27 pass(lift>=1.35)=10
[LIB/FOLD 2] pass_breakdown long=4 short=0
================================================================================
[LIB/FOLD 3] train=2023-01-04..2025-07-08  test=2025-07-09..2026-02-20
[LIB/FOLD 3] train rows=18212 test rows=4472
[LIB/FOLD 3] mined_rules=21 perm_p95=1.360 status=ok
[DIAG/FOLD 3] oos_all=21 lift_best=3.204 lift_med=1.559 lift_p90=2.588 sup_best=294 sup_med=135.0 cnt(thr)=2 cnt(>=1.30)=3 cnt(>=1.25)=4 | top3=short:3.204@189:short|atr_pct__pct>q80|ema_slow_slope__pct>q80 | short:3.106@135:short|ema_slow_slope__pct>q80|mom_1d__pct>q70|mom_ | short:2.588@189:short|ema_slow_slope__pct>q80|rv_10__pct>q80
[LIB/FOLD 3] OOS eval=21 pass(lift>=1.35)=13
[LIB/FOLD 3] pass_breakdown long=4 short=0
================================================================================
[GLOBAL] Rule Library (OOS-filtered across folds)
[GLOBAL] library_size=9
[GLOBAL] long_kept=7 short_kept(after payoff-gate)=2
================================================================================
[RANK/FOLD 1] OOS window=2024-04-05..2024-11-15
[RANK/FOLD 1] fold_rules kept: long=7 short=2
[RANK/FOLD 1] scored_rows(nonzero)=951/4553 fires_long=921 fires_short=556
[RANK/FOLD 1] NET  top-40 fwd_5d: mean=0.0151 med=0.0103 p>0=80.00%
[RANK/FOLD 1] BASE top-40 fwd_5d: mean=0.0044 med=0.0053 p>0=57.50% seed=1337
[RANK/FOLD 1] BASE_DIST trials=2000 mean=0.0025 p50=0.0023 p95=0.0104 | NET_percentile=99.70% (higher=better)
================================================================================
[RANK/FOLD 2] OOS window=2024-11-18..2025-07-08
[RANK/FOLD 2] fold_rules kept: long=7 short=2
[RANK/FOLD 2] scored_rows(nonzero)=987/4553 fires_long=1010 fires_short=589
[RANK/FOLD 2] NET  top-40 fwd_5d: mean=0.0106 med=0.0119 p>0=65.00%
[RANK/FOLD 2] BASE top-40 fwd_5d: mean=0.0023 med=0.0058 p>0=60.00% seed=1337
[RANK/FOLD 2] BASE_DIST trials=2000 mean=0.0023 p50=0.0025 p95=0.0104 | NET_percentile=95.15% (higher=better)
================================================================================
[RANK/FOLD 3] OOS window=2025-07-09..2026-02-20
[RANK/FOLD 3] fold_rules kept: long=7 short=2
[RANK/FOLD 3] scored_rows(nonzero)=1019/4472 fires_long=1018 fires_short=694
[RANK/FOLD 3] NET  top-40 fwd_5d: mean=0.0084 med=0.0103 p>0=65.00%
[RANK/FOLD 3] BASE top-40 fwd_5d: mean=0.0096 med=0.0101 p>0=67.50% seed=1337
[RANK/FOLD 3] BASE_DIST trials=2000 mean=0.0050 p50=0.0049 p95=0.0138 | NET_percentile=74.65% (higher=better)
================================================================================
[DONE] Ranker MVP completed.