[CFG] alpha_lib_file=data\alpha_library_v2\alpha_library_v2.parquet
[CFG] alpha_shortlist_csv=data\alpha_library_v2\diagnostics\alpha_candidate_shortlist.csv
[CFG] alpha_shortlist_required=1
[CFG] recent_folds=3 recent_min_folds=2 require_last_fold_positive=1 require_last2_mean_positive=1
[CFG] recent_min_mean_abs_ic=0.005 recent_max_sign_flip=0.5 recent_history_blend=0.65 recent_family_cap=1 current_family_cap=2
[CFG] hardening max_alphas=6 min_selected_alphas=3 min_final_select_score=0.16 corr_prune=0.8
[CFG] base_shell gross_target=0.85 weight_cap=0.05 max_daily_turnover=0.2 enter_pct=0.1 exit_pct=0.22
[DATA] rows=76727 dates=791 symbols=97 alpha_cols=58
[ALPHA_SHORTLIST]
{
  "shortlist_required": 1,
  "shortlist_path": "data\\alpha_library_v2\\diagnostics\\alpha_candidate_shortlist.csv",
  "shortlist_csv_exists": 1,
  "shortlist_rows_raw": 58,
  "shortlist_rows_unique": 58,
  "shortlist_duplicates_removed": 0,
  "shortlist_alpha_missing_name": 0,
  "alpha_cols_before_shortlist": 958,
  "shortlist_found_in_parquet": 58,
  "shortlist_missing_in_parquet": 0,
  "shortlist_missing_in_parquet_list": [],
  "alpha_cols_after_shortlist": 58,
  "shortlist_filter_applied": 1
}
[ALPHA_SHORTLIST][HEAD]
 shortlist_rank                                            alpha              family  wave  transform interaction regime  selector_score
              1        alpha_intraday_pressure_ema3_regime_liq_z   intraday_pressure wave3       ema3      regime      z       12.848269
              2                     alpha_pressure_z_z_mul_liq_z            pressure wave5          z       z_mul      z       12.834244
              3                  alpha_mom3_z_rank_mul_breadth_z                mom3 wave5          z    rank_mul      z       12.831842
              4                        alpha_mom3_z_z_mul_rvol_z                mom3 wave5          z       z_mul      z       12.828941
              5                          alpha_gap_z_z_mul_liq_z                 gap wave5          z       z_mul      z       12.827754
              6                         alpha_rev1_z_z_mul_liq_z                rev1 wave5          z       z_mul      z       12.827754
              7                   alpha_mom3_z_raw_mul_breadth_z                mom3 wave5          z     raw_mul      z       12.813842
              8              alpha_vol_compression_z_z_mul_liq_z     vol_compression wave5          z       z_mul      z       12.801554
              9              alpha_pressure_z_rank_mul_breadth_z            pressure wave5          z    rank_mul      z       12.798052
             10                     alpha_mom3_z_rank_mul_rvol_z                mom3 wave5          z    rank_mul      z       12.792941
             11                   alpha_gap_z_rank_mul_breadth_z                 gap wave5          z    rank_mul      z       12.791742
             12                  alpha_rev1_z_rank_mul_breadth_z                rev1 wave5          z    rank_mul      z       12.791625
             13             alpha_intraday_rs_ema3_regime_rvol_z         intraday_rs wave3       ema3      regime      z       12.789853
             14                  alpha_str_3d_ema3_regime_rvol_z              str_3d wave3       ema3      regime      z       12.789853
             15     alpha_vol_compression_signed_log_z_mul_liq_z     vol_compression wave6 signed_log       z_mul      z       12.789767
             16       alpha_vol_compression_z_z_mul_range_comp_z     vol_compression wave5          z       z_mul      z       12.788571
             17 alpha_overnight_drift_20d_ema3_regime_volshock_z overnight_drift_20d wave3       ema3      regime      z       12.783361
             18                     alpha_ivol_20d_z_z_mul_liq_z            ivol_20d wave5          z       z_mul      z       12.782079
             19                alpha_ivol_20d_z_z_mul_volshock_z            ivol_20d wave5          z       z_mul      z       12.782079
             20               alpha_pressure_z_raw_mul_breadth_z            pressure wave5          z     raw_mul      z       12.779885
[WF] folds=8
[WF][FOLD 1] train=2023-01-03..2024-01-03 test=2024-01-19..2024-04-18
[WF][FOLD 2] train=2023-04-04..2024-04-04 test=2024-04-19..2024-07-19
[WF][FOLD 3] train=2023-07-06..2024-07-05 test=2024-07-22..2024-10-17
[WF][FOLD 4] train=2023-10-04..2024-10-03 test=2024-10-18..2025-01-21
[WF][FOLD 5] train=2024-01-04..2025-01-03 test=2025-01-22..2025-04-22
[WF][FOLD 6] train=2024-04-05..2025-04-07 test=2025-04-23..2025-07-23
[WF][FOLD 7] train=2024-07-08..2025-07-09 test=2025-07-24..2025-10-21
[WF][FOLD 8] train=2024-10-04..2025-10-07 test=2025-10-22..2026-01-22
[WF][FOLD 1] start history_rows=0 is_last_fold=0
[WF][FOLD 1][base_hardened] sharpe=-2.6449 mean_daily=-0.001133 cum_ret=-0.0703 maxdd=-0.0726 avg_turn=0.1469
[WF][FOLD 1][looser_turnover] sharpe=-2.5371 mean_daily=-0.001089 cum_ret=-0.0677 maxdd=-0.0724 avg_turn=0.1525
[WF][FOLD 1][looser_inertia] sharpe=-2.6449 mean_daily=-0.001133 cum_ret=-0.0703 maxdd=-0.0726 avg_turn=0.1469
[WF][FOLD 1][RECENT] selected=2 dropped_by_recent_admission=0 dropped_by_recent_sign_flip=0 dropped_by_family_dominance=0 dropped_by_low_final_score=16 corr_pruned=1
[WF][FOLD 1][TOP_WEIGHTS]
                                alpha  coef_std   x_mean    x_std  abs_coef_std  blend_weight
alpha_ivol_20d_signed_log_z_mul_liq_z  0.025431 0.106944 2.730326      0.025431      0.573238
         alpha_ivol_20d_z_z_mul_liq_z  0.018933 0.200636 5.045715      0.018933      0.426762
[WF][FOLD 2] start history_rows=58 is_last_fold=0
[WF][FOLD 2][base_hardened] sharpe=-1.8655 mean_daily=-0.000272 cum_ret=-0.0172 maxdd=-0.0274 avg_turn=0.2000
[WF][FOLD 2][looser_turnover] sharpe=0.4702 mean_daily=0.000080 cum_ret=0.0048 maxdd=-0.0226 avg_turn=0.3500
[WF][FOLD 2][looser_inertia] sharpe=-1.8655 mean_daily=-0.000272 cum_ret=-0.0172 maxdd=-0.0274 avg_turn=0.2000
[WF][FOLD 2][RECENT] selected=2 dropped_by_recent_admission=32 dropped_by_recent_sign_flip=0 dropped_by_family_dominance=0 dropped_by_low_final_score=55 corr_pruned=1
[WF][FOLD 2][TOP_WEIGHTS]
                                alpha  coef_std    x_mean    x_std  abs_coef_std  blend_weight
             alpha_rev1_z_z_mul_liq_z  0.032679 -0.246776 6.099110      0.032679        0.6202
alpha_ivol_20d_signed_log_z_mul_liq_z  0.020012  0.108614 2.824254      0.020012        0.3798
[WF][FOLD 3] start history_rows=116 is_last_fold=0
[WF][FOLD 3][base_hardened] sharpe=-1.0965 mean_daily=-0.000389 cum_ret=-0.0252 maxdd=-0.0468 avg_turn=0.2000
[WF][FOLD 3][looser_turnover] sharpe=-1.6268 mean_daily=-0.000854 cum_ret=-0.0545 maxdd=-0.0664 avg_turn=0.3500
[WF][FOLD 3][looser_inertia] sharpe=-1.0965 mean_daily=-0.000389 cum_ret=-0.0252 maxdd=-0.0468 avg_turn=0.2000
[WF][FOLD 3][RECENT] selected=2 dropped_by_recent_admission=22 dropped_by_recent_sign_flip=0 dropped_by_family_dominance=0 dropped_by_low_final_score=2 corr_pruned=1
[WF][FOLD 3][TOP_WEIGHTS]
                                alpha  coef_std    x_mean    x_std  abs_coef_std  blend_weight
      alpha_str_3d_ema3_regime_rvol_z  0.029699 -0.145339 6.897485      0.029699      0.712491
alpha_ivol_20d_signed_log_z_mul_liq_z  0.011984  0.128165 2.830060      0.011984      0.287509
[WF][FOLD 4] start history_rows=174 is_last_fold=0
[WF][FOLD 4][base_hardened] sharpe=-3.1992 mean_daily=-0.000541 cum_ret=-0.0337 maxdd=-0.0474 avg_turn=0.2000
[WF][FOLD 4][looser_turnover] sharpe=-1.8529 mean_daily=-0.000675 cum_ret=-0.0426 maxdd=-0.0808 avg_turn=0.3500
[WF][FOLD 4][looser_inertia] sharpe=-3.1992 mean_daily=-0.000541 cum_ret=-0.0337 maxdd=-0.0474 avg_turn=0.2000
[WF][FOLD 4][RECENT] selected=3 dropped_by_recent_admission=29 dropped_by_recent_sign_flip=0 dropped_by_family_dominance=0 dropped_by_low_final_score=3 corr_pruned=0
[WF][FOLD 4][TOP_WEIGHTS]
                                alpha  coef_std    x_mean     x_std  abs_coef_std  blend_weight
 alpha_intraday_rs_ema3_regime_rvol_z  0.027146 -0.229135 12.923652      0.027146      0.580903
alpha_ivol_20d_signed_log_z_mul_liq_z -0.010544  0.089558  3.000589      0.010544     -0.225638
            alpha_rev1_z_z_mul_rvol_z  0.009040 -0.207036 15.181793      0.009040      0.193459
[WF][FOLD 5] start history_rows=232 is_last_fold=0
[WF][FOLD 5][base_hardened] sharpe=2.7357 mean_daily=0.000607 cum_ret=0.0386 maxdd=-0.0132 avg_turn=0.2000
[WF][FOLD 5][looser_turnover] sharpe=2.3919 mean_daily=0.000612 cum_ret=0.0388 maxdd=-0.0180 avg_turn=0.3500
[WF][FOLD 5][looser_inertia] sharpe=2.7357 mean_daily=0.000607 cum_ret=0.0386 maxdd=-0.0132 avg_turn=0.2000
[WF][FOLD 5][RECENT] selected=3 dropped_by_recent_admission=26 dropped_by_recent_sign_flip=0 dropped_by_family_dominance=0 dropped_by_low_final_score=3 corr_pruned=0
[WF][FOLD 5][TOP_WEIGHTS]
                                   alpha  coef_std    x_mean      x_std  abs_coef_std  blend_weight
    alpha_intraday_rs_ema3_regime_rvol_z  0.058264 -0.293698  13.351397      0.058264      0.555980
               alpha_rev1_z_z_mul_rvol_z -0.043031 -0.283393  15.780617      0.043031     -0.410618
alpha_str_3d_signed_square_regime_rvol_z  0.003500 -3.779420 167.867019      0.003500      0.033402
[WF][FOLD 6] start history_rows=290 is_last_fold=0
[WF][FOLD 6][base_hardened] sharpe=0.8579 mean_daily=0.000096 cum_ret=0.0060 maxdd=-0.0158 avg_turn=0.2000
[WF][FOLD 6][looser_turnover] sharpe=-0.0693 mean_daily=-0.000011 cum_ret=-0.0009 maxdd=-0.0222 avg_turn=0.3500
[WF][FOLD 6][looser_inertia] sharpe=0.8579 mean_daily=0.000096 cum_ret=0.0060 maxdd=-0.0158 avg_turn=0.2000
[WF][FOLD 6][RECENT] selected=3 dropped_by_recent_admission=22 dropped_by_recent_sign_flip=1 dropped_by_family_dominance=0 dropped_by_low_final_score=3 corr_pruned=0
[WF][FOLD 6][TOP_WEIGHTS]
                                   alpha  coef_std    x_mean      x_std  abs_coef_std  blend_weight
    alpha_intraday_rs_ema3_regime_rvol_z  0.042251 -0.223499  12.949971      0.042251      0.476115
               alpha_rev1_z_z_mul_rvol_z -0.036797 -0.220629  15.322929      0.036797     -0.414658
alpha_str_3d_signed_square_regime_rvol_z  0.009693 -2.889946 160.087121      0.009693      0.109227
[WF][FOLD 7] start history_rows=348 is_last_fold=0
[WF][FOLD 7][base_hardened] sharpe=-3.9958 mean_daily=-0.000504 cum_ret=-0.0314 maxdd=-0.0340 avg_turn=0.2000
[WF][FOLD 7][looser_turnover] sharpe=-1.9168 mean_daily=-0.000341 cum_ret=-0.0215 maxdd=-0.0365 avg_turn=0.3500
[WF][FOLD 7][looser_inertia] sharpe=-3.9958 mean_daily=-0.000504 cum_ret=-0.0314 maxdd=-0.0340 avg_turn=0.2000
[WF][FOLD 7][RECENT] selected=3 dropped_by_recent_admission=17 dropped_by_recent_sign_flip=4 dropped_by_family_dominance=0 dropped_by_low_final_score=0 corr_pruned=0
[WF][FOLD 7][TOP_WEIGHTS]
                                          alpha  coef_std        x_mean     x_std  abs_coef_std  blend_weight
           alpha_intraday_rs_ema3_regime_rvol_z  0.077108 -2.247294e-01 12.109288      0.077108      0.422718
                      alpha_rev1_z_z_mul_rvol_z -0.075700 -2.334391e-01 14.308966      0.075700     -0.415001
alpha_intraday_pressure_lag1_regime_liq_lo_lag1  0.029601 -7.095590e-18  1.000000      0.029601      0.162281
[WF][FOLD 8] start history_rows=406 is_last_fold=1
[WF][FOLD 8][base_hardened] sharpe=0.8421 mean_daily=0.000255 cum_ret=0.0155 maxdd=-0.0159 avg_turn=0.2000
[WF][FOLD 8][looser_turnover] sharpe=0.2894 mean_daily=0.000105 cum_ret=0.0056 maxdd=-0.0295 avg_turn=0.3500
[WF][FOLD 8][looser_inertia] sharpe=0.8421 mean_daily=0.000255 cum_ret=0.0155 maxdd=-0.0159 avg_turn=0.2000
[WF][FOLD 8][RECENT] selected=3 dropped_by_recent_admission=21 dropped_by_recent_sign_flip=0 dropped_by_family_dominance=0 dropped_by_low_final_score=2 corr_pruned=0
[WF][FOLD 8][TOP_WEIGHTS]
                                          alpha  coef_std        x_mean     x_std  abs_coef_std  blend_weight
alpha_intraday_pressure_lag1_regime_liq_lo_lag1  0.035679 -6.615283e-18  1.000000      0.035679      0.756788
          alpha_ivol_20d_signed_log_z_mul_liq_z -0.009358  7.301925e-02  2.911873      0.009358     -0.198493
           alpha_intraday_rs_ema3_regime_rvol_z  0.002108 -1.913192e-01 13.076999      0.002108      0.044719
[SHELL_COMPARISON]
     shell_name  days  mean_daily  std_daily    sharpe  cum_ret  max_drawdown  avg_turnover  folds  enter_pct  exit_pct  weight_cap  gross_target  max_daily_turnover
looser_turnover 504.0   -0.000272   0.005273 -0.817683 -0.13404     -0.187648      0.325315      8        0.1      0.22        0.05          0.85                0.35
  base_hardened 504.0   -0.000235   0.004113 -0.907799 -0.11558     -0.152789      0.193359      8        0.1      0.22        0.05          0.85                0.20
 looser_inertia 504.0   -0.000235   0.004113 -0.907799 -0.11558     -0.152789      0.193359      8        0.1      0.22        0.05          0.85                0.20
[BEST_SHELL] name=looser_turnover sharpe=-0.8177 cum_ret=-0.1340 avg_turnover=0.3253
[ARTIFACT] artifacts\multi_alpha_wf\wf_fold_summaries.csv
[ARTIFACT] artifacts\multi_alpha_wf\wf_fold_recent_debug.csv
[ARTIFACT] artifacts\multi_alpha_wf\wf_shell_fold_summaries.csv
[ARTIFACT] artifacts\multi_alpha_wf\wf_shell_comparison.csv
[ARTIFACT] artifacts\multi_alpha_wf\wf_multi_alpha_meta.json
[ARTIFACT] artifacts\multi_alpha_wf\wf_alpha_shortlist_debug.json
[FINAL] multi-alpha walkforward recent-admission shell comparison complete






------------------------



wf_shell_comparison.csv


shell_name,days,mean_daily,std_daily,sharpe,cum_ret,max_drawdown,avg_turnover,folds,enter_pct,exit_pct,weight_cap,gross_target,max_daily_turnover
looser_turnover,504.0,-0.00027160575385227136,0.005272955713172052,-0.8176832709775564,-0.1340398013156141,-0.18764818069978073,0.3253149854546741,8,0.1,0.22,0.05,0.85,0.35
base_hardened,504.0,-0.00023519563575752226,0.004112821684423756,-0.9077988922313612,-0.11558027285136463,-0.15278940449859313,0.19335852569866055,8,0.1,0.22,0.05,0.85,0.2
looser_inertia,504.0,-0.00023519563575752226,0.004112821684423756,-0.9077988922313612,-0.11558027285136463,-0.15278940449859313,0.19335852569866055,8,0.1,0.22,0.05,0.85,0.2





----------------------



wf_shell_fold_summaries.csv



days,mean_daily,std_daily,sharpe,cum_ret,max_drawdown,avg_turnover,avg_gross,selected_alpha_count,selected_alpha_list,fold_alpha_input_count,fold_id,shell_name,shell_enter_pct,shell_exit_pct,shell_weight_cap,shell_gross_target,shell_max_daily_turnover
63.0,-0.0011333383594731787,0.006802328053374063,-2.644857548610428,-0.07031241310529146,-0.0726134726739246,0.1468682055892838,0.8241311906734298,2.0,"alpha_ivol_20d_signed_log_z_mul_liq_z,alpha_ivol_20d_z_z_mul_liq_z",58.0,1.0,base_hardened,0.1,0.22,0.05,0.85,0.2
63.0,-0.0010890587344609178,0.006814087986788415,-2.537136514547561,-0.06771710520204921,-0.0723727345580355,0.15251988363739288,0.8396825396825398,2.0,"alpha_ivol_20d_signed_log_z_mul_liq_z,alpha_ivol_20d_z_z_mul_liq_z",58.0,1.0,looser_turnover,0.1,0.22,0.05,0.85,0.35
63.0,-0.0011333383594731787,0.006802328053374063,-2.644857548610428,-0.07031241310529146,-0.0726134726739246,0.1468682055892838,0.8241311906734298,2.0,"alpha_ivol_20d_signed_log_z_mul_liq_z,alpha_ivol_20d_z_z_mul_liq_z",58.0,1.0,looser_inertia,0.1,0.22,0.05,0.85,0.2
63.0,-0.0002724947497741539,0.00231880111798195,-1.8654985170691494,-0.01718979316524394,-0.02743475761333558,0.1999999999999999,0.17671950316946622,2.0,"alpha_ivol_20d_signed_log_z_mul_liq_z,alpha_rev1_z_z_mul_liq_z",58.0,2.0,base_hardened,0.1,0.22,0.05,0.85,0.2
63.0,8.003638993918738e-05,0.0027022215241236176,0.47018288096449384,0.00482348291662249,-0.022632209992937136,0.3500000000000002,0.3092781352791859,2.0,"alpha_ivol_20d_signed_log_z_mul_liq_z,alpha_rev1_z_z_mul_liq_z",58.0,2.0,looser_turnover,0.1,0.22,0.05,0.85,0.35
63.0,-0.0002724947497741539,0.00231880111798195,-1.8654985170691494,-0.01718979316524394,-0.02743475761333558,0.1999999999999999,0.17671950316946622,2.0,"alpha_ivol_20d_signed_log_z_mul_liq_z,alpha_rev1_z_z_mul_liq_z",58.0,2.0,looser_inertia,0.1,0.22,0.05,0.85,0.2
63.0,-0.0003889103414766653,0.00563033628183048,-1.0965171465721262,-0.02518662193002197,-0.04678758776465308,0.1999999999999999,0.2622763531262526,2.0,"alpha_ivol_20d_signed_log_z_mul_liq_z,alpha_str_3d_ema3_regime_rvol_z",58.0,3.0,base_hardened,0.1,0.22,0.05,0.85,0.2
63.0,-0.000853764474020383,0.008331090210932644,-1.6268087986211772,-0.054465611386805945,-0.0663908090190446,0.3500000000000002,0.45079724958544065,2.0,"alpha_ivol_20d_signed_log_z_mul_liq_z,alpha_str_3d_ema3_regime_rvol_z",58.0,3.0,looser_turnover,0.1,0.22,0.05,0.85,0.35
63.0,-0.0003889103414766653,0.00563033628183048,-1.0965171465721262,-0.02518662193002197,-0.04678758776465308,0.1999999999999999,0.2622763531262526,2.0,"alpha_ivol_20d_signed_log_z_mul_liq_z,alpha_str_3d_ema3_regime_rvol_z",58.0,3.0,looser_inertia,0.1,0.22,0.05,0.85,0.2
63.0,-0.0005410075114659624,0.00268446345184932,-3.1992344643118638,-0.033738294942418534,-0.047417043930686575,0.1999999999999999,0.1947270094178767,3.0,"alpha_rev1_z_z_mul_rvol_z,alpha_intraday_rs_ema3_regime_rvol_z,alpha_ivol_20d_signed_log_z_mul_liq_z",58.0,4.0,base_hardened,0.1,0.22,0.05,0.85,0.2
63.0,-0.0006748358059344696,0.005781630832279832,-1.8528831429642785,-0.04263507210512618,-0.0808040353166728,0.3500000000000002,0.3099802182215951,3.0,"alpha_rev1_z_z_mul_rvol_z,alpha_intraday_rs_ema3_regime_rvol_z,alpha_ivol_20d_signed_log_z_mul_liq_z",58.0,4.0,looser_turnover,0.1,0.22,0.05,0.85,0.35
63.0,-0.0005410075114659624,0.00268446345184932,-3.1992344643118638,-0.033738294942418534,-0.047417043930686575,0.1999999999999999,0.1947270094178767,3.0,"alpha_rev1_z_z_mul_rvol_z,alpha_intraday_rs_ema3_regime_rvol_z,alpha_ivol_20d_signed_log_z_mul_liq_z",58.0,4.0,looser_inertia,0.1,0.22,0.05,0.85,0.2
63.0,0.0006070227338220675,0.003522421598349772,2.7356711544447982,0.03856687377535151,-0.013240156439094819,0.1999999999999999,0.1911166514045888,3.0,"alpha_str_3d_signed_square_regime_rvol_z,alpha_rev1_z_z_mul_rvol_z,alpha_intraday_rs_ema3_regime_rvol_z",58.0,5.0,base_hardened,0.1,0.22,0.05,0.85,0.2
63.0,0.0006121098573901157,0.004062404393228586,2.3919191206167225,0.03876494564863897,-0.01804644474970607,0.3500000000000002,0.3271050399119054,3.0,"alpha_str_3d_signed_square_regime_rvol_z,alpha_rev1_z_z_mul_rvol_z,alpha_intraday_rs_ema3_regime_rvol_z",58.0,5.0,looser_turnover,0.1,0.22,0.05,0.85,0.35
63.0,0.0006070227338220675,0.003522421598349772,2.7356711544447982,0.03856687377535151,-0.013240156439094819,0.1999999999999999,0.1911166514045888,3.0,"alpha_str_3d_signed_square_regime_rvol_z,alpha_rev1_z_z_mul_rvol_z,alpha_intraday_rs_ema3_regime_rvol_z",58.0,5.0,looser_inertia,0.1,0.22,0.05,0.85,0.2
63.0,9.585787962249919e-05,0.001773708463296924,0.8579181386078435,0.005957510540229194,-0.015762801896306855,0.1999999999999999,0.16527122318762485,3.0,"alpha_str_3d_signed_square_regime_rvol_z,alpha_rev1_z_z_mul_rvol_z,alpha_intraday_rs_ema3_regime_rvol_z",58.0,6.0,base_hardened,0.1,0.22,0.05,0.85,0.2
63.0,-1.0709476603587813e-05,0.0024525856611389727,-0.06931772994231702,-0.0008637570933510696,-0.022152029520280392,0.3500000000000002,0.29521580239158746,3.0,"alpha_str_3d_signed_square_regime_rvol_z,alpha_rev1_z_z_mul_rvol_z,alpha_intraday_rs_ema3_regime_rvol_z",58.0,6.0,looser_turnover,0.1,0.22,0.05,0.85,0.35
63.0,9.585787962249919e-05,0.001773708463296924,0.8579181386078435,0.005957510540229194,-0.015762801896306855,0.1999999999999999,0.16527122318762485,3.0,"alpha_str_3d_signed_square_regime_rvol_z,alpha_rev1_z_z_mul_rvol_z,alpha_intraday_rs_ema3_regime_rvol_z",58.0,6.0,looser_inertia,0.1,0.22,0.05,0.85,0.2
63.0,-0.0005039257829398846,0.0020019736198735125,-3.9958437623490166,-0.03137901211377003,-0.034034793619391324,0.1999999999999999,0.15232536281109474,3.0,"alpha_rev1_z_z_mul_rvol_z,alpha_intraday_pressure_lag1_regime_liq_lo_lag1,alpha_intraday_rs_ema3_regime_rvol_z",58.0,7.0,base_hardened,0.1,0.22,0.05,0.85,0.2
63.0,-0.0003414528289325159,0.002827813070524768,-1.9168153911838328,-0.021532317301100723,-0.03652722173329204,0.3500000000000002,0.25599334457993084,3.0,"alpha_rev1_z_z_mul_rvol_z,alpha_intraday_pressure_lag1_regime_liq_lo_lag1,alpha_intraday_rs_ema3_regime_rvol_z",58.0,7.0,looser_turnover,0.1,0.22,0.05,0.85,0.35
63.0,-0.0005039257829398846,0.0020019736198735125,-3.9958437623490166,-0.03137901211377003,-0.034034793619391324,0.1999999999999999,0.15232536281109474,3.0,"alpha_rev1_z_z_mul_rvol_z,alpha_intraday_pressure_lag1_regime_liq_lo_lag1,alpha_intraday_rs_ema3_regime_rvol_z",58.0,7.0,looser_inertia,0.1,0.22,0.05,0.85,0.2
63.0,0.0002552310456251001,0.004811301725480867,0.8421145610598574,0.0154709487089848,-0.015889365937302724,0.1999999999999999,0.2895890476025727,3.0,"alpha_intraday_pressure_lag1_regime_liq_lo_lag1,alpha_intraday_rs_ema3_regime_rvol_z,alpha_ivol_20d_signed_log_z_mul_liq_z",58.0,8.0,base_hardened,0.1,0.22,0.05,0.85,0.2
63.0,0.00010482904180439967,0.0057498313715564015,0.28941882655768053,0.005581124618866173,-0.029480043977071047,0.3500000000000002,0.42945022834383434,3.0,"alpha_intraday_pressure_lag1_regime_liq_lo_lag1,alpha_intraday_rs_ema3_regime_rvol_z,alpha_ivol_20d_signed_log_z_mul_liq_z",58.0,8.0,looser_turnover,0.1,0.22,0.05,0.85,0.35
63.0,0.0002552310456251001,0.004811301725480867,0.8421145610598574,0.0154709487089848,-0.015889365937302724,0.1999999999999999,0.2895890476025727,3.0,"alpha_intraday_pressure_lag1_regime_liq_lo_lag1,alpha_intraday_rs_ema3_regime_rvol_z,alpha_ivol_20d_signed_log_z_mul_liq_z",58.0,8.0,looser_inertia,0.1,0.22,0.05,0.85,0.2






----------------------



wf_multi_alpha_meta.json




{
  "alpha_lib_file": "data\\alpha_library_v2\\alpha_library_v2.parquet",
  "alpha_shortlist_csv": "data\\alpha_library_v2\\diagnostics\\alpha_candidate_shortlist.csv",
  "alpha_shortlist_required": 1,
  "recent_folds": 3,
  "recent_min_folds": 2,
  "require_last_fold_positive": 1,
  "require_last2_mean_positive": 1,
  "recent_min_mean_abs_ic": 0.005,
  "recent_max_sign_flip": 0.5,
  "recent_history_blend": 0.65,
  "recent_family_cap": 1,
  "current_family_cap": 2,
  "max_alphas": 6,
  "min_selected_alphas": 3,
  "min_final_select_score": 0.16,
  "shell_variants": [
    {
      "name": "base_hardened",
      "enter_pct": 0.1,
      "exit_pct": 0.22,
      "weight_cap": 0.05,
      "gross_target": 0.85,
      "max_daily_turnover": 0.2
    },
    {
      "name": "looser_turnover",
      "enter_pct": 0.1,
      "exit_pct": 0.22,
      "weight_cap": 0.05,
      "gross_target": 0.85,
      "max_daily_turnover": 0.35
    },
    {
      "name": "looser_inertia",
      "enter_pct": 0.1,
      "exit_pct": 0.22,
      "weight_cap": 0.05,
      "gross_target": 0.85,
      "max_daily_turnover": 0.2
    }
  ],
  "best_shell": {
    "shell_name": "looser_turnover",
    "days": 504.0,
    "mean_daily": -0.00027160575385227136,
    "std_daily": 0.005272955713172052,
    "sharpe": -0.8176832709775564,
    "cum_ret": -0.1340398013156141,
    "max_drawdown": -0.18764818069978073,
    "avg_turnover": 0.3253149854546741,
    "folds": 8,
    "enter_pct": 0.1,
    "exit_pct": 0.22,
    "weight_cap": 0.05,
    "gross_target": 0.85,
    "max_daily_turnover": 0.35
  },
  "alpha_shortlist_debug": {
    "shortlist_required": 1,
    "shortlist_path": "data\\alpha_library_v2\\diagnostics\\alpha_candidate_shortlist.csv",
    "shortlist_csv_exists": 1,
    "shortlist_rows_raw": 58,
    "shortlist_rows_unique": 58,
    "shortlist_duplicates_removed": 0,
    "shortlist_alpha_missing_name": 0,
    "alpha_cols_before_shortlist": 958,
    "shortlist_found_in_parquet": 58,
    "shortlist_missing_in_parquet": 0,
    "shortlist_missing_in_parquet_list": [],
    "alpha_cols_after_shortlist": 58,
    "shortlist_filter_applied": 1
  }
}