PS C:\Users\Dmytro Govor\Documents\Python-Edge> Set-StrictMode -Version Latest
PS C:\Users\Dmytro Govor\Documents\Python-Edge> $ErrorActionPreference = "Stop"
PS C:\Users\Dmytro Govor\Documents\Python-Edge>
PS C:\Users\Dmytro Govor\Documents\Python-Edge> Set-Location "C:\Users\Dmytro Govor\Documents\Python-Edge"
PS C:\Users\Dmytro Govor\Documents\Python-Edge>
PS C:\Users\Dmytro Govor\Documents\Python-Edge> $ordersDir = ".\artifacts\execution_loop\optimal"
PS C:\Users\Dmytro Govor\Documents\Python-Edge> $ordersPath = Join-Path $ordersDir "orders.csv"
PS C:\Users\Dmytro Govor\Documents\Python-Edge> $backupPath = Join-Path $ordersDir "orders__backup_before_whole_share_test.csv"
PS C:\Users\Dmytro Govor\Documents\Python-Edge>
PS C:\Users\Dmytro Govor\Documents\Python-Edge> if (-not (Test-Path $ordersDir)) {
>>     New-Item -ItemType Directory -Path $ordersDir -Force | Out-Null
>> }
PS C:\Users\Dmytro Govor\Documents\Python-Edge>
PS C:\Users\Dmytro Govor\Documents\Python-Edge> if (Test-Path $ordersPath) {
>>     Copy-Item -Path $ordersPath -Destination $backupPath -Force
>>     Write-Host "[BACKUP] Saved existing orders.csv to $backupPath"
>> }
[BACKUP] Saved existing orders.csv to .\artifacts\execution_loop\optimal\orders__backup_before_whole_share_test.csv
PS C:\Users\Dmytro Govor\Documents\Python-Edge> else {
>>     Write-Host "[BACKUP] No existing orders.csv found; nothing to back up"
>> }
else: The term 'else' is not recognized as a name of a cmdlet, function, script file, or executable program.
Check the spelling of the name, or if a path was included, verify that the path is correct and try again.
PS C:\Users\Dmytro Govor\Documents\Python-Edge>
PS C:\Users\Dmytro Govor\Documents\Python-Edge> @'
>> date,symbol,order_side,delta_shares,price,order_notional,target_weight,current_shares,target_shares
>> 2026-03-27,AAPL,BUY,1,219.50,219.50,0.025,0,1
>> 2026-03-27,MSFT,BUY,1,428.10,428.10,0.030,0,1
>> 2026-03-27,NVDA,SELL,-1,118.40,118.40,-0.015,0,-1
>> 2026-03-27,AMZN,SELL,-1,201.70,201.70,-0.020,0,-1
>> '@ | Set-Content -Path $ordersPath -Encoding UTF8
PS C:\Users\Dmytro Govor\Documents\Python-Edge>
PS C:\Users\Dmytro Govor\Documents\Python-Edge> Write-Host ""

PS C:\Users\Dmytro Govor\Documents\Python-Edge> Write-Host "[ORDERS] Whole-share optimal/orders.csv written:"
[ORDERS] Whole-share optimal/orders.csv written:
PS C:\Users\Dmytro Govor\Documents\Python-Edge> Import-Csv $ordersPath |
>>     Select-Object date, symbol, order_side, delta_shares, price, order_notional, target_weight, current_shares, target_shares |
>>     Format-Table -AutoSize

date       symbol order_side delta_shares price  order_notional target_weight current_shares target_shares
----       ------ ---------- ------------ -----  -------------- ------------- -------------- -------------
2026-03-27 AAPL   BUY        1            219.50 219.50         0.025         0              1
2026-03-27 MSFT   BUY        1            428.10 428.10         0.030         0              1
2026-03-27 NVDA   SELL       -1           118.40 118.40         -0.015        0              -1
2026-03-27 AMZN   SELL       -1           201.70 201.70         -0.020        0              -1

PS C:\Users\Dmytro Govor\Documents\Python-Edge>
PS C:\Users\Dmytro Govor\Documents\Python-Edge> python -c "import ast; ast.parse(open(r'.\scripts\run_broker_adapter_ibkr.py','rb').read())"
PS C:\Users\Dmytro Govor\Documents\Python-Edge> if ($LASTEXITCODE -ne 0) { throw "AST parse failed" }
PS C:\Users\Dmytro Govor\Documents\Python-Edge>
PS C:\Users\Dmytro Govor\Documents\Python-Edge> $env:CONFIG_NAMES = "optimal"
PS C:\Users\Dmytro Govor\Documents\Python-Edge> $env:EXECUTION_ROOT = "artifacts/execution_loop"
PS C:\Users\Dmytro Govor\Documents\Python-Edge>
PS C:\Users\Dmytro Govor\Documents\Python-Edge> $env:BROKER_NAME = "MEXEM"
PS C:\Users\Dmytro Govor\Documents\Python-Edge> $env:BROKER_PLATFORM = "IBKR"
PS C:\Users\Dmytro Govor\Documents\Python-Edge>
PS C:\Users\Dmytro Govor\Documents\Python-Edge> $env:IB_HOST = "127.0.0.1"
PS C:\Users\Dmytro Govor\Documents\Python-Edge> $env:IB_PORT = "4002"
PS C:\Users\Dmytro Govor\Documents\Python-Edge> $env:IB_CLIENT_ID = "41"
PS C:\Users\Dmytro Govor\Documents\Python-Edge> $env:IB_ACCOUNT_CODE = "DUP561175"
PS C:\Users\Dmytro Govor\Documents\Python-Edge>
PS C:\Users\Dmytro Govor\Documents\Python-Edge> $env:IB_ORDER_TYPE = "MKT"
PS C:\Users\Dmytro Govor\Documents\Python-Edge> $env:IB_TIME_IN_FORCE = "DAY"
PS C:\Users\Dmytro Govor\Documents\Python-Edge> $env:IB_OUTSIDE_RTH = "0"
PS C:\Users\Dmytro Govor\Documents\Python-Edge> $env:IB_ALLOW_FRACTIONAL = "0"
PS C:\Users\Dmytro Govor\Documents\Python-Edge>
PS C:\Users\Dmytro Govor\Documents\Python-Edge> $env:PAUSE_ON_EXIT = "1"
PS C:\Users\Dmytro Govor\Documents\Python-Edge>
PS C:\Users\Dmytro Govor\Documents\Python-Edge> python .\scripts\run_broker_adapter_ibkr.py
[CFG] execution_root=artifacts\execution_loop
[CFG] broker_name=MEXEM broker_platform=IBKR
[CFG] configs=['optimal']
[CFG] ib_host=127.0.0.1 ib_port=4002 ib_client_id=41
[CFG] ib_account_code=DUP561175
[CFG] ib_order_type=MKT ib_time_in_force=DAY ib_outside_rth=0
[CFG] ib_exchange=SMART ib_primary_exchange= ib_currency=USD ib_security_type=STK
[CFG] ib_allow_fractional=0
[CFG] symbol_map_entries=0
[IB] connecting host=127.0.0.1 port=4002 client_id=41
[IB] connectAck received
[IB] managedAccounts=DUP561175
[IB] nextValidId=5
[IB] connected next_valid_id=5 managed_accounts=DUP561175
[IB][ERROR] reqId=-1 code=2104 msg=Market data farm connection is OK:usfarm
[IB][ERROR] reqId=-1 code=2107 msg=HMDS data farm connection is inactive but should be available upon demand.ushmds
[IB][ERROR] reqId=-1 code=2158 msg=Sec-def data farm connection is OK:secdefil
[IB] openOrderEnd
[IB] positionEnd
[BROKER][optimal] orders=artifacts\execution_loop\optimal\orders.csv
[BROKER][optimal] total_rows=4 live_orders=4 prepared_orders=4
[BROKER][optimal][PREVIEW]
symbol broker_symbol side  qty  order_notional                  client_tag
  AAPL          AAPL  BUY  1.0           219.5 pe-8da82c599802e250b50499b0
  MSFT          MSFT  BUY  1.0           428.1 pe-d8f1f793174cedbf2eeba1e3
  NVDA          NVDA SELL  1.0           118.4 pe-45228bea7200d998cae3eeef
  AMZN          AMZN SELL  1.0           201.7 pe-b88591f05813660c0f31d4d4
[IB] openOrderEnd
[BROKER][optimal][SEND] symbol=AAPL broker_symbol=AAPL side=BUY qty=1.00000000 status=filled ib_order_id=5
[IB] openOrderEnd
[BROKER][optimal][SEND] symbol=MSFT broker_symbol=MSFT side=BUY qty=1.00000000 status=filled ib_order_id=6
[IB] openOrderEnd
[BROKER][optimal][SEND] symbol=NVDA broker_symbol=NVDA side=SELL qty=1.00000000 status=filled ib_order_id=7
[IB] openOrderEnd
[BROKER][optimal][SEND] symbol=AMZN broker_symbol=AMZN side=SELL qty=1.00000000 status=filled ib_order_id=8
Traceback (most recent call last):
  File "C:\Users\Dmytro Govor\Documents\Python-Edge\scripts\run_broker_adapter_ibkr.py", line 1036, in <module>
    rc = main()
  File "C:\Users\Dmytro Govor\Documents\Python-Edge\scripts\run_broker_adapter_ibkr.py", line 1025, in main
    req_cursor = _run_one_config(app, paths, symbol_map, req_cursor)
  File "C:\Users\Dmytro Govor\Documents\Python-Edge\scripts\run_broker_adapter_ibkr.py", line 996, in _run_one_config
    _append_or_replace_fills(paths.fills_csv, fill_entries)
    ~~~~~~~~~~~~~~~~~~~~~~~~^^^^^^^^^^^^^^^^^^^^^^^^^^^^^^^
  File "C:\Users\Dmytro Govor\Documents\Python-Edge\scripts\run_broker_adapter_ibkr.py", line 816, in _append_or_replace_fills
    out.to_csv(fills_csv, index=False)
    ~~~~~~~~~~^^^^^^^^^^^^^^^^^^^^^^^^
  File "C:\Users\Dmytro Govor\AppData\Local\Programs\Python\Python313\Lib\site-packages\pandas\util\_decorators.py", line 333, in wrapper
    return func(*args, **kwargs)
  File "C:\Users\Dmytro Govor\AppData\Local\Programs\Python\Python313\Lib\site-packages\pandas\core\generic.py", line 3989, in to_csv
    return DataFrameRenderer(formatter).to_csv(
           ~~~~~~~~~~~~~~~~~~~~~~~~~~~~~~~~~~~^
        path_or_buf,
        ^^^^^^^^^^^^
    ...<14 lines>...
        storage_options=storage_options,
        ^^^^^^^^^^^^^^^^^^^^^^^^^^^^^^^^
    )
    ^
  File "C:\Users\Dmytro Govor\AppData\Local\Programs\Python\Python313\Lib\site-packages\pandas\io\formats\format.py", line 1014, in to_csv
    csv_formatter.save()
    ~~~~~~~~~~~~~~~~~~^^
  File "C:\Users\Dmytro Govor\AppData\Local\Programs\Python\Python313\Lib\site-packages\pandas\io\formats\csvs.py", line 251, in save
    with get_handle(
         ~~~~~~~~~~^
        self.filepath_or_buffer,
        ^^^^^^^^^^^^^^^^^^^^^^^^
    ...<4 lines>...
        storage_options=self.storage_options,
        ^^^^^^^^^^^^^^^^^^^^^^^^^^^^^^^^^^^^^
    ) as handles:
    ^
  File "C:\Users\Dmytro Govor\AppData\Local\Programs\Python\Python313\Lib\site-packages\pandas\io\common.py", line 873, in get_handle
    handle = open(
        handle,
    ...<3 lines>...
        newline="",
    )
PermissionError: [Errno 13] Permission denied: 'artifacts\\execution_loop\\optimal\\fills.csv'

[EXIT] code=1
Press Enter to exit...
PS C:\Users\Dmytro Govor\Documents\Python-Edge> if ($LASTEXITCODE -ne 0) { throw "run_broker_adapter_ibkr.py failed" }
Exception: run_broker_adapter_ibkr.py failed