============================================================
  Python-Edge — Daily Data Update
============================================================
  ROOT: C:\Users\Dmytro Govor\Documents\Python-Edge
  MASSIVE_API_KEY: SET


============================================================
[RUN] scripts/run_daily_cycle.py
============================================================
[CFG] configs=['optimal', 'aggressive']
[CFG] require_any_live_active_names=1 require_fresh_freeze_date_match=1 run_broker_handoff=0 run_broker_adapter=0 run_broker_reconcile=0
[CFG] require_freeze_universe_filter=1 min_freeze_universe_survival_ratio=0.9000
[CFG] require_freeze_live_gate_passed=0 require_any_replay_gate_pass=1
[CFG] child_pause_on_exit=0
[STEP] universe builder
[RUN] C:\Users\Dmytro Govor\AppData\Local\Programs\Python\Python313\python.exe C:\Users\Dmytro Govor\Documents\Python-Edge\scripts\run_universe_builder.py
[RUN][ENV] PAUSE_ON_EXIT=0
[CFG] output_dir=artifacts\daily_cycle\universe
[CFG] universe_profile=trading_us_core_v1
[CFG] target_size=175 top_n=175
[CFG] history_lookback_days=45
[CFG] rebalance_freq=weekly reuse_last=True
[CFG] eligibility.min_price=7.5
[CFG] eligibility.min_median_dollar_vol_20d=20,000,000
[CFG] eligibility.min_history_days=25
[CFG] eligibility.allowed_ticker_types=('CS',)
[SECTOR_CAP] global mode cap=18
[SECTOR_CAP]   broad_sector='other' selected=18 cap=18
[SECTOR_CAP]   broad_sector='technology' selected=18 cap=18
[SECTOR_CAP]   broad_sector='financials' selected=18 cap=18
[SECTOR_CAP]   broad_sector='industrials' selected=15 cap=18
[SECTOR_CAP]   broad_sector='healthcare' selected=10 cap=18
[SECTOR_CAP]   broad_sector='materials' selected=9 cap=18
[SECTOR_CAP]   broad_sector='consumer_cyclical' selected=8 cap=18
[SECTOR_CAP]   broad_sector='communication' selected=4 cap=18
[SECTOR_CAP]   broad_sector='real_estate' selected=4 cap=18
[SECTOR_CAP]   broad_sector='energy' selected=3 cap=18
[SECTOR_CAP]   broad_sector='consumer_staples' selected=2 cap=18
[SECTOR_CAP]   broad_sector='utilities' selected=2 cap=18
[ELIG][universe_builder] candidates=5132 eligible=505 dropped=4627
[ELIG][universe_builder]   dropped_price=1747
[ELIG][universe_builder]   dropped_liquidity=4615
[ELIG][universe_builder]   dropped_history=4609
[ELIG][universe_builder]   dropped_nan_ratio=4607
[ELIG][universe_builder]   dropped_missing_days=4609
[OK] snapshot=artifacts\daily_cycle\universe\universe_snapshot.parquet rows=111
[OK] eligibility_debug=artifacts\daily_cycle\universe\universe_eligibility_debug.parquet
[OK] summary=artifacts\daily_cycle\universe\universe_summary.json
[OK] eligibility_dropped=artifacts\daily_cycle\universe\universe_eligibility_dropped.csv
[OK] eligibility_eligible=artifacts\daily_cycle\universe\universe_eligibility_eligible.csv
[OK] eligibility_counters=artifacts\daily_cycle\universe\universe_eligibility_counters.json
[FINAL] universe builder complete snapshot=artifacts\daily_cycle\universe\universe_snapshot.parquet summary=artifacts\daily_cycle\universe\universe_summary.json
[DIAG][UNIVERSE] snapshot=C:\Users\Dmytro Govor\Documents\Python-Edge\artifacts\daily_cycle\universe\universe_snapshot.parquet summary=C:\Users\Dmytro Govor\Documents\Python-Edge\artifacts\daily_cycle\universe\universe_summary.json rows_current=111 all_symbols_current=111 selected_symbols_current=111 symbol_col=symbol date_col=date selected_col=selected current_date=2026-04-22
[DIAG][UNIVERSE][SUMMARY] eligible_total=505 selected_total=111 overview_missing_sic_total=None sector_unknown_selected=None industry_unknown_selected=None
[STEP] live alpha snapshot
[RUN] C:\Users\Dmytro Govor\AppData\Local\Programs\Python\Python313\python.exe C:\Users\Dmytro Govor\Documents\Python-Edge\scripts\run_live_alpha_snapshot.py
[RUN][ENV] PAUSE_ON_EXIT=0
[CFG] universe_snapshot_file=artifacts\daily_cycle\universe\universe_snapshot.parquet
[CFG] dynamic_universe_file=artifacts\daily_cycle\universe\dynamic_universe.parquet
[CFG] live_alpha_out_dir=artifacts\live_alpha
[CFG] live_alpha_scope=registry survivor_top_n=6
[CFG] lookback_days=260 max_symbols=500
[CFG] proxy_enable=1 interaction_enable=1 interaction_top_k=24 interaction_gates=oil_up|dollar_up|macro_risk_off
[BROAD_SECTOR] loaded from dynamic_universe.parquet symbols=229 unique_sectors=12
[UNIVERSE][LOAD] source=dynamic_universe.parquet symbol_col=ticker latest_date=2026-04-10 selected=229 max_symbols=500
[UNIVERSE] selected_symbols=229 as_of_date=2026-04-10
[FETCH] 25/229 complete rows=4500 failed=0
[FETCH] 50/229 complete rows=9000 failed=0
[FETCH] 75/229 complete rows=13500 failed=0
[FETCH] 100/229 complete rows=18000 failed=0
[FETCH] 125/229 complete rows=22500 failed=0
[FETCH] 150/229 complete rows=27000 failed=0
[FETCH] 175/229 complete rows=31500 failed=0
[FETCH] 200/229 complete rows=36000 failed=0
[FETCH] 225/229 complete rows=40500 failed=0
[FETCH] 229/229 complete rows=41220 failed=0
[FETCH] final_symbols=229 rows=41220 failed_symbols=0
[FETCH] 12/12 complete rows=2160 failed=0
[FETCH] final_symbols=12 rows=2160 failed_symbols=0
[BROAD_SECTOR] attached to panel symbols=229 unique_sectors=12
[FACTORY] recipe_source=default_priority+recent_default_priority recipe_count=2088
[INTERACTION] base_alpha_count=24 enabled_gates=['oil_up', 'dollar_up', 'macro_risk_off'] added_columns=72
[OK] base_snapshot=artifacts\live_alpha\live_feature_snapshot.parquet
[OK] proxy_feature_snapshot=artifacts\live_alpha\live_proxy_feature_snapshot.parquet
[OK] live_alpha_snapshot=artifacts\live_alpha\live_alpha_snapshot.parquet
[OK] manifest=artifacts\live_alpha\live_alpha_manifest.csv
[OK] dropped=artifacts\live_alpha\live_alpha_dropped.csv
[OK] meta=artifacts\live_alpha\live_alpha_meta.json
[DIAG][LIVE_ALPHA] snapshot=C:\Users\Dmytro Govor\Documents\Python-Edge\artifacts\live_alpha\live_alpha_snapshot.parquet current_rows=229 current_symbols=229 alpha_col_count=1378 current_date=2026-04-10 date_match_vs_universe=0
[DIAG][LIVE_ALPHA][COVERAGE] universe_selected_current=111 present_in_live_alpha=107 missing_from_live_alpha=4 extra_vs_selected=122 extra_vs_all=122
[DIAG][LIVE_ALPHA][MISSING_TOP] CALX, LLY, LRCX, MRVL
[DIAG][LIVE_ALPHA][EXTRA_VS_SELECTED_TOP] A, AAP, ACGL, ACI, ACLS, ACLX, ADM, ADP, ADSK, AEE, AEHR, AEIS, AEO, AEP, AES, AFL, AFRM, AGX, AHR, AIG, AIT, AKAM, ALAB, ALGN, ALL ... (+97 more)
[DIAG][LIVE_ALPHA][EXTRA_VS_ALL_TOP] A, AAP, ACGL, ACI, ACLS, ACLX, ADM, ADP, ADSK, AEE, AEHR, AEIS, AEO, AEP, AES, AFL, AFRM, AGX, AHR, AIG, AIT, AKAM, ALAB, ALGN, ALL ... (+97 more)
[ARTIFACT] C:\Users\Dmytro Govor\Documents\Python-Edge\artifacts\daily_cycle\universe_live_alpha_diagnostics.json
[STEP] freeze runner
[RUN] C:\Users\Dmytro Govor\AppData\Local\Programs\Python\Python313\python.exe C:\Users\Dmytro Govor\Documents\Python-Edge\scripts\run_freeze_runner.py
[RUN][ENV] PAUSE_ON_EXIT=0
[CFG] live_alpha_snapshot_file=artifacts\live_alpha\live_alpha_snapshot.parquet
[CFG] universe_snapshot_file=artifacts\daily_cycle\universe\universe_snapshot.parquet
[CFG] out_dir=artifacts\freeze_runner
[CFG] require_universe_filter=1 require_universe_current_date_match=0 min_universe_survival_ratio=0.9000
[CFG] auto_refresh_live_alpha_on_date_mismatch=1 live_alpha_refresh_script=scripts\run_live_alpha_snapshot.py
[CFG] freeze_require_positive_replay_sharpe=0 freeze_min_replay_sharpe=0.0000 freeze_min_replay_cumret=0.0000 freeze_min_live_active_names=1
[CFG] component_prefilter min_proxy_train_sharpe=0.0000 min_abs_mean_ic=0.000000 basket_candidate_pool=8 basket_max_combos=40
[CFG] sign_source=last_fold require_recent_sign=0
[CFG] frozen wf=120/20/20 components=4 weighting=ic
[CFG] sector_boost_enable=1 auto_top_n=3 auto_boost_value=1.4 default=1.0
[UNIVERSE_FILTER] applied=1 universe_selected_current=111 present_in_panel_current=107 missing_in_panel_current=4 survival_ratio_current=0.9640 panel_rows_before_filter=41220 panel_rows_after_filter=19260 live_snapshot_current_date=2026-04-10
[DATA] rows=19260 symbols=107 alpha_cols=1378 first_date=2025-07-24 last_date=2026-04-10
[SECTOR_BOOST] no boost map — sector scoring disabled
[FREEZE] last_completed_fold fold_id=3 train=2025-09-19..2026-03-12 test=2026-03-13..2026-04-10
[COMPONENTS][ALL_CANDIDATES_TOP]
                               alpha  train_abs_mean_ic  proxy_train_sharpe  train_sign_locked  last_fold_abs_mean_ic  last_fold_mean_ic  last_fold_sign_locked  effective_sign_locked sign_source_used
   alpha_ivol_20d_raw_raw_mul_liq_hi           0.253922            1.032552                1.0               0.264147           0.110603                    1.0                    1.0     last_fold_ic
   alpha_ivol_20d_raw_raw_mul_liq_lo           0.253922            1.032552                1.0               0.264147           0.110603                    1.0                    1.0     last_fold_ic
 alpha_ivol_20d_raw_raw_mul_liq_rank           0.253922            1.032552                1.0               0.264147           0.110603                    1.0                    1.0     last_fold_ic
    alpha_ivol_20d_raw_raw_mul_liq_z           0.253922            1.032552                1.0               0.264147           0.110603                    1.0                    1.0     last_fold_ic
     alpha_ivol_20d_z_raw_mul_liq_hi           0.249473            1.013838                1.0               0.258939           0.111444                    1.0                    1.0     last_fold_ic
     alpha_ivol_20d_z_raw_mul_liq_lo           0.249473            1.013838                1.0               0.258939           0.111444                    1.0                    1.0     last_fold_ic
   alpha_ivol_20d_z_raw_mul_liq_rank           0.249473            1.013838                1.0               0.258939           0.111444                    1.0                    1.0     last_fold_ic
      alpha_ivol_20d_z_raw_mul_liq_z           0.249473            1.013838                1.0               0.258939           0.111444                    1.0                    1.0     last_fold_ic
alpha_ivol_20d_z_raw_mul_volshock_hi           0.242704            0.916883                1.0               0.258432           0.111882                    1.0                    1.0     last_fold_ic
alpha_ivol_20d_z_raw_mul_volshock_lo           0.242704            0.916883                1.0               0.258432           0.111882                    1.0                    1.0     last_fold_ic
[COMPONENTS][optimal] selected_by_basket_search component_count=4 pool_size=8 combos_evaluated=40
                            alpha  train_abs_mean_ic  proxy_train_sharpe  train_sign_locked  last_fold_abs_mean_ic  last_fold_mean_ic  last_fold_sign_locked  effective_sign_locked sign_source_used
alpha_ivol_20d_raw_raw_mul_liq_hi           0.253922            1.032552                1.0               0.264147           0.110603                    1.0                    1.0     last_fold_ic
  alpha_ivol_20d_z_raw_mul_liq_hi           0.249473            1.013838                1.0               0.258939           0.111444                    1.0                    1.0     last_fold_ic
  alpha_ivol_20d_z_raw_mul_liq_lo           0.249473            1.013838                1.0               0.258939           0.111444                    1.0                    1.0     last_fold_ic
alpha_ivol_20d_z_raw_mul_liq_rank           0.249473            1.013838                1.0               0.258939           0.111444                    1.0                    1.0     last_fold_ic
[BASKET_SEARCH][optimal][TOP]
 basket_id                                                                                                                                alpha_list  component_count  train_abs_mean_ic_avg  proxy_train_sharpe_avg  last_fold_abs_mean_ic_avg  last_fold_proxy_sharpe_avg  replay_sharpe_last_fold  replay_cumret_last_fold  replay_max_drawdown_last_fold  replay_avg_turnover_last_fold
        32       alpha_ivol_20d_raw_raw_mul_liq_hi|alpha_ivol_20d_z_raw_mul_liq_hi|alpha_ivol_20d_z_raw_mul_liq_lo|alpha_ivol_20d_z_raw_mul_liq_rank                4               0.250585                1.018516                   0.260241                    5.936842                 4.664834                 0.088280                      -0.061913                       0.025810
        33          alpha_ivol_20d_raw_raw_mul_liq_hi|alpha_ivol_20d_z_raw_mul_liq_hi|alpha_ivol_20d_z_raw_mul_liq_lo|alpha_ivol_20d_z_raw_mul_liq_z                4               0.250585                1.018516                   0.260241                    5.936842                 4.664834                 0.088280                      -0.061913                       0.025810
        34        alpha_ivol_20d_raw_raw_mul_liq_hi|alpha_ivol_20d_z_raw_mul_liq_hi|alpha_ivol_20d_z_raw_mul_liq_rank|alpha_ivol_20d_z_raw_mul_liq_z                4               0.250585                1.018516                   0.260241                    5.936842                 4.664834                 0.088280                      -0.061913                       0.025810
        35        alpha_ivol_20d_raw_raw_mul_liq_hi|alpha_ivol_20d_z_raw_mul_liq_lo|alpha_ivol_20d_z_raw_mul_liq_rank|alpha_ivol_20d_z_raw_mul_liq_z                4               0.250585                1.018516                   0.260241                    5.936842                 4.664834                 0.088280                      -0.061913                       0.025810
         2   alpha_ivol_20d_raw_raw_mul_liq_hi|alpha_ivol_20d_raw_raw_mul_liq_lo|alpha_ivol_20d_raw_raw_mul_liq_rank|alpha_ivol_20d_z_raw_mul_liq_hi                4               0.252809                1.027874                   0.262845                    5.784686                 4.304710                 0.081812                      -0.064512                       0.027598
         3   alpha_ivol_20d_raw_raw_mul_liq_hi|alpha_ivol_20d_raw_raw_mul_liq_lo|alpha_ivol_20d_raw_raw_mul_liq_rank|alpha_ivol_20d_z_raw_mul_liq_lo                4               0.252809                1.027874                   0.262845                    5.784686                 4.304710                 0.081812                      -0.064512                       0.027598
         4 alpha_ivol_20d_raw_raw_mul_liq_hi|alpha_ivol_20d_raw_raw_mul_liq_lo|alpha_ivol_20d_raw_raw_mul_liq_rank|alpha_ivol_20d_z_raw_mul_liq_rank                4               0.252809                1.027874                   0.262845                    5.784686                 4.304710                 0.081812                      -0.064512                       0.027598
         5    alpha_ivol_20d_raw_raw_mul_liq_hi|alpha_ivol_20d_raw_raw_mul_liq_lo|alpha_ivol_20d_raw_raw_mul_liq_rank|alpha_ivol_20d_z_raw_mul_liq_z                4               0.252809                1.027874                   0.262845                    5.784686                 4.304710                 0.081812                      -0.064512                       0.027598
         6      alpha_ivol_20d_raw_raw_mul_liq_hi|alpha_ivol_20d_raw_raw_mul_liq_lo|alpha_ivol_20d_raw_raw_mul_liq_z|alpha_ivol_20d_z_raw_mul_liq_hi                4               0.252809                1.027874                   0.262845                    5.784686                 4.304710                 0.081812                      -0.064512                       0.027598
         7      alpha_ivol_20d_raw_raw_mul_liq_hi|alpha_ivol_20d_raw_raw_mul_liq_lo|alpha_ivol_20d_raw_raw_mul_liq_z|alpha_ivol_20d_z_raw_mul_liq_lo                4               0.252809                1.027874                   0.262845                    5.784686                 4.304710                 0.081812                      -0.064512                       0.027598
[FREEZE][optimal] live_active_names_raw=2 live_active_names=2 live_gate_passed=1 live_gate_reason=passed replay_sharpe_last_fold=4.6648 replay_cumret_last_fold=0.0883 avg_turnover=0.0258 avg_gross=0.6309
[FREEZE][optimal][SECTOR_BOOST] enabled=1 boost_map_entries=0 boosted_pairs=0
[FREEZE][optimal][LIVE_BOOK_TOP]
symbol  weight     score  side broad_sector market_regime  long_budget  short_budget  turnover
  AAOI    0.05  7.194436   1.0   technology       neutral          0.5           0.5      0.05
 BRK.B   -0.05 -1.394276  -1.0   financials       neutral          0.5           0.5      0.05
[COMPONENTS][aggressive] selected_by_basket_search component_count=4 pool_size=8 combos_evaluated=40
                            alpha  train_abs_mean_ic  proxy_train_sharpe  train_sign_locked  last_fold_abs_mean_ic  last_fold_mean_ic  last_fold_sign_locked  effective_sign_locked sign_source_used
alpha_ivol_20d_raw_raw_mul_liq_hi           0.253922            1.032552                1.0               0.264147           0.110603                    1.0                    1.0     last_fold_ic
alpha_ivol_20d_raw_raw_mul_liq_lo           0.253922            1.032552                1.0               0.264147           0.110603                    1.0                    1.0     last_fold_ic
  alpha_ivol_20d_z_raw_mul_liq_hi           0.249473            1.013838                1.0               0.258939           0.111444                    1.0                    1.0     last_fold_ic
  alpha_ivol_20d_z_raw_mul_liq_lo           0.249473            1.013838                1.0               0.258939           0.111444                    1.0                    1.0     last_fold_ic
[BASKET_SEARCH][aggressive][TOP]
 basket_id                                                                                                                              alpha_list  component_count  train_abs_mean_ic_avg  proxy_train_sharpe_avg  last_fold_abs_mean_ic_avg  last_fold_proxy_sharpe_avg  replay_sharpe_last_fold  replay_cumret_last_fold  replay_max_drawdown_last_fold  replay_avg_turnover_last_fold
        10     alpha_ivol_20d_raw_raw_mul_liq_hi|alpha_ivol_20d_raw_raw_mul_liq_lo|alpha_ivol_20d_z_raw_mul_liq_hi|alpha_ivol_20d_z_raw_mul_liq_lo                4               0.251697                1.023195                   0.261543                    5.860764                 4.635274                 0.129819                      -0.090731                       0.035066
        11   alpha_ivol_20d_raw_raw_mul_liq_hi|alpha_ivol_20d_raw_raw_mul_liq_lo|alpha_ivol_20d_z_raw_mul_liq_hi|alpha_ivol_20d_z_raw_mul_liq_rank                4               0.251697                1.023195                   0.261543                    5.860764                 4.635274                 0.129819                      -0.090731                       0.035066
        12      alpha_ivol_20d_raw_raw_mul_liq_hi|alpha_ivol_20d_raw_raw_mul_liq_lo|alpha_ivol_20d_z_raw_mul_liq_hi|alpha_ivol_20d_z_raw_mul_liq_z                4               0.251697                1.023195                   0.261543                    5.860764                 4.635274                 0.129819                      -0.090731                       0.035066
        13   alpha_ivol_20d_raw_raw_mul_liq_hi|alpha_ivol_20d_raw_raw_mul_liq_lo|alpha_ivol_20d_z_raw_mul_liq_lo|alpha_ivol_20d_z_raw_mul_liq_rank                4               0.251697                1.023195                   0.261543                    5.860764                 4.635274                 0.129819                      -0.090731                       0.035066
        14      alpha_ivol_20d_raw_raw_mul_liq_hi|alpha_ivol_20d_raw_raw_mul_liq_lo|alpha_ivol_20d_z_raw_mul_liq_lo|alpha_ivol_20d_z_raw_mul_liq_z                4               0.251697                1.023195                   0.261543                    5.860764                 4.635274                 0.129819                      -0.090731                       0.035066
        15    alpha_ivol_20d_raw_raw_mul_liq_hi|alpha_ivol_20d_raw_raw_mul_liq_lo|alpha_ivol_20d_z_raw_mul_liq_rank|alpha_ivol_20d_z_raw_mul_liq_z                4               0.251697                1.023195                   0.261543                    5.860764                 4.635274                 0.129819                      -0.090731                       0.035066
        20   alpha_ivol_20d_raw_raw_mul_liq_hi|alpha_ivol_20d_raw_raw_mul_liq_rank|alpha_ivol_20d_z_raw_mul_liq_hi|alpha_ivol_20d_z_raw_mul_liq_lo                4               0.251697                1.023195                   0.261543                    5.860764                 4.635274                 0.129819                      -0.090731                       0.035066
        21 alpha_ivol_20d_raw_raw_mul_liq_hi|alpha_ivol_20d_raw_raw_mul_liq_rank|alpha_ivol_20d_z_raw_mul_liq_hi|alpha_ivol_20d_z_raw_mul_liq_rank                4               0.251697                1.023195                   0.261543                    5.860764                 4.635274                 0.129819                      -0.090731                       0.035066
        22    alpha_ivol_20d_raw_raw_mul_liq_hi|alpha_ivol_20d_raw_raw_mul_liq_rank|alpha_ivol_20d_z_raw_mul_liq_hi|alpha_ivol_20d_z_raw_mul_liq_z                4               0.251697                1.023195                   0.261543                    5.860764                 4.635274                 0.129819                      -0.090731                       0.035066
        23 alpha_ivol_20d_raw_raw_mul_liq_hi|alpha_ivol_20d_raw_raw_mul_liq_rank|alpha_ivol_20d_z_raw_mul_liq_lo|alpha_ivol_20d_z_raw_mul_liq_rank                4               0.251697                1.023195                   0.261543                    5.860764                 4.635274                 0.129819                      -0.090731                       0.035066
[FREEZE][aggressive] live_active_names_raw=3 live_active_names=3 live_gate_passed=1 live_gate_reason=passed replay_sharpe_last_fold=4.6353 replay_cumret_last_fold=0.1298 avg_turnover=0.0351 avg_gross=1.0000
[FREEZE][aggressive][SECTOR_BOOST] enabled=1 boost_map_entries=0 boosted_pairs=0
[FREEZE][aggressive][LIVE_BOOK_TOP]
symbol    weight     score  side      broad_sector market_regime  long_budget  short_budget  turnover
  AAOI  0.357143  7.333814   1.0        technology          weak          0.5           0.5      0.05
   CAR  0.142857  4.152025   1.0 consumer_cyclical          weak          0.5           0.5      0.05
 BRK.B -0.500000 -1.397772  -1.0        financials          weak          0.5           0.5      0.05
[ARTIFACT] artifacts\freeze_runner\freeze_all_configs_summary.json
[FINAL] freeze runner complete
[GATE] freeze summaries
[GATE] config=optimal live_current_date=2026-04-10 freeze_live_active_names=2 universe_filter_applied=1 universe_selected_current=111 universe_present_in_panel_current=107 universe_survival_ratio_current=0.963963963963964 live_gate_passed=1 live_gate_reason=passed replay_sharpe_last_fold=4.664834450646506 replay_cumret_last_fold=0.08828008567258538
[GATE] config=aggressive live_current_date=2026-04-10 freeze_live_active_names=3 universe_filter_applied=1 universe_selected_current=111 universe_present_in_panel_current=107 universe_survival_ratio_current=0.963963963963964 live_gate_passed=1 live_gate_reason=passed replay_sharpe_last_fold=4.6352739892127115 replay_cumret_last_fold=0.1298186290829635
[ARTIFACT] C:\Users\Dmytro Govor\Documents\Python-Edge\artifacts\daily_cycle\freeze_gate_diagnostics.json
[GATE] execution_ready_configs=['optimal', 'aggressive']
[CFG] execution_ready_configs=['optimal', 'aggressive']
[CFG] CONFIG_NAMES overridden for downstream steps -> optimal|aggressive
[STEP] execution loop
[RUN] C:\Users\Dmytro Govor\AppData\Local\Programs\Python\Python313\python.exe C:\Users\Dmytro Govor\Documents\Python-Edge\scripts\run_execution_loop.py
[RUN][ENV] PAUSE_ON_EXIT=0
[CFG] live_feature_snapshot_file=artifacts\live_alpha\live_feature_snapshot.parquet freeze_root=artifacts\freeze_runner execution_root=artifacts\execution_loop account_nav=100000.00 fractional_mode=auto allow_fractional_shares=0
[CFG] min_order_notional=25.00 default_price_fallback=100.00 topk_print=50 reset_state=0 config_names=optimal|aggressive
[CFG] require_freeze_date_match_live_prices=1 skip_empty_freeze_configs=1 min_price_to_trade=1.0 max_price_to_trade=1000000.0
[CFG] max_single_name_weight=0.050000 max_single_name_notional=10000.00 commission_bps=0.5000 commission_min_per_order=0.3500 slippage_bps=1.5000
[CFG] align_state_from_broker_once=0 align_state_require_broker_positions=1 align_state_cash_mode=preserve_nav skip_legacy_symbols_not_in_target=1
[CFG] use_state_price_fallback_for_legacy=1 use_state_price_fallback_for_mtm=1 use_broker_positions_price_fallback_for_legacy=1 use_broker_positions_price_fallback_for_mtm=1
[CFG] sanitize_state_prices=1 persist_default_fallback_to_state=0
[LIVE_PRICES] current_date=2026-04-10 symbols=229 price_col=close snapshot_fallback_count=0
[EXEC][optimal] loading freeze artifacts
[EXEC][optimal][ALIGN] requested=0 applied=0 reason=not_requested marker=artifacts\execution_loop\optimal\state_alignment_once.json broker_fallback_symbols=0
[EXEC][optimal][STATE_SANITY] sanitized=0 updated_from_live=0 updated_from_broker_positions=0 cleared_default_like=0 missing_live_price=0 missing_broker_price=0
[EXEC][optimal] starting_nav=978968.03 ending_nav=978968.03 cash_after=978626.43 market_value_after=341.60 nav_recon_error=0.000000 order_count=0 active_names=2 gross_target=0.0204 price_col=close merged_missing_prices=0 fallback_price_rows=0 mtm_default_fallback_count=0 mtm_state_fallback_count=0 mtm_broker_positions_fallback_count=0 mtm_unpriced_count=0 fractional_enabled_effective=0 bootstrap_only=0 skip_reason=
[EXEC][optimal][RISK] dropped_price_below_min=0 dropped_price_above_max=0 clipped_weight_cap=0 clipped_notional_cap=2
[EXEC][optimal][DIAG] already_at_target=2 below_min_notional=0 rounded_to_zero_from_nonzero_target=0 entered_new_position=0 exited_position=0 increased_existing_position=0 decreased_existing_position=0 symbol_only_in_state=0 symbol_only_in_target=0 legacy_state_price_fallback=0 legacy_broker_positions_price_fallback=0 legacy_default_price_fallback=0 legacy_unpriced=0
[EXEC][optimal][COST] estimated_commission_total=0.0000 estimated_slippage_total=0.0000 estimated_total_cost=0.0000
[EXEC][optimal][ORDERS_TOP]
      date symbol  price         price_source  is_priced  target_weight  target_notional  target_shares_raw  current_shares  target_shares  raw_delta_shares  delta_shares order_side  order_notional  order_notional_abs  estimated_commission  estimated_slippage  estimated_total_cost       skip_reason
2026-04-10   AAOI  150.6 target_live_snapshot          1       0.010215          10000.0          66.401062            66.0           66.0               0.0           0.0       HOLD             0.0                 0.0                   0.0                 0.0                   0.0 already_at_target
2026-04-10  BRK.B  479.9 target_live_snapshot          1      -0.010215         -10000.0         -20.837675           -20.0          -20.0               0.0           0.0       HOLD             0.0                 0.0                   0.0                 0.0                   0.0 already_at_target
[ARTIFACT] artifacts\execution_loop\optimal\orders.csv
[ARTIFACT] artifacts\execution_loop\optimal\positions_mark_to_market.csv
[ARTIFACT] artifacts\execution_loop\optimal\portfolio_state.json
[ARTIFACT] artifacts\execution_loop\optimal\execution_log.csv
[EXEC][aggressive] loading freeze artifacts
[EXEC][aggressive][ALIGN] requested=0 applied=0 reason=not_requested marker=artifacts\execution_loop\aggressive\state_alignment_once.json broker_fallback_symbols=0
[EXEC][aggressive][STATE_SANITY] sanitized=0 updated_from_live=0 updated_from_broker_positions=0 cleared_default_like=0 missing_live_price=0 missing_broker_price=0
[EXEC][aggressive] starting_nav=978966.10 ending_nav=978964.12 cash_after=959063.06 market_value_after=19901.06 nav_recon_error=0.000000 order_count=1 active_names=3 gross_target=0.0306 price_col=close merged_missing_prices=0 fallback_price_rows=0 mtm_default_fallback_count=0 mtm_state_fallback_count=0 mtm_broker_positions_fallback_count=0 mtm_unpriced_count=0 fractional_enabled_effective=0 bootstrap_only=0 skip_reason=
[EXEC][aggressive][RISK] dropped_price_below_min=0 dropped_price_above_max=0 clipped_weight_cap=3 clipped_notional_cap=3
[EXEC][aggressive][DIAG] already_at_target=3 below_min_notional=0 rounded_to_zero_from_nonzero_target=0 entered_new_position=1 exited_position=0 increased_existing_position=0 decreased_existing_position=0 symbol_only_in_state=1 symbol_only_in_target=1 legacy_state_price_fallback=0 legacy_broker_positions_price_fallback=0 legacy_default_price_fallback=0 legacy_unpriced=0
[EXEC][aggressive][COST] estimated_commission_total=0.4949 estimated_slippage_total=1.4847 estimated_total_cost=1.9796
[EXEC][aggressive][ORDERS_TOP]
      date symbol  price         price_source  is_priced  target_weight  target_notional  target_shares_raw  current_shares  target_shares  raw_delta_shares  delta_shares order_side  order_notional  order_notional_abs  estimated_commission  estimated_slippage  estimated_total_cost                 skip_reason
2026-04-10    CAR 299.94 target_live_snapshot          1       0.010215          10000.0          33.340001             0.0           33.0              33.0          33.0        BUY         9898.02             9898.02              0.494901            1.484703              1.979604
2026-04-10   AAOI 150.60 target_live_snapshot          1       0.010215          10000.0          66.401062            66.0           66.0               0.0           0.0       HOLD            0.00                0.00              0.000000            0.000000              0.000000           already_at_target
2026-04-10    AGX 603.84        live_snapshot          1       0.000000              0.0           0.000000            16.0           16.0               0.0           0.0       HOLD            0.00                0.00              0.000000            0.000000              0.000000 legacy_symbol_not_in_target
2026-04-10  BRK.B 479.90 target_live_snapshot          1      -0.010215         -10000.0         -20.837675           -20.0          -20.0               0.0           0.0       HOLD            0.00                0.00              0.000000            0.000000              0.000000           already_at_target
[ARTIFACT] artifacts\execution_loop\aggressive\orders.csv
[ARTIFACT] artifacts\execution_loop\aggressive\positions_mark_to_market.csv
[ARTIFACT] artifacts\execution_loop\aggressive\portfolio_state.json
[ARTIFACT] artifacts\execution_loop\aggressive\execution_log.csv
[FINAL] execution loop complete
[FINAL] daily cycle complete

[OK] Daily update complete
     Run launch_full_cycle_cpapi.py to execute trades
     
     
     
     


orders.csv

date,symbol,price,price_source,is_priced,target_weight,target_notional,target_shares_raw,current_shares,target_shares,raw_delta_shares,delta_shares,order_side,order_notional,order_notional_abs,estimated_commission,estimated_slippage,estimated_total_cost,skip_reason
2026-04-10,CAR,299.94,target_live_snapshot,1,0.010214858332250618,10000.0,33.34000133359994,0.0,33.0,33.0,33.0,BUY,9898.02,9898.02,0.49490100000000004,1.4847029999999999,1.979604,
2026-04-10,AAOI,150.6,target_live_snapshot,1,0.010214858332250618,10000.0,66.40106241699823,66.0,66.0,0.0,0.0,HOLD,0.0,0.0,0.0,0.0,0.0,already_at_target
2026-04-10,AGX,603.84,live_snapshot,1,0.0,0.0,0.0,16.0,16.0,0.0,0.0,HOLD,0.0,0.0,0.0,0.0,0.0,legacy_symbol_not_in_target
2026-04-10,BRK.B,479.9,target_live_snapshot,1,-0.010214858332250618,-10000.0,-20.837674515524025,-20.0,-20.0,0.0,0.0,HOLD,0.0,0.0,0.0,0.0,0.0,already_at_target





============================================================
  Python-Edge — Full Cycle CPAPI (Execution)
============================================================
  ROOT:    C:\Users\Dmytro Govor\Documents\Python-Edge
  CONFIGS: ['aggressive']
  ACCOUNT[aggressive]: DUP561175
  CPAPI:   https://localhost:5000
  DATE:    2026-04-22

[CHECK] Gateway status...
[GATEWAY] authenticated=True connected=True
[NAV] Fetching current NAV...
[NAV] 979056.3125 (from CPAPI)

[PREFLIGHT] Checking scripts...
[LOCK] created: C:\Users\Dmytro Govor\Documents\Python-Edge\artifacts\pipeline.lock

=== STEP 0: CLEAN ARTIFACTS ===
  [aggressive] deleted orders.csv
  [aggressive] deleted target_book.csv
  [aggressive] deleted execution_log.csv
  [aggressive] deleted positions_mark_to_market.csv
  [aggressive] deleted broker_handoff_summary.json
  [aggressive] deleted broker_positions.csv
  [aggressive] deleted broker_open_orders.csv
  [aggressive] deleted broker_pending.csv
  [aggressive] deleted broker_reconcile.csv
  [aggressive] deleted broker_reconcile_summary.json
  [aggressive] deleted broker_cleanup_preview.csv
  [aggressive] deleted broker_cleanup_orders.csv
  [aggressive] deleted broker_cleanup_send_plan.csv
  [aggressive] deleted broker_cleanup_send_summary.json
  [aggressive] deleted state_alignment_once.json
  [aggressive] clean OK (portfolio_state.json preserved)

=== STEP 1: CPAPI RECONCILE (pre-alignment) ===
  [aggressive] created empty orders.csv stub

============================================================
[STEP] CPAPI_RECONCILE_PRE
============================================================
[CFG] execution_root=artifacts\execution_loop configs=['aggressive']
[CFG] cpapi_url=https://localhost:5000 account=DUP561175
[CFG] require_broker_refresh=1 drift_tolerance=1e-06 prefer_state_over_orders=1
[CPAPI] tickle loop started (interval=50s)
[CPAPI][TICKLE] ok (total_ok=2)
[RECON][aggressive][SUMMARY] symbols_total=4 drift=4 missing_at_broker=4 unexpected_at_broker=0 pending_covers_drift=0 max_abs_drift_shares=66.00000000 cleanup_preview_rows=0
[ARTIFACT] artifacts\execution_loop\aggressive\portfolio_state.json
[ARTIFACT] artifacts\execution_loop\aggressive\orders.csv
[ARTIFACT] artifacts\execution_loop\aggressive\broker_positions.csv
[ARTIFACT] artifacts\execution_loop\aggressive\broker_open_orders.csv
[ARTIFACT] artifacts\execution_loop\aggressive\broker_pending.csv
[ARTIFACT] artifacts\execution_loop\aggressive\broker_reconcile.csv
[ARTIFACT] artifacts\execution_loop\aggressive\broker_reconcile_summary.json
[ARTIFACT] artifacts\execution_loop\aggressive\broker_cleanup_preview.csv
[CPAPI] tickle loop stopped
[FINAL] CPAPI broker reconcile complete
[CPAPI_RECONCILE_PRE] OK
[1b] conditional state removal for alignment
  [aggressive] broker empty → removed portfolio_state.json
  [aggressive] broker empty → state_alignment_once.json already absent

=== STEP 2: EXECUTION LOOP ===
[1/1] aggressive

============================================================
[STEP] EXEC_LOOP_AGGRESSIVE
============================================================
[CFG] live_feature_snapshot_file=artifacts\live_alpha\live_feature_snapshot.parquet freeze_root=artifacts\freeze_runner execution_root=artifacts\execution_loop account_nav=979056.31 fractional_mode=integer allow_fractional_shares=0
[CFG] min_order_notional=25.00 default_price_fallback=100.00 topk_print=50 reset_state=0 config_names=aggressive
[CFG] require_freeze_date_match_live_prices=1 skip_empty_freeze_configs=1 min_price_to_trade=1.0 max_price_to_trade=1000000.0
[CFG] max_single_name_weight=0.050000 max_single_name_notional=10000.00 commission_bps=0.5000 commission_min_per_order=0.3500 slippage_bps=1.5000
[CFG] align_state_from_broker_once=1 align_state_require_broker_positions=0 align_state_cash_mode=preserve_nav skip_legacy_symbols_not_in_target=1
[CFG] use_state_price_fallback_for_legacy=1 use_state_price_fallback_for_mtm=1 use_broker_positions_price_fallback_for_legacy=1 use_broker_positions_price_fallback_for_mtm=1
[CFG] sanitize_state_prices=1 persist_default_fallback_to_state=0
[LIVE_PRICES] current_date=2026-04-10 symbols=229 price_col=close snapshot_fallback_count=0
[EXEC][aggressive] loading freeze artifacts
[EXEC][aggressive][ALIGN] requested=1 applied=1 reason=applied_from_broker_positions marker=artifacts\execution_loop\aggressive\state_alignment_once.json broker_fallback_symbols=0
[EXEC][aggressive][STATE_SANITY] sanitized=0 updated_from_live=0 updated_from_broker_positions=0 cleared_default_like=0 missing_live_price=0 missing_broker_price=0
[EXEC][aggressive] starting_nav=979056.31 ending_nav=979056.31 cash_after=979056.31 market_value_after=0.00 nav_recon_error=0.000000 order_count=0 active_names=3 gross_target=0.0306 price_col=close merged_missing_prices=0 fallback_price_rows=0 mtm_default_fallback_count=0 mtm_state_fallback_count=0 mtm_broker_positions_fallback_count=0 mtm_unpriced_count=0 fractional_enabled_effective=0 bootstrap_only=1 skip_reason=aligned_state_bootstrap_only
[EXEC][aggressive][RISK] dropped_price_below_min=0 dropped_price_above_max=0 clipped_weight_cap=3 clipped_notional_cap=3
[EXEC][aggressive][DIAG] already_at_target=0 below_min_notional=0 rounded_to_zero_from_nonzero_target=0 entered_new_position=0 exited_position=0 increased_existing_position=0 decreased_existing_position=0 symbol_only_in_state=0 symbol_only_in_target=0 legacy_state_price_fallback=0 legacy_broker_positions_price_fallback=0 legacy_default_price_fallback=0 legacy_unpriced=0
[EXEC][aggressive][COST] estimated_commission_total=0.0000 estimated_slippage_total=0.0000 estimated_total_cost=0.0000
[EXEC][aggressive][BOOTSTRAP_ONLY] state aligned from broker_positions.csv; skipping live order generation on this run
[ARTIFACT] artifacts\execution_loop\aggressive\orders.csv
[ARTIFACT] artifacts\execution_loop\aggressive\positions_mark_to_market.csv
[ARTIFACT] artifacts\execution_loop\aggressive\portfolio_state.json
[ARTIFACT] artifacts\execution_loop\aggressive\execution_log.csv
[FINAL] execution loop complete
[EXEC_LOOP_AGGRESSIVE] OK

=== STEP 2c: EXIT SCANNER ===

============================================================
[STEP] EXIT_SCANNER
============================================================
[EXIT_SCANNER] start date=2026-04-22 configs=['aggressive'] dry_run=False
[EXIT_SCANNER] ivol loaded: 229 symbols from snapshot
[EXIT_SCANNER] scores loaded: 229 symbols from snapshot (target_fwd_ret_1d)
[EXIT_SCANNER][aggressive] no positions — skip

[EXIT_SCANNER] ── SUMMARY ──────────────────────────────────
  [aggressive] checked=0 exit_triggered=0 already_in_orders=0 skipped_no_price=0 skipped_no_entry=0 peak_updated=0 ivol_snap=0 ivol_state=0 ivol_missing=0 decay_exit=0 hard_expire=0 score_snap=0 score_state=0 score_missing=0 sig_updated=0 orders_appended=0
[EXIT_SCANNER] total exits this cycle: 0
[EXIT_SCANNER] OK

=== STEP 2d: FREEZE GATE DIAGNOSTICS ===
  [aggressive] gate=UNKNOWN reason=passed live_active=3(raw=3) sharpe=? cumret=? date=2026-04-10
  [WARN] one or more configs did not pass live gate — orders may be empty

=== STEP 3: CPAPI HANDOFF (live BBO) ===

============================================================
[STEP] CPAPI_HANDOFF
============================================================
[CFG] execution_root=artifacts\execution_loop configs=['aggressive']
[CFG] cpapi_url=https://localhost:5000 snapshot_fields=31,84,86,88 retries=3 wait=2.0s
[CFG] enable_massive_fallback=1 force_massive_no_bbo=1
[CPAPI] tickle loop started (interval=50s)
[HANDOFF][aggressive] total_rows=0 live_rows=0 symbols=0
[CPAPI][TICKLE] ok (total_ok=2)
[CPAPI] tickle loop stopped
[FINAL] CPAPI handoff complete
[CPAPI_HANDOFF] OK

=== STEP 4: CPAPI EXECUTION ===

============================================================
[STEP] CPAPI_EXEC_ORDERS
============================================================
[ENV] broker=MEXEM account=DUP561175 whole_timeout=60.0s whole_slippage=20.0bps frac_slippage_min=5.0bps frac_slippage_max=30.0bps parent_guard=3.0%
[CPAPI] tickle loop started (interval=50s)
[CFG] config=aggressive orders_total=0 live_orders=0
[CONID_CACHE] all 0 symbols already cached
[CFG] config=aggressive to_execute=0 dup_skipped=0 conid_missing=0
[CFG] config=aggressive no intents to execute
[CPAPI_DEBUG] tickle_ok=1 tickle_fail=0 order_submit=0 poll_calls=0
[FINAL] CPAPI execution complete
[CPAPI][TICKLE] ok (total_ok=2)
[CPAPI] tickle loop stopped
[CPAPI_EXEC_ORDERS] OK

=== STEP 4b: CANCEL WORKING ORDERS (TD-2) ===

[STEP] CANCEL_WORKING
[CANCEL_WORKING] fetch failed: HTTPSConnectionPool(host='localhost', port=5000): Max retries exceeded with url: /iserver/account/orders?accountId=DUP561175 (Caused by SSLError(SSLCertVerificationError(1, '[SSL: CERTIFICATE_VERIFY_FAILED] certificate verify failed: self-signed certificate (_ssl.c:1028)')))
[CANCEL_WORKING] OK
[4b] OK

=== STEP 5: CPAPI RECONCILE (post-execution) ===

============================================================
[STEP] CPAPI_RECONCILE_POST
============================================================
[CFG] execution_root=artifacts\execution_loop configs=['aggressive']
[CFG] cpapi_url=https://localhost:5000 account=DUP561175
[CFG] require_broker_refresh=1 drift_tolerance=1e-06 prefer_state_over_orders=1
[CPAPI] tickle loop started (interval=50s)
[CPAPI][TICKLE] ok (total_ok=2)
[RECON][aggressive][SUMMARY] symbols_total=0 drift=0 missing_at_broker=0 unexpected_at_broker=0 pending_covers_drift=0 max_abs_drift_shares=0.00000000 cleanup_preview_rows=0
[ARTIFACT] artifacts\execution_loop\aggressive\portfolio_state.json
[ARTIFACT] artifacts\execution_loop\aggressive\orders.csv
[ARTIFACT] artifacts\execution_loop\aggressive\broker_positions.csv
[ARTIFACT] artifacts\execution_loop\aggressive\broker_open_orders.csv
[ARTIFACT] artifacts\execution_loop\aggressive\broker_pending.csv
[ARTIFACT] artifacts\execution_loop\aggressive\broker_reconcile.csv
[ARTIFACT] artifacts\execution_loop\aggressive\broker_reconcile_summary.json
[ARTIFACT] artifacts\execution_loop\aggressive\broker_cleanup_preview.csv
[CPAPI] tickle loop stopped
[FINAL] CPAPI broker reconcile complete
[CPAPI_RECONCILE_POST] OK

=== STEP 5a: SYNC CLEANUP PREVIEW ===

[STEP] CLEANUP_SYNC
[SYNC][aggressive] rows=0 -> broker_cleanup_orders.csv
[CLEANUP_SYNC] OK

=== STEP 5b: RESOLVE CONIDS FOR CLEANUP ===

[STEP] CONID_CLEANUP_RESOLVE
[CONID_CLEANUP][aggressive] empty -- skip
[CONID_CLEANUP_RESOLVE] OK

=== STEP 6: CPAPI CLEANUP SEND ===

============================================================
[STEP] CPAPI_CLEANUP_SEND
============================================================
[CFG] execution_root=artifacts\execution_loop configs=['aggressive']
[CFG] cpapi_url=https://localhost:5000 account=DUP561175
[CFG] cleanup_send_preview_only=0 require_empty_pending=0
[CPAPI] tickle loop started (interval=50s)
[CLEANUP][aggressive][PLAN] cleanup_rows=0 emitted_rows=0 preview_only=0 blocked_pending_refs=0
[ARTIFACT] artifacts\execution_loop\aggressive\broker_cleanup_send_plan.csv
[ARTIFACT] artifacts\execution_loop\aggressive\broker_cleanup_send_summary.json
[CLEANUP][aggressive] no rows after filters — adapter not called
[CPAPI][TICKLE] ok (total_ok=2)
[CPAPI] tickle loop stopped
[FINAL] CPAPI cleanup send complete
[CPAPI_CLEANUP_SEND] OK

[LOCK] released

=== PIPELINE COMPLETE ===
  OK  aggressive/orders.csv
  --  aggressive/fills.csv
  --  aggressive/broker_log.json
  --  aggressive/broker_log_2026-04-22.json
  OK  aggressive/portfolio_state.json
  OK  aggressive/broker_reconcile_summary.json
  
  



============================================================
  Python-Edge — Fill Sync
============================================================
  ROOT:    C:\Users\Dmytro Govor\Documents\Python-Edge
  ACCOUNT: DUP561175
  DATE:    2026-04-22

============================================================
  Python-Edge — CPAPI Fill Sync
============================================================
  ROOT:    C:\Users\Dmytro Govor\Documents\Python-Edge
  ACCOUNT: DUP561175
  CONFIGS: optimal|aggressive
  DATE:    2026-04-22

[FETCH] fetching broker orders and trades...
[FETCH] orders=0 trades=0

--- optimal ---
[FILL_SYNC][optimal] no broker_log found for date=2026-04-22 — skip
[FILL_SYNC][optimal][SUMMARY] working_found=0 sync_filled=0 sync_partial=0 sync_still_working=0 sync_not_found=0 sync_cancelled=0

--- aggressive ---
[FILL_SYNC][aggressive] no broker_log found for date=2026-04-22 — skip
[FILL_SYNC][aggressive][SUMMARY] working_found=0 sync_filled=0 sync_partial=0 sync_still_working=0 sync_not_found=0 sync_cancelled=0

[FINAL] fill sync complete — total_filled=0