
[ALPHA] quantile curve head
entry_mode  delay_days  quantile  horizon_days  long_mean  short_mean  spread_mean  long_n  short_n
 next_open           0      0.01             1   0.001641         NaN          NaN    1462        0
 next_open           0      0.01             2   0.002570         NaN          NaN    1460        0
 next_open           0      0.01             3   0.004243         NaN          NaN    1458        0
 next_open           0      0.01             4   0.004492         NaN          NaN    1456        0
 next_open           0      0.01             5   0.004166         NaN          NaN    1454        0
 next_open           0      0.02             1   0.001060   -0.000282     0.001343    1586     1450
 next_open           0      0.02             2   0.001696   -0.000142     0.001838    1584     1448
 next_open           0      0.02             3   0.003049   -0.000997     0.004046    1582     1446
 next_open           0      0.02             4   0.003459   -0.000202     0.003661    1580     1444
 next_open           0      0.02             5   0.003734    0.001314     0.002420    1578     1442
 next_open           0      0.05             1   0.001003   -0.000561     0.001564    3870     3110
 next_open           0      0.05             2   0.002075   -0.000888     0.002963    3865     3106
 next_open           0      0.05             3   0.003069   -0.002228     0.005296    3860     3102
 next_open           0      0.05             4   0.003421   -0.002277     0.005698    3855     3098
 next_open           0      0.05             5   0.003433   -0.001089     0.004522    3850     3094
 next_open           0      0.10             1   0.000807   -0.000294     0.001101    7740     6966
 next_open           0      0.10             2   0.001807   -0.000502     0.002310    7730     6957
 next_open           0      0.10             3   0.002896   -0.001017     0.003912    7720     6948
 next_open           0      0.10             4   0.003346   -0.000425     0.003771    7710     6939
 next_open           0      0.10             5   0.003451    0.000410     0.003041    7700     6930
 next_open           0      0.20             1   0.000595    0.000023     0.000572   15480    14706
 next_open           0      0.20             2   0.001489    0.000268     0.001221   15460    14687
 next_open           0      0.20             3   0.002460    0.000479     0.001981   15440    14668
 next_open           0      0.20             4   0.002996    0.001338     0.001657   15420    14649
 next_open           0      0.20             5   0.003255    0.002189     0.001066   15400    14630
 next_open           1      0.01             1   0.000573         NaN          NaN    1460        0
 next_open           1      0.01             2   0.002086         NaN          NaN    1458        0
 next_open           1      0.01             3   0.002519         NaN          NaN    1456        0
 next_open           1      0.01             4   0.002357         NaN          NaN    1454        0
 next_open           1      0.01             5   0.001887         NaN          NaN    1452        0
 next_open           1      0.02             1   0.000334   -0.000217     0.000551    1584     1448
 next_open           1      0.02             2   0.001520   -0.000850     0.002370    1582     1446
 next_open           1      0.02             3   0.002059   -0.000108     0.002167    1580     1444
 next_open           1      0.02             4   0.002512    0.001316     0.001197    1578     1442
 next_open           1      0.02             5   0.001877    0.001151     0.000726    1576     1440
 next_open           1      0.05             1   0.000586   -0.000543     0.001129    3865     3106
 next_open           1      0.05             2   0.001487   -0.001826     0.003313    3860     3102
 next_open           1      0.05             3   0.001875   -0.001918     0.003793    3855     3098
 next_open           1      0.05             4   0.002032   -0.000730     0.002761    3850     3094
 next_open           1      0.05             5   0.001952   -0.000471     0.002423    3845     3090

[ALPHA] decile curve
entry_mode  delay_days  horizon_days  decile  mean_ret  n_obs
 next_open           0             1       1 -0.000264   7740
 next_open           0             1       2  0.000275   7740
 next_open           0             1       3  0.000232   6966
 next_open           0             1       4  0.000176   7740
 next_open           0             1       5  0.000225   7740
 next_open           0             1       6  0.000388   6966
 next_open           0             1       7  0.000354   7740
 next_open           0             1       8  0.000466   6966
 next_open           0             1       9  0.000383   7740
 next_open           0             1      10  0.000807   7740
 next_open           0             2       1 -0.000388   7730
 next_open           0             2       2  0.000845   7730
 next_open           0             2       3  0.000877   6957
 next_open           0             2       4  0.000730   7730
 next_open           0             2       5  0.000939   7730
 next_open           0             2       6  0.001237   6957
 next_open           0             2       7  0.001008   7730
 next_open           0             2       8  0.001143   6957
 next_open           0             2       9  0.001171   7730
 next_open           0             2      10  0.001807   7730
 next_open           0             3       1 -0.000785   7720
 next_open           0             3       2  0.001722   7720
 next_open           0             3       3  0.001237   6948
 next_open           0             3       4  0.001587   7720
 next_open           0             3       5  0.001687   7720
 next_open           0             3       6  0.001850   6948
 next_open           0             3       7  0.001665   7720
 next_open           0             3       8  0.002157   6948
 next_open           0             3       9  0.002025   7720
 next_open           0             3      10  0.002896   7720
 next_open           0             4       1 -0.000140   7710
 next_open           0             4       2  0.002755   7710
 next_open           0             4       3  0.002042   6939
 next_open           0             4       4  0.002290   7710
 next_open           0             4       5  0.002073   7710
 next_open           0             4       6  0.002206   6939
 next_open           0             4       7  0.002473   7710
 next_open           0             4       8  0.002800   6939
 next_open           0             4       9  0.002646   7710
 next_open           0             4      10  0.003346   7710
 next_open           0             5       1  0.000758   7700
 next_open           0             5       2  0.003570   7700
 next_open           0             5       3  0.002846   6930
 next_open           0             5       4  0.003260   7700
 next_open           0             5       5  0.002481   7700
 next_open           0             5       6  0.002862   6930
 next_open           0             5       7  0.003097   7700
 next_open           0             5       8  0.003292   6930
 next_open           0             5       9  0.003058   7700
 next_open           0             5      10  0.003451   7700
 next_open           1             1       1 -0.000258   7730
 next_open           1             1       2  0.000171   7730
 next_open           1             1       3  0.000346   6957
 next_open           1             1       4  0.000228   7730
 next_open           1             1       5  0.000313   7730
 next_open           1             1       6  0.000418   6957
 next_open           1             1       7  0.000488   7730
 next_open           1             1       8  0.000453   6957
 next_open           1             1       9  0.000293   7730
 next_open           1             1      10  0.000558   7730
 next_open           1             2       1 -0.000642   7720
 next_open           1             2       2  0.001019   7720
 next_open           1             2       3  0.000698   6948
 next_open           1             2       4  0.001068   7720
 next_open           1             2       5  0.001046   7720
 next_open           1             2       6  0.001006   6948
 next_open           1             2       7  0.001144   7720
 next_open           1             2       8  0.001420   6948
 next_open           1             2       9  0.001125   7720
 next_open           1             2      10  0.001582   7720
 next_open           1             3       1 -0.000012   7710
 next_open           1             3       2  0.002047   7710
 next_open           1             3       3  0.001498   6939
 next_open           1             3       4  0.001761   7710
 next_open           1             3       5  0.001445   7710
 next_open           1             3       6  0.001370   6939
 next_open           1             3       7  0.001969   7710
 next_open           1             3       8  0.002079   6939
 next_open           1             3       9  0.001760   7710
 next_open           1             3      10  0.002065   7710
 next_open           1             4       1  0.000885   7700
 next_open           1             4       2  0.002870   7700
 next_open           1             4       3  0.002308   6930
 next_open           1             4       4  0.002747   7700
 next_open           1             4       5  0.001857   7700
 next_open           1             4       6  0.002037   6930
 next_open           1             4       7  0.002618   7700
 next_open           1             4       8  0.002571   6930
 next_open           1             4       9  0.002188   7700
 next_open           1             4      10  0.002254   7700
 next_open           1             5       1  0.001518   7690
 next_open           1             5       2  0.003812   7690
 next_open           1             5       3  0.002972   6921
 next_open           1             5       4  0.003356   7690
 next_open           1             5       5  0.002237   7690
 next_open           1             5       6  0.002637   6921
 next_open           1             5       7  0.003319   7690
 next_open           1             5       8  0.003158   6921
 next_open           1             5       9  0.002800   7690
 next_open           1             5      10  0.002618   7690
 next_open           2             1       1 -0.000405   7720
 next_open           2             1       2  0.000376   7720
 next_open           2             1       3  0.000101   6948
 next_open           2             1       4  0.000478   7720
 next_open           2             1       5  0.000394   7720
 next_open           2             1       6  0.000256   6948
 next_open           2             1       7  0.000331   7720
 next_open           2             1       8  0.000553   6948
 next_open           2             1       9  0.000434   7720
 next_open           2             1      10  0.000534   7720
 next_open           2             2       1  0.000165   7710
 next_open           2             2       2  0.001331   7710
 next_open           2             2       3  0.000892   6939
 next_open           2             2       4  0.001162   7710
 next_open           2             2       5  0.000770   7710
 next_open           2             2       6  0.000584   6939
 next_open           2             2       7  0.001149   7710
 next_open           2             2       8  0.001186   6939
 next_open           2             2       9  0.001054   7710
 next_open           2             2      10  0.001059   7710
 next_open           2             3       1  0.001014   7700
 next_open           2             3       2  0.002190   7700
 next_open           2             3       3  0.001707   6930
 next_open           2             3       4  0.002161   7700
 next_open           2             3       5  0.001194   7700
 next_open           2             3       6  0.001265   6930
 next_open           2             3       7  0.001803   7700
 next_open           2             3       8  0.001682   6930
 next_open           2             3       9  0.001487   7700
 next_open           2             3      10  0.001274   7700
 next_open           2             4       1  0.001706   7690
 next_open           2             4       2  0.003150   7690
 next_open           2             4       3  0.002388   6921
 next_open           2             4       4  0.002784   7690
 next_open           2             4       5  0.001576   7690
 next_open           2             4       6  0.001871   6921
 next_open           2             4       7  0.002501   7690
 next_open           2             4       8  0.002276   6921
 next_open           2             4       9  0.002119   7690
 next_open           2             4      10  0.001669   7690
 next_open           2             5       1  0.002612   7680
 next_open           2             5       2  0.003784   7680
 next_open           2             5       3  0.003021   6912
 next_open           2             5       4  0.003511   7680
 next_open           2             5       5  0.002131   7680
 next_open           2             5       6  0.002128   6912
 next_open           2             5       7  0.003218   7680
 next_open           2             5       8  0.002969   6912
 next_open           2             5       9  0.002677   7680
 next_open           2             5      10  0.002205   7680
next_close           0             1       1  0.000000   7740
next_close           0             1       2  0.000000   7740
next_close           0             1       3  0.000000   6966
next_close           0             1       4  0.000000   7740
next_close           0             1       5  0.000000   7740
next_close           0             1       6  0.000000   6966
next_close           0             1       7  0.000000   7740
next_close           0             1       8  0.000000   6966
next_close           0             1       9  0.000000   7740
next_close           0             1      10  0.000000   7740
next_close           0             2       1 -0.000063   7730
next_close           0             2       2  0.000586   7730
next_close           0             2       3  0.000650   6957
next_close           0             2       4  0.000572   7730
next_close           0             2       5  0.000729   7730
next_close           0             2       6  0.000866   6957
next_close           0             2       7  0.000666   7730
next_close           0             2       8  0.000696   6957
next_close           0             2       9  0.000805   7730
next_close           0             2      10  0.001012   7730
next_close           0             3       1 -0.000440   7720
next_close           0             3       2  0.001447   7720
next_close           0             3       3  0.001009   6948
next_close           0             3       4  0.001425   7720
next_close           0             3       5  0.001480   7720
next_close           0             3       6  0.001471   6948
next_close           0             3       7  0.001318   7720
next_close           0             3       8  0.001697   6948
next_close           0             3       9  0.001648   7720
next_close           0             3      10  0.002071   7720
next_close           0             4       1  0.000208   7710
next_close           0             4       2  0.002481   7710
next_close           0             4       3  0.001813   6939
next_close           0             4       4  0.002128   7710
next_close           0             4       5  0.001874   7710
next_close           0             4       6  0.001839   6939
next_close           0             4       7  0.002144   7710
next_close           0             4       8  0.002353   6939
next_close           0             4       9  0.002282   7710
next_close           0             4      10  0.002540   7710
next_close           0             5       1  0.001127   7700
next_close           0             5       2  0.003298   7700
next_close           0             5       3  0.002623   6930
next_close           0             5       4  0.003106   7700
next_close           0             5       5  0.002280   7700
next_close           0             5       6  0.002502   6930
next_close           0             5       7  0.002783   7700
next_close           0             5       8  0.002857   6930
next_close           0             5       9  0.002705   7700
next_close           0             5      10  0.002700   7700
next_close           1             1       1  0.000000   7730
next_close           1             1       2  0.000000   7730
next_close           1             1       3  0.000000   6957
next_close           1             1       4  0.000000   7730
next_close           1             1       5  0.000000   7730
next_close           1             1       6  0.000000   6957
next_close           1             1       7  0.000000   7730
next_close           1             1       8  0.000000   6957
next_close           1             1       9  0.000000   7730
next_close           1             1      10  0.000000   7730
next_close           1             2       1 -0.000316   7720
next_close           1             2       2  0.000853   7720
next_close           1             2       3  0.000365   6948
next_close           1             2       4  0.000858   7720
next_close           1             2       5  0.000747   7720
next_close           1             2       6  0.000592   6948
next_close           1             2       7  0.000682   7720
next_close           1             2       8  0.000990   6948
next_close           1             2       9  0.000841   7720
next_close           1             2      10  0.001035   7720
next_close           1             3       1  0.000298   7710
next_close           1             3       2  0.001843   7710
next_close           1             3       3  0.001164   6939
next_close           1             3       4  0.001548   7710
next_close           1

[ALPHA] horizon decay
entry_mode  delay_days  horizon_days  spread_mean
next_close           0             1     0.000000
next_close           0             2     0.000864
next_close           0             3     0.002485
next_close           0             4     0.002403
next_close           0             5     0.001521
next_close           1             1     0.000000
next_close           1             2     0.001477
next_close           1             3     0.001487
next_close           1             4     0.000730
next_close           1             5     0.000323
next_close           2             1     0.000000
next_close           2             2     0.000158
next_close           2             3    -0.000538
next_close           2             4    -0.000909
next_close           2             5    -0.002181
 next_open           0             1     0.001145
 next_open           0             2     0.002083
 next_open           0             3     0.003809
 next_open           0             4     0.003697
 next_open           0             5     0.002762
 next_open           1             1     0.000748
 next_open           1             2     0.002309
 next_open           1             3     0.002284
 next_open           1             4     0.001487
 next_open           1             5     0.001128
 next_open           2             1     0.001085
 next_open           2             2     0.001208
 next_open           2             3     0.000525
 next_open           2             4     0.000132
 next_open           2             5    -0.001067
same_close           0             1     0.000000
same_close           0             2     0.000332
same_close           0             3     0.001246
same_close           0             4     0.002946
same_close           0             5     0.002913
same_close           1             1     0.000000
same_close           1             2     0.000864
same_close           1             3     0.002485
same_close           1             4     0.002403
same_close           1             5     0.001521
same_close           2             1     0.000000
same_close           2             2     0.001477
same_close           2             3     0.001487
same_close           2             4     0.000730
same_close           2             5     0.000323

[ALPHA] IC table
entry_mode  delay_days  horizon_days  ic_pearson_mean  ic_spearman_mean  n_days
 next_open           0             1         0.017919          0.006853     774
 next_open           0             2         0.017380          0.007796     773
 next_open           0             3         0.024225          0.013471     772
 next_open           0             4         0.020035          0.009247     771
 next_open           0             5         0.017607          0.006599     770
 next_open           1             1         0.013259          0.005217     773
 next_open           1             2         0.022033          0.014631     772
 next_open           1             3         0.017498          0.010969     771
 next_open           1             4         0.011452          0.003032     770
 next_open           1             5         0.006669          0.001786     769
 next_open           2             1         0.017653          0.011839     772
 next_open           2             2         0.009187          0.003945     771
 next_open           2             3         0.006521          0.001480     770
 next_open           2             4         0.003275         -0.000393     769
 next_open           2             5         0.001579         -0.000588     768
next_close           0             1              NaN               NaN     774
next_close           0             2         0.016079          0.006775     773
next_close           0             3         0.022919          0.015021     772
next_close           0             4         0.017571          0.010619     771
next_close           0             5         0.011681          0.003233     770
next_close           1             1              NaN               NaN     773
next_close           1             2         0.017373          0.014810     772
next_close           1             3         0.010840          0.005628     771
next_close           1             4         0.007259          0.001803     770
next_close           1             5         0.002843         -0.001504     769
next_close           2             1              NaN               NaN     772
next_close           2             2         0.001178         -0.002032     771
next_close           2             3        -0.002574         -0.006108     770
next_close           2             4        -0.003566         -0.006415     769
next_close           2             5        -0.002826         -0.005768     768
same_close           0             1              NaN               NaN     775
same_close           0             2         0.005603          0.001969     774
same_close           0             3         0.009891          0.003427     773
same_close           0             4         0.017728          0.009438     772
same_close           0             5         0.015656          0.006815     771
same_close           1             1              NaN               NaN     774
same_close           1             2         0.016079          0.006775     773
same_close           1             3         0.022919          0.015021     772
same_close           1             4         0.017571          0.010619     771
same_close           1             5         0.011681          0.003233     770
same_close           2             1              NaN               NaN     773
same_close           2             2         0.017373          0.014810     772
same_close           2             3         0.010840          0.005628     771
same_close           2             4         0.007259          0.001803     770
same_close           2             5         0.002843         -0.001504     769




----------------------------





entry_mode,delay_days,horizon_days,decile,mean_ret,n_obs
next_open,0,1,1,-0.0002636826933392093,7740
next_open,0,1,2,0.0002752317368275616,7740
next_open,0,1,3,0.00023218106667357395,6966
next_open,0,1,4,0.00017560465486948855,7740
next_open,0,1,5,0.00022516533404792863,7740
next_open,0,1,6,0.00038765091005784377,6966
next_open,0,1,7,0.0003536362777276219,7740
next_open,0,1,8,0.00046632358267870437,6966
next_open,0,1,9,0.0003826409821424634,7740
next_open,0,1,10,0.0008066993135702243,7740
next_open,0,2,1,-0.00038807243896167424,7730
next_open,0,2,2,0.000844993642792459,7730
next_open,0,2,3,0.0008769351922094359,6957
next_open,0,2,4,0.0007297799955403486,7730
next_open,0,2,5,0.0009390875967180049,7730
next_open,0,2,6,0.0012371685032624823,6957
next_open,0,2,7,0.0010080074445255474,7730
next_open,0,2,8,0.0011427902508049262,6957
next_open,0,2,9,0.0011712842213266294,7730
next_open,0,2,10,0.0018074037288050432,7730
next_open,0,3,1,-0.0007848381032141738,7720
next_open,0,3,2,0.0017216600844254743,7720
next_open,0,3,3,0.0012369407861373932,6948
next_open,0,3,4,0.0015874465531850756,7720
next_open,0,3,5,0.0016871412256912123,7720
next_open,0,3,6,0.0018501585362871496,6948
next_open,0,3,7,0.0016652542261624736,7720
next_open,0,3,8,0.002157495551523953,6948
next_open,0,3,9,0.002024795352790631,7720
next_open,0,3,10,0.002895505916488727,7720
next_open,0,4,1,-0.00013964868113697487,7710
next_open,0,4,2,0.002754580460954115,7710
next_open,0,4,3,0.0020422641425701478,6939
next_open,0,4,4,0.002289994356724943,7710
next_open,0,4,5,0.002072929444001139,7710
next_open,0,4,6,0.0022062431710957384,6939
next_open,0,4,7,0.002473015189575072,7710
next_open,0,4,8,0.002799988953863505,6939
next_open,0,4,9,0.0026456621792091666,7710
next_open,0,4,10,0.003345570670059993,7710
next_open,0,5,1,0.0007583133030487448,7700
next_open,0,5,2,0.0035697914538542633,7700
next_open,0,5,3,0.0028462144042685827,6930
next_open,0,5,4,0.0032603216924473534,7700
next_open,0,5,5,0.002480940152572529,7700
next_open,0,5,6,0.0028621449215529685,6930
next_open,0,5,7,0.003097158414959369,7700
next_open,0,5,8,0.0032923105678199375,6930
next_open,0,5,9,0.0030584764520870463,7700
next_open,0,5,10,0.0034513590733372197,7700
next_open,1,1,1,-0.00025843947483098,7730
next_open,1,1,2,0.0001708264753437109,7730
next_open,1,1,3,0.00034590915590371245,6957
next_open,1,1,4,0.00022817540336609406,7730
next_open,1,1,5,0.0003125123117790442,7730
next_open,1,1,6,0.0004180125508613381,6957
next_open,1,1,7,0.00048798843141286834,7730
next_open,1,1,8,0.00045344748341843223,6957
next_open,1,1,9,0.00029257787168333475,7730
next_open,1,1,10,0.0005581144586365326,7730
next_open,1,2,1,-0.000641973906088693,7720
next_open,1,2,2,0.0010192457704299464,7720
next_open,1,2,3,0.0006981410323890793,6948
next_open,1,2,4,0.0010675801043405608,7720
next_open,1,2,5,0.0010464185624383475,7720
next_open,1,2,6,0.0010055424591123069,6948
next_open,1,2,7,0.0011438923264603892,7720
next_open,1,2,8,0.0014197492067922468,6948
next_open,1,2,9,0.001124843117005608,7720
next_open,1,2,10,0.0015823768127617738,7720
next_open,1,3,1,-1.2006890145651253e-05,7710
next_open,1,3,2,0.002046756906005266,7710
next_open,1,3,3,0.0014977984440870291,6939
next_open,1,3,4,0.001760974103359995,7710
next_open,1,3,5,0.0014454631962556703,7710
next_open,1,3,6,0.0013699245941079794,6939
next_open,1,3,7,0.0019692403750392723,7710
next_open,1,3,8,0.0020789502097301096,6939
next_open,1,3,9,0.0017604940914214815,7710
next_open,1,3,10,0.002065155992757372,7710
next_open,1,4,1,0.0008850205345221074,7700
next_open,1,4,2,0.002870489221764108,7700
next_open,1,4,3,0.002308431529787889,6930
next_open,1,4,4,0.002747046539363387,7700
next_open,1,4,5,0.0018572367992161678,7700
next_open,1,4,6,0.002036880530735128,6930
next_open,1,4,7,0.0026179488320486857,7700
next_open,1,4,8,0.0025710200882364947,6930
next_open,1,4,9,0.0021881654406925863,7700
next_open,1,4,10,0.002254368541613198,7700
next_open,1,5,1,0.001518079774069488,7690
next_open,1,5,2,0.0038123029520935534,7690
next_open,1,5,3,0.002972048846132354,6921
next_open,1,5,4,0.0033563861867889505,7690
next_open,1,5,5,0.002237441380181524,7690
next_open,1,5,6,0.0026368245643290512,6921
next_open,1,5,7,0.003318621288980241,7690
next_open,1,5,8,0.0031579222240225423,6921
next_open,1,5,9,0.002800396492664725,7690
next_open,1,5,10,0.0026181868969179503,7690
next_open,2,1,1,-0.0004051764384616982,7720
next_open,2,1,2,0.0003761051746512841,7720
next_open,2,1,3,0.00010101637532008372,6948
next_open,2,1,4,0.00047828986697155413,7720
next_open,2,1,5,0.00039389810250968184,7720
next_open,2,1,6,0.0002560169667017075,6948
next_open,2,1,7,0.00033132618579523136,7720
next_open,2,1,8,0.000552721138483626,6948
next_open,2,1,9,0.0004335432447590535,7720
next_open,2,1,10,0.0005338108528616717,7720
next_open,2,2,1,0.0001650056650334284,7710
next_open,2,2,2,0.0013309977878217423,7710
next_open,2,2,3,0.0008917529833758427,6939
next_open,2,2,4,0.0011619886592303954,7710
next_open,2,2,5,0.0007701664184942114,7710
next_open,2,2,6,0.0005843830055657298,6939
next_open,2,2,7,0.0011492702345810386,7710
next_open,2,2,8,0.00118638843071285,6939
next_open,2,2,9,0.0010544665146443317,7710
next_open,2,2,10,0.0010594933746613689,7710
next_open,2,3,1,0.0010137742722546067,7700
next_open,2,3,2,0.0021897532937695673,7700
next_open,2,3,3,0.001706650180253238,6930
next_open,2,3,4,0.0021609362333705777,7700
next_open,2,3,5,0.0011944078382072438,7700
next_open,2,3,6,0.0012651984580217574,6930
next_open,2,3,7,0.0018029157623196163,7700
next_open,2,3,8,0.001682197977439081,6930
next_open,2,3,9,0.0014873128623328696,7700
next_open,2,3,10,0.001274348105581041,7700
next_open,2,4,1,0.0017059388119246338,7690
next_open,2,4,2,0.0031503684009870363,7690
next_open,2,4,3,0.0023883302610653535,6921
next_open,2,4,4,0.0027837946844933253,7690
next_open,2,4,5,0.0015758739457373823,7690
next_open,2,4,6,0.0018708429650450813,6921
next_open,2,4,7,0.0025012034396284604,7690
next_open,2,4,8,0.0022762423052537753,6921
next_open,2,4,9,0.002119389154529787,7690
next_open,2,4,10,0.001668754765310299,7690
next_open,2,5,1,0.0026123966224795765,7680
next_open,2,5,2,0.003783779951012799,7680
next_open,2,5,3,0.003021036524666207,6912
next_open,2,5,4,0.0035107364608517916,7680
next_open,2,5,5,0.002130608727428261,7680
next_open,2,5,6,0.0021276447289594676,6912
next_open,2,5,7,0.003217909612357146,7680
next_open,2,5,8,0.00296944051222246,6912
next_open,2,5,9,0.002676712929647342,7680
next_open,2,5,10,0.0022045140985591607,7680
next_close,0,1,1,0.0,7740
next_close,0,1,2,0.0,7740
next_close,0,1,3,0.0,6966
next_close,0,1,4,0.0,7740
next_close,0,1,5,0.0,7740
next_close,0,1,6,0.0,6966
next_close,0,1,7,0.0,7740
next_close,0,1,8,0.0,6966
next_close,0,1,9,0.0,7740
next_close,0,1,10,0.0,7740
next_close,0,2,1,-6.33148229539078e-05,7730
next_close,0,2,2,0.0005861608780211046,7730
next_close,0,2,3,0.0006500348932380967,6957
next_close,0,2,4,0.0005722503565615399,7730
next_close,0,2,5,0.0007291666631543961,7730
next_close,0,2,6,0.000866316928778028,6957
next_close,0,2,7,0.0006664258567247482,7730
next_close,0,2,8,0.0006956597581540258,6957
next_close,0,2,9,0.000804900509638832,7730
next_close,0,2,10,0.0010116933467622907,7730
next_close,0,3,1,-0.00044037083984800574,7720
next_close,0,3,2,0.0014470080697591232,7720
next_close,0,3,3,0.0010088280093754746,6948
next_close,0,3,4,0.0014249239603306393,7720
next_close,0,3,5,0.0014796493110621615,7720
next_close,0,3,6,0.0014711179554601562,6948
next_close,0,3,7,0.0013181879465306837,7720
next_close,0,3,8,0.00169665039065498,6948
next_close,0,3,9,0.0016482683084415952,7720
next_close,0,3,10,0.0020711969339987676,7720
next_close,0,4,1,0.00020805101027700196,7710
next_close,0,4,2,0.0024807040078191774,7710
next_close,0,4,3,0.0018128764913189499,6939
next_close,0,4,4,0.0021279410490102906,7710
next_close,0,4,5,0.001874187498651714,7710
next_close,0,4,6,0.001839309608638235,6939
next_close,0,4,7,0.002143588111905497,7710
next_close,0,4,8,0.002352623090561519,6939
next_close,0,4,9,0.002281871195205776,7710
next_close,0,4,10,0.002540437316817502,7710
next_close,0,5,1,0.0011274337322406658,7700
next_close,0,5,2,0.003297794825303725,7700
next_close,0,5,3,0.002623044302871001,6930
next_close,0,5,4,0.003106326203042181,7700
next_close,0,5,5,0.0022798729775406427,7700
next_close,0,5,6,0.002502398819259948,6930
next_close,0,5,7,0.0027828932991458485,7700
next_close,0,5,8,0.0028565080534707016,6930
next_close,0,5,9,0.0027051068039381683,7700
next_close,0,5,10,0.0027004108392474696,7700
next_close,1,1,1,0.0,7730
next_close,1,1,2,0.0,7730
next_close,1,1,3,0.0,6957
next_close,1,1,4,0.0,7730
next_close,1,1,5,0.0,7730
next_close,1,1,6,0.0,6957
next_close,1,1,7,0.0,7730
next_close,1,1,8,0.0,6957
next_close,1,1,9,0.0,7730
next_close,1,1,10,0.0,7730
next_close,1,2,1,-0.00031631912824914114,7720
next_close,1,2,2,0.0008526324793760176,7720
next_close,1,2,3,0.00036453856763540843,6948
next_close,1,2,4,0.0008581042655420211,7720
next_close,1,2,5,0.0007468015174353662,7720
next_close,1,2,6,0.0005915798715112337,6948
next_close,1,2,7,0.0006821114686407315,7720
next_close,1,2,8,0.0009899865885271714,6948
next_close,1,2,9,0.0008407187958890972,7720
next_close,1,2,10,0.0010354639125329526,7720
next_close,1,3,1,0.0002983324395181532,7710
next_close,1,3,2,0.0018429220373006043,7710
next_close,1,3,3,0.0011640789762470771,6939
next_close,1,3,4,0.001548177720293242,7710
next_close,1,3,5,0.0011463964454497071,7710
next_close,1,3,6,0.0009443650027715244,6939
next_close,1,3,7,0.001502639736384003,7710
next_close,1,3,8,0.0016411555753225704,6939
next_close,1,3,9,0.0014765916445340394,7710
next_close,1,3,10,0.001533739692929437,7710
next_close,1,4,1,0.001178134663595069,7700
next_close,1,4,2,0.0026948622657026774,7700
next_close,1,4,3,0.001978406945435016,6930
next_close,1,4,4,0.0025478617727377126,7700
next_close,1,4,5,0.0015724677216336963,7700
next_close,1,4,6,0.0016247920411518572,6930
next_close,1,4,7,0.0021584098463357845,7700
next_close,1,4,8,0.0021354528205361875,6930
next_close,1,4,9,0.0019133611163006435,7700
next_close,1,4,10,0.0017389431063408226,7700
next_close,1,5,1,0.0018662592401287226,7690
next_close,1,5,2,0.0036418107762298322,7690
next_close,1,5,3,0.002653542371271013,6921
next_close,1,5,4,0.003162756558962087,7690
next_close,1,5,5,0.001959883436616425,7690
next_close,1,5,6,0.002238045038597718,6921
next_close,1,5,7,0.002860317807925943,7690
next_close,1,5,8,0.002727289929031933,6921
next_close,1,5,9,0.0025355870813265086,7690
next_close,1,5,10,0.002127379998705281,7690
next_close,2,1,1,0.0,7720
next_close,2,1,2,0.0,7720
next_close,2,1,3,0.0,6948
next_close,2,1,4,0.0,7720
next_close,2,1,5,0.0,7720
next_close,2,1,6,0.0,6948
next_close,2,1,7,0.0,7720
next_close,2,1,8,0.0,6948
next_close,2,1,9,0.0,7720
next_close,2,1,10,0.0,7720
next_close,2,2,1,0.0006173377103686321,7710
next_close,2,2,2,0.0009249613915419477,7710
next_close,2,2,3,0.0007954969615664428,6939
next_close,2,2,4,0.0006966163172310417,7710
next_close,2,2,5,0.0004021011812394469,7710
next_close,2,2,6,0.0003467403227551973,6939
next_close,2,2,7,0.0008252740670078427,7710
next_close,2,2,8,0.000644070113914011,6939
next_close,2,2,9,0.0006344202486664857,7710
next_close,2,2,10,0.0006024240913820339,7710
next_close,2,3,1,0.0014451897132240897,7700
next_close,2,3,2,0.0017994409456569941,7700
next_close,2,3,3,0.0016033815829331701,6930
next_close,2,3,4,0.0016917261289528301,7700
next_close,2,3,5,0.0008184650649070103,7700
next_close,2,3,6,0.0010201535939238773,6930
next_close,2,3,7,0.0014788188013985539,7700
next_close,2,3,8,0.0011371034324949927,6930
next_close,2,3,9,0.0010552197932070626,7700
next_close,2,3,10,0.0007976168339879115,7700
next_close,2,4,1,0.0021243124699449807,7690
next_close,2,4,2,0.002775024766207972,7690
next_close,2,4,3,0.0022982079198753764,6921
next_close,2,4,4,0.00232561951175491,7690
next_close,2,4,5,0.0012080835758125081,7690
next_close,2,4,6,0.0016322729380187021,6921
next_close,2,4,7,0.002185549741395273,7690
next_close,2,4,8,0.0017462300792137864,6921
next_close,2,4,9,0.0017132585874503742,7690
next_close,2,4,10,0.0011919073773760491,7690
next_close,2,5,1,0.00308363847421496,7680
next_close,2,5,2,0.003420387840069477,7680
next_close,2,5,3,0.002938348128788921,6912
next_close,2,5,4,0.0030523167024801975,7680
next_close,2,5,5,0.0017632189398766858,7680
next_close,2,5,6,0.0019012246609479643,6912
next_close,2,5,7,0.002909381656346278,7680
next_close,2,5,8,0.0024666089154941916,6912
next_close,2,5,9,0.002285494019659292,7680
next_close,2,5,10,0.0017352506324567322,7680
same_close,0,1,1,0.0,7750
same_close,0,1,2,0.0,7750
same_close,0,1,3,0.0,6975
same_close,0,1,4,0.0,7750
same_close,0,1,5,0.0,7750
same_close,0,1,6,0.0,6975
same_close,0,1,7,0.0,7750
same_close,0,1,8,0.0,6975
same_close,0,1,9,0.0,7750
same_close,0,1,10,0.0,7750
same_close,0,2,1,0.0002865871170152713,7740
same_close,0,2,2,0.0010598622287065185,7740
same_close,0,2,3,0.0006140373500038379,6966
same_close,0,2,4,0.0005352169684896763,7740
same_close,0,2,5,0.0005343289467793567,7740
same_close,0,2,6,0.0005954559344446404,6966
same_close,0,2,7,0.0005823646551804513,7740
same_close,0,2,8,0.0005963135065624334,6966
same_close,0,2,9,0.0007879388483931062,7740
same_close,0,2,10,0.0008724823145389405,7740
same_close,0,3,1,0.00020251486291640006,7730
same_close,0,3,2,0.001623993005600577,7730
same_close,0,3,3,0.0012717522450217803,6957
same_close,0,3,4,0.0011107512094427436,7730
same_close,0,3,5,0.0012530644115000195,7730
same_close,0,3,6,0.0014639301329889532,6957
same_close,0,3,7,0.0012574856359343599,7730
same_close,0,3,8,0.0012705184365354137,6957
same_close,0,3,9,0.0015819677121644035,7730
same_close,0,3,10,0.0019036592411815997,7730
same_close,0,4,1,-0.00018458688977596234,7720
same_close,0,4,2,0.002514160583199812,7720
same_close,0,4,3,0.0016366031616595297,6948
same_close,0,4,4,0.0019749551897861096,7720
same_close,0,4,5,0.002002889512080699,7720
same_close,0,4,6,0.0020732675405130854,6948
same_close,0,4,7,0.0019056321524152833,7720
same_close,0,4,8,0.002275768321525639,6948
same_close,0,4,9,0.002441333042749695,7720
same_close,0,4,10,0.0029888554488970783,7720
same_close,0,5,1,0.0004294508948460959,7710
same_close,0,5,2,0.003527154278860902,7710
same_close,0,5,3,0.002438902887577651,6939
same_close,0,5,4,0.002679974896691026,7710
same_close,0,5,5,0.0023832670960201295,7710
same_close,0,5,6,0.002425949296154629,6939
same_close,0,5,7,0.0027119919469955484,7710
same_close,0,5,8,0.0029166834917162183,6939
same_close,0,5,9,0.003072886689787398,7710
same_close,0,5,10,0.0034550293090918976,7710
same_close,1,1,1,0.0,7740
same_close,1,1,2,0.0,7740
same_close,1,1,3,0.0,6966
same_close,1,1,4,0.0,7740
same_close,1,1,5,0.0,7740
same_close,1,1,6,0.0,6966
same_close,1,1,7,0.0,7740
same_close,1,1,8,0.0,6966
same_close,1,1,9,0.0,7740
same_close,1,1,10,0.0,7740
same_close,1,2,1,-6.33148229539078e-05,7730
same_close,1,2,2,0.0005861608780211046,7730
same_close,1,2,3,0.0006500348932380967,6957
same_close,1,2,4,0.0005722503565615399,7730
same_close,1,2,5,0.0007291666631543961,7730
same_close,1,2,6,0.000866316928778028,6957
same_close,1,2,7,0.0006664258567247482,7730
same_close,1,2,8,0.0006956597581540258,6957
same_close,1,2,9,0.000804900509638832,7730
same_close,1,2,10,0.0010116933467622907,7730
same_close,1,3,1,-0.00044037083984800574,7720
same_close,1,3,2,0.0014470080697591232,7720
same_close,1,3,3,0.0010088280093754746,6948
same_close,1,3,4,0.0014249239603306393,7720
same_close,1,3,5,0.0014796493110621615,7720
same_close,1,3,6,0.0014711179554601562,6948
same_close,1,3,7,0.0013181879465306837,7720
same_close,1,3,8,0.00169665039065498,6948
same_close,1,3,9,0.0016482683084415952,7720
same_close,1,3,10,0.0020711969339987676,7720
same_close,1,4,1,0.00020805101027700196,7710
same_close,1,4,2,0.0024807040078191774,7710
same_close,1,4,3,0.0018128764913189499,6939
same_close,1,4,4,0.0021279410490102906,7710
same_close,1,4,5,0.001874187498651714,7710
same_close,1,4,6,0.001839309608638235,6939
same_close,1,4,7,0.002143588111905497,7710
same_close,1,4,8,0.002352623090561519,6939
same_close,1,4,9,0.002281871195205776,7710
same_close,1,4,10,0.002540437316817502,7710
same_close,1,5,1,0.0011274337322406658,7700
same_close,1,5,2,0.003297794825303725,7700
same_close,1,5,3,0.002623044302871001,6930
same_close,1,5,4,0.003106326203042181,7700
same_close,1,5,5,0.0022798729775406427,7700
same_close,1,5,6,0.002502398819259948,6930
same_close,1,5,7,0.0027828932991458485,7700
same_close,1,5,8,0.0028565080534707016,6930
same_close,1,5,9,0.0027051068039381683,7700
same_close,1,5,10,0.0027004108392474696,7700
same_close,2,1,1,0.0,7730
same_close,2,1,2,0.0,7730
same_close,2,1,3,0.0,6957
same_close,2,1,4,0.0,7730
same_close,2,1,5,0.0,7730
same_close,2,1,6,0.0,6957
same_close,2,1,7,0.0,7730
same_close,2,1,8,0.0,6957
same_close,2,1,9,0.0,7730
same_close,2,1,10,0.0,7730
same_close,2,2,1,-0.00031631912824914114,7720
same_close,2,2,2,0.0008526324793760176,7720
same_close,2,2,3,0.00036453856763540843,6948
same_close,2,2,4,0.0008581042655420211,7720
same_close,2,2,5,0.0007468015174353662,7720
same_close,2,2,6,0.0005915798715112337,6948
same_close,2,2,7,0.0006821114686407315,7720
same_close,2,2,8,0.0009899865885271714,6948
same_close,2,2,9,0.0008407187958890972,7720
same_close,2,2,10,0.0010354639125329526,7720
same_close,2,3,1,0.0002983324395181532,7710
same_close,2,3,2,0.0018429220373006043,7710
same_close,2,3,3,0.0011640789762470771,6939
same_close,2,3,4,0.001548177720293242,7710
same_close,2,3,5,0.0011463964454497071,7710
same_close,2,3,6,0.0009443650027715244,6939
same_close,2,3,7,0.001502639736384003,7710
same_close,2,3,8,0.0016411555753225704,6939
same_close,2,3,9,0.0014765916445340394,7710
same_close,2,3,10,0.001533739692929437,7710
same_close,2,4,1,0.001178134663595069,7700
same_close,2,4,2,0.0026948622657026774,7700
same_close,2,4,3,0.001978406945435016,6930
same_close,2,4,4,0.0025478617727377126,7700
same_close,2,4,5,0.0015724677216336963,7700
same_close,2,4,6,0.0016247920411518572,6930
same_close,2,4,7,0.0021584098463357845,7700
same_close,2,4,8,0.0021354528205361875,6930
same_close,2,4,9,0.0019133611163006435,7700
same_close,2,4,10,0.0017389431063408226,7700
same_close,2,5,1,0.0018662592401287226,7690
same_close,2,5,2,0.0036418107762298322,7690
same_close,2,5,3,0.002653542371271013,6921
same_close,2,5,4,0.003162756558962087,7690
same_close,2,5,5,0.001959883436616425,7690
same_close,2,5,6,0.002238045038597718,6921
same_close,2,5,7,0.002860317807925943,7690
same_close,2,5,8,0.002727289929031933,6921
same_close,2,5,9,0.0025355870813265086,7690
same_close,2,5,10,0.002127379998705281,7690






-----------------------------------------------







entry_mode,delay_days,horizon_days,spread_mean
next_close,0,1,0.0
next_close,0,2,0.0008641494156542764
next_close,0,3,0.0024846558398983346
next_close,0,4,0.002402513113998899
next_close,0,5,0.001520563793894352
next_close,1,1,0.0
next_close,1,2,0.001477342727477269
next_close,1,3,0.0014872202919990062
next_close,1,4,0.0007295015598195251
next_close,1,5,0.00032318779456155675
next_close,2,1,0.0
next_close,2,2,0.0001579854540806527
next_close,2,3,-0.0005383175183655151
next_close,2,4,-0.0009089703316387372
next_close,2,5,-0.0021810182701891365
next_open,0,1,0.0011447652860974299
next_open,0,2,0.0020830533943791865
next_open,0,3,0.0038089597704006727
next_open,0,4,0.0036965523129841634
next_open,0,5,0.0027623291554023308
next_open,1,1,0.000747818096043655
next_open,1,2,0.0023087368939623456
next_open,1,3,0.0022838414996029766
next_open,1,4,0.0014870791941213905
next_open,1,5,0.0011277891093593546
next_open,2,1,0.00108518813798886
next_open,2,2,0.0012077036245749955
next_open,2,3,0.0005248072068939261
next_open,2,4,0.00013229688934067116
next_open,2,5,-0.0010673880370902545
same_close,0,1,0.0
same_close,0,2,0.00033226934198232077
same_close,0,3,0.0012458142433146432
same_close,0,4,0.0029458006257490625
same_close,0,5,0.0029132381039405023
same_close,1,1,0.0
same_close,1,2,0.0008641494156542764
same_close,1,3,0.0024846558398983346
same_close,1,4,0.002402513113998899
same_close,1,5,0.001520563793894352
same_close,2,1,0.0
same_close,2,2,0.001477342727477269
same_close,2,3,0.0014872202919990062
same_close,2,4,0.0007295015598195251
same_close,2,5,0.00032318779456155675








---------------------------------------











entry_mode,delay_days,horizon_days,ic_pearson_mean,ic_spearman_mean,n_days
next_open,0,1,0.01791909455155249,0.00685257851143227,774
next_open,0,2,0.017379562642623934,0.007795836612518474,773
next_open,0,3,0.024224704681051635,0.013471152343366993,772
next_open,0,4,0.020035365952519514,0.00924730957523575,771
next_open,0,5,0.01760724357083625,0.006599454229497991,770
next_open,1,1,0.013258684092203198,0.005217377918206588,773
next_open,1,2,0.022033129971093027,0.014631059011452419,772
next_open,1,3,0.017498400230930796,0.010969354529449691,771
next_open,1,4,0.011451643817206501,0.003032263071345975,770
next_open,1,5,0.006669207628462768,0.001786148819085294,769
next_open,2,1,0.017653095418529597,0.011838687996963089,772
next_open,2,2,0.00918692199402969,0.003944647408784683,771
next_open,2,3,0.006521094696720255,0.0014795256374299966,770
next_open,2,4,0.003274671270834367,-0.00039287644754548175,769
next_open,2,5,0.0015794196938088677,-0.0005882814103995252,768
next_close,0,1,,,774
next_close,0,2,0.0160793955789382,0.006775169133851244,773
next_close,0,3,0.022919046830756875,0.015020965650497166,772
next_close,0,4,0.0175707717238026,0.010619274000546318,771
next_close,0,5,0.01168112862458513,0.003233173660989528,770
next_close,1,1,,,773
next_close,1,2,0.017372885489108095,0.014809822347724226,772
next_close,1,3,0.010839712915337852,0.005627750891609284,771
next_close,1,4,0.007258635909766432,0.0018034463433345184,770
next_close,1,5,0.002842624220489333,-0.0015044568679115629,769
next_close,2,1,,,772
next_close,2,2,0.0011779477704851832,-0.002031577138244222,771
next_close,2,3,-0.002574277493015353,-0.006108024922727801,770
next_close,2,4,-0.0035663453639621086,-0.006414715871624272,769
next_close,2,5,-0.0028260911126755544,-0.005768215328715659,768
same_close,0,1,,,775
same_close,0,2,0.0056028386701445915,0.0019694262919637464,774
same_close,0,3,0.00989141577193141,0.0034267422923304923,773
same_close,0,4,0.017727568077630734,0.009438234820302985,772
same_close,0,5,0.015655870615939396,0.006815032887132816,771
same_close,1,1,,,774
same_close,1,2,0.0160793955789382,0.006775169133851244,773
same_close,1,3,0.022919046830756875,0.015020965650497166,772
same_close,1,4,0.0175707717238026,0.010619274000546318,771
same_close,1,5,0.01168112862458513,0.003233173660989528,770
same_close,2,1,,,773
same_close,2,2,0.017372885489108095,0.014809822347724226,772
same_close,2,3,0.010839712915337852,0.005627750891609284,771
same_close,2,4,0.007258635909766432,0.0018034463433345184,770
same_close,2,5,0.002842624220489333,-0.0015044568679115629,769










------------------------------------------













entry_mode,delay_days,quantile,horizon_days,long_mean,short_mean,spread_mean,long_n,short_n
next_open,0,0.01,1,0.001640505596259875,,,1462,0
next_open,0,0.01,2,0.0025695092708376503,,,1460,0
next_open,0,0.01,3,0.004243349368064065,,,1458,0
next_open,0,0.01,4,0.00449210521274188,,,1456,0
next_open,0,0.01,5,0.004165550190300999,,,1454,0
next_open,0,0.02,1,0.0010602534451895063,-0.000282335119661142,0.0013425885648506483,1586,1450
next_open,0,0.02,2,0.0016959896166085517,-0.00014204690333789117,0.0018380365199464428,1584,1448
next_open,0,0.02,3,0.0030490721334229796,-0.0009972747001697271,0.004046346833592706,1582,1446
next_open,0,0.02,4,0.0034588019840661316,-0.0002017494870174226,0.0036605514710835543,1580,1444
next_open,0,0.02,5,0.003734078853658948,0.0013138302289152767,0.002420248624743671,1578,1442
next_open,0,0.05,1,0.0010028297047848616,-0.0005613398103121587,0.0015641695150970204,3870,3110
next_open,0,0.05,2,0.002075321345466484,-0.0008875378622771815,0.0029628592077436656,3865,3106
next_open,0,0.05,3,0.0030685429887520846,-0.002227597438012083,0.005296140426764168,3860,3102
next_open,0,0.05,4,0.003420709354486398,-0.0022769682341732293,0.005697677588659628,3855,3098
next_open,0,0.05,5,0.0034330284190556676,-0.0010887572676885181,0.004521785686744186,3850,3094
next_open,0,0.1,1,0.0008066993135702243,-0.0002940063908728148,0.001100705704443039,7740,6966
next_open,0,0.1,2,0.0018074037288050432,-0.0005024774932212221,0.002309881222026265,7730,6957
next_open,0,0.1,3,0.002895505916488727,-0.0010165044642216727,0.0039120103807103995,7720,6948
next_open,0,0.1,4,0.003345570670059993,-0.0004251575221722674,0.0037707281922322606,7710,6939
next_open,0,0.1,5,0.0034513590733372197,0.00041025264126942824,0.0030411064320677913,7700,6930
next_open,0,0.2,1,0.0005946701478563439,2.3072787857332544e-05,0.0005715973599990114,15480,14706
next_open,0,0.2,2,0.0014893439750658362,0.0002679073472654633,0.001221436627800373,15460,14687
next_open,0,0.2,3,0.0024601506346396793,0.00047880919410426143,0.001981341440535418,15440,14668
next_open,0,0.2,4,0.00299561642463458,0.001338364424673369,0.001657251999961211,15420,14649
next_open,0,0.2,5,0.0032549177627121334,0.002188741884658459,0.0010661758780536744,15400,14630
next_open,1,0.01,1,0.0005730794379451594,,,1460,0
next_open,1,0.01,2,0.0020858861331828197,,,1458,0
next_open,1,0.01,3,0.0025186867627679825,,,1456,0
next_open,1,0.01,4,0.00235690306691527,,,1454,0
next_open,1,0.01,5,0.0018871625787187235,,,1452,0
next_open,1,0.02,1,0.0003337067144902983,-0.00021739995208603903,0.0005511066665763373,1584,1448
next_open,1,0.02,2,0.0015197591723626648,-0.000850291759722003,0.0023700509320846675,1582,1446
next_open,1,0.02,3,0.0020593532587511658,-0.00010798712821328239,0.002167340386964448,1580,1444
next_open,1,0.02,4,0.0025123604807823093,0.0013157512055901495,0.0011966092751921598,1578,1442
next_open,1,0.02,5,0.0018771121451982668,0.001151416243436975,0.0007256959017612919,1576,1440
next_open,1,0.05,1,0.0005859963496433827,-0.0005431792187020462,0.001129175568345429,3865,3106
next_open,1,0.05,2,0.0014870860793025156,-0.0018257908924170765,0.003312876971719592,3860,3102
next_open,1,0.05,3,0.001875446838439738,-0.0019176678528338303,0.003793114691273568,3855,3098
next_open,1,0.05,4,0.0020318337855828295,-0.0007295564456086302,0.00276139023119146,3850,3094
next_open,1,0.05,5,0.0019515757504317635,-0.0004713992311564216,0.002422974981588185,3845,3090
next_open,1,0.1,1,0.0005581144586365326,-0.00029643410109358325,0.0008545485597301159,7730,6957
next_open,1,0.1,2,0.0015823768127617738,-0.0007935334226942645,0.0023759102354560385,7720,6948
next_open,1,0.1,3,0.002065155992757372,-0.00022211153442683464,0.0022872675271842064,7710,6939
next_open,1,0.1,4,0.002254368541613198,0.0006073403457405584,0.0016470281958726395,7700,6930
next_open,1,0.1,5,0.0026181868969179503,0.0012964753805612592,0.001321711516356691,7690,6921
next_open,1,0.2,1,0.0004253461651599336,-3.1095424362804357e-05,0.00045644158952273795,15460,14687
next_open,1,0.2,2,0.0013536099648836912,0.0001775005282946072,0.001176109436589084,15440,14668
next_open,1,0.2,3,0.0019128250420894267,0.0010251816490997431,0.0008876433929896836,15420,14649
next_open,1,0.2,4,0.002221266991152892,0.0018779779169235894,0.0003432890742293025,15400,14630
next_open,1,0.2,5,0.0027092916947913377,0.002668517657060087,4.077403773125078e-05,15380,14611
next_open,2,0.01,1,0.0006932788819734942,,,1458,0
next_open,2,0.01,2,0.0013954441676116327,,,1456,0
next_open,2,0.01,3,0.0013191079816336848,,,1454,0
next_open,2,0.01,4,0.0009366040341177802,,,1452,0
next_open,2,0.01,5,0.0009902279963316851,,,1450,0
next_open,2,0.02,1,0.00039937608828393946,-0.0009770779210027559,0.0013764540092866954,1582,1446
next_open,2,0.02,2,0.001162161463812391,-0.0001450695907571966,0.0013072310545695876,1580,1444
next_open,2,0.02,3,0.001677189754924899,0.0011646574925191432,0.0005125322624057558,1578,1442
next_open,2,0.02,4,0.0011543668069052152,0.001141853659059131,1.2513147846084137e-05,1576,1440
next_open,2,0.02,5,0.0008772042190279253,0.004054319867479107,-0.003177115648451181,1574,1438
next_open,2,0.05,1,0.00035364207268531863,-0.0010641692657816736,0.0014178113384669922,3860,3102
next_open,2,0.05,2,0.0008818828526069235,-0.0012784407582098812,0.0021603236108168047,3855,3098
next_open,2,0.05,3,0.001092392094504735,-0.0002104595618778805,0.0013028516563826154,3850,3094
next_open,2,0.05,4,0.0010747537587925042,0.0001634778635602558,0.0009112758952322484,3845,3090
next_open,2,0.05,5,0.001183704087373782,0.0012638282423141245,-8.012415494034245e-05,3840,3086
next_open,2,0.1,1,0.0005338108528616717,-0.00048765984229906967,0.0010214706951607415,7720,6948
next_open,2,0.1,2,0.0010594933746613689,1.7350066427434684e-05,0.0010421433082339342,7710,6939
next_open,2,0.1,3,0.001274348105581041,0.0007888802670690979,0.0004854678385119432,7700,6930
next_open,2,0.1,4,0.001668754765310299,0.0015432406741841436,0.00012551409112615541,7690,6921
next_open,2,0.1,5,0.0022045140985591607,0.0024931172036960015,-0.00028860310513684076,7680,6912
next_open,2,0.2,1,0.0004836770488103626,-4.133946023064834e-05,0.000525016509041011,15440,14668
next_open,2,0.2,2,0.0010569799446528503,0.0007358634199731947,0.0003211165246796556,15420,14649
next_open,2,0.2,3,0.0013808304839569557,0.0015824534136815657,-0.00020162292972461006,15400,14630
next_open,2,0.2,4,0.001894071959920043,0.0024141875367618463,-0.0005201155768418033,15380,14611
next_open,2,0.2,5,0.0024406135141032516,0.0031643227539359053,-0.0007237092398326536,15360,14592
next_close,0,0.01,1,0.0,,,1462,0
next_close,0,0.01,2,0.0009433545141318116,,,1460,0
next_close,0,0.01,3,0.0025246099671034123,,,1458,0
next_close,0,0.01,4,0.0028721626950611477,,,1456,0
next_close,0,0.01,5,0.0026318005659746136,,,1454,0
next_close,0,0.02,1,0.0,0.0,0.0,1586,1450
next_close,0,0.02,2,0.0006289538013044935,0.0001752230539398465,0.000453730747364647,1584,1448
next_close,0,0.02,3,0.0018825993856479335,-0.0005301083463938269,0.0024127077320417606,1582,1446
next_close,0,0.02,4,0.002342521694388056,0.0002526197491218893,0.0020899019452661665,1580,1444
next_close,0,0.02,5,0.002729761957065972,0.0017636914035678245,0.0009660705534981474,1578,1442
next_close,0,0.05,1,0.0,0.0,0.0,3870,3110
next_close,0,0.05,2,0.0010623512715394606,-0.0001647636424405451,0.0012271149139800057,3865,3106
next_close,0,0.05,3,0.0020111241666596175,-0.0014557932143682102,0.0034669173810278277,3860,3102
next_close,0,0.05,4,0.002378596315468873,-0.0015163051139044914,0.003894901429373364,3855,3098
next_close,0,0.05,5,0.002483248508628125,-0.0002752099824365222,0.002758458491064647,3850,3094
next_close,0,0.1,1,0.0,0.0,0.0,7740,6966
next_close,0,0.1,2,0.0010116933467622907,-0.00013893497732009208,0.0011506283240823828,7730,6957
next_close,0,0.1,3,0.0020711969339987676,-0.0006274504469906766,0.002698647380989444,7720,6948
next_close,0,0.1,4,0.002540437316817502,-3.378699132517031e-05,0.0025742243081426724,7710,6939
next_close,0,0.1,5,0.0027004108392474696,0.0008240147949535645,0.0018763960442939051,7700,6930
next_close,0,0.2,1,0.0,0.0,0.0,15480,14706
next_close,0,0.2,2,0.0009082969282005614,0.000283173251010491,0.0006251236771900704,15460,14687
next_close,0,0.2,3,0.0018597326212201814,0.0004993817556858753,0.001360350865534306,15440,14668
next_close,0,0.2,4,0.002411154256011639,0.001360129482798245,0.001051024773213394,15420,14649
next_close,0,0.2,5,0.0027027588215928185,0.0022214287348721103,0.00048133008672070817,15400,14630
next_close,1,0.01,1,0.0,,,1460,0
next_close,1,0.01,2,0.0014191644000580489,,,1458,0
next_close,1,0.01,3,0.0019709943330457574,,,1456,0
next_close,1,0.01,4,0.0018326778078481857,,,1454,0
next_close,1,0.01,5,0.0014043043888967142,,,1452,0
next_close,1,0.02,1,0.0,0.0,0.0,1584,1448
next_close,1,0.02,2,0.0011039594073940975,-0.000616840931425539,0.0017208003388196366,1582,1446
next_close,1,0.02,3,0.001721895038538167,0.00021079735319883686,0.00151109768533933,1580,1444
next_close,1,0.02,4,0.002197728176375891,0.001622850989130491,0.0005748771872453999,1578,1442
next_close,1,0.02,5,0.0016228807963944057,0.0015770605990275727,4.5820197366832965e-05,1576,1440
next_close,1,0.05,1,0.0,0.0,0.0,3865,3106
next_close,1,0.05,2,0.0008855670008640746,-0.0011452979382689536,0.002030864939133028,3860,3102
next_close,1,0.05,3,0.0013209506662985114,-0.0012662096791356194,0.0025871603454341308,3855,3098
next_close,1,0.05,4,0.0015078851322871058,-0.0001226291905073574,0.0016305143227944633,3850,3094
next_close,1,0.05,5,0.001465229073298687,0.00025264408954603747,0.0012125849837526495,3845,3090
next_close,1,0.1,1,0.0,0.0,0.0,7730,6957
next_close,1,0.1,2,0.0010354639125329526,-0.00042622660477938747,0.00146169051731234,7720,6948
next_close,1,0.1,3,0.001533739692929437,0.00012604189132397553,0.0014076978016054616,7710,6939
next_close,1,0.1,4,0.0017389431063408226,0.0009316814822872398,0.0008072616240535828,7700,6930
next_close,1,0.1,5,0.002127379998705281,0.0016810915506290365,0.0004462884480762443,7690,6921
next_close,1,0.2,1,0.0,0.0,0.0,15460,14687
next_close,1,0.2,2,0.0009380913542110248,0.00024207623956695414,0.0006960151146440706,15440,14668
next_close,1,0.2,3,0.0015051656687317383,0.0010622403331146354,0.00044292533561710295,15420,14649
next_close,1,0.2,4,0.0018261521113207332,0.0019207990061360788,-9.464689481534561e-05,15400,14630
next_close,1,0.2,5,0.0023314835400158945,0.0027434259909653942,-0.00041194245094949974,15380,14611
next_close,2,0.01,1,0.0,,,1458,0
next_close,2,0.01,2,0.0008514502784454507,,,1456,0
next_close,2,0.01,3,0.0007713889467570682,,,1454,0
next_close,2,0.01,4,0.0004057090191811524,,,1452,0
next_close,2,0.01,5,0.0004205762774082637,,,1450,0
next_close,2,0.02,1,0.0,0.0,0.0,1582,1446
next_close,2,0.02,2,0.0009127988222422071,0.0008602916868521045,5.250713539010259e-05,1580,1444
next_close,2,0.02,3,0.0014219958519664604,0.002205890166218025,-0.0007838943142515645,1578,1442
next_close,2,0.02,4,0.0008927568417140737,0.00217032938252693,-0.0012775725408128566,1576,1440
next_close,2,0.02,5,0.0005572554807302687,0.005118099034464521,-0.004560843553734252,1574,1438
next_close,2,0.05,1,0.0,0.0,0.0,3860,3102
next_close,2,0.05,2,0.0006172910610682987,-8.530415845845615e-05,0.0007025952195267548,3855,3098
next_close,2,0.05,3,0.0007891571331572633,0.0009406563530637563,-0.000151499219906493,3850,3094
next_close,2,0.05,4,0.0007815423807324796,0.0012738390897713394,-0.0004922967090388598,3845,3090
next_close,2,0.05,5,0.0008728341955868096,0.002478617995694174,-0.0016057838001073644,3840,3086
next_close,2,0.1,1,0.0,0.0,0.0,7720,6948
next_close,2,0.1,2,0.0006024240913820339,0.000558475534646576,4.39485567354579e-05,7710,6939
next_close,2,0.1,3,0.0007976168339879115,0.001311906647454443,-0.0005142898134665315,7700,6930
next_close,2,0.1,4,0.0011919073773760491,0.0020473579756511073,-0.0008554505982750582,7690,6921
next_close,2,0.1,5,0.0017352506324567322,0.0030570967380824416,-0.0013218461056257094,7680,6912
next_close,2,0.2,1,0.0,0.0,0.0,15440,14668
next_close,2,0.2,2,0.0006184221700242597,0.0007855312653539643,-0.00016710909532970455,15420,14649
next_close,2,0.2,3,0.000926418313597487,0.0016300050394349585,-0.0007035867258374715,15400,14630
next_close,2,0.2,4,0.0014525829824132118,0.0024631444608413863,-0.0010105614784281746,15380,14611
next_close,2,0.2,5,0.0020103723260580116,0.003245971947347231,-0.0012355996212892193,15360,14592
same_close,0,0.01,1,0.0,,,1464,0
same_close,0,0.01,2,0.0012562183293781876,,,1462,0
same_close,0,0.01,3,0.0021990680024661182,,,1460,0
same_close,0,0.01,4,0.0038444321937388397,,,1458,0
same_close,0,0.01,5,0.004140015336019853,,,1456,0
same_close,0,0.02,1,0.0,0.0,0.0,1588,1452
same_close,0,0.02,2,0.00024136923654545484,0.000375585441369574,-0.00013421620482411914,1586,1450
same_close,0,0.02,3,0.0009061301286489517,0.0006106190999084431,0.0002955110287405086,1584,1448
same_close,0,0.02,4,0.002240429020924263,-0.00021205935788218643,0.0024524883788064494,1582,1446
same_close,0,0.02,5,0.0027052130356023563,0.0005276127583922968,0.0021776002772100596,1580,1444
same_close,0,0.05,1,0.0,0.0,0.0,3875,3114
same_close,0,0.05,2,0.0008756430712984988,0.00023720333937945348,0.0006384397319190453,3870,3110
same_close,0,0.05,3,0.0019906561116266176,-2.5070323987866126e-05,0.0020157264356144835,3865,3106
same_close,0,0.05,4,0.002976947005138708,-0.001341312084332439,0.004318259089471147,3860,3102
same_close,0,0.05,5,0.0033763983394459723,-0.0014637581599563237,0.0048401564994022955,3855,3098
same_close,0,0.1,1,0.0,0.0,0.0,7750,6975
same_close,0,0.1,2,0.0008724823145389405,0.00020643593239983473,0.0006660463821391057,7740,6966
same_close,0,0.1,3,0.0019036592411815997,4.041667121796091e-05,0.0018632425699636388,7730,6957
same_close,0,0.1,4,0.0029888554488970783,-0.00046563756735446693,0.003454493016251545,7720,6948
same_close,0,0.1,5,0.0034550293090918976,9.396583100014334e-05,0.003361063478091754,7710,6939
same_close,0,0.2,1,0.0,0.0,0.0,15500,14725
same_close,0,0.2,2,0.0008302105814660233,0.0006714031227707722,0.00015880745869525112,15480,14706
same_close,0,0.2,3,0.0017428134766730014,0.0009340365377330599,0.0008087769389399415,15460,14687
same_close,0,0.2,4,0.0027150942458233863,0.0011571322273562772,0.0015579620184671091,15440,14668
same_close,0,0.2,5,0.003263957999439648,0.001989825838381748,0.0012741321610579,15420,14649
same_close,1,0.01,1,0.0,,,1462,0
same_close,1,0.01,2,0.0009433545141318116,,,1460,0
same_close,1,0.01,3,0.0025246099671034123,,,1458,0
same_close,1,0.01,4,0.0028721626950611477,,,1456,0
same_close,1,0.01,5,0.0026318005659746136,,,1454,0
same_close,1,0.02,1,0.0,0.0,0.0,1586,1450
same_close,1,0.02,2,0.0006289538013044935,0.0001752230539398465,0.000453730747364647,1584,1448
same_close,1,0.02,3,0.0018825993856479335,-0.0005301083463938269,0.0024127077320417606,1582,1446
same_close,1,0.02,4,0.002342521694388056,0.0002526197491218893,0.0020899019452661665,1580,1444
same_close,1,0.02,5,0.002729761957065972,0.0017636914035678245,0.0009660705534981474,1578,1442
same_close,1,0.05,1,0.0,0.0,0.0,3870,3110
same_close,1,0.05,2,0.0010623512715394606,-0.0001647636424405451,0.0012271149139800057,3865,3106
same_close,1,0.05,3,0.0020111241666596175,-0.0014557932143682102,0.0034669173810278277,3860,3102
same_close,1,0.05,4,0.002378596315468873,-0.0015163051139044914,0.003894901429373364,3855,3098
same_close,1,0.05,5,0.002483248508628125,-0.0002752099824365222,0.002758458491064647,3850,3094
same_close,1,0.1,1,0.0,0.0,0.0,7740,6966
same_close,1,0.1,2,0.0010116933467622907,-0.00013893497732009208,0.0011506283240823828,7730,6957
same_close,1,0.1,3,0.0020711969339987676,-0.0006274504469906766,0.002698647380989444,7720,6948
same_close,1,0.1,4,0.002540437316817502,-3.378699132517031e-05,0.0025742243081426724,7710,6939
same_close,1,0.1,5,0.0027004108392474696,0.0008240147949535645,0.0018763960442939051,7700,6930
same_close,1,0.2,1,0.0,0.0,0.0,15480,14706
same_close,1,0.2,2,0.0009082969282005614,0.000283173251010491,0.0006251236771900704,15460,14687
same_close,1,0.2,3,0.0018597326212201814,0.0004993817556858753,0.001360350865534306,15440,14668
same_close,1,0.2,4,0.002411154256011639,0.001360129482798245,0.001051024773213394,15420,14649
same_close,1,0.2,5,0.0027027588215928185,0.0022214287348721103,0.00048133008672070817,15400,14630
same_close,2,0.01,1,0.0,,,1460,0
same_close,2,0.01,2,0.0014191644000580489,,,1458,0
same_close,2,0.01,3,0.0019709943330457574,,,1456,0
same_close,2,0.01,4,0.0018326778078481857,,,1454,0
same_close,2,0.01,5,0.0014043043888967142,,,1452,0
same_close,2,0.02,1,0.0,0.0,0.0,1584,1448
same_close,2,0.02,2,0.0011039594073940975,-0.000616840931425539,0.0017208003388196366,1582,1446
same_close,2,0.02,3,0.001721895038538167,0.00021079735319883686,0.00151109768533933,1580,1444
same_close,2,0.02,4,0.002197728176375891,0.001622850989130491,0.0005748771872453999,1578,1442
same_close,2,0.02,5,0.0016228807963944057,0.0015770605990275727,4.5820197366832965e-05,1576,1440
same_close,2,0.05,1,0.0,0.0,0.0,3865,3106
same_close,2,0.05,2,0.0008855670008640746,-0.0011452979382689536,0.002030864939133028,3860,3102
same_close,2,0.05,3,0.0013209506662985114,-0.0012662096791356194,0.0025871603454341308,3855,3098
same_close,2,0.05,4,0.0015078851322871058,-0.0001226291905073574,0.0016305143227944633,3850,3094
same_close,2,0.05,5,0.001465229073298687,0.00025264408954603747,0.0012125849837526495,3845,3090
same_close,2,0.1,1,0.0,0.0,0.0,7730,6957
same_close,2,0.1,2,0.0010354639125329526,-0.00042622660477938747,0.00146169051731234,7720,6948
same_close,2,0.1,3,0.001533739692929437,0.00012604189132397553,0.0014076978016054616,7710,6939
same_close,2,0.1,4,0.0017389431063408226,0.0009316814822872398,0.0008072616240535828,7700,6930
same_close,2,0.1,5,0.002127379998705281,0.0016810915506290365,0.0004462884480762443,7690,6921
same_close,2,0.2,1,0.0,0.0,0.0,15460,14687
same_close,2,0.2,2,0.0009380913542110248,0.00024207623956695414,0.0006960151146440706,15440,14668
same_close,2,0.2,3,0.0015051656687317383,0.0010622403331146354,0.00044292533561710295,15420,14649
same_close,2,0.2,4,0.0018261521113207332,0.0019207990061360788,-9.464689481534561e-05,15400,14630
same_close,2,0.2,5,0.0023314835400158945,0.0027434259909653942,-0.00041194245094949974,15380,14611
