PS C:\Users\Dmytro Govor\Documents\Python-Edge> python .\scripts\run_broker_adapter_ibkr.py
[CFG] execution_root=artifacts\execution_loop
[CFG] configs=['optimal', 'aggressive']
[CFG] broker_name=MEXEM broker_platform=IBKR broker_account_id=
[CFG] ib_host=127.0.0.1 ib_port=4002 ib_client_id=41 ib_account_code=
[CFG] exchange=SMART primary_exchange= currency=USD sec_type=STK
[CFG] outside_rth=1 reprice_enabled=1 reprice_wait_sec=8.0
[CFG] reprice_steps_bps=[15.0, 10.0, 5.0, 0.0] reprice_final_mode=marketable_lmt reprice_final_marketable_bps=12.0 reprice_max_deviation_pct=1.25
[CFG] require_price_hint_source=1 require_quote_ts=1
[IB] connecting host=127.0.0.1 port=4002 client_id=41
[IB] openOrderEnd
[IB] managedAccounts=DUP561175
[IB] connected next_valid_id=125 managed_accounts=DUP561175
[IB] nextValidId=125
[IB][ERROR] reqId=-1 code=2104 msg=Market data farm connection is OK:usfarm
[IB][ERROR] reqId=-1 code=2107 msg=HMDS data farm connection is inactive but should be available upon demand.ushmds
[IB][ERROR] reqId=-1 code=2158 msg=Sec-def data farm connection is OK:secdefil
[IB] openOrderEnd
[BROKER][optimal] orders=artifacts\execution_loop\optimal\orders.csv
[BROKER][LADDER][SUBMIT] symbol=OKLO step=1/4 mode=passive_lmt limit_price=48.0600 cap_price=47.5300 order={"account": "", "exchange": "SMART", "lmtPrice": 48.06, "orderRef": "pe-1ad989c7c929b3d4c43a6219", "orderType": "LMT", "outsideRth": 1, "primaryExchange": "", "tif": "DAY", "totalQuantity": 1.0}
[IB][ERROR] reqId=125 code=399 msg=Order Message: SELL 1 OKLO NYSE Your order will not be placed at the exchange until 2026-04-06 04:00:00 US/Eastern. If you want the order to  be active in the Pre-Market, Regular and After-Market sessions, a Limit type order is required and you must  add the attribute "Fill/Trigger Outside RTH."
[IB][ERROR] reqId=125 code=202 msg=Order Canceled - reason:
[BROKER][optimal][ERROR] symbol=OKLO side=SELL status=deferred_session_closed message=IB deferred order until 2026-04-06 04:00:00 US/Eastern
[BROKER][optimal][SUMMARY] sent=0 duplicate_skipped=0 errors=1 fills_csv=artifacts\execution_loop\optimal\fills.csv broker_log_json=artifacts\execution_loop\optimal\broker_log.json outcomes={"cancelled_after_ttl": 0, "cancelled_unfilled_cap": 0, "deferred_session_closed": 1, "failed": 0, "filled_now": 0, "partial": 0, "unknown": 0, "working": 0, "working_carry": 0}
[BROKER][aggressive] orders=artifacts\execution_loop\aggressive\orders.csv
[BROKER][LADDER][SUBMIT] symbol=OKLO step=1/4 mode=passive_lmt limit_price=48.2000 cap_price=48.7300 order={"account": "", "exchange": "SMART", "lmtPrice": 48.2, "orderRef": "pe-aa93d42f54f619d95b49add5", "orderType": "LMT", "outsideRth": 1, "primaryExchange": "", "tif": "DAY", "totalQuantity": 3.0}
[IB][ERROR] reqId=126 code=399 msg=Order Message: BUY 3 OKLO NYSE Your order will not be placed at the exchange until 2026-04-06 04:00:00 US/Eastern. If you want the order to  be active in the Pre-Market, Regular and After-Market sessions, a Limit type order is required and you must  add the attribute "Fill/Trigger Outside RTH."
[IB][ERROR] reqId=126 code=202 msg=Order Canceled - reason:
[BROKER][aggressive][ERROR] symbol=OKLO side=BUY status=deferred_session_closed message=IB deferred order until 2026-04-06 04:00:00 US/Eastern
[BROKER][LADDER][SUBMIT] symbol=NKE step=1/4 mode=passive_lmt limit_price=44.2500 cap_price=44.7400 order={"account": "", "exchange": "SMART", "lmtPrice": 44.25, "orderRef": "pe-faeaad1bcfeefd3bf35c9158", "orderType": "LMT", "outsideRth": 1, "primaryExchange": "", "tif": "DAY", "totalQuantity": 3.0}
[IB][ERROR] reqId=127 code=399 msg=Order Message: BUY 3 NKE NYSE Your order will not be placed at the exchange until 2026-04-06 04:00:00 US/Eastern. If you want the order to  be active in the Pre-Market, Regular and After-Market sessions, a Limit type order is required and you must  add the attribute "Fill/Trigger Outside RTH."
[IB][ERROR] reqId=127 code=202 msg=Order Canceled - reason:
[BROKER][aggressive][ERROR] symbol=NKE side=BUY status=deferred_session_closed message=IB deferred order until 2026-04-06 04:00:00 US/Eastern
[BROKER][LADDER][SUBMIT] symbol=TSEM step=1/4 mode=passive_lmt limit_price=197.5100 cap_price=195.3300 order={"account": "", "exchange": "SMART", "lmtPrice": 197.51, "orderRef": "pe-c28d0dac3401425da6238a63", "orderType": "LMT", "outsideRth": 1, "primaryExchange": "", "tif": "DAY", "totalQuantity": 1.0}
[IB][ERROR] reqId=128 code=399 msg=Order Message: SELL 1 TSEM NASDAQ.NMS Your order will not be placed at the exchange until 2026-04-06 04:00:00 US/Eastern. If you want the order to  be active in the Pre-Market, Regular and After-Market sessions, a Limit type order is required and you must  add the attribute "Fill/Trigger Outside RTH."
[IB][ERROR] reqId=128 code=202 msg=Order Canceled - reason:
[BROKER][aggressive][ERROR] symbol=TSEM side=SELL status=deferred_session_closed message=IB deferred order until 2026-04-06 04:00:00 US/Eastern
[BROKER][aggressive][SUMMARY] sent=0 duplicate_skipped=0 errors=3 fills_csv=artifacts\execution_loop\aggressive\fills.csv broker_log_json=artifacts\execution_loop\aggressive\broker_log.json outcomes={"cancelled_after_ttl": 0, "cancelled_unfilled_cap": 0, "deferred_session_closed": 3, "failed": 0, "filled_now": 0, "partial": 0, "unknown": 0, "working": 0, "working_carry": 0}
[FINAL] IBKR broker adapter complete