PS C:\Users\Dmytro Govor\Documents\Python-Edge> python .\scripts\run_daily_cycle.py
[CFG] configs=['optimal', 'aggressive']
[CFG] require_any_live_active_names=1 require_fresh_freeze_date_match=1 run_broker_handoff=1
[CFG] require_freeze_universe_filter=1 min_freeze_universe_survival_ratio=0.9000
[CFG] require_freeze_live_gate_passed=0 require_any_replay_gate_pass=1
[STEP] universe builder
[RUN] C:\Users\Dmytro Govor\AppData\Local\Programs\Python\Python313\python.exe C:\Users\Dmytro Govor\Documents\Python-Edge\scripts\run_universe_builder.py
[CFG] base_url=https://api.massive.com
[CFG] universe_profile=trading_us_core_v1
[CFG] target_size=175 sector_cap=18
[CFG] min_price=7.50 min_median_dollar_vol_20d=20000000.00
[CFG] min_history_days=25 max_nan_ratio=0.0200 max_missing_days_20d=1
[CFG] locale=us market=stocks ticker_type=CS
[CFG] rebalance_freq=weekly reuse_last=1 reuse_max_age_days=7
[CFG] overview_enrichment_enabled=1 overview_enrichment_max=1200
[DATA] as_of_date=2026-04-02
[REBALANCE] reuse_last=1 -> using prior snapshot dated 2026-04-01 for as_of_date=2026-04-02
[OK] snapshot=C:\Users\Dmytro Govor\Documents\Python-Edge\artifacts\daily_cycle\universe\universe_snapshot.parquet
[OK] summary=C:\Users\Dmytro Govor\Documents\Python-Edge\artifacts\daily_cycle\universe\universe_summary.json
[FINAL] universe builder complete snapshot=C:\Users\Dmytro Govor\Documents\Python-Edge\artifacts\daily_cycle\universe\universe_snapshot.parquet summary=C:\Users\Dmytro Govor\Documents\Python-Edge\artifacts\daily_cycle\universe\universe_summary.json

[EXIT] code=0
Press Enter to exit...
[DIAG][UNIVERSE] snapshot=C:\Users\Dmytro Govor\Documents\Python-Edge\artifacts\daily_cycle\universe\universe_snapshot.parquet summary=C:\Users\Dmytro Govor\Documents\Python-Edge\artifacts\daily_cycle\universe\universe_summary.json rows_current=5266 all_symbols_current=5266 selected_symbols_current=175 symbol_col=ticker date_col=trade_date selected_col=selected current_date=2026-04-01
[DIAG][UNIVERSE][SUMMARY] eligible_total=1168 selected_total=175 overview_missing_sic_total=92 sector_unknown_selected=22 industry_unknown_selected=23
[STEP] live alpha snapshot
[RUN] C:\Users\Dmytro Govor\AppData\Local\Programs\Python\Python313\python.exe C:\Users\Dmytro Govor\Documents\Python-Edge\scripts\run_live_alpha_snapshot.py
[CFG] universe_snapshot_file=artifacts\daily_cycle\universe\universe_snapshot.parquet
[CFG] live_alpha_out_dir=artifacts\live_alpha
[CFG] live_alpha_scope=registry survivor_top_n=6
[CFG] lookback_days=260 max_symbols=500
[UNIVERSE] selected_symbols=175 as_of_date=2026-04-01
[FETCH] 25/175 complete rows=4525 failed=0
[FETCH] 50/175 complete rows=9050 failed=0
[FETCH] 75/175 complete rows=13575 failed=0
[FETCH] 100/175 complete rows=18100 failed=0
[FETCH] 125/175 complete rows=22625 failed=0
[FETCH] 150/175 complete rows=27150 failed=0
[FETCH] 175/175 complete rows=31675 failed=0
[FETCH] final_symbols=175 rows=31675 failed_symbols=0
[FACTORY] recipe_source=default_priority+recent_default_priority recipe_count=1901
[OK] base_snapshot=artifacts\live_alpha\live_feature_snapshot.parquet
[OK] live_alpha_snapshot=artifacts\live_alpha\live_alpha_snapshot.parquet
[OK] manifest=artifacts\live_alpha\live_alpha_manifest.csv
[OK] dropped=artifacts\live_alpha\live_alpha_dropped.csv
[OK] meta=artifacts\live_alpha\live_alpha_meta.json

[EXIT] code=0
Press Enter to exit...
[DIAG][LIVE_ALPHA] snapshot=C:\Users\Dmytro Govor\Documents\Python-Edge\artifacts\live_alpha\live_alpha_snapshot.parquet current_date=2026-04-01 rows_current=175 symbols_current=175 alpha_cols=1163
[DIAG][SURVIVAL] universe_requested_selected=175 universe_all_symbols_current=5266 live_symbols_current=175 present_in_live_alpha=175 missing_in_live_alpha=0 extra_live_alpha_vs_selected=0 extra_live_alpha_vs_all=0 survival_ratio=1.0000
[DIAG][SURVIVAL][MISSING_TOP] none
[DIAG][SURVIVAL][EXTRA_VS_SELECTED_TOP] none
[DIAG][SURVIVAL][EXTRA_VS_ALL_TOP] none
[ARTIFACT] C:\Users\Dmytro Govor\Documents\Python-Edge\artifacts\daily_cycle\universe_live_alpha_diagnostics.json
[STEP] freeze runner
[RUN] C:\Users\Dmytro Govor\AppData\Local\Programs\Python\Python313\python.exe C:\Users\Dmytro Govor\Documents\Python-Edge\scripts\run_freeze_runner.py
[CFG] live_alpha_snapshot_file=artifacts\live_alpha\live_alpha_snapshot.parquet
[CFG] universe_snapshot_file=artifacts\daily_cycle\universe\universe_snapshot.parquet
[CFG] out_dir=artifacts\freeze_runner
[CFG] require_universe_filter=1 require_universe_current_date_match=1 min_universe_survival_ratio=0.9000
[CFG] auto_refresh_live_alpha_on_date_mismatch=1 live_alpha_refresh_script=scripts\run_live_alpha_snapshot.py
[CFG] freeze_require_positive_replay_sharpe=0 freeze_min_replay_sharpe=0.0000 freeze_min_replay_cumret=0.0000 freeze_min_live_active_names=1
[CFG] component_prefilter min_proxy_train_sharpe=0.0000 min_abs_mean_ic=0.000000 basket_candidate_pool=8 basket_max_combos=40
[CFG] sign_source=last_fold require_recent_sign=0
[CFG] frozen wf=120/20/20 components=4 weighting=ic
[UNIVERSE_FILTER] applied=1 universe_selected_current=175 present_in_panel_current=175 missing_in_panel_current=0 survival_ratio_current=1.0000 panel_rows_before_filter=31675 panel_rows_after_filter=31675 live_snapshot_current_date=2026-04-01
[DATA] rows=31675 symbols=175 alpha_cols=1163 first_date=2025-07-15 last_date=2026-04-01
[FREEZE] last_completed_fold fold_id=3 train=2025-09-10..2026-03-03 test=2026-03-04..2026-03-31
[COMPONENTS][ALL_CANDIDATES_TOP]
                                            alpha  train_abs_mean_ic  proxy_train_sharpe  train_sign_locked  last_fold_abs_mean_ic  last_fold_mean_ic  last_fold_sign_locked  effective_sign_locked sign_source_used
alpha_overnight_drift_20d_raw_regime_breadth_rank           0.217509            2.240984                1.0               0.258702           0.029597                    1.0                    1.0     last_fold_ic
          alpha_gap_lag1_regime_breadth_rank_lag1           0.191329            0.629349                1.0               0.296057          -0.033007                   -1.0                   -1.0     last_fold_ic
      alpha_momentum_20d_cube_regime_breadth_rank           0.183294            1.301852                1.0               0.171939          -0.017267                   -1.0                   -1.0     last_fold_ic
       alpha_momentum_20d_raw_rank_mul_breadth_hi           0.183294            1.301852                1.0               0.171939          -0.017267                   -1.0                   -1.0     last_fold_ic
       alpha_momentum_20d_raw_rank_mul_breadth_lo           0.183294            1.301852                1.0               0.171939          -0.017267                   -1.0                   -1.0     last_fold_ic
     alpha_momentum_20d_raw_rank_mul_breadth_rank           0.183294            1.301852                1.0               0.171939          -0.017267                   -1.0                   -1.0     last_fold_ic
        alpha_momentum_20d_raw_rank_mul_breadth_z           0.183294            1.301852                1.0               0.171939          -0.017267                   -1.0                   -1.0     last_fold_ic
        alpha_momentum_20d_raw_raw_mul_breadth_hi           0.183294            1.301852                1.0               0.171939          -0.017267                   -1.0                   -1.0     last_fold_ic
        alpha_momentum_20d_raw_raw_mul_breadth_lo           0.183294            1.301852                1.0               0.171939          -0.017267                   -1.0                   -1.0     last_fold_ic
      alpha_momentum_20d_raw_raw_mul_breadth_rank           0.183294            1.301852                1.0               0.171939          -0.017267                   -1.0                   -1.0     last_fold_ic
[COMPONENTS][optimal] selected_by_basket_search component_count=4 pool_size=8 combos_evaluated=40
                                            alpha  train_abs_mean_ic  proxy_train_sharpe  train_sign_locked  last_fold_abs_mean_ic  last_fold_mean_ic  last_fold_sign_locked  effective_sign_locked sign_source_used
alpha_overnight_drift_20d_raw_regime_breadth_rank           0.217509            2.240984                1.0               0.258702           0.029597                    1.0                    1.0     last_fold_ic
       alpha_momentum_20d_raw_rank_mul_breadth_hi           0.183294            1.301852                1.0               0.171939          -0.017267                   -1.0                   -1.0     last_fold_ic
       alpha_momentum_20d_raw_rank_mul_breadth_lo           0.183294            1.301852                1.0               0.171939          -0.017267                   -1.0                   -1.0     last_fold_ic
        alpha_momentum_20d_raw_raw_mul_breadth_hi           0.183294            1.301852                1.0               0.171939          -0.017267                   -1.0                   -1.0     last_fold_ic
[BASKET_SEARCH][optimal][TOP]
 basket_id                                                                                                                                                                           alpha_list  component_count  train_abs_mean_ic_avg  proxy_train_sharpe_avg  last_fold_abs_mean_ic_avg  last_fold_proxy_sharpe_avg  replay_sharpe_last_fold  replay_cumret_last_fold  replay_max_drawdown_last_fold  replay_avg_turnover_last_fold
        28    alpha_overnight_drift_20d_raw_regime_breadth_rank|alpha_momentum_20d_raw_rank_mul_breadth_hi|alpha_momentum_20d_raw_rank_mul_breadth_lo|alpha_momentum_20d_raw_raw_mul_breadth_hi                4               0.191848                1.536635                   0.193629                   -0.511787                 6.881675                 0.040467                      -0.007543                        0.02369
        30  alpha_overnight_drift_20d_raw_regime_breadth_rank|alpha_momentum_20d_raw_rank_mul_breadth_hi|alpha_momentum_20d_raw_rank_mul_breadth_rank|alpha_momentum_20d_raw_raw_mul_breadth_hi                4               0.191848                1.536635                   0.193629                   -0.511787                 6.881675                 0.040467                      -0.007543                        0.02369
        31     alpha_overnight_drift_20d_raw_regime_breadth_rank|alpha_momentum_20d_raw_rank_mul_breadth_hi|alpha_momentum_20d_raw_rank_mul_breadth_z|alpha_momentum_20d_raw_raw_mul_breadth_hi                4               0.191848                1.536635                   0.193629                   -0.511787                 6.881675                 0.040467                      -0.007543                        0.02369
        33  alpha_overnight_drift_20d_raw_regime_breadth_rank|alpha_momentum_20d_raw_rank_mul_breadth_lo|alpha_momentum_20d_raw_rank_mul_breadth_rank|alpha_momentum_20d_raw_raw_mul_breadth_hi                4               0.191848                1.536635                   0.193629                   -0.511787                 6.881675                 0.040467                      -0.007543                        0.02369
        34     alpha_overnight_drift_20d_raw_regime_breadth_rank|alpha_momentum_20d_raw_rank_mul_breadth_lo|alpha_momentum_20d_raw_rank_mul_breadth_z|alpha_momentum_20d_raw_raw_mul_breadth_hi                4               0.191848                1.536635                   0.193629                   -0.511787                 6.881675                 0.040467                      -0.007543                        0.02369
        35   alpha_overnight_drift_20d_raw_regime_breadth_rank|alpha_momentum_20d_raw_rank_mul_breadth_rank|alpha_momentum_20d_raw_rank_mul_breadth_z|alpha_momentum_20d_raw_raw_mul_breadth_hi                4               0.191848                1.536635                   0.193629                   -0.511787                 6.881675                 0.040467                      -0.007543                        0.02369
        26 alpha_overnight_drift_20d_raw_regime_breadth_rank|alpha_momentum_20d_raw_rank_mul_breadth_hi|alpha_momentum_20d_raw_rank_mul_breadth_lo|alpha_momentum_20d_raw_rank_mul_breadth_rank                4               0.191848                1.536635                   0.193629                   -0.511787                 6.881675                 0.040467                      -0.007543                        0.02369
        27    alpha_overnight_drift_20d_raw_regime_breadth_rank|alpha_momentum_20d_raw_rank_mul_breadth_hi|alpha_momentum_20d_raw_rank_mul_breadth_lo|alpha_momentum_20d_raw_rank_mul_breadth_z                4               0.191848                1.536635                   0.193629                   -0.511787                 6.881675                 0.040467                      -0.007543                        0.02369
        29  alpha_overnight_drift_20d_raw_regime_breadth_rank|alpha_momentum_20d_raw_rank_mul_breadth_hi|alpha_momentum_20d_raw_rank_mul_breadth_rank|alpha_momentum_20d_raw_rank_mul_breadth_z                4               0.191848                1.536635                   0.193629                   -0.511787                 6.881675                 0.040467                      -0.007543                        0.02369
        32  alpha_overnight_drift_20d_raw_regime_breadth_rank|alpha_momentum_20d_raw_rank_mul_breadth_lo|alpha_momentum_20d_raw_rank_mul_breadth_rank|alpha_momentum_20d_raw_rank_mul_breadth_z                4               0.191848                1.536635                   0.193629                   -0.511787                 6.881675                 0.040467                      -0.007543                        0.02369
[FREEZE][optimal] live_active_names_raw=3 live_active_names=3 live_gate_passed=1 live_gate_reason=passed replay_sharpe_last_fold=6.8817 replay_cumret_last_fold=0.0405 avg_turnover=0.0237 avg_gross=0.2833
[FREEZE][optimal][UNIVERSE] applied=1 selected_current=175 present_in_panel_current=175 survival_ratio_current=1.0000 live_snapshot_current_date=2026-04-01
[FREEZE][optimal][LIVE_BOOK_TOP]
symbol    weight     score  side market_regime  long_budget  short_budget  turnover
  OKLO  0.049617  3.023545   1.0       neutral          0.5           0.5      0.05
  HIMS  0.000383  2.234084   1.0       neutral          0.5           0.5      0.05
  TSEM -0.050000 -3.774785  -1.0       neutral          0.5           0.5      0.05
[COMPONENTS][aggressive] selected_by_basket_search component_count=4 pool_size=8 combos_evaluated=40
                                            alpha  train_abs_mean_ic  proxy_train_sharpe  train_sign_locked  last_fold_abs_mean_ic  last_fold_mean_ic  last_fold_sign_locked  effective_sign_locked sign_source_used
alpha_overnight_drift_20d_raw_regime_breadth_rank           0.217509            2.240984                1.0               0.258702           0.029597                    1.0                    1.0     last_fold_ic
          alpha_gap_lag1_regime_breadth_rank_lag1           0.191329            0.629349                1.0               0.296057          -0.033007                   -1.0                   -1.0     last_fold_ic
      alpha_momentum_20d_cube_regime_breadth_rank           0.183294            1.301852                1.0               0.171939          -0.017267                   -1.0                   -1.0     last_fold_ic
       alpha_momentum_20d_raw_rank_mul_breadth_hi           0.183294            1.301852                1.0               0.171939          -0.017267                   -1.0                   -1.0     last_fold_ic
[BASKET_SEARCH][aggressive][TOP]
 basket_id                                                                                                                                                                         alpha_list  component_count  train_abs_mean_ic_avg  proxy_train_sharpe_avg  last_fold_abs_mean_ic_avg  last_fold_proxy_sharpe_avg  replay_sharpe_last_fold  replay_cumret_last_fold  replay_max_drawdown_last_fold  replay_avg_turnover_last_fold
         1   alpha_overnight_drift_20d_raw_regime_breadth_rank|alpha_gap_lag1_regime_breadth_rank_lag1|alpha_momentum_20d_cube_regime_breadth_rank|alpha_momentum_20d_raw_rank_mul_breadth_hi                4               0.193856                1.368509                   0.224659                   -0.606422                 6.195412                 0.192310                      -0.045386                       0.039029
         2   alpha_overnight_drift_20d_raw_regime_breadth_rank|alpha_gap_lag1_regime_breadth_rank_lag1|alpha_momentum_20d_cube_regime_breadth_rank|alpha_momentum_20d_raw_rank_mul_breadth_lo                4               0.193856                1.368509                   0.224659                   -0.606422                 6.195412                 0.192310                      -0.045386                       0.039029
         3 alpha_overnight_drift_20d_raw_regime_breadth_rank|alpha_gap_lag1_regime_breadth_rank_lag1|alpha_momentum_20d_cube_regime_breadth_rank|alpha_momentum_20d_raw_rank_mul_breadth_rank                4               0.193856                1.368509                   0.224659                   -0.606422                 6.195412                 0.192310                      -0.045386                       0.039029
         4    alpha_overnight_drift_20d_raw_regime_breadth_rank|alpha_gap_lag1_regime_breadth_rank_lag1|alpha_momentum_20d_cube_regime_breadth_rank|alpha_momentum_20d_raw_rank_mul_breadth_z                4               0.193856                1.368509                   0.224659                   -0.606422                 6.195412                 0.192310                      -0.045386                       0.039029
         5    alpha_overnight_drift_20d_raw_regime_breadth_rank|alpha_gap_lag1_regime_breadth_rank_lag1|alpha_momentum_20d_cube_regime_breadth_rank|alpha_momentum_20d_raw_raw_mul_breadth_hi                4               0.193856                1.368509                   0.224659                   -0.606422                 6.195412                 0.192310                      -0.045386                       0.039029
        39           alpha_gap_lag1_regime_breadth_rank_lag1|alpha_momentum_20d_cube_regime_breadth_rank|alpha_momentum_20d_raw_rank_mul_breadth_hi|alpha_momentum_20d_raw_raw_mul_breadth_hi                4               0.185303                1.133726                   0.202968                   -1.298706                 6.138734                 0.200202                      -0.046416                       0.038554
        36          alpha_gap_lag1_regime_breadth_rank_lag1|alpha_momentum_20d_cube_regime_breadth_rank|alpha_momentum_20d_raw_rank_mul_breadth_hi|alpha_momentum_20d_raw_rank_mul_breadth_lo                4               0.185303                1.133726                   0.202968                   -1.298706                 6.138734                 0.200202                      -0.046416                       0.038554
        37        alpha_gap_lag1_regime_breadth_rank_lag1|alpha_momentum_20d_cube_regime_breadth_rank|alpha_momentum_20d_raw_rank_mul_breadth_hi|alpha_momentum_20d_raw_rank_mul_breadth_rank                4               0.185303                1.133726                   0.202968                   -1.298706                 6.138734                 0.200202                      -0.046416                       0.038554
        38           alpha_gap_lag1_regime_breadth_rank_lag1|alpha_momentum_20d_cube_regime_breadth_rank|alpha_momentum_20d_raw_rank_mul_breadth_hi|alpha_momentum_20d_raw_rank_mul_breadth_z                4               0.185303                1.133726                   0.202968                   -1.298706                 6.138734                 0.200202                      -0.046416                       0.038554
        40        alpha_gap_lag1_regime_breadth_rank_lag1|alpha_momentum_20d_cube_regime_breadth_rank|alpha_momentum_20d_raw_rank_mul_breadth_lo|alpha_momentum_20d_raw_rank_mul_breadth_rank                4               0.185303                1.133726                   0.202968                   -1.298706                 6.138734                 0.200202                      -0.046416                       0.038554
[FREEZE][aggressive] live_active_names_raw=3 live_active_names=3 live_gate_passed=1 live_gate_reason=passed replay_sharpe_last_fold=6.1954 replay_cumret_last_fold=0.1923 avg_turnover=0.0390 avg_gross=1.0000
[FREEZE][aggressive][UNIVERSE] applied=1 selected_current=175 present_in_panel_current=175 survival_ratio_current=1.0000 live_snapshot_current_date=2026-04-01
[FREEZE][aggressive][LIVE_BOOK_TOP]
symbol  weight      score  side market_regime  long_budget  short_budget  turnover
   NKE    0.25   7.825125   1.0       neutral          0.5           0.5      0.05
  OKLO    0.25  13.150262   1.0       neutral          0.5           0.5      0.05
  TSEM   -0.50 -84.405124  -1.0       neutral          0.5           0.5      0.05
[ARTIFACT] artifacts\freeze_runner\freeze_all_configs_summary.json
[FINAL] freeze runner complete

[EXIT] code=0
Press Enter to exit...
[GATE] freeze summaries
[GATE] config=optimal live_current_date=2026-04-01 freeze_live_active_names=3 universe_filter_applied=1 universe_selected_current=175 universe_present_in_panel_current=175 universe_survival_ratio_current=1.0 live_gate_passed=1 live_gate_reason=passed replay_sharpe_last_fold=6.881674896794784 replay_cumret_last_fold=0.040466622173118694
[GATE] config=aggressive live_current_date=2026-04-01 freeze_live_active_names=3 universe_filter_applied=1 universe_selected_current=175 universe_present_in_panel_current=175 universe_survival_ratio_current=1.0 live_gate_passed=1 live_gate_reason=passed replay_sharpe_last_fold=6.19541198954611 replay_cumret_last_fold=0.19231011432489753
[ARTIFACT] C:\Users\Dmytro Govor\Documents\Python-Edge\artifacts\daily_cycle\freeze_gate_diagnostics.json
[GATE] execution_ready_configs=['optimal', 'aggressive']
[CFG] execution_ready_configs=['optimal', 'aggressive']
[CFG] CONFIG_NAMES overridden for downstream steps -> optimal|aggressive
[STEP] execution loop
[RUN] C:\Users\Dmytro Govor\AppData\Local\Programs\Python\Python313\python.exe C:\Users\Dmytro Govor\Documents\Python-Edge\scripts\run_execution_loop.py
[CFG] live_feature_snapshot_file=artifacts\live_alpha\live_feature_snapshot.parquet
[CFG] freeze_root=artifacts\freeze_runner
[CFG] execution_root=artifacts\execution_loop
[CFG] account_nav=100000.0
[CFG] configs=['optimal', 'aggressive']
[CFG] allow_fractional_shares=0 fractional_mode=auto fractional_enabled_effective=0 min_order_notional=25.0 skip_empty_freeze_configs=1 require_freeze_date_match_live_prices=1
[CFG] max_single_name_weight=0.05 max_single_name_notional=10000.0 min_price_to_trade=1.0 max_price_to_trade=1000000.0
[CFG] commission_bps=0.5 commission_min_per_order=0.35 slippage_bps=1.5
[DATA] current_date=2026-04-01 price_col=close symbols=175 snapshot_fallback_count=0
[EXEC][optimal] loading freeze artifacts
[EXEC][optimal] starting_nav=99733.72 ending_nav=99733.36 cash_after=99694.04 market_value_after=39.32 nav_recon_error=0.000000 order_count=1 active_names=3 gross_target=0.1000 price_col=close merged_missing_prices=0 fallback_price_rows=0 mtm_fallback_count=0 fractional_enabled_effective=0
[EXEC][optimal][RISK] dropped_price_below_min=0 dropped_price_above_max=0 clipped_weight_cap=0 clipped_notional_cap=0
[EXEC][optimal][DIAG] already_at_target=1 below_min_notional=1 rounded_to_zero_from_nonzero_target=0 entered_new_position=0 exited_position=0 increased_existing_position=0 decreased_existing_position=1 symbol_only_in_state=0 symbol_only_in_target=1
[EXEC][optimal][COST] estimated_commission_total=0.3500 estimated_slippage_total=0.0072 estimated_total_cost=0.3572
[EXEC][optimal][ORDERS_TOP]
symbol order_side  current_shares  target_shares_raw  target_shares  raw_delta_shares  delta_shares  price  order_notional  target_weight  estimated_commission  estimated_slippage  estimated_total_cost        skip_reason
  HIMS       HOLD             0.0           1.923603            1.0               1.0           0.0  19.84            0.00       0.000383                  0.00             0.00000               0.00000 below_min_notional
  TSEM       HOLD           -26.0         -26.656791          -26.0               0.0           0.0 187.07            0.00      -0.050000                  0.00             0.00000               0.00000  already_at_target
  OKLO       SELL           103.0         102.944075          102.0              -1.0          -1.0  48.07          -48.07       0.049617                  0.35             0.00721               0.35721
[EXEC][optimal][POSITIONS_MTM_TOP]
symbol  shares  last_price  market_value
  OKLO   102.0       48.07       4903.14
  TSEM   -26.0      187.07      -4863.82
[ARTIFACT] artifacts\execution_loop\optimal\target_book.csv
[ARTIFACT] artifacts\execution_loop\optimal\orders.csv
[ARTIFACT] artifacts\execution_loop\optimal\positions_mark_to_market.csv
[ARTIFACT] artifacts\execution_loop\optimal\portfolio_state.json
[ARTIFACT] artifacts\execution_loop\optimal\execution_log.csv
[EXEC][aggressive] loading freeze artifacts
[EXEC][aggressive] starting_nav=104079.13 ending_nav=104078.01 cash_after=98760.26 market_value_after=5317.75 nav_recon_error=0.000000 order_count=3 active_names=3 gross_target=0.1500 price_col=close merged_missing_prices=0 fallback_price_rows=0 mtm_fallback_count=0 fractional_enabled_effective=0
[EXEC][aggressive][RISK] dropped_price_below_min=0 dropped_price_above_max=0 clipped_weight_cap=3 clipped_notional_cap=0
[EXEC][aggressive][DIAG] already_at_target=0 below_min_notional=0 rounded_to_zero_from_nonzero_target=0 entered_new_position=0 exited_position=0 increased_existing_position=3 decreased_existing_position=0 symbol_only_in_state=0 symbol_only_in_target=0
[EXEC][aggressive][COST] estimated_commission_total=1.0500 estimated_slippage_total=0.0698 estimated_total_cost=1.1198
[EXEC][aggressive][ORDERS_TOP]
symbol order_side  current_shares  target_shares_raw  target_shares  raw_delta_shares  delta_shares  price  order_notional  target_weight  estimated_commission  estimated_slippage  estimated_total_cost skip_reason
  OKLO        BUY           105.0         108.257885          108.0               3.0           3.0  48.07          144.21           0.05                  0.35            0.021631              0.371632
   NKE        BUY           113.0         116.602207          116.0               3.0           3.0  44.63          133.89           0.05                  0.35            0.020084              0.370083
  TSEM       SELL           -26.0         -27.818231          -27.0              -1.0          -1.0 187.07         -187.07          -0.05                  0.35            0.028060              0.378060
[EXEC][aggressive][POSITIONS_MTM_TOP]
symbol  shares  last_price  market_value
  OKLO   108.0       48.07       5191.56
   NKE   116.0       44.63       5177.08
  TSEM   -27.0      187.07      -5050.89
[ARTIFACT] artifacts\execution_loop\aggressive\target_book.csv
[ARTIFACT] artifacts\execution_loop\aggressive\orders.csv
[ARTIFACT] artifacts\execution_loop\aggressive\positions_mark_to_market.csv
[ARTIFACT] artifacts\execution_loop\aggressive\portfolio_state.json
[ARTIFACT] artifacts\execution_loop\aggressive\execution_log.csv
[FINAL] execution loop complete

[EXIT] code=0
Press Enter to exit...
[STEP] broker handoff
[RUN] C:\Users\Dmytro Govor\AppData\Local\Programs\Python\Python313\python.exe C:\Users\Dmytro Govor\Documents\Python-Edge\scripts\run_broker_handoff.py
[CFG] execution_root=artifacts\execution_loop
[CFG] configs=['optimal', 'aggressive']
[CFG] ib_host=127.0.0.1 ib_port=4002 ib_client_id=51
[CFG] exchange=SMART primary_exchange= currency=USD sec_type=STK
[CFG] ib_market_data_type=3 ib_mkt_timeout_sec=8.0 max_price_deviation_pct=8.0 allow_last_fallback=1
[CFG] force_massive_when_ib_close_only=1 force_massive_when_ib_no_bbo=1
[CFG] enable_massive_fallback=1 massive_base_url=https://api.massive.com massive_timeout_sec=20.0
[IB] connecting host=127.0.0.1 port=4002 client_id=51
[IB] managedAccounts=DUP561175
[IB] nextValidId=1[IB] connected next_valid_id=1 managed_accounts=DUP561175
[HANDOFF][optimal] orders_csv=artifacts\execution_loop\optimal\orders.csv

[IB][ERROR] reqId=-1 code=2104 msg=Market data farm connection is OK:usfarm
[IB][ERROR] reqId=-1 code=2107 msg=HMDS data farm connection is inactive but should be available upon demand.ushmds
[IB][ERROR] reqId=-1 code=2158 msg=Sec-def data farm connection is OK:secdefil
[HANDOFF][optimal] total_rows=3 live_rows=1 symbols=1
[IB][ERROR] reqId=900001 code=10167 msg=Requested market data is not subscribed. Displaying delayed market data.
[HANDOFF][FALLBACK] symbols_needing_massive=1
[HANDOFF][FALLBACK] symbol=OKLO reason=ib_delayed_without_bbo
[IB][ERROR] reqId=900001 code=300 msg=Can't find EId with tickerId:900001
[MASSIVE][SNAPSHOT] 1/1 symbol=OKLO bid=0.0000 ask=0.0000 last=0.0000 close=48.1300 timeframe=LIVE
[HANDOFF][optimal][PREVIEW]
symbol order_side  delta_shares  model_price_reference  price quote_provider quote_timeframe price_hint_source             quote_ts        fallback_reason  bid  ask  mid  last  close_price  spread_bps  price_deviation_vs_model
  HIMS       HOLD           0.0                  19.84  19.84                                                                                               0.0  0.0  0.0   0.0         0.00         0.0                  0.000000
  TSEM       HOLD           0.0                 187.07 187.07                                                                                               0.0  0.0  0.0   0.0         0.00         0.0                  0.000000
  OKLO       SELL          -1.0                  48.07  48.13        massive            LIVE     massive_close 2026-04-03T09:17:02Z ib_delayed_without_bbo  0.0  0.0  0.0   0.0        48.13         0.0                  0.124818
[HANDOFF][optimal][SUMMARY] updated=1 ib_rows=0 massive_rows=1 price_sanity_fail=0 orders_csv=artifacts\execution_loop\optimal\orders.csv summary_json=artifacts\execution_loop\optimal\broker_handoff_summary.json
[HANDOFF][aggressive] orders_csv=artifacts\execution_loop\aggressive\orders.csv
[HANDOFF][aggressive] total_rows=3 live_rows=3 symbols=3
[IB][ERROR] reqId=900001 code=10167 msg=Requested market data is not subscribed. Displaying delayed market data.
[IB][ERROR] reqId=900002 code=10167 msg=Requested market data is not subscribed. Displaying delayed market data.
[IB][ERROR] reqId=900003 code=10167 msg=Requested market data is not subscribed. Displaying delayed market data.
[HANDOFF][FALLBACK] symbols_needing_massive=3
[HANDOFF][FALLBACK] symbol=NKE reason=ib_delayed_without_bbo[IB][ERROR] reqId=900001 code=300 msg=Can't find EId with tickerId:900001
[IB][ERROR] reqId=900002 code=300 msg=Can't find EId with tickerId:900002

[HANDOFF][FALLBACK] symbol=OKLO reason=ib_delayed_without_bbo
[HANDOFF][FALLBACK] symbol=TSEM reason=ib_delayed_without_bbo
[IB][ERROR] reqId=900003 code=300 msg=Can't find EId with tickerId:900003
[MASSIVE][SNAPSHOT] 1/3 symbol=NKE bid=0.0000 ask=0.0000 last=0.0000 close=44.1900 timeframe=LIVE
[MASSIVE][SNAPSHOT] 2/3 symbol=OKLO bid=0.0000 ask=0.0000 last=0.0000 close=48.1300 timeframe=LIVE
[MASSIVE][SNAPSHOT] 3/3 symbol=TSEM bid=0.0000 ask=0.0000 last=0.0000 close=197.8000 timeframe=LIVE
[HANDOFF][aggressive][PREVIEW]
symbol order_side  delta_shares  model_price_reference  price quote_provider quote_timeframe price_hint_source             quote_ts        fallback_reason  bid  ask  mid  last  close_price  spread_bps  price_deviation_vs_model
  OKLO        BUY           3.0                  48.07  48.13        massive            LIVE     massive_close 2026-04-03T09:17:09Z ib_delayed_without_bbo  0.0  0.0  0.0   0.0        48.13         0.0                  0.124818
   NKE        BUY           3.0                  44.63  44.19        massive            LIVE     massive_close 2026-04-03T09:17:09Z ib_delayed_without_bbo  0.0  0.0  0.0   0.0        44.19         0.0                  0.985884
  TSEM       SELL          -1.0                 187.07 197.80        massive            LIVE     massive_close 2026-04-03T09:17:09Z ib_delayed_without_bbo  0.0  0.0  0.0   0.0       197.80         0.0                  5.735821
[HANDOFF][aggressive][SUMMARY] updated=3 ib_rows=0 massive_rows=3 price_sanity_fail=0 orders_csv=artifacts\execution_loop\aggressive\orders.csv summary_json=artifacts\execution_loop\aggressive\broker_handoff_summary.json
[FINAL] broker handoff complete





date,symbol,price,target_weight,target_notional,target_shares_raw,current_shares,target_shares,raw_delta_shares,delta_shares,order_side,order_notional,order_notional_abs,estimated_commission,estimated_slippage,estimated_total_cost,skip_reason,model_price_reference,quote_provider,quote_market_data_type,quote_timeframe,price_hint_source,quote_ts,quote_ts_utc,bid,ask,mid,last,bid_price,ask_price,mid_price,last_price,close_price,spread_abs,spread_bps,price_sanity_ok,price_deviation_vs_model,price_deviation_pct,quote_raw_error_codes,fallback_reason
2026-04-01,OKLO,48.13,0.05,5203.956508750001,108.25788451736828,105.0,108.0,3.0,3.0,BUY,144.39000000000001,144.21,0.35,0.0216314999999999,0.3716315,,48.07,massive,0,LIVE,massive_close,2026-04-03T09:17:09Z,2026-04-03T09:17:09Z,0.0,0.0,0.0,0.0,0.0,0.0,0.0,0.0,48.13,0.0,0.0,1,0.12481797378823024,0.12481797378823024,,ib_delayed_without_bbo
2026-04-01,NKE,44.19,0.05,5203.956508750001,116.60220723168013,113.0,116.0,3.0,3.0,BUY,132.57,133.89,0.35,0.0200835,0.3700834999999999,,44.63,massive,0,LIVE,massive_close,2026-04-03T09:17:09Z,2026-04-03T09:17:09Z,0.0,0.0,0.0,0.0,0.0,0.0,0.0,0.0,44.19,0.0,0.0,1,0.9858839345731679,0.9858839345731679,,ib_delayed_without_bbo
2026-04-01,TSEM,197.8,-0.05,-5203.956508750001,-27.818231190196045,-26.0,-27.0,-1.0,-1.0,SELL,197.8,187.07,0.35,0.0280604999999999,0.3780604999999999,,187.07,massive,0,LIVE,massive_close,2026-04-03T09:17:09Z,2026-04-03T09:17:09Z,0.0,0.0,0.0,0.0,0.0,0.0,0.0,0.0,197.8,0.0,0.0,1,5.735820815737434,5.735820815737434,,ib_delayed_without_bbo


{
  "config": "aggressive",
  "fallback_needed": 3,
  "ib_only": 0,
  "ib_rows": 0,
  "ib_total": 3,
  "live_rows": 3,
  "massive_rows": 3,
  "massive_used": 3,
  "price_sanity_fail": 0,
  "rows": 3,
  "symbols": 3,
  "updated": 3
}


date,symbol,price,target_weight,target_notional,target_shares_raw,current_shares,target_shares,raw_delta_shares,delta_shares,order_side,order_notional,order_notional_abs,estimated_commission,estimated_slippage,estimated_total_cost,skip_reason,model_price_reference,quote_provider,quote_market_data_type,quote_timeframe,price_hint_source,quote_ts,quote_ts_utc,bid,ask,mid,last,bid_price,ask_price,mid_price,last_price,close_price,spread_abs,spread_bps,price_sanity_ok,price_deviation_vs_model,price_deviation_pct,quote_raw_error_codes,fallback_reason
2026-04-01,HIMS,19.84,0.0003826617202075,38.16427639161984,1.9236026407065483,0.0,1.0,1.0,0.0,HOLD,0.0,0.0,0.0,0.0,0.0,below_min_notional,19.84,,0,,,,,0.0,0.0,0.0,0.0,0.0,0.0,0.0,0.0,0.0,0.0,0.0,0,0.0,0.0,,
2026-04-01,TSEM,187.07,-0.05,-4986.685939075,-26.65679124966576,-26.0,-26.0,0.0,0.0,HOLD,0.0,0.0,0.0,0.0,0.0,already_at_target,187.07,,0,,,,,0.0,0.0,0.0,0.0,0.0,0.0,0.0,0.0,0.0,0.0,0.0,0,0.0,0.0,,
2026-04-01,OKLO,48.13,0.0496173382797924,4948.52166268337,102.94407453054434,103.0,102.0,-1.0,-1.0,SELL,48.13,48.07,0.35,0.0072104999999999,0.3572105,,48.07,massive,0,LIVE,massive_close,2026-04-03T09:17:02Z,2026-04-03T09:17:02Z,0.0,0.0,0.0,0.0,0.0,0.0,0.0,0.0,48.13,0.0,0.0,1,0.12481797378823024,0.12481797378823024,,ib_delayed_without_bbo



{
  "config": "optimal",
  "fallback_needed": 1,
  "ib_only": 0,
  "ib_rows": 0,
  "ib_total": 1,
  "live_rows": 1,
  "massive_rows": 1,
  "massive_used": 1,
  "price_sanity_fail": 0,
  "rows": 3,
  "symbols": 1,
  "updated": 1
}




{
  "cost_bps": 4.0,
  "turnover_cap": 0.12,
  "enter_pct": 0.08,
  "exit_pct": 0.18,
  "gross_target": 1.0,
  "weight_cap": 0.05,
  "weighting_mode": "ic",
  "component_count": 4,
  "component_pool_size": 8,
  "basket_combos_evaluated": 40,
  "selected_basket_alpha_list": "alpha_overnight_drift_20d_raw_regime_breadth_rank|alpha_gap_lag1_regime_breadth_rank_lag1|alpha_momentum_20d_cube_regime_breadth_rank|alpha_momentum_20d_raw_rank_mul_breadth_hi",
  "sign_source": "last_fold",
  "use_regime_overlay": 1,
  "use_dynamic_side_budgets": 1,
  "budget_input_lag_days": 1,
  "min_long_budget": 0.45,
  "max_long_budget": 0.9,
  "replay_current_date": "2026-03-31",
  "live_current_date": "2026-04-01",
  "weights": {
    "alpha_overnight_drift_20d_raw_regime_breadth_rank": 0.2805032448466486,
    "alpha_gap_lag1_regime_breadth_rank_lag1": 0.2467405052388369,
    "alpha_momentum_20d_cube_regime_breadth_rank": 0.2363781249572572,
    "alpha_momentum_20d_raw_rank_mul_breadth_hi": 0.2363781249572572
  },
  "replay_evaluation": {
    "days": 20,
    "mean_daily_net": 0.00909765477465141,
    "std_daily_net": 0.023310926298909008,
    "sharpe": 6.19541198954611,
    "cumret": 0.19231011432489753,
    "max_drawdown": -0.04538596409120943,
    "avg_turnover": 0.03902866121716114,
    "avg_gross_exposure": 1.0,
    "cap_hit_rate": 1.0,
    "regime_overlay_used_rate": 1.0,
    "side_budget_overlay_used_rate": 1.0
  },
  "replay_sharpe_last_fold": 6.19541198954611,
  "replay_cumret_last_fold": 0.19231011432489753,
  "live_active_names_raw": 3,
  "live_active_names": 3,
  "live_gate_passed": 1,
  "live_gate_reason": "passed",
  "live_gross_exposure_current_day": 1.0,
  "mr_enabled_effective": 0,
  "mr_alpha_effective": null,
  "universe_filter_applied": 1,
  "universe_symbol_col": "ticker",
  "universe_current_date": "2026-04-01",
  "universe_selected_current": 175,
  "universe_present_in_panel_current": 175,
  "universe_missing_in_panel_current": 0,
  "universe_survival_ratio_current": 1.0,
  "panel_rows_before_filter": 31675,
  "panel_rows_after_filter": 31675,
  "panel_symbols_before_filter": 175,
  "panel_symbols_after_filter": 175,
  "live_snapshot_current_date": "2026-04-01",
  "live_snapshot_auto_refreshed": 1
}




{
  "cost_bps": 4.0,
  "turnover_cap": 0.1,
  "enter_pct": 0.1,
  "exit_pct": 0.22,
  "gross_target": 0.85,
  "weight_cap": 0.05,
  "weighting_mode": "ic",
  "component_count": 4,
  "component_pool_size": 8,
  "basket_combos_evaluated": 40,
  "selected_basket_alpha_list": "alpha_overnight_drift_20d_raw_regime_breadth_rank|alpha_momentum_20d_raw_rank_mul_breadth_hi|alpha_momentum_20d_raw_rank_mul_breadth_lo|alpha_momentum_20d_raw_raw_mul_breadth_hi",
  "sign_source": "last_fold",
  "use_regime_overlay": 0,
  "use_dynamic_side_budgets": 0,
  "budget_input_lag_days": 1,
  "min_long_budget": 0.35,
  "max_long_budget": 0.75,
  "replay_current_date": "2026-03-31",
  "live_current_date": "2026-04-01",
  "weights": {
    "alpha_overnight_drift_20d_raw_regime_breadth_rank": 0.28344036166133185,
    "alpha_momentum_20d_raw_rank_mul_breadth_hi": 0.23885321277955607,
    "alpha_momentum_20d_raw_rank_mul_breadth_lo": 0.23885321277955607,
    "alpha_momentum_20d_raw_raw_mul_breadth_hi": 0.23885321277955607
  },
  "replay_evaluation": {
    "days": 20,
    "mean_daily_net": 0.0019959808744028406,
    "std_daily_net": 0.004604288136270873,
    "sharpe": 6.881674896794784,
    "cumret": 0.040466622173118694,
    "max_drawdown": -0.007543041579582188,
    "avg_turnover": 0.023689680924971163,
    "avg_gross_exposure": 0.28325539576373954,
    "cap_hit_rate": 1.0,
    "regime_overlay_used_rate": 0.0,
    "side_budget_overlay_used_rate": 0.0
  },
  "replay_sharpe_last_fold": 6.881674896794784,
  "replay_cumret_last_fold": 0.040466622173118694,
  "live_active_names_raw": 3,
  "live_active_names": 3,
  "live_gate_passed": 1,
  "live_gate_reason": "passed",
  "live_gross_exposure_current_day": 0.1,
  "mr_enabled_effective": 0,
  "mr_alpha_effective": null,
  "universe_filter_applied": 1,
  "universe_symbol_col": "ticker",
  "universe_current_date": "2026-04-01",
  "universe_selected_current": 175,
  "universe_present_in_panel_current": 175,
  "universe_missing_in_panel_current": 0,
  "universe_survival_ratio_current": 1.0,
  "panel_rows_before_filter": 31675,
  "panel_rows_after_filter": 31675,
  "panel_symbols_before_filter": 175,
  "panel_symbols_after_filter": 175,
  "live_snapshot_current_date": "2026-04-01",
  "live_snapshot_auto_refreshed": 1
}