←[31;1mC:\Users\Dmytro Govor\AppData\Local\Programs\Python\Python313\Lib\site-packages\pandas\core\nanops.py:1661: ConstantInputWarning: An input array is constant; the correlation coefficient is not defined.←[0m
←[31;1m  return spearmanr(a, b)[0]←[0m
[COMPONENTS][ALL_CANDIDATES_TOP]
                                            alpha  train_abs_mean_ic  proxy_train_sharpe  train_sign_locked  last_fold_abs_mean_ic  last_fold_mean_ic  last_fold_sign_locked  effective_sign_locked sign_source_used
          alpha_gap_lag1_regime_breadth_rank_lag1           0.209678            0.394988                1.0               0.233234           0.037178                    1.0                    1.0     last_fold_ic
alpha_overnight_drift_20d_raw_regime_breadth_rank           0.199128            1.721336                1.0               0.179454           0.022105                    1.0                    1.0     last_fold_ic
               alpha_gap_cube_regime_breadth_rank           0.187035           -1.147504               -1.0               0.214005           0.101880                    1.0                    1.0     last_fold_ic
                alpha_gap_raw_rank_mul_breadth_hi           0.187035           -1.147504               -1.0               0.214005           0.101880                    1.0                    1.0     last_fold_ic
                alpha_gap_raw_rank_mul_breadth_lo           0.187035           -1.147504               -1.0               0.214005           0.101880                    1.0                    1.0     last_fold_ic
              alpha_gap_raw_rank_mul_breadth_rank           0.187035           -1.147504               -1.0               0.214005           0.101880                    1.0                    1.0     last_fold_ic
                 alpha_gap_raw_rank_mul_breadth_z           0.187035           -1.147504               -1.0               0.214005           0.101880                    1.0                    1.0     last_fold_ic
                 alpha_gap_raw_raw_mul_breadth_hi           0.187035           -1.147504               -1.0               0.214005           0.101880                    1.0                    1.0     last_fold_ic
                 alpha_gap_raw_raw_mul_breadth_lo           0.187035           -1.147504               -1.0               0.214005           0.101880                    1.0                    1.0     last_fold_ic
               alpha_gap_raw_raw_mul_breadth_rank           0.187035           -1.147504               -1.0               0.214005           0.101880                    1.0                    1.0     last_fold_ic
[COMPONENTS][optimal] selected_by_basket_search component_count=4 pool_size=8 combos_evaluated=40
                                            alpha  train_abs_mean_ic  proxy_train_sharpe  train_sign_locked  last_fold_abs_mean_ic  last_fold_mean_ic  last_fold_sign_locked  effective_sign_locked sign_source_used
          alpha_gap_lag1_regime_breadth_rank_lag1           0.209678            0.394988                1.0               0.233234           0.037178                    1.0                    1.0     last_fold_ic
  alpha_intraday_rs_lag1_rank_mul_breadth_hi_lag1           0.166406            1.025304                1.0               0.182336          -0.047230                   -1.0                   -1.0     last_fold_ic
  alpha_intraday_rs_lag1_rank_mul_breadth_lo_lag1           0.166406            1.025304                1.0               0.182336          -0.047230                   -1.0                   -1.0     last_fold_ic
alpha_intraday_rs_lag1_rank_mul_breadth_rank_lag1           0.166406            1.025304                1.0               0.182336          -0.047230                   -1.0                   -1.0     last_fold_ic
[BASKET_SEARCH][optimal][TOP]
 basket_id                                                                                                                                                                                  alpha_list  component_count  train_abs_mean_ic_avg  proxy_train_sharpe_avg  last_fold_abs_mean_ic_avg  last_fold_proxy_sharpe_avg  replay_sharpe_last_fold  replay_cumret_last_fold  replay_max_drawdown_last_fold  replay_avg_turnover_last_fold
        35   alpha_gap_lag1_regime_breadth_rank_lag1|alpha_intraday_rs_lag1_rank_mul_breadth_hi_lag1|alpha_intraday_rs_lag1_rank_mul_breadth_lo_lag1|alpha_intraday_rs_lag1_rank_mul_breadth_rank_lag1                4               0.177224                0.867725                   0.195060                   -1.832820                 5.544387                 0.046410                      -0.013711                       0.048811
        13   alpha_gap_lag1_regime_breadth_rank_lag1|alpha_overnight_drift_20d_raw_regime_breadth_rank|alpha_intraday_rs_lag1_rank_mul_breadth_hi_lag1|alpha_intraday_rs_lag1_rank_mul_breadth_lo_lag1                4               0.185404                1.041733                   0.194340                   -0.634751                 3.834539                 0.024522                      -0.013042                       0.046141
        14 alpha_gap_lag1_regime_breadth_rank_lag1|alpha_overnight_drift_20d_raw_regime_breadth_rank|alpha_intraday_rs_lag1_rank_mul_breadth_hi_lag1|alpha_intraday_rs_lag1_rank_mul_breadth_rank_lag1                4               0.185404                1.041733                   0.194340                   -0.634751                 3.834539                 0.024522                      -0.013042                       0.046141
        15 alpha_gap_lag1_regime_breadth_rank_lag1|alpha_overnight_drift_20d_raw_regime_breadth_rank|alpha_intraday_rs_lag1_rank_mul_breadth_lo_lag1|alpha_intraday_rs_lag1_rank_mul_breadth_rank_lag1                4               0.185404                1.041733                   0.194340                   -0.634751                 3.834539                 0.024522                      -0.013042                       0.046141
        23    alpha_gap_lag1_regime_breadth_rank_lag1|alpha_momentum_20d_lag1_regime_breadth_rank_lag1|alpha_intraday_rs_lag1_rank_mul_breadth_hi_lag1|alpha_intraday_rs_lag1_rank_mul_breadth_lo_lag1                4               0.179375                0.658345                   0.185153                   -0.452332                 3.003645                 0.028681                      -0.028452                       0.044296
        24  alpha_gap_lag1_regime_breadth_rank_lag1|alpha_momentum_20d_lag1_regime_breadth_rank_lag1|alpha_intraday_rs_lag1_rank_mul_breadth_hi_lag1|alpha_intraday_rs_lag1_rank_mul_breadth_rank_lag1                4               0.179375                0.658345                   0.185153                   -0.452332                 3.003645                 0.028681                      -0.028452                       0.044296
        25  alpha_gap_lag1_regime_breadth_rank_lag1|alpha_momentum_20d_lag1_regime_breadth_rank_lag1|alpha_intraday_rs_lag1_rank_mul_breadth_lo_lag1|alpha_intraday_rs_lag1_rank_mul_breadth_rank_lag1                4               0.179375                0.658345                   0.185153                   -0.452332                 3.003645                 0.028681                      -0.028452                       0.044296
        32         alpha_gap_lag1_regime_breadth_rank_lag1|alpha_momentum_20d_ema3_regime_breadth_rank|alpha_intraday_rs_lag1_rank_mul_breadth_hi_lag1|alpha_intraday_rs_lag1_rank_mul_breadth_lo_lag1                4               0.179212                0.615752                   0.184166                   -0.555272                 2.630767                 0.023712                      -0.025392                       0.044678
        33       alpha_gap_lag1_regime_breadth_rank_lag1|alpha_momentum_20d_ema3_regime_breadth_rank|alpha_intraday_rs_lag1_rank_mul_breadth_hi_lag1|alpha_intraday_rs_lag1_rank_mul_breadth_rank_lag1                4               0.179212                0.615752                   0.184166                   -0.555272                 2.630767                 0.023712                      -0.025392                       0.044678
        34       alpha_gap_lag1_regime_breadth_rank_lag1|alpha_momentum_20d_ema3_regime_breadth_rank|alpha_intraday_rs_lag1_rank_mul_breadth_lo_lag1|alpha_intraday_rs_lag1_rank_mul_breadth_rank_lag1                4               0.179212                0.615752                   0.184166                   -0.555272                 2.630767                 0.023712                      -0.025392                       0.044678
[FREEZE][optimal] live_active_names_raw=2 live_active_names=2 live_gate_passed=1 live_gate_reason=passed replay_sharpe_last_fold=5.5444 replay_cumret_last_fold=0.0464 avg_turnover=0.0488 avg_gross=0.0793
[FREEZE][optimal][UNIVERSE] applied=1 selected_current=132 present_in_panel_current=132 survival_ratio_current=1.0000 live_snapshot_current_date=2026-04-10
[FREEZE][optimal][LIVE_BOOK_TOP]
symbol  weight     score  side market_regime  long_budget  short_budget  turnover
  AXTI    0.05  6.883419   1.0       neutral          0.5           0.5      0.05
  APLD   -0.05 -5.535585  -1.0       neutral          0.5           0.5      0.05
[COMPONENTS][aggressive] selected_by_basket_search component_count=4 pool_size=8 combos_evaluated=40
                                            alpha  train_abs_mean_ic  proxy_train_sharpe  train_sign_locked  last_fold_abs_mean_ic  last_fold_mean_ic  last_fold_sign_locked  effective_sign_locked sign_source_used
          alpha_gap_lag1_regime_breadth_rank_lag1           0.209678            0.394988                1.0               0.233234           0.037178                    1.0                    1.0     last_fold_ic
  alpha_intraday_rs_lag1_rank_mul_breadth_hi_lag1           0.166406            1.025304                1.0               0.182336          -0.047230                   -1.0                   -1.0     last_fold_ic
  alpha_intraday_rs_lag1_rank_mul_breadth_lo_lag1           0.166406            1.025304                1.0               0.182336          -0.047230                   -1.0                   -1.0     last_fold_ic
alpha_intraday_rs_lag1_rank_mul_breadth_rank_lag1           0.166406            1.025304                1.0               0.182336          -0.047230                   -1.0                   -1.0     last_fold_ic
[BASKET_SEARCH][aggressive][TOP]
 basket_id                                                                                                                                                                                     alpha_list  component_count  train_abs_mean_ic_avg  proxy_train_sharpe_avg  last_fold_abs_mean_ic_avg  last_fold_proxy_sharpe_avg  replay_sharpe_last_fold  replay_cumret_last_fold  replay_max_drawdown_last_fold  replay_avg_turnover_last_fold
        35      alpha_gap_lag1_regime_breadth_rank_lag1|alpha_intraday_rs_lag1_rank_mul_breadth_hi_lag1|alpha_intraday_rs_lag1_rank_mul_breadth_lo_lag1|alpha_intraday_rs_lag1_rank_mul_breadth_rank_lag1                4               0.177224                0.867725                   0.195060                   -1.832820                 6.956099                 0.492923                      -0.110982                       0.051470
        13      alpha_gap_lag1_regime_breadth_rank_lag1|alpha_overnight_drift_20d_raw_regime_breadth_rank|alpha_intraday_rs_lag1_rank_mul_breadth_hi_lag1|alpha_intraday_rs_lag1_rank_mul_breadth_lo_lag1                4               0.185404                1.041733                   0.194340                   -0.634751                 4.738711                 0.226691                      -0.118973                       0.052024
        14    alpha_gap_lag1_regime_breadth_rank_lag1|alpha_overnight_drift_20d_raw_regime_breadth_rank|alpha_intraday_rs_lag1_rank_mul_breadth_hi_lag1|alpha_intraday_rs_lag1_rank_mul_breadth_rank_lag1                4               0.185404                1.041733                   0.194340                   -0.634751                 4.738711                 0.226691                      -0.118973                       0.052024
        15    alpha_gap_lag1_regime_breadth_rank_lag1|alpha_overnight_drift_20d_raw_regime_breadth_rank|alpha_intraday_rs_lag1_rank_mul_breadth_lo_lag1|alpha_intraday_rs_lag1_rank_mul_breadth_rank_lag1                4               0.185404                1.041733                   0.194340                   -0.634751                 4.738711                 0.226691                      -0.118973                       0.052024
        40 alpha_overnight_drift_20d_raw_regime_breadth_rank|alpha_momentum_20d_lag1_regime_breadth_rank_lag1|alpha_momentum_20d_ema3_regime_breadth_rank|alpha_intraday_rs_lag1_rank_mul_breadth_hi_lag1                4               0.178725                0.737959                   0.160814                    0.734663                 4.483467                 0.142727                      -0.071162                       0.037900
        26                         alpha_gap_lag1_regime_breadth_rank_lag1|alpha_gap_ema3_regime_breadth_rank|alpha_momentum_20d_ema3_regime_breadth_rank|alpha_intraday_rs_lag1_rank_mul_breadth_hi_lag1                4               0.181277                0.365607                   0.191170                    0.841549                 3.013540                 0.104059                      -0.069030                       0.047227
        27                         alpha_gap_lag1_regime_breadth_rank_lag1|alpha_gap_ema3_regime_breadth_rank|alpha_momentum_20d_ema3_regime_breadth_rank|alpha_intraday_rs_lag1_rank_mul_breadth_lo_lag1                4               0.181277                0.365607                   0.191170                    0.841549                 3.013540                 0.104059                      -0.069030                       0.047227
        28                       alpha_gap_lag1_regime_breadth_rank_lag1|alpha_gap_ema3_regime_breadth_rank|alpha_momentum_20d_ema3_regime_breadth_rank|alpha_intraday_rs_lag1_rank_mul_breadth_rank_lag1                4               0.181277                0.365607                   0.191170                    0.841549                 3.013540                 0.104059                      -0.069030                       0.047227
        20           alpha_gap_lag1_regime_breadth_rank_lag1|alpha_momentum_20d_lag1_regime_breadth_rank_lag1|alpha_momentum_20d_ema3_regime_breadth_rank|alpha_intraday_rs_lag1_rank_mul_breadth_hi_lag1                4               0.181363                0.406372                   0.174259                    0.825215                 2.776788                 0.115963                      -0.113604                       0.046577
        21           alpha_gap_lag1_regime_breadth_rank_lag1|alpha_momentum_20d_lag1_regime_breadth_rank_lag1|alpha_momentum_20d_ema3_regime_breadth_rank|alpha_intraday_rs_lag1_rank_mul_breadth_lo_lag1                4               0.181363                0.406372                   0.174259                    0.825215                 2.776788                 0.115963                      -0.113604                       0.046577
[FREEZE][aggressive] live_active_names_raw=3 live_active_names=3 live_gate_passed=1 live_gate_reason=passed replay_sharpe_last_fold=6.9561 replay_cumret_last_fold=0.4929 avg_turnover=0.0515 avg_gross=0.8797
[FREEZE][aggressive][UNIVERSE] applied=1 selected_current=132 present_in_panel_current=132 survival_ratio_current=1.0000 live_snapshot_current_date=2026-04-10
[FREEZE][aggressive][LIVE_BOOK_TOP]
symbol    weight     score  side market_regime  long_budget  short_budget  turnover
  AXTI  0.357143  6.883419   1.0          weak          0.5           0.5      0.05
  SNDK  0.142857  5.278079   1.0          weak          0.5           0.5      0.05
  APLD -0.500000 -5.535585  -1.0          weak          0.5           0.5      0.05
[ARTIFACT] artifacts\freeze_runner\freeze_all_configs_summary.json
[FINAL] freeze runner complete
[GATE] freeze summaries
[GATE] config=optimal live_current_date=2026-04-10 freeze_live_active_names=2 universe_filter_applied=1 universe_selected_current=132 universe_present_in_panel_current=132 universe_survival_ratio_current=1.0 live_gate_passed=1 live_gate_reason=passed replay_sharpe_last_fold=5.544387018001309 replay_cumret_last_fold=0.04641007522842355
[GATE] config=aggressive live_current_date=2026-04-10 freeze_live_active_names=3 universe_filter_applied=1 universe_selected_current=132 universe_present_in_panel_current=132 universe_survival_ratio_current=1.0 live_gate_passed=1 live_gate_reason=passed replay_sharpe_last_fold=6.956099200795241 replay_cumret_last_fold=0.49292314085281275
[ARTIFACT] C:\Users\Dmytro Govor\Documents\Python-Edge\artifacts\daily_cycle\freeze_gate_diagnostics.json
[GATE] execution_ready_configs=['optimal', 'aggressive']
[CFG] execution_ready_configs=['optimal', 'aggressive']
[CFG] CONFIG_NAMES overridden for downstream steps -> optimal|aggressive
[STEP] execution loop
[RUN] C:\Users\Dmytro Govor\AppData\Local\Programs\Python\Python313\python.exe C:\Users\Dmytro Govor\Documents\Python-Edge\scripts\run_execution_loop.py
[RUN][ENV] PAUSE_ON_EXIT=0
[CFG] live_feature_snapshot_file=artifacts\live_alpha\live_feature_snapshot.parquet freeze_root=artifacts\freeze_runner execution_root=artifacts\execution_loop account_nav=100000.00 fractional_mode=auto allow_fractional_shares=0
[CFG] min_order_notional=25.00 default_price_fallback=100.00 topk_print=50 reset_state=0 config_names=optimal|aggressive
[CFG] require_freeze_date_match_live_prices=1 skip_empty_freeze_configs=1 min_price_to_trade=1.0 max_price_to_trade=1000000.0
[CFG] max_single_name_weight=0.050000 max_single_name_notional=10000.00 commission_bps=0.5000 commission_min_per_order=0.3500 slippage_bps=1.5000
[CFG] align_state_from_broker_once=0 align_state_require_broker_positions=1 align_state_cash_mode=preserve_nav skip_legacy_symbols_not_in_target=1
[CFG] use_state_price_fallback_for_legacy=1 use_state_price_fallback_for_mtm=1 use_broker_positions_price_fallback_for_legacy=1 use_broker_positions_price_fallback_for_mtm=1
[CFG] sanitize_state_prices=1 persist_default_fallback_to_state=0
[LIVE_PRICES] current_date=2026-04-10 symbols=132 price_col=close snapshot_fallback_count=0
[EXEC][optimal] loading freeze artifacts
[EXEC][optimal][ALIGN] requested=0 applied=0 reason=not_requested marker=artifacts\execution_loop\optimal\state_alignment_once.json broker_fallback_symbols=19
[EXEC][optimal][STATE_SANITY] sanitized=0 updated_from_live=0 updated_from_broker_positions=0 cleared_default_like=0 missing_live_price=0 missing_broker_price=0
[EXEC][optimal] starting_nav=55204.75 ending_nav=55204.03 cash_after=47223.15 market_value_after=7980.89 nav_recon_error=0.000000 order_count=2 active_names=2 gross_target=0.1000 price_col=close merged_missing_prices=0 fallback_price_rows=0 mtm_default_fallback_count=0 mtm_state_fallback_count=5 mtm_broker_positions_fallback_count=0 mtm_unpriced_count=0 fractional_enabled_effective=0 bootstrap_only=0 skip_reason=
[EXEC][optimal][RISK] dropped_price_below_min=0 dropped_price_above_max=0 clipped_weight_cap=0 clipped_notional_cap=0
[EXEC][optimal][DIAG] already_at_target=9 below_min_notional=0 rounded_to_zero_from_nonzero_target=0 entered_new_position=0 exited_position=0 increased_existing_position=2 decreased_existing_position=0 symbol_only_in_state=9 symbol_only_in_target=0 legacy_state_price_fallback=5 legacy_broker_positions_price_fallback=0 legacy_default_price_fallback=0 legacy_unpriced=0
[EXEC][optimal][COST] estimated_commission_total=0.7000 estimated_slippage_total=0.0136 estimated_total_cost=0.7136
[EXEC][optimal][ORDERS_TOP]
      date symbol      price         price_source  is_priced  target_weight  target_notional  target_shares_raw  current_shares  target_shares  raw_delta_shares  delta_shares order_side  order_notional  order_notional_abs  estimated_commission  estimated_slippage  estimated_total_cost                 skip_reason
2026-04-10   AXTI  64.180000 target_live_snapshot          1           0.05      2760.237324          43.007749            42.0           43.0               1.0           1.0        BUY           64.18               64.18                  0.35            0.009627              0.359627
2026-04-10   AAOI 150.600000        live_snapshot          1           0.00         0.000000           0.000000           -24.0          -24.0               0.0           0.0       HOLD            0.00                0.00                  0.00            0.000000              0.000000 legacy_symbol_not_in_target
2026-04-10   APLS  40.790000        live_snapshot          1           0.00         0.000000           0.000000            67.0           67.0               0.0           0.0       HOLD            0.00                0.00                  0.00            0.000000              0.000000 legacy_symbol_not_in_target
2026-04-10   APTV  59.711000     state_last_price          1           0.00         0.000000           0.000000           -37.0          -37.0               0.0           0.0       HOLD            0.00                0.00                  0.00            0.000000              0.000000 legacy_symbol_not_in_target
2026-04-10    CAR 299.940000        live_snapshot          1           0.00         0.000000           0.000000             9.0            9.0               0.0           0.0       HOLD            0.00                0.00                  0.00            0.000000              0.000000 legacy_symbol_not_in_target
2026-04-10   MSTR 128.640000        live_snapshot          1           0.00         0.000000           0.000000            23.0           23.0               0.0           0.0       HOLD            0.00                0.00                  0.00            0.000000              0.000000 legacy_symbol_not_in_target
2026-04-10    NKE  42.460000     state_last_price          1           0.00         0.000000           0.000000            63.0           63.0               0.0           0.0       HOLD            0.00                0.00                  0.00            0.000000              0.000000 legacy_symbol_not_in_target
2026-04-10   OKLO  48.420825     state_last_price          1           0.00         0.000000           0.000000            59.0           59.0               0.0           0.0       HOLD            0.00                0.00                  0.00            0.000000              0.000000 legacy_symbol_not_in_target
2026-04-10   SMCI  22.185000     state_last_price          1           0.00         0.000000           0.000000           121.0          121.0               0.0           0.0       HOLD            0.00                0.00                  0.00            0.000000              0.000000 legacy_symbol_not_in_target
2026-04-10   TSEM 187.010000     state_last_price          1           0.00         0.000000           0.000000           -15.0          -15.0               0.0           0.0       HOLD            0.00                0.00                  0.00            0.000000              0.000000 legacy_symbol_not_in_target
2026-04-10   APLD  26.260000 target_live_snapshot          1          -0.05     -2760.237324        -105.111855          -104.0         -105.0              -1.0          -1.0       SELL          -26.26               26.26                  0.35            0.003939              0.353939
[ARTIFACT] artifacts\execution_loop\optimal\orders.csv
[ARTIFACT] artifacts\execution_loop\optimal\positions_mark_to_market.csv
[ARTIFACT] artifacts\execution_loop\optimal\portfolio_state.json
[ARTIFACT] artifacts\execution_loop\optimal\execution_log.csv
[EXEC][aggressive] loading freeze artifacts
[EXEC][aggressive][ALIGN] requested=0 applied=0 reason=not_requested marker=artifacts\execution_loop\aggressive\state_alignment_once.json broker_fallback_symbols=19
[EXEC][aggressive][STATE_SANITY] sanitized=0 updated_from_live=0 updated_from_broker_positions=0 cleared_default_like=0 missing_live_price=0 missing_broker_price=0
[EXEC][aggressive] starting_nav=60986.56 ending_nav=60986.21 cash_after=42177.46 market_value_after=18808.74 nav_recon_error=0.000000 order_count=1 active_names=3 gross_target=0.1500 price_col=close merged_missing_prices=0 fallback_price_rows=0 mtm_default_fallback_count=0 mtm_state_fallback_count=5 mtm_broker_positions_fallback_count=0 mtm_unpriced_count=0 fractional_enabled_effective=0 bootstrap_only=0 skip_reason=
[EXEC][aggressive][RISK] dropped_price_below_min=0 dropped_price_above_max=0 clipped_weight_cap=3 clipped_notional_cap=0
[EXEC][aggressive][DIAG] already_at_target=11 below_min_notional=0 rounded_to_zero_from_nonzero_target=0 entered_new_position=0 exited_position=0 increased_existing_position=1 decreased_existing_position=0 symbol_only_in_state=9 symbol_only_in_target=0 legacy_state_price_fallback=5 legacy_broker_positions_price_fallback=0 legacy_default_price_fallback=0 legacy_unpriced=0
[EXEC][aggressive][COST] estimated_commission_total=0.3500 estimated_slippage_total=0.0039 estimated_total_cost=0.3539
[EXEC][aggressive][ORDERS_TOP]
      date symbol      price         price_source  is_priced  target_weight  target_notional  target_shares_raw  current_shares  target_shares  raw_delta_shares  delta_shares order_side  order_notional  order_notional_abs  estimated_commission  estimated_slippage  estimated_total_cost                 skip_reason
2026-04-10   AAOI 150.600000        live_snapshot          1           0.00          0.00000           0.000000            26.0           26.0               0.0           0.0       HOLD            0.00                0.00                  0.00            0.000000              0.000000 legacy_symbol_not_in_target
2026-04-10   APLS  40.790000        live_snapshot          1           0.00          0.00000           0.000000            74.0           74.0               0.0           0.0       HOLD            0.00                0.00                  0.00            0.000000              0.000000 legacy_symbol_not_in_target
2026-04-10   AXON 345.940000        live_snapshot          1           0.00          0.00000           0.000000            -8.0           -8.0               0.0           0.0       HOLD            0.00                0.00                  0.00            0.000000              0.000000 legacy_symbol_not_in_target
2026-04-10   AXTI  64.180000 target_live_snapshot          1           0.05       3049.32797          47.512122            47.0           47.0               0.0           0.0       HOLD            0.00                0.00                  0.00            0.000000              0.000000           already_at_target
2026-04-10    CAR 299.940000        live_snapshot          1           0.00          0.00000           0.000000            10.0           10.0               0.0           0.0       HOLD            0.00                0.00                  0.00            0.000000              0.000000 legacy_symbol_not_in_target
2026-04-10   HIMS  19.440000     state_last_price          1           0.00          0.00000           0.000000           157.0          157.0               0.0           0.0       HOLD            0.00                0.00                  0.00            0.000000              0.000000 legacy_symbol_not_in_target
2026-04-10    NKE  42.460000     state_last_price          1           0.00          0.00000           0.000000            68.0           68.0               0.0           0.0       HOLD            0.00                0.00                  0.00            0.000000              0.000000 legacy_symbol_not_in_target
2026-04-10   OKLO  48.420825     state_last_price          1           0.00          0.00000           0.000000            64.0           64.0               0.0           0.0       HOLD            0.00                0.00                  0.00            0.000000              0.000000 legacy_symbol_not_in_target
2026-04-10   SMCI  22.185000     state_last_price          1           0.00          0.00000           0.000000           130.0          130.0               0.0           0.0       HOLD            0.00                0.00                  0.00            0.000000              0.000000 legacy_symbol_not_in_target
2026-04-10   SNDK 851.770000 target_live_snapshot          1           0.05       3049.32797           3.579990             3.0            3.0               0.0           0.0       HOLD            0.00                0.00                  0.00            0.000000              0.000000           already_at_target
2026-04-10   TSEM 187.010000     state_last_price          1           0.00          0.00000           0.000000           -15.0          -15.0               0.0           0.0       HOLD            0.00                0.00                  0.00            0.000000              0.000000 legacy_symbol_not_in_target
2026-04-10   APLD  26.260000 target_live_snapshot          1          -0.05      -3049.32797        -116.120639          -115.0         -116.0              -1.0          -1.0       SELL          -26.26               26.26                  0.35            0.003939              0.353939
[ARTIFACT] artifacts\execution_loop\aggressive\orders.csv
[ARTIFACT] artifacts\execution_loop\aggressive\positions_mark_to_market.csv
[ARTIFACT] artifacts\execution_loop\aggressive\portfolio_state.json
[ARTIFACT] artifacts\execution_loop\aggressive\execution_log.csv
[FINAL] execution loop complete
[STEP] broker handoff
[RUN] C:\Users\Dmytro Govor\AppData\Local\Programs\Python\Python313\python.exe C:\Users\Dmytro Govor\Documents\Python-Edge\scripts\run_broker_handoff.py
[RUN][ENV] PAUSE_ON_EXIT=0
[CFG] execution_root=artifacts\execution_loop
[CFG] configs=['optimal', 'aggressive']
[CFG] ib_host=127.0.0.1 ib_port=4002 ib_client_id=51
[CFG] exchange=SMART primary_exchange= currency=USD sec_type=STK
[CFG] ib_market_data_type=3 ib_mkt_timeout_sec=8.0 max_price_deviation_pct=8.0 allow_last_fallback=1
[CFG] force_massive_when_ib_close_only=1 force_massive_when_ib_no_bbo=1
[CFG] enable_massive_fallback=1 massive_base_url=https://api.massive.com massive_timeout_sec=20.0
[IB] connecting host=127.0.0.1 port=4002 client_id=51
[IB] managedAccounts=DUP561175
[IB] nextValidId=1[IB] connected next_valid_id=1 managed_accounts=DUP561175

[IB][ERROR] reqId=-1 code=2104 msg=Market data farm connection is OK:usfarm[HANDOFF][optimal] orders_csv=artifacts\execution_loop\optimal\orders.csv

[IB][ERROR] reqId=-1 code=2107 msg=HMDS data farm connection is inactive but should be available upon demand.ushmds
[IB][ERROR] reqId=-1 code=2158 msg=Sec-def data farm connection is OK:secdefil
[HANDOFF][optimal] total_rows=11 live_rows=2 symbols=2
[IB][ERROR] reqId=900001 code=10167 msg=Requested market data is not subscribed. Displaying delayed market data.
[IB][ERROR] reqId=900002 code=10167 msg=Requested market data is not subscribed. Displaying delayed market data.
[HANDOFF][FALLBACK] symbols_needing_massive=2
[HANDOFF][FALLBACK] symbol=APLD reason=ib_delayed_without_bbo
[HANDOFF][FALLBACK] symbol=AXTI reason=ib_delayed_without_bbo
[IB][ERROR] reqId=900001 code=300 msg=Can't find EId with tickerId:900001
[IB][ERROR] reqId=900002 code=300 msg=Can't find EId with tickerId:900002
[MASSIVE][SNAPSHOT] 1/2 symbol=APLD bid=0.0000 ask=0.0000 last=0.0000 close=26.2600 timeframe=LIVE
[MASSIVE][SNAPSHOT] 2/2 symbol=AXTI bid=0.0000 ask=0.0000 last=0.0000 close=64.1800 timeframe=LIVE
[HANDOFF][optimal][PREVIEW]
symbol order_side  delta_shares  model_price_reference      price quote_provider quote_timeframe price_hint_source             quote_ts        fallback_reason  bid  ask  mid  last  close_price  spread_bps  price_deviation_vs_model
  AXTI        BUY           1.0              64.180000  64.180000        massive            LIVE     massive_close 2026-04-11T00:00:00Z ib_delayed_without_bbo  0.0  0.0  0.0   0.0        64.18         0.0                       0.0
  AAOI       HOLD           0.0             150.600000 150.600000                                                                                               0.0  0.0  0.0   0.0         0.00         0.0                       0.0
  APLS       HOLD           0.0              40.790000  40.790000                                                                                               0.0  0.0  0.0   0.0         0.00         0.0                       0.0
  APTV       HOLD           0.0              59.711000  59.711000                                                                                               0.0  0.0  0.0   0.0         0.00         0.0                       0.0
   CAR       HOLD           0.0             299.940000 299.940000                                                                                               0.0  0.0  0.0   0.0         0.00         0.0                       0.0
  MSTR       HOLD           0.0             128.640000 128.640000                                                                                               0.0  0.0  0.0   0.0         0.00         0.0                       0.0
   NKE       HOLD           0.0              42.460000  42.460000                                                                                               0.0  0.0  0.0   0.0         0.00         0.0                       0.0
  OKLO       HOLD           0.0              48.420825  48.420825                                                                                               0.0  0.0  0.0   0.0         0.00         0.0                       0.0
  SMCI       HOLD           0.0              22.185000  22.185000                                                                                               0.0  0.0  0.0   0.0         0.00         0.0                       0.0
  TSEM       HOLD           0.0             187.010000 187.010000                                                                                               0.0  0.0  0.0   0.0         0.00         0.0                       0.0
  APLD       SELL          -1.0              26.260000  26.260000        massive            LIVE     massive_close 2026-04-11T00:00:00Z ib_delayed_without_bbo  0.0  0.0  0.0   0.0        26.26         0.0                       0.0
[HANDOFF][optimal][SUMMARY] updated=2 ib_rows=0 massive_rows=2 price_sanity_fail=0 orders_csv=artifacts\execution_loop\optimal\orders.csv summary_json=artifacts\execution_loop\optimal\broker_handoff_summary.json
[HANDOFF][aggressive] orders_csv=artifacts\execution_loop\aggressive\orders.csv
[HANDOFF][aggressive] total_rows=12 live_rows=1 symbols=1
[IB][ERROR] reqId=900001 code=10167 msg=Requested market data is not subscribed. Displaying delayed market data.
[HANDOFF][FALLBACK] symbols_needing_massive=1
[HANDOFF][FALLBACK] symbol=APLD reason=ib_delayed_without_bbo
[IB][ERROR] reqId=900001 code=300 msg=Can't find EId with tickerId:900001
[MASSIVE][SNAPSHOT] 1/1 symbol=APLD bid=0.0000 ask=0.0000 last=0.0000 close=26.2600 timeframe=LIVE
[HANDOFF][aggressive][PREVIEW]
symbol order_side  delta_shares  model_price_reference      price quote_provider quote_timeframe price_hint_source             quote_ts        fallback_reason  bid  ask  mid  last  close_price  spread_bps  price_deviation_vs_model
  AAOI       HOLD           0.0             150.600000 150.600000                                                                                               0.0  0.0  0.0   0.0         0.00         0.0                       0.0
  APLS       HOLD           0.0              40.790000  40.790000                                                                                               0.0  0.0  0.0   0.0         0.00         0.0                       0.0
  AXON       HOLD           0.0             345.940000 345.940000                                                                                               0.0  0.0  0.0   0.0         0.00         0.0                       0.0
  AXTI       HOLD           0.0              64.180000  64.180000                                                                                               0.0  0.0  0.0   0.0         0.00         0.0                       0.0
   CAR       HOLD           0.0             299.940000 299.940000                                                                                               0.0  0.0  0.0   0.0         0.00         0.0                       0.0
  HIMS       HOLD           0.0              19.440000  19.440000                                                                                               0.0  0.0  0.0   0.0         0.00         0.0                       0.0
   NKE       HOLD           0.0              42.460000  42.460000                                                                                               0.0  0.0  0.0   0.0         0.00         0.0                       0.0
  OKLO       HOLD           0.0              48.420825  48.420825                                                                                               0.0  0.0  0.0   0.0         0.00         0.0                       0.0
  SMCI       HOLD           0.0              22.185000  22.185000                                                                                               0.0  0.0  0.0   0.0         0.00         0.0                       0.0
  SNDK       HOLD           0.0             851.770000 851.770000                                                                                               0.0  0.0  0.0   0.0         0.00         0.0                       0.0
  TSEM       HOLD           0.0             187.010000 187.010000                                                                                               0.0  0.0  0.0   0.0         0.00         0.0                       0.0
  APLD       SELL          -1.0              26.260000  26.260000        massive            LIVE     massive_close 2026-04-11T00:00:00Z ib_delayed_without_bbo  0.0  0.0  0.0   0.0        26.26         0.0                       0.0
[HANDOFF][aggressive][SUMMARY] updated=1 ib_rows=0 massive_rows=1 price_sanity_fail=0 orders_csv=artifacts\execution_loop\aggressive\orders.csv summary_json=artifacts\execution_loop\aggressive\broker_handoff_summary.json
[FINAL] broker handoff complete
[STEP] broker adapter
[RUN] C:\Users\Dmytro Govor\AppData\Local\Programs\Python\Python313\python.exe C:\Users\Dmytro Govor\Documents\Python-Edge\scripts\run_broker_adapter_ibkr.py
[RUN][ENV] PAUSE_ON_EXIT=0
[ENV] broker=MEXEM platform=IBKR host=127.0.0.1 port=4002 client_id=41 account= execution_root=artifacts\execution_loop configs=optimal|aggressive
[IB] connecting host=127.0.0.1 port=4002 client_id=41
[IB] openOrderEnd
[IB] managedAccounts=DUP561175
[IB] nextValidId=211[IB] ready next_valid_id=211 managed_accounts=DUP561175

[IB][ERROR] reqId=-1 code=2104 msg=Market data farm connection is OK:usfarm
[IB][ERROR] reqId=-1 code=2107 msg=HMDS data farm connection is inactive but should be available upon demand.ushmds
[IB][ERROR] reqId=-1 code=2158 msg=Sec-def data farm connection is OK:secdefil
[IB] openOrderEnd
[CFG] config=optimal orders_total=11 live_orders=2 prepared_orders=2 orders_csv=artifacts\execution_loop\optimal\orders.csv
[BROKER][LADDER][SUBMIT] symbol=AXTI step=1/4 mode=passive_lmt limit_price=64.2700 cap_price=64.9800 order={"account": "", "exchange": "SMART", "lmtPrice": 64.27, "orderRef": "pe-20578213ec444a9aab9a6f85", "orderType": "LMT", "outsideRth": 1, "primaryExchange": "", "tif": "DAY", "totalQuantity": 1.0}
[IB][ERROR] reqId=211 code=399 msg=Order Message: BUY 1 AXTI NASDAQ.NMS Your order will not be placed at the exchange until 2026-04-13 04:00:00 US/Eastern. If you want the order to  be active in the Pre-Market, Regular and After-Market sessions, a Limit type order is required and you must  add the attribute "Fill/Trigger Outside RTH."
[BROKER][optimal][SEND] symbol=AXTI broker_symbol=AXTI side=BUY qty=1.00000000 status=submitted ib_order_id=211
[BROKER][LADDER][SUBMIT] symbol=APLD step=1/4 mode=passive_lmt limit_price=26.2300 cap_price=25.9400 order={"account": "", "exchange": "SMART", "lmtPrice": 26.23, "orderRef": "pe-46af92e4b3872ff86b71e864", "orderType": "LMT", "outsideRth": 1, "primaryExchange": "", "tif": "DAY", "totalQuantity": 1.0}
[IB][ERROR] reqId=212 code=399 msg=Order Message: SELL 1 APLD NASDAQ.NMS Your order will not be placed at the exchange until 2026-04-13 04:00:00 US/Eastern. If you want the order to  be active in the Pre-Market, Regular and After-Market sessions, a Limit type order is required and you must  add the attribute "Fill/Trigger Outside RTH."
[BROKER][optimal][SEND] symbol=APLD broker_symbol=APLD side=SELL qty=1.00000000 status=submitted ib_order_id=212
[BROKER][optimal][SUMMARY] sent=2 duplicate_skipped=0 errors=0 fills_csv=artifacts\execution_loop\optimal\fills.csv broker_log_json=artifacts\execution_loop\optimal\broker_log.json
[CFG] config=aggressive orders_total=12 live_orders=1 prepared_orders=1 orders_csv=artifacts\execution_loop\aggressive\orders.csv
[BROKER][aggressive][SEND] symbol=APLD broker_symbol=APLD side=SELL qty=1.00000000 status=submitted ib_order_id=
[BROKER][aggressive][SUMMARY] sent=1 duplicate_skipped=0 errors=0 fills_csv=artifacts\execution_loop\aggressive\fills.csv broker_log_json=artifacts\execution_loop\aggressive\broker_log.json
[FINAL] IBKR broker adapter complete
[STEP] broker reconcile
[RUN] C:\Users\Dmytro Govor\AppData\Local\Programs\Python\Python313\python.exe C:\Users\Dmytro Govor\Documents\Python-Edge\scripts\run_broker_reconcile_ibkr.py
[RUN][ENV] PAUSE_ON_EXIT=0
[CFG] execution_root=artifacts\execution_loop
[CFG] configs=['optimal', 'aggressive']
[CFG] ib_host=127.0.0.1 ib_port=4002 ib_client_id=61 ib_account_code=
[CFG] require_broker_refresh=1 allow_existing_broker_positions_csv=1
[CFG] drift_tolerance_shares=0.00000100 prefer_state_over_orders=1
[CFG] cleanup_preview_mode=1 cleanup_include_unexpected=1 cleanup_include_drift=1 cleanup_min_abs_shares=1.00000000
[IB] connecting host=127.0.0.1 port=4002 client_id=61
[IB][ERR] reqId=-1 code=2104 msg=Market data farm connection is OK:usfarm
[IB][ERR] reqId=-1 code=2107 msg=HMDS data farm connection is inactive but should be available upon demand.ushmds[IB] connected next_valid_id=11 managed_accounts=DUP561175
[IB][ERR] reqId=-1 code=2158 msg=Sec-def data farm connection is OK:secdefil

[RECON][optimal] execution_dir=artifacts\execution_loop\optimal
[IB] positionEnd
[IB] openOrderEnd
[RECON][optimal][SUMMARY] symbols_total=22 drift=20 missing_at_broker=3 unexpected_at_broker=11 pending_covers_drift=0 max_abs_drift_shares=296.00000000 cleanup_preview_rows=17
[RECON][optimal][TOP]
symbol  expected_shares  broker_position  drift_shares pending_side  pending_qty  drift_after_pending           issue_kind  broker_avg_cost  state_last_price  price_hint
  HOOD              0.0          -296.00       -296.00          NaN          0.0              -296.00 unexpected_at_broker        66.849028               NaN         NaN
   NEM              0.0          -208.00       -208.00          NaN          0.0              -208.00 unexpected_at_broker       105.013459               NaN         NaN
  INTC              0.0          -200.00       -200.00          NaN          0.0              -200.00 unexpected_at_broker        43.021055               NaN         NaN
  AXTI             43.0          -145.00       -188.00          NaN          0.0              -188.00                drift        43.767041         64.180000   64.180000
  CRCL              0.0          -128.00       -128.00          NaN          0.0              -128.00 unexpected_at_broker        91.896055               NaN         NaN
  SMCI            121.0             0.00       -121.00          NaN          0.0              -121.00    missing_at_broker              NaN         22.185000   22.185000
  APLD           -105.0             0.00        105.00          NaN          0.0               105.00    missing_at_broker              NaN         26.260000   26.260000
  APLS             67.0           141.00         74.00          NaN          0.0                74.00                drift        40.743779         40.790000   40.790000
   NKE             63.0             7.00        -56.00          NaN          0.0               -56.00                drift        44.221257         42.460000   42.460000
  OKLO             59.0             4.00        -55.00          NaN          0.0               -55.00                drift        48.420825         48.420825   48.420825
  RKLB              0.0           -48.00        -48.00          NaN          0.0               -48.00 unexpected_at_broker        60.656888               NaN         NaN
  SHOP              0.0           -33.00        -33.00          NaN          0.0               -33.00 unexpected_at_broker       113.881927               NaN         NaN
  AAOI            -24.0           -50.00        -26.00          NaN          0.0               -26.00                drift       110.757522        150.600000  150.600000
  TSEM            -15.0             0.00         15.00          NaN          0.0                15.00    missing_at_broker         0.000000        187.010000  187.010000
  AMZN              0.0           -13.00        -13.00          NaN          0.0               -13.00 unexpected_at_broker       202.628269               NaN         NaN
  NVDA              0.0           -12.00        -12.00          NaN          0.0               -12.00 unexpected_at_broker       167.621475               NaN         NaN
  MSFT              0.0            11.00         11.00          NaN          0.0                11.00 unexpected_at_broker       366.220000               NaN         NaN
   CAR              9.0            19.00         10.00          NaN          0.0                10.00                drift       286.074211        299.940000  299.940000
  AAPL              0.0             8.35          8.35          NaN          0.0                 8.35 unexpected_at_broker       250.948683               NaN         NaN
  AXON              0.0            -8.00         -8.00          NaN          0.0                -8.00 unexpected_at_broker       343.887713               NaN         NaN
[RECON][optimal][CLEANUP_PREVIEW]
symbol cleanup_side  cleanup_qty       cleanup_reason  broker_avg_cost  broker_position  expected_shares pending_side  pending_qty
  HOOD          BUY       296.00 unexpected_at_broker        66.849028          -296.00              0.0          NaN          0.0
   NEM          BUY       208.00 unexpected_at_broker       105.013459          -208.00              0.0          NaN          0.0
  INTC          BUY       200.00 unexpected_at_broker        43.021055          -200.00              0.0          NaN          0.0
  AXTI          BUY       145.00                drift        43.767041          -145.00             43.0          NaN          0.0
  APLS         SELL       141.00                drift        40.743779           141.00             67.0          NaN          0.0
  CRCL          BUY       128.00 unexpected_at_broker        91.896055          -128.00              0.0          NaN          0.0
  AAOI          BUY        50.00                drift       110.757522           -50.00            -24.0          NaN          0.0
  RKLB          BUY        48.00 unexpected_at_broker        60.656888           -48.00              0.0          NaN          0.0
  SHOP          BUY        33.00 unexpected_at_broker       113.881927           -33.00              0.0          NaN          0.0
   CAR         SELL        19.00                drift       286.074211            19.00              9.0          NaN          0.0
  AMZN          BUY        13.00 unexpected_at_broker       202.628269           -13.00              0.0          NaN          0.0
  NVDA          BUY        12.00 unexpected_at_broker       167.621475           -12.00              0.0          NaN          0.0
  MSFT         SELL        11.00 unexpected_at_broker       366.220000            11.00              0.0          NaN          0.0
  AAPL         SELL         8.35 unexpected_at_broker       250.948683             8.35              0.0          NaN          0.0
  AXON          BUY         8.00 unexpected_at_broker       343.887713            -8.00              0.0          NaN          0.0
   NKE         SELL         7.00                drift        44.221257             7.00             63.0          NaN          0.0
  OKLO         SELL         4.00                drift        48.420825             4.00             59.0          NaN          0.0
[ARTIFACT] artifacts\execution_loop\optimal\broker_positions.csv
[ARTIFACT] artifacts\execution_loop\optimal\broker_open_orders.csv
[ARTIFACT] artifacts\execution_loop\optimal\broker_pending.csv
[ARTIFACT] artifacts\execution_loop\optimal\broker_reconcile.csv
[ARTIFACT] artifacts\execution_loop\optimal\broker_cleanup_preview.csv
[ARTIFACT] artifacts\execution_loop\optimal\broker_reconcile_summary.json
[RECON][aggressive] execution_dir=artifacts\execution_loop\aggressive
[IB] positionEnd
[IB] openOrderEnd
[RECON][aggressive][SUMMARY] symbols_total=24 drift=23 missing_at_broker=5 unexpected_at_broker=12 pending_covers_drift=0 max_abs_drift_shares=296.00000000 cleanup_preview_rows=18
[RECON][aggressive][TOP]
symbol  expected_shares  broker_position  drift_shares pending_side  pending_qty  drift_after_pending           issue_kind  broker_avg_cost  state_last_price  price_hint
  HOOD              0.0          -296.00       -296.00          NaN          0.0              -296.00 unexpected_at_broker        66.849028               NaN         NaN
   NEM              0.0          -208.00       -208.00          NaN          0.0              -208.00 unexpected_at_broker       105.013459               NaN         NaN
  INTC              0.0          -200.00       -200.00          NaN          0.0              -200.00 unexpected_at_broker        43.021055               NaN         NaN
  AXTI             47.0          -145.00       -192.00          NaN          0.0              -192.00                drift        43.767041         64.180000   64.180000
  HIMS            157.0             0.00       -157.00          NaN          0.0              -157.00    missing_at_broker              NaN         19.440000   19.440000
  SMCI            130.0             0.00       -130.00          NaN          0.0              -130.00    missing_at_broker              NaN         22.185000   22.185000
  CRCL              0.0          -128.00       -128.00          NaN          0.0              -128.00 unexpected_at_broker        91.896055               NaN         NaN
  APLD           -116.0             0.00        116.00          NaN          0.0               116.00    missing_at_broker              NaN         26.260000   26.260000
  AAOI             26.0           -50.00        -76.00          NaN          0.0               -76.00                drift       110.757522        150.600000  150.600000
  APLS             74.0           141.00         67.00          NaN          0.0                67.00                drift        40.743779         40.790000   40.790000
   NKE             68.0             7.00        -61.00          NaN          0.0               -61.00                drift        44.221257         42.460000   42.460000
  OKLO             64.0             4.00        -60.00          NaN          0.0               -60.00                drift        48.420825         48.420825   48.420825
  RKLB              0.0           -48.00        -48.00          NaN          0.0               -48.00 unexpected_at_broker        60.656888               NaN         NaN
  APTV              0.0           -37.00        -37.00          NaN          0.0               -37.00 unexpected_at_broker        59.701549               NaN         NaN
  SHOP              0.0           -33.00        -33.00          NaN          0.0               -33.00 unexpected_at_broker       113.881927               NaN         NaN
  MSTR              0.0            23.00         23.00          NaN          0.0                23.00 unexpected_at_broker       122.213478               NaN         NaN
  TSEM            -15.0             0.00         15.00          NaN          0.0                15.00    missing_at_broker         0.000000        187.010000  187.010000
  AMZN              0.0           -13.00        -13.00          NaN          0.0               -13.00 unexpected_at_broker       202.628269               NaN         NaN
  NVDA              0.0           -12.00        -12.00          NaN          0.0               -12.00 unexpected_at_broker       167.621475               NaN         NaN
  MSFT              0.0            11.00         11.00          NaN          0.0                11.00 unexpected_at_broker       366.220000               NaN         NaN
   CAR             10.0            19.00          9.00          NaN          0.0                 9.00                drift       286.074211        299.940000  299.940000
  AAPL              0.0             8.35          8.35          NaN          0.0                 8.35 unexpected_at_broker       250.948683               NaN         NaN
  SNDK              3.0             0.00         -3.00          NaN          0.0                -3.00    missing_at_broker              NaN        851.770000  851.770000
[RECON][aggressive][CLEANUP_PREVIEW]
symbol cleanup_side  cleanup_qty       cleanup_reason  broker_avg_cost  broker_position  expected_shares pending_side  pending_qty
  HOOD          BUY       296.00 unexpected_at_broker        66.849028          -296.00              0.0          NaN          0.0
   NEM          BUY       208.00 unexpected_at_broker       105.013459          -208.00              0.0          NaN          0.0
  INTC          BUY       200.00 unexpected_at_broker        43.021055          -200.00              0.0          NaN          0.0
  AXTI          BUY       145.00                drift        43.767041          -145.00             47.0          NaN          0.0
  APLS         SELL       141.00                drift        40.743779           141.00             74.0          NaN          0.0
  CRCL          BUY       128.00 unexpected_at_broker        91.896055          -128.00              0.0          NaN          0.0
  AAOI          BUY        50.00                drift       110.757522           -50.00             26.0          NaN          0.0
  RKLB          BUY        48.00 unexpected_at_broker        60.656888           -48.00              0.0          NaN          0.0
  APTV          BUY        37.00 unexpected_at_broker        59.701549           -37.00              0.0          NaN          0.0
  SHOP          BUY        33.00 unexpected_at_broker       113.881927           -33.00              0.0          NaN          0.0
  MSTR         SELL        23.00 unexpected_at_broker       122.213478            23.00              0.0          NaN          0.0
   CAR         SELL        19.00                drift       286.074211            19.00             10.0          NaN          0.0
  AMZN          BUY        13.00 unexpected_at_broker       202.628269           -13.00              0.0          NaN          0.0
  NVDA          BUY        12.00 unexpected_at_broker       167.621475           -12.00              0.0          NaN          0.0
  MSFT         SELL        11.00 unexpected_at_broker       366.220000            11.00              0.0          NaN          0.0
  AAPL         SELL         8.35 unexpected_at_broker       250.948683             8.35              0.0          NaN          0.0
   NKE         SELL         7.00                drift        44.221257             7.00             68.0          NaN          0.0
  OKLO         SELL         4.00                drift        48.420825             4.00             64.0          NaN          0.0
[ARTIFACT] artifacts\execution_loop\aggressive\broker_positions.csv
[ARTIFACT] artifacts\execution_loop\aggressive\broker_open_orders.csv
[ARTIFACT] artifacts\execution_loop\aggressive\broker_pending.csv
[ARTIFACT] artifacts\execution_loop\aggressive\broker_reconcile.csv
[ARTIFACT] artifacts\execution_loop\aggressive\broker_cleanup_preview.csv
[ARTIFACT] artifacts\execution_loop\aggressive\broker_reconcile_summary.json
[FINAL] IBKR broker reconcile complete
[FINAL] daily cycle complete