PS C:\Users\Dmytro Govor\Documents\Python-Edge> python .\scripts\run_execution_loop.py
[CFG] live_feature_snapshot_file=artifacts\live_alpha\live_feature_snapshot.parquet
[CFG] freeze_root=artifacts\freeze_runner
[CFG] execution_root=artifacts\execution_loop
[CFG] account_nav=100000.0
[CFG] configs=['optimal', 'aggressive']
[CFG] allow_fractional_shares=0 fractional_mode=auto fractional_enabled_effective=0 min_order_notional=25.0 skip_empty_freeze_configs=1 require_freeze_date_match_live_prices=1
[CFG] max_single_name_weight=0.05 max_single_name_notional=10000.0 min_price_to_trade=1.0 max_price_to_trade=1000000.0
[CFG] commission_bps=0.5 commission_min_per_order=0.35 slippage_bps=1.5
[CFG] align_state_from_broker_once=1 align_state_require_broker_positions=1 align_state_cash_mode=preserve_nav
[DATA] current_date=2026-04-01 price_col=close symbols=175 snapshot_fallback_count=0
[EXEC][optimal] loading freeze artifacts
[EXEC][optimal][ALIGN] requested=1 applied=0 reason=already_applied marker=artifacts\execution_loop\optimal\state_alignment_once.json
[EXEC][optimal] starting_nav=78580.97 ending_nav=78579.97 cash_after=78614.77 market_value_after=-34.80 nav_recon_error=0.000000 order_count=2 active_names=3 gross_target=0.1000 price_col=close merged_missing_prices=0 fallback_price_rows=0 mtm_fallback_count=0 fractional_enabled_effective=0 bootstrap_only=0 skip_reason=
[EXEC][optimal][RISK] dropped_price_below_min=0 dropped_price_above_max=0 clipped_weight_cap=0 clipped_notional_cap=0
[EXEC][optimal][DIAG] already_at_target=0 below_min_notional=1 rounded_to_zero_from_nonzero_target=0 entered_new_position=0 exited_position=0 increased_existing_position=0 decreased_existing_position=2 symbol_only_in_state=0 symbol_only_in_target=1
[EXEC][optimal][COST] estimated_commission_total=0.7000 estimated_slippage_total=0.2917 estimated_total_cost=0.9917
[EXEC][optimal][ORDERS_TOP]
symbol order_side  current_shares  target_shares_raw  target_shares  raw_delta_shares  delta_shares  price  order_notional  target_weight  estimated_commission  estimated_slippage  estimated_total_cost        skip_reason
  TSEM        BUY           -26.0         -21.003091          -21.0               5.0           5.0 187.07          935.35      -0.050000                  0.35            0.140302              0.490302
  HIMS       HOLD             0.0           1.515621            1.0               1.0           0.0  19.84            0.00       0.000383                  0.00            0.000000              0.000000 below_min_notional
  OKLO       SELL           102.0          81.110430           81.0             -21.0         -21.0  48.07        -1009.47       0.049617                  0.35            0.151420              0.501420
[EXEC][optimal][POSITIONS_MTM_TOP]
symbol  shares  last_price  market_value
  OKLO    81.0       48.07       3893.67
  TSEM   -21.0      187.07      -3928.47
[ARTIFACT] artifacts\execution_loop\optimal\target_book.csv
[ARTIFACT] artifacts\execution_loop\optimal\orders.csv
[ARTIFACT] artifacts\execution_loop\optimal\positions_mark_to_market.csv
[ARTIFACT] artifacts\execution_loop\optimal\portfolio_state.json
[ARTIFACT] artifacts\execution_loop\optimal\execution_log.csv
[ARTIFACT] artifacts\execution_loop\optimal\state_alignment_once.json
[EXEC][aggressive] loading freeze artifacts
[EXEC][aggressive][ALIGN] requested=1 applied=0 reason=already_applied marker=artifacts\execution_loop\aggressive\state_alignment_once.json
[EXEC][aggressive] starting_nav=82924.42 ending_nav=82922.91 cash_after=78798.47 market_value_after=4124.44 nav_recon_error=0.000000 order_count=3 active_names=3 gross_target=0.1500 price_col=close merged_missing_prices=0 fallback_price_rows=0 mtm_fallback_count=0 fractional_enabled_effective=0 bootstrap_only=0 skip_reason=
[EXEC][aggressive][RISK] dropped_price_below_min=0 dropped_price_above_max=0 clipped_weight_cap=3 clipped_notional_cap=0
[EXEC][aggressive][DIAG] already_at_target=0 below_min_notional=0 rounded_to_zero_from_nonzero_target=0 entered_new_position=0 exited_position=0 increased_existing_position=0 decreased_existing_position=3 symbol_only_in_state=0 symbol_only_in_target=0
[EXEC][aggressive][COST] estimated_commission_total=1.0500 estimated_slippage_total=0.4596 estimated_total_cost=1.5096
[EXEC][aggressive][ORDERS_TOP]
symbol order_side  current_shares  target_shares_raw  target_shares  raw_delta_shares  delta_shares  price  order_notional  target_weight  estimated_commission  estimated_slippage  estimated_total_cost skip_reason
  TSEM        BUY           -27.0         -22.164007          -22.0               5.0           5.0 187.07          935.35          -0.05                  0.35            0.140302              0.490302
   NKE       SELL           116.0          92.902103           92.0             -24.0         -24.0  44.63        -1071.12           0.05                  0.35            0.160668              0.510668
  OKLO       SELL           108.0          86.253814           86.0             -22.0         -22.0  48.07        -1057.54           0.05                  0.35            0.158631              0.508631
[EXEC][aggressive][POSITIONS_MTM_TOP]
symbol  shares  last_price  market_value
  OKLO    86.0       48.07       4134.02
   NKE    92.0       44.63       4105.96
  TSEM   -22.0      187.07      -4115.54
[ARTIFACT] artifacts\execution_loop\aggressive\target_book.csv
[ARTIFACT] artifacts\execution_loop\aggressive\orders.csv
[ARTIFACT] artifacts\execution_loop\aggressive\positions_mark_to_market.csv
[ARTIFACT] artifacts\execution_loop\aggressive\portfolio_state.json
[ARTIFACT] artifacts\execution_loop\aggressive\execution_log.csv
[ARTIFACT] artifacts\execution_loop\aggressive\state_alignment_once.json
[FINAL] execution loop complete

[EXIT] code=0