[CFG] live_alpha_snapshot_file=artifacts\live_alpha\live_alpha_snapshot.parquet
[CFG] universe_snapshot_file=artifacts\daily_cycle\universe\universe_snapshot.parquet
[CFG] out_dir=artifacts\freeze_runner
[CFG] require_universe_filter=1 require_universe_current_date_match=1 min_universe_survival_ratio=0.9000
[CFG] auto_refresh_live_alpha_on_date_mismatch=1 live_alpha_refresh_script=scripts\run_live_alpha_snapshot.py
[CFG] freeze_require_positive_replay_sharpe=0 freeze_min_replay_sharpe=0.0000 freeze_min_replay_cumret=0.0000 freeze_min_live_active_names=1
[CFG] component_prefilter min_proxy_train_sharpe=0.0000 min_abs_mean_ic=0.000000 basket_candidate_pool=8 basket_max_combos=40
[CFG] sign_source=last_fold require_recent_sign=0
[CFG] frozen wf=120/20/20 components=4 weighting=ic
[UNIVERSE_FILTER] applied=1 universe_selected_current=175 present_in_panel_current=175 missing_in_panel_current=0 survival_ratio_current=1.0000 panel_rows_before_filter=31675 panel_rows_after_filter=31675 live_snapshot_current_date=2026-04-01
[DATA] rows=31675 symbols=175 alpha_cols=1163 first_date=2025-07-15 last_date=2026-04-01
[FREEZE] last_completed_fold fold_id=3 train=2025-09-10..2026-03-03 test=2026-03-04..2026-03-31
[COMPONENTS][ALL_CANDIDATES_TOP]
                                            alpha  train_abs_mean_ic  proxy_train_sharpe  train_sign_locked  last_fold_abs_mean_ic  last_fold_mean_ic  last_fold_sign_locked  effective_sign_locked sign_source_used
alpha_overnight_drift_20d_raw_regime_breadth_rank           0.217509            2.240984                1.0               0.258702           0.029597                    1.0                    1.0     last_fold_ic
          alpha_gap_lag1_regime_breadth_rank_lag1           0.191329            0.629349                1.0               0.296057          -0.033007                   -1.0                   -1.0     last_fold_ic
      alpha_momentum_20d_cube_regime_breadth_rank           0.183294            1.301852                1.0               0.171939          -0.017267                   -1.0                   -1.0     last_fold_ic
       alpha_momentum_20d_raw_rank_mul_breadth_hi           0.183294            1.301852                1.0               0.171939          -0.017267                   -1.0                   -1.0     last_fold_ic
       alpha_momentum_20d_raw_rank_mul_breadth_lo           0.183294            1.301852                1.0               0.171939          -0.017267                   -1.0                   -1.0     last_fold_ic
     alpha_momentum_20d_raw_rank_mul_breadth_rank           0.183294            1.301852                1.0               0.171939          -0.017267                   -1.0                   -1.0     last_fold_ic
        alpha_momentum_20d_raw_rank_mul_breadth_z           0.183294            1.301852                1.0               0.171939          -0.017267                   -1.0                   -1.0     last_fold_ic
        alpha_momentum_20d_raw_raw_mul_breadth_hi           0.183294            1.301852                1.0               0.171939          -0.017267                   -1.0                   -1.0     last_fold_ic
        alpha_momentum_20d_raw_raw_mul_breadth_lo           0.183294            1.301852                1.0               0.171939          -0.017267                   -1.0                   -1.0     last_fold_ic
      alpha_momentum_20d_raw_raw_mul_breadth_rank           0.183294            1.301852                1.0               0.171939          -0.017267                   -1.0                   -1.0     last_fold_ic
[COMPONENTS][optimal] selected_by_basket_search component_count=4 pool_size=8 combos_evaluated=40
                                            alpha  train_abs_mean_ic  proxy_train_sharpe  train_sign_locked  last_fold_abs_mean_ic  last_fold_mean_ic  last_fold_sign_locked  effective_sign_locked sign_source_used
alpha_overnight_drift_20d_raw_regime_breadth_rank           0.217509            2.240984                1.0               0.258702           0.029597                    1.0                    1.0     last_fold_ic
       alpha_momentum_20d_raw_rank_mul_breadth_hi           0.183294            1.301852                1.0               0.171939          -0.017267                   -1.0                   -1.0     last_fold_ic
       alpha_momentum_20d_raw_rank_mul_breadth_lo           0.183294            1.301852                1.0               0.171939          -0.017267                   -1.0                   -1.0     last_fold_ic
        alpha_momentum_20d_raw_raw_mul_breadth_hi           0.183294            1.301852                1.0               0.171939          -0.017267                   -1.0                   -1.0     last_fold_ic
[BASKET_SEARCH][optimal][TOP]
 basket_id                                                                                                                                                                           alpha_list  component_count  train_abs_mean_ic_avg  proxy_train_sharpe_avg  last_fold_abs_mean_ic_avg  last_fold_proxy_sharpe_avg  replay_sharpe_last_fold  replay_cumret_last_fold  replay_max_drawdown_last_fold  replay_avg_turnover_last_fold
        28    alpha_overnight_drift_20d_raw_regime_breadth_rank|alpha_momentum_20d_raw_rank_mul_breadth_hi|alpha_momentum_20d_raw_rank_mul_breadth_lo|alpha_momentum_20d_raw_raw_mul_breadth_hi                4               0.191848                1.536635                   0.193629                   -0.511787                 6.881675                 0.040467                      -0.007543                        0.02369
        30  alpha_overnight_drift_20d_raw_regime_breadth_rank|alpha_momentum_20d_raw_rank_mul_breadth_hi|alpha_momentum_20d_raw_rank_mul_breadth_rank|alpha_momentum_20d_raw_raw_mul_breadth_hi                4               0.191848                1.536635                   0.193629                   -0.511787                 6.881675                 0.040467                      -0.007543                        0.02369
        31     alpha_overnight_drift_20d_raw_regime_breadth_rank|alpha_momentum_20d_raw_rank_mul_breadth_hi|alpha_momentum_20d_raw_rank_mul_breadth_z|alpha_momentum_20d_raw_raw_mul_breadth_hi                4               0.191848                1.536635                   0.193629                   -0.511787                 6.881675                 0.040467                      -0.007543                        0.02369
        33  alpha_overnight_drift_20d_raw_regime_breadth_rank|alpha_momentum_20d_raw_rank_mul_breadth_lo|alpha_momentum_20d_raw_rank_mul_breadth_rank|alpha_momentum_20d_raw_raw_mul_breadth_hi                4               0.191848                1.536635                   0.193629                   -0.511787                 6.881675                 0.040467                      -0.007543                        0.02369
        34     alpha_overnight_drift_20d_raw_regime_breadth_rank|alpha_momentum_20d_raw_rank_mul_breadth_lo|alpha_momentum_20d_raw_rank_mul_breadth_z|alpha_momentum_20d_raw_raw_mul_breadth_hi                4               0.191848                1.536635                   0.193629                   -0.511787                 6.881675                 0.040467                      -0.007543                        0.02369
        35   alpha_overnight_drift_20d_raw_regime_breadth_rank|alpha_momentum_20d_raw_rank_mul_breadth_rank|alpha_momentum_20d_raw_rank_mul_breadth_z|alpha_momentum_20d_raw_raw_mul_breadth_hi                4               0.191848                1.536635                   0.193629                   -0.511787                 6.881675                 0.040467                      -0.007543                        0.02369
        26 alpha_overnight_drift_20d_raw_regime_breadth_rank|alpha_momentum_20d_raw_rank_mul_breadth_hi|alpha_momentum_20d_raw_rank_mul_breadth_lo|alpha_momentum_20d_raw_rank_mul_breadth_rank                4               0.191848                1.536635                   0.193629                   -0.511787                 6.881675                 0.040467                      -0.007543                        0.02369
        27    alpha_overnight_drift_20d_raw_regime_breadth_rank|alpha_momentum_20d_raw_rank_mul_breadth_hi|alpha_momentum_20d_raw_rank_mul_breadth_lo|alpha_momentum_20d_raw_rank_mul_breadth_z                4               0.191848                1.536635                   0.193629                   -0.511787                 6.881675                 0.040467                      -0.007543                        0.02369
        29  alpha_overnight_drift_20d_raw_regime_breadth_rank|alpha_momentum_20d_raw_rank_mul_breadth_hi|alpha_momentum_20d_raw_rank_mul_breadth_rank|alpha_momentum_20d_raw_rank_mul_breadth_z                4               0.191848                1.536635                   0.193629                   -0.511787                 6.881675                 0.040467                      -0.007543                        0.02369
        32  alpha_overnight_drift_20d_raw_regime_breadth_rank|alpha_momentum_20d_raw_rank_mul_breadth_lo|alpha_momentum_20d_raw_rank_mul_breadth_rank|alpha_momentum_20d_raw_rank_mul_breadth_z                4               0.191848                1.536635                   0.193629                   -0.511787                 6.881675                 0.040467                      -0.007543                        0.02369
[FREEZE][optimal] live_active_names_raw=3 live_active_names=3 live_gate_passed=1 live_gate_reason=passed replay_sharpe_last_fold=6.8817 replay_cumret_last_fold=0.0405 avg_turnover=0.0237 avg_gross=0.2833
[FREEZE][optimal][UNIVERSE] applied=1 selected_current=175 present_in_panel_current=175 survival_ratio_current=1.0000 live_snapshot_current_date=2026-04-01
[FREEZE][optimal][LIVE_BOOK_TOP]
symbol    weight     score  side market_regime  long_budget  short_budget  turnover
  OKLO  0.049617  3.023545   1.0       neutral          0.5           0.5      0.05
  HIMS  0.000383  2.234084   1.0       neutral          0.5           0.5      0.05
  TSEM -0.050000 -3.774785  -1.0       neutral          0.5           0.5      0.05
[COMPONENTS][aggressive] selected_by_basket_search component_count=4 pool_size=8 combos_evaluated=40
                                            alpha  train_abs_mean_ic  proxy_train_sharpe  train_sign_locked  last_fold_abs_mean_ic  last_fold_mean_ic  last_fold_sign_locked  effective_sign_locked sign_source_used
alpha_overnight_drift_20d_raw_regime_breadth_rank           0.217509            2.240984                1.0               0.258702           0.029597                    1.0                    1.0     last_fold_ic
          alpha_gap_lag1_regime_breadth_rank_lag1           0.191329            0.629349                1.0               0.296057          -0.033007                   -1.0                   -1.0     last_fold_ic
      alpha_momentum_20d_cube_regime_breadth_rank           0.183294            1.301852                1.0               0.171939          -0.017267                   -1.0                   -1.0     last_fold_ic
       alpha_momentum_20d_raw_rank_mul_breadth_hi           0.183294            1.301852                1.0               0.171939          -0.017267                   -1.0                   -1.0     last_fold_ic
[BASKET_SEARCH][aggressive][TOP]
 basket_id                                                                                                                                                                         alpha_list  component_count  train_abs_mean_ic_avg  proxy_train_sharpe_avg  last_fold_abs_mean_ic_avg  last_fold_proxy_sharpe_avg  replay_sharpe_last_fold  replay_cumret_last_fold  replay_max_drawdown_last_fold  replay_avg_turnover_last_fold
         1   alpha_overnight_drift_20d_raw_regime_breadth_rank|alpha_gap_lag1_regime_breadth_rank_lag1|alpha_momentum_20d_cube_regime_breadth_rank|alpha_momentum_20d_raw_rank_mul_breadth_hi                4               0.193856                1.368509                   0.224659                   -0.606422                 6.195412                 0.192310                      -0.045386                       0.039029
         2   alpha_overnight_drift_20d_raw_regime_breadth_rank|alpha_gap_lag1_regime_breadth_rank_lag1|alpha_momentum_20d_cube_regime_breadth_rank|alpha_momentum_20d_raw_rank_mul_breadth_lo                4               0.193856                1.368509                   0.224659                   -0.606422                 6.195412                 0.192310                      -0.045386                       0.039029
         3 alpha_overnight_drift_20d_raw_regime_breadth_rank|alpha_gap_lag1_regime_breadth_rank_lag1|alpha_momentum_20d_cube_regime_breadth_rank|alpha_momentum_20d_raw_rank_mul_breadth_rank                4               0.193856                1.368509                   0.224659                   -0.606422                 6.195412                 0.192310                      -0.045386                       0.039029
         4    alpha_overnight_drift_20d_raw_regime_breadth_rank|alpha_gap_lag1_regime_breadth_rank_lag1|alpha_momentum_20d_cube_regime_breadth_rank|alpha_momentum_20d_raw_rank_mul_breadth_z                4               0.193856                1.368509                   0.224659                   -0.606422                 6.195412                 0.192310                      -0.045386                       0.039029
         5    alpha_overnight_drift_20d_raw_regime_breadth_rank|alpha_gap_lag1_regime_breadth_rank_lag1|alpha_momentum_20d_cube_regime_breadth_rank|alpha_momentum_20d_raw_raw_mul_breadth_hi                4               0.193856                1.368509                   0.224659                   -0.606422                 6.195412                 0.192310                      -0.045386                       0.039029
        39           alpha_gap_lag1_regime_breadth_rank_lag1|alpha_momentum_20d_cube_regime_breadth_rank|alpha_momentum_20d_raw_rank_mul_breadth_hi|alpha_momentum_20d_raw_raw_mul_breadth_hi                4               0.185303                1.133726                   0.202968                   -1.298706                 6.138734                 0.200202                      -0.046416                       0.038554
        36          alpha_gap_lag1_regime_breadth_rank_lag1|alpha_momentum_20d_cube_regime_breadth_rank|alpha_momentum_20d_raw_rank_mul_breadth_hi|alpha_momentum_20d_raw_rank_mul_breadth_lo                4               0.185303                1.133726                   0.202968                   -1.298706                 6.138734                 0.200202                      -0.046416                       0.038554
        37        alpha_gap_lag1_regime_breadth_rank_lag1|alpha_momentum_20d_cube_regime_breadth_rank|alpha_momentum_20d_raw_rank_mul_breadth_hi|alpha_momentum_20d_raw_rank_mul_breadth_rank                4               0.185303                1.133726                   0.202968                   -1.298706                 6.138734                 0.200202                      -0.046416                       0.038554
        38           alpha_gap_lag1_regime_breadth_rank_lag1|alpha_momentum_20d_cube_regime_breadth_rank|alpha_momentum_20d_raw_rank_mul_breadth_hi|alpha_momentum_20d_raw_rank_mul_breadth_z                4               0.185303                1.133726                   0.202968                   -1.298706                 6.138734                 0.200202                      -0.046416                       0.038554
        40        alpha_gap_lag1_regime_breadth_rank_lag1|alpha_momentum_20d_cube_regime_breadth_rank|alpha_momentum_20d_raw_rank_mul_breadth_lo|alpha_momentum_20d_raw_rank_mul_breadth_rank                4               0.185303                1.133726                   0.202968                   -1.298706                 6.138734                 0.200202                      -0.046416                       0.038554
[FREEZE][aggressive] live_active_names_raw=3 live_active_names=3 live_gate_passed=1 live_gate_reason=passed replay_sharpe_last_fold=6.1954 replay_cumret_last_fold=0.1923 avg_turnover=0.0390 avg_gross=1.0000
[FREEZE][aggressive][UNIVERSE] applied=1 selected_current=175 present_in_panel_current=175 survival_ratio_current=1.0000 live_snapshot_current_date=2026-04-01
[FREEZE][aggressive][LIVE_BOOK_TOP]
symbol  weight      score  side market_regime  long_budget  short_budget  turnover
   NKE    0.25   7.825125   1.0       neutral          0.5           0.5      0.05
  OKLO    0.25  13.150262   1.0       neutral          0.5           0.5      0.05
  TSEM   -0.50 -84.405124  -1.0       neutral          0.5           0.5      0.05
[ARTIFACT] artifacts\freeze_runner\freeze_all_configs_summary.json
[FINAL] freeze runner complete





basket_id,alpha_list,component_count,train_abs_mean_ic_avg,proxy_train_sharpe_avg,last_fold_abs_mean_ic_avg,last_fold_proxy_sharpe_avg,replay_sharpe_last_fold,replay_cumret_last_fold,replay_max_drawdown_last_fold,replay_avg_turnover_last_fold
1,alpha_overnight_drift_20d_raw_regime_breadth_rank|alpha_gap_lag1_regime_breadth_rank_lag1|alpha_momentum_20d_cube_regime_breadth_rank|alpha_momentum_20d_raw_rank_mul_breadth_hi,4,0.19385647414305845,1.3685092950519464,0.22465886699507387,-0.6064216933741855,6.19541198954611,0.19231011432489753,-0.04538596409120943,0.03902866121716114
2,alpha_overnight_drift_20d_raw_regime_breadth_rank|alpha_gap_lag1_regime_breadth_rank_lag1|alpha_momentum_20d_cube_regime_breadth_rank|alpha_momentum_20d_raw_rank_mul_breadth_lo,4,0.19385647414305845,1.3685092950519464,0.22465886699507387,-0.6064216933741855,6.19541198954611,0.19231011432489753,-0.04538596409120943,0.03902866121716114
3,alpha_overnight_drift_20d_raw_regime_breadth_rank|alpha_gap_lag1_regime_breadth_rank_lag1|alpha_momentum_20d_cube_regime_breadth_rank|alpha_momentum_20d_raw_rank_mul_breadth_rank,4,0.19385647414305845,1.3685092950519464,0.22465886699507387,-0.6064216933741855,6.19541198954611,0.19231011432489753,-0.04538596409120943,0.03902866121716114
4,alpha_overnight_drift_20d_raw_regime_breadth_rank|alpha_gap_lag1_regime_breadth_rank_lag1|alpha_momentum_20d_cube_regime_breadth_rank|alpha_momentum_20d_raw_rank_mul_breadth_z,4,0.19385647414305845,1.3685092950519464,0.22465886699507387,-0.6064216933741855,6.19541198954611,0.19231011432489753,-0.04538596409120943,0.03902866121716114
5,alpha_overnight_drift_20d_raw_regime_breadth_rank|alpha_gap_lag1_regime_breadth_rank_lag1|alpha_momentum_20d_cube_regime_breadth_rank|alpha_momentum_20d_raw_raw_mul_breadth_hi,4,0.19385647414305845,1.3685092950519464,0.22465886699507387,-0.6064216933741855,6.195411989546108,0.1923101143248973,-0.04538596409120943,0.03902866121716114
39,alpha_gap_lag1_regime_breadth_rank_lag1|alpha_momentum_20d_cube_regime_breadth_rank|alpha_momentum_20d_raw_rank_mul_breadth_hi|alpha_momentum_20d_raw_raw_mul_breadth_hi,4,0.18530253398016128,1.1337261520717161,0.20296812024182714,-1.2987063144884965,6.13873447241841,0.20020214604059072,-0.04641553151523903,0.03855448454751695
36,alpha_gap_lag1_regime_breadth_rank_lag1|alpha_momentum_20d_cube_regime_breadth_rank|alpha_momentum_20d_raw_rank_mul_breadth_hi|alpha_momentum_20d_raw_rank_mul_breadth_lo,4,0.18530253398016128,1.1337261520717161,0.20296812024182714,-1.2987063144884965,6.138734472418409,0.2002021460405905,-0.04641553151523903,0.038554484547516955
37,alpha_gap_lag1_regime_breadth_rank_lag1|alpha_momentum_20d_cube_regime_breadth_rank|alpha_momentum_20d_raw_rank_mul_breadth_hi|alpha_momentum_20d_raw_rank_mul_breadth_rank,4,0.18530253398016128,1.1337261520717161,0.20296812024182714,-1.2987063144884965,6.138734472418409,0.2002021460405905,-0.04641553151523903,0.038554484547516955
38,alpha_gap_lag1_regime_breadth_rank_lag1|alpha_momentum_20d_cube_regime_breadth_rank|alpha_momentum_20d_raw_rank_mul_breadth_hi|alpha_momentum_20d_raw_rank_mul_breadth_z,4,0.18530253398016128,1.1337261520717161,0.20296812024182714,-1.2987063144884965,6.138734472418409,0.2002021460405905,-0.04641553151523903,0.038554484547516955
40,alpha_gap_lag1_regime_breadth_rank_lag1|alpha_momentum_20d_cube_regime_breadth_rank|alpha_momentum_20d_raw_rank_mul_breadth_lo|alpha_momentum_20d_raw_rank_mul_breadth_rank,4,0.18530253398016128,1.1337261520717161,0.20296812024182714,-1.2987063144884965,6.138734472418409,0.2002021460405905,-0.04641553151523903,0.038554484547516955
16,alpha_overnight_drift_20d_raw_regime_breadth_rank|alpha_momentum_20d_cube_regime_breadth_rank|alpha_momentum_20d_raw_rank_mul_breadth_hi|alpha_momentum_20d_raw_rank_mul_breadth_lo,4,0.19184765963794184,1.5366350535819757,0.19362939431258397,-0.5117868081281562,5.7919640133058135,0.163222704725553,-0.03848481477034715,0.038168952800207004
17,alpha_overnight_drift_20d_raw_regime_breadth_rank|alpha_momentum_20d_cube_regime_breadth_rank|alpha_momentum_20d_raw_rank_mul_breadth_hi|alpha_momentum_20d_raw_rank_mul_breadth_rank,4,0.19184765963794184,1.5366350535819757,0.19362939431258397,-0.5117868081281562,5.7919640133058135,0.163222704725553,-0.03848481477034715,0.038168952800207004
18,alpha_overnight_drift_20d_raw_regime_breadth_rank|alpha_momentum_20d_cube_regime_breadth_rank|alpha_momentum_20d_raw_rank_mul_breadth_hi|alpha_momentum_20d_raw_rank_mul_breadth_z,4,0.19184765963794184,1.5366350535819757,0.19362939431258397,-0.5117868081281562,5.7919640133058135,0.163222704725553,-0.03848481477034715,0.038168952800207004
20,alpha_overnight_drift_20d_raw_regime_breadth_rank|alpha_momentum_20d_cube_regime_breadth_rank|alpha_momentum_20d_raw_rank_mul_breadth_lo|alpha_momentum_20d_raw_rank_mul_breadth_rank,4,0.19184765963794184,1.5366350535819757,0.19362939431258397,-0.5117868081281562,5.7919640133058135,0.163222704725553,-0.03848481477034715,0.038168952800207004
21,alpha_overnight_drift_20d_raw_regime_breadth_rank|alpha_momentum_20d_cube_regime_breadth_rank|alpha_momentum_20d_raw_rank_mul_breadth_lo|alpha_momentum_20d_raw_rank_mul_breadth_z,4,0.19184765963794184,1.5366350535819757,0.19362939431258397,-0.5117868081281562,5.7919640133058135,0.163222704725553,-0.03848481477034715,0.038168952800207004
23,alpha_overnight_drift_20d_raw_regime_breadth_rank|alpha_momentum_20d_cube_regime_breadth_rank|alpha_momentum_20d_raw_rank_mul_breadth_rank|alpha_momentum_20d_raw_rank_mul_breadth_z,4,0.19184765963794184,1.5366350535819757,0.19362939431258397,-0.5117868081281562,5.7919640133058135,0.163222704725553,-0.03848481477034715,0.038168952800207004
19,alpha_overnight_drift_20d_raw_regime_breadth_rank|alpha_momentum_20d_cube_regime_breadth_rank|alpha_momentum_20d_raw_rank_mul_breadth_hi|alpha_momentum_20d_raw_raw_mul_breadth_hi,4,0.19184765963794184,1.5366350535819757,0.19362939431258397,-0.5117868081281562,5.7919640133058135,0.16322270472555278,-0.03848481477034715,0.038168952800207004
22,alpha_overnight_drift_20d_raw_regime_breadth_rank|alpha_momentum_20d_cube_regime_breadth_rank|alpha_momentum_20d_raw_rank_mul_breadth_lo|alpha_momentum_20d_raw_raw_mul_breadth_hi,4,0.19184765963794184,1.5366350535819757,0.19362939431258397,-0.5117868081281562,5.7919640133058135,0.16322270472555278,-0.03848481477034715,0.038168952800207004
24,alpha_overnight_drift_20d_raw_regime_breadth_rank|alpha_momentum_20d_cube_regime_breadth_rank|alpha_momentum_20d_raw_rank_mul_breadth_rank|alpha_momentum_20d_raw_raw_mul_breadth_hi,4,0.19184765963794184,1.5366350535819757,0.19362939431258397,-0.5117868081281562,5.7919640133058135,0.16322270472555278,-0.03848481477034715,0.038168952800207004
25,alpha_overnight_drift_20d_raw_regime_breadth_rank|alpha_momentum_20d_cube_regime_breadth_rank|alpha_momentum_20d_raw_rank_mul_breadth_z|alpha_momentum_20d_raw_raw_mul_breadth_hi,4,0.19184765963794184,1.5366350535819757,0.19362939431258397,-0.5117868081281562,5.7919640133058135,0.16322270472555278,-0.03848481477034715,0.038168952800207004
28,alpha_overnight_drift_20d_raw_regime_breadth_rank|alpha_momentum_20d_raw_rank_mul_breadth_hi|alpha_momentum_20d_raw_rank_mul_breadth_lo|alpha_momentum_20d_raw_raw_mul_breadth_hi,4,0.19184765963794184,1.5366350535819757,0.19362939431258397,-0.5117868081281562,5.115868977981496,0.11131735284401234,-0.03190388222546203,0.03054815707958992
30,alpha_overnight_drift_20d_raw_regime_breadth_rank|alpha_momentum_20d_raw_rank_mul_breadth_hi|alpha_momentum_20d_raw_rank_mul_breadth_rank|alpha_momentum_20d_raw_raw_mul_breadth_hi,4,0.19184765963794184,1.5366350535819757,0.19362939431258397,-0.5117868081281562,5.115868977981496,0.11131735284401234,-0.03190388222546203,0.03054815707958992
31,alpha_overnight_drift_20d_raw_regime_breadth_rank|alpha_momentum_20d_raw_rank_mul_breadth_hi|alpha_momentum_20d_raw_rank_mul_breadth_z|alpha_momentum_20d_raw_raw_mul_breadth_hi,4,0.19184765963794184,1.5366350535819757,0.19362939431258397,-0.5117868081281562,5.115868977981496,0.11131735284401234,-0.03190388222546203,0.03054815707958992
33,alpha_overnight_drift_20d_raw_regime_breadth_rank|alpha_momentum_20d_raw_rank_mul_breadth_lo|alpha_momentum_20d_raw_rank_mul_breadth_rank|alpha_momentum_20d_raw_raw_mul_breadth_hi,4,0.19184765963794184,1.5366350535819757,0.19362939431258397,-0.5117868081281562,5.115868977981496,0.11131735284401234,-0.03190388222546203,0.03054815707958992
34,alpha_overnight_drift_20d_raw_regime_breadth_rank|alpha_momentum_20d_raw_rank_mul_breadth_lo|alpha_momentum_20d_raw_rank_mul_breadth_z|alpha_momentum_20d_raw_raw_mul_breadth_hi,4,0.19184765963794184,1.5366350535819757,0.19362939431258397,-0.5117868081281562,5.115868977981496,0.11131735284401234,-0.03190388222546203,0.03054815707958992
35,alpha_overnight_drift_20d_raw_regime_breadth_rank|alpha_momentum_20d_raw_rank_mul_breadth_rank|alpha_momentum_20d_raw_rank_mul_breadth_z|alpha_momentum_20d_raw_raw_mul_breadth_hi,4,0.19184765963794184,1.5366350535819757,0.19362939431258397,-0.5117868081281562,5.115868977981496,0.11131735284401234,-0.03190388222546203,0.03054815707958992
26,alpha_overnight_drift_20d_raw_regime_breadth_rank|alpha_momentum_20d_raw_rank_mul_breadth_hi|alpha_momentum_20d_raw_rank_mul_breadth_lo|alpha_momentum_20d_raw_rank_mul_breadth_rank,4,0.19184765963794184,1.5366350535819757,0.19362939431258397,-0.5117868081281562,5.115868977981495,0.11131735284401256,-0.03190388222546203,0.030548157079589928
27,alpha_overnight_drift_20d_raw_regime_breadth_rank|alpha_momentum_20d_raw_rank_mul_breadth_hi|alpha_momentum_20d_raw_rank_mul_breadth_lo|alpha_momentum_20d_raw_rank_mul_breadth_z,4,0.19184765963794184,1.5366350535819757,0.19362939431258397,-0.5117868081281562,5.115868977981495,0.11131735284401256,-0.03190388222546203,0.030548157079589928
29,alpha_overnight_drift_20d_raw_regime_breadth_rank|alpha_momentum_20d_raw_rank_mul_breadth_hi|alpha_momentum_20d_raw_rank_mul_breadth_rank|alpha_momentum_20d_raw_rank_mul_breadth_z,4,0.19184765963794184,1.5366350535819757,0.19362939431258397,-0.5117868081281562,5.115868977981495,0.11131735284401256,-0.03190388222546203,0.030548157079589928
32,alpha_overnight_drift_20d_raw_regime_breadth_rank|alpha_momentum_20d_raw_rank_mul_breadth_lo|alpha_momentum_20d_raw_rank_mul_breadth_rank|alpha_momentum_20d_raw_rank_mul_breadth_z,4,0.19184765963794184,1.5366350535819757,0.19362939431258397,-0.5117868081281562,5.115868977981495,0.11131735284401256,-0.03190388222546203,0.030548157079589928
6,alpha_overnight_drift_20d_raw_regime_breadth_rank|alpha_gap_lag1_regime_breadth_rank_lag1|alpha_momentum_20d_raw_rank_mul_breadth_hi|alpha_momentum_20d_raw_rank_mul_breadth_lo,4,0.19385647414305845,1.3685092950519464,0.22465886699507387,-0.6064216933741855,0.10070478185415419,-0.002589293904455059,-0.1156407688107901,0.043759702560658024
7,alpha_overnight_drift_20d_raw_regime_breadth_rank|alpha_gap_lag1_regime_breadth_rank_lag1|alpha_momentum_20d_raw_rank_mul_breadth_hi|alpha_momentum_20d_raw_rank_mul_breadth_rank,4,0.19385647414305845,1.3685092950519464,0.22465886699507387,-0.6064216933741855,0.10070478185415419,-0.002589293904455059,-0.1156407688107901,0.043759702560658024
8,alpha_overnight_drift_20d_raw_regime_breadth_rank|alpha_gap_lag1_regime_breadth_rank_lag1|alpha_momentum_20d_raw_rank_mul_breadth_hi|alpha_momentum_20d_raw_rank_mul_breadth_z,4,0.19385647414305845,1.3685092950519464,0.22465886699507387,-0.6064216933741855,0.10070478185415419,-0.002589293904455059,-0.1156407688107901,0.043759702560658024
10,alpha_overnight_drift_20d_raw_regime_breadth_rank|alpha_gap_lag1_regime_breadth_rank_lag1|alpha_momentum_20d_raw_rank_mul_breadth_lo|alpha_momentum_20d_raw_rank_mul_breadth_rank,4,0.19385647414305845,1.3685092950519464,0.22465886699507387,-0.6064216933741855,0.10070478185415419,-0.002589293904455059,-0.1156407688107901,0.043759702560658024
11,alpha_overnight_drift_20d_raw_regime_breadth_rank|alpha_gap_lag1_regime_breadth_rank_lag1|alpha_momentum_20d_raw_rank_mul_breadth_lo|alpha_momentum_20d_raw_rank_mul_breadth_z,4,0.19385647414305845,1.3685092950519464,0.22465886699507387,-0.6064216933741855,0.10070478185415419,-0.002589293904455059,-0.1156407688107901,0.043759702560658024
13,alpha_overnight_drift_20d_raw_regime_breadth_rank|alpha_gap_lag1_regime_breadth_rank_lag1|alpha_momentum_20d_raw_rank_mul_breadth_rank|alpha_momentum_20d_raw_rank_mul_breadth_z,4,0.19385647414305845,1.3685092950519464,0.22465886699507387,-0.6064216933741855,0.10070478185415419,-0.002589293904455059,-0.1156407688107901,0.043759702560658024
9,alpha_overnight_drift_20d_raw_regime_breadth_rank|alpha_gap_lag1_regime_breadth_rank_lag1|alpha_momentum_20d_raw_rank_mul_breadth_hi|alpha_momentum_20d_raw_raw_mul_breadth_hi,4,0.19385647414305845,1.3685092950519464,0.22465886699507387,-0.6064216933741855,0.10070478185415406,-0.002589293904455614,-0.1156407688107901,0.043759702560658024
12,alpha_overnight_drift_20d_raw_regime_breadth_rank|alpha_gap_lag1_regime_breadth_rank_lag1|alpha_momentum_20d_raw_rank_mul_breadth_lo|alpha_momentum_20d_raw_raw_mul_breadth_hi,4,0.19385647414305845,1.3685092950519464,0.22465886699507387,-0.6064216933741855,0.10070478185415406,-0.002589293904455614,-0.1156407688107901,0.043759702560658024
14,alpha_overnight_drift_20d_raw_regime_breadth_rank|alpha_gap_lag1_regime_breadth_rank_lag1|alpha_momentum_20d_raw_rank_mul_breadth_rank|alpha_momentum_20d_raw_raw_mul_breadth_hi,4,0.19385647414305845,1.3685092950519464,0.22465886699507387,-0.6064216933741855,0.10070478185415406,-0.002589293904455614,-0.1156407688107901,0.043759702560658024
15,alpha_overnight_drift_20d_raw_regime_breadth_rank|alpha_gap_lag1_regime_breadth_rank_lag1|alpha_momentum_20d_raw_rank_mul_breadth_z|alpha_momentum_20d_raw_raw_mul_breadth_hi,4,0.19385647414305845,1.3685092950519464,0.22465886699507387,-0.6064216933741855,0.10070478185415406,-0.002589293904455614,-0.1156407688107901,0.043759702560658024





candidate,alpha,regime,kind,train_abs_mean_ic,train_mean_ic,train_sign_locked,proxy_train_sharpe,last_fold_abs_mean_ic,last_fold_mean_ic,last_fold_proxy_sharpe,last_fold_sign_locked,last_fold_sign_available,effective_sign_locked,sign_source_used
alpha_overnight_drift_20d_raw_regime_breadth_rank,alpha_overnight_drift_20d_raw_regime_breadth_rank,none,base,0.21750948012663335,0.03634367179703191,1.0,2.240984482522666,0.25870163457232426,0.029597066726377064,1.5650670552147765,1.0,1,1.0,last_fold_ic
alpha_gap_lag1_regime_breadth_rank_lag1,alpha_gap_lag1_regime_breadth_rank_lag1,none,base,0.19132897749551106,0.009640553688539081,1.0,0.6293488764816276,0.2960565382892969,-0.033006605463502016,-1.582610970226584,-1.0,1,-1.0,last_fold_ic
alpha_momentum_20d_cube_regime_breadth_rank,alpha_momentum_20d_cube_regime_breadth_rank,none,base,0.1832937194750447,0.01817008161864821,1.0,1.3018519106017457,0.17193864755933724,-0.017266905508284813,-1.2040714292424672,-1.0,1,-1.0,last_fold_ic
alpha_momentum_20d_raw_rank_mul_breadth_hi,alpha_momentum_20d_raw_rank_mul_breadth_hi,none,base,0.1832937194750447,0.01817008161864821,1.0,1.3018519106017457,0.17193864755933724,-0.017266905508284813,-1.2040714292424672,-1.0,1,-1.0,last_fold_ic





basket_id,alpha_list,component_count,train_abs_mean_ic_avg,proxy_train_sharpe_avg,last_fold_abs_mean_ic_avg,last_fold_proxy_sharpe_avg,replay_sharpe_last_fold,replay_cumret_last_fold,replay_max_drawdown_last_fold,replay_avg_turnover_last_fold
28,alpha_overnight_drift_20d_raw_regime_breadth_rank|alpha_momentum_20d_raw_rank_mul_breadth_hi|alpha_momentum_20d_raw_rank_mul_breadth_lo|alpha_momentum_20d_raw_raw_mul_breadth_hi,4,0.19184765963794184,1.5366350535819757,0.19362939431258397,-0.5117868081281562,6.881674896794784,0.040466622173118694,-0.007543041579582188,0.023689680924971163
30,alpha_overnight_drift_20d_raw_regime_breadth_rank|alpha_momentum_20d_raw_rank_mul_breadth_hi|alpha_momentum_20d_raw_rank_mul_breadth_rank|alpha_momentum_20d_raw_raw_mul_breadth_hi,4,0.19184765963794184,1.5366350535819757,0.19362939431258397,-0.5117868081281562,6.881674896794784,0.040466622173118694,-0.007543041579582188,0.023689680924971163
31,alpha_overnight_drift_20d_raw_regime_breadth_rank|alpha_momentum_20d_raw_rank_mul_breadth_hi|alpha_momentum_20d_raw_rank_mul_breadth_z|alpha_momentum_20d_raw_raw_mul_breadth_hi,4,0.19184765963794184,1.5366350535819757,0.19362939431258397,-0.5117868081281562,6.881674896794784,0.040466622173118694,-0.007543041579582188,0.023689680924971163
33,alpha_overnight_drift_20d_raw_regime_breadth_rank|alpha_momentum_20d_raw_rank_mul_breadth_lo|alpha_momentum_20d_raw_rank_mul_breadth_rank|alpha_momentum_20d_raw_raw_mul_breadth_hi,4,0.19184765963794184,1.5366350535819757,0.19362939431258397,-0.5117868081281562,6.881674896794784,0.040466622173118694,-0.007543041579582188,0.023689680924971163
34,alpha_overnight_drift_20d_raw_regime_breadth_rank|alpha_momentum_20d_raw_rank_mul_breadth_lo|alpha_momentum_20d_raw_rank_mul_breadth_z|alpha_momentum_20d_raw_raw_mul_breadth_hi,4,0.19184765963794184,1.5366350535819757,0.19362939431258397,-0.5117868081281562,6.881674896794784,0.040466622173118694,-0.007543041579582188,0.023689680924971163
35,alpha_overnight_drift_20d_raw_regime_breadth_rank|alpha_momentum_20d_raw_rank_mul_breadth_rank|alpha_momentum_20d_raw_rank_mul_breadth_z|alpha_momentum_20d_raw_raw_mul_breadth_hi,4,0.19184765963794184,1.5366350535819757,0.19362939431258397,-0.5117868081281562,6.881674896794784,0.040466622173118694,-0.007543041579582188,0.023689680924971163
26,alpha_overnight_drift_20d_raw_regime_breadth_rank|alpha_momentum_20d_raw_rank_mul_breadth_hi|alpha_momentum_20d_raw_rank_mul_breadth_lo|alpha_momentum_20d_raw_rank_mul_breadth_rank,4,0.19184765963794184,1.5366350535819757,0.19362939431258397,-0.5117868081281562,6.881674896794782,0.040466622173118694,-0.007543041579582188,0.023689680924971167
27,alpha_overnight_drift_20d_raw_regime_breadth_rank|alpha_momentum_20d_raw_rank_mul_breadth_hi|alpha_momentum_20d_raw_rank_mul_breadth_lo|alpha_momentum_20d_raw_rank_mul_breadth_z,4,0.19184765963794184,1.5366350535819757,0.19362939431258397,-0.5117868081281562,6.881674896794782,0.040466622173118694,-0.007543041579582188,0.023689680924971167
29,alpha_overnight_drift_20d_raw_regime_breadth_rank|alpha_momentum_20d_raw_rank_mul_breadth_hi|alpha_momentum_20d_raw_rank_mul_breadth_rank|alpha_momentum_20d_raw_rank_mul_breadth_z,4,0.19184765963794184,1.5366350535819757,0.19362939431258397,-0.5117868081281562,6.881674896794782,0.040466622173118694,-0.007543041579582188,0.023689680924971167
32,alpha_overnight_drift_20d_raw_regime_breadth_rank|alpha_momentum_20d_raw_rank_mul_breadth_lo|alpha_momentum_20d_raw_rank_mul_breadth_rank|alpha_momentum_20d_raw_rank_mul_breadth_z,4,0.19184765963794184,1.5366350535819757,0.19362939431258397,-0.5117868081281562,6.881674896794782,0.040466622173118694,-0.007543041579582188,0.023689680924971167
19,alpha_overnight_drift_20d_raw_regime_breadth_rank|alpha_momentum_20d_cube_regime_breadth_rank|alpha_momentum_20d_raw_rank_mul_breadth_hi|alpha_momentum_20d_raw_raw_mul_breadth_hi,4,0.19184765963794184,1.5366350535819757,0.19362939431258397,-0.5117868081281562,6.787307409555616,0.056983158360288444,-0.007438605995802261,0.0334677717012132
22,alpha_overnight_drift_20d_raw_regime_breadth_rank|alpha_momentum_20d_cube_regime_breadth_rank|alpha_momentum_20d_raw_rank_mul_breadth_lo|alpha_momentum_20d_raw_raw_mul_breadth_hi,4,0.19184765963794184,1.5366350535819757,0.19362939431258397,-0.5117868081281562,6.787307409555616,0.056983158360288444,-0.007438605995802261,0.0334677717012132
24,alpha_overnight_drift_20d_raw_regime_breadth_rank|alpha_momentum_20d_cube_regime_breadth_rank|alpha_momentum_20d_raw_rank_mul_breadth_rank|alpha_momentum_20d_raw_raw_mul_breadth_hi,4,0.19184765963794184,1.5366350535819757,0.19362939431258397,-0.5117868081281562,6.787307409555616,0.056983158360288444,-0.007438605995802261,0.0334677717012132
25,alpha_overnight_drift_20d_raw_regime_breadth_rank|alpha_momentum_20d_cube_regime_breadth_rank|alpha_momentum_20d_raw_rank_mul_breadth_z|alpha_momentum_20d_raw_raw_mul_breadth_hi,4,0.19184765963794184,1.5366350535819757,0.19362939431258397,-0.5117868081281562,6.787307409555616,0.056983158360288444,-0.007438605995802261,0.0334677717012132
16,alpha_overnight_drift_20d_raw_regime_breadth_rank|alpha_momentum_20d_cube_regime_breadth_rank|alpha_momentum_20d_raw_rank_mul_breadth_hi|alpha_momentum_20d_raw_rank_mul_breadth_lo,4,0.19184765963794184,1.5366350535819757,0.19362939431258397,-0.5117868081281562,6.787307409555615,0.056983158360288444,-0.007438605995802261,0.0334677717012132
17,alpha_overnight_drift_20d_raw_regime_breadth_rank|alpha_momentum_20d_cube_regime_breadth_rank|alpha_momentum_20d_raw_rank_mul_breadth_hi|alpha_momentum_20d_raw_rank_mul_breadth_rank,4,0.19184765963794184,1.5366350535819757,0.19362939431258397,-0.5117868081281562,6.787307409555615,0.056983158360288444,-0.007438605995802261,0.0334677717012132
18,alpha_overnight_drift_20d_raw_regime_breadth_rank|alpha_momentum_20d_cube_regime_breadth_rank|alpha_momentum_20d_raw_rank_mul_breadth_hi|alpha_momentum_20d_raw_rank_mul_breadth_z,4,0.19184765963794184,1.5366350535819757,0.19362939431258397,-0.5117868081281562,6.787307409555615,0.056983158360288444,-0.007438605995802261,0.0334677717012132
20,alpha_overnight_drift_20d_raw_regime_breadth_rank|alpha_momentum_20d_cube_regime_breadth_rank|alpha_momentum_20d_raw_rank_mul_breadth_lo|alpha_momentum_20d_raw_rank_mul_breadth_rank,4,0.19184765963794184,1.5366350535819757,0.19362939431258397,-0.5117868081281562,6.787307409555615,0.056983158360288444,-0.007438605995802261,0.0334677717012132
21,alpha_overnight_drift_20d_raw_regime_breadth_rank|alpha_momentum_20d_cube_regime_breadth_rank|alpha_momentum_20d_raw_rank_mul_breadth_lo|alpha_momentum_20d_raw_rank_mul_breadth_z,4,0.19184765963794184,1.5366350535819757,0.19362939431258397,-0.5117868081281562,6.787307409555615,0.056983158360288444,-0.007438605995802261,0.0334677717012132
23,alpha_overnight_drift_20d_raw_regime_breadth_rank|alpha_momentum_20d_cube_regime_breadth_rank|alpha_momentum_20d_raw_rank_mul_breadth_rank|alpha_momentum_20d_raw_rank_mul_breadth_z,4,0.19184765963794184,1.5366350535819757,0.19362939431258397,-0.5117868081281562,6.787307409555615,0.056983158360288444,-0.007438605995802261,0.0334677717012132
36,alpha_gap_lag1_regime_breadth_rank_lag1|alpha_momentum_20d_cube_regime_breadth_rank|alpha_momentum_20d_raw_rank_mul_breadth_hi|alpha_momentum_20d_raw_rank_mul_breadth_lo,4,0.18530253398016128,1.1337261520717161,0.20296812024182714,-1.2987063144884965,6.082468575637546,0.05546153313459756,-0.010221295619019966,0.032560052517652135
37,alpha_gap_lag1_regime_breadth_rank_lag1|alpha_momentum_20d_cube_regime_breadth_rank|alpha_momentum_20d_raw_rank_mul_breadth_hi|alpha_momentum_20d_raw_rank_mul_breadth_rank,4,0.18530253398016128,1.1337261520717161,0.20296812024182714,-1.2987063144884965,6.082468575637546,0.05546153313459756,-0.010221295619019966,0.032560052517652135
38,alpha_gap_lag1_regime_breadth_rank_lag1|alpha_momentum_20d_cube_regime_breadth_rank|alpha_momentum_20d_raw_rank_mul_breadth_hi|alpha_momentum_20d_raw_rank_mul_breadth_z,4,0.18530253398016128,1.1337261520717161,0.20296812024182714,-1.2987063144884965,6.082468575637546,0.05546153313459756,-0.010221295619019966,0.032560052517652135
40,alpha_gap_lag1_regime_breadth_rank_lag1|alpha_momentum_20d_cube_regime_breadth_rank|alpha_momentum_20d_raw_rank_mul_breadth_lo|alpha_momentum_20d_raw_rank_mul_breadth_rank,4,0.18530253398016128,1.1337261520717161,0.20296812024182714,-1.2987063144884965,6.082468575637546,0.05546153313459756,-0.010221295619019966,0.032560052517652135
39,alpha_gap_lag1_regime_breadth_rank_lag1|alpha_momentum_20d_cube_regime_breadth_rank|alpha_momentum_20d_raw_rank_mul_breadth_hi|alpha_momentum_20d_raw_raw_mul_breadth_hi,4,0.18530253398016128,1.1337261520717161,0.20296812024182714,-1.2987063144884965,6.082468575637545,0.05546153313459756,-0.010221295619019966,0.032560052517652135
1,alpha_overnight_drift_20d_raw_regime_breadth_rank|alpha_gap_lag1_regime_breadth_rank_lag1|alpha_momentum_20d_cube_regime_breadth_rank|alpha_momentum_20d_raw_rank_mul_breadth_hi,4,0.19385647414305845,1.3685092950519464,0.22465886699507387,-0.6064216933741855,6.049543088321454,0.05429705637645954,-0.010702877711391223,0.03505224157881404
2,alpha_overnight_drift_20d_raw_regime_breadth_rank|alpha_gap_lag1_regime_breadth_rank_lag1|alpha_momentum_20d_cube_regime_breadth_rank|alpha_momentum_20d_raw_rank_mul_breadth_lo,4,0.19385647414305845,1.3685092950519464,0.22465886699507387,-0.6064216933741855,6.049543088321454,0.05429705637645954,-0.010702877711391223,0.03505224157881404
3,alpha_overnight_drift_20d_raw_regime_breadth_rank|alpha_gap_lag1_regime_breadth_rank_lag1|alpha_momentum_20d_cube_regime_breadth_rank|alpha_momentum_20d_raw_rank_mul_breadth_rank,4,0.19385647414305845,1.3685092950519464,0.22465886699507387,-0.6064216933741855,6.049543088321454,0.05429705637645954,-0.010702877711391223,0.03505224157881404
4,alpha_overnight_drift_20d_raw_regime_breadth_rank|alpha_gap_lag1_regime_breadth_rank_lag1|alpha_momentum_20d_cube_regime_breadth_rank|alpha_momentum_20d_raw_rank_mul_breadth_z,4,0.19385647414305845,1.3685092950519464,0.22465886699507387,-0.6064216933741855,6.049543088321454,0.05429705637645954,-0.010702877711391223,0.03505224157881404
5,alpha_overnight_drift_20d_raw_regime_breadth_rank|alpha_gap_lag1_regime_breadth_rank_lag1|alpha_momentum_20d_cube_regime_breadth_rank|alpha_momentum_20d_raw_raw_mul_breadth_hi,4,0.19385647414305845,1.3685092950519464,0.22465886699507387,-0.6064216933741855,6.049543088321452,0.05429705637645954,-0.010702877711391223,0.03505224157881404
6,alpha_overnight_drift_20d_raw_regime_breadth_rank|alpha_gap_lag1_regime_breadth_rank_lag1|alpha_momentum_20d_raw_rank_mul_breadth_hi|alpha_momentum_20d_raw_rank_mul_breadth_lo,4,0.19385647414305845,1.3685092950519464,0.22465886699507387,-0.6064216933741855,2.066414513363481,0.009388004726480492,-0.012603503308758923,0.035209024297941045
7,alpha_overnight_drift_20d_raw_regime_breadth_rank|alpha_gap_lag1_regime_breadth_rank_lag1|alpha_momentum_20d_raw_rank_mul_breadth_hi|alpha_momentum_20d_raw_rank_mul_breadth_rank,4,0.19385647414305845,1.3685092950519464,0.22465886699507387,-0.6064216933741855,2.066414513363481,0.009388004726480492,-0.012603503308758923,0.035209024297941045
8,alpha_overnight_drift_20d_raw_regime_breadth_rank|alpha_gap_lag1_regime_breadth_rank_lag1|alpha_momentum_20d_raw_rank_mul_breadth_hi|alpha_momentum_20d_raw_rank_mul_breadth_z,4,0.19385647414305845,1.3685092950519464,0.22465886699507387,-0.6064216933741855,2.066414513363481,0.009388004726480492,-0.012603503308758923,0.035209024297941045
10,alpha_overnight_drift_20d_raw_regime_breadth_rank|alpha_gap_lag1_regime_breadth_rank_lag1|alpha_momentum_20d_raw_rank_mul_breadth_lo|alpha_momentum_20d_raw_rank_mul_breadth_rank,4,0.19385647414305845,1.3685092950519464,0.22465886699507387,-0.6064216933741855,2.066414513363481,0.009388004726480492,-0.012603503308758923,0.035209024297941045
11,alpha_overnight_drift_20d_raw_regime_breadth_rank|alpha_gap_lag1_regime_breadth_rank_lag1|alpha_momentum_20d_raw_rank_mul_breadth_lo|alpha_momentum_20d_raw_rank_mul_breadth_z,4,0.19385647414305845,1.3685092950519464,0.22465886699507387,-0.6064216933741855,2.066414513363481,0.009388004726480492,-0.012603503308758923,0.035209024297941045
13,alpha_overnight_drift_20d_raw_regime_breadth_rank|alpha_gap_lag1_regime_breadth_rank_lag1|alpha_momentum_20d_raw_rank_mul_breadth_rank|alpha_momentum_20d_raw_rank_mul_breadth_z,4,0.19385647414305845,1.3685092950519464,0.22465886699507387,-0.6064216933741855,2.066414513363481,0.009388004726480492,-0.012603503308758923,0.035209024297941045
9,alpha_overnight_drift_20d_raw_regime_breadth_rank|alpha_gap_lag1_regime_breadth_rank_lag1|alpha_momentum_20d_raw_rank_mul_breadth_hi|alpha_momentum_20d_raw_raw_mul_breadth_hi,4,0.19385647414305845,1.3685092950519464,0.22465886699507387,-0.6064216933741855,2.0664145133634766,0.009388004726480492,-0.012603503308758923,0.03520902429794105
12,alpha_overnight_drift_20d_raw_regime_breadth_rank|alpha_gap_lag1_regime_breadth_rank_lag1|alpha_momentum_20d_raw_rank_mul_breadth_lo|alpha_momentum_20d_raw_raw_mul_breadth_hi,4,0.19385647414305845,1.3685092950519464,0.22465886699507387,-0.6064216933741855,2.0664145133634766,0.009388004726480492,-0.012603503308758923,0.03520902429794105
14,alpha_overnight_drift_20d_raw_regime_breadth_rank|alpha_gap_lag1_regime_breadth_rank_lag1|alpha_momentum_20d_raw_rank_mul_breadth_rank|alpha_momentum_20d_raw_raw_mul_breadth_hi,4,0.19385647414305845,1.3685092950519464,0.22465886699507387,-0.6064216933741855,2.0664145133634766,0.009388004726480492,-0.012603503308758923,0.03520902429794105
15,alpha_overnight_drift_20d_raw_regime_breadth_rank|alpha_gap_lag1_regime_breadth_rank_lag1|alpha_momentum_20d_raw_rank_mul_breadth_z|alpha_momentum_20d_raw_raw_mul_breadth_hi,4,0.19385647414305845,1.3685092950519464,0.22465886699507387,-0.6064216933741855,2.0664145133634766,0.009388004726480492,-0.012603503308758923,0.03520902429794105




candidate,alpha,regime,kind,train_abs_mean_ic,train_mean_ic,train_sign_locked,proxy_train_sharpe,last_fold_abs_mean_ic,last_fold_mean_ic,last_fold_proxy_sharpe,last_fold_sign_locked,last_fold_sign_available,effective_sign_locked,sign_source_used
alpha_overnight_drift_20d_raw_regime_breadth_rank,alpha_overnight_drift_20d_raw_regime_breadth_rank,none,base,0.21750948012663335,0.03634367179703191,1.0,2.240984482522666,0.25870163457232426,0.029597066726377064,1.5650670552147765,1.0,1,1.0,last_fold_ic
alpha_momentum_20d_raw_rank_mul_breadth_hi,alpha_momentum_20d_raw_rank_mul_breadth_hi,none,base,0.1832937194750447,0.01817008161864821,1.0,1.3018519106017457,0.17193864755933724,-0.017266905508284813,-1.2040714292424672,-1.0,1,-1.0,last_fold_ic
alpha_momentum_20d_raw_rank_mul_breadth_lo,alpha_momentum_20d_raw_rank_mul_breadth_lo,none,base,0.1832937194750447,0.01817008161864821,1.0,1.3018519106017457,0.17193864755933724,-0.017266905508284813,-1.2040714292424672,-1.0,1,-1.0,last_fold_ic
alpha_momentum_20d_raw_raw_mul_breadth_hi,alpha_momentum_20d_raw_raw_mul_breadth_hi,none,base,0.1832937194750447,0.01817008161864821,1.0,1.3018519106017457,0.17193864755933724,-0.017266905508284813,-1.2040714292424672,-1.0,1,-1.0,last_fold_ic
