PS C:\Users\Dmytro Govor\Documents\Python-Edge> python .\scripts\run_universe_builder.py
[CFG] output_dir=artifacts\daily_cycle\universe
[CFG] universe_profile=trading_us_core_v1
[CFG] target_size=500 top_n=500
[CFG] history_lookback_days=45
[CFG] rebalance_freq=weekly reuse_last=True
[CFG] eligibility.min_price=7.5
[CFG] eligibility.min_median_dollar_vol_20d=10,000,000
[CFG] eligibility.min_history_days=25
[CFG] eligibility.allowed_ticker_types=('CS',)
[ELIG][universe_builder] candidates=5156 eligible=970 dropped=4186
[ELIG][universe_builder]   dropped_price=1805
[ELIG][universe_builder]   dropped_liquidity=4164
[ELIG][universe_builder]   dropped_history=4157
[ELIG][universe_builder]   dropped_nan_ratio=4156
[ELIG][universe_builder]   dropped_missing_days=4157
[OK] snapshot=artifacts\daily_cycle\universe\universe_snapshot.parquet rows=264
[OK] eligibility_debug=artifacts\daily_cycle\universe\universe_eligibility_debug.parquet
[OK] summary=artifacts\daily_cycle\universe\universe_summary.json
[OK] eligibility_dropped=artifacts\daily_cycle\universe\universe_eligibility_dropped.csv
[OK] eligibility_eligible=artifacts\daily_cycle\universe\universe_eligibility_eligible.csv
[OK] eligibility_counters=artifacts\daily_cycle\universe\universe_eligibility_counters.json
[FINAL] universe builder complete snapshot=artifacts\daily_cycle\universe\universe_snapshot.parquet summary=artifacts\daily_cycle\universe\universe_summary.json

[EXIT] code=0
Press Enter to exit...
PS C:\Users\Dmytro Govor\Documents\Python-Edge> $env:DYNAMIC_UNIVERSE_TOP_N = "500"
PS C:\Users\Dmytro Govor\Documents\Python-Edge> python .\scripts\run_dynamic_universe.py
[CFG] snapshot_path=C:\Users\Dmytro Govor\Documents\Python-Edge\artifacts\daily_cycle\universe\universe_snapshot.parquet
[CFG] output_dir=C:\Users\Dmytro Govor\Documents\Python-Edge\artifacts\daily_cycle\universe
[CFG] top_n=500 rank_by=median_dollar_volume_20d
[CFG] portfolio_state_path=C:\Users\Dmytro Govor\Documents\Python-Edge\artifacts\execution_loop\optimal\portfolio_state.json
[CFG] pinned_symbols=[]
[CFG] policy.min_price=7.5
[CFG] policy.min_median_dollar_vol_20d=10,000,000
[CFG] policy.min_history_days=25
[CFG] policy.allowed_ticker_types=('CS',)
[DYN_UNIVERSE] snapshot=C:\Users\Dmytro Govor\Documents\Python-Edge\artifacts\daily_cycle\universe\universe_snapshot.parquet
[DYN_UNIVERSE] top_n=500 rank_by=median_dollar_volume_20d
[DYN_UNIVERSE] pinned_symbols=[]
[DYN_UNIVERSE] loaded rows=264
[DYN_UNIVERSE] portfolio_symbols=['OKLO', 'TSEM', 'SMCI', 'NKE', 'AXTI', 'AAOI', 'MSTR', 'APLS', 'CAR', 'APTV', 'APLD']
[ELIG][dynamic_universe] candidates=264 eligible=264 dropped=0
[DYN_UNIVERSE][DIAG] portfolio symbols NOT in selected: ['OKLO', 'TSEM', 'SMCI', 'NKE']
[DYN_UNIVERSE] selected=264 symbols
[OK] parquet=C:\Users\Dmytro Govor\Documents\Python-Edge\artifacts\daily_cycle\universe\dynamic_universe.parquet
[OK] selected_csv=C:\Users\Dmytro Govor\Documents\Python-Edge\artifacts\daily_cycle\universe\dynamic_universe_selected.csv
[OK] dropped_csv=C:\Users\Dmytro Govor\Documents\Python-Edge\artifacts\daily_cycle\universe\dynamic_universe_dropped.csv
[OK] summary=C:\Users\Dmytro Govor\Documents\Python-Edge\artifacts\daily_cycle\universe\dynamic_universe_summary.json
[FINAL] dynamic_universe complete selected=264 dropped=0
[TOP10]
  rank=1 symbol=NVDA dvol_20d=29,851,347,844 close=188.63
  rank=2 symbol=TSLA dvol_20d=22,976,597,213 close=348.95
  rank=3 symbol=MU dvol_20d=19,618,499,022 close=420.59
  rank=4 symbol=SNDK dvol_20d=12,792,511,316 close=851.77
  rank=5 symbol=MSFT dvol_20d=11,222,133,034 close=370.87
  rank=6 symbol=AAPL dvol_20d=9,482,774,115 close=260.48
  rank=7 symbol=AMZN dvol_20d=9,311,629,121 close=238.38
  rank=8 symbol=META dvol_20d=8,931,539,806 close=629.86
  rank=9 symbol=AVGO dvol_20d=8,137,611,550 close=371.55
  rank=10 symbol=GOOGL dvol_20d=8,136,266,282 close=317.24