PS C:\Users\Dmytro Govor\Documents\Python-Edge> python .\scripts\run_freeze_runner.py
[CFG] live_alpha_snapshot_file=artifacts\live_alpha\live_alpha_snapshot.parquet
[CFG] universe_snapshot_file=artifacts\daily_cycle\universe\universe_snapshot.parquet
[CFG] out_dir=artifacts\freeze_runner
[CFG] require_universe_filter=1 require_universe_current_date_match=1 min_universe_survival_ratio=0.9500
[CFG] auto_refresh_live_alpha_on_date_mismatch=1 live_alpha_refresh_script=scripts\run_live_alpha_snapshot.py
[CFG] freeze_require_positive_replay_sharpe=0 freeze_min_replay_sharpe=0.0000 freeze_min_replay_cumret=0.0000 freeze_min_live_active_names=1
[CFG] component_prefilter min_proxy_train_sharpe=0.0000 min_abs_mean_ic=0.000000 basket_candidate_pool=8 basket_max_combos=40
[CFG] sign_source=last_fold require_recent_sign=0
[CFG] frozen wf=120/20/20 components=4 weighting=ic
[UNIVERSE_FILTER] applied=1 universe_selected_current=175 present_in_panel_current=175 missing_in_panel_current=0 survival_ratio_current=1.0000 panel_rows_before_filter=31675 panel_rows_after_filter=31675 live_snapshot_current_date=2026-04-02
[DATA] rows=31675 symbols=175 alpha_cols=1163 first_date=2025-07-16 last_date=2026-04-02
[FREEZE] last_completed_fold fold_id=3 train=2025-09-11..2026-03-04 test=2026-03-05..2026-04-01
[COMPONENTS][ALL_CANDIDATES_TOP]
                                            alpha  train_abs_mean_ic  proxy_train_sharpe  train_sign_locked  last_fold_abs_mean_ic  last_fold_mean_ic  last_fold_sign_locked  effective_sign_locked sign_source_used
alpha_overnight_drift_20d_raw_regime_breadth_rank           0.202249            2.077322                1.0               0.207333           0.031482                    1.0                    1.0     last_fold_ic
          alpha_gap_lag1_regime_breadth_rank_lag1           0.191081            1.070892                1.0               0.252286          -0.082071                   -1.0                   -1.0     last_fold_ic
 alpha_momentum_20d_lag1_regime_breadth_rank_lag1           0.180446            1.184143                1.0               0.155959           0.007994                    1.0                    1.0     last_fold_ic
      alpha_momentum_20d_ema3_regime_breadth_rank           0.180030            1.139964                1.0               0.152954          -0.003120                   -1.0                   -1.0     last_fold_ic
      alpha_momentum_20d_cube_regime_breadth_rank           0.177065            0.901590                1.0               0.153975          -0.015594                   -1.0                   -1.0     last_fold_ic
       alpha_momentum_20d_raw_rank_mul_breadth_hi           0.177065            0.901590                1.0               0.153975          -0.015594                   -1.0                   -1.0     last_fold_ic
       alpha_momentum_20d_raw_rank_mul_breadth_lo           0.177065            0.901590                1.0               0.153975          -0.015594                   -1.0                   -1.0     last_fold_ic
     alpha_momentum_20d_raw_rank_mul_breadth_rank           0.177065            0.901590                1.0               0.153975          -0.015594                   -1.0                   -1.0     last_fold_ic
        alpha_momentum_20d_raw_rank_mul_breadth_z           0.177065            0.901590                1.0               0.153975          -0.015594                   -1.0                   -1.0     last_fold_ic
        alpha_momentum_20d_raw_raw_mul_breadth_hi           0.177065            0.901590                1.0               0.153975          -0.015594                   -1.0                   -1.0     last_fold_ic
[COMPONENTS][optimal] selected_by_basket_search component_count=4 pool_size=8 combos_evaluated=40
                                           alpha  train_abs_mean_ic  proxy_train_sharpe  train_sign_locked  last_fold_abs_mean_ic  last_fold_mean_ic  last_fold_sign_locked  effective_sign_locked sign_source_used
         alpha_gap_lag1_regime_breadth_rank_lag1           0.191081            1.070892                1.0               0.252286          -0.082071                   -1.0                   -1.0     last_fold_ic
alpha_momentum_20d_lag1_regime_breadth_rank_lag1           0.180446            1.184143                1.0               0.155959           0.007994                    1.0                    1.0     last_fold_ic
     alpha_momentum_20d_ema3_regime_breadth_rank           0.180030            1.139964                1.0               0.152954          -0.003120                   -1.0                   -1.0     last_fold_ic
     alpha_momentum_20d_cube_regime_breadth_rank           0.177065            0.901590                1.0               0.153975          -0.015594                   -1.0                   -1.0     last_fold_ic
[BASKET_SEARCH][optimal][TOP]
 basket_id                                                                                                                                                                                  alpha_list  component_count  train_abs_mean_ic_avg  proxy_train_sharpe_avg  last_fold_abs_mean_ic_avg  last_fold_proxy_sharpe_avg  replay_sharpe_last_fold  replay_cumret_last_fold  replay_max_drawdown_last_fold  replay_avg_turnover_last_fold
        36            alpha_gap_lag1_regime_breadth_rank_lag1|alpha_momentum_20d_lag1_regime_breadth_rank_lag1|alpha_momentum_20d_ema3_regime_breadth_rank|alpha_momentum_20d_cube_regime_breadth_rank                4               0.182155                1.074147                   0.178794                   -1.291905                 7.227957                 0.040037                      -0.009157                       0.033202
        40             alpha_gap_lag1_regime_breadth_rank_lag1|alpha_momentum_20d_lag1_regime_breadth_rank_lag1|alpha_momentum_20d_cube_regime_breadth_rank|alpha_momentum_20d_raw_rank_mul_breadth_hi                4               0.181414                1.014554                   0.179049                   -1.549688                 5.834620                 0.032296                      -0.009157                       0.033748
        16  alpha_overnight_drift_20d_raw_regime_breadth_rank|alpha_momentum_20d_lag1_regime_breadth_rank_lag1|alpha_momentum_20d_ema3_regime_breadth_rank|alpha_momentum_20d_cube_regime_breadth_rank                4               0.184947                1.325755                   0.167555                    0.295802                 5.299059                 0.030938                      -0.010268                       0.032207
         2      alpha_overnight_drift_20d_raw_regime_breadth_rank|alpha_gap_lag1_regime_breadth_rank_lag1|alpha_momentum_20d_lag1_regime_breadth_rank_lag1|alpha_momentum_20d_cube_regime_breadth_rank                4               0.187710                1.308487                   0.192388                   -0.707009                 5.233021                 0.028697                      -0.008618                       0.033217
        20   alpha_overnight_drift_20d_raw_regime_breadth_rank|alpha_momentum_20d_lag1_regime_breadth_rank_lag1|alpha_momentum_20d_cube_regime_breadth_rank|alpha_momentum_20d_raw_rank_mul_breadth_hi                4               0.184206                1.266161                   0.167811                    0.038019                 5.004429                 0.030382                      -0.010264                       0.033087
        21   alpha_overnight_drift_20d_raw_regime_breadth_rank|alpha_momentum_20d_lag1_regime_breadth_rank_lag1|alpha_momentum_20d_cube_regime_breadth_rank|alpha_momentum_20d_raw_rank_mul_breadth_lo                4               0.184206                1.266161                   0.167811                    0.038019                 5.004429                 0.030382                      -0.010264                       0.033087
        22 alpha_overnight_drift_20d_raw_regime_breadth_rank|alpha_momentum_20d_lag1_regime_breadth_rank_lag1|alpha_momentum_20d_cube_regime_breadth_rank|alpha_momentum_20d_raw_rank_mul_breadth_rank                4               0.184206                1.266161                   0.167811                    0.038019                 5.004429                 0.030382                      -0.010264                       0.033087
        26        alpha_overnight_drift_20d_raw_regime_breadth_rank|alpha_momentum_20d_ema3_regime_breadth_rank|alpha_momentum_20d_cube_regime_breadth_rank|alpha_momentum_20d_raw_rank_mul_breadth_hi                4               0.184102                1.255117                   0.167059                   -0.193286                 4.766968                 0.028384                      -0.008989                       0.029969
        27        alpha_overnight_drift_20d_raw_regime_breadth_rank|alpha_momentum_20d_ema3_regime_breadth_rank|alpha_momentum_20d_cube_regime_breadth_rank|alpha_momentum_20d_raw_rank_mul_breadth_lo                4               0.184102                1.255117                   0.167059                   -0.193286                 4.766968                 0.028384                      -0.008989                       0.029969
        28      alpha_overnight_drift_20d_raw_regime_breadth_rank|alpha_momentum_20d_ema3_regime_breadth_rank|alpha_momentum_20d_cube_regime_breadth_rank|alpha_momentum_20d_raw_rank_mul_breadth_rank                4               0.184102                1.255117                   0.167059                   -0.193286                 4.766968                 0.028384                      -0.008989                       0.029969
[FREEZE][optimal] live_active_names_raw=2 live_active_names=2 live_gate_passed=1 live_gate_reason=passed replay_sharpe_last_fold=7.2280 replay_cumret_last_fold=0.0400 avg_turnover=0.0332 avg_gross=0.2689
[FREEZE][optimal][UNIVERSE] applied=1 selected_current=175 present_in_panel_current=175 survival_ratio_current=1.0000 live_snapshot_current_date=2026-04-02
[FREEZE][optimal][LIVE_BOOK_TOP]
symbol  weight     score  side market_regime  long_budget  short_budget  turnover
   NKE    0.05 15.383525   1.0       neutral          0.5           0.5      0.05
  SMCI    0.05 20.848399   1.0       neutral          0.5           0.5      0.05
[COMPONENTS][aggressive] selected_by_basket_search component_count=4 pool_size=8 combos_evaluated=40
                                           alpha  train_abs_mean_ic  proxy_train_sharpe  train_sign_locked  last_fold_abs_mean_ic  last_fold_mean_ic  last_fold_sign_locked  effective_sign_locked sign_source_used
         alpha_gap_lag1_regime_breadth_rank_lag1           0.191081            1.070892                1.0               0.252286          -0.082071                   -1.0                   -1.0     last_fold_ic
alpha_momentum_20d_lag1_regime_breadth_rank_lag1           0.180446            1.184143                1.0               0.155959           0.007994                    1.0                    1.0     last_fold_ic
     alpha_momentum_20d_ema3_regime_breadth_rank           0.180030            1.139964                1.0               0.152954          -0.003120                   -1.0                   -1.0     last_fold_ic
     alpha_momentum_20d_cube_regime_breadth_rank           0.177065            0.901590                1.0               0.153975          -0.015594                   -1.0                   -1.0     last_fold_ic
[BASKET_SEARCH][aggressive][TOP]
 basket_id                                                                                                                                                                                  alpha_list  component_count  train_abs_mean_ic_avg  proxy_train_sharpe_avg  last_fold_abs_mean_ic_avg  last_fold_proxy_sharpe_avg  replay_sharpe_last_fold  replay_cumret_last_fold  replay_max_drawdown_last_fold  replay_avg_turnover_last_fold
        36            alpha_gap_lag1_regime_breadth_rank_lag1|alpha_momentum_20d_lag1_regime_breadth_rank_lag1|alpha_momentum_20d_ema3_regime_breadth_rank|alpha_momentum_20d_cube_regime_breadth_rank                4               0.182155                1.074147                   0.178794                   -1.291905                 6.590261                 0.176336                      -0.049283                       0.035285
        40             alpha_gap_lag1_regime_breadth_rank_lag1|alpha_momentum_20d_lag1_regime_breadth_rank_lag1|alpha_momentum_20d_cube_regime_breadth_rank|alpha_momentum_20d_raw_rank_mul_breadth_hi                4               0.181414                1.014554                   0.179049                   -1.549688                 5.639990                 0.160769                      -0.049276                       0.036963
        10            alpha_overnight_drift_20d_raw_regime_breadth_rank|alpha_gap_lag1_regime_breadth_rank_lag1|alpha_momentum_20d_cube_regime_breadth_rank|alpha_momentum_20d_raw_rank_mul_breadth_hi                4               0.186865                1.237848                   0.191892                   -1.196098                 5.200601                 0.140191                      -0.047163                       0.038411
        11            alpha_overnight_drift_20d_raw_regime_breadth_rank|alpha_gap_lag1_regime_breadth_rank_lag1|alpha_momentum_20d_cube_regime_breadth_rank|alpha_momentum_20d_raw_rank_mul_breadth_lo                4               0.186865                1.237848                   0.191892                   -1.196098                 5.200601                 0.140191                      -0.047163                       0.038411
        12          alpha_overnight_drift_20d_raw_regime_breadth_rank|alpha_gap_lag1_regime_breadth_rank_lag1|alpha_momentum_20d_cube_regime_breadth_rank|alpha_momentum_20d_raw_rank_mul_breadth_rank                4               0.186865                1.237848                   0.191892                   -1.196098                 5.200601                 0.140191                      -0.047163                       0.038411
        20   alpha_overnight_drift_20d_raw_regime_breadth_rank|alpha_momentum_20d_lag1_regime_breadth_rank_lag1|alpha_momentum_20d_cube_regime_breadth_rank|alpha_momentum_20d_raw_rank_mul_breadth_hi                4               0.184206                1.266161                   0.167811                    0.038019                 4.554726                 0.114488                      -0.049231                       0.037003
        21   alpha_overnight_drift_20d_raw_regime_breadth_rank|alpha_momentum_20d_lag1_regime_breadth_rank_lag1|alpha_momentum_20d_cube_regime_breadth_rank|alpha_momentum_20d_raw_rank_mul_breadth_lo                4               0.184206                1.266161                   0.167811                    0.038019                 4.554726                 0.114488                      -0.049231                       0.037003
        22 alpha_overnight_drift_20d_raw_regime_breadth_rank|alpha_momentum_20d_lag1_regime_breadth_rank_lag1|alpha_momentum_20d_cube_regime_breadth_rank|alpha_momentum_20d_raw_rank_mul_breadth_rank                4               0.184206                1.266161                   0.167811                    0.038019                 4.554726                 0.114488                      -0.049231                       0.037003
        16  alpha_overnight_drift_20d_raw_regime_breadth_rank|alpha_momentum_20d_lag1_regime_breadth_rank_lag1|alpha_momentum_20d_ema3_regime_breadth_rank|alpha_momentum_20d_cube_regime_breadth_rank                4               0.184947                1.325755                   0.167555                    0.295802                 4.022738                 0.102781                      -0.049246                       0.034737
         2      alpha_overnight_drift_20d_raw_regime_breadth_rank|alpha_gap_lag1_regime_breadth_rank_lag1|alpha_momentum_20d_lag1_regime_breadth_rank_lag1|alpha_momentum_20d_cube_regime_breadth_rank                4               0.187710                1.308487                   0.192388                   -0.707009                 3.855908                 0.103890                      -0.045745                       0.040243
[FREEZE][aggressive] live_active_names_raw=3 live_active_names=3 live_gate_passed=1 live_gate_reason=passed replay_sharpe_last_fold=6.5903 replay_cumret_last_fold=0.1763 avg_turnover=0.0353 avg_gross=1.0000
[FREEZE][aggressive][UNIVERSE] applied=1 selected_current=175 present_in_panel_current=175 survival_ratio_current=1.0000 live_snapshot_current_date=2026-04-02
[FREEZE][aggressive][LIVE_BOOK_TOP]
symbol  weight       score  side market_regime  long_budget  short_budget  turnover
   NKE    0.25   15.383525   1.0       neutral          0.5           0.5      0.05
  SMCI    0.25   20.848399   1.0       neutral          0.5           0.5      0.05
  TSEM   -0.50 -252.598700  -1.0       neutral          0.5           0.5      0.05
[ARTIFACT] artifacts\freeze_runner\freeze_all_configs_summary.json
[FINAL] freeze runner complete





