
[STEP] Run shortlist-based multi-alpha WF...
PS C:\Users\Dmytro Govor\Documents\Python-Edge> python .\scripts\run_ranker_multi_alpha_wf.py
[CFG] alpha_lib_file=data\alpha_library_v2\alpha_library_v2.parquet
[CFG] alpha_shortlist_csv=data\alpha_library_v2\diagnostics\alpha_candidate_shortlist.csv
[CFG] alpha_shortlist_required=1
[CFG] out_dir=artifacts\multi_alpha_wf
[CFG] target_col=target_fwd_ret_1d
[CFG] train_days=252 test_days=63 step_days=63 purge_days=5 embargo_days=5
[CFG] ridge_l2=20.0 max_alphas=12 min_alpha_days=50 min_alpha_abs_ic=0.004 corr_prune=0.85
[CFG] stability min_blocks=3 min_sign_consistency=0.67 min_block_ic_abs=0.0015
[CFG] enter_pct=0.08 exit_pct=0.16 weight_cap=0.06 max_daily_turnover=0.35
[CFG] position_limits_module=True cost_model_module=True
[CFG] low_price_min=5.0 low_dv_min=1000000.0 max_adv_participation=0.05
[CFG] top_pct strong/neutral/weak=0.06/0.08/0.1 budgets=dynamic regime=dynamic
[DATA] rows=76727 dates=791 symbols=97 alpha_cols=58
[ALPHA_SHORTLIST]
{
  "shortlist_required": 1,
  "shortlist_path": "data\\alpha_library_v2\\diagnostics\\alpha_candidate_shortlist.csv",
  "shortlist_csv_exists": 1,
  "shortlist_rows_raw": 58,
  "shortlist_rows_unique": 58,
  "shortlist_duplicates_removed": 0,
  "shortlist_alpha_missing_name": 0,
  "alpha_cols_before_shortlist": 958,
  "shortlist_found_in_parquet": 58,
  "shortlist_missing_in_parquet": 0,
  "shortlist_missing_in_parquet_list": [],
  "alpha_cols_after_shortlist": 58,
  "shortlist_filter_applied": 1
}
[ALPHA_SHORTLIST][HEAD]
 shortlist_rank                                            alpha              family  wave  transform interaction regime  selector_score
              1        alpha_intraday_pressure_ema3_regime_liq_z   intraday_pressure wave3       ema3      regime      z       12.848269
              2                     alpha_pressure_z_z_mul_liq_z            pressure wave5          z       z_mul      z       12.834244
              3                  alpha_mom3_z_rank_mul_breadth_z                mom3 wave5          z    rank_mul      z       12.831842
              4                        alpha_mom3_z_z_mul_rvol_z                mom3 wave5          z       z_mul      z       12.828941
              5                          alpha_gap_z_z_mul_liq_z                 gap wave5          z       z_mul      z       12.827754
              6                         alpha_rev1_z_z_mul_liq_z                rev1 wave5          z       z_mul      z       12.827754
              7                   alpha_mom3_z_raw_mul_breadth_z                mom3 wave5          z     raw_mul      z       12.813842
              8              alpha_vol_compression_z_z_mul_liq_z     vol_compression wave5          z       z_mul      z       12.801554
              9              alpha_pressure_z_rank_mul_breadth_z            pressure wave5          z    rank_mul      z       12.798052
             10                     alpha_mom3_z_rank_mul_rvol_z                mom3 wave5          z    rank_mul      z       12.792941
             11                   alpha_gap_z_rank_mul_breadth_z                 gap wave5          z    rank_mul      z       12.791742
             12                  alpha_rev1_z_rank_mul_breadth_z                rev1 wave5          z    rank_mul      z       12.791625
             13             alpha_intraday_rs_ema3_regime_rvol_z         intraday_rs wave3       ema3      regime      z       12.789853
             14                  alpha_str_3d_ema3_regime_rvol_z              str_3d wave3       ema3      regime      z       12.789853
             15     alpha_vol_compression_signed_log_z_mul_liq_z     vol_compression wave6 signed_log       z_mul      z       12.789767
             16       alpha_vol_compression_z_z_mul_range_comp_z     vol_compression wave5          z       z_mul      z       12.788571
             17 alpha_overnight_drift_20d_ema3_regime_volshock_z overnight_drift_20d wave3       ema3      regime      z       12.783361
             18                     alpha_ivol_20d_z_z_mul_liq_z            ivol_20d wave5          z       z_mul      z       12.782079
             19                alpha_ivol_20d_z_z_mul_volshock_z            ivol_20d wave5          z       z_mul      z       12.782079
             20               alpha_pressure_z_raw_mul_breadth_z            pressure wave5          z     raw_mul      z       12.779885
[WF] folds=8
[WF][FOLD 1] train=2023-01-03..2024-01-03 test=2024-01-19..2024-04-18
[WF][FOLD 2] train=2023-04-04..2024-04-04 test=2024-04-19..2024-07-19
[WF][FOLD 3] train=2023-07-06..2024-07-05 test=2024-07-22..2024-10-17
[WF][FOLD 4] train=2023-10-04..2024-10-03 test=2024-10-18..2025-01-21
[WF][FOLD 5] train=2024-01-04..2025-01-03 test=2025-01-22..2025-04-22
[WF][FOLD 6] train=2024-04-05..2025-04-07 test=2025-04-23..2025-07-23
[WF][FOLD 7] train=2024-07-08..2025-07-09 test=2025-07-24..2025-10-21
[WF][FOLD 8] train=2024-10-04..2025-10-07 test=2025-10-22..2026-01-22
[WF][FOLD 1] start
[WF][FOLD 1][SUMMARY] sharpe=-3.6752 mean_daily=-0.001578 cum_ret=-0.0961 maxdd=-0.1006 selected=6 avg_turn=0.3334 alpha_input=58
[WF][FOLD 1][TOP_WEIGHTS]
                                alpha  coef_std  coef_raw    x_mean    x_std  chosen_min_active  usable_rows  abs_coef_std  blend_weight
alpha_ivol_20d_signed_log_z_mul_liq_z  0.028747  0.010339  0.110905 2.780349                3.0      23571.0      0.028747      0.329879
         alpha_ivol_20d_z_z_mul_liq_z  0.019794  0.003852  0.208067 5.138154                3.0      23571.0      0.019794      0.227144
 alpha_intraday_rs_ema3_regime_rvol_z  0.017713  0.001798 -0.148645 9.850169                3.0      23571.0      0.017713      0.203254
 alpha_momentum_20d_ema3_regime_liq_z -0.012209 -0.002191  0.733546 5.573350                3.0      23571.0      0.012209     -0.140094
              alpha_gap_z_z_mul_liq_z -0.007645 -0.001077  0.165501 7.099649                3.0      23571.0      0.007645     -0.087728
          alpha_rev1_ema3_z_mul_liq_z -0.001037 -0.000175 -0.461252 5.917531                3.0      23571.0      0.001037     -0.011902
[WF][FOLD 2] start
[WF][FOLD 2][SUMMARY] sharpe=2.1802 mean_daily=0.000412 cum_ret=0.0260 maxdd=-0.0166 selected=9 avg_turn=0.3500 alpha_input=58
[WF][FOLD 2][TOP_WEIGHTS]
                                      alpha  coef_std  coef_raw        x_mean     x_std  chosen_min_active  usable_rows  abs_coef_std  blend_weight
                   alpha_rev1_z_z_mul_liq_z  0.031765  0.005208 -2.467758e-01  6.099110                3.0      24444.0      0.031765      0.218229
       alpha_intraday_rs_ema3_regime_rvol_z  0.023382  0.002180 -1.866797e-01 10.723969                3.0      24444.0      0.023382      0.160639
               alpha_ivol_20d_z_z_mul_liq_z  0.022222  0.004295  1.640424e-01  5.173883                3.0      24444.0      0.022222      0.152667
                alpha_rev1_ema3_z_mul_liq_z -0.020346 -0.003493 -3.908360e-01  5.825377                3.0      24444.0      0.020346     -0.139779
alpha_intraday_pressure_clip3_regime_liq_hi -0.020003 -0.020003  2.180114e-19  1.000000                3.0      24444.0      0.020003     -0.137427
       alpha_momentum_20d_ema3_regime_liq_z -0.015712 -0.002954  7.142193e-01  5.319293                3.0      24444.0      0.015712     -0.107942
                  alpha_rev1_z_z_mul_rvol_z -0.008050 -0.000643 -1.561797e-01 12.515628                3.0      24444.0      0.008050     -0.055303
 alpha_intraday_pressure_ema3_regime_liq_hi -0.002680 -0.002680 -1.017387e-18  1.000000                3.0      24444.0      0.002680     -0.018414
            alpha_rev1_z_rank_mul_breadth_z  0.001397  0.000864 -1.989343e-02  1.616699                3.0      24444.0      0.001397      0.009600
[WF][FOLD 3] start
[WF][FOLD 3][SUMMARY] sharpe=-3.2090 mean_daily=-0.001451 cum_ret=-0.0889 maxdd=-0.0911 selected=5 avg_turn=0.3500 alpha_input=58
[WF][FOLD 3][TOP_WEIGHTS]
                                   alpha  coef_std  coef_raw    x_mean      x_std  chosen_min_active  usable_rows  abs_coef_std  blend_weight
    alpha_intraday_rs_ema3_regime_rvol_z  0.037751  0.002949 -0.167996  12.799266                3.0      24444.0      0.037751      0.645638
            alpha_ivol_20d_z_z_mul_liq_z  0.008398  0.001673  0.182662   5.018689                3.0      24444.0      0.008398      0.143628
   alpha_ivol_20d_signed_log_z_mul_liq_z  0.005643  0.001994  0.128165   2.830060                3.0      24444.0      0.005643      0.096513
alpha_str_3d_signed_square_regime_rvol_z -0.004740 -0.000035 -1.635988 134.830723                3.0      24444.0      0.004740     -0.081062
               alpha_rev1_z_z_mul_rvol_z -0.001939 -0.000129 -0.149196  15.011692                3.0      24444.0      0.001939     -0.033159
[WF][FOLD 4] start
[WF][FOLD 4][SUMMARY] sharpe=0.1904 mean_daily=0.000071 cum_ret=0.0034 maxdd=-0.0429 selected=11 avg_turn=0.3500 alpha_input=58
[WF][FOLD 4][TOP_WEIGHTS]
                                                alpha  coef_std  coef_raw    x_mean      x_std  chosen_min_active  usable_rows  abs_coef_std  blend_weight
                 alpha_intraday_rs_ema3_regime_rvol_z -0.027781 -0.002150 -0.229135  12.923652                3.0      24444.0      0.027781     -0.175377
                        alpha_pressure_z_z_mul_rvol_z -0.026162 -0.003639  0.166398   7.189180                3.0      24444.0      0.026162     -0.165153
                         alpha_mom3_ema3_z_mul_rvol_z -0.022366 -0.003004  0.179963   7.445881                3.0      24444.0      0.022366     -0.141192
  alpha_vol_compression_signed_log_z_mul_range_comp_z -0.017848 -0.014742  0.137656   1.210658                3.0      24444.0      0.017848     -0.112667
alpha_overnight_drift_20d_lag1_regime_volshock_z_lag1  0.016318  0.003825  0.018442   4.266258                3.0      24444.0      0.016318      0.103011
                            alpha_rev1_z_z_mul_rvol_z  0.012927  0.000851 -0.207036  15.181793                3.0      24444.0      0.012927      0.081603
                      alpha_str_3d_ema3_regime_rvol_z  0.012766  0.001719 -0.216315   7.425708                3.0      24444.0      0.012766      0.080588
             alpha_str_3d_signed_square_regime_rvol_z  0.010236  0.000069 -2.577808 147.328008                3.0      24444.0      0.010236      0.064615
                alpha_ivol_20d_signed_log_z_mul_liq_z -0.009124 -0.003041  0.089558   3.000589                3.0      24444.0      0.009124     -0.057599
                         alpha_ivol_20d_z_z_mul_liq_z -0.001610 -0.000319  0.103731   5.051204                3.0      24444.0      0.001610     -0.010165
[WF][FOLD 5] start
[WF][FOLD 5][SUMMARY] sharpe=1.7625 mean_daily=0.000581 cum_ret=0.0364 maxdd=-0.0265 selected=5 avg_turn=0.3500 alpha_input=58
[WF][FOLD 5][TOP_WEIGHTS]
                                                    alpha  coef_std  coef_raw    x_mean     x_std  chosen_min_active  usable_rows  abs_coef_std  blend_weight
                                alpha_mom3_z_z_mul_rvol_z -0.057454 -0.005142  0.325996 11.174307                3.0      24444.0      0.057454     -0.453874
                                alpha_rev1_z_z_mul_rvol_z -0.041593 -0.002636 -0.283393 15.780617                3.0      24444.0      0.041593     -0.328573
                            alpha_pressure_z_z_mul_rvol_z -0.019372 -0.002545  0.146174  7.612338                3.0      24444.0      0.019372     -0.153033
alpha_overnight_drift_20d_signed_square_regime_volshock_z  0.008075  0.000156  0.241345 51.799128                3.0      24444.0      0.008075      0.063791
                     alpha_intraday_rs_ema3_regime_rvol_z -0.000092 -0.000007 -0.293698 13.351397                3.0      24444.0      0.000092     -0.000730
[WF][FOLD 6] start
[WF][FOLD 6][SUMMARY] sharpe=-1.3190 mean_daily=-0.000183 cum_ret=-0.0116 maxdd=-0.0167 selected=5 avg_turn=0.3500 alpha_input=58
[WF][FOLD 6][TOP_WEIGHTS]
                                     alpha  coef_std  coef_raw        x_mean     x_std  chosen_min_active  usable_rows  abs_coef_std  blend_weight
                 alpha_mom3_z_z_mul_rvol_z -0.091912 -0.008545  2.438085e-01 10.756614                3.0      24444.0      0.091912     -0.481297
                  alpha_gap_z_z_mul_rvol_z  0.049078  0.002094  1.517081e-01 23.437690                3.0      24444.0      0.049078      0.256997
      alpha_intraday_rs_ema3_regime_rvol_z -0.027191 -0.002100 -2.234990e-01 12.949971                3.0      24444.0      0.027191     -0.142385
alpha_intraday_rs_lag1_regime_rvol_hi_lag1 -0.018039 -0.018039 -7.993751e-19  1.000000                3.0      24444.0      0.018039     -0.094463
                  alpha_rev1_z_z_mul_liq_z  0.004747  0.000744 -1.660038e-01  6.380072                3.0      24444.0      0.004747      0.024858
[WF][FOLD 7] start
[WF][FOLD 7][SUMMARY] sharpe=1.7437 mean_daily=0.000431 cum_ret=0.0270 maxdd=-0.0176 selected=3 avg_turn=0.3500 alpha_input=58
[WF][FOLD 7][TOP_WEIGHTS]
                                     alpha  coef_std  coef_raw        x_mean     x_std  chosen_min_active  usable_rows  abs_coef_std  blend_weight
                 alpha_mom3_z_z_mul_rvol_z -0.029900 -0.002977  2.622585e-01 10.044327                3.0      24444.0      0.029900     -0.428357
                  alpha_rev1_z_z_mul_liq_z -0.022709 -0.003670 -1.246159e-01  6.187022                3.0      24444.0      0.022709     -0.325341
alpha_intraday_rs_lag1_regime_rvol_hi_lag1 -0.017192 -0.017192  8.175427e-19  1.000000                3.0      24444.0      0.017192     -0.246302
[WF][FOLD 8] start
[WF][FOLD 8][SUMMARY] sharpe=-5.0234 mean_daily=-0.000889 cum_ret=-0.0547 maxdd=-0.0600 selected=5 avg_turn=0.3500 alpha_input=58
[WF][FOLD 8][TOP_WEIGHTS]
                                         alpha  coef_std  coef_raw        x_mean    x_std  chosen_min_active  usable_rows  abs_coef_std  blend_weight
alpha_intraday_pressure_lag1_regime_liq_z_lag1 -0.031974 -0.005962  4.839110e-02 5.363382                3.0      24444.0      0.031974     -0.257743
     alpha_intraday_pressure_ema3_regime_liq_z  0.029231  0.005797  7.581293e-02 5.042473                3.0      24444.0      0.029231      0.235633
               alpha_str_3d_ema3_regime_rvol_z  0.025393  0.002925 -2.450402e-01 8.680675                3.0      24444.0      0.025393      0.204693
    alpha_intraday_rs_lag1_regime_rvol_hi_lag1 -0.023903 -0.023903  1.580583e-18 1.000000                3.0      24444.0      0.023903     -0.192685
                      alpha_rev1_z_z_mul_liq_z -0.013553 -0.002141 -1.647800e-01 6.328666                3.0      24444.0      0.013553     -0.109246
[OVERALL] sharpe=-1.0278 mean_daily=-0.000326 cum_ret=-0.1569 maxdd=-0.1923 avg_turnover=0.3479
[ARTIFACT] artifacts\multi_alpha_wf\wf_multi_alpha_overall.csv
[ARTIFACT] artifacts\multi_alpha_wf\wf_fold_summaries.csv
[ARTIFACT] artifacts\multi_alpha_wf\wf_multi_alpha_meta.json
[ARTIFACT] artifacts\multi_alpha_wf\wf_alpha_shortlist_debug.json
[FINAL] multi-alpha walk-forward complete

[EXIT] code=0
Press Enter to exit...
PS C:\Users\Dmytro Govor\Documents\Python-Edge>
PS C:\Users\Dmytro Govor\Documents\Python-Edge> if ($LASTEXITCODE -ne 0) { throw "run_ranker_multi_alpha_wf.py failed" }
PS C:\Users\Dmytro Govor\Documents\Python-Edge>
PS C:\Users\Dmytro Govor\Documents\Python-Edge> Write-Host "[STEP] Output checks..."
[STEP] Output checks...
PS C:\Users\Dmytro Govor\Documents\Python-Edge>
PS C:\Users\Dmytro Govor\Documents\Python-Edge> $outDir = ".\artifacts\multi_alpha_wf"
PS C:\Users\Dmytro Govor\Documents\Python-Edge> $overallPath = Join-Path $outDir "wf_multi_alpha_overall.csv"
PS C:\Users\Dmytro Govor\Documents\Python-Edge> $summaryPath = Join-Path $outDir "wf_fold_summaries.csv"
PS C:\Users\Dmytro Govor\Documents\Python-Edge> $metaPath = Join-Path $outDir "wf_multi_alpha_meta.json"
PS C:\Users\Dmytro Govor\Documents\Python-Edge> $shortlistDebugPath = Join-Path $outDir "wf_alpha_shortlist_debug.json"
PS C:\Users\Dmytro Govor\Documents\Python-Edge>
PS C:\Users\Dmytro Govor\Documents\Python-Edge> $requiredOut = @(
>>     $overallPath,
>>     $summaryPath,
>>     $metaPath,
>>     $shortlistDebugPath
>> )
PS C:\Users\Dmytro Govor\Documents\Python-Edge>
PS C:\Users\Dmytro Govor\Documents\Python-Edge> foreach ($p in $requiredOut) {
>>     if (-not (Test-Path $p)) { throw "Missing artifact: $p" }
>> }
PS C:\Users\Dmytro Govor\Documents\Python-Edge>
PS C:\Users\Dmytro Govor\Documents\Python-Edge> $meta = Get-Content $metaPath -Raw | ConvertFrom-Json
PS C:\Users\Dmytro Govor\Documents\Python-Edge> $shortDbg = Get-Content $shortlistDebugPath -Raw | ConvertFrom-Json
PS C:\Users\Dmytro Govor\Documents\Python-Edge>
PS C:\Users\Dmytro Govor\Documents\Python-Edge> Write-Host ""

PS C:\Users\Dmytro Govor\Documents\Python-Edge> Write-Host "[ALPHA_SHORTLIST_DEBUG]"
[ALPHA_SHORTLIST_DEBUG]
PS C:\Users\Dmytro Govor\Documents\Python-Edge> $shortDbg.PSObject.Properties |
>>     Sort-Object Name |
>>     ForEach-Object {
>>         if ($_.Name -ne "shortlist_missing_in_parquet_list") {
>>             Write-Host ("  {0} = {1}" -f $_.Name, $_.Value)
>>         }
>>     }
  alpha_cols_after_shortlist = 58
  alpha_cols_before_shortlist = 958
  shortlist_alpha_missing_name = 0
  shortlist_csv_exists = 1
  shortlist_duplicates_removed = 0
  shortlist_filter_applied = 1
  shortlist_found_in_parquet = 58
  shortlist_missing_in_parquet = 0
  shortlist_path = data\alpha_library_v2\diagnostics\alpha_candidate_shortlist.csv
  shortlist_required = 1
  shortlist_rows_raw = 58
  shortlist_rows_unique = 58
PS C:\Users\Dmytro Govor\Documents\Python-Edge>
PS C:\Users\Dmytro Govor\Documents\Python-Edge> if ($shortDbg.shortlist_missing_in_parquet_list) {
>>     Write-Host ""
>>     Write-Host "[ALPHA_SHORTLIST_MISSING]"
>>     @($shortDbg.shortlist_missing_in_parquet_list) |
>>         ForEach-Object { Write-Host ("  {0}" -f $_) }
>> }
PS C:\Users\Dmytro Govor\Documents\Python-Edge>
PS C:\Users\Dmytro Govor\Documents\Python-Edge> Write-Host ""

PS C:\Users\Dmytro Govor\Documents\Python-Edge> Write-Host "[OVERALL]"
[OVERALL]
PS C:\Users\Dmytro Govor\Documents\Python-Edge> Write-Host ("  alpha_count = {0}" -f $meta.alpha_count)
  alpha_count = 58
PS C:\Users\Dmytro Govor\Documents\Python-Edge> Write-Host ("  sharpe = {0}" -f $meta.overall_summary.sharpe)
  sharpe = -1,0278404151152754
PS C:\Users\Dmytro Govor\Documents\Python-Edge> Write-Host ("  mean_daily = {0}" -f $meta.overall_summary.mean_daily)
  mean_daily = -0,00032595973852425354
PS C:\Users\Dmytro Govor\Documents\Python-Edge> Write-Host ("  cum_ret = {0}" -f $meta.overall_summary.cum_ret)
  cum_ret = -0,15692528684580165
PS C:\Users\Dmytro Govor\Documents\Python-Edge> Write-Host ("  max_drawdown = {0}" -f $meta.overall_summary.max_drawdown)
  max_drawdown = -0,19233451505874366
PS C:\Users\Dmytro Govor\Documents\Python-Edge> Write-Host ("  avg_turnover = {0}" -f $meta.overall_summary.avg_turnover)
  avg_turnover = 0,3479290652753606
PS C:\Users\Dmytro Govor\Documents\Python-Edge> Write-Host ("  folds = {0}" -f $meta.overall_summary.folds)
  folds = 8
PS C:\Users\Dmytro Govor\Documents\Python-Edge>
PS C:\Users\Dmytro Govor\Documents\Python-Edge> Write-Host ""

PS C:\Users\Dmytro Govor\Documents\Python-Edge> Write-Host "[ARTIFACT] $overallPath"
[ARTIFACT] .\artifacts\multi_alpha_wf\wf_multi_alpha_overall.csv
PS C:\Users\Dmytro Govor\Documents\Python-Edge> Write-Host "[ARTIFACT] $summaryPath"
[ARTIFACT] .\artifacts\multi_alpha_wf\wf_fold_summaries.csv
PS C:\Users\Dmytro Govor\Documents\Python-Edge> Write-Host "[ARTIFACT] $metaPath"
[ARTIFACT] .\artifacts\multi_alpha_wf\wf_multi_alpha_meta.json
PS C:\Users\Dmytro Govor\Documents\Python-Edge> Write-Host "[ARTIFACT] $shortlistDebugPath"
[ARTIFACT] .\artifacts\multi_alpha_wf\wf_alpha_shortlist_debug.json
PS C:\Users\Dmytro Govor\Documents\Python-Edge>
PS C:\Users\Dmytro Govor\Documents\Python-Edge> Write-Host ""

PS C:\Users\Dmytro Govor\Documents\Python-Edge> Write-Host "[DONE] shortlist-based multi-alpha walk-forward completed."
[DONE] shortlist-based multi-alpha walk-forward completed.
PS C:\Users\Dmytro Govor\Documents\Python-Edge>
PS C:\Users\Dmytro Govor\Documents\Python-Edge> Read-Host "Press Enter to exit"




-----------------------



C:\Users\Dmytro Govor\Documents\Python-Edge\artifacts\multi_alpha_wf\wf_multi_alpha_meta.json

{
  "alpha_lib_file": "data\\alpha_library_v2\\alpha_library_v2.parquet",
  "alpha_shortlist_csv": "data\\alpha_library_v2\\diagnostics\\alpha_candidate_shortlist.csv",
  "alpha_shortlist_required": 1,
  "alpha_shortlist_debug": {
    "shortlist_required": 1,
    "shortlist_path": "data\\alpha_library_v2\\diagnostics\\alpha_candidate_shortlist.csv",
    "shortlist_csv_exists": 1,
    "shortlist_rows_raw": 58,
    "shortlist_rows_unique": 58,
    "shortlist_duplicates_removed": 0,
    "shortlist_alpha_missing_name": 0,
    "alpha_cols_before_shortlist": 958,
    "shortlist_found_in_parquet": 58,
    "shortlist_missing_in_parquet": 0,
    "shortlist_missing_in_parquet_list": [],
    "alpha_cols_after_shortlist": 58,
    "shortlist_filter_applied": 1
  },
  "target_col": "target_fwd_ret_1d",
  "train_days": 252,
  "test_days": 63,
  "step_days": 63,
  "purge_days": 5,
  "embargo_days": 5,
  "min_train_rows": 3000,
  "min_test_rows": 300,
  "min_alpha_days": 50,
  "min_alpha_abs_ic": 0.004,
  "max_alphas": 12,
  "ridge_l2": 20.0,
  "corr_prune": 0.85,
  "enter_pct": 0.08,
  "exit_pct": 0.16,
  "gross_target": 1.0,
  "weight_cap": 0.06,
  "max_daily_turnover": 0.35,
  "cost_bps": 8.0,
  "borrow_bps_daily": 1.0,
  "side": "long_short",
  "budget_mode": "dynamic",
  "regime_mode": "dynamic",
  "fold_summaries": [
    {
      "days": 63.0,
      "mean_daily": -0.0015782045163754738,
      "std_daily": 0.006816910242233546,
      "sharpe": -3.675157676432456,
      "hit_rate": 0.5238095238095238,
      "cum_ret": -0.09605071433439005,
      "max_drawdown": -0.10062297476064408,
      "avg_turnover": 0.33343252220288594,
      "avg_gross": 0.7528440440894548,
      "avg_top_pct": 0.060000000000000005,
      "position_limits_fallback_days": 0.0,
      "cost_model_fallback_days": 0.0,
      "selected_alpha_count": 6.0,
      "selected_alpha_list": "alpha_ivol_20d_signed_log_z_mul_liq_z,alpha_ivol_20d_z_z_mul_liq_z,alpha_gap_z_z_mul_liq_z,alpha_rev1_ema3_z_mul_liq_z,alpha_intraday_rs_ema3_regime_rvol_z,alpha_momentum_20d_ema3_regime_liq_z",
      "usable_train_rows": 24444.0,
      "selected_alpha_nonzero_mean": 0.996031746031746,
      "ridge_chosen_min_active": 3.0,
      "ridge_usable_rows": 23571.0,
      "fold_alpha_input_count": 58.0
    },
    {
      "days": 63.0,
      "mean_daily": 0.00041174471390940514,
      "std_daily": 0.0029980311259988467,
      "sharpe": 2.1801790651991637,
      "hit_rate": 0.5079365079365079,
      "cum_ret": 0.02598367903002119,
      "max_drawdown": -0.016608394581287822,
      "avg_turnover": 0.3500000000000002,
      "avg_gross": 0.4312713550645919,
      "avg_top_pct": 0.060000000000000005,
      "position_limits_fallback_days": 0.0,
      "cost_model_fallback_days": 0.0,
      "selected_alpha_count": 9.0,
      "selected_alpha_list": "alpha_rev1_z_z_mul_liq_z,alpha_ivol_20d_z_z_mul_liq_z,alpha_rev1_ema3_z_mul_liq_z,alpha_rev1_z_z_mul_rvol_z,alpha_rev1_z_rank_mul_breadth_z,alpha_intraday_pressure_clip3_regime_liq_hi,alpha_intraday_rs_ema3_regime_rvol_z,alpha_intraday_pressure_ema3_regime_liq_hi,alpha_momentum_20d_ema3_regime_liq_z",
      "usable_train_rows": 24444.0,
      "selected_alpha_nonzero_mean": 1.0,
      "ridge_chosen_min_active": 3.0,
      "ridge_usable_rows": 24444.0,
      "fold_alpha_input_count": 58.0
    },
    {
      "days": 63.0,
      "mean_daily": -0.0014514737632434652,
      "std_daily": 0.0071801814596074084,
      "sharpe": -3.209031944230881,
      "hit_rate": 0.5396825396825397,
      "cum_ret": -0.08894189204112157,
      "max_drawdown": -0.091106563229431,
      "avg_turnover": 0.3500000000000002,
      "avg_gross": 0.4069341805345467,
      "avg_top_pct": 0.060000000000000005,
      "position_limits_fallback_days": 0.0,
      "cost_model_fallback_days": 0.0,
      "selected_alpha_count": 5.0,
      "selected_alpha_list": "alpha_ivol_20d_signed_log_z_mul_liq_z,alpha_ivol_20d_z_z_mul_liq_z,alpha_rev1_z_z_mul_rvol_z,alpha_str_3d_signed_square_regime_rvol_z,alpha_intraday_rs_ema3_regime_rvol_z",
      "usable_train_rows": 24444.0,
      "selected_alpha_nonzero_mean": 1.0,
      "ridge_chosen_min_active": 3.0,
      "ridge_usable_rows": 24444.0,
      "fold_alpha_input_count": 58.0
    },
    {
      "days": 63.0,
      "mean_daily": 7.088976641319897e-05,
      "std_daily": 0.005909821945871712,
      "sharpe": 0.19041862253876987,
      "hit_rate": 0.3968253968253968,
      "cum_ret": 0.003391423207709021,
      "max_drawdown": -0.04286479267632559,
      "avg_turnover": 0.3500000000000002,
      "avg_gross": 0.33020474227622343,
      "avg_top_pct": 0.060000000000000005,
      "position_limits_fallback_days": 0.0,
      "cost_model_fallback_days": 0.0,
      "selected_alpha_count": 11.0,
      "selected_alpha_list": "alpha_str_3d_signed_square_regime_rvol_z,alpha_rev1_z_z_mul_rvol_z,alpha_intraday_rs_ema3_regime_rvol_z,alpha_overnight_drift_20d_lag1_regime_volshock_z_lag1,alpha_pressure_z_z_mul_rvol_z,alpha_vol_compression_signed_log_z_mul_range_comp_z,alpha_mom3_ema3_z_mul_rvol_z,alpha_ivol_20d_signed_log_z_mul_liq_z,alpha_str_3d_ema3_regime_rvol_z,alpha_ivol_20d_z_z_mul_liq_z,alpha_vol_compression_z_z_mul_range_comp_z",
      "usable_train_rows": 24444.0,
      "selected_alpha_nonzero_mean": 1.0,
      "ridge_chosen_min_active": 3.0,
      "ridge_usable_rows": 24444.0,
      "fold_alpha_input_count": 58.0
    },
    {
      "days": 63.0,
      "mean_daily": 0.000581084614169888,
      "std_daily": 0.005233638682584698,
      "sharpe": 1.7625275332072654,
      "hit_rate": 0.49206349206349204,
      "cum_ret": 0.03638520304477333,
      "max_drawdown": -0.02653792346434891,
      "avg_turnover": 0.3500000000000002,
      "avg_gross": 0.3264264879291941,
      "avg_top_pct": 0.060000000000000005,
      "position_limits_fallback_days": 0.0,
      "cost_model_fallback_days": 0.0,
      "selected_alpha_count": 5.0,
      "selected_alpha_list": "alpha_intraday_rs_ema3_regime_rvol_z,alpha_overnight_drift_20d_signed_square_regime_volshock_z,alpha_mom3_z_z_mul_rvol_z,alpha_rev1_z_z_mul_rvol_z,alpha_pressure_z_z_mul_rvol_z",
      "usable_train_rows": 24444.0,
      "selected_alpha_nonzero_mean": 1.0,
      "ridge_chosen_min_active": 3.0,
      "ridge_usable_rows": 24444.0,
      "fold_alpha_input_count": 58.0
    },
    {
      "days": 63.0,
      "mean_daily": -0.00018342177672157816,
      "std_daily": 0.002207534233861271,
      "sharpe": -1.3189967301306451,
      "hit_rate": 0.4603174603174603,
      "cum_ret": -0.011641862888908117,
      "max_drawdown": -0.016668750268556187,
      "avg_turnover": 0.3500000000000002,
      "avg_gross": 0.24414520598730366,
      "avg_top_pct": 0.060000000000000005,
      "position_limits_fallback_days": 0.0,
      "cost_model_fallback_days": 0.0,
      "selected_alpha_count": 5.0,
      "selected_alpha_list": "alpha_intraday_rs_ema3_regime_rvol_z,alpha_intraday_rs_lag1_regime_rvol_hi_lag1,alpha_mom3_z_z_mul_rvol_z,alpha_gap_z_z_mul_rvol_z,alpha_rev1_z_z_mul_liq_z",
      "usable_train_rows": 24444.0,
      "selected_alpha_nonzero_mean": 1.0,
      "ridge_chosen_min_active": 3.0,
      "ridge_usable_rows": 24444.0,
      "fold_alpha_input_count": 58.0
    },
    {
      "days": 63.0,
      "mean_daily": 0.0004308425106810621,
      "std_daily": 0.003922332529747056,
      "sharpe": 1.743710603669299,
      "hit_rate": 0.5555555555555556,
      "cum_ret": 0.027013243869993486,
      "max_drawdown": -0.017564508319616867,
      "avg_turnover": 0.3500000000000002,
      "avg_gross": 0.2832683911894316,
      "avg_top_pct": 0.060000000000000005,
      "position_limits_fallback_days": 0.0,
      "cost_model_fallback_days": 0.0,
      "selected_alpha_count": 3.0,
      "selected_alpha_list": "alpha_intraday_rs_lag1_regime_rvol_hi_lag1,alpha_rev1_z_z_mul_liq_z,alpha_mom3_z_z_mul_rvol_z",
      "usable_train_rows": 24444.0,
      "selected_alpha_nonzero_mean": 1.0,
      "ridge_chosen_min_active": 3.0,
      "ridge_usable_rows": 24444.0,
      "fold_alpha_input_count": 58.0
    },
    {
      "days": 63.0,
      "mean_daily": -0.0008891394570270652,
      "std_daily": 0.0028098047069941416,
      "sharpe": -5.0233566997500825,
      "hit_rate": 0.38095238095238093,
      "cum_ret": -0.05473518349271522,
      "max_drawdown": -0.05999695064129151,
      "avg_turnover": 0.3500000000000002,
      "avg_gross": 0.23730917227020637,
      "avg_top_pct": 0.060000000000000005,
      "position_limits_fallback_days": 0.0,
      "cost_model_fallback_days": 0.0,
      "selected_alpha_count": 5.0,
      "selected_alpha_list": "alpha_rev1_z_z_mul_liq_z,alpha_str_3d_ema3_regime_rvol_z,alpha_intraday_rs_lag1_regime_rvol_hi_lag1,alpha_intraday_pressure_ema3_regime_liq_z,alpha_intraday_pressure_lag1_regime_liq_z_lag1",
      "usable_train_rows": 24444.0,
      "selected_alpha_nonzero_mean": 1.0,
      "ridge_chosen_min_active": 3.0,
      "ridge_usable_rows": 24444.0,
      "fold_alpha_input_count": 58.0
    }
  ],
  "overall_summary": {
    "days": 504.0,
    "mean_daily": -0.00032595973852425354,
    "std_daily": 0.005034293608430176,
    "sharpe": -1.0278404151152754,
    "hit_rate": 0.48214285714285715,
    "cum_ret": -0.15692528684580165,
    "max_drawdown": -0.19233451505874366,
    "avg_turnover": 0.3479290652753606,
    "folds": 8
  },
  "top_weights_preview": [
    {
      "fold_id": 1,
      "alpha": "alpha_ivol_20d_signed_log_z_mul_liq_z",
      "coef_std": 0.02874727477813324,
      "blend_weight": 0.32987883936083895
    },
    {
      "fold_id": 1,
      "alpha": "alpha_ivol_20d_z_z_mul_liq_z",
      "coef_std": 0.019794410112087765,
      "blend_weight": 0.22714351478543832
    },
    {
      "fold_id": 1,
      "alpha": "alpha_intraday_rs_ema3_regime_rvol_z",
      "coef_std": 0.01771257582849098,
      "blend_weight": 0.2032541867529636
    },
    {
      "fold_id": 1,
      "alpha": "alpha_momentum_20d_ema3_regime_liq_z",
      "coef_std": -0.012208518009332762,
      "blend_weight": -0.14009438398306895
    },
    {
      "fold_id": 1,
      "alpha": "alpha_gap_z_z_mul_liq_z",
      "coef_std": -0.007645009630980862,
      "blend_weight": -0.08772751237932017
    },
    {
      "fold_id": 1,
      "alpha": "alpha_rev1_ema3_z_mul_liq_z",
      "coef_std": -0.0010371610821177553,
      "blend_weight": -0.011901562726894915
    },
    {
      "fold_id": 2,
      "alpha": "alpha_rev1_z_z_mul_liq_z",
      "coef_std": 0.03176464719334836,
      "blend_weight": 0.2182286767396981
    },
    {
      "fold_id": 2,
      "alpha": "alpha_intraday_rs_ema3_regime_rvol_z",
      "coef_std": 0.02338214412522549,
      "blend_weight": 0.16063941591183106
    },
    {
      "fold_id": 2,
      "alpha": "alpha_ivol_20d_z_z_mul_liq_z",
      "coef_std": 0.022221764622181613,
      "blend_weight": 0.15266740596241282
    },
    {
      "fold_id": 2,
      "alpha": "alpha_rev1_ema3_z_mul_liq_z",
      "coef_std": -0.020345796313474544,
      "blend_weight": -0.1397791758768452
    },
    {
      "fold_id": 2,
      "alpha": "alpha_intraday_pressure_clip3_regime_liq_hi",
      "coef_std": -0.02000338358406343,
      "blend_weight": -0.13742674059294682
    },
    {
      "fold_id": 2,
      "alpha": "alpha_momentum_20d_ema3_regime_liq_z",
      "coef_std": -0.015711609484693793,
      "blend_weight": -0.10794150259013752
    },
    {
      "fold_id": 2,
      "alpha": "alpha_rev1_z_z_mul_rvol_z",
      "coef_std": -0.008049748212993077,
      "blend_weight": -0.055303176827888254
    },
    {
      "fold_id": 2,
      "alpha": "alpha_intraday_pressure_ema3_regime_liq_hi",
      "coef_std": -0.002680270091567007,
      "blend_weight": -0.018413923876671928
    },
    {
      "fold_id": 2,
      "alpha": "alpha_rev1_z_rank_mul_breadth_z",
      "coef_std": 0.00139734169500208,
      "blend_weight": 0.009599981614697939
    },
    {
      "fold_id": 3,
      "alpha": "alpha_intraday_rs_ema3_regime_rvol_z",
      "coef_std": 0.037751429082244915,
      "blend_weight": 0.6456379511100009
    },
    {
      "fold_id": 3,
      "alpha": "alpha_ivol_20d_z_z_mul_liq_z",
      "coef_std": 0.008398139823545104,
      "blend_weight": 0.14362788166234192
    },
    {
      "fold_id": 3,
      "alpha": "alpha_ivol_20d_signed_log_z_mul_liq_z",
      "coef_std": 0.005643252255417406,
      "blend_weight": 0.09651284500639419
    },
    {
      "fold_id": 3,
      "alpha": "alpha_str_3d_signed_square_regime_rvol_z",
      "coef_std": -0.004739840989674819,
      "blend_weight": -0.0810623941809959
    },
    {
      "fold_id": 3,
      "alpha": "alpha_rev1_z_z_mul_rvol_z",
      "coef_std": -0.0019388527541753693,
      "blend_weight": -0.03315892802316475
    },
    {
      "fold_id": 4,
      "alpha": "alpha_intraday_rs_ema3_regime_rvol_z",
      "coef_std": -0.027781313123154308,
      "blend_weight": -0.17537730661172174
    },
    {
      "fold_id": 4,
      "alpha": "alpha_pressure_z_z_mul_rvol_z",
      "coef_std": -0.026161759473543978,
      "blend_weight": -0.16515342137912928
    },
    {
      "fold_id": 4,
      "alpha": "alpha_mom3_ema3_z_mul_rvol_z",
      "coef_std": -0.022366132670823075,
      "blend_weight": -0.141192465947917
    },
    {
      "fold_id": 4,
      "alpha": "alpha_vol_compression_signed_log_z_mul_range_comp_z",
      "coef_std": -0.017847524771555635,
      "blend_weight": -0.11266749020271016
    },
    {
      "fold_id": 4,
      "alpha": "alpha_overnight_drift_20d_lag1_regime_volshock_z_lag1",
      "coef_std": 0.016317801322586943,
      "blend_weight": 0.10301068322776102
    },
    {
      "fold_id": 4,
      "alpha": "alpha_rev1_z_z_mul_rvol_z",
      "coef_std": 0.012926647155902065,
      "blend_weight": 0.0816030744001339
    },
    {
      "fold_id": 4,
      "alpha": "alpha_str_3d_ema3_regime_rvol_z",
      "coef_std": 0.012765892523930728,
      "blend_weight": 0.08058826583959129
    },
    {
      "fold_id": 4,
      "alpha": "alpha_str_3d_signed_square_regime_rvol_z",
      "coef_std": 0.01023563912938815,
      "blend_weight": 0.06461533383983635
    },
    {
      "fold_id": 4,
      "alpha": "alpha_ivol_20d_signed_log_z_mul_liq_z",
      "coef_std": -0.009124113989140073,
      "blend_weight": -0.05759852061492601
    },
    {
      "fold_id": 4,
      "alpha": "alpha_ivol_20d_z_z_mul_liq_z",
      "coef_std": -0.0016102447712151508,
      "blend_weight": -0.010165120335005147
    },
    {
      "fold_id": 5,
      "alpha": "alpha_mom3_z_z_mul_rvol_z",
      "coef_std": -0.05745397366122667,
      "blend_weight": -0.45387354301741417
    },
    {
      "fold_id": 5,
      "alpha": "alpha_rev1_z_z_mul_rvol_z",
      "coef_std": -0.04159269266120264,
      "blend_weight": -0.3285729703063917
    },
    {
      "fold_id": 5,
      "alpha": "alpha_pressure_z_z_mul_rvol_z",
      "coef_std": -0.01937182391913957,
      "blend_weight": -0.15303307668035096
    },
    {
      "fold_id": 5,
      "alpha": "alpha_overnight_drift_20d_signed_square_regime_volshock_z",
      "coef_std": 0.008075014191928343,
      "blend_weight": 0.06379080623417002
    },
    {
      "fold_id": 5,
      "alpha": "alpha_intraday_rs_ema3_regime_rvol_z",
      "coef_std": -9.235752005665815e-05,
      "blend_weight": -0.0007296037537731962
    },
    {
      "fold_id": 6,
      "alpha": "alpha_mom3_z_z_mul_rvol_z",
      "coef_std": -0.09191182837893452,
      "blend_weight": -0.4812972276123405
    },
    {
      "fold_id": 6,
      "alpha": "alpha_gap_z_z_mul_rvol_z",
      "coef_std": 0.04907785496147577,
      "blend_weight": 0.25699668852994545
    },
    {
      "fold_id": 6,
      "alpha": "alpha_intraday_rs_ema3_regime_rvol_z",
      "coef_std": -0.027190824111186764,
      "blend_weight": -0.14238502804290182
    },
    {
      "fold_id": 6,
      "alpha": "alpha_intraday_rs_lag1_regime_rvol_hi_lag1",
      "coef_std": -0.018039374941406873,
      "blend_weight": -0.09446337104037603
    },
    {
      "fold_id": 6,
      "alpha": "alpha_rev1_z_z_mul_liq_z",
      "coef_std": 0.004746994425333679,
      "blend_weight": 0.024857684769199674
    },
    {
      "fold_id": 7,
      "alpha": "alpha_mom3_z_z_mul_rvol_z",
      "coef_std": -0.02989982580296688,
      "blend_weight": -0.42835706177599153
    },
    {
      "fold_id": 7,
      "alpha": "alpha_rev1_z_z_mul_liq_z",
      "coef_std": -0.022709191087001583,
      "blend_weight": -0.3253411051101269
    },
    {
      "fold_id": 7,
      "alpha": "alpha_intraday_rs_lag1_regime_rvol_hi_lag1",
      "coef_std": -0.01719215710859298,
      "blend_weight": -0.24630183309955497
    },
    {
      "fold_id": 8,
      "alpha": "alpha_intraday_pressure_lag1_regime_liq_z_lag1",
      "coef_std": -0.031974244098913696,
      "blend_weight": -0.25774250254106784
    },
    {
      "fold_id": 8,
      "alpha": "alpha_intraday_pressure_ema3_regime_liq_z",
      "coef_std": 0.029231458945117975,
      "blend_weight": 0.23563307261100067
    },
    {
      "fold_id": 8,
      "alpha": "alpha_str_3d_ema3_regime_rvol_z",
      "coef_std": 0.025393245699876894,
      "blend_weight": 0.20469346121457926
    },
    {
      "fold_id": 8,
      "alpha": "alpha_intraday_rs_lag1_regime_rvol_hi_lag1",
      "coef_std": -0.02390348251385583,
      "blend_weight": -0.19268456772609588
    },
    {
      "fold_id": 8,
      "alpha": "alpha_rev1_z_z_mul_liq_z",
      "coef_std": -0.01355256077274591,
      "blend_weight": -0.10924639589919545
    }
  ],
  "alpha_count": 58
}




---------------------------


wf_fold_summaries.csv

days,mean_daily,std_daily,sharpe,hit_rate,cum_ret,max_drawdown,avg_turnover,avg_gross,avg_top_pct,position_limits_fallback_days,cost_model_fallback_days,selected_alpha_count,selected_alpha_list,usable_train_rows,selected_alpha_nonzero_mean,ridge_chosen_min_active,ridge_usable_rows,fold_alpha_input_count
63.0,-0.0015782045163754738,0.006816910242233546,-3.675157676432456,0.5238095238095238,-0.09605071433439005,-0.10062297476064408,0.33343252220288594,0.7528440440894548,0.060000000000000005,0.0,0.0,6.0,"alpha_ivol_20d_signed_log_z_mul_liq_z,alpha_ivol_20d_z_z_mul_liq_z,alpha_gap_z_z_mul_liq_z,alpha_rev1_ema3_z_mul_liq_z,alpha_intraday_rs_ema3_regime_rvol_z,alpha_momentum_20d_ema3_regime_liq_z",24444.0,0.996031746031746,3.0,23571.0,58.0
63.0,0.00041174471390940514,0.0029980311259988467,2.1801790651991637,0.5079365079365079,0.02598367903002119,-0.016608394581287822,0.3500000000000002,0.4312713550645919,0.060000000000000005,0.0,0.0,9.0,"alpha_rev1_z_z_mul_liq_z,alpha_ivol_20d_z_z_mul_liq_z,alpha_rev1_ema3_z_mul_liq_z,alpha_rev1_z_z_mul_rvol_z,alpha_rev1_z_rank_mul_breadth_z,alpha_intraday_pressure_clip3_regime_liq_hi,alpha_intraday_rs_ema3_regime_rvol_z,alpha_intraday_pressure_ema3_regime_liq_hi,alpha_momentum_20d_ema3_regime_liq_z",24444.0,1.0,3.0,24444.0,58.0
63.0,-0.0014514737632434652,0.0071801814596074084,-3.209031944230881,0.5396825396825397,-0.08894189204112157,-0.091106563229431,0.3500000000000002,0.4069341805345467,0.060000000000000005,0.0,0.0,5.0,"alpha_ivol_20d_signed_log_z_mul_liq_z,alpha_ivol_20d_z_z_mul_liq_z,alpha_rev1_z_z_mul_rvol_z,alpha_str_3d_signed_square_regime_rvol_z,alpha_intraday_rs_ema3_regime_rvol_z",24444.0,1.0,3.0,24444.0,58.0
63.0,7.088976641319897e-05,0.005909821945871712,0.19041862253876987,0.3968253968253968,0.003391423207709021,-0.04286479267632559,0.3500000000000002,0.33020474227622343,0.060000000000000005,0.0,0.0,11.0,"alpha_str_3d_signed_square_regime_rvol_z,alpha_rev1_z_z_mul_rvol_z,alpha_intraday_rs_ema3_regime_rvol_z,alpha_overnight_drift_20d_lag1_regime_volshock_z_lag1,alpha_pressure_z_z_mul_rvol_z,alpha_vol_compression_signed_log_z_mul_range_comp_z,alpha_mom3_ema3_z_mul_rvol_z,alpha_ivol_20d_signed_log_z_mul_liq_z,alpha_str_3d_ema3_regime_rvol_z,alpha_ivol_20d_z_z_mul_liq_z,alpha_vol_compression_z_z_mul_range_comp_z",24444.0,1.0,3.0,24444.0,58.0
63.0,0.000581084614169888,0.005233638682584698,1.7625275332072654,0.49206349206349204,0.03638520304477333,-0.02653792346434891,0.3500000000000002,0.3264264879291941,0.060000000000000005,0.0,0.0,5.0,"alpha_intraday_rs_ema3_regime_rvol_z,alpha_overnight_drift_20d_signed_square_regime_volshock_z,alpha_mom3_z_z_mul_rvol_z,alpha_rev1_z_z_mul_rvol_z,alpha_pressure_z_z_mul_rvol_z",24444.0,1.0,3.0,24444.0,58.0
63.0,-0.00018342177672157816,0.002207534233861271,-1.3189967301306451,0.4603174603174603,-0.011641862888908117,-0.016668750268556187,0.3500000000000002,0.24414520598730366,0.060000000000000005,0.0,0.0,5.0,"alpha_intraday_rs_ema3_regime_rvol_z,alpha_intraday_rs_lag1_regime_rvol_hi_lag1,alpha_mom3_z_z_mul_rvol_z,alpha_gap_z_z_mul_rvol_z,alpha_rev1_z_z_mul_liq_z",24444.0,1.0,3.0,24444.0,58.0
63.0,0.0004308425106810621,0.003922332529747056,1.743710603669299,0.5555555555555556,0.027013243869993486,-0.017564508319616867,0.3500000000000002,0.2832683911894316,0.060000000000000005,0.0,0.0,3.0,"alpha_intraday_rs_lag1_regime_rvol_hi_lag1,alpha_rev1_z_z_mul_liq_z,alpha_mom3_z_z_mul_rvol_z",24444.0,1.0,3.0,24444.0,58.0
63.0,-0.0008891394570270652,0.0028098047069941416,-5.0233566997500825,0.38095238095238093,-0.05473518349271522,-0.05999695064129151,0.3500000000000002,0.23730917227020637,0.060000000000000005,0.0,0.0,5.0,"alpha_rev1_z_z_mul_liq_z,alpha_str_3d_ema3_regime_rvol_z,alpha_intraday_rs_lag1_regime_rvol_hi_lag1,alpha_intraday_pressure_ema3_regime_liq_z,alpha_intraday_pressure_lag1_regime_liq_z_lag1",24444.0,1.0,3.0,24444.0,58.0




-------------------------------



C:\Users\Dmytro Govor\Documents\Python-Edge\artifacts\multi_alpha_wf\wf_alpha_shortlist_debug.json


{
  "shortlist_required": 1,
  "shortlist_path": "data\\alpha_library_v2\\diagnostics\\alpha_candidate_shortlist.csv",
  "shortlist_csv_exists": 1,
  "shortlist_rows_raw": 58,
  "shortlist_rows_unique": 58,
  "shortlist_duplicates_removed": 0,
  "shortlist_alpha_missing_name": 0,
  "alpha_cols_before_shortlist": 958,
  "shortlist_found_in_parquet": 58,
  "shortlist_missing_in_parquet": 0,
  "shortlist_missing_in_parquet_list": [],
  "alpha_cols_after_shortlist": 58,
  "shortlist_filter_applied": 1
}
