
[CFG] alpha_lib_file=data\alpha_library_v2\alpha_library_v2.parquet
[CFG] alpha_shortlist_csv=data\alpha_library_v2\diagnostics\alpha_candidate_shortlist.csv
[CFG] alpha_shortlist_required=1
[CFG] consensus_mode=recent_weighted
[CFG] consensus_required_last_fold=1
[CFG] consensus_min_folds=2 consensus_max_sign_flip=0.34 consensus_min_mean_abs_ic=0.004
[CFG] consensus_history_blend=0.45 consensus_family_cap=2 current_family_cap=3
[DATA] rows=76727 dates=791 symbols=97 alpha_cols=58
[ALPHA_SHORTLIST]
{
  "shortlist_required": 1,
  "shortlist_path": "data\\alpha_library_v2\\diagnostics\\alpha_candidate_shortlist.csv",
  "shortlist_csv_exists": 1,
  "shortlist_rows_raw": 58,
  "shortlist_rows_unique": 58,
  "shortlist_duplicates_removed": 0,
  "shortlist_alpha_missing_name": 0,
  "alpha_cols_before_shortlist": 958,
  "shortlist_found_in_parquet": 58,
  "shortlist_missing_in_parquet": 0,
  "shortlist_missing_in_parquet_list": [],
  "alpha_cols_after_shortlist": 58,
  "shortlist_filter_applied": 1
}
[ALPHA_SHORTLIST][HEAD]
 shortlist_rank                                            alpha              family  wave  transform interaction regime  selector_score
              1        alpha_intraday_pressure_ema3_regime_liq_z   intraday_pressure wave3       ema3      regime      z       12.848269
              2                     alpha_pressure_z_z_mul_liq_z            pressure wave5          z       z_mul      z       12.834244
              3                  alpha_mom3_z_rank_mul_breadth_z                mom3 wave5          z    rank_mul      z       12.831842
              4                        alpha_mom3_z_z_mul_rvol_z                mom3 wave5          z       z_mul      z       12.828941
              5                          alpha_gap_z_z_mul_liq_z                 gap wave5          z       z_mul      z       12.827754
              6                         alpha_rev1_z_z_mul_liq_z                rev1 wave5          z       z_mul      z       12.827754
              7                   alpha_mom3_z_raw_mul_breadth_z                mom3 wave5          z     raw_mul      z       12.813842
              8              alpha_vol_compression_z_z_mul_liq_z     vol_compression wave5          z       z_mul      z       12.801554
              9              alpha_pressure_z_rank_mul_breadth_z            pressure wave5          z    rank_mul      z       12.798052
             10                     alpha_mom3_z_rank_mul_rvol_z                mom3 wave5          z    rank_mul      z       12.792941
             11                   alpha_gap_z_rank_mul_breadth_z                 gap wave5          z    rank_mul      z       12.791742
             12                  alpha_rev1_z_rank_mul_breadth_z                rev1 wave5          z    rank_mul      z       12.791625
             13             alpha_intraday_rs_ema3_regime_rvol_z         intraday_rs wave3       ema3      regime      z       12.789853
             14                  alpha_str_3d_ema3_regime_rvol_z              str_3d wave3       ema3      regime      z       12.789853
             15     alpha_vol_compression_signed_log_z_mul_liq_z     vol_compression wave6 signed_log       z_mul      z       12.789767
             16       alpha_vol_compression_z_z_mul_range_comp_z     vol_compression wave5          z       z_mul      z       12.788571
             17 alpha_overnight_drift_20d_ema3_regime_volshock_z overnight_drift_20d wave3       ema3      regime      z       12.783361
             18                     alpha_ivol_20d_z_z_mul_liq_z            ivol_20d wave5          z       z_mul      z       12.782079
             19                alpha_ivol_20d_z_z_mul_volshock_z            ivol_20d wave5          z       z_mul      z       12.782079
             20               alpha_pressure_z_raw_mul_breadth_z            pressure wave5          z     raw_mul      z       12.779885
[WF] folds=8
[WF][FOLD 1] train=2023-01-03..2024-01-03 test=2024-01-19..2024-04-18
[WF][FOLD 2] train=2023-04-04..2024-04-04 test=2024-04-19..2024-07-19
[WF][FOLD 3] train=2023-07-06..2024-07-05 test=2024-07-22..2024-10-17
[WF][FOLD 4] train=2023-10-04..2024-10-03 test=2024-10-18..2025-01-21
[WF][FOLD 5] train=2024-01-04..2025-01-03 test=2025-01-22..2025-04-22
[WF][FOLD 6] train=2024-04-05..2025-04-07 test=2025-04-23..2025-07-23
[WF][FOLD 7] train=2024-07-08..2025-07-09 test=2025-07-24..2025-10-21
[WF][FOLD 8] train=2024-10-04..2025-10-07 test=2025-10-22..2026-01-22
[WF][FOLD 1] start history_rows=0 is_last_fold=0
[WF][FOLD 1][CONSENSUS] selected=10 dropped_by_fold_consensus=0 dropped_by_sign_flip=0 dropped_by_family_dominance=3 corr_pruned=1
[WF][FOLD 1][SUMMARY] sharpe=-1.1318 mean_daily=-0.000472 cum_ret=-0.0307 maxdd=-0.0578 avg_turn=0.3500
[WF][FOLD 1][TOP_WEIGHTS]
                                     alpha  coef_std        x_mean     x_std  abs_coef_std  blend_weight
                alpha_gap_ema3_z_mul_liq_z -0.041670  2.365190e-01  6.445834      0.041670     -0.214905
     alpha_ivol_20d_signed_log_z_mul_liq_z  0.027260  1.069440e-01  2.730326      0.027260      0.140589
               alpha_rev1_ema3_z_mul_liq_z -0.021635 -4.781109e-01  5.898494      0.021635     -0.111576
              alpha_ivol_20d_z_z_mul_liq_z  0.019895  2.006360e-01  5.045715      0.019895      0.102607
                  alpha_rev1_z_z_mul_liq_z  0.019040 -3.052998e-01  6.097615      0.019040      0.098193
                   alpha_gap_z_z_mul_liq_z  0.016410  1.609028e-01  7.086932      0.016410      0.084634
     alpha_intraday_rs_ema3_regime_rvol_hi  0.015698 -6.226667e-19  0.981981      0.015698      0.080958
                  alpha_gap_z_z_mul_rvol_z  0.014494  7.823246e-02 17.819672      0.014494      0.074751
alpha_vol_compression_z_z_mul_range_comp_z -0.008902  4.821721e-01  2.847297      0.008902     -0.045909
                 alpha_rev1_z_z_mul_rvol_z  0.008896 -1.352951e-01 11.592033      0.008896      0.045878
[WF][FOLD 2] start history_rows=58 is_last_fold=0
[WF][FOLD 2][CONSENSUS] selected=10 dropped_by_fold_consensus=0 dropped_by_sign_flip=0 dropped_by_family_dominance=7 corr_pruned=1
[WF][FOLD 2][SUMMARY] sharpe=-0.8129 mean_daily=-0.000159 cum_ret=-0.0103 maxdd=-0.0306 avg_turn=0.3500
[WF][FOLD 2][TOP_WEIGHTS]
                                alpha  coef_std        x_mean     x_std  abs_coef_std  blend_weight
         alpha_pressure_z_z_mul_liq_z -0.061610  1.801353e-01  5.490845      0.061610     -0.236580
              alpha_gap_z_z_mul_liq_z -0.042764  2.240580e-01  7.142910      0.042764     -0.164212
     alpha_str_3d_ema3_regime_rvol_hi  0.037126  1.542970e-18  1.000000      0.037126      0.142562
             alpha_rev1_z_z_mul_liq_z -0.034638 -2.467758e-01  6.099110      0.034638     -0.133009
alpha_intraday_rs_ema3_regime_rvol_hi -0.022634 -4.298912e-18  1.000000      0.022634     -0.086915
            alpha_rev1_z_z_mul_rvol_z  0.018674 -1.561797e-01 12.515628      0.018674      0.071708
          alpha_rev1_ema3_z_mul_liq_z -0.015151 -3.908360e-01  5.825377      0.015151     -0.058179
alpha_ivol_20d_signed_log_z_mul_liq_z  0.014009  1.086139e-01  2.824254      0.014009      0.053793
         alpha_ivol_20d_z_z_mul_liq_z  0.011948  1.640424e-01  5.173883      0.011948      0.045880
      alpha_str_3d_ema3_regime_rvol_z  0.001865 -1.842848e-01  5.900380      0.001865      0.007162
[WF][FOLD 3] start history_rows=116 is_last_fold=0
[WF][FOLD 3][CONSENSUS] selected=10 dropped_by_fold_consensus=0 dropped_by_sign_flip=0 dropped_by_family_dominance=4 corr_pruned=1
[WF][FOLD 3][SUMMARY] sharpe=-0.4042 mean_daily=-0.000183 cum_ret=-0.0131 maxdd=-0.0491 avg_turn=0.3500
[WF][FOLD 3][TOP_WEIGHTS]
                                      alpha  coef_std        x_mean     x_std  abs_coef_std  blend_weight
      alpha_intraday_rs_ema3_regime_rvol_hi -0.049115 -2.359519e-18  1.000000      0.049115     -0.229669
       alpha_intraday_rs_ema3_regime_rvol_z  0.046265 -1.679957e-01 12.799266      0.046265      0.216340
           alpha_str_3d_ema3_regime_rvol_hi  0.041636  3.837909e-19  1.000000      0.041636      0.194696
alpha_intraday_pressure_clip3_regime_liq_hi -0.029241 -4.678161e-18  1.000000      0.029241     -0.136733
            alpha_str_3d_ema3_regime_rvol_z -0.017950 -1.453391e-01  6.897485      0.017950     -0.083937
                   alpha_rev1_z_z_mul_liq_z  0.009106 -2.324095e-01  6.215018      0.009106      0.042578
               alpha_ivol_20d_z_z_mul_liq_z  0.008352  1.826622e-01  5.018689      0.008352      0.039056
      alpha_ivol_20d_signed_log_z_mul_liq_z  0.006106  1.281648e-01  2.830060      0.006106      0.028553
                  alpha_rev1_z_z_mul_rvol_z  0.004205 -1.491961e-01 15.011692      0.004205      0.019663
               alpha_pressure_z_z_mul_liq_z -0.001877  1.763328e-01  5.535322      0.001877     -0.008775
[WF][FOLD 4] start history_rows=174 is_last_fold=0
[WF][FOLD 4][CONSENSUS] selected=10 dropped_by_fold_consensus=0 dropped_by_sign_flip=1 dropped_by_family_dominance=9 corr_pruned=2
[WF][FOLD 4][SUMMARY] sharpe=1.5475 mean_daily=0.000482 cum_ret=0.0300 maxdd=-0.0412 avg_turn=0.3500
[WF][FOLD 4][TOP_WEIGHTS]
                                                    alpha  coef_std        x_mean      x_std  abs_coef_std  blend_weight
                                alpha_rev1_z_z_mul_rvol_z  0.034714 -2.070361e-01  15.181793      0.034714      0.228058
                     alpha_intraday_rs_ema3_regime_rvol_z -0.029663 -2.291346e-01  12.923652      0.029663     -0.194874
                             alpha_mom3_ema3_z_mul_rvol_z -0.028904  1.799627e-01   7.445881      0.028904     -0.189888
                 alpha_str_3d_signed_square_regime_rvol_z  0.019197 -2.577808e+00 147.328008      0.019197      0.126117
alpha_overnight_drift_20d_signed_square_regime_volshock_z  0.017501  2.399738e-01  49.737173      0.017501      0.114977
                    alpha_ivol_20d_signed_log_z_mul_liq_z -0.009413  8.955767e-02   3.000589      0.009413     -0.061839
           alpha_intraday_pressure_lag1_regime_liq_z_lag1  0.005227  1.703203e-01   5.436932      0.005227      0.034342
                    alpha_intraday_rs_ema3_regime_rvol_hi  0.005196 -3.061243e-18   1.000000      0.005196      0.034135
                             alpha_ivol_20d_z_z_mul_liq_z -0.001477  1.037313e-01   5.051204      0.001477     -0.009704
                         alpha_str_3d_ema3_regime_rvol_hi -0.000923 -2.370874e-18   1.000000      0.000923     -0.006065
[WF][FOLD 5] start history_rows=232 is_last_fold=0
[WF][FOLD 5][CONSENSUS] selected=10 dropped_by_fold_consensus=0 dropped_by_sign_flip=1 dropped_by_family_dominance=10 corr_pruned=2
[WF][FOLD 5][SUMMARY] sharpe=2.0570 mean_daily=0.000797 cum_ret=0.0503 maxdd=-0.0229 avg_turn=0.3500
[WF][FOLD 5][TOP_WEIGHTS]
                                                    alpha  coef_std        x_mean     x_std  abs_coef_std  blend_weight
                                alpha_mom3_z_z_mul_rvol_z -0.073262  3.259961e-01 11.174307      0.073262     -0.379941
                                alpha_rev1_z_z_mul_rvol_z -0.040574 -2.833934e-01 15.780617      0.040574     -0.210422
      alpha_vol_compression_signed_log_z_mul_range_comp_z -0.024110  1.407036e-01  1.224157      0.024110     -0.125035
                         alpha_str_3d_ema3_regime_rvol_hi -0.016757 -5.439782e-18  1.000000      0.016757     -0.086903
                    alpha_intraday_rs_ema3_regime_rvol_hi  0.011907 -3.321835e-18  1.000000      0.011907      0.061749
alpha_overnight_drift_20d_signed_square_regime_volshock_z  0.011245  2.413448e-01 51.799128      0.011245      0.058318
   alpha_overnight_drift_20d_lag1_regime_volshock_lo_lag1 -0.007190  8.416148e-18  1.000000      0.007190     -0.037286
                     alpha_intraday_rs_ema3_regime_rvol_z -0.004303 -2.936985e-01 13.351397      0.004303     -0.022315
           alpha_intraday_pressure_lag1_regime_liq_z_lag1  0.001956  1.009489e-01  5.513746      0.001956      0.010146
                          alpha_str_3d_ema3_regime_rvol_z  0.001521 -2.587313e-01  7.727392      0.001521      0.007886
[WF][FOLD 6] start history_rows=290 is_last_fold=0
[WF][FOLD 6][CONSENSUS] selected=10 dropped_by_fold_consensus=0 dropped_by_sign_flip=1 dropped_by_family_dominance=6 corr_pruned=3
[WF][FOLD 6][SUMMARY] sharpe=2.0683 mean_daily=0.000413 cum_ret=0.0261 maxdd=-0.0122 avg_turn=0.3500
[WF][FOLD 6][TOP_WEIGHTS]
                                                    alpha  coef_std        x_mean     x_std  abs_coef_std  blend_weight
                                alpha_mom3_z_z_mul_rvol_z -0.139619  2.438085e-01 10.756614      0.139619     -0.423406
                          alpha_str_3d_ema3_regime_rvol_z -0.076419 -1.876867e-01  7.505741      0.076419     -0.231748
                                 alpha_gap_z_z_mul_rvol_z  0.035781  1.517081e-01 23.437690      0.035781      0.108508
                     alpha_intraday_rs_ema3_regime_rvol_z -0.031823 -2.234990e-01 12.949971      0.031823     -0.096506
                     alpha_str_3d_lag1_regime_rvol_z_lag1  0.019233 -1.488856e-01  5.104972      0.019233      0.058325
                                alpha_rev1_z_z_mul_rvol_z  0.009615 -2.206286e-01 15.322929      0.009615      0.029157
alpha_overnight_drift_20d_signed_square_regime_volshock_z  0.008999 -1.048432e-01 48.325965      0.008999      0.027290
               alpha_intraday_pressure_ema3_regime_liq_hi -0.006114 -3.504079e-18  1.000000      0.006114     -0.018542
                    alpha_intraday_rs_ema3_regime_rvol_hi  0.002061 -7.823430e-19  1.000000      0.002061      0.006251
                              alpha_rev1_ema3_z_mul_liq_z  0.000088 -2.646250e-01  5.901088      0.000088      0.000268
[WF][FOLD 7] start history_rows=348 is_last_fold=0
[WF][FOLD 7][CONSENSUS] selected=10 dropped_by_fold_consensus=0 dropped_by_sign_flip=2 dropped_by_family_dominance=3 corr_pruned=0
[WF][FOLD 7][SUMMARY] sharpe=-3.5768 mean_daily=-0.000574 cum_ret=-0.0357 maxdd=-0.0480 avg_turn=0.3500
[WF][FOLD 7][TOP_WEIGHTS]
                                          alpha  coef_std        x_mean     x_std  abs_coef_std  blend_weight
                alpha_rev1_z_rank_mul_breadth_z  0.105306 -4.612922e-03  1.812550      0.105306      0.264063
                      alpha_mom3_z_z_mul_rvol_z -0.082392  2.622585e-01 10.044327      0.082392     -0.206604
                      alpha_rev1_z_z_mul_rvol_z -0.081264 -2.334391e-01 14.308966      0.081264     -0.203774
                       alpha_gap_z_z_mul_rvol_z  0.038382  2.012826e-01 21.618263      0.038382      0.096247
alpha_intraday_pressure_lag1_regime_liq_lo_lag1  0.032329 -7.095590e-18  1.000000      0.032329      0.081067
          alpha_intraday_rs_ema3_regime_rvol_hi -0.030183 -3.713007e-18  1.000000      0.030183     -0.075687
 alpha_intraday_pressure_lag1_regime_liq_z_lag1  0.014494  4.012820e-02  5.448791      0.014494      0.036345
                        alpha_gap_z_z_mul_liq_z -0.013060  2.447598e-01  7.322230      0.013060     -0.032749
           alpha_intraday_rs_ema3_regime_rvol_z  0.000933 -2.247294e-01 12.109288      0.000933      0.002340
                     alpha_gap_ema3_z_mul_liq_z -0.000448  3.497949e-01  6.537830      0.000448     -0.001124
[WF][FOLD 8] start history_rows=406 is_last_fold=1
[WF][FOLD 8][CONSENSUS] selected=10 dropped_by_fold_consensus=15 dropped_by_sign_flip=0 dropped_by_family_dominance=0 corr_pruned=1
[WF][FOLD 8][SUMMARY] sharpe=-2.9619 mean_daily=-0.000532 cum_ret=-0.0332 maxdd=-0.0443 avg_turn=0.3500
[WF][FOLD 8][TOP_WEIGHTS]
                                          alpha  coef_std        x_mean     x_std  abs_coef_std  blend_weight
                alpha_rev1_z_rank_mul_breadth_z  0.060962 -1.165523e-02  1.706459      0.060962      0.261525
                alpha_str_3d_ema3_regime_rvol_z  0.038923 -2.450402e-01  8.680675      0.038923      0.166977
                   alpha_pressure_z_z_mul_liq_z  0.036353  3.462608e-02  5.455005      0.036353      0.155954
           alpha_intraday_rs_ema3_regime_rvol_z -0.032246 -1.913192e-01 13.076999      0.032246     -0.138335
alpha_intraday_pressure_lag1_regime_liq_lo_lag1  0.029904 -6.615283e-18  1.000000      0.029904      0.128287
                       alpha_gap_z_z_mul_rvol_z  0.022383  3.037143e-01 25.230209      0.022383      0.096022
          alpha_intraday_rs_ema3_regime_rvol_hi -0.004962 -1.436377e-18  1.000000      0.004962     -0.021287
                        alpha_gap_z_z_mul_liq_z  0.003635  2.866969e-01  7.906976      0.003635      0.015593
          alpha_ivol_20d_signed_log_z_mul_liq_z -0.003584  7.301925e-02  2.911873      0.003584     -0.015373
 alpha_intraday_pressure_lag1_regime_liq_z_lag1 -0.000151  4.839110e-02  5.363382      0.000151     -0.000648
[OVERALL] sharpe=-0.0919 mean_daily=-0.000029 cum_ret=-0.0203 maxdd=-0.1072 avg_turnover=0.3500
[ARTIFACT] artifacts\multi_alpha_wf\wf_multi_alpha_overall.csv
[ARTIFACT] artifacts\multi_alpha_wf\wf_fold_summaries.csv
[ARTIFACT] artifacts\multi_alpha_wf\wf_fold_consensus_debug.csv
[ARTIFACT] artifacts\multi_alpha_wf\wf_multi_alpha_meta.json
[ARTIFACT] artifacts\multi_alpha_wf\wf_alpha_shortlist_debug.json
[FINAL] multi-alpha walkforward with fold consensus complete