PS C:\Users\Dmytro Govor\Documents\Python-Edge> python .\scripts\run_broker_adapter_ibkr.py
[CFG] ib_host=127.0.0.1 ib_port=4002 ib_client_id=41
[CFG] ib_exchange=SMART ib_order_type=LMT ib_outside_rth=1
[CFG] ib_lmt_price_buy_bps=10.0 ib_lmt_price_sell_bps=10.0 ib_lmt_price_min_abs=0.01
[IB] connecting host=127.0.0.1 port=4002 client_id=41
[IB] openOrderEnd
[IB] managedAccounts=DUP561175
[IB] nextValidId=24
[IB] connected next_valid_id=24 managed_accounts=DUP561175
[IB][ERROR] reqId=-1 code=2104 msg=Market data farm connection is OK:usfarm
[IB][ERROR] reqId=-1 code=2106 msg=HMDS data farm connection is OK:ushmds
[IB][ERROR] reqId=-1 code=2158 msg=Sec-def data farm connection is OK:secdefil
[IB] openOrderEnd
[IB] initial positions refresh skipped by config
[BROKER][optimal] orders=artifacts\execution_loop\optimal\orders.csv
[IB] openOrderEnd
[BROKER][optimal][SEND] symbol=AAPL broker_symbol=AAPL side=BUY qty=1.00000000 status=submitted ib_order_id=24 order_type=LMT outside_rth=1 price_hint=219.5000 raw_limit_price=219.7195 rounded_limit_price=219.7200 min_tick=0.010000
[IB][ERROR] reqId=25 code=202 msg=Order Canceled - reason:We cannot accept an order at a limit price at or more aggressive than 373.908962. Please submit your order <br>using a limit price that is closer to the current market price of 363.23.
[IB] openOrderEnd
[IB][ERROR] reqId=26 code=202 msg=Order Canceled - reason:We cannot accept an order at a limit price at or more aggressive than 162.119318. Please submit your order <br>using a limit price that is closer to the current market price of 167.03.
[IB] openOrderEnd
[IB] openOrderEnd
[BROKER][optimal][SEND] symbol=AMZN broker_symbol=AMZN side=SELL qty=1.00000000 status=filled ib_order_id=27 order_type=LMT outside_rth=1 price_hint=201.7000 raw_limit_price=201.4983 rounded_limit_price=201.4900 min_tick=0.010000
[BROKER][optimal][SUMMARY] sent=2 duplicate_skipped=0 errors=2 fills_csv=artifacts\execution_loop\optimal\fills.csv broker_log_json=artifacts\execution_loop\optimal\broker_log.json
[BROKER][aggressive] orders=artifacts\execution_loop\aggressive\orders.csv
[IB] openOrderEnd
[BROKER][aggressive][SEND] symbol=HOOD broker_symbol=HOOD side=SELL qty=37.00000000 status=submitted ib_order_id=28 order_type=LMT outside_rth=1 price_hint=100.0000 raw_limit_price=99.9000 rounded_limit_price=99.9000 min_tick=0.010000
[IB] openOrderEnd
[BROKER][aggressive][SEND] symbol=CRCL broker_symbol=CRCL side=SELL qty=16.00000000 status=submitted ib_order_id=29 order_type=LMT outside_rth=1 price_hint=103.8600 raw_limit_price=103.7561 rounded_limit_price=103.7500 min_tick=0.010000
[IB] openOrderEnd
[BROKER][aggressive][SEND] symbol=NEM broker_symbol=NEM side=SELL qty=16.00000000 status=filled ib_order_id=30 order_type=LMT outside_rth=1 price_hint=101.5200 raw_limit_price=101.4185 rounded_limit_price=101.4100 min_tick=0.010000
[IB] openOrderEnd
[BROKER][aggressive][SEND] symbol=INTC broker_symbol=INTC side=SELL qty=25.00000000 status=submitted ib_order_id=31 order_type=LMT outside_rth=1 price_hint=47.1800 raw_limit_price=47.1328 rounded_limit_price=47.1300 min_tick=0.010000
[IB] openOrderEnd
[BROKER][aggressive][SEND] symbol=RKLB broker_symbol=RKLB side=SELL qty=6.00000000 status=submitted ib_order_id=32 order_type=LMT outside_rth=1 price_hint=72.8800 raw_limit_price=72.8071 rounded_limit_price=72.8000 min_tick=0.010000
[IB][ERROR] reqId=33 code=202 msg=Order Canceled - reason:We cannot accept an order at a limit price at or more aggressive than 110.609576. Please submit your order <br>using a limit price that is closer to the current market price of 113.96.
[IB] openOrderEnd
[BROKER][aggressive][SUMMARY] sent=5 duplicate_skipped=0 errors=1 fills_csv=artifacts\execution_loop\aggressive\fills.csv broker_log_json=artifacts\execution_loop\aggressive\broker_log.json
[FINAL] IBKR broker adapter complete

[EXIT] code=0