
PS C:\Users\Dmytro Govor\Documents\Python-Edge> python .\scripts\run_broker_adapter_ibkr.py
[CFG] execution_root=artifacts\execution_loop
[CFG] broker_name=MEXEM broker_platform=IBKR
[CFG] configs=['optimal', 'aggressive']
[CFG] ib_host=127.0.0.1 ib_port=4002 ib_client_id=41
[CFG] ib_account_code=
[CFG] ib_order_type=MKT ib_time_in_force=DAY ib_outside_rth=1
[CFG] ib_exchange=SMART ib_primary_exchange= ib_currency=USD ib_security_type=STK
[CFG] ib_allow_fractional=1
[CFG] ib_fractional_reject_codes=[10243, 10247, 10248, 10249, 10250] ib_fractional_failure_mode=review
[CFG] ib_refresh_positions_on_connect=0 ib_require_positions_on_connect=0 ib_positions_timeout_sec=8.0
[CFG] ib_extended_hours_force_lmt=1 ib_lmt_price_bps=25.0 ib_lmt_price_min_abs=0.01
[CFG] fractional_probe_qty=0.37 fractional_probe_symbol=RKLB fractional_probe_side=BUY fractional_probe_config=aggressive
[CFG] extended-hours path will use limit orders
[CFG] symbol_map_entries=0
[IB] connecting host=127.0.0.1 port=4002 client_id=41
[IB] connectAck received
[IB] openOrderEnd
[IB] managedAccounts=DUP561175
[IB] nextValidId=19
[IB] connected next_valid_id=19 managed_accounts=DUP561175
[IB][ERROR] reqId=-1 code=2104 msg=Market data farm connection is OK:usfarm
[IB][ERROR] reqId=-1 code=2107 msg=HMDS data farm connection is inactive but should be available upon demand.ushmds
[IB][ERROR] reqId=-1 code=2158 msg=Sec-def data farm connection is OK:secdefil
[IB] openOrderEnd
[IB] initial positions refresh skipped by config
[BROKER][optimal] orders=artifacts\execution_loop\optimal\orders.csv
[BROKER][optimal] total_rows=4 live_orders=4 prepared_orders=4
[BROKER][optimal][PREVIEW]
symbol broker_symbol side  qty  order_notional                  client_tag  fractional_probe  fractional_qty
  AAPL          AAPL  BUY  1.0           219.5 pe-f8517c89ebfe574b2eb7427b                 0               0
  MSFT          MSFT  BUY  1.0           428.1 pe-d76595b188fb79242d649e8c                 0               0
  NVDA          NVDA SELL  1.0           118.4 pe-0b229f2ecccf0a990f12771e                 0               0
  AMZN          AMZN SELL  1.0           201.7 pe-f6f1585ea949ed84617cb29a                 0               0
[IB][ERROR] reqId=19 code=110 msg=The price does not conform to the minimum price variation for this contract.
[IB] openOrderEnd
[IB] openOrderEnd
[IB] openOrderEnd
[IB] openOrderEnd
[IB] openOrderEnd
[IB] openOrderEnd
[BROKER][optimal][API_ERROR] symbol=AAPL broker_symbol=AAPL side=BUY qty=1.00000000 code=110 msg=The price does not conform to the minimum price variation for this contract.
[IB][ERROR] reqId=20 code=110 msg=The price does not conform to the minimum price variation for this contract.
[IB] openOrderEnd
[IB] openOrderEnd
[IB] openOrderEnd
[IB] openOrderEnd
[IB] openOrderEnd
[IB] openOrderEnd
[BROKER][optimal][API_ERROR] symbol=MSFT broker_symbol=MSFT side=BUY qty=1.00000000 code=110 msg=The price does not conform to the minimum price variation for this contract.
[IB][ERROR] reqId=21 code=110 msg=The price does not conform to the minimum price variation for this contract.
[IB] openOrderEnd
[IB] openOrderEnd
[IB] openOrderEnd
[IB] openOrderEnd
[IB] openOrderEnd
[IB] openOrderEnd
[BROKER][optimal][API_ERROR] symbol=NVDA broker_symbol=NVDA side=SELL qty=1.00000000 code=110 msg=The price does not conform to the minimum price variation for this contract.
[IB][ERROR] reqId=22 code=110 msg=The price does not conform to the minimum price variation for this contract.
[IB] openOrderEnd
[IB] openOrderEnd
[IB] openOrderEnd
[IB] openOrderEnd
[IB] openOrderEnd
[IB] openOrderEnd
[BROKER][optimal][API_ERROR] symbol=AMZN broker_symbol=AMZN side=SELL qty=1.00000000 code=110 msg=The price does not conform to the minimum price variation for this contract.
[BROKER][optimal][SUMMARY] sent=0 duplicate_skipped=0 errors=4 fractional_rejected=0 fills_csv=artifacts\execution_loop\optimal\fills.csv broker_log_json=artifacts\execution_loop\optimal\broker_log.json manual_review_csv=artifacts\execution_loop\optimal\broker_fractional_manual_review.csv
[BROKER][aggressive] orders=artifacts\execution_loop\aggressive\orders.csv
[FRACTIONAL_PROBE] enabled config=aggressive symbol=RKLB side=BUY qty=0.37000000 price_hint=12.5000
[BROKER][aggressive] total_rows=6 live_orders=6 prepared_orders=7
[BROKER][aggressive][PREVIEW]
symbol broker_symbol side   qty  order_notional                  client_tag  fractional_probe  fractional_qty
  HOOD          HOOD SELL 37.00        3700.000 pe-f6fe8284951d8f4b2780141f                 0               0
  CRCL          CRCL SELL 16.00        1661.760 pe-0a0774038f4a27349478f3ef                 0               0
   NEM           NEM SELL 16.00        1624.320 pe-7663d388df6740364bd75150                 0               0
  INTC          INTC SELL 25.00        1179.500 pe-2a0e6e622510b8e9cde02cc1                 0               0
  RKLB          RKLB SELL  6.00         437.280 pe-4db0336251102d6f29705380                 0               0
  SHOP          SHOP SELL  3.00         300.000 pe-ffb822532496ef239190a2b8                 0               0
  RKLB          RKLB  BUY  0.37           4.625 pe-39a6d03d07f72e4e5699b8c0                 1               1
[IB][ERROR] reqId=23 code=399 msg=Order Message: SELL 37 HOOD NASDAQ.NMS Your order will not be placed at the exchange until 2026-03-30 04:00:00 US/Eastern. If you want the order to  be active in the Pre-Market, Regular and After-Market sessions, a Limit type order is required and you must  add the attribute "Fill/Trigger Outside RTH."
[IB] openOrderEnd
[BROKER][aggressive][SEND] symbol=HOOD broker_symbol=HOOD side=SELL qty=37.00000000 status=submitted ib_order_id=23 order_type=LMT outside_rth=1 fractional_probe=0
[IB][ERROR] reqId=24 code=110 msg=The price does not conform to the minimum price variation for this contract.
[IB] openOrderEnd
[IB] openOrderEnd
[IB] openOrderEnd
[IB] openOrderEnd
[IB] openOrderEnd
[IB] openOrderEnd
[BROKER][aggressive][API_ERROR] symbol=CRCL broker_symbol=CRCL side=SELL qty=16.00000000 code=110 msg=The price does not conform to the minimum price variation for this contract.
[IB][ERROR] reqId=25 code=110 msg=The price does not conform to the minimum price variation for this contract.
[IB] openOrderEnd
[IB] openOrderEnd
[IB] openOrderEnd
[IB] openOrderEnd
[IB] openOrderEnd
[IB] openOrderEnd
[BROKER][aggressive][API_ERROR] symbol=NEM broker_symbol=NEM side=SELL qty=16.00000000 code=110 msg=The price does not conform to the minimum price variation for this contract.
[IB][ERROR] reqId=26 code=110 msg=The price does not conform to the minimum price variation for this contract.
[IB] openOrderEnd
[IB] openOrderEnd
[IB] openOrderEnd
[IB] openOrderEnd
[IB] openOrderEnd
[IB] openOrderEnd
[BROKER][aggressive][API_ERROR] symbol=INTC broker_symbol=INTC side=SELL qty=25.00000000 code=110 msg=The price does not conform to the minimum price variation for this contract.
[IB][ERROR] reqId=27 code=110 msg=The price does not conform to the minimum price variation for this contract.
[IB] openOrderEnd
[IB] openOrderEnd
[IB] openOrderEnd
[IB] openOrderEnd
[IB] openOrderEnd
[IB] openOrderEnd
[BROKER][aggressive][API_ERROR] symbol=RKLB broker_symbol=RKLB side=SELL qty=6.00000000 code=110 msg=The price does not conform to the minimum price variation for this contract.
[IB][ERROR] reqId=28 code=399 msg=Order Message: SELL 3 SHOP NASDAQ.NMS Your order will not be placed at the exchange until 2026-03-30 04:00:00 US/Eastern. If you want the order to  be active in the Pre-Market, Regular and After-Market sessions, a Limit type order is required and you must  add the attribute "Fill/Trigger Outside RTH."
[IB][ERROR] reqId=28 code=2161 msg=SELL 3 SHOP NASDAQ.NMS @ 99.75  In accordance with our regulatory obligations as a broker, we will initially cap (or limit) the price of your Limit Order to 104.87 or a more aggressive price still within your specified limit price.  If your order is not immediately executable, our systems may, depending on market conditions, cap your order to a limit price that is no more than the allowed amount away from the reference price at that time. If this happens, you will not receive a fill. This is a control designed to ensure that we comply with our regulatory obligations to avoid submitting disruptive orders to the marketplace. Please note that in some circumstances this may result in you receiving a less favorable fill or not receiving a fill.  In the future, please submit your order using a limit price that is closer to the current market price or submit an algorithmic Market Order (IBALGO).  If you would like to cancel your order, please use cancel order action.
[IB] openOrderEnd
[BROKER][aggressive][SEND] symbol=SHOP broker_symbol=SHOP side=SELL qty=3.00000000 status=submitted ib_order_id=28 order_type=LMT outside_rth=1 fractional_probe=0
[IB][ERROR] reqId=29 code=10243 msg=Fractional-sized order cannot be placed via API. Please use desktop version to place this order.
[IB] openOrderEnd
[IB] openOrderEnd
[IB] openOrderEnd
[IB] openOrderEnd
[IB] openOrderEnd
[IB] openOrderEnd
[BROKER][aggressive][FRACTIONAL_REJECT] symbol=RKLB broker_symbol=RKLB side=BUY qty=0.37000000 code=10243 msg=Fractional-sized order cannot be placed via API. Please use desktop version to place this order.
C:\Users\Dmytro Govor\Documents\Python-Edge\scripts\run_broker_adapter_ibkr.py:843: FutureWarning: The behavior of DataFrame concatenation with empty or all-NA entries is deprecated. In a future version, this will no longer exclude empty or all-NA columns when determining the result dtypes. To retain the old behavior, exclude the relevant entries before the concat operation.
  out = pd.concat([prev, new_df], ignore_index=True).drop_duplicates(subset=["idempotency_key"], keep="last")
[BROKER][aggressive][SUMMARY] sent=2 duplicate_skipped=0 errors=5 fractional_rejected=1 fills_csv=artifacts\execution_loop\aggressive\fills.csv broker_log_json=artifacts\execution_loop\aggressive\broker_log.json manual_review_csv=artifacts\execution_loop\aggressive\broker_fractional_manual_review.csv
[FINAL] IBKR broker adapter complete