PS C:\Users\Dmytro Govor\Documents\Python-Edge> python .\scripts\run_broker_cleanup_send_ibkr.py
[CFG] execution_root=artifacts\execution_loop
[CFG] configs=['optimal', 'aggressive']
[CFG] cleanup_send_preview_only=1
[CFG] cleanup_send_only_symbols=[]
[CFG] cleanup_send_exclude_symbols=['CRCL', 'HOOD', 'INTC', 'NEM']
[CFG] cleanup_send_max_rows=10 cleanup_send_require_empty_pending_refs=1 cleanup_send_require_side=BUY|SELL
[CLEANUP_SEND][optimal][SUMMARY] cleanup_rows=15 emitted_rows=10 preview_only=1 blocked_pending_refs_present=0 blocked_not_in_only_symbols=0 blocked_excluded_symbol=4 blocked_side_not_allowed=0 blocked_max_rows=1
[CLEANUP_SEND][optimal][PLAN_TOP]
date symbol order_side  delta_shares price      price_source  is_priced  target_weight  target_notional  target_shares_raw  current_shares  target_shares  raw_delta_shares  order_notional  order_notional_abs  estimated_commission  estimated_slippage  estimated_total_cost skip_reason       cleanup_reason         cleanup_tag pending_order_refs
       AXTI        BUY        145.00  <NA> cleanup_send_plan          0            0.0              0.0                0.0         -145.00          -65.0            145.00             0.0                 0.0                   0.0                 0.0                   0.0                            drift broker_cleanup_send
       AAOI        BUY         50.00  <NA> cleanup_send_plan          0            0.0              0.0                0.0          -50.00          -24.0             50.00             0.0                 0.0                   0.0                 0.0                   0.0                            drift broker_cleanup_send
       RKLB        BUY         48.00  <NA> cleanup_send_plan          0            0.0              0.0                0.0          -48.00            0.0             48.00             0.0                 0.0                   0.0                 0.0                   0.0             unexpected_at_broker broker_cleanup_send
       SHOP        BUY         33.00  <NA> cleanup_send_plan          0            0.0              0.0                0.0          -33.00            0.0             33.00             0.0                 0.0                   0.0                 0.0                   0.0             unexpected_at_broker broker_cleanup_send
       TSEM       SELL         29.00  <NA> cleanup_send_plan          0            0.0              0.0                0.0           29.00          -15.0            -29.00             0.0                 0.0                   0.0                 0.0                   0.0                            drift broker_cleanup_send
       AMZN        BUY         13.00  <NA> cleanup_send_plan          0            0.0              0.0                0.0          -13.00            0.0             13.00             0.0                 0.0                   0.0                 0.0                   0.0             unexpected_at_broker broker_cleanup_send
       NVDA        BUY         12.00  <NA> cleanup_send_plan          0            0.0              0.0                0.0          -12.00            0.0             12.00             0.0                 0.0                   0.0                 0.0                   0.0             unexpected_at_broker broker_cleanup_send
       MSFT       SELL         11.00  <NA> cleanup_send_plan          0            0.0              0.0                0.0           11.00            0.0            -11.00             0.0                 0.0                   0.0                 0.0                   0.0             unexpected_at_broker broker_cleanup_send
       AAPL       SELL          8.35  <NA> cleanup_send_plan          0            0.0              0.0                0.0            8.35            0.0             -8.35             0.0                 0.0                   0.0                 0.0                   0.0             unexpected_at_broker broker_cleanup_send
        NKE       SELL          7.00  <NA> cleanup_send_plan          0            0.0              0.0                0.0            7.00           63.0             -7.00             0.0                 0.0                   0.0                 0.0                   0.0                            drift broker_cleanup_send
[ARTIFACT] artifacts\execution_loop\optimal\broker_cleanup_send_plan.csv
[ARTIFACT] artifacts\execution_loop\optimal\broker_cleanup_send_summary.json
[CLEANUP_SEND][optimal] preview-only mode, adapter not called
[CLEANUP_SEND][aggressive][SUMMARY] cleanup_rows=16 emitted_rows=10 preview_only=1 blocked_pending_refs_present=0 blocked_not_in_only_symbols=0 blocked_excluded_symbol=4 blocked_side_not_allowed=0 blocked_max_rows=2
[CLEANUP_SEND][aggressive][PLAN_TOP]
date symbol order_side  delta_shares price      price_source  is_priced  target_weight  target_notional  target_shares_raw  current_shares  target_shares  raw_delta_shares  order_notional  order_notional_abs  estimated_commission  estimated_slippage  estimated_total_cost skip_reason       cleanup_reason         cleanup_tag pending_order_refs
       AXTI        BUY        145.00  <NA> cleanup_send_plan          0            0.0              0.0                0.0         -145.00          -70.0            145.00             0.0                 0.0                   0.0                 0.0                   0.0                            drift broker_cleanup_send
       AAOI        BUY         50.00  <NA> cleanup_send_plan          0            0.0              0.0                0.0          -50.00           26.0             50.00             0.0                 0.0                   0.0                 0.0                   0.0                            drift broker_cleanup_send
       RKLB        BUY         48.00  <NA> cleanup_send_plan          0            0.0              0.0                0.0          -48.00            0.0             48.00             0.0                 0.0                   0.0                 0.0                   0.0             unexpected_at_broker broker_cleanup_send
       SHOP        BUY         33.00  <NA> cleanup_send_plan          0            0.0              0.0                0.0          -33.00            0.0             33.00             0.0                 0.0                   0.0                 0.0                   0.0             unexpected_at_broker broker_cleanup_send
       TSEM       SELL         29.00  <NA> cleanup_send_plan          0            0.0              0.0                0.0           29.00          -15.0            -29.00             0.0                 0.0                   0.0                 0.0                   0.0                            drift broker_cleanup_send
       MSTR       SELL         23.00  <NA> cleanup_send_plan          0            0.0              0.0                0.0           23.00            0.0            -23.00             0.0                 0.0                   0.0                 0.0                   0.0             unexpected_at_broker broker_cleanup_send
       AMZN        BUY         13.00  <NA> cleanup_send_plan          0            0.0              0.0                0.0          -13.00            0.0             13.00             0.0                 0.0                   0.0                 0.0                   0.0             unexpected_at_broker broker_cleanup_send
       NVDA        BUY         12.00  <NA> cleanup_send_plan          0            0.0              0.0                0.0          -12.00            0.0             12.00             0.0                 0.0                   0.0                 0.0                   0.0             unexpected_at_broker broker_cleanup_send
       MSFT       SELL         11.00  <NA> cleanup_send_plan          0            0.0              0.0                0.0           11.00            0.0            -11.00             0.0                 0.0                   0.0                 0.0                   0.0             unexpected_at_broker broker_cleanup_send
       AAPL       SELL          8.35  <NA> cleanup_send_plan          0            0.0              0.0                0.0            8.35            0.0             -8.35             0.0                 0.0                   0.0                 0.0                   0.0             unexpected_at_broker broker_cleanup_send
[ARTIFACT] artifacts\execution_loop\aggressive\broker_cleanup_send_plan.csv
[ARTIFACT] artifacts\execution_loop\aggressive\broker_cleanup_send_summary.json
[CLEANUP_SEND][aggressive] preview-only mode, adapter not called
[FINAL] broker cleanup send complete

[EXIT] code=0
Press Enter to exit...
PS C:\Users\Dmytro Govor\Documents\Python-Edge>
PS C:\Users\Dmytro Govor\Documents\Python-Edge> Read-Host "Press Enter to exit"
Press Enter to exit:

PS C:\Users\Dmytro Govor\Documents\Python-Edge> Set-StrictMode -Version Latest
PS C:\Users\Dmytro Govor\Documents\Python-Edge> $ErrorActionPreference = "Stop"
PS C:\Users\Dmytro Govor\Documents\Python-Edge>
PS C:\Users\Dmytro Govor\Documents\Python-Edge> Set-Location "C:\Users\Dmytro Govor\Documents\Python-Edge"
PS C:\Users\Dmytro Govor\Documents\Python-Edge>
PS C:\Users\Dmytro Govor\Documents\Python-Edge> $env:PYTHONPATH = "C:\Users\Dmytro Govor\Documents\Python-Edge;C:\Users\Dmytro Govor\Documents\Python-Edge\src"
PS C:\Users\Dmytro Govor\Documents\Python-Edge> $env:PAUSE_ON_EXIT = "1"
PS C:\Users\Dmytro Govor\Documents\Python-Edge>
PS C:\Users\Dmytro Govor\Documents\Python-Edge> $env:EXECUTION_ROOT = "artifacts\execution_loop"
PS C:\Users\Dmytro Govor\Documents\Python-Edge> $env:CONFIG_NAMES = "optimal"
PS C:\Users\Dmytro Govor\Documents\Python-Edge>
PS C:\Users\Dmytro Govor\Documents\Python-Edge> # Real send
PS C:\Users\Dmytro Govor\Documents\Python-Edge> $env:CLEANUP_SEND_PREVIEW_ONLY = "0"
PS C:\Users\Dmytro Govor\Documents\Python-Edge>
PS C:\Users\Dmytro Govor\Documents\Python-Edge> # Start narrow
PS C:\Users\Dmytro Govor\Documents\Python-Edge> $env:CLEANUP_SEND_ONLY_SYMBOLS = "AXTI|AAOI|MSTR|NKE|TSEM|OKLO"
PS C:\Users\Dmytro Govor\Documents\Python-Edge> $env:CLEANUP_SEND_EXCLUDE_SYMBOLS = ""
PS C:\Users\Dmytro Govor\Documents\Python-Edge> $env:CLEANUP_SEND_MAX_ROWS = "6"
PS C:\Users\Dmytro Govor\Documents\Python-Edge> $env:CLEANUP_SEND_REQUIRE_EMPTY_PENDING_REFS = "1"
PS C:\Users\Dmytro Govor\Documents\Python-Edge> $env:CLEANUP_SEND_REQUIRE_SIDE = "BUY|SELL"
PS C:\Users\Dmytro Govor\Documents\Python-Edge> $env:TOPK_PRINT = "50"
PS C:\Users\Dmytro Govor\Documents\Python-Edge> $env:CLEANUP_SEND_REASON_TAG = "broker_cleanup_send"
PS C:\Users\Dmytro Govor\Documents\Python-Edge>
PS C:\Users\Dmytro Govor\Documents\Python-Edge> # Adapter settings inherited by child run_broker_adapter_ibkr.py
PS C:\Users\Dmytro Govor\Documents\Python-Edge> $env:BROKER_NAME = "MEXEM"
PS C:\Users\Dmytro Govor\Documents\Python-Edge> $env:BROKER_PLATFORM = "IBKR"
PS C:\Users\Dmytro Govor\Documents\Python-Edge> $env:IB_HOST = "127.0.0.1"
PS C:\Users\Dmytro Govor\Documents\Python-Edge> $env:IB_PORT = "4002"
PS C:\Users\Dmytro Govor\Documents\Python-Edge> $env:IB_CLIENT_ID = "41"
PS C:\Users\Dmytro Govor\Documents\Python-Edge> $env:IB_TIMEOUT_SEC = "20"
PS C:\Users\Dmytro Govor\Documents\Python-Edge> $env:IB_OPEN_ORDERS_TIMEOUT_SEC = "20"
PS C:\Users\Dmytro Govor\Documents\Python-Edge> $env:IB_POSITIONS_TIMEOUT_SEC = "20"
PS C:\Users\Dmytro Govor\Documents\Python-Edge> $env:IB_TIME_IN_FORCE = "DAY"
PS C:\Users\Dmytro Govor\Documents\Python-Edge> $env:IB_OUTSIDE_RTH = "1"
PS C:\Users\Dmytro Govor\Documents\Python-Edge> $env:IB_ALLOW_FRACTIONAL = "0"
PS C:\Users\Dmytro Govor\Documents\Python-Edge> $env:IB_EXCHANGE = "SMART"
PS C:\Users\Dmytro Govor\Documents\Python-Edge> $env:IB_CURRENCY = "USD"
PS C:\Users\Dmytro Govor\Documents\Python-Edge> $env:IB_SECURITY_TYPE = "STK"
PS C:\Users\Dmytro Govor\Documents\Python-Edge> $env:IB_RETRY_202_ENABLED = "1"
PS C:\Users\Dmytro Govor\Documents\Python-Edge> $env:IB_RETRY_202_CLIP_TICKS = "2"
PS C:\Users\Dmytro Govor\Documents\Python-Edge> $env:IB_REPRICE_ENABLED = "1"
PS C:\Users\Dmytro Govor\Documents\Python-Edge> $env:IB_REPRICE_WAIT_SEC = "8"
PS C:\Users\Dmytro Govor\Documents\Python-Edge> $env:IB_REPRICE_STEPS_BPS = "15|10|5|0"
PS C:\Users\Dmytro Govor\Documents\Python-Edge> $env:IB_REPRICE_FINAL_MODE = "marketable_lmt"
PS C:\Users\Dmytro Govor\Documents\Python-Edge> $env:IB_REPRICE_FINAL_MARKETABLE_BPS = "12"
PS C:\Users\Dmytro Govor\Documents\Python-Edge> $env:IB_REPRICE_MAX_DEVIATION_PCT = "1.25"
PS C:\Users\Dmytro Govor\Documents\Python-Edge> $env:REQUIRE_PRICE_HINT_SOURCE = "1"
PS C:\Users\Dmytro Govor\Documents\Python-Edge> $env:REQUIRE_QUOTE_TS = "1"
PS C:\Users\Dmytro Govor\Documents\Python-Edge> $env:ENFORCE_OPEN_ORDER_DUP_GUARD = "1"
PS C:\Users\Dmytro Govor\Documents\Python-Edge>
PS C:\Users\Dmytro Govor\Documents\Python-Edge> python -c "import ast; ast.parse(open(r'.\scripts\run_broker_cleanup_send_ibkr.py','rb').read())"
PS C:\Users\Dmytro Govor\Documents\Python-Edge> if ($LASTEXITCODE -ne 0) { throw 'AST parse failed: scripts\run_broker_cleanup_send_ibkr.py' }
PS C:\Users\Dmytro Govor\Documents\Python-Edge>
PS C:\Users\Dmytro Govor\Documents\Python-Edge> python .\scripts\run_broker_cleanup_send_ibkr.py
[CFG] execution_root=artifacts\execution_loop
[CFG] configs=['optimal']
[CFG] cleanup_send_preview_only=0
[CFG] cleanup_send_only_symbols=['AAOI', 'AXTI', 'MSTR', 'NKE', 'OKLO', 'TSEM']
[CFG] cleanup_send_exclude_symbols=[]
[CFG] cleanup_send_max_rows=6 cleanup_send_require_empty_pending_refs=1 cleanup_send_require_side=BUY|SELL
[CLEANUP_SEND][optimal][SUMMARY] cleanup_rows=15 emitted_rows=5 preview_only=0 blocked_pending_refs_present=0 blocked_not_in_only_symbols=10 blocked_excluded_symbol=0 blocked_side_not_allowed=0 blocked_max_rows=0
[CLEANUP_SEND][optimal][PLAN_TOP]
date symbol order_side  delta_shares price      price_source  is_priced  target_weight  target_notional  target_shares_raw  current_shares  target_shares  raw_delta_shares  order_notional  order_notional_abs  estimated_commission  estimated_slippage  estimated_total_cost skip_reason cleanup_reason         cleanup_tag pending_order_refs
       AXTI        BUY         145.0  <NA> cleanup_send_plan          0            0.0              0.0                0.0          -145.0          -65.0             145.0             0.0                 0.0                   0.0                 0.0                   0.0                      drift broker_cleanup_send
       AAOI        BUY          50.0  <NA> cleanup_send_plan          0            0.0              0.0                0.0           -50.0          -24.0              50.0             0.0                 0.0                   0.0                 0.0                   0.0                      drift broker_cleanup_send
       TSEM       SELL          29.0  <NA> cleanup_send_plan          0            0.0              0.0                0.0            29.0          -15.0             -29.0             0.0                 0.0                   0.0                 0.0                   0.0                      drift broker_cleanup_send
        NKE       SELL           7.0  <NA> cleanup_send_plan          0            0.0              0.0                0.0             7.0           63.0              -7.0             0.0                 0.0                   0.0                 0.0                   0.0                      drift broker_cleanup_send
       OKLO       SELL           4.0  <NA> cleanup_send_plan          0            0.0              0.0                0.0             4.0           59.0              -4.0             0.0                 0.0                   0.0                 0.0                   0.0                      drift broker_cleanup_send
[ARTIFACT] artifacts\execution_loop\optimal\broker_cleanup_send_plan.csv
[ARTIFACT] artifacts\execution_loop\optimal\broker_cleanup_send_summary.json
[CLEANUP_SEND][RUN] C:\Users\Dmytro Govor\AppData\Local\Programs\Python\Python313\python.exe C:\Users\Dmytro Govor\Documents\Python-Edge\scripts\run_broker_adapter_ibkr.py config=optimal
[CFG] execution_root=artifacts\execution_loop
[CFG] configs=['optimal']
[CFG] broker_name=MEXEM broker_platform=IBKR broker_account_id=
[CFG] ib_host=127.0.0.1 ib_port=4002 ib_client_id=41 ib_account_code=
[CFG] exchange=SMART primary_exchange= currency=USD sec_type=STK
[CFG] outside_rth=1 reprice_enabled=1 reprice_wait_sec=8.0
[CFG] reprice_steps_bps=[15.0, 10.0, 5.0, 0.0] reprice_final_mode=marketable_lmt reprice_final_marketable_bps=12.0 reprice_max_deviation_pct=1.25
[CFG] deferred_wait_mode=carry deferred_wait_heartbeat_sec=30.0 deferred_post_open_wait_sec=30.0
[CFG] require_price_hint_source=1 require_quote_ts=1 enforce_open_order_dup_guard=1
[IB] connecting host=127.0.0.1 port=4002 client_id=41
[IB] managedAccounts=DUP561175
[IB] nextValidId=157
[IB] connected next_valid_id=157 managed_accounts=DUP561175
[IB][ERROR] reqId=-1 code=2104 msg=Market data farm connection is OK:usfarm
[IB][ERROR] reqId=-1 code=2107 msg=HMDS data farm connection is inactive but should be available upon demand.ushmds
[IB][ERROR] reqId=-1 code=2158 msg=Sec-def data farm connection is OK:secdefil
[IB] openOrderEnd
[BROKER][optimal] orders=artifacts\execution_loop\optimal\orders.csv
Traceback (most recent call last):
  File "C:\Users\Dmytro Govor\Documents\Python-Edge\scripts\run_broker_adapter_ibkr.py", line 1143, in <module>
    rc = main()
  File "C:\Users\Dmytro Govor\Documents\Python-Edge\scripts\run_broker_adapter_ibkr.py", line 1133, in main
    req_cursor = run_one_config(app, cfg_paths(config_name), symbol_map, req_cursor)
  File "C:\Users\Dmytro Govor\Documents\Python-Edge\scripts\run_broker_adapter_ibkr.py", line 1038, in run_one_config
    prepared_orders = prepare_orders(paths.name, select_live_orders(orders_df), symbol_map)
  File "C:\Users\Dmytro Govor\Documents\Python-Edge\scripts\run_broker_adapter_ibkr.py", line 641, in prepare_orders
    validate_price_context(symbol, order_side, prepared_price, price_context)
    ~~~~~~~~~~~~~~~~~~~~~~^^^^^^^^^^^^^^^^^^^^^^^^^^^^^^^^^^^^^^^^^^^^^^^^^^^
  File "C:\Users\Dmytro Govor\Documents\Python-Edge\scripts\run_broker_adapter_ibkr.py", line 207, in validate_price_context
    raise RuntimeError(f"Execution-ready price diagnostics missing for symbol={symbol} side={side}: {issues}")
RuntimeError: Execution-ready price diagnostics missing for symbol=AXTI side=BUY: ['missing_price_hint_source', 'missing_quote_ts']
[CLEANUP_SEND][optimal] original orders.csv restored from backup
Traceback (most recent call last):
  File "C:\Users\Dmytro Govor\Documents\Python-Edge\scripts\run_broker_cleanup_send_ibkr.py", line 319, in <module>
    rc = main()
  File "C:\Users\Dmytro Govor\Documents\Python-Edge\scripts\run_broker_cleanup_send_ibkr.py", line 311, in main
    _run_one_config(_cfg_paths(config_name))
    ~~~~~~~~~~~~~~~^^^^^^^^^^^^^^^^^^^^^^^^^
  File "C:\Users\Dmytro Govor\Documents\Python-Edge\scripts\run_broker_cleanup_send_ibkr.py", line 293, in _run_one_config
    _run_adapter_for_config(paths.name)
    ~~~~~~~~~~~~~~~~~~~~~~~^^^^^^^^^^^^
  File "C:\Users\Dmytro Govor\Documents\Python-Edge\scripts\run_broker_cleanup_send_ibkr.py", line 262, in _run_adapter_for_config
    raise RuntimeError(f"run_broker_adapter_ibkr.py failed for config={config_name} rc={completed.returncode}")
RuntimeError: run_broker_adapter_ibkr.py failed for config=optimal rc=1

[EXIT] code=1