account,symbol,broker_symbol,sec_type,currency,exchange,primary_exchange,position,avg_cost
DUP561175,AAOI,AAOI,STK,USD,NASDAQ,,-50.0,110.757522
DUP561175,AAPL,AAPL,STK,USD,NASDAQ,,8.35,250.94868265
DUP561175,AMZN,AMZN,STK,USD,NASDAQ,,-13.0,202.62826925
DUP561175,AXTI,AXTI,STK,USD,NASDAQ,,127.0,41.73574805
DUP561175,CRCL,CRCL,STK,USD,NYSE,,-128.0,91.8960547
DUP561175,HOOD,HOOD,STK,USD,NASDAQ,,-296.0,66.84902805
DUP561175,INTC,INTC,STK,USD,NASDAQ,,-200.0,43.021055
DUP561175,MSFT,MSFT,STK,USD,NASDAQ,,11.0,366.22
DUP561175,NEM,NEM,STK,USD,NYSE,,-208.0,105.01345865
DUP561175,NKE,NKE,STK,USD,NYSE,,7.0,44.22125715714285
DUP561175,NVDA,NVDA,STK,USD,NASDAQ,,-12.0,167.621475
DUP561175,OKLO,OKLO,STK,USD,NYSE,,4.0,48.420825
DUP561175,RKLB,RKLB,STK,USD,NASDAQ,,-48.0,60.6568875
DUP561175,SHOP,SHOP,STK,USD,NASDAQ,,-33.0,113.88192725
DUP561175,TSEM,TSEM,STK,USD,NASDAQ,,29.0,190.3622586





account,symbol,broker_symbol,sec_type,currency,exchange,primary_exchange,position,avg_cost
DUP561175,AAOI,AAOI,STK,USD,NASDAQ,,-50.0,110.757522
DUP561175,AAPL,AAPL,STK,USD,NASDAQ,,8.35,250.94868265
DUP561175,AMZN,AMZN,STK,USD,NASDAQ,,-13.0,202.62826925
DUP561175,AXTI,AXTI,STK,USD,NASDAQ,,127.0,41.73574805
DUP561175,CRCL,CRCL,STK,USD,NYSE,,-128.0,91.8960547
DUP561175,HOOD,HOOD,STK,USD,NASDAQ,,-296.0,66.84902805
DUP561175,INTC,INTC,STK,USD,NASDAQ,,-200.0,43.021055
DUP561175,MSFT,MSFT,STK,USD,NASDAQ,,11.0,366.22
DUP561175,NEM,NEM,STK,USD,NYSE,,-208.0,105.01345865
DUP561175,NKE,NKE,STK,USD,NYSE,,7.0,44.22125715714285
DUP561175,NVDA,NVDA,STK,USD,NASDAQ,,-12.0,167.621475
DUP561175,OKLO,OKLO,STK,USD,NYSE,,4.0,48.420825
DUP561175,RKLB,RKLB,STK,USD,NASDAQ,,-48.0,60.6568875
DUP561175,SHOP,SHOP,STK,USD,NASDAQ,,-33.0,113.88192725
DUP561175,TSEM,TSEM,STK,USD,NASDAQ,,29.0,190.3622586
