factor,horizon,ic,n_days,abs_ic
dollar_vol,fwd_5d,0.03399333770016022,786,0.03399333770016022
liq,fwd_5d,0.03399333770016022,786,0.03399333770016022
cs_liq_z,fwd_5d,0.03399333770016022,786,0.03399333770016022
dollar_vol,fwd_3d,0.025829015301978637,788,0.025829015301978637
liq,fwd_3d,0.025829015301978637,788,0.025829015301978637
cs_liq_z,fwd_3d,0.025829015301978637,788,0.025829015301978637
amihud_proxy,fwd_5d,-0.02468476242821921,785,0.02468476242821921
dollar_vol,fwd_2d,0.02281092206706721,789,0.02281092206706721
liq,fwd_2d,0.02281092206706721,789,0.02281092206706721
cs_liq_z,fwd_2d,0.02281092206706721,789,0.02281092206706721
vol_spike_5_20,fwd_5d,-0.019459201359826366,776,0.019459201359826366
cs_volshock_z,fwd_5d,-0.01945920135982636,786,0.01945920135982636
amihud_proxy,fwd_3d,-0.018165485804602182,787,0.018165485804602182
ema_stack_20_50,fwd_5d,0.018160850344264973,772,0.018160850344264973
wick_imbalance,fwd_1d,-0.018045501331887644,790,0.018045501331887644
range_comp_5_20,fwd_5d,-0.016914081736601746,777,0.016914081736601746
ret10,fwd_5d,-0.016721903422871456,776,0.016721903422871456
mom10,fwd_5d,-0.016721903422871456,776,0.016721903422871456
dollar_vol,fwd_1d,0.016545150042344504,790,0.016545150042344504
liq,fwd_1d,0.016545150042344504,790,0.016545150042344504
cs_liq_z,fwd_1d,0.016545150042344504,790,0.016545150042344504
vol_comp_5_40,fwd_5d,-0.01631342878959555,771,0.01631342878959555
amihud_proxy,fwd_2d,-0.015277251437168099,788,0.015277251437168099
rev1_x_vol,fwd_1d,0.015217769705181374,781,0.015217769705181374
vol_spike_5_20,fwd_3d,-0.014956959538096554,778,0.014956959538096554
cs_volshock_z,fwd_3d,-0.014956959538096554,788,0.014956959538096554
vol20,fwd_5d,0.01441155239259094,776,0.01441155239259094
ema_slope_20,fwd_1d,-0.014138654676569681,783,0.014138654676569681
dist_low_60,fwd_5d,0.014132613712958538,767,0.014132613712958538
range_comp_5_20,fwd_3d,-0.014120988890589903,779,0.014120988890589903
ema_stack_20_50,fwd_3d,0.014106689047533158,774,0.014106689047533158
vol_comp_5_40,fwd_3d,-0.014055376745581286,773,0.014055376745581286
wick_imbalance,fwd_3d,-0.01399189093668073,788,0.01399189093668073
amihud_proxy,fwd_1d,-0.013733360378067327,789,0.013733360378067327
position_in_60d_range,fwd_5d,0.013673383368422939,767,0.013673383368422939
wick_imbalance,fwd_2d,-0.013660097045327326,789,0.013660097045327326
upper_wick,fwd_1d,-0.013527679514732173,790,0.013527679514732173
rev1_x_volcomp,fwd_1d,0.01291979608249276,780,0.01291979608249276
high_close_ret,fwd_1d,-0.012877577184434615,789,0.012877577184434615
body_vol,fwd_3d,-0.012817677063992651,779,0.012817677063992651
ema_slope_10,fwd_1d,-0.0127320374633924,786,0.0127320374633924
cs_ret_z,fwd_1d,-0.012608536211113965,790,0.012608536211113965
rev1,fwd_1d,0.012608536211113963,789,0.012608536211113963
cs_rev1_rank,fwd_1d,0.012608536211113963,789,0.012608536211113963
ret1,fwd_1d,-0.012608536211113963,789,0.012608536211113963
body_vol,fwd_2d,-0.012379686804624352,780,0.012379686804624352
ret_autocorr_10,fwd_5d,0.012303531049698552,777,0.012303531049698552
vol_spike_5_20,fwd_2d,-0.012263290455285675,779,0.012263290455285675
cs_volshock_z,fwd_2d,-0.012263290455285675,789,0.012263290455285675
ema_stack_20_50,fwd_2d,0.012258771781214881,775,0.012258771781214881
ret10,fwd_3d,-0.012211145355247914,778,0.012211145355247914
mom10,fwd_3d,-0.012211145355247914,778,0.012211145355247914
high_close_ret,fwd_2d,-0.0122047038393122,788,0.0122047038393122
lower_wick,fwd_5d,0.012155746492546223,786,0.012155746492546223
ema_slope_20,fwd_5d,-0.012104093714758242,779,0.012104093714758242
dist_high_20,fwd_5d,-0.012012438766202787,777,0.012012438766202787
vol10,fwd_5d,0.0119889816419121,781,0.0119889816419121
mom3_x_vol,fwd_2d,-0.011890849409962663,780,0.011890849409962663
dist_low_20,fwd_5d,0.01167259364488228,777,0.01167259364488228
close_low_ret,fwd_1d,-0.011623852187211852,789,0.011623852187211852
vol_spike_5_20,fwd_1d,-0.01154057203515967,780,0.01154057203515967
cs_volshock_z,fwd_1d,-0.01154057203515967,790,0.01154057203515967
wick_imbalance,fwd_5d,-0.011304215503029413,786,0.011304215503029413
dist_high_20,fwd_3d,-0.011151779422150886,779,0.011151779422150886
accel_10_5,fwd_5d,-0.011124771433982083,776,0.011124771433982083
lower_wick,fwd_3d,0.011079894138901468,788,0.011079894138901468
vol_persist_3,fwd_1d,-0.011079585124798508,780,0.011079585124798508
vol_comp_10_20,fwd_1d,-0.01099536675884574,780,0.01099536675884574
open_close_ret,fwd_3d,-0.010913183233712681,788,0.010913183233712681
body,fwd_3d,-0.010911590101278233,788,0.010911590101278233
intraday_reversal_pressure,fwd_3d,0.010910121619176094,788,0.010910121619176094
rel_volume_60,fwd_1d,-0.01082438753075824,771,0.01082438753075824
amihud_shock,fwd_5d,-0.010748040840665189,776,0.010748040840665189
amihud_imbalance,fwd_5d,-0.010748040840665189,776,0.010748040840665189
ema_slope_10,fwd_5d,-0.010707344717013423,782,0.010707344717013423
mom3_x_vol,fwd_5d,-0.010625543652006504,777,0.010625543652006504
rev1_x_vol,fwd_2d,0.010618269261725044,780,0.010618269261725044
body_vol,fwd_1d,-0.01060430703632866,781,0.01060430703632866
mom3_x_volcomp,fwd_2d,-0.010532739941944532,779,0.010532739941944532
dist_high_20,fwd_2d,-0.010404356719191309,780,0.010404356719191309
exhaustion_up,fwd_5d,-0.010385801439311143,777,0.010385801439311143
mom3_x_volcomp,fwd_5d,-0.01037921093570516,776,0.01037921093570516
ret_autocorr_20,fwd_5d,0.010316987786134648,767,0.010316987786134648
vol_comp_5_40,fwd_1d,-0.01030339186993737,775,0.01030339186993737
vol_comp_5_40,fwd_2d,-0.010295637408056831,774,0.010295637408056831
ret_autocorr_20,fwd_3d,0.01028454590992832,769,0.01028454590992832
exhaustion_up,fwd_3d,-0.010258372266859217,779,0.010258372266859217
position_in_60d_range,fwd_3d,0.010223107417658785,769,0.010223107417658785
gap_fill_pressure,fwd_1d,0.010166475960753164,789,0.010166475960753164
pressure_x_relvol,fwd_1d,-0.010157283216101765,781,0.010157283216101765
vol_persist_5,fwd_1d,-0.010089777248549809,779,0.010089777248549809
vol_persist_3,fwd_5d,-0.010074194837367866,776,0.010074194837367866
position_in_60d_range,fwd_2d,0.009931247833554199,770,0.009931247833554199
exhaustion_up,fwd_2d,-0.009921014049642043,780,0.009921014049642043
vol_persist_5,fwd_5d,-0.009883284153635406,775,0.009883284153635406
open_close_ret,fwd_2d,-0.009827154655807233,789,0.009827154655807233
body,fwd_2d,-0.00982496295804832,789,0.00982496295804832
intraday_reversal_pressure,fwd_2d,0.00982351300328691,789,0.00982351300328691
vol40,fwd_5d,0.009797615591140025,771,0.009797615591140025
mom3_x_vol,fwd_3d,-0.009762384162948065,779,0.009762384162948065
rev1_x_vol,fwd_5d,0.009712153540668796,777,0.009712153540668796
vol_persist_5,fwd_3d,-0.009497631981664029,777,0.009497631981664029
ema_slope_20,fwd_3d,-0.009438378683613139,781,0.009438378683613139
vol20,fwd_3d,0.009437757865086799,778,0.009437757865086799
rel_volume_20,fwd_1d,-0.009321851102367287,781,0.009321851102367287
liq_imbalance,fwd_1d,-0.009321851102367287,781,0.009321851102367287
cs_relvol_z,fwd_1d,-0.009321851102367286,790,0.009321851102367286
mom3_x_vol,fwd_1d,-0.009311105564141747,781,0.009311105564141747
gap_fill_pressure,fwd_3d,0.009261071548681032,787,0.009261071548681032
rev1_x_volcomp,fwd_5d,0.009244012156419672,776,0.009244012156419672
mom3_x_volcomp,fwd_3d,-0.009202926255024692,778,0.009202926255024692
dist_low_60,fwd_3d,0.009155120551350957,769,0.009155120551350957
ret10,fwd_2d,-0.009148005015912581,779,0.009148005015912581
mom10,fwd_2d,-0.009148005015912581,779,0.009148005015912581
ema_slope_20,fwd_2d,-0.009146142202546675,782,0.009146142202546675
pressure_x_relvol,fwd_2d,-0.009102971828355715,780,0.009102971828355715
ret3,fwd_2d,-0.009086878787628296,786,0.009086878787628296
mom3,fwd_2d,-0.009086878787628296,786,0.009086878787628296
range_x_volcomp,fwd_1d,-0.009054336097266106,780,0.009054336097266106
dist_low_60,fwd_2d,0.009048803476708627,770,0.009048803476708627
gap_vol_adj,fwd_1d,-0.009023437916167422,785,0.009023437916167422
ret20,fwd_3d,-0.009007215288450218,768,0.009007215288450218
mom20,fwd_3d,-0.009007215288450218,768,0.009007215288450218
ret5,fwd_5d,-0.008987417867009321,781,0.008987417867009321
mom5,fwd_5d,-0.008987417867009321,781,0.008987417867009321
cs_mom5_rank,fwd_5d,-0.008987417867009321,781,0.008987417867009321
open_close_ret,fwd_1d,-0.008959999519842686,790,0.008959999519842686
body,fwd_1d,-0.008958160638471713,790,0.008958160638471713
intraday_reversal_pressure,fwd_1d,0.008956895614649317,790,0.008956895614649317
range_vol,fwd_1d,-0.008911317580587552,781,0.008911317580587552
rev3,fwd_2d,0.008872779264739034,787,0.008872779264739034
accel_10_5,fwd_3d,-0.0088213077743306,778,0.0088213077743306
vol_persist_3,fwd_3d,-0.008801460327313161,778,0.008801460327313161
vol_persist_3,fwd_2d,-0.008756919379008306,779,0.008756919379008306
rev1_x_vol,fwd_3d,0.008709032381982557,779,0.008709032381982557
liq_shock,fwd_1d,-0.008551051590440124,781,0.008551051590440124
turnover_imbalance,fwd_1d,-0.008551051590440124,781,0.008551051590440124
rev5,fwd_5d,0.008422242823100425,783,0.008422242823100425
accel_5_3,fwd_5d,-0.008383011037755782,781,0.008383011037755782
high_close_ret,fwd_5d,-0.008344764836227573,785,0.008344764836227573
body_vol,fwd_5d,-0.008338867672334854,777,0.008338867672334854
range_comp_5_20,fwd_1d,-0.008330660773734719,781,0.008330660773734719
mom3_x_volcomp,fwd_1d,-0.008320200894355036,780,0.008320200894355036
rev2,fwd_1d,0.00830610098678935,788,0.00830610098678935
ret2,fwd_1d,-0.00830610098678935,788,0.00830610098678935
rev1_x_volcomp,fwd_2d,0.008288542382191778,779,0.008288542382191778
gap_x_relvol,fwd_1d,-0.008178065236116833,781,0.008178065236116833
lower_wick,fwd_2d,0.00817671281363382,789,0.00817671281363382
vol20,fwd_2d,0.008114930644002592,779,0.008114930644002592
gap_fill_pressure,fwd_5d,0.008087393396062768,785,0.008087393396062768
accel_3_1,fwd_3d,-0.007829050719594877,785,0.007829050719594877
rev1,fwd_2d,0.0077991105495489686,788,0.0077991105495489686
cs_rev1_rank,fwd_2d,0.0077991105495489686,788,0.0077991105495489686
ret1,fwd_2d,-0.0077991105495489686,788,0.0077991105495489686
cs_ret_z,fwd_2d,-0.0077991105495489686,789,0.0077991105495489686
cs_gap_z,fwd_3d,0.007749315899455787,788,0.007749315899455787
gap_ret,fwd_3d,0.007749315899455786,787,0.007749315899455786
rev1_x_volcomp,fwd_3d,0.007724219286279211,778,0.007724219286279211
rev5,fwd_1d,0.0077098407726378555,787,0.0077098407726378555
cs_ret_z,fwd_5d,-0.007641382140634278,786,0.007641382140634278
rev1,fwd_5d,0.007641382140634276,785,0.007641382140634276
cs_rev1_rank,fwd_5d,0.007641382140634276,785,0.007641382140634276
ret1,fwd_5d,-0.007641382140634276,785,0.007641382140634276
dist_low_20,fwd_3d,0.00762701496150559,779,0.00762701496150559
exhaustion_down,fwd_5d,0.00761415115927564,777,0.00761415115927564
pressure_x_relvol,fwd_3d,-0.007594750512698849,779,0.007594750512698849
overnight_pressure,fwd_3d,0.007594121520201373,787,0.007594121520201373
ret5,fwd_1d,-0.007539261326579151,785,0.007539261326579151
mom5,fwd_1d,-0.007539261326579151,785,0.007539261326579151
cs_mom5_rank,fwd_1d,-0.007539261326579151,785,0.007539261326579151
high_close_ret,fwd_3d,-0.00749941429237723,787,0.00749941429237723
ema_stack_20_50,fwd_1d,0.007468053829641521,776,0.007468053829641521
gap_range_adj,fwd_1d,-0.007419585005630213,789,0.007419585005630213
rev2,fwd_2d,0.007418592496814483,787,0.007418592496814483
ret2,fwd_2d,-0.007418592496814483,787,0.007418592496814483
ret3,fwd_5d,-0.007415122399760251,783,0.007415122399760251
mom3,fwd_5d,-0.007415122399760251,783,0.007415122399760251
rev3,fwd_5d,0.007301312341024725,784,0.007301312341024725
gap_ret,fwd_2d,0.00729300382447529,788,0.00729300382447529
cs_gap_z,fwd_2d,0.00729300382447529,789,0.00729300382447529
ret3,fwd_3d,-0.0071618461808514115,785,0.0071618461808514115
mom3,fwd_3d,-0.0071618461808514115,785,0.0071618461808514115
rel_volume_60,fwd_5d,-0.007148051769829179,767,0.007148051769829179
vol5,fwd_1d,-0.007113336100074323,787,0.007113336100074323
vol_persist_5,fwd_2d,-0.00710448920383237,778,0.00710448920383237
accel_10_5,fwd_2d,-0.007067089168872903,779,0.007067089168872903
rel_volume_60,fwd_2d,-0.007051797580043826,770,0.007051797580043826
range_comp_5_20,fwd_2d,-0.007045832001058902,780,0.007045832001058902
ret3,fwd_1d,-0.006969169719067656,787,0.006969169719067656
mom3,fwd_1d,-0.006969169719067656,787,0.006969169719067656
amihud_shock,fwd_3d,-0.006955736926765365,778,0.006955736926765365
amihud_imbalance,fwd_3d,-0.006955736926765365,778,0.006955736926765365
dist_low_20,fwd_2d,0.006949810655681995,780,0.006949810655681995
rel_volume_20,fwd_5d,-0.006940018099977478,777,0.006940018099977478
cs_relvol_z,fwd_5d,-0.006940018099977478,786,0.006940018099977478
liq_imbalance,fwd_5d,-0.006940018099977478,777,0.006940018099977478
rev3,fwd_1d,0.006927809997926606,788,0.006927809997926606
vol10,fwd_3d,0.006913973670853864,783,0.006913973670853864
ret_sign_imbalance_10,fwd_3d,-0.006907691702224685,783,0.006907691702224685
overnight_pressure,fwd_2d,0.006815851857478317,788,0.006815851857478317
ret10,fwd_1d,-0.006809851110193538,780,0.006809851110193538
mom10,fwd_1d,-0.006809851110193538,780,0.006809851110193538
open_close_ret,fwd_5d,-0.006797853693333902,786,0.006797853693333902
body,fwd_5d,-0.006796728136375592,786,0.006796728136375592
intraday_reversal_pressure,fwd_5d,0.006795439945015,786,0.006795439945015
liq_shock,fwd_5d,-0.006790532350097302,777,0.006790532350097302
turnover_imbalance,fwd_5d,-0.006790532350097302,777,0.006790532350097302
ema_slope_10,fwd_2d,-0.006751484474813203,785,0.006751484474813203
rev3,fwd_3d,0.006743987858736021,786,0.006743987858736021
dist_ema50,fwd_5d,0.006665604080555104,772,0.006665604080555104
ret5,fwd_3d,-0.006632157534668196,783,0.006632157534668196
mom5,fwd_3d,-0.006632157534668196,783,0.006632157534668196
cs_mom5_rank,fwd_3d,-0.006632157534668196,783,0.006632157534668196
pressure,fwd_1d,-0.006630831027141369,790,0.006630831027141369
body_to_range,fwd_1d,-0.006621200317542948,790,0.006621200317542948
lower_wick,fwd_1d,0.006451235412365288,790,0.006451235412365288
cs_ret_z,fwd_3d,-0.006425090550446448,788,0.006425090550446448
rev1,fwd_3d,0.006425090550446446,787,0.006425090550446446
cs_rev1_rank,fwd_3d,0.006425090550446446,787,0.006425090550446446
ret1,fwd_3d,-0.006425090550446446,787,0.006425090550446446
ret_autocorr_20,fwd_2d,0.006379038456256618,770,0.006379038456256618
range,fwd_5d,0.00632937055503043,786,0.00632937055503043
cs_range_z,fwd_5d,0.00632937055503043,786,0.00632937055503043
upper_wick,fwd_3d,-0.006268771277488412,788,0.006268771277488412
vol10,fwd_1d,-0.006157261105984845,785,0.006157261105984845
ret20,fwd_2d,-0.006145449431821527,769,0.006145449431821527
mom20,fwd_2d,-0.006145449431821527,769,0.006145449431821527
amihud_shock,fwd_1d,-0.006142354463392347,780,0.006142354463392347
amihud_imbalance,fwd_1d,-0.006142354463392347,780,0.006142354463392347
dist_ema10,fwd_3d,-0.006137236067608059,785,0.006137236067608059
ret_sign_imbalance_10,fwd_5d,-0.00611375002690163,781,0.00611375002690163
rev2,fwd_5d,0.006096013459034042,784,0.006096013459034042
ret2,fwd_5d,-0.006096013459034042,784,0.006096013459034042
ema_slope_10,fwd_3d,-0.006076438264102132,784,0.006076438264102132
range,fwd_1d,-0.005963089146859859,790,0.005963089146859859
cs_range_z,fwd_1d,-0.005963089146859859,790,0.005963089146859859
rev5,fwd_3d,0.005919966896660978,785,0.005919966896660978
ret_sign_imbalance_5,fwd_3d,-0.0059167980403887375,785,0.0059167980403887375
accel_5_3,fwd_1d,-0.005912675584071253,785,0.005912675584071253
accel_3_1,fwd_5d,-0.0058508787407674095,783,0.0058508787407674095
rel_volume_60,fwd_3d,-0.005827987833712584,769,0.005827987833712584
rev2,fwd_3d,0.005753663185275593,786,0.005753663185275593
ret2,fwd_3d,-0.005753663185275593,786,0.005753663185275593
dist_high_60,fwd_5d,0.005744212483207892,767,0.005744212483207892
amihud_shock,fwd_2d,-0.005712204095291933,779,0.005712204095291933
amihud_imbalance,fwd_2d,-0.005712204095291933,779,0.005712204095291933
dist_ema10,fwd_5d,-0.005686792844617858,783,0.005686792844617858
accel_3_1,fwd_2d,-0.005649084365611481,786,0.005649084365611481
position_in_60d_range,fwd_1d,0.005537756834344437,771,0.005537756834344437
ret20,fwd_5d,-0.0055114474759191305,766,0.0055114474759191305
mom20,fwd_5d,-0.0055114474759191305,766,0.0055114474759191305
upper_wick,fwd_2d,-0.005502380658253356,789,0.005502380658253356
ema_stack_10_20,fwd_5d,0.005501032013832863,780,0.005501032013832863
vol10,fwd_2d,0.005491373103244724,784,0.005491373103244724
ret_sign_imbalance_5,fwd_5d,-0.005457753372849083,783,0.005457753372849083
vol_spike_10_40,fwd_1d,-0.005399160446711971,775,0.005399160446711971
vol_comp_10_20,fwd_5d,-0.005342654522755444,776,0.005342654522755444
vol40,fwd_1d,-0.005325452389041437,775,0.005325452389041437
pressure,fwd_3d,-0.005288709293526442,788,0.005288709293526442
vol_comp_10_20,fwd_3d,-0.0052286216508596215,778,0.0052286216508596215
dist_ema50,fwd_3d,0.005199071697654435,774,0.005199071697654435
dist_ema10,fwd_1d,-0.005185704172140445,787,0.005185704172140445
body_to_range,fwd_3d,-0.005170456462525283,788,0.005170456462525283
pressure,fwd_2d,-0.005126239756449027,789,0.005126239756449027
dist_ema50,fwd_2d,0.005080343642433555,775,0.005080343642433555
body_to_range,fwd_2d,-0.005054042761955934,789,0.005054042761955934
ret_autocorr_20,fwd_1d,0.005044807315179958,771,0.005044807315179958
vol40,fwd_3d,0.005034741313380267,773,0.005034741313380267
clv,fwd_3d,0.0050183205053382154,788,0.0050183205053382154
ret_autocorr_10,fwd_1d,0.004846106513266033,781,0.004846106513266033
gap_ret,fwd_1d,-0.004834646735665323,789,0.004834646735665323
cs_gap_z,fwd_1d,-0.004834646735665322,790,0.004834646735665322
pressure_x_relvol,fwd_5d,-0.00480450235823134,777,0.00480450235823134
ret20,fwd_1d,-0.004720326865433907,770,0.004720326865433907
mom20,fwd_1d,-0.004720326865433907,770,0.004720326865433907
clv,fwd_5d,0.004632399892459184,786,0.004632399892459184
accel_5_3,fwd_3d,-0.004559724951983981,783,0.004559724951983981
rel_volume_20,fwd_3d,-0.004508605395265435,779,0.004508605395265435
cs_relvol_z,fwd_3d,-0.004508605395265435,788,0.004508605395265435
liq_imbalance,fwd_3d,-0.004508605395265435,779,0.004508605395265435
liq_shock,fwd_3d,-0.0044792600157499635,779,0.0044792600157499635
turnover_imbalance,fwd_3d,-0.0044792600157499635,779,0.0044792600157499635
dist_high_20,fwd_1d,-0.004415203703776614,781,0.004415203703776614
rel_volume_20,fwd_2d,-0.004399156394776187,780,0.004399156394776187
cs_relvol_z,fwd_2d,-0.004399156394776187,789,0.004399156394776187
liq_imbalance,fwd_2d,-0.004399156394776187,780,0.004399156394776187
vol_comp_10_20,fwd_2d,-0.004384919371166265,779,0.004384919371166265
exhaustion_down,fwd_3d,0.004282965911861284,779,0.004282965911861284
ret_autocorr_10,fwd_3d,0.004278987021322869,779,0.004278987021322869
gap_x_relvol,fwd_2d,0.0042601217746878715,780,0.0042601217746878715
dist_high_60,fwd_1d,0.004139217015221525,771,0.004139217015221525
exhaustion_down,fwd_2d,0.004132543099375189,780,0.004132543099375189
dist_high_60,fwd_3d,0.004124023544829732,769,0.004124023544829732
ret_sign_imbalance_10,fwd_1d,0.00405879215427607,785,0.00405879215427607
liq_shock,fwd_2d,-0.003981291730114132,780,0.003981291730114132
turnover_imbalance,fwd_2d,-0.003981291730114132,780,0.003981291730114132
rel_volume_5,fwd_1d,-0.003962991767179721,788,0.003962991767179721
accel_10_5,fwd_1d,0.003952792121774704,780,0.003952792121774704
dist_ema10,fwd_2d,-0.003938352544888643,786,0.003938352544888643
ret5,fwd_2d,-0.00392979917192617,784,0.00392979917192617
mom5,fwd_2d,-0.00392979917192617,784,0.00392979917192617
cs_mom5_rank,fwd_2d,-0.00392979917192617,784,0.00392979917192617
vol40,fwd_2d,0.003825147576966104,774,0.003825147576966104
gap_x_relvol,fwd_3d,0.0037398199777446814,779,0.0037398199777446814
close_low_ret,fwd_2d,-0.003666067735758716,788,0.003666067735758716
dist_ema20,fwd_3d,-0.0033243359239117144,782,0.0033243359239117144
rev5,fwd_2d,0.0033232065146841924,786,0.0033232065146841924
range,fwd_3d,0.00332286785320792,788,0.00332286785320792
cs_range_z,fwd_3d,0.00332286785320792,788,0.00332286785320792
exhaustion_up,fwd_1d,-0.0033114799876269242,781,0.0033114799876269242
exhaustion_down,fwd_1d,-0.003292547799097725,781,0.003292547799097725
gap_x_relvol,fwd_5d,-0.0032033675657864575,777,0.0032033675657864575
vol_accel,fwd_1d,-0.003187543349624802,787,0.003187543349624802
vol20,fwd_1d,-0.003174726473378935,780,0.003174726473378935
gap_range_adj,fwd_2d,0.0031579848067364623,788,0.0031579848067364623
clv,fwd_1d,0.003144808257253292,790,0.003144808257253292
gap_fill_pressure,fwd_2d,0.0029764794492777914,788,0.0029764794492777914
dist_high_60,fwd_2d,0.002899671445881931,770,0.002899671445881931
pressure,fwd_5d,-0.002763736669654152,786,0.002763736669654152
ema_stack_10_20,fwd_2d,0.0026587035862874297,783,0.0026587035862874297
vol_accel,fwd_3d,0.002655510876061966,785,0.002655510876061966
position_in_20d_range,fwd_1d,-0.0025433987691071414,781,0.0025433987691071414
gap_vol_adj,fwd_3d,0.0025330314962273216,783,0.0025330314962273216
body_to_range,fwd_5d,-0.0025027605737651787,786,0.0025027605737651787
gap_vol_adj,fwd_2d,0.002454783318832846,784,0.002454783318832846
ema_stack_10_20,fwd_3d,0.0024418031956880294,782,0.0024418031956880294
ret_autocorr_10,fwd_2d,0.0023945975384638113,780,0.0023945975384638113
dist_ema20,fwd_1d,-0.002317884870484477,784,0.002317884870484477
gap_range_adj,fwd_3d,0.0022709071079731104,787,0.0022709071079731104
range,fwd_2d,0.002177673805400834,789,0.002177673805400834
cs_range_z,fwd_2d,0.002177673805400834,789,0.002177673805400834
position_in_20d_range,fwd_3d,-0.0020636728457665778,779,0.0020636728457665778
range_vol,fwd_5d,0.0019863840112257633,777,0.0019863840112257633
gap_range_adj,fwd_5d,-0.0019400011147094598,785,0.0019400011147094598
dist_ema50,fwd_1d,0.0018782470789949093,776,0.0018782470789949093
rel_volume_5,fwd_5d,-0.0018456423388244724,784,0.0018456423388244724
clv,fwd_2d,0.001705137563897411,789,0.001705137563897411
vol_accel,fwd_2d,-0.0016889257343555167,786,0.0016889257343555167
ret_sign_imbalance_10,fwd_2d,-0.001635089425359565,784,0.001635089425359565
rel_volume_5,fwd_3d,0.0014921909384159515,786,0.0014921909384159515
vol_spike_10_40,fwd_2d,0.0014562087075564885,774,0.0014562087075564885
vol_accel,fwd_5d,0.0014448404193943775,783,0.0014448404193943775
rel_volume_5,fwd_2d,-0.001369316741486936,787,0.001369316741486936
gap_vol_adj,fwd_5d,-0.0013500168461054887,781,0.0013500168461054887
dist_ema20,fwd_2d,-0.0013270968277930243,783,0.0013270968277930243
ema_stack_10_20,fwd_1d,0.0012264102757332297,784,0.0012264102757332297
range_vol,fwd_3d,0.0011469104659502976,779,0.0011469104659502976
ret_sign_imbalance_5,fwd_1d,-0.0011353008910976365,787,0.0011353008910976365
accel_3_1,fwd_1d,0.0010889695889772612,787,0.0010889695889772612
overnight_pressure,fwd_1d,-0.001023857553136105,789,0.001023857553136105
vol_spike_10_40,fwd_5d,0.0010158655406671258,771,0.0010158655406671258
ret_sign_imbalance_5,fwd_2d,-0.0009598223943586362,786,0.0009598223943586362
vol5,fwd_5d,0.0009352257797405023,783,0.0009352257797405023
dist_ema20,fwd_5d,-0.0008966568884646929,780,0.0008966568884646929
range_x_volcomp,fwd_5d,0.0008834211857897621,776,0.0008834211857897621
accel_5_3,fwd_2d,0.0008250635177810536,784,0.0008250635177810536
vol_spike_10_40,fwd_3d,-0.000804530093135818,773,0.000804530093135818
overnight_pressure,fwd_5d,-0.0007603183460870633,785,0.0007603183460870633
position_in_20d_range,fwd_2d,-0.000745202038610848,780,0.000745202038610848
position_in_20d_range,fwd_5d,-0.000693722489784287,777,0.000693722489784287
dist_low_60,fwd_1d,0.0006710196838503221,771,0.0006710196838503221
vol5,fwd_2d,0.0005913477625450821,786,0.0005913477625450821
dist_low_20,fwd_1d,-0.0005344255983300599,781,0.0005344255983300599
vol5,fwd_3d,-0.0004321851388266528,785,0.0004321851388266528
close_low_ret,fwd_5d,-0.00039760310179417076,785,0.00039760310179417076
gap_ret,fwd_5d,-0.00036432521247109565,785,0.00036432521247109565
cs_gap_z,fwd_5d,-0.0003643252124710954,786,0.0003643252124710954
upper_wick,fwd_5d,0.00030145397486577066,786,0.00030145397486577066
range_x_volcomp,fwd_3d,-0.0002895936722870096,778,0.0002895936722870096
range_vol,fwd_2d,0.00026986000380233575,780,0.00026986000380233575
close_low_ret,fwd_3d,0.00012263850012145356,787,0.00012263850012145356
range_x_volcomp,fwd_2d,4.965685179493452e-05,779,4.965685179493452e-05
breadth_up,fwd_1d,,790,
breadth_up,fwd_2d,,789,
breadth_up,fwd_3d,,788,
breadth_up,fwd_5d,,786,
breadth_down,fwd_1d,,790,
breadth_down,fwd_2d,,789,
breadth_down,fwd_3d,,788,
breadth_down,fwd_5d,,786,
breadth_thrust,fwd_1d,,790,
breadth_thrust,fwd_2d,,789,
breadth_thrust,fwd_3d,,788,
breadth_thrust,fwd_5d,,786,
