{
  "config": "aggressive",
  "nav": 64887.40208200002,
  "cash": 55198.75208200002,
  "last_rebalanced_date": "2026-04-02",
  "positions": {
    "OKLO": {
      "shares": 64.0,
      "last_price": 100.0,
      "market_value": 6400.0
    },
    "NKE": {
      "shares": 73.0,
      "last_price": 44.19,
      "market_value": 3225.87
    },
    "TSEM": {
      "shares": -16.0,
      "last_price": 197.8,
      "market_value": -3164.8
    },
    "SMCI": {
      "shares": 139.0,
      "last_price": 23.22,
      "market_value": 3227.58
    }
  },
  "last_estimated_trading_cost": 0.0,
  "state_alignment": {
    "applied_at_date": "2026-04-01",
    "source": "artifacts\\execution_loop\\aggressive\\broker_positions.csv",
    "cash_mode": "preserve_nav",
    "positions_count": 10,
    "market_value": -70735.3895,
    "cash_after_alignment": 153658.29661850003,
    "nav_after_alignment": 82922.9071185,
    "fallback_price_count": 1
  }
}



{
  "config": "optimal",
  "nav": 60327.462944,
  "cash": 51394.162943999996,
  "last_rebalanced_date": "2026-04-02",
  "positions": {
    "OKLO": {
      "shares": 59.0,
      "last_price": 100.0,
      "market_value": 5900.0
    },
    "TSEM": {
      "shares": -15.0,
      "last_price": 197.8,
      "market_value": -2967.0
    },
    "SMCI": {
      "shares": 129.0,
      "last_price": 23.22,
      "market_value": 2995.3799999999997
    },
    "NKE": {
      "shares": 68.0,
      "last_price": 44.19,
      "market_value": 3004.92
    }
  },
  "last_estimated_trading_cost": 0.0,
  "state_alignment": {
    "applied_at_date": "2026-04-01",
    "source": "artifacts\\execution_loop\\optimal\\broker_positions.csv",
    "cash_mode": "preserve_nav",
    "positions_count": 10,
    "market_value": -70735.3895,
    "cash_after_alignment": 149315.36355399998,
    "nav_after_alignment": 78579.97405399999,
    "fallback_price_count": 1
  }
}




symbol,shares,last_price,price_source,market_value
OKLO,59.0,100.0,state_last_price,5900.0
NKE,68.0,44.19,live_snapshot,3004.92
SMCI,129.0,23.22,live_snapshot,2995.3799999999997
TSEM,-15.0,197.8,live_snapshot,-2967.0




symbol,shares,last_price,price_source,market_value
OKLO,64.0,100.0,state_last_price,6400.0
SMCI,139.0,23.22,live_snapshot,3227.58
NKE,73.0,44.19,live_snapshot,3225.87
TSEM,-16.0,197.8,live_snapshot,-3164.8

