PS C:\Users\Dmytro Govor\Documents\Python-Edge> python .\scripts\run_daily_cycle.py
[CFG] configs=['optimal', 'aggressive']
[CFG] require_any_live_active_names=1 require_fresh_freeze_date_match=1 run_broker_handoff=1
[CFG] require_freeze_universe_filter=1 min_freeze_universe_survival_ratio=0.9000
[CFG] require_freeze_live_gate_passed=1 require_any_replay_gate_pass=1
[STEP] universe builder
[RUN] C:\Users\Dmytro Govor\AppData\Local\Programs\Python\Python313\python.exe C:\Users\Dmytro Govor\Documents\Python-Edge\scripts\run_universe_builder.py
[CFG] base_url=https://api.massive.com
[CFG] universe_profile=trading_us_core_v1
[CFG] target_size=175 sector_cap=18
[CFG] min_price=7.50 min_median_dollar_vol_20d=20000000.00
[CFG] min_history_days=25 max_nan_ratio=0.0200 max_missing_days_20d=1
[CFG] locale=us market=stocks ticker_type=CS
[CFG] rebalance_freq=weekly reuse_last=0 reuse_max_age_days=0
[CFG] overview_enrichment_enabled=1 overview_enrichment_max=1200
[DATA] as_of_date=2026-04-01
[REFERENCE] page=5 rows=5000
[REFERENCE] page=6 rows=5266
[UNIVERSE] reference_total=5266
[UNIVERSE] reference_kept=5127
[UNIVERSE] reference_columns=['active', 'cik', 'composite_figi', 'currency_name', 'last_updated_utc', 'locale', 'market', 'name', 'primary_exchange', 'share_class_figi', 'ticker', 'type']
[UNIVERSE] reference_drop_counters={'locale': 0, 'currency': 0, 'type': 0, 'otc': 0, 'etf_like': 104, 'adr_like': 35, 'active': 0}
[GROUPED] 5/40 days fetched rows=59508
[GROUPED] 10/40 days fetched rows=107209
[GROUPED] 15/40 days fetched rows=166583
[GROUPED] 20/40 days fetched rows=226273
[GROUPED] 25/40 days fetched rows=285984
[GROUPED] 30/40 days fetched rows=345606
[GROUPED] 35/40 days fetched rows=405361
[GROUPED] 40/40 days fetched rows=465219
[UNIVERSE] grouped_rows_after_core_filter=194491 symbols=5111
[UNIVERSE] stage2 candidate cap applied -> 1200
[OVERVIEW] 100/1200 processed cache_hits=99 api_calls=1
[OVERVIEW] 200/1200 processed cache_hits=192 api_calls=8
[OVERVIEW] 300/1200 processed cache_hits=288 api_calls=12
[OVERVIEW] 400/1200 processed cache_hits=382 api_calls=18
[OVERVIEW] 500/1200 processed cache_hits=476 api_calls=24
[OVERVIEW] 600/1200 processed cache_hits=569 api_calls=31
[OVERVIEW] 700/1200 processed cache_hits=654 api_calls=46
[OVERVIEW] 800/1200 processed cache_hits=747 api_calls=53
[OVERVIEW] 900/1200 processed cache_hits=835 api_calls=65
[OVERVIEW] 1000/1200 processed cache_hits=922 api_calls=78
[OVERVIEW] 1100/1200 processed cache_hits=1014 api_calls=86
[OVERVIEW] 1200/1200 processed cache_hits=1108 api_calls=92
[UNIVERSE] dropped_price=28
[UNIVERSE] dropped_liquidity=0
[UNIVERSE] dropped_history=4
[UNIVERSE] dropped_data_quality=0
[UNIVERSE] eligible_total=1168
[UNIVERSE] selected_total=175
[UNIVERSE] selected_sector_cap_skips=310 selected_refill_from_over_cap=0
[UNIVERSE] overview_enriched_total=1200 overview_cache_hits=1108 overview_api_calls=92 overview_missing_sic_total=92
[UNIVERSE] sector_unknown_selected=22
[UNIVERSE] industry_unknown_selected=23
[UNIVERSE] sector_counts_selected={'Technology': 18, 'Industrials': 18, 'Consumer Discretionary': 18, 'Energy': 18, 'Financials': 18, 'Healthcare': 18, 'Utilities': 18, 'UNKNOWN': 22, 'Consumer Staples': 7, 'Materials': 18, 'Communication Services': 1, 'Real Estate': 1}
[UNIVERSE][TOP_SELECTED]
ticker                 sector                                             industry sic_code                                      sic_description  last_close  median_dollar_vol_20d liquidity_bucket volatility_bucket price_bucket
  NVDA             Technology                     SEMICONDUCTORS & RELATED DEVICES     3674                     SEMICONDUCTORS & RELATED DEVICES      175.75           3.199504e+10             HIGH               MID         HIGH
  TSLA            Industrials                MOTOR VEHICLES & PASSENGER CAR BODIES     3711                MOTOR VEHICLES & PASSENGER CAR BODIES      381.26           2.332092e+10             HIGH               MID         HIGH
    MU             Technology                     SEMICONDUCTORS & RELATED DEVICES     3674                     SEMICONDUCTORS & RELATED DEVICES      367.85           1.920274e+10             HIGH              HIGH         HIGH
  SNDK             Technology                             COMPUTER STORAGE DEVICES     3572                             COMPUTER STORAGE DEVICES      692.73           1.208997e+10             HIGH              HIGH         HIGH
  MSFT             Technology                        SERVICES-PREPACKAGED SOFTWARE     7372                        SERVICES-PREPACKAGED SOFTWARE      369.37           1.195287e+10             HIGH               LOW         HIGH
  AAPL             Technology                                 ELECTRONIC COMPUTERS     3571                                 ELECTRONIC COMPUTERS      255.63           1.006459e+10             HIGH               LOW         HIGH
  AMZN Consumer Discretionary                   RETAIL-CATALOG & MAIL-ORDER HOUSES     5961                   RETAIL-CATALOG & MAIL-ORDER HOUSES      210.57           9.311629e+09             HIGH               MID         HIGH
 GOOGL             Technology SERVICES-COMPUTER PROGRAMMING, DATA PROCESSING, ETC.     7370 SERVICES-COMPUTER PROGRAMMING, DATA PROCESSING, ETC.      297.39           8.714745e+09             HIGH               MID         HIGH
  META             Technology SERVICES-COMPUTER PROGRAMMING, DATA PROCESSING, ETC.     7370 SERVICES-COMPUTER PROGRAMMING, DATA PROCESSING, ETC.      579.23           8.609533e+09             HIGH              HIGH         HIGH
  AVGO             Technology                     SEMICONDUCTORS & RELATED DEVICES     3674                     SEMICONDUCTORS & RELATED DEVICES      313.49           8.529147e+09             HIGH               MID         HIGH
   AMD             Technology                     SEMICONDUCTORS & RELATED DEVICES     3674                     SEMICONDUCTORS & RELATED DEVICES      210.21           6.491479e+09             HIGH              HIGH         HIGH
  PLTR             Technology                        SERVICES-PREPACKAGED SOFTWARE     7372                        SERVICES-PREPACKAGED SOFTWARE      146.49           6.380087e+09             HIGH              HIGH         HIGH
  GOOG             Technology SERVICES-COMPUTER PROGRAMMING, DATA PROCESSING, ETC.     7370 SERVICES-COMPUTER PROGRAMMING, DATA PROCESSING, ETC.      294.90           6.111191e+09             HIGH               MID         HIGH
  LITE            Industrials                        COMMUNICATIONS EQUIPMENT, NEC     3669                        COMMUNICATIONS EQUIPMENT, NEC      764.65           4.829963e+09             HIGH              HIGH         HIGH
   XOM                 Energy                                   PETROLEUM REFINING     2911                                   PETROLEUM REFINING      160.78           3.715790e+09             HIGH               MID         HIGH
  ORCL             Technology                        SERVICES-PREPACKAGED SOFTWARE     7372                        SERVICES-PREPACKAGED SOFTWARE      145.23           3.652305e+09             HIGH              HIGH         HIGH
  INTC             Technology                     SEMICONDUCTORS & RELATED DEVICES     3674                     SEMICONDUCTORS & RELATED DEVICES       48.03           3.623973e+09             HIGH              HIGH          LOW
   JPM             Financials                            NATIONAL COMMERCIAL BANKS     6021                            NATIONAL COMMERCIAL BANKS      295.38           3.284454e+09             HIGH               LOW         HIGH
   CVX                 Energy                                   PETROLEUM REFINING     2911                                   PETROLEUM REFINING      197.41           2.708888e+09             HIGH               LOW         HIGH
  MSTR             Financials                                     FINANCE SERVICES     6199                                     FINANCE SERVICES      122.78           2.657534e+09             HIGH              HIGH          MID
   LLY             Healthcare                          PHARMACEUTICAL PREPARATIONS     2834                          PHARMACEUTICAL PREPARATIONS      954.52           2.486301e+09             HIGH               MID         HIGH
   WDC             Technology                             COMPUTER STORAGE DEVICES     3572                             COMPUTER STORAGE DEVICES      297.73           2.413409e+09             HIGH              HIGH         HIGH
   WMT Consumer Discretionary                                RETAIL-VARIETY STORES     5331                                RETAIL-VARIETY STORES      124.74           2.408231e+09             HIGH               LOW          MID
  LRCX            Industrials                      SPECIAL INDUSTRY MACHINERY, NEC     3559                      SPECIAL INDUSTRY MACHINERY, NEC      222.01           2.288644e+09             HIGH              HIGH         HIGH
  COIN             Financials                                     FINANCE SERVICES     6199                                     FINANCE SERVICES      172.99           2.240227e+09             HIGH              HIGH         HIGH
[OK] snapshot=artifacts\daily_cycle\universe\universe_snapshot.parquet
[OK] summary=artifacts\daily_cycle\universe\universe_summary.json
[FINAL] universe builder complete snapshot=artifacts\daily_cycle\universe\universe_snapshot.parquet summary=artifacts\daily_cycle\universe\universe_summary.json

[EXIT] code=0
Press Enter to exit...
[DIAG][UNIVERSE] snapshot=C:\Users\Dmytro Govor\Documents\Python-Edge\artifacts\daily_cycle\universe\universe_snapshot.parquet summary=C:\Users\Dmytro Govor\Documents\Python-Edge\artifacts\daily_cycle\universe\universe_summary.json rows_current=5266 all_symbols_current=5266 selected_symbols_current=175 symbol_col=ticker date_col=trade_date selected_col=selected current_date=2026-04-01
[DIAG][UNIVERSE][SUMMARY] eligible_total=1168 selected_total=175 overview_missing_sic_total=92 sector_unknown_selected=22 industry_unknown_selected=23
[STEP] live alpha snapshot
[RUN] C:\Users\Dmytro Govor\AppData\Local\Programs\Python\Python313\python.exe C:\Users\Dmytro Govor\Documents\Python-Edge\scripts\run_live_alpha_snapshot.py
[CFG] universe_snapshot_file=artifacts\daily_cycle\universe\universe_snapshot.parquet
[CFG] live_alpha_out_dir=artifacts\live_alpha
[CFG] live_alpha_scope=registry survivor_top_n=6
[CFG] lookback_days=260 max_symbols=500
[UNIVERSE] selected_symbols=175 as_of_date=2026-04-01
[FETCH] 25/175 complete rows=4525 failed=0
[FETCH] 50/175 complete rows=9050 failed=0
[FETCH] 75/175 complete rows=13575 failed=0
[FETCH] 100/175 complete rows=18100 failed=0
[FETCH] 125/175 complete rows=22625 failed=0
[FETCH] 150/175 complete rows=27150 failed=0
[FETCH] 175/175 complete rows=31675 failed=0
[FETCH] final_symbols=175 rows=31675 failed_symbols=0
[FACTORY] recipe_source=default_priority+recent_default_priority recipe_count=1901
[OK] base_snapshot=artifacts\live_alpha\live_feature_snapshot.parquet
[OK] live_alpha_snapshot=artifacts\live_alpha\live_alpha_snapshot.parquet
[OK] manifest=artifacts\live_alpha\live_alpha_manifest.csv
[OK] dropped=artifacts\live_alpha\live_alpha_dropped.csv
[OK] meta=artifacts\live_alpha\live_alpha_meta.json

[EXIT] code=0
Press Enter to exit...
[DIAG][LIVE_ALPHA] snapshot=C:\Users\Dmytro Govor\Documents\Python-Edge\artifacts\live_alpha\live_alpha_snapshot.parquet current_date=2026-04-01 rows_current=175 symbols_current=175 alpha_cols=1163
[DIAG][SURVIVAL] universe_requested_selected=175 universe_all_symbols_current=5266 live_symbols_current=175 present_in_live_alpha=175 missing_in_live_alpha=0 extra_live_alpha_vs_selected=0 extra_live_alpha_vs_all=0 survival_ratio=1.0000
[DIAG][SURVIVAL][MISSING_TOP] none
[DIAG][SURVIVAL][EXTRA_VS_SELECTED_TOP] none
[DIAG][SURVIVAL][EXTRA_VS_ALL_TOP] none
[ARTIFACT] C:\Users\Dmytro Govor\Documents\Python-Edge\artifacts\daily_cycle\universe_live_alpha_diagnostics.json
[STEP] freeze runner
[RUN] C:\Users\Dmytro Govor\AppData\Local\Programs\Python\Python313\python.exe C:\Users\Dmytro Govor\Documents\Python-Edge\scripts\run_freeze_runner.py
[CFG] live_alpha_snapshot_file=artifacts\live_alpha\live_alpha_snapshot.parquet
[CFG] universe_snapshot_file=artifacts\daily_cycle\universe\universe_snapshot.parquet
[CFG] out_dir=artifacts\freeze_runner
[CFG] require_universe_filter=1 require_universe_current_date_match=1 min_universe_survival_ratio=0.9000
[CFG] auto_refresh_live_alpha_on_date_mismatch=1 live_alpha_refresh_script=scripts\run_live_alpha_snapshot.py
[CFG] freeze_require_positive_replay_sharpe=0 freeze_min_replay_sharpe=0.0000 freeze_min_replay_cumret=0.0000 freeze_min_live_active_names=1
[CFG] component_prefilter min_proxy_train_sharpe=0.0000 min_abs_mean_ic=0.000000 basket_candidate_pool=8 basket_max_combos=40
[CFG] frozen wf=120/20/20 components=4 weighting=ic
[UNIVERSE_FILTER] applied=1 universe_selected_current=175 present_in_panel_current=175 missing_in_panel_current=0 survival_ratio_current=1.0000 panel_rows_before_filter=31675 panel_rows_after_filter=31675 live_snapshot_current_date=2026-04-01
[DATA] rows=31675 symbols=175 alpha_cols=1163 first_date=2025-07-15 last_date=2026-04-01
[FREEZE] last_completed_fold fold_id=3 train=2025-09-10..2026-03-03 test=2026-03-04..2026-03-31
[COMPONENTS][ALL_CANDIDATES_TOP]
                                            alpha  train_abs_mean_ic  proxy_train_sharpe  train_sign_locked
alpha_overnight_drift_20d_raw_regime_breadth_rank           0.217509            2.240984                1.0
          alpha_gap_lag1_regime_breadth_rank_lag1           0.191329            0.629349                1.0
      alpha_momentum_20d_cube_regime_breadth_rank           0.183294            1.301852                1.0
       alpha_momentum_20d_raw_rank_mul_breadth_hi           0.183294            1.301852                1.0
       alpha_momentum_20d_raw_rank_mul_breadth_lo           0.183294            1.301852                1.0
     alpha_momentum_20d_raw_rank_mul_breadth_rank           0.183294            1.301852                1.0
        alpha_momentum_20d_raw_rank_mul_breadth_z           0.183294            1.301852                1.0
        alpha_momentum_20d_raw_raw_mul_breadth_hi           0.183294            1.301852                1.0
        alpha_momentum_20d_raw_raw_mul_breadth_lo           0.183294            1.301852                1.0
      alpha_momentum_20d_raw_raw_mul_breadth_rank           0.183294            1.301852                1.0
[COMPONENTS][optimal] selected_by_basket_search component_count=4 pool_size=8 combos_evaluated=40
                                            alpha  train_abs_mean_ic  proxy_train_sharpe  train_sign_locked
alpha_overnight_drift_20d_raw_regime_breadth_rank           0.217509            2.240984                1.0
          alpha_gap_lag1_regime_breadth_rank_lag1           0.191329            0.629349                1.0
      alpha_momentum_20d_cube_regime_breadth_rank           0.183294            1.301852                1.0
        alpha_momentum_20d_raw_raw_mul_breadth_hi           0.183294            1.301852                1.0
[BASKET_SEARCH][optimal][TOP]
 basket_id                                                                                                                                                                           alpha_list  component_count  train_abs_mean_ic_avg  proxy_train_sharpe_avg  replay_sharpe_last_fold  replay_cumret_last_fold  replay_max_drawdown_last_fold  replay_avg_turnover_last_fold
         5      alpha_overnight_drift_20d_raw_regime_breadth_rank|alpha_gap_lag1_regime_breadth_rank_lag1|alpha_momentum_20d_cube_regime_breadth_rank|alpha_momentum_20d_raw_raw_mul_breadth_hi                4               0.193856                1.368509                -6.439602                -0.056454                      -0.058258                       0.033000
         1     alpha_overnight_drift_20d_raw_regime_breadth_rank|alpha_gap_lag1_regime_breadth_rank_lag1|alpha_momentum_20d_cube_regime_breadth_rank|alpha_momentum_20d_raw_rank_mul_breadth_hi                4               0.193856                1.368509                -6.439602                -0.056454                      -0.058258                       0.033000
         2     alpha_overnight_drift_20d_raw_regime_breadth_rank|alpha_gap_lag1_regime_breadth_rank_lag1|alpha_momentum_20d_cube_regime_breadth_rank|alpha_momentum_20d_raw_rank_mul_breadth_lo                4               0.193856                1.368509                -6.439602                -0.056454                      -0.058258                       0.033000
         3   alpha_overnight_drift_20d_raw_regime_breadth_rank|alpha_gap_lag1_regime_breadth_rank_lag1|alpha_momentum_20d_cube_regime_breadth_rank|alpha_momentum_20d_raw_rank_mul_breadth_rank                4               0.193856                1.368509                -6.439602                -0.056454                      -0.058258                       0.033000
         4      alpha_overnight_drift_20d_raw_regime_breadth_rank|alpha_gap_lag1_regime_breadth_rank_lag1|alpha_momentum_20d_cube_regime_breadth_rank|alpha_momentum_20d_raw_rank_mul_breadth_z                4               0.193856                1.368509                -6.439602                -0.056454                      -0.058258                       0.033000
        26 alpha_overnight_drift_20d_raw_regime_breadth_rank|alpha_momentum_20d_raw_rank_mul_breadth_hi|alpha_momentum_20d_raw_rank_mul_breadth_lo|alpha_momentum_20d_raw_rank_mul_breadth_rank                4               0.191848                1.536635                -6.441217                -0.059862                      -0.057961                       0.026564
        27    alpha_overnight_drift_20d_raw_regime_breadth_rank|alpha_momentum_20d_raw_rank_mul_breadth_hi|alpha_momentum_20d_raw_rank_mul_breadth_lo|alpha_momentum_20d_raw_rank_mul_breadth_z                4               0.191848                1.536635                -6.441217                -0.059862                      -0.057961                       0.026564
        28    alpha_overnight_drift_20d_raw_regime_breadth_rank|alpha_momentum_20d_raw_rank_mul_breadth_hi|alpha_momentum_20d_raw_rank_mul_breadth_lo|alpha_momentum_20d_raw_raw_mul_breadth_hi                4               0.191848                1.536635                -6.441217                -0.059862                      -0.057961                       0.026564
        29  alpha_overnight_drift_20d_raw_regime_breadth_rank|alpha_momentum_20d_raw_rank_mul_breadth_hi|alpha_momentum_20d_raw_rank_mul_breadth_rank|alpha_momentum_20d_raw_rank_mul_breadth_z                4               0.191848                1.536635                -6.441217                -0.059862                      -0.057961                       0.026564
        30  alpha_overnight_drift_20d_raw_regime_breadth_rank|alpha_momentum_20d_raw_rank_mul_breadth_hi|alpha_momentum_20d_raw_rank_mul_breadth_rank|alpha_momentum_20d_raw_raw_mul_breadth_hi                4               0.191848                1.536635                -6.441217                -0.059862                      -0.057961                       0.026564
[FREEZE][optimal] live_active_names_raw=2 live_active_names=0 live_gate_passed=0 live_gate_reason=replay_sharpe<0.0000|replay_cumret<0.0000 replay_sharpe_last_fold=-6.4396 replay_cumret_last_fold=-0.0565 avg_turnover=0.0330 avg_gross=0.2588
[FREEZE][optimal][UNIVERSE] applied=1 selected_current=175 present_in_panel_current=175 survival_ratio_current=1.0000 live_snapshot_current_date=2026-04-01
[FREEZE][optimal][LIVE_BOOK_TOP] blocked by live gate
[COMPONENTS][aggressive] selected_by_basket_search component_count=4 pool_size=8 combos_evaluated=40
                                            alpha  train_abs_mean_ic  proxy_train_sharpe  train_sign_locked
alpha_overnight_drift_20d_raw_regime_breadth_rank           0.217509            2.240984                1.0
       alpha_momentum_20d_raw_rank_mul_breadth_hi           0.183294            1.301852                1.0
       alpha_momentum_20d_raw_rank_mul_breadth_lo           0.183294            1.301852                1.0
     alpha_momentum_20d_raw_rank_mul_breadth_rank           0.183294            1.301852                1.0
[BASKET_SEARCH][aggressive][TOP]
 basket_id                                                                                                                                                                           alpha_list  component_count  train_abs_mean_ic_avg  proxy_train_sharpe_avg  replay_sharpe_last_fold  replay_cumret_last_fold  replay_max_drawdown_last_fold  replay_avg_turnover_last_fold
        26 alpha_overnight_drift_20d_raw_regime_breadth_rank|alpha_momentum_20d_raw_rank_mul_breadth_hi|alpha_momentum_20d_raw_rank_mul_breadth_lo|alpha_momentum_20d_raw_rank_mul_breadth_rank                4               0.191848                1.536635                -4.075834                -0.134431                      -0.145185                       0.031618
        27    alpha_overnight_drift_20d_raw_regime_breadth_rank|alpha_momentum_20d_raw_rank_mul_breadth_hi|alpha_momentum_20d_raw_rank_mul_breadth_lo|alpha_momentum_20d_raw_rank_mul_breadth_z                4               0.191848                1.536635                -4.075834                -0.134431                      -0.145185                       0.031618
        29  alpha_overnight_drift_20d_raw_regime_breadth_rank|alpha_momentum_20d_raw_rank_mul_breadth_hi|alpha_momentum_20d_raw_rank_mul_breadth_rank|alpha_momentum_20d_raw_rank_mul_breadth_z                4               0.191848                1.536635                -4.075834                -0.134431                      -0.145185                       0.031618
        32  alpha_overnight_drift_20d_raw_regime_breadth_rank|alpha_momentum_20d_raw_rank_mul_breadth_lo|alpha_momentum_20d_raw_rank_mul_breadth_rank|alpha_momentum_20d_raw_rank_mul_breadth_z                4               0.191848                1.536635                -4.075834                -0.134431                      -0.145185                       0.031618
        28    alpha_overnight_drift_20d_raw_regime_breadth_rank|alpha_momentum_20d_raw_rank_mul_breadth_hi|alpha_momentum_20d_raw_rank_mul_breadth_lo|alpha_momentum_20d_raw_raw_mul_breadth_hi                4               0.191848                1.536635                -4.075834                -0.134431                      -0.145185                       0.031618
        30  alpha_overnight_drift_20d_raw_regime_breadth_rank|alpha_momentum_20d_raw_rank_mul_breadth_hi|alpha_momentum_20d_raw_rank_mul_breadth_rank|alpha_momentum_20d_raw_raw_mul_breadth_hi                4               0.191848                1.536635                -4.075834                -0.134431                      -0.145185                       0.031618
        31     alpha_overnight_drift_20d_raw_regime_breadth_rank|alpha_momentum_20d_raw_rank_mul_breadth_hi|alpha_momentum_20d_raw_rank_mul_breadth_z|alpha_momentum_20d_raw_raw_mul_breadth_hi                4               0.191848                1.536635                -4.075834                -0.134431                      -0.145185                       0.031618
        33  alpha_overnight_drift_20d_raw_regime_breadth_rank|alpha_momentum_20d_raw_rank_mul_breadth_lo|alpha_momentum_20d_raw_rank_mul_breadth_rank|alpha_momentum_20d_raw_raw_mul_breadth_hi                4               0.191848                1.536635                -4.075834                -0.134431                      -0.145185                       0.031618
        34     alpha_overnight_drift_20d_raw_regime_breadth_rank|alpha_momentum_20d_raw_rank_mul_breadth_lo|alpha_momentum_20d_raw_rank_mul_breadth_z|alpha_momentum_20d_raw_raw_mul_breadth_hi                4               0.191848                1.536635                -4.075834                -0.134431                      -0.145185                       0.031618
        35   alpha_overnight_drift_20d_raw_regime_breadth_rank|alpha_momentum_20d_raw_rank_mul_breadth_rank|alpha_momentum_20d_raw_rank_mul_breadth_z|alpha_momentum_20d_raw_raw_mul_breadth_hi                4               0.191848                1.536635                -4.075834                -0.134431                      -0.145185                       0.031618
[FREEZE][aggressive] live_active_names_raw=3 live_active_names=0 live_gate_passed=0 live_gate_reason=replay_sharpe<0.0000|replay_cumret<0.0000 replay_sharpe_last_fold=-4.0758 replay_cumret_last_fold=-0.1344 avg_turnover=0.0316 avg_gross=1.0000
[FREEZE][aggressive][UNIVERSE] applied=1 selected_current=175 present_in_panel_current=175 survival_ratio_current=1.0000 live_snapshot_current_date=2026-04-01
[FREEZE][aggressive][LIVE_BOOK_TOP] blocked by live gate
[ARTIFACT] artifacts\freeze_runner\freeze_all_configs_summary.json
[FINAL] freeze runner complete

[EXIT] code=0
Press Enter to exit...
[GATE] freeze summaries
[GATE] config=optimal live_current_date=2026-04-01 freeze_live_active_names=0 universe_filter_applied=1 universe_selected_current=175 universe_present_in_panel_current=175 universe_survival_ratio_current=1.0 live_gate_passed=0 live_gate_reason=replay_sharpe<0.0000|replay_cumret<0.0000 replay_sharpe_last_fold=-6.439602293953024 replay_cumret_last_fold=-0.05645374624717303
[GATE] config=aggressive live_current_date=2026-04-01 freeze_live_active_names=0 universe_filter_applied=1 universe_selected_current=175 universe_present_in_panel_current=175 universe_survival_ratio_current=1.0 live_gate_passed=0 live_gate_reason=replay_sharpe<0.0000|replay_cumret<0.0000 replay_sharpe_last_fold=-4.0758343130773556 replay_cumret_last_fold=-0.13443052291851076
[ARTIFACT] C:\Users\Dmytro Govor\Documents\Python-Edge\artifacts\daily_cycle\freeze_gate_diagnostics.json
[GATE][BLOCK] all freeze configs have live_active_names=0 -> execution loop skipped
[FINAL] daily cycle complete with execution skipped by gate