PS C:\Users\Dmytro Govor\Documents\Python-Edge> python .\scripts\run_freeze_runner.py
[CFG] live_alpha_snapshot_file=artifacts\live_alpha\live_alpha_snapshot.parquet
[CFG] universe_snapshot_file=artifacts\daily_cycle\universe\universe_snapshot.parquet
[CFG] out_dir=artifacts\freeze_runner
[CFG] require_universe_filter=1 require_universe_current_date_match=1 min_universe_survival_ratio=0.9000
[CFG] auto_refresh_live_alpha_on_date_mismatch=1 live_alpha_refresh_script=scripts\run_live_alpha_snapshot.py
[CFG] frozen wf=120/20/20 components=4 weighting=ic
[UNIVERSE_FILTER][REFRESH] date mismatch detected universe_date=2026-04-01 live_date=2026-03-25 -> refreshing live alpha snapshot
[REFRESH] live alpha snapshot via: C:\Users\Dmytro Govor\AppData\Local\Programs\Python\Python313\python.exe C:\Users\Dmytro Govor\Documents\Python-Edge\scripts\run_live_alpha_snapshot.py
[CFG] universe_snapshot_file=artifacts\daily_cycle\universe\universe_snapshot.parquet
[CFG] live_alpha_out_dir=artifacts\live_alpha
[CFG] live_alpha_scope=registry survivor_top_n=6
[CFG] lookback_days=260 max_symbols=500
[UNIVERSE] selected_symbols=175 as_of_date=2026-04-01
[FETCH] 25/175 complete rows=4525 failed=0
[FETCH] 50/175 complete rows=9050 failed=0
[FETCH] 75/175 complete rows=13575 failed=0
[FETCH] 100/175 complete rows=18100 failed=0
[FETCH] 125/175 complete rows=22625 failed=0
[FETCH] 150/175 complete rows=27150 failed=0
[FETCH] 175/175 complete rows=31675 failed=0
[FETCH] final_symbols=175 rows=31675 failed_symbols=0
[FACTORY] recipe_source=default_priority+recent_default_priority recipe_count=1901
[OK] base_snapshot=artifacts\live_alpha\live_feature_snapshot.parquet
[OK] live_alpha_snapshot=artifacts\live_alpha\live_alpha_snapshot.parquet
[OK] manifest=artifacts\live_alpha\live_alpha_manifest.csv
[OK] dropped=artifacts\live_alpha\live_alpha_dropped.csv
[OK] meta=artifacts\live_alpha\live_alpha_meta.json

[EXIT] code=0
Press Enter to exit...
[UNIVERSE_FILTER] applied=1 universe_selected_current=175 present_in_panel_current=175 missing_in_panel_current=0 survival_ratio_current=1.0000 panel_rows_before_filter=31675 panel_rows_after_filter=31675 live_snapshot_current_date=2026-04-01
[DATA] rows=31675 symbols=175 alpha_cols=1163 first_date=2025-07-15 last_date=2026-04-01
[FREEZE] last_completed_fold fold_id=3 train=2025-09-10..2026-03-03 test=2026-03-04..2026-03-31
[COMPONENTS][ALL_CANDIDATES_TOP]
                                            alpha  train_abs_mean_ic  proxy_train_sharpe  train_sign_locked
alpha_overnight_drift_20d_raw_regime_breadth_rank           0.217509            2.240984                1.0
          alpha_gap_lag1_regime_breadth_rank_lag1           0.191329            0.629349                1.0
      alpha_momentum_20d_cube_regime_breadth_rank           0.183294            1.301852                1.0
       alpha_momentum_20d_raw_rank_mul_breadth_hi           0.183294            1.301852                1.0
       alpha_momentum_20d_raw_rank_mul_breadth_lo           0.183294            1.301852                1.0
     alpha_momentum_20d_raw_rank_mul_breadth_rank           0.183294            1.301852                1.0
        alpha_momentum_20d_raw_rank_mul_breadth_z           0.183294            1.301852                1.0
        alpha_momentum_20d_raw_raw_mul_breadth_hi           0.183294            1.301852                1.0
        alpha_momentum_20d_raw_raw_mul_breadth_lo           0.183294            1.301852                1.0
      alpha_momentum_20d_raw_raw_mul_breadth_rank           0.183294            1.301852                1.0
[COMPONENTS][optimal] weighting_mode=ic component_count=4
                                            alpha  train_abs_mean_ic  proxy_train_sharpe  train_sign_locked
alpha_overnight_drift_20d_raw_regime_breadth_rank           0.217509            2.240984                1.0
          alpha_gap_lag1_regime_breadth_rank_lag1           0.191329            0.629349                1.0
      alpha_momentum_20d_cube_regime_breadth_rank           0.183294            1.301852                1.0
       alpha_momentum_20d_raw_rank_mul_breadth_hi           0.183294            1.301852                1.0
[FREEZE][optimal] live_active_names=2 live_gross_exposure=0.1000 replay_sharpe_last_fold=-6.4396 avg_turnover=0.0330 avg_gross=0.2588
[FREEZE][optimal][UNIVERSE] applied=1 selected_current=175 present_in_panel_current=175 survival_ratio_current=1.0000 live_snapshot_current_date=2026-04-01
[FREEZE][optimal][LIVE_BOOK_TOP]
symbol  weight      score  side market_regime  long_budget  short_budget  turnover
  TSEM    0.05  87.761279   1.0       neutral          0.5           0.5      0.05
  OKLO   -0.05 -11.738764  -1.0       neutral          0.5           0.5      0.05
[COMPONENTS][aggressive] weighting_mode=ic component_count=4
                                            alpha  train_abs_mean_ic  proxy_train_sharpe  train_sign_locked
alpha_overnight_drift_20d_raw_regime_breadth_rank           0.217509            2.240984                1.0
          alpha_gap_lag1_regime_breadth_rank_lag1           0.191329            0.629349                1.0
      alpha_momentum_20d_cube_regime_breadth_rank           0.183294            1.301852                1.0
       alpha_momentum_20d_raw_rank_mul_breadth_hi           0.183294            1.301852                1.0
[FREEZE][aggressive] live_active_names=3 live_gross_exposure=1.0000 replay_sharpe_last_fold=-6.3254 avg_turnover=0.0387 avg_gross=1.0000
[FREEZE][aggressive][UNIVERSE] applied=1 selected_current=175 present_in_panel_current=175 survival_ratio_current=1.0000 live_snapshot_current_date=2026-04-01
[FREEZE][aggressive][LIVE_BOOK_TOP]
symbol    weight      score  side market_regime  long_budget  short_budget  turnover
  TSEM  0.357143  87.761279   1.0       neutral          0.5           0.5      0.05
   DOW  0.142857  13.034595   1.0       neutral          0.5           0.5      0.05
  OKLO -0.500000 -11.738764  -1.0       neutral          0.5           0.5      0.05
[ARTIFACT] artifacts\freeze_runner\freeze_all_configs_summary.json
[FINAL] freeze runner complete






{
  "cost_bps": 4.0,
  "turnover_cap": 0.12,
  "enter_pct": 0.08,
  "exit_pct": 0.18,
  "gross_target": 1.0,
  "weight_cap": 0.05,
  "weighting_mode": "ic",
  "component_count": 4,
  "use_regime_overlay": 1,
  "use_dynamic_side_budgets": 1,
  "budget_input_lag_days": 1,
  "min_long_budget": 0.45,
  "max_long_budget": 0.9,
  "replay_current_date": "2026-03-31",
  "live_current_date": "2026-04-01",
  "weights": {
    "alpha_overnight_drift_20d_raw_regime_breadth_rank": 0.2805032448466486,
    "alpha_gap_lag1_regime_breadth_rank_lag1": 0.2467405052388369,
    "alpha_momentum_20d_cube_regime_breadth_rank": 0.2363781249572572,
    "alpha_momentum_20d_raw_rank_mul_breadth_hi": 0.2363781249572572
  },
  "replay_evaluation": {
    "days": 20,
    "mean_daily_net": -0.009078235721128274,
    "std_daily_net": 0.02278332561882042,
    "sharpe": -6.325350687285095,
    "cumret": -0.17115652421868233,
    "max_drawdown": -0.18145452122878725,
    "avg_turnover": 0.03866837549482014,
    "avg_gross_exposure": 1.0,
    "cap_hit_rate": 1.0,
    "regime_overlay_used_rate": 1.0,
    "side_budget_overlay_used_rate": 1.0
  },
  "live_active_names": 3,
  "live_gross_exposure_current_day": 1.0,
  "mr_enabled_effective": 0,
  "mr_alpha_effective": null,
  "universe_filter_applied": 1,
  "universe_symbol_col": "ticker",
  "universe_current_date": "2026-04-01",
  "universe_selected_current": 175,
  "universe_present_in_panel_current": 175,
  "universe_missing_in_panel_current": 0,
  "universe_survival_ratio_current": 1.0,
  "panel_rows_before_filter": 31675,
  "panel_rows_after_filter": 31675,
  "panel_symbols_before_filter": 175,
  "panel_symbols_after_filter": 175,
  "live_snapshot_current_date": "2026-04-01",
  "live_snapshot_auto_refreshed": 1
}






{
  "cost_bps": 4.0,
  "turnover_cap": 0.1,
  "enter_pct": 0.1,
  "exit_pct": 0.22,
  "gross_target": 0.85,
  "weight_cap": 0.05,
  "weighting_mode": "ic",
  "component_count": 4,
  "use_regime_overlay": 0,
  "use_dynamic_side_budgets": 0,
  "budget_input_lag_days": 1,
  "min_long_budget": 0.35,
  "max_long_budget": 0.75,
  "replay_current_date": "2026-03-31",
  "live_current_date": "2026-04-01",
  "weights": {
    "alpha_overnight_drift_20d_raw_regime_breadth_rank": 0.2805032448466486,
    "alpha_gap_lag1_regime_breadth_rank_lag1": 0.2467405052388369,
    "alpha_momentum_20d_cube_regime_breadth_rank": 0.2363781249572572,
    "alpha_momentum_20d_raw_rank_mul_breadth_hi": 0.2363781249572572
  },
  "replay_evaluation": {
    "days": 20,
    "mean_daily_net": -0.002875988720240142,
    "std_daily_net": 0.007089708878376801,
    "sharpe": -6.439602293953025,
    "cumret": -0.05645374624717303,
    "max_drawdown": -0.05825789648624191,
    "avg_turnover": 0.03300046658365008,
    "avg_gross_exposure": 0.25877177543740165,
    "cap_hit_rate": 1.0,
    "regime_overlay_used_rate": 0.0,
    "side_budget_overlay_used_rate": 0.0
  },
  "live_active_names": 2,
  "live_gross_exposure_current_day": 0.1,
  "mr_enabled_effective": 0,
  "mr_alpha_effective": null,
  "universe_filter_applied": 1,
  "universe_symbol_col": "ticker",
  "universe_current_date": "2026-04-01",
  "universe_selected_current": 175,
  "universe_present_in_panel_current": 175,
  "universe_missing_in_panel_current": 0,
  "universe_survival_ratio_current": 1.0,
  "panel_rows_before_filter": 31675,
  "panel_rows_after_filter": 31675,
  "panel_symbols_before_filter": 175,
  "panel_symbols_after_filter": 175,
  "live_snapshot_current_date": "2026-04-01",
  "live_snapshot_auto_refreshed": 1
}