PS C:\Users\Dmytro Govor\Documents\Python-Edge> python .\scripts\run_broker_handoff.py
[CFG] execution_root=artifacts\execution_loop
[CFG] configs=['optimal', 'aggressive']
[CFG] ib_host=127.0.0.1 ib_port=4002 ib_client_id=51
[CFG] exchange=SMART primary_exchange= currency=USD sec_type=STK
[CFG] ib_market_data_type=3 ib_mkt_timeout_sec=8.0 max_price_deviation_pct=8.0 allow_last_fallback=1
[CFG] enable_massive_fallback=1 massive_base_url=https://api.massive.com massive_timeout_sec=20.0
[IB] connecting host=127.0.0.1 port=4002 client_id=51
[IB] managedAccounts=DUP561175
[IB] nextValidId=1
[IB] connected next_valid_id=1 managed_accounts=DUP561175
[HANDOFF][optimal] orders_csv=artifacts\execution_loop\optimal\orders.csv
[IB][ERROR] reqId=-1 code=2104 msg=Market data farm connection is OK:usfarm
[IB][ERROR] reqId=-1 code=2106 msg=HMDS data farm connection is OK:ushmds
[IB][ERROR] reqId=-1 code=2158 msg=Sec-def data farm connection is OK:secdefil
[HANDOFF][optimal] total_rows=4 live_rows=4 symbols=4
[IB][ERROR] reqId=900001 code=10167 msg=Requested market data is not subscribed. Displaying delayed market data.
[IB][ERROR] reqId=900004 code=10167 msg=Requested market data is not subscribed. Displaying delayed market data.
[IB][ERROR] reqId=900002 code=10167 msg=Requested market data is not subscribed. Displaying delayed market data.
[IB][ERROR] reqId=900003 code=10167 msg=Requested market data is not subscribed. Displaying delayed market data.
[PRICE_SANITY_WARN] symbol=AAPL side=BUY model_price=219.5000 live_price=246.6300 deviation_pct=12.36 src=ib:close
[PRICE_SANITY_WARN] symbol=MSFT side=BUY model_price=428.1000 live_price=358.9600 deviation_pct=16.15 src=ib:close
[PRICE_SANITY_WARN] symbol=NVDA side=SELL model_price=118.4000 live_price=165.1700 deviation_pct=39.50 src=ib:close
[HANDOFF][optimal][PREVIEW]
symbol order_side  delta_shares  model_price_reference  price quote_provider quote_timeframe price_hint_source  bid_price  ask_price  mid_price  last_price  close_price  spread_bps  price_deviation_pct
  AAPL        BUY             1                  219.5 246.63             ib         DELAYED          ib_close       -1.0       -1.0        0.0         0.0       246.63         0.0            12.359909
  MSFT        BUY             1                  428.1 358.96             ib         DELAYED          ib_close       -1.0       -1.0        0.0         0.0       358.96         0.0            16.150432
  NVDA       SELL            -1                  118.4 165.17             ib         DELAYED          ib_close       -1.0       -1.0        0.0         0.0       165.17         0.0            39.501689
  AMZN       SELL            -1                  201.7 200.95             ib         DELAYED          ib_close       -1.0       -1.0        0.0         0.0       200.95         0.0             0.371839
[HANDOFF][optimal][SUMMARY] updated=4 ib_rows=4 massive_rows=0 price_sanity_fail=3 orders_csv=artifacts\execution_loop\optimal\orders.csv summary_json=artifacts\execution_loop\optimal\broker_handoff_summary.json
[HANDOFF][aggressive] orders_csv=artifacts\execution_loop\aggressive\orders.csv
[HANDOFF][aggressive] total_rows=6 live_rows=6 symbols=6
[IB][ERROR] reqId=900001 code=10167 msg=Requested market data is not subscribed. Displaying delayed market data.
[IB][ERROR] reqId=900002 code=10167 msg=Requested market data is not subscribed. Displaying delayed market data.
[IB][ERROR] reqId=900004 code=10167 msg=Requested market data is not subscribed. Displaying delayed market data.
[IB][ERROR] reqId=900003 code=10167 msg=Requested market data is not subscribed. Displaying delayed market data.
[IB][ERROR] reqId=900005 code=10167 msg=Requested market data is not subscribed. Displaying delayed market data.
[IB][ERROR] reqId=900006 code=10167 msg=Requested market data is not subscribed. Displaying delayed market data.
[PRICE_SANITY_WARN] symbol=HOOD side=SELL model_price=100.0000 live_price=65.1600 deviation_pct=34.84 src=ib:close
[IB][ERROR] reqId=900001 code=300 msg=Can't find EId with tickerId:900001
[PRICE_SANITY_WARN] symbol=CRCL side=SELL model_price=103.8600 live_price=89.9100 deviation_pct=13.43 src=ib:close
[IB][ERROR] reqId=900002 code=300 msg=Can't find EId with tickerId:900002
[PRICE_SANITY_WARN] symbol=INTC side=SELL model_price=47.1800 live_price=41.1900 deviation_pct=12.70 src=ib:close
[PRICE_SANITY_WARN] symbol=RKLB side=SELL model_price=72.8800 live_price=57.3800 deviation_pct=21.27 src=ib:close
[PRICE_SANITY_WARN] symbol=SHOP side=SELL model_price=100.0000 live_price=111.7700 deviation_pct=11.77 src=ib:close
[HANDOFF][aggressive][PREVIEW]
symbol order_side  delta_shares  model_price_reference  price quote_provider quote_timeframe price_hint_source  bid_price  ask_price  mid_price  last_price  close_price  spread_bps  price_deviation_pct
  HOOD       SELL         -37.0                 100.00  65.16             ib         DELAYED          ib_close       -1.0       -1.0        0.0        -1.0        65.16         0.0            34.840000
  CRCL       SELL         -16.0                 103.86  89.91             ib         DELAYED          ib_close       -1.0       -1.0        0.0        -1.0        89.91         0.0            13.431542
   NEM       SELL         -16.0                 101.52 103.12             ib         DELAYED          ib_close       -1.0       -1.0        0.0        -1.0       103.12         0.0             1.576044
  INTC       SELL         -25.0                  47.18  41.19             ib         DELAYED          ib_close       -1.0       -1.0        0.0        -1.0        41.19         0.0            12.696058
  RKLB       SELL          -6.0                  72.88  57.38             ib         DELAYED          ib_close       -1.0       -1.0        0.0        -1.0        57.38         0.0            21.267838
  SHOP       SELL          -3.0                 100.00 111.77             ib         DELAYED          ib_close       -1.0       -1.0        0.0        -1.0       111.77         0.0            11.770000
[HANDOFF][aggressive][SUMMARY] updated=6 ib_rows=6 massive_rows=0 price_sanity_fail=5 orders_csv=artifacts\execution_loop\aggressive\orders.csv summary_json=artifacts\execution_loop\aggressive\broker_handoff_summary.json
[FINAL] broker handoff complete