[CFG] feature_file=data\features\feature_matrix_v1.parquet
[CFG] target_col=target_fwd_ret_1d
[CFG] train_days=252 test_days=63 step_days=63 top_pct=0.1
[LOAD] feature matrix
[WF][intraday_core_only] portfolio_mode=plain features=['intraday_rs', 'volume_shock', 'intraday_pressure', 'intraday_rs_x_volume_shock', 'intraday_pressure_x_volume_shock', 'liq_rank_x_intraday_rs']
[WF] folds=8
[WF][FOLD 1] train=2023-01-03 00:00:00..2024-01-03 00:00:00 test=2024-01-04 00:00:00..2024-04-04 00:00:00
[WF][FOLD 2] train=2023-04-04 00:00:00..2024-04-04 00:00:00 test=2024-04-05 00:00:00..2024-07-05 00:00:00
[WF][FOLD 3] train=2023-07-06 00:00:00..2024-07-05 00:00:00 test=2024-07-08 00:00:00..2024-10-03 00:00:00
[WF][FOLD 4] train=2023-10-04 00:00:00..2024-10-03 00:00:00 test=2024-10-04 00:00:00..2025-01-03 00:00:00
[WF][FOLD 5] train=2024-01-04 00:00:00..2025-01-03 00:00:00 test=2025-01-06 00:00:00..2025-04-07 00:00:00
[WF][FOLD 6] train=2024-04-05 00:00:00..2025-04-07 00:00:00 test=2025-04-08 00:00:00..2025-07-09 00:00:00
[WF][FOLD 7] train=2024-07-08 00:00:00..2025-07-09 00:00:00 test=2025-07-10 00:00:00..2025-10-07 00:00:00
[WF][FOLD 8] train=2024-10-04 00:00:00..2025-10-07 00:00:00 test=2025-10-08 00:00:00..2026-01-07 00:00:00
[WF][intraday_core_only][FOLD 1] start
[WF][intraday_core_only][FOLD 1] train_rows=24444 test_rows=6111
[WF][intraday_core_only][FOLD 1][SUMMARY] days=63 avg_daily_ret=0.000702 std_daily_ret=0.001434 win_rate_days=0.6667 cum_ret=0.045116
[WF][intraday_core_only][FOLD 2] start
[WF][intraday_core_only][FOLD 2] train_rows=24444 test_rows=6111
[WF][intraday_core_only][FOLD 2][SUMMARY] days=63 avg_daily_ret=0.000443 std_daily_ret=0.001575 win_rate_days=0.5397 cum_ret=0.028185
[WF][intraday_core_only][FOLD 3] start
[WF][intraday_core_only][FOLD 3] train_rows=24444 test_rows=6111
[WF][intraday_core_only][FOLD 3][SUMMARY] days=63 avg_daily_ret=0.000409 std_daily_ret=0.003967 win_rate_days=0.6032 cum_ret=0.025587
[WF][intraday_core_only][FOLD 4] start
[WF][intraday_core_only][FOLD 4] train_rows=24444 test_rows=6111
[WF][intraday_core_only][FOLD 4][SUMMARY] days=63 avg_daily_ret=0.000496 std_daily_ret=0.002183 win_rate_days=0.6032 cum_ret=0.031565
[WF][intraday_core_only][FOLD 5] start
[WF][intraday_core_only][FOLD 5] train_rows=24444 test_rows=6111
[WF][intraday_core_only][FOLD 5][SUMMARY] days=63 avg_daily_ret=0.000470 std_daily_ret=0.002849 win_rate_days=0.5714 cum_ret=0.029761
[WF][intraday_core_only][FOLD 6] start
[WF][intraday_core_only][FOLD 6] train_rows=24444 test_rows=6111
[WF][intraday_core_only][FOLD 6][SUMMARY] days=63 avg_daily_ret=0.000115 std_daily_ret=0.003458 win_rate_days=0.6349 cum_ret=0.006889
[WF][intraday_core_only][FOLD 7] start
[WF][intraday_core_only][FOLD 7] train_rows=24444 test_rows=6111
[WF][intraday_core_only][FOLD 7][SUMMARY] days=63 avg_daily_ret=0.000306 std_daily_ret=0.001426 win_rate_days=0.5714 cum_ret=0.019421
[WF][intraday_core_only][FOLD 8] start
[WF][intraday_core_only][FOLD 8] train_rows=24444 test_rows=6111
[WF][intraday_core_only][FOLD 8][SUMMARY] days=63 avg_daily_ret=0.000088 std_daily_ret=0.002090 win_rate_days=0.5714 cum_ret=0.005418
[WF][intraday_core_only][OVERALL] days=504 avg_daily_ret=0.000378 std_daily_ret=0.002527 win_rate_days=0.5952 cum_ret=0.208155
[WF][intraday_core_only][WEIGHTS][STABILITY]
                           feature  folds  mean_weight  std_weight  mean_abs_weight  pos_folds  neg_folds  zero_folds
                     z_intraday_rs      8     0.097811    0.026239         0.097811          8          0           0
          z_liq_rank_x_intraday_rs      8     0.095725    0.017797         0.095725          8          0           0
      z_intraday_rs_x_volume_shock      8     0.094662    0.023884         0.094662          8          0           0
z_intraday_pressure_x_volume_shock      8     0.011015    0.008974         0.011015          8          0           0
                    z_volume_shock      8     0.009466    0.003279         0.009466          8          0           0
               z_intraday_pressure      8     0.008606    0.007474         0.008606          8          0           0
[WF][intraday_core_only][TAIL]
      date  portfolio_ret  positions  fold_id              model
2025-12-23       0.000293         19        8 intraday_core_only
2025-12-24       0.001356         19        8 intraday_core_only
2025-12-26      -0.000878         19        8 intraday_core_only
2025-12-29       0.000616         19        8 intraday_core_only
2025-12-30      -0.000283         19        8 intraday_core_only
2025-12-31      -0.004063         19        8 intraday_core_only
2026-01-02      -0.000019         19        8 intraday_core_only
2026-01-05       0.001062         19        8 intraday_core_only
2026-01-06      -0.000133         19        8 intraday_core_only
2026-01-07      -0.003056         19        8 intraday_core_only
[WF][intraday_plus_risk] portfolio_mode=plain features=['intraday_rs', 'volume_shock', 'intraday_pressure', 'intraday_rs_x_volume_shock', 'intraday_pressure_x_volume_shock', 'liq_rank_x_intraday_rs', 'cond_ivol_lowliq_penalty']
[WF] folds=8
[WF][FOLD 1] train=2023-01-03 00:00:00..2024-01-03 00:00:00 test=2024-01-04 00:00:00..2024-04-04 00:00:00
[WF][FOLD 2] train=2023-04-04 00:00:00..2024-04-04 00:00:00 test=2024-04-05 00:00:00..2024-07-05 00:00:00
[WF][FOLD 3] train=2023-07-06 00:00:00..2024-07-05 00:00:00 test=2024-07-08 00:00:00..2024-10-03 00:00:00
[WF][FOLD 4] train=2023-10-04 00:00:00..2024-10-03 00:00:00 test=2024-10-04 00:00:00..2025-01-03 00:00:00
[WF][FOLD 5] train=2024-01-04 00:00:00..2025-01-03 00:00:00 test=2025-01-06 00:00:00..2025-04-07 00:00:00
[WF][FOLD 6] train=2024-04-05 00:00:00..2025-04-07 00:00:00 test=2025-04-08 00:00:00..2025-07-09 00:00:00
[WF][FOLD 7] train=2024-07-08 00:00:00..2025-07-09 00:00:00 test=2025-07-10 00:00:00..2025-10-07 00:00:00
[WF][FOLD 8] train=2024-10-04 00:00:00..2025-10-07 00:00:00 test=2025-10-08 00:00:00..2026-01-07 00:00:00
[WF][intraday_plus_risk][FOLD 1] start
[WF][intraday_plus_risk][FOLD 1] train_rows=24444 test_rows=6111
[WF][intraday_plus_risk][FOLD 1][SUMMARY] days=63 avg_daily_ret=0.000761 std_daily_ret=0.001484 win_rate_days=0.7143 cum_ret=0.049025
[WF][intraday_plus_risk][FOLD 2] start
[WF][intraday_plus_risk][FOLD 2] train_rows=24444 test_rows=6111
[WF][intraday_plus_risk][FOLD 2][SUMMARY] days=63 avg_daily_ret=0.000505 std_daily_ret=0.001625 win_rate_days=0.5556 cum_ret=0.032248
[WF][intraday_plus_risk][FOLD 3] start
[WF][intraday_plus_risk][FOLD 3] train_rows=24444 test_rows=6111
[WF][intraday_plus_risk][FOLD 3][SUMMARY] days=63 avg_daily_ret=0.000401 std_daily_ret=0.004026 win_rate_days=0.5873 cum_ret=0.025090
[WF][intraday_plus_risk][FOLD 4] start
[WF][intraday_plus_risk][FOLD 4] train_rows=24444 test_rows=6111
[WF][intraday_plus_risk][FOLD 4][SUMMARY] days=63 avg_daily_ret=0.000466 std_daily_ret=0.002227 win_rate_days=0.5238 cum_ret=0.029656
[WF][intraday_plus_risk][FOLD 5] start
[WF][intraday_plus_risk][FOLD 5] train_rows=24444 test_rows=6111
[WF][intraday_plus_risk][FOLD 5][SUMMARY] days=63 avg_daily_ret=0.000536 std_daily_ret=0.002868 win_rate_days=0.5714 cum_ret=0.034074
[WF][intraday_plus_risk][FOLD 6] start
[WF][intraday_plus_risk][FOLD 6] train_rows=24444 test_rows=6111
[WF][intraday_plus_risk][FOLD 6][SUMMARY] days=63 avg_daily_ret=0.000126 std_daily_ret=0.003380 win_rate_days=0.6349 cum_ret=0.007580
[WF][intraday_plus_risk][FOLD 7] start
[WF][intraday_plus_risk][FOLD 7] train_rows=24444 test_rows=6111
[WF][intraday_plus_risk][FOLD 7][SUMMARY] days=63 avg_daily_ret=0.000227 std_daily_ret=0.001497 win_rate_days=0.5556 cum_ret=0.014352
[WF][intraday_plus_risk][FOLD 8] start
[WF][intraday_plus_risk][FOLD 8] train_rows=24444 test_rows=6111
[WF][intraday_plus_risk][FOLD 8][SUMMARY] days=63 avg_daily_ret=0.000077 std_daily_ret=0.002131 win_rate_days=0.5714 cum_ret=0.004716
[WF][intraday_plus_risk][OVERALL] days=504 avg_daily_ret=0.000387 std_daily_ret=0.002552 win_rate_days=0.5893 cum_ret=0.213632
[WF][intraday_plus_risk][WEIGHTS][STABILITY]
                           feature  folds  mean_weight  std_weight  mean_abs_weight  pos_folds  neg_folds  zero_folds
                     z_intraday_rs      8     0.097811    0.026239         0.097811          8          0           0
          z_liq_rank_x_intraday_rs      8     0.095725    0.017797         0.095725          8          0           0
      z_intraday_rs_x_volume_shock      8     0.094662    0.023884         0.094662          8          0           0
        z_cond_ivol_lowliq_penalty      8     0.017335    0.022091         0.022883          6          2           0
z_intraday_pressure_x_volume_shock      8     0.011015    0.008974         0.011015          8          0           0
                    z_volume_shock      8     0.009466    0.003279         0.009466          8          0           0
               z_intraday_pressure      8     0.008606    0.007474         0.008606          8          0           0
[WF][intraday_plus_risk][TAIL]
      date  portfolio_ret  positions  fold_id              model
2025-12-23       0.000293         19        8 intraday_plus_risk
2025-12-24       0.001356         19        8 intraday_plus_risk
2025-12-26      -0.000809         19        8 intraday_plus_risk
2025-12-29       0.000616         19        8 intraday_plus_risk
2025-12-30      -0.000283         19        8 intraday_plus_risk
2025-12-31      -0.004063         19        8 intraday_plus_risk
2026-01-02      -0.000019         19        8 intraday_plus_risk
2026-01-05       0.001062         19        8 intraday_plus_risk
2026-01-06      -0.000133         19        8 intraday_plus_risk
2026-01-07      -0.003018         19        8 intraday_plus_risk
[WF][intraday_plus_breadth_regime] portfolio_mode=regime features=['intraday_rs', 'volume_shock', 'intraday_pressure', 'intraday_rs_x_volume_shock', 'intraday_pressure_x_volume_shock', 'liq_rank_x_intraday_rs', 'cond_breadth_trend_intraday_rs', 'cond_breadth_trend_mom_compression', 'cond_breadth_range_str', 'cond_breadth_weak_overnight']
[WF] folds=8
[WF][FOLD 1] train=2023-01-03 00:00:00..2024-01-03 00:00:00 test=2024-01-04 00:00:00..2024-04-04 00:00:00
[WF][FOLD 2] train=2023-04-04 00:00:00..2024-04-04 00:00:00 test=2024-04-05 00:00:00..2024-07-05 00:00:00
[WF][FOLD 3] train=2023-07-06 00:00:00..2024-07-05 00:00:00 test=2024-07-08 00:00:00..2024-10-03 00:00:00
[WF][FOLD 4] train=2023-10-04 00:00:00..2024-10-03 00:00:00 test=2024-10-04 00:00:00..2025-01-03 00:00:00
[WF][FOLD 5] train=2024-01-04 00:00:00..2025-01-03 00:00:00 test=2025-01-06 00:00:00..2025-04-07 00:00:00
[WF][FOLD 6] train=2024-04-05 00:00:00..2025-04-07 00:00:00 test=2025-04-08 00:00:00..2025-07-09 00:00:00
[WF][FOLD 7] train=2024-07-08 00:00:00..2025-07-09 00:00:00 test=2025-07-10 00:00:00..2025-10-07 00:00:00
[WF][FOLD 8] train=2024-10-04 00:00:00..2025-10-07 00:00:00 test=2025-10-08 00:00:00..2026-01-07 00:00:00
[WF][intraday_plus_breadth_regime][FOLD 1] start
[WF][intraday_plus_breadth_regime][FOLD 1] train_rows=24444 test_rows=6111
[WF][intraday_plus_breadth_regime][FOLD 1][SUMMARY] days=63 avg_daily_ret=0.000794 std_daily_ret=0.001688 win_rate_days=0.6667 cum_ret=0.051168
[WF][intraday_plus_breadth_regime][FOLD 2] start
[WF][intraday_plus_breadth_regime][FOLD 2] train_rows=24444 test_rows=6111
[WF][intraday_plus_breadth_regime][FOLD 2][SUMMARY] days=63 avg_daily_ret=0.000452 std_daily_ret=0.001589 win_rate_days=0.6190 cum_ret=0.028822
[WF][intraday_plus_breadth_regime][FOLD 3] start
[WF][intraday_plus_breadth_regime][FOLD 3] train_rows=24444 test_rows=6111
[WF][intraday_plus_breadth_regime][FOLD 3][SUMMARY] days=63 avg_daily_ret=0.000311 std_daily_ret=0.003817 win_rate_days=0.6032 cum_ret=0.019318
[WF][intraday_plus_breadth_regime][FOLD 4] start
[WF][intraday_plus_breadth_regime][FOLD 4] train_rows=24444 test_rows=6111
[WF][intraday_plus_breadth_regime][FOLD 4][SUMMARY] days=63 avg_daily_ret=0.000655 std_daily_ret=0.002213 win_rate_days=0.6190 cum_ret=0.041945
[WF][intraday_plus_breadth_regime][FOLD 5] start
[WF][intraday_plus_breadth_regime][FOLD 5] train_rows=24444 test_rows=6111
[WF][intraday_plus_breadth_regime][FOLD 5][SUMMARY] days=63 avg_daily_ret=0.000493 std_daily_ret=0.002718 win_rate_days=0.5714 cum_ret=0.031273
[WF][intraday_plus_breadth_regime][FOLD 6] start
[WF][intraday_plus_breadth_regime][FOLD 6] train_rows=24444 test_rows=6111
[WF][intraday_plus_breadth_regime][FOLD 6][SUMMARY] days=63 avg_daily_ret=0.000193 std_daily_ret=0.003572 win_rate_days=0.6349 cum_ret=0.011826
[WF][intraday_plus_breadth_regime][FOLD 7] start
[WF][intraday_plus_breadth_regime][FOLD 7] train_rows=24444 test_rows=6111
[WF][intraday_plus_breadth_regime][FOLD 7][SUMMARY] days=63 avg_daily_ret=0.000281 std_daily_ret=0.001677 win_rate_days=0.5238 cum_ret=0.017789
[WF][intraday_plus_breadth_regime][FOLD 8] start
[WF][intraday_plus_breadth_regime][FOLD 8] train_rows=24444 test_rows=6111
[WF][intraday_plus_breadth_regime][FOLD 8][SUMMARY] days=63 avg_daily_ret=0.000226 std_daily_ret=0.002222 win_rate_days=0.5714 cum_ret=0.014158
[WF][intraday_plus_breadth_regime][OVERALL] days=504 avg_daily_ret=0.000426 std_daily_ret=0.002557 win_rate_days=0.6012 cum_ret=0.237112
[WF][intraday_plus_breadth_regime][WEIGHTS][STABILITY]
                             feature  folds  mean_weight  std_weight  mean_abs_weight  pos_folds  neg_folds  zero_folds
    z_cond_breadth_trend_intraday_rs      8     0.118859    0.032822         0.118859          8          0           0
                       z_intraday_rs      8     0.097811    0.026239         0.097811          8          0           0
            z_liq_rank_x_intraday_rs      8     0.095725    0.017797         0.095725          8          0           0
        z_intraday_rs_x_volume_shock      8     0.094662    0.023884         0.094662          8          0           0
            z_cond_breadth_range_str      8     0.016087    0.040670         0.036774          5          3           0
       z_cond_breadth_weak_overnight      8    -0.023181    0.033684         0.030687          3          5           0
z_cond_breadth_trend_mom_compression      8     0.015565    0.031669         0.028087          4          4           0
  z_intraday_pressure_x_volume_shock      8     0.011015    0.008974         0.011015          8          0           0
                      z_volume_shock      8     0.009466    0.003279         0.009466          8          0           0
                 z_intraday_pressure      8     0.008606    0.007474         0.008606          8          0           0
[WF][intraday_plus_breadth_regime][TAIL]
      date  portfolio_ret  positions  fold_id                        model
2025-12-23       0.000936         23        8 intraday_plus_breadth_regime
2025-12-24       0.001357         23        8 intraday_plus_breadth_regime
2025-12-26      -0.001135         19        8 intraday_plus_breadth_regime
2025-12-29       0.000414         15        8 intraday_plus_breadth_regime
2025-12-30      -0.000227         15        8 intraday_plus_breadth_regime
2025-12-31      -0.004325         15        8 intraday_plus_breadth_regime
2026-01-02       0.001430         23        8 intraday_plus_breadth_regime
2026-01-05       0.001524         23        8 intraday_plus_breadth_regime
2026-01-06      -0.000731         23        8 intraday_plus_breadth_regime
2026-01-07      -0.002134         15        8 intraday_plus_breadth_regime
[WF][full_regime_stack] portfolio_mode=regime features=['intraday_rs', 'volume_shock', 'intraday_pressure', 'intraday_rs_x_volume_shock', 'intraday_pressure_x_volume_shock', 'liq_rank_x_intraday_rs', 'cond_breadth_trend_intraday_rs', 'cond_breadth_trend_mom_compression', 'cond_breadth_range_str', 'cond_breadth_weak_overnight', 'cond_momentum_liq_trend', 'cond_str_weak_breadth', 'cond_overnight_trend_follow', 'cond_vol_compression_liq_breakout', 'cond_ivol_lowliq_penalty']
[WF] folds=8
[WF][FOLD 1] train=2023-01-03 00:00:00..2024-01-03 00:00:00 test=2024-01-04 00:00:00..2024-04-04 00:00:00
[WF][FOLD 2] train=2023-04-04 00:00:00..2024-04-04 00:00:00 test=2024-04-05 00:00:00..2024-07-05 00:00:00
[WF][FOLD 3] train=2023-07-06 00:00:00..2024-07-05 00:00:00 test=2024-07-08 00:00:00..2024-10-03 00:00:00
[WF][FOLD 4] train=2023-10-04 00:00:00..2024-10-03 00:00:00 test=2024-10-04 00:00:00..2025-01-03 00:00:00
[WF][FOLD 5] train=2024-01-04 00:00:00..2025-01-03 00:00:00 test=2025-01-06 00:00:00..2025-04-07 00:00:00
[WF][FOLD 6] train=2024-04-05 00:00:00..2025-04-07 00:00:00 test=2025-04-08 00:00:00..2025-07-09 00:00:00
[WF][FOLD 7] train=2024-07-08 00:00:00..2025-07-09 00:00:00 test=2025-07-10 00:00:00..2025-10-07 00:00:00
[WF][FOLD 8] train=2024-10-04 00:00:00..2025-10-07 00:00:00 test=2025-10-08 00:00:00..2026-01-07 00:00:00
[WF][full_regime_stack][FOLD 1] start
[WF][full_regime_stack][FOLD 1] train_rows=24444 test_rows=6111
[WF][full_regime_stack][FOLD 1][SUMMARY] days=63 avg_daily_ret=0.000806 std_daily_ret=0.001751 win_rate_days=0.7143 cum_ret=0.051994
[WF][full_regime_stack][FOLD 2] start
[WF][full_regime_stack][FOLD 2] train_rows=24444 test_rows=6111
[WF][full_regime_stack][FOLD 2][SUMMARY] days=63 avg_daily_ret=0.000577 std_daily_ret=0.001631 win_rate_days=0.5714 cum_ret=0.036948
[WF][full_regime_stack][FOLD 3] start
[WF][full_regime_stack][FOLD 3] train_rows=24444 test_rows=6111
[WF][full_regime_stack][FOLD 3][SUMMARY] days=63 avg_daily_ret=0.000251 std_daily_ret=0.003804 win_rate_days=0.5873 cum_ret=0.015459
[WF][full_regime_stack][FOLD 4] start
[WF][full_regime_stack][FOLD 4] train_rows=24444 test_rows=6111
[WF][full_regime_stack][FOLD 4][SUMMARY] days=63 avg_daily_ret=0.000526 std_daily_ret=0.002313 win_rate_days=0.6032 cum_ret=0.033532
[WF][full_regime_stack][FOLD 5] start
[WF][full_regime_stack][FOLD 5] train_rows=24444 test_rows=6111
[WF][full_regime_stack][FOLD 5][SUMMARY] days=63 avg_daily_ret=0.000556 std_daily_ret=0.002735 win_rate_days=0.5714 cum_ret=0.035393
[WF][full_regime_stack][FOLD 6] start
[WF][full_regime_stack][FOLD 6] train_rows=24444 test_rows=6111
[WF][full_regime_stack][FOLD 6][SUMMARY] days=63 avg_daily_ret=0.000185 std_daily_ret=0.003646 win_rate_days=0.6349 cum_ret=0.011311
[WF][full_regime_stack][FOLD 7] start
[WF][full_regime_stack][FOLD 7] train_rows=24444 test_rows=6111
[WF][full_regime_stack][FOLD 7][SUMMARY] days=63 avg_daily_ret=0.000220 std_daily_ret=0.001607 win_rate_days=0.5079 cum_ret=0.013875
[WF][full_regime_stack][FOLD 8] start
[WF][full_regime_stack][FOLD 8] train_rows=24444 test_rows=6111
[WF][full_regime_stack][FOLD 8][SUMMARY] days=63 avg_daily_ret=0.000194 std_daily_ret=0.002158 win_rate_days=0.5714 cum_ret=0.012153
[WF][full_regime_stack][OVERALL] days=504 avg_daily_ret=0.000414 std_daily_ret=0.002579 win_rate_days=0.5952 cum_ret=0.230204
[WF][full_regime_stack][WEIGHTS][STABILITY]
                             feature  folds  mean_weight  std_weight  mean_abs_weight  pos_folds  neg_folds  zero_folds
    z_cond_breadth_trend_intraday_rs      8     0.118859    0.032822         0.118859          8          0           0
                       z_intraday_rs      8     0.097811    0.026239         0.097811          8          0           0
            z_liq_rank_x_intraday_rs      8     0.095725    0.017797         0.095725          8          0           0
        z_intraday_rs_x_volume_shock      8     0.094662    0.023884         0.094662          8          0           0
            z_cond_breadth_range_str      8     0.016087    0.040670         0.036774          5          3           0
       z_cond_breadth_weak_overnight      8    -0.023181    0.033684         0.030687          3          5           0
 z_cond_vol_compression_liq_breakout      8     0.030606    0.005259         0.030606          8          0           0
z_cond_breadth_trend_mom_compression      8     0.015565    0.031669         0.028087          4          4           0
          z_cond_ivol_lowliq_penalty      8     0.017335    0.022091         0.022883          6          2           0
       z_cond_overnight_trend_follow      8     0.013414    0.015249         0.015604          6          2           0
             z_cond_str_weak_breadth      8    -0.006764    0.014970         0.012658          4          4           0
           z_cond_momentum_liq_trend      8     0.009714    0.010275         0.012023          7          1           0
  z_intraday_pressure_x_volume_shock      8     0.011015    0.008974         0.011015          8          0           0
                      z_volume_shock      8     0.009466    0.003279         0.009466          8          0           0
                 z_intraday_pressure      8     0.008606    0.007474         0.008606          8          0           0
[WF][full_regime_stack][TAIL]
      date  portfolio_ret  positions  fold_id             model
2025-12-23       0.000506         23        8 full_regime_stack
2025-12-24       0.001537         23        8 full_regime_stack
2025-12-26      -0.001488         19        8 full_regime_stack
2025-12-29       0.000414         15        8 full_regime_stack
2025-12-30      -0.000227         15        8 full_regime_stack
2025-12-31      -0.004188         15        8 full_regime_stack
2026-01-02       0.001012         23        8 full_regime_stack
2026-01-05       0.001442         23        8 full_regime_stack
2026-01-06      -0.000891         23        8 full_regime_stack
2026-01-07      -0.001979         15        8 full_regime_stack
[WF][ABLATION][SUMMARY]
                       model portfolio_mode  days  avg_daily_ret  std_daily_ret  win_rate_days  cum_ret
intraday_plus_breadth_regime         regime   504       0.000426       0.002557       0.601190 0.237112
           full_regime_stack         regime   504       0.000414       0.002579       0.595238 0.230204
          intraday_plus_risk          plain   504       0.000387       0.002552       0.589286 0.213632
          intraday_core_only          plain   504       0.000378       0.002527       0.595238 0.208155