[CFG] alpha_lib_file=data\alpha_library_v2\alpha_library_v2.parquet
[CFG] alpha_shortlist_csv=data\alpha_library_v2\diagnostics\alpha_candidate_shortlist__clean.csv
[CFG] alpha_shortlist_required=1
[CFG] recent_folds=3 recent_min_folds=2 require_last_fold_positive=1 require_last2_mean_positive=1
[CFG] recent_min_mean_abs_ic=0.005 recent_max_sign_flip=0.5 recent_history_blend=0.65 recent_family_cap=1 current_family_cap=2
[CFG] hardening max_alphas=6 min_selected_alphas=3 min_final_select_score=0.16 corr_prune=0.8
[CFG] base_shell gross_target=0.85 weight_cap=0.05 max_daily_turnover=0.2 enter_pct=0.1 exit_pct=0.22
[DATA] rows=76727 dates=791 symbols=97 alpha_cols=54
[ALPHA_SHORTLIST]
{
  "shortlist_required": 1,
  "shortlist_path": "data\\alpha_library_v2\\diagnostics\\alpha_candidate_shortlist__clean.csv",
  "shortlist_csv_exists": 1,
  "shortlist_rows_raw": 54,
  "shortlist_rows_unique": 54,
  "shortlist_duplicates_removed": 0,
  "shortlist_alpha_missing_name": 0,
  "alpha_cols_before_shortlist": 1163,
  "shortlist_found_in_parquet": 54,
  "shortlist_missing_in_parquet": 0,
  "shortlist_missing_in_parquet_list": [],
  "alpha_cols_after_shortlist": 54,
  "shortlist_filter_applied": 1
}
[ALPHA_SHORTLIST][HEAD]
 shortlist_rank                                            alpha              family  wave transform interaction regime  selector_score
              1        alpha_intraday_pressure_ema3_regime_liq_z   intraday_pressure wave3      ema3      regime      z       12.848269
              2                     alpha_pressure_z_z_mul_liq_z            pressure wave5         z       z_mul      z       12.834244
              3                  alpha_mom3_z_rank_mul_breadth_z                mom3 wave5         z    rank_mul      z       12.831842
              4                        alpha_mom3_z_z_mul_rvol_z                mom3 wave5         z       z_mul      z       12.828941
              5                          alpha_gap_z_z_mul_liq_z                 gap wave5         z       z_mul      z       12.827754
              6                         alpha_rev1_z_z_mul_liq_z                rev1 wave5         z       z_mul      z       12.827754
              7                   alpha_mom3_z_raw_mul_breadth_z                mom3 wave5         z     raw_mul      z       12.813842
              9              alpha_pressure_z_rank_mul_breadth_z            pressure wave5         z    rank_mul      z       12.798052
             10                     alpha_mom3_z_rank_mul_rvol_z                mom3 wave5         z    rank_mul      z       12.792941
             11                   alpha_gap_z_rank_mul_breadth_z                 gap wave5         z    rank_mul      z       12.791742
             12                  alpha_rev1_z_rank_mul_breadth_z                rev1 wave5         z    rank_mul      z       12.791625
             13             alpha_intraday_rs_ema3_regime_rvol_z         intraday_rs wave3      ema3      regime      z       12.789853
             14                  alpha_str_3d_ema3_regime_rvol_z              str_3d wave3      ema3      regime      z       12.789853
             17 alpha_overnight_drift_20d_ema3_regime_volshock_z overnight_drift_20d wave3      ema3      regime      z       12.783361
             18                     alpha_ivol_20d_z_z_mul_liq_z            ivol_20d wave5         z       z_mul      z       12.782079
             19                alpha_ivol_20d_z_z_mul_volshock_z            ivol_20d wave5         z       z_mul      z       12.782079
             20               alpha_pressure_z_raw_mul_breadth_z            pressure wave5         z     raw_mul      z       12.779885
             22                         alpha_gap_z_z_mul_rvol_z                 gap wave5         z       z_mul      z       12.775828
             23                    alpha_pressure_z_z_mul_rvol_z            pressure wave5         z       z_mul      z       12.775828
             24                        alpha_rev1_z_z_mul_rvol_z                rev1 wave5         z       z_mul      z       12.775828
[WF] folds=8
[WF][FOLD 1] train=2023-01-03..2024-01-03 test=2024-01-19..2024-04-18
[WF][FOLD 2] train=2023-04-04..2024-04-04 test=2024-04-19..2024-07-19
[WF][FOLD 3] train=2023-07-06..2024-07-05 test=2024-07-22..2024-10-17
[WF][FOLD 4] train=2023-10-04..2024-10-03 test=2024-10-18..2025-01-21
[WF][FOLD 5] train=2024-01-04..2025-01-03 test=2025-01-22..2025-04-22
[WF][FOLD 6] train=2024-04-05..2025-04-07 test=2025-04-23..2025-07-23
[WF][FOLD 7] train=2024-07-08..2025-07-09 test=2025-07-24..2025-10-21
[WF][FOLD 8] train=2024-10-04..2025-10-07 test=2025-10-22..2026-01-22
[WF][FOLD 1] start history_rows=0 is_last_fold=0
[WF][FOLD 1][base_hardened] sharpe=-2.5087 mean_daily=-0.001039 cum_ret=-0.0647 maxdd=-0.0736 avg_turn=0.2000
[WF][FOLD 1][looser_turnover] sharpe=-2.9402 mean_daily=-0.001271 cum_ret=-0.0784 maxdd=-0.0839 avg_turn=0.3324
[WF][FOLD 1][looser_inertia] sharpe=-2.5087 mean_daily=-0.001039 cum_ret=-0.0647 maxdd=-0.0736 avg_turn=0.2000
[WF][FOLD 1][RECENT] selected=3 dropped_by_recent_admission=0 dropped_by_recent_sign_flip=0 dropped_by_family_dominance=0 dropped_by_low_final_score=14 corr_pruned=0
[WF][FOLD 1][TOP_WEIGHTS]
                                alpha  coef_std    x_mean     x_std  abs_coef_std  blend_weight
alpha_ivol_20d_signed_log_z_mul_liq_z  0.025460  0.106944  2.730326      0.025460      0.455435
         alpha_ivol_20d_z_z_mul_liq_z  0.018906  0.200636  5.045715      0.018906      0.338207
            alpha_rev1_z_z_mul_rvol_z  0.011536 -0.135295 11.592033      0.011536      0.206358
[WF][FOLD 2] start history_rows=54 is_last_fold=0
[WF][FOLD 2][base_hardened] sharpe=-0.7459 mean_daily=-0.000132 cum_ret=-0.0085 maxdd=-0.0298 avg_turn=0.2000
[WF][FOLD 2][looser_turnover] sharpe=-0.2288 mean_daily=-0.000044 cum_ret=-0.0030 maxdd=-0.0279 avg_turn=0.3500
[WF][FOLD 2][looser_inertia] sharpe=-0.7459 mean_daily=-0.000132 cum_ret=-0.0085 maxdd=-0.0298 avg_turn=0.2000
[WF][FOLD 2][RECENT] selected=3 dropped_by_recent_admission=30 dropped_by_recent_sign_flip=0 dropped_by_family_dominance=0 dropped_by_low_final_score=51 corr_pruned=0
[WF][FOLD 2][TOP_WEIGHTS]
                                alpha  coef_std    x_mean    x_std  abs_coef_std  blend_weight
             alpha_rev1_z_z_mul_liq_z  0.032503 -0.246776 6.099110      0.032503      0.577407
alpha_ivol_20d_signed_log_z_mul_liq_z  0.012558  0.108614 2.824254      0.012558      0.223093
         alpha_ivol_20d_z_z_mul_liq_z  0.011230  0.164042 5.173883      0.011230      0.199501
[WF][FOLD 3] start history_rows=108 is_last_fold=0
[WF][FOLD 3][base_hardened] sharpe=-1.4742 mean_daily=-0.000531 cum_ret=-0.0339 maxdd=-0.0524 avg_turn=0.2000
[WF][FOLD 3][looser_turnover] sharpe=-1.3902 mean_daily=-0.000708 cum_ret=-0.0456 maxdd=-0.0627 avg_turn=0.3500
[WF][FOLD 3][looser_inertia] sharpe=-1.4742 mean_daily=-0.000531 cum_ret=-0.0339 maxdd=-0.0524 avg_turn=0.2000
[WF][FOLD 3][RECENT] selected=3 dropped_by_recent_admission=21 dropped_by_recent_sign_flip=0 dropped_by_family_dominance=0 dropped_by_low_final_score=1 corr_pruned=0
[WF][FOLD 3][TOP_WEIGHTS]
                                alpha  coef_std        x_mean    x_std  abs_coef_std  blend_weight
      alpha_str_3d_ema3_regime_rvol_z  0.031645 -1.453391e-01 6.897485      0.031645      0.671278
alpha_ivol_20d_signed_log_z_mul_liq_z  0.011770  1.281648e-01 2.830060      0.011770      0.249676
alpha_intraday_rs_ema3_regime_rvol_hi -0.003726 -2.359519e-18 1.000000      0.003726     -0.079046
[WF][FOLD 4] start history_rows=162 is_last_fold=0
[WF][FOLD 4][base_hardened] sharpe=-3.1992 mean_daily=-0.000541 cum_ret=-0.0337 maxdd=-0.0474 avg_turn=0.2000
[WF][FOLD 4][looser_turnover] sharpe=-1.8529 mean_daily=-0.000675 cum_ret=-0.0426 maxdd=-0.0808 avg_turn=0.3500
[WF][FOLD 4][looser_inertia] sharpe=-3.1992 mean_daily=-0.000541 cum_ret=-0.0337 maxdd=-0.0474 avg_turn=0.2000
[WF][FOLD 4][RECENT] selected=3 dropped_by_recent_admission=26 dropped_by_recent_sign_flip=0 dropped_by_family_dominance=0 dropped_by_low_final_score=2 corr_pruned=0
[WF][FOLD 4][TOP_WEIGHTS]
                                alpha  coef_std    x_mean     x_std  abs_coef_std  blend_weight
 alpha_intraday_rs_ema3_regime_rvol_z  0.027146 -0.229135 12.923652      0.027146      0.580903
alpha_ivol_20d_signed_log_z_mul_liq_z -0.010544  0.089558  3.000589      0.010544     -0.225638
            alpha_rev1_z_z_mul_rvol_z  0.009040 -0.207036 15.181793      0.009040      0.193459
[WF][FOLD 5] start history_rows=216 is_last_fold=0
[WF][FOLD 5][base_hardened] sharpe=2.7357 mean_daily=0.000607 cum_ret=0.0386 maxdd=-0.0132 avg_turn=0.2000
[WF][FOLD 5][looser_turnover] sharpe=2.3919 mean_daily=0.000612 cum_ret=0.0388 maxdd=-0.0180 avg_turn=0.3500
[WF][FOLD 5][looser_inertia] sharpe=2.7357 mean_daily=0.000607 cum_ret=0.0386 maxdd=-0.0132 avg_turn=0.2000
[WF][FOLD 5][RECENT] selected=3 dropped_by_recent_admission=24 dropped_by_recent_sign_flip=0 dropped_by_family_dominance=0 dropped_by_low_final_score=3 corr_pruned=0
[WF][FOLD 5][TOP_WEIGHTS]
                                   alpha  coef_std    x_mean      x_std  abs_coef_std  blend_weight
    alpha_intraday_rs_ema3_regime_rvol_z  0.058264 -0.293698  13.351397      0.058264      0.555980
               alpha_rev1_z_z_mul_rvol_z -0.043031 -0.283393  15.780617      0.043031     -0.410618
alpha_str_3d_signed_square_regime_rvol_z  0.003500 -3.779420 167.867019      0.003500      0.033402
[WF][FOLD 6] start history_rows=270 is_last_fold=0
[WF][FOLD 6][base_hardened] sharpe=0.8579 mean_daily=0.000096 cum_ret=0.0060 maxdd=-0.0158 avg_turn=0.2000
[WF][FOLD 6][looser_turnover] sharpe=-0.0693 mean_daily=-0.000011 cum_ret=-0.0009 maxdd=-0.0222 avg_turn=0.3500
[WF][FOLD 6][looser_inertia] sharpe=0.8579 mean_daily=0.000096 cum_ret=0.0060 maxdd=-0.0158 avg_turn=0.2000
[WF][FOLD 6][RECENT] selected=3 dropped_by_recent_admission=21 dropped_by_recent_sign_flip=1 dropped_by_family_dominance=0 dropped_by_low_final_score=3 corr_pruned=0
[WF][FOLD 6][TOP_WEIGHTS]
                                   alpha  coef_std    x_mean      x_std  abs_coef_std  blend_weight
    alpha_intraday_rs_ema3_regime_rvol_z  0.042251 -0.223499  12.949971      0.042251      0.476115
               alpha_rev1_z_z_mul_rvol_z -0.036797 -0.220629  15.322929      0.036797     -0.414658
alpha_str_3d_signed_square_regime_rvol_z  0.009693 -2.889946 160.087121      0.009693      0.109227
[WF][FOLD 7] start history_rows=324 is_last_fold=0
[WF][FOLD 7][base_hardened] sharpe=-3.9958 mean_daily=-0.000504 cum_ret=-0.0314 maxdd=-0.0340 avg_turn=0.2000
[WF][FOLD 7][looser_turnover] sharpe=-1.9168 mean_daily=-0.000341 cum_ret=-0.0215 maxdd=-0.0365 avg_turn=0.3500
[WF][FOLD 7][looser_inertia] sharpe=-3.9958 mean_daily=-0.000504 cum_ret=-0.0314 maxdd=-0.0340 avg_turn=0.2000
[WF][FOLD 7][RECENT] selected=3 dropped_by_recent_admission=17 dropped_by_recent_sign_flip=4 dropped_by_family_dominance=0 dropped_by_low_final_score=0 corr_pruned=0
[WF][FOLD 7][TOP_WEIGHTS]
                                          alpha  coef_std        x_mean     x_std  abs_coef_std  blend_weight
           alpha_intraday_rs_ema3_regime_rvol_z  0.077108 -2.247294e-01 12.109288      0.077108      0.422718
                      alpha_rev1_z_z_mul_rvol_z -0.075700 -2.334391e-01 14.308966      0.075700     -0.415001
alpha_intraday_pressure_lag1_regime_liq_lo_lag1  0.029601 -7.095590e-18  1.000000      0.029601      0.162281
[WF][FOLD 8] start history_rows=378 is_last_fold=1
[WF][FOLD 8][base_hardened] sharpe=0.8421 mean_daily=0.000255 cum_ret=0.0155 maxdd=-0.0159 avg_turn=0.2000
[WF][FOLD 8][looser_turnover] sharpe=0.2894 mean_daily=0.000105 cum_ret=0.0056 maxdd=-0.0295 avg_turn=0.3500
[WF][FOLD 8][looser_inertia] sharpe=0.8421 mean_daily=0.000255 cum_ret=0.0155 maxdd=-0.0159 avg_turn=0.2000
[WF][FOLD 8][RECENT] selected=3 dropped_by_recent_admission=19 dropped_by_recent_sign_flip=0 dropped_by_family_dominance=0 dropped_by_low_final_score=2 corr_pruned=0
[WF][FOLD 8][TOP_WEIGHTS]
                                          alpha  coef_std        x_mean     x_std  abs_coef_std  blend_weight
alpha_intraday_pressure_lag1_regime_liq_lo_lag1  0.035679 -6.615283e-18  1.000000      0.035679      0.756788
          alpha_ivol_20d_signed_log_z_mul_liq_z -0.009358  7.301925e-02  2.911873      0.009358     -0.198493
           alpha_intraday_rs_ema3_regime_rvol_z  0.002108 -1.913192e-01 13.076999      0.002108      0.044719
[SHELL_COMPARISON]
     shell_name  days  mean_daily  std_daily    sharpe   cum_ret  max_drawdown  avg_turnover  folds  enter_pct  exit_pct  weight_cap  gross_target  max_daily_turnover
  base_hardened 504.0   -0.000224   0.004118 -0.861814 -0.110385     -0.153805      0.200000      8        0.1      0.22        0.05          0.85                0.20
 looser_inertia 504.0   -0.000224   0.004118 -0.861814 -0.110385     -0.153805      0.200000      8        0.1      0.22        0.05          0.85                0.20
looser_turnover 504.0   -0.000292   0.005256 -0.880655 -0.142677     -0.196541      0.347801      8        0.1      0.22        0.05          0.85                0.35
[BEST_SHELL] name=base_hardened sharpe=-0.8618 cum_ret=-0.1104 avg_turnover=0.2000
[ARTIFACT] artifacts\multi_alpha_wf\wf_fold_summaries.csv
[ARTIFACT] artifacts\multi_alpha_wf\wf_fold_recent_debug.csv
[ARTIFACT] artifacts\multi_alpha_wf\wf_shell_fold_summaries.csv
[ARTIFACT] artifacts\multi_alpha_wf\wf_shell_comparison.csv
[ARTIFACT] artifacts\multi_alpha_wf\wf_multi_alpha_meta.json
[ARTIFACT] artifacts\multi_alpha_wf\wf_alpha_shortlist_debug.json
[FINAL] multi-alpha walkforward recent-admission shell comparison complete




-----------------------

alpha_candidate_shortlist__clean.csv

alpha,family,wave,left,modulator,transform,regime,interaction,lag,source,parents,non_na,nan_ratio,unique,signature_size,non_na_ratio,unique_ratio,density_score,wave_bonus,transform_bonus,interaction_bonus,regime_bonus,family_penalty,wave_penalty,signature_penalty,selector_score,family_rank,wave_rank,signature,signature_rank,shortlist_rank
alpha_intraday_pressure_ema3_regime_liq_z,intraday_pressure,wave3,intraday_pressure,liq,ema3,z,regime,0,registry:wave3,intraday_pressure,76727,0.0,76727,1,1.0,1.0,1.0,1.0,1.05,1.0,1.1,0.2425356250363329,0.1324532357065043,1.0,12.848268695424103,1,1,intraday_pressure|intraday_pressure|liq|ema3|z|regime|0,1,1
alpha_pressure_z_z_mul_liq_z,pressure,wave5,pressure,liq,z,z,z_mul,0,survivor:manifest:data\alpha_library_v2\alpha_library_v2.manifest.csv,pressure_clip3_regime_breadth_hi|pressure_clip3_regime_breadth_lo|pressure_clip3_regime_liq_hi|pressure_clip3_regime_liq_lo|pressure_clip3_regime_rvol_hi|pressure_clip3_regime_rvol_lo|pressure_ema3_regime_breadth_hi|pressure_ema3_regime_breadth_z|pressure_ema3_regime_liq_hi|pressure_ema3_regime_liq_z|pressure_ema3_regime_rvol_hi|pressure_ema3_regime_rvol_z|pressure_lag1_regime_breadth_hi_lag1|pressure_lag1_regime_breadth_lo_lag1|pressure_lag1_regime_breadth_z_lag1|pressure_lag1_regime_liq_hi_lag1|pressure_lag1_regime_liq_lo_lag1|pressure_lag1_regime_liq_z_lag1|pressure_lag1_regime_rvol_hi_lag1|pressure_lag1_regime_rvol_lo_lag1|pressure_lag1_regime_rvol_z_lag1|pressure_lag2_regime_breadth_hi_lag2|pressure_lag2_regime_breadth_z_lag2|pressure_lag2_regime_liq_hi_lag2|pressure_lag2_regime_liq_z_lag2|pressure_lag2_regime_rvol_hi_lag2|pressure_lag2_regime_rvol_z_lag2|pressure_raw_regime_breadth_hi|pressure_raw_regime_breadth_lo|pressure_raw_regime_breadth_rank|pressure_raw_regime_breadth_z|pressure_raw_regime_liq_hi|pressure_raw_regime_liq_lo|pressure_raw_regime_liq_rank|pressure_raw_regime_liq_z|pressure_raw_regime_rvol_hi|pressure_raw_regime_rvol_lo|pressure_raw_regime_rvol_rank|pressure_raw_regime_rvol_z|pressure_sign_regime_breadth_hi|pressure_sign_regime_breadth_rank|pressure_sign_regime_liq_hi|pressure_sign_regime_liq_rank|pressure_sign_regime_rvol_hi|pressure_sign_regime_rvol_rank|pressure_signed_square_regime_breadth_z|pressure_signed_square_regime_liq_z|pressure_signed_square_regime_rvol_z|pressure_tanh_regime_breadth_z|pressure_tanh_regime_liq_z|pressure_tanh_regime_rvol_z,76727,0.0,76727,1,1.0,1.0,1.0,1.25,1.0,1.18,1.1,0.0778498944161523,0.0552157630374232,1.0,12.834243693918827,1,1,pressure|pressure|liq|z|z|z_mul|0,1,2
alpha_mom3_z_rank_mul_breadth_z,mom3,wave5,mom3,breadth,z,z,rank_mul,0,survivor:manifest:data\alpha_library_v2\alpha_library_v2.manifest.csv,mom3_clip3_regime_breadth_hi|mom3_clip3_regime_breadth_lo|mom3_clip3_regime_rvol_hi|mom3_clip3_regime_rvol_lo|mom3_ema3_regime_breadth_hi|mom3_ema3_regime_breadth_z|mom3_ema3_regime_rvol_hi|mom3_ema3_regime_rvol_z|mom3_lag1_regime_breadth_hi_lag1|mom3_lag1_regime_breadth_lo_lag1|mom3_lag1_regime_breadth_z_lag1|mom3_lag1_regime_rvol_hi_lag1|mom3_lag1_regime_rvol_lo_lag1|mom3_lag1_regime_rvol_z_lag1|mom3_lag2_regime_breadth_hi_lag2|mom3_lag2_regime_breadth_z_lag2|mom3_lag2_regime_rvol_hi_lag2|mom3_lag2_regime_rvol_z_lag2|mom3_raw_regime_breadth_hi|mom3_raw_regime_breadth_lo|mom3_raw_regime_breadth_rank|mom3_raw_regime_breadth_z|mom3_raw_regime_rvol_hi|mom3_raw_regime_rvol_lo|mom3_raw_regime_rvol_rank|mom3_raw_regime_rvol_z|mom3_sign_regime_breadth_hi|mom3_sign_regime_breadth_rank|mom3_sign_regime_rvol_hi|mom3_sign_regime_rvol_rank|mom3_signed_square_regime_breadth_z|mom3_signed_square_regime_rvol_z|mom3_tanh_regime_breadth_z|mom3_tanh_regime_rvol_z,76436,0.0037926675094816,76410,1,0.9962073324905184,0.9996319321239636,0.9962073324905184,1.25,1.0,1.14,1.1,0.1031421246258793,0.0552157630374232,1.0,12.831841937997792,1,2,mom3|mom3|breadth|z|z|rank_mul|0,1,3
alpha_mom3_z_z_mul_rvol_z,mom3,wave5,mom3,rvol,z,z,z_mul,0,survivor:manifest:data\alpha_library_v2\alpha_library_v2.manifest.csv,mom3_clip3_regime_breadth_hi|mom3_clip3_regime_breadth_lo|mom3_clip3_regime_rvol_hi|mom3_clip3_regime_rvol_lo|mom3_ema3_regime_breadth_hi|mom3_ema3_regime_breadth_z|mom3_ema3_regime_rvol_hi|mom3_ema3_regime_rvol_z|mom3_lag1_regime_breadth_hi_lag1|mom3_lag1_regime_breadth_lo_lag1|mom3_lag1_regime_breadth_z_lag1|mom3_lag1_regime_rvol_hi_lag1|mom3_lag1_regime_rvol_lo_lag1|mom3_lag1_regime_rvol_z_lag1|mom3_lag2_regime_breadth_hi_lag2|mom3_lag2_regime_breadth_z_lag2|mom3_lag2_regime_rvol_hi_lag2|mom3_lag2_regime_rvol_z_lag2|mom3_raw_regime_breadth_hi|mom3_raw_regime_breadth_lo|mom3_raw_regime_breadth_rank|mom3_raw_regime_breadth_z|mom3_raw_regime_rvol_hi|mom3_raw_regime_rvol_lo|mom3_raw_regime_rvol_rank|mom3_raw_regime_rvol_z|mom3_sign_regime_breadth_hi|mom3_sign_regime_breadth_rank|mom3_sign_regime_rvol_hi|mom3_sign_regime_rvol_rank|mom3_signed_square_regime_breadth_z|mom3_signed_square_regime_rvol_z|mom3_tanh_regime_breadth_z|mom3_tanh_regime_rvol_z,75854,0.011378002528445,75854,1,0.988621997471555,0.9989826587068782,0.988621997471555,1.25,1.0,1.18,1.1,0.1031421246258793,0.0552157630374232,1.0,12.828941352777347,2,3,mom3|mom3|rvol|z|z|z_mul|0,1,4
alpha_gap_z_z_mul_liq_z,gap,wave5,gap,liq,z,z,z_mul,0,survivor:manifest:data\alpha_library_v2\alpha_library_v2.manifest.csv,gap_clip3_regime_breadth_hi|gap_clip3_regime_breadth_lo|gap_clip3_regime_liq_hi|gap_clip3_regime_liq_lo|gap_clip3_regime_rvol_hi|gap_clip3_regime_rvol_lo|gap_ema3_regime_breadth_hi|gap_ema3_regime_breadth_z|gap_ema3_regime_liq_hi|gap_ema3_regime_liq_z|gap_ema3_regime_rvol_hi|gap_ema3_regime_rvol_z|gap_lag1_regime_breadth_hi_lag1|gap_lag1_regime_breadth_lo_lag1|gap_lag1_regime_breadth_z_lag1|gap_lag1_regime_liq_hi_lag1|gap_lag1_regime_liq_lo_lag1|gap_lag1_regime_liq_z_lag1|gap_lag1_regime_rvol_hi_lag1|gap_lag1_regime_rvol_lo_lag1|gap_lag1_regime_rvol_z_lag1|gap_lag2_regime_breadth_hi_lag2|gap_lag2_regime_breadth_z_lag2|gap_lag2_regime_liq_hi_lag2|gap_lag2_regime_liq_z_lag2|gap_lag2_regime_rvol_hi_lag2|gap_lag2_regime_rvol_z_lag2|gap_raw_regime_breadth_hi|gap_raw_regime_breadth_lo|gap_raw_regime_breadth_rank|gap_raw_regime_breadth_z|gap_raw_regime_liq_hi|gap_raw_regime_liq_lo|gap_raw_regime_liq_rank|gap_raw_regime_liq_z|gap_raw_regime_rvol_hi|gap_raw_regime_rvol_lo|gap_raw_regime_rvol_rank|gap_raw_regime_rvol_z|gap_sign_regime_breadth_hi|gap_sign_regime_breadth_rank|gap_sign_regime_liq_hi|gap_sign_regime_liq_rank|gap_sign_regime_rvol_hi|gap_sign_regime_rvol_rank|gap_signed_square_regime_breadth_z|gap_signed_square_regime_liq_z|gap_signed_square_regime_rvol_z|gap_tanh_regime_breadth_z|gap_tanh_regime_liq_z|gap_tanh_regime_rvol_z,76630,0.0012642225031605,76630,1,0.9987357774968394,0.9998875352651898,0.9987357774968396,1.25,1.0,1.18,1.1,0.0778498944161523,0.0552157630374232,1.0,12.827753884300812,1,4,gap|gap|liq|z|z|z_mul|0,1,5
alpha_rev1_z_z_mul_liq_z,rev1,wave5,rev1,liq,z,z,z_mul,0,survivor:manifest:data\alpha_library_v2\alpha_library_v2.manifest.csv,rev1_clip3_regime_breadth_hi|rev1_clip3_regime_breadth_lo|rev1_clip3_regime_liq_hi|rev1_clip3_regime_liq_lo|rev1_clip3_regime_rvol_hi|rev1_clip3_regime_rvol_lo|rev1_ema3_regime_breadth_hi|rev1_ema3_regime_breadth_z|rev1_ema3_regime_liq_hi|rev1_ema3_regime_liq_z|rev1_ema3_regime_rvol_hi|rev1_ema3_regime_rvol_z|rev1_lag1_regime_breadth_hi_lag1|rev1_lag1_regime_breadth_lo_lag1|rev1_lag1_regime_breadth_z_lag1|rev1_lag1_regime_liq_hi_lag1|rev1_lag1_regime_liq_lo_lag1|rev1_lag1_regime_liq_z_lag1|rev1_lag1_regime_rvol_hi_lag1|rev1_lag1_regime_rvol_lo_lag1|rev1_lag1_regime_rvol_z_lag1|rev1_lag2_regime_breadth_hi_lag2|rev1_lag2_regime_breadth_z_lag2|rev1_lag2_regime_liq_hi_lag2|rev1_lag2_regime_liq_z_lag2|rev1_lag2_regime_rvol_hi_lag2|rev1_lag2_regime_rvol_z_lag2|rev1_raw_regime_breadth_hi|rev1_raw_regime_breadth_lo|rev1_raw_regime_breadth_rank|rev1_raw_regime_breadth_z|rev1_raw_regime_liq_hi|rev1_raw_regime_liq_lo|rev1_raw_regime_liq_rank|rev1_raw_regime_liq_z|rev1_raw_regime_rvol_hi|rev1_raw_regime_rvol_lo|rev1_raw_regime_rvol_rank|rev1_raw_regime_rvol_z|rev1_sign_regime_breadth_hi|rev1_sign_regime_breadth_rank|rev1_sign_regime_liq_hi|rev1_sign_regime_liq_rank|rev1_sign_regime_rvol_hi|rev1_sign_regime_rvol_rank|rev1_signed_square_regime_breadth_z|rev1_signed_square_regime_liq_z|rev1_signed_square_regime_rvol_z|rev1_tanh_regime_breadth_z|rev1_tanh_regime_liq_z|rev1_tanh_regime_rvol_z,76630,0.0012642225031605,76630,1,0.9987357774968394,0.9998875352651898,0.9987357774968396,1.25,1.0,1.18,1.1,0.0778498944161523,0.0552157630374232,1.0,12.827753884300812,1,5,rev1|rev1|liq|z|z|z_mul|0,1,6
alpha_mom3_z_raw_mul_breadth_z,mom3,wave5,mom3,breadth,z,z,raw_mul,0,survivor:manifest:data\alpha_library_v2\alpha_library_v2.manifest.csv,mom3_clip3_regime_breadth_hi|mom3_clip3_regime_breadth_lo|mom3_clip3_regime_rvol_hi|mom3_clip3_regime_rvol_lo|mom3_ema3_regime_breadth_hi|mom3_ema3_regime_breadth_z|mom3_ema3_regime_rvol_hi|mom3_ema3_regime_rvol_z|mom3_lag1_regime_breadth_hi_lag1|mom3_lag1_regime_breadth_lo_lag1|mom3_lag1_regime_breadth_z_lag1|mom3_lag1_regime_rvol_hi_lag1|mom3_lag1_regime_rvol_lo_lag1|mom3_lag1_regime_rvol_z_lag1|mom3_lag2_regime_breadth_hi_lag2|mom3_lag2_regime_breadth_z_lag2|mom3_lag2_regime_rvol_hi_lag2|mom3_lag2_regime_rvol_z_lag2|mom3_raw_regime_breadth_hi|mom3_raw_regime_breadth_lo|mom3_raw_regime_breadth_rank|mom3_raw_regime_breadth_z|mom3_raw_regime_rvol_hi|mom3_raw_regime_rvol_lo|mom3_raw_regime_rvol_rank|mom3_raw_regime_rvol_z|mom3_sign_regime_breadth_hi|mom3_sign_regime_breadth_rank|mom3_sign_regime_rvol_hi|mom3_sign_regime_rvol_rank|mom3_signed_square_regime_breadth_z|mom3_signed_square_regime_rvol_z|mom3_tanh_regime_breadth_z|mom3_tanh_regime_rvol_z,76436,0.0037926675094816,76410,1,0.9962073324905184,0.9996319321239636,0.9962073324905184,1.25,1.0,1.12,1.1,0.1031421246258793,0.0552157630374232,1.0,12.813841937997791,5,8,mom3|mom3|breadth|z|z|raw_mul|0,1,7
alpha_pressure_z_rank_mul_breadth_z,pressure,wave5,pressure,breadth,z,z,rank_mul,0,survivor:manifest:data\alpha_library_v2\alpha_library_v2.manifest.csv,pressure_clip3_regime_breadth_hi|pressure_clip3_regime_breadth_lo|pressure_clip3_regime_liq_hi|pressure_clip3_regime_liq_lo|pressure_clip3_regime_rvol_hi|pressure_clip3_regime_rvol_lo|pressure_ema3_regime_breadth_hi|pressure_ema3_regime_breadth_z|pressure_ema3_regime_liq_hi|pressure_ema3_regime_liq_z|pressure_ema3_regime_rvol_hi|pressure_ema3_regime_rvol_z|pressure_lag1_regime_breadth_hi_lag1|pressure_lag1_regime_breadth_lo_lag1|pressure_lag1_regime_breadth_z_lag1|pressure_lag1_regime_liq_hi_lag1|pressure_lag1_regime_liq_lo_lag1|pressure_lag1_regime_liq_z_lag1|pressure_lag1_regime_rvol_hi_lag1|pressure_lag1_regime_rvol_lo_lag1|pressure_lag1_regime_rvol_z_lag1|pressure_lag2_regime_breadth_hi_lag2|pressure_lag2_regime_breadth_z_lag2|pressure_lag2_regime_liq_hi_lag2|pressure_lag2_regime_liq_z_lag2|pressure_lag2_regime_rvol_hi_lag2|pressure_lag2_regime_rvol_z_lag2|pressure_raw_regime_breadth_hi|pressure_raw_regime_breadth_lo|pressure_raw_regime_breadth_rank|pressure_raw_regime_breadth_z|pressure_raw_regime_liq_hi|pressure_raw_regime_liq_lo|pressure_raw_regime_liq_rank|pressure_raw_regime_liq_z|pressure_raw_regime_rvol_hi|pressure_raw_regime_rvol_lo|pressure_raw_regime_rvol_rank|pressure_raw_regime_rvol_z|pressure_sign_regime_breadth_hi|pressure_sign_regime_breadth_rank|pressure_sign_regime_liq_hi|pressure_sign_regime_liq_rank|pressure_sign_regime_rvol_hi|pressure_sign_regime_rvol_rank|pressure_signed_square_regime_breadth_z|pressure_signed_square_regime_liq_z|pressure_signed_square_regime_rvol_z|pressure_tanh_regime_breadth_z|pressure_tanh_regime_liq_z|pressure_tanh_regime_rvol_z,76727,0.0,76617,1,1.0,0.9998724518549422,1.0,1.25,1.0,1.14,1.1,0.0778498944161523,0.0552157630374232,1.0,12.798052371701242,6,14,pressure|pressure|breadth|z|z|rank_mul|0,1,9
alpha_mom3_z_rank_mul_rvol_z,mom3,wave5,mom3,rvol,z,z,rank_mul,0,survivor:manifest:data\alpha_library_v2\alpha_library_v2.manifest.csv,mom3_clip3_regime_breadth_hi|mom3_clip3_regime_breadth_lo|mom3_clip3_regime_rvol_hi|mom3_clip3_regime_rvol_lo|mom3_ema3_regime_breadth_hi|mom3_ema3_regime_breadth_z|mom3_ema3_regime_rvol_hi|mom3_ema3_regime_rvol_z|mom3_lag1_regime_breadth_hi_lag1|mom3_lag1_regime_breadth_lo_lag1|mom3_lag1_regime_breadth_z_lag1|mom3_lag1_regime_rvol_hi_lag1|mom3_lag1_regime_rvol_lo_lag1|mom3_lag1_regime_rvol_z_lag1|mom3_lag2_regime_breadth_hi_lag2|mom3_lag2_regime_breadth_z_lag2|mom3_lag2_regime_rvol_hi_lag2|mom3_lag2_regime_rvol_z_lag2|mom3_raw_regime_breadth_hi|mom3_raw_regime_breadth_lo|mom3_raw_regime_breadth_rank|mom3_raw_regime_breadth_z|mom3_raw_regime_rvol_hi|mom3_raw_regime_rvol_lo|mom3_raw_regime_rvol_rank|mom3_raw_regime_rvol_z|mom3_sign_regime_breadth_hi|mom3_sign_regime_breadth_rank|mom3_sign_regime_rvol_hi|mom3_sign_regime_rvol_rank|mom3_signed_square_regime_breadth_z|mom3_signed_square_regime_rvol_z|mom3_tanh_regime_breadth_z|mom3_tanh_regime_rvol_z,75854,0.011378002528445,75854,1,0.988621997471555,0.9989826587068782,0.988621997471555,1.25,1.0,1.14,1.1,0.1031421246258793,0.0552157630374232,1.0,12.792941352777348,9,16,mom3|mom3|rvol|z|z|rank_mul|0,1,10
alpha_gap_z_rank_mul_breadth_z,gap,wave5,gap,breadth,z,z,rank_mul,0,survivor:manifest:data\alpha_library_v2\alpha_library_v2.manifest.csv,gap_clip3_regime_breadth_hi|gap_clip3_regime_breadth_lo|gap_clip3_regime_liq_hi|gap_clip3_regime_liq_lo|gap_clip3_regime_rvol_hi|gap_clip3_regime_rvol_lo|gap_ema3_regime_breadth_hi|gap_ema3_regime_breadth_z|gap_ema3_regime_liq_hi|gap_ema3_regime_liq_z|gap_ema3_regime_rvol_hi|gap_ema3_regime_rvol_z|gap_lag1_regime_breadth_hi_lag1|gap_lag1_regime_breadth_lo_lag1|gap_lag1_regime_breadth_z_lag1|gap_lag1_regime_liq_hi_lag1|gap_lag1_regime_liq_lo_lag1|gap_lag1_regime_liq_z_lag1|gap_lag1_regime_rvol_hi_lag1|gap_lag1_regime_rvol_lo_lag1|gap_lag1_regime_rvol_z_lag1|gap_lag2_regime_breadth_hi_lag2|gap_lag2_regime_breadth_z_lag2|gap_lag2_regime_liq_hi_lag2|gap_lag2_regime_liq_z_lag2|gap_lag2_regime_rvol_hi_lag2|gap_lag2_regime_rvol_z_lag2|gap_raw_regime_breadth_hi|gap_raw_regime_breadth_lo|gap_raw_regime_breadth_rank|gap_raw_regime_breadth_z|gap_raw_regime_liq_hi|gap_raw_regime_liq_lo|gap_raw_regime_liq_rank|gap_raw_regime_liq_z|gap_raw_regime_rvol_hi|gap_raw_regime_rvol_lo|gap_raw_regime_rvol_rank|gap_raw_regime_rvol_z|gap_sign_regime_breadth_hi|gap_sign_regime_breadth_rank|gap_sign_regime_liq_hi|gap_sign_regime_liq_rank|gap_sign_regime_rvol_hi|gap_sign_regime_rvol_rank|gap_signed_square_regime_breadth_z|gap_signed_square_regime_liq_z|gap_signed_square_regime_rvol_z|gap_tanh_regime_breadth_z|gap_tanh_regime_liq_z|gap_tanh_regime_rvol_z,76630,0.0012642225031605,76623,1,0.9987357774968394,0.99987941374689,0.9987357774968396,1.25,1.0,1.14,1.1,0.0778498944161523,0.0552157630374232,1.0,12.791741702023362,6,19,gap|gap|breadth|z|z|rank_mul|0,1,11
alpha_rev1_z_rank_mul_breadth_z,rev1,wave5,rev1,breadth,z,z,rank_mul,0,survivor:manifest:data\alpha_library_v2\alpha_library_v2.manifest.csv,rev1_clip3_regime_breadth_hi|rev1_clip3_regime_breadth_lo|rev1_clip3_regime_liq_hi|rev1_clip3_regime_liq_lo|rev1_clip3_regime_rvol_hi|rev1_clip3_regime_rvol_lo|rev1_ema3_regime_breadth_hi|rev1_ema3_regime_breadth_z|rev1_ema3_regime_liq_hi|rev1_ema3_regime_liq_z|rev1_ema3_regime_rvol_hi|rev1_ema3_regime_rvol_z|rev1_lag1_regime_breadth_hi_lag1|rev1_lag1_regime_breadth_lo_lag1|rev1_lag1_regime_breadth_z_lag1|rev1_lag1_regime_liq_hi_lag1|rev1_lag1_regime_liq_lo_lag1|rev1_lag1_regime_liq_z_lag1|rev1_lag1_regime_rvol_hi_lag1|rev1_lag1_regime_rvol_lo_lag1|rev1_lag1_regime_rvol_z_lag1|rev1_lag2_regime_breadth_hi_lag2|rev1_lag2_regime_breadth_z_lag2|rev1_lag2_regime_liq_hi_lag2|rev1_lag2_regime_liq_z_lag2|rev1_lag2_regime_rvol_hi_lag2|rev1_lag2_regime_rvol_z_lag2|rev1_raw_regime_breadth_hi|rev1_raw_regime_breadth_lo|rev1_raw_regime_breadth_rank|rev1_raw_regime_breadth_z|rev1_raw_regime_liq_hi|rev1_raw_regime_liq_lo|rev1_raw_regime_liq_rank|rev1_raw_regime_liq_z|rev1_raw_regime_rvol_hi|rev1_raw_regime_rvol_lo|rev1_raw_regime_rvol_rank|rev1_raw_regime_rvol_z|rev1_sign_regime_breadth_hi|rev1_sign_regime_breadth_rank|rev1_sign_regime_liq_hi|rev1_sign_regime_liq_rank|rev1_sign_regime_rvol_hi|rev1_sign_regime_rvol_rank|rev1_signed_square_regime_breadth_z|rev1_signed_square_regime_liq_z|rev1_signed_square_regime_rvol_z|rev1_tanh_regime_breadth_z|rev1_tanh_regime_liq_z|rev1_tanh_regime_rvol_z,76630,0.0012642225031605,76556,1,0.9987357774968394,0.9998016416570163,0.9987357774968396,1.25,1.0,1.14,1.1,0.0778498944161523,0.0552157630374232,1.0,12.791625043888551,6,20,rev1|rev1|breadth|z|z|rank_mul|0,1,12
alpha_intraday_rs_ema3_regime_rvol_z,intraday_rs,wave3,intraday_rs,rvol,ema3,z,regime,0,registry:wave3,intraday_rs,75854,0.011378002528445,75854,1,0.988621997471555,0.9989826587068782,0.988621997471555,1.0,1.05,1.0,1.1,0.2425356250363329,0.1324532357065043,1.0,12.789852670842198,1,2,intraday_rs|intraday_rs|rvol|ema3|z|regime|0,1,13
alpha_str_3d_ema3_regime_rvol_z,str_3d,wave3,str_3d,rvol,ema3,z,regime,0,registry:wave3,str_3d,75854,0.011378002528445,75854,1,0.988621997471555,0.9989826587068782,0.988621997471555,1.0,1.05,1.0,1.1,0.2425356250363329,0.1324532357065043,1.0,12.789852670842198,1,3,str_3d|str_3d|rvol|ema3|z|regime|0,1,14
alpha_overnight_drift_20d_ema3_regime_volshock_z,overnight_drift_20d,wave3,overnight_drift_20d,volshock,ema3,z,regime,0,registry:wave3,overnight_drift_20d,75757,0.0126422250316055,75757,1,0.9873577749683944,0.9988688988095143,0.9873577749683944,1.0,1.05,1.0,1.1,0.2425356250363329,0.1324532357065043,1.0,12.783360918480348,1,4,overnight_drift_20d|overnight_drift_20d|volshock|ema3|z|regime|0,1,17
alpha_ivol_20d_z_z_mul_liq_z,ivol_20d,wave5,ivol_20d,liq,z,z,z_mul,0,survivor:manifest:data\alpha_library_v2\alpha_library_v2.manifest.csv,ivol_20d_clip3_regime_liq_hi|ivol_20d_clip3_regime_liq_lo|ivol_20d_clip3_regime_volshock_hi|ivol_20d_clip3_regime_volshock_lo|ivol_20d_ema3_regime_liq_hi|ivol_20d_ema3_regime_liq_z|ivol_20d_ema3_regime_volshock_hi|ivol_20d_ema3_regime_volshock_z|ivol_20d_lag1_regime_liq_hi_lag1|ivol_20d_lag1_regime_liq_lo_lag1|ivol_20d_lag1_regime_liq_z_lag1|ivol_20d_lag1_regime_volshock_hi_lag1|ivol_20d_lag1_regime_volshock_lo_lag1|ivol_20d_lag1_regime_volshock_z_lag1|ivol_20d_lag2_regime_liq_hi_lag2|ivol_20d_lag2_regime_liq_z_lag2|ivol_20d_lag2_regime_volshock_hi_lag2|ivol_20d_lag2_regime_volshock_z_lag2|ivol_20d_raw_regime_liq_hi|ivol_20d_raw_regime_liq_lo|ivol_20d_raw_regime_liq_rank|ivol_20d_raw_regime_liq_z|ivol_20d_raw_regime_volshock_hi|ivol_20d_raw_regime_volshock_lo|ivol_20d_raw_regime_volshock_rank|ivol_20d_raw_regime_volshock_z|ivol_20d_sign_regime_liq_hi|ivol_20d_sign_regime_liq_rank|ivol_20d_sign_regime_volshock_hi|ivol_20d_sign_regime_volshock_rank|ivol_20d_signed_square_regime_liq_z|ivol_20d_signed_square_regime_volshock_z|ivol_20d_tanh_regime_liq_z|ivol_20d_tanh_regime_volshock_z,75757,0.0126422250316055,75757,1,0.9873577749683944,0.9988688988095143,0.9873577749683944,1.25,1.0,1.18,1.1,0.0839181358296689,0.0552157630374232,1.0,12.782079223943455,1,24,ivol_20d|ivol_20d|liq|z|z|z_mul|0,1,18
alpha_ivol_20d_z_z_mul_volshock_z,ivol_20d,wave5,ivol_20d,volshock,z,z,z_mul,0,survivor:manifest:data\alpha_library_v2\alpha_library_v2.manifest.csv,ivol_20d_clip3_regime_liq_hi|ivol_20d_clip3_regime_liq_lo|ivol_20d_clip3_regime_volshock_hi|ivol_20d_clip3_regime_volshock_lo|ivol_20d_ema3_regime_liq_hi|ivol_20d_ema3_regime_liq_z|ivol_20d_ema3_regime_volshock_hi|ivol_20d_ema3_regime_volshock_z|ivol_20d_lag1_regime_liq_hi_lag1|ivol_20d_lag1_regime_liq_lo_lag1|ivol_20d_lag1_regime_liq_z_lag1|ivol_20d_lag1_regime_volshock_hi_lag1|ivol_20d_lag1_regime_volshock_lo_lag1|ivol_20d_lag1_regime_volshock_z_lag1|ivol_20d_lag2_regime_liq_hi_lag2|ivol_20d_lag2_regime_liq_z_lag2|ivol_20d_lag2_regime_volshock_hi_lag2|ivol_20d_lag2_regime_volshock_z_lag2|ivol_20d_raw_regime_liq_hi|ivol_20d_raw_regime_liq_lo|ivol_20d_raw_regime_liq_rank|ivol_20d_raw_regime_liq_z|ivol_20d_raw_regime_volshock_hi|ivol_20d_raw_regime_volshock_lo|ivol_20d_raw_regime_volshock_rank|ivol_20d_raw_regime_volshock_z|ivol_20d_sign_regime_liq_hi|ivol_20d_sign_regime_liq_rank|ivol_20d_sign_regime_volshock_hi|ivol_20d_sign_regime_volshock_rank|ivol_20d_signed_square_regime_liq_z|ivol_20d_signed_square_regime_volshock_z|ivol_20d_tanh_regime_liq_z|ivol_20d_tanh_regime_volshock_z,75757,0.0126422250316055,75757,1,0.9873577749683944,0.9988688988095143,0.9873577749683944,1.25,1.0,1.18,1.1,0.0839181358296689,0.0552157630374232,1.0,12.782079223943455,2,25,ivol_20d|ivol_20d|volshock|z|z|z_mul|0,1,19
alpha_pressure_z_raw_mul_breadth_z,pressure,wave5,pressure,breadth,z,z,raw_mul,0,survivor:manifest:data\alpha_library_v2\alpha_library_v2.manifest.csv,pressure_clip3_regime_breadth_hi|pressure_clip3_regime_breadth_lo|pressure_clip3_regime_liq_hi|pressure_clip3_regime_liq_lo|pressure_clip3_regime_rvol_hi|pressure_clip3_regime_rvol_lo|pressure_ema3_regime_breadth_hi|pressure_ema3_regime_breadth_z|pressure_ema3_regime_liq_hi|pressure_ema3_regime_liq_z|pressure_ema3_regime_rvol_hi|pressure_ema3_regime_rvol_z|pressure_lag1_regime_breadth_hi_lag1|pressure_lag1_regime_breadth_lo_lag1|pressure_lag1_regime_breadth_z_lag1|pressure_lag1_regime_liq_hi_lag1|pressure_lag1_regime_liq_lo_lag1|pressure_lag1_regime_liq_z_lag1|pressure_lag1_regime_rvol_hi_lag1|pressure_lag1_regime_rvol_lo_lag1|pressure_lag1_regime_rvol_z_lag1|pressure_lag2_regime_breadth_hi_lag2|pressure_lag2_regime_breadth_z_lag2|pressure_lag2_regime_liq_hi_lag2|pressure_lag2_regime_liq_z_lag2|pressure_lag2_regime_rvol_hi_lag2|pressure_lag2_regime_rvol_z_lag2|pressure_raw_regime_breadth_hi|pressure_raw_regime_breadth_lo|pressure_raw_regime_breadth_rank|pressure_raw_regime_breadth_z|pressure_raw_regime_liq_hi|pressure_raw_regime_liq_lo|pressure_raw_regime_liq_rank|pressure_raw_regime_liq_z|pressure_raw_regime_rvol_hi|pressure_raw_regime_rvol_lo|pressure_raw_regime_rvol_rank|pressure_raw_regime_rvol_z|pressure_sign_regime_breadth_hi|pressure_sign_regime_breadth_rank|pressure_sign_regime_liq_hi|pressure_sign_regime_liq_rank|pressure_sign_regime_rvol_hi|pressure_sign_regime_rvol_rank|pressure_signed_square_regime_breadth_z|pressure_signed_square_regime_liq_z|pressure_signed_square_regime_rvol_z|pressure_tanh_regime_breadth_z|pressure_tanh_regime_liq_z|pressure_tanh_regime_rvol_z,76727,0.0,76521,1,1.0,0.9997609873769427,1.0,1.25,1.0,1.12,1.1,0.0778498944161523,0.0552157630374232,1.0,12.779885174984244,10,28,pressure|pressure|breadth|z|z|raw_mul|0,1,20
alpha_gap_z_z_mul_rvol_z,gap,wave5,gap,rvol,z,z,z_mul,0,survivor:manifest:data\alpha_library_v2\alpha_library_v2.manifest.csv,gap_clip3_regime_breadth_hi|gap_clip3_regime_breadth_lo|gap_clip3_regime_liq_hi|gap_clip3_regime_liq_lo|gap_clip3_regime_rvol_hi|gap_clip3_regime_rvol_lo|gap_ema3_regime_breadth_hi|gap_ema3_regime_breadth_z|gap_ema3_regime_liq_hi|gap_ema3_regime_liq_z|gap_ema3_regime_rvol_hi|gap_ema3_regime_rvol_z|gap_lag1_regime_breadth_hi_lag1|gap_lag1_regime_breadth_lo_lag1|gap_lag1_regime_breadth_z_lag1|gap_lag1_regime_liq_hi_lag1|gap_lag1_regime_liq_lo_lag1|gap_lag1_regime_liq_z_lag1|gap_lag1_regime_rvol_hi_lag1|gap_lag1_regime_rvol_lo_lag1|gap_lag1_regime_rvol_z_lag1|gap_lag2_regime_breadth_hi_lag2|gap_lag2_regime_breadth_z_lag2|gap_lag2_regime_liq_hi_lag2|gap_lag2_regime_liq_z_lag2|gap_lag2_regime_rvol_hi_lag2|gap_lag2_regime_rvol_z_lag2|gap_raw_regime_breadth_hi|gap_raw_regime_breadth_lo|gap_raw_regime_breadth_rank|gap_raw_regime_breadth_z|gap_raw_regime_liq_hi|gap_raw_regime_liq_lo|gap_raw_regime_liq_rank|gap_raw_regime_liq_z|gap_raw_regime_rvol_hi|gap_raw_regime_rvol_lo|gap_raw_regime_rvol_rank|gap_raw_regime_rvol_z|gap_sign_regime_breadth_hi|gap_sign_regime_breadth_rank|gap_sign_regime_liq_hi|gap_sign_regime_liq_rank|gap_sign_regime_rvol_hi|gap_sign_regime_rvol_rank|gap_signed_square_regime_breadth_z|gap_signed_square_regime_liq_z|gap_signed_square_regime_rvol_z|gap_tanh_regime_breadth_z|gap_tanh_regime_liq_z|gap_tanh_regime_rvol_z,75854,0.011378002528445,75854,1,0.988621997471555,0.9989826587068782,0.988621997471555,1.25,1.0,1.18,1.1,0.0778498944161523,0.0552157630374232,1.0,12.77582766933692,7,30,gap|gap|rvol|z|z|z_mul|0,1,22
alpha_pressure_z_z_mul_rvol_z,pressure,wave5,pressure,rvol,z,z,z_mul,0,survivor:manifest:data\alpha_library_v2\alpha_library_v2.manifest.csv,pressure_clip3_regime_breadth_hi|pressure_clip3_regime_breadth_lo|pressure_clip3_regime_liq_hi|pressure_clip3_regime_liq_lo|pressure_clip3_regime_rvol_hi|pressure_clip3_regime_rvol_lo|pressure_ema3_regime_breadth_hi|pressure_ema3_regime_breadth_z|pressure_ema3_regime_liq_hi|pressure_ema3_regime_liq_z|pressure_ema3_regime_rvol_hi|pressure_ema3_regime_rvol_z|pressure_lag1_regime_breadth_hi_lag1|pressure_lag1_regime_breadth_lo_lag1|pressure_lag1_regime_breadth_z_lag1|pressure_lag1_regime_liq_hi_lag1|pressure_lag1_regime_liq_lo_lag1|pressure_lag1_regime_liq_z_lag1|pressure_lag1_regime_rvol_hi_lag1|pressure_lag1_regime_rvol_lo_lag1|pressure_lag1_regime_rvol_z_lag1|pressure_lag2_regime_breadth_hi_lag2|pressure_lag2_regime_breadth_z_lag2|pressure_lag2_regime_liq_hi_lag2|pressure_lag2_regime_liq_z_lag2|pressure_lag2_regime_rvol_hi_lag2|pressure_lag2_regime_rvol_z_lag2|pressure_raw_regime_breadth_hi|pressure_raw_regime_breadth_lo|pressure_raw_regime_breadth_rank|pressure_raw_regime_breadth_z|pressure_raw_regime_liq_hi|pressure_raw_regime_liq_lo|pressure_raw_regime_liq_rank|pressure_raw_regime_liq_z|pressure_raw_regime_rvol_hi|pressure_raw_regime_rvol_lo|pressure_raw_regime_rvol_rank|pressure_raw_regime_rvol_z|pressure_sign_regime_breadth_hi|pressure_sign_regime_breadth_rank|pressure_sign_regime_liq_hi|pressure_sign_regime_liq_rank|pressure_sign_regime_rvol_hi|pressure_sign_regime_rvol_rank|pressure_signed_square_regime_breadth_z|pressure_signed_square_regime_liq_z|pressure_signed_square_regime_rvol_z|pressure_tanh_regime_breadth_z|pressure_tanh_regime_liq_z|pressure_tanh_regime_rvol_z,75854,0.011378002528445,75854,1,0.988621997471555,0.9989826587068782,0.988621997471555,1.25,1.0,1.18,1.1,0.0778498944161523,0.0552157630374232,1.0,12.77582766933692,11,31,pressure|pressure|rvol|z|z|z_mul|0,1,23
alpha_rev1_z_z_mul_rvol_z,rev1,wave5,rev1,rvol,z,z,z_mul,0,survivor:manifest:data\alpha_library_v2\alpha_library_v2.manifest.csv,rev1_clip3_regime_breadth_hi|rev1_clip3_regime_breadth_lo|rev1_clip3_regime_liq_hi|rev1_clip3_regime_liq_lo|rev1_clip3_regime_rvol_hi|rev1_clip3_regime_rvol_lo|rev1_ema3_regime_breadth_hi|rev1_ema3_regime_breadth_z|rev1_ema3_regime_liq_hi|rev1_ema3_regime_liq_z|rev1_ema3_regime_rvol_hi|rev1_ema3_regime_rvol_z|rev1_lag1_regime_breadth_hi_lag1|rev1_lag1_regime_breadth_lo_lag1|rev1_lag1_regime_breadth_z_lag1|rev1_lag1_regime_liq_hi_lag1|rev1_lag1_regime_liq_lo_lag1|rev1_lag1_regime_liq_z_lag1|rev1_lag1_regime_rvol_hi_lag1|rev1_lag1_regime_rvol_lo_lag1|rev1_lag1_regime_rvol_z_lag1|rev1_lag2_regime_breadth_hi_lag2|rev1_lag2_regime_breadth_z_lag2|rev1_lag2_regime_liq_hi_lag2|rev1_lag2_regime_liq_z_lag2|rev1_lag2_regime_rvol_hi_lag2|rev1_lag2_regime_rvol_z_lag2|rev1_raw_regime_breadth_hi|rev1_raw_regime_breadth_lo|rev1_raw_regime_breadth_rank|rev1_raw_regime_breadth_z|rev1_raw_regime_liq_hi|rev1_raw_regime_liq_lo|rev1_raw_regime_liq_rank|rev1_raw_regime_liq_z|rev1_raw_regime_rvol_hi|rev1_raw_regime_rvol_lo|rev1_raw_regime_rvol_rank|rev1_raw_regime_rvol_z|rev1_sign_regime_breadth_hi|rev1_sign_regime_breadth_rank|rev1_sign_regime_liq_hi|rev1_sign_regime_liq_rank|rev1_sign_regime_rvol_hi|rev1_sign_regime_rvol_rank|rev1_signed_square_regime_breadth_z|rev1_signed_square_regime_liq_z|rev1_signed_square_regime_rvol_z|rev1_tanh_regime_breadth_z|rev1_tanh_regime_liq_z|rev1_tanh_regime_rvol_z,75854,0.011378002528445,75854,1,0.988621997471555,0.9989826587068782,0.988621997471555,1.25,1.0,1.18,1.1,0.0778498944161523,0.0552157630374232,1.0,12.77582766933692,7,32,rev1|rev1|rvol|z|z|z_mul|0,1,24
alpha_gap_z_raw_mul_breadth_z,gap,wave5,gap,breadth,z,z,raw_mul,0,survivor:manifest:data\alpha_library_v2\alpha_library_v2.manifest.csv,gap_clip3_regime_breadth_hi|gap_clip3_regime_breadth_lo|gap_clip3_regime_liq_hi|gap_clip3_regime_liq_lo|gap_clip3_regime_rvol_hi|gap_clip3_regime_rvol_lo|gap_ema3_regime_breadth_hi|gap_ema3_regime_breadth_z|gap_ema3_regime_liq_hi|gap_ema3_regime_liq_z|gap_ema3_regime_rvol_hi|gap_ema3_regime_rvol_z|gap_lag1_regime_breadth_hi_lag1|gap_lag1_regime_breadth_lo_lag1|gap_lag1_regime_breadth_z_lag1|gap_lag1_regime_liq_hi_lag1|gap_lag1_regime_liq_lo_lag1|gap_lag1_regime_liq_z_lag1|gap_lag1_regime_rvol_hi_lag1|gap_lag1_regime_rvol_lo_lag1|gap_lag1_regime_rvol_z_lag1|gap_lag2_regime_breadth_hi_lag2|gap_lag2_regime_breadth_z_lag2|gap_lag2_regime_liq_hi_lag2|gap_lag2_regime_liq_z_lag2|gap_lag2_regime_rvol_hi_lag2|gap_lag2_regime_rvol_z_lag2|gap_raw_regime_breadth_hi|gap_raw_regime_breadth_lo|gap_raw_regime_breadth_rank|gap_raw_regime_breadth_z|gap_raw_regime_liq_hi|gap_raw_regime_liq_lo|gap_raw_regime_liq_rank|gap_raw_regime_liq_z|gap_raw_regime_rvol_hi|gap_raw_regime_rvol_lo|gap_raw_regime_rvol_rank|gap_raw_regime_rvol_z|gap_sign_regime_breadth_hi|gap_sign_regime_breadth_rank|gap_sign_regime_liq_hi|gap_sign_regime_liq_rank|gap_sign_regime_rvol_hi|gap_sign_regime_rvol_rank|gap_signed_square_regime_breadth_z|gap_signed_square_regime_liq_z|gap_signed_square_regime_rvol_z|gap_tanh_regime_breadth_z|gap_tanh_regime_liq_z|gap_tanh_regime_rvol_z,76630,0.0012642225031605,76623,1,0.9987357774968394,0.99987941374689,0.9987357774968396,1.25,1.0,1.12,1.1,0.0778498944161523,0.0552157630374232,1.0,12.773741702023363,11,40,gap|gap|breadth|z|z|raw_mul|0,1,25
alpha_ivol_20d_signed_log_z_mul_liq_z,ivol_20d,wave6,ivol_20d,liq,signed_log,z,z_mul,0,survivor:manifest:data\alpha_library_v2\alpha_library_v2.manifest.csv,ivol_20d_clip3_regime_liq_hi|ivol_20d_clip3_regime_liq_lo|ivol_20d_clip3_regime_volshock_hi|ivol_20d_clip3_regime_volshock_lo|ivol_20d_ema3_regime_liq_hi|ivol_20d_ema3_regime_liq_z|ivol_20d_ema3_regime_volshock_hi|ivol_20d_ema3_regime_volshock_z|ivol_20d_lag1_regime_liq_hi_lag1|ivol_20d_lag1_regime_liq_lo_lag1|ivol_20d_lag1_regime_liq_z_lag1|ivol_20d_lag1_regime_volshock_hi_lag1|ivol_20d_lag1_regime_volshock_lo_lag1|ivol_20d_lag1_regime_volshock_z_lag1|ivol_20d_lag2_regime_liq_hi_lag2|ivol_20d_lag2_regime_liq_z_lag2|ivol_20d_lag2_regime_volshock_hi_lag2|ivol_20d_lag2_regime_volshock_z_lag2|ivol_20d_raw_regime_liq_hi|ivol_20d_raw_regime_liq_lo|ivol_20d_raw_regime_liq_rank|ivol_20d_raw_regime_liq_z|ivol_20d_raw_regime_volshock_hi|ivol_20d_raw_regime_volshock_lo|ivol_20d_raw_regime_volshock_rank|ivol_20d_raw_regime_volshock_z|ivol_20d_sign_regime_liq_hi|ivol_20d_sign_regime_liq_rank|ivol_20d_sign_regime_volshock_hi|ivol_20d_sign_regime_volshock_rank|ivol_20d_signed_square_regime_liq_z|ivol_20d_signed_square_regime_volshock_z|ivol_20d_tanh_regime_liq_z|ivol_20d_tanh_regime_volshock_z,75757,0.0126422250316055,75757,1,0.9873577749683944,0.9988688988095143,0.9873577749683944,1.15,1.1,1.18,1.1,0.0839181358296689,0.0662266178532521,1.0,12.77029224972245,3,13,ivol_20d|ivol_20d|liq|signed_log|z|z_mul|0,1,26
alpha_ivol_20d_signed_log_z_mul_volshock_z,ivol_20d,wave6,ivol_20d,volshock,signed_log,z,z_mul,0,survivor:manifest:data\alpha_library_v2\alpha_library_v2.manifest.csv,ivol_20d_clip3_regime_liq_hi|ivol_20d_clip3_regime_liq_lo|ivol_20d_clip3_regime_volshock_hi|ivol_20d_clip3_regime_volshock_lo|ivol_20d_ema3_regime_liq_hi|ivol_20d_ema3_regime_liq_z|ivol_20d_ema3_regime_volshock_hi|ivol_20d_ema3_regime_volshock_z|ivol_20d_lag1_regime_liq_hi_lag1|ivol_20d_lag1_regime_liq_lo_lag1|ivol_20d_lag1_regime_liq_z_lag1|ivol_20d_lag1_regime_volshock_hi_lag1|ivol_20d_lag1_regime_volshock_lo_lag1|ivol_20d_lag1_regime_volshock_z_lag1|ivol_20d_lag2_regime_liq_hi_lag2|ivol_20d_lag2_regime_liq_z_lag2|ivol_20d_lag2_regime_volshock_hi_lag2|ivol_20d_lag2_regime_volshock_z_lag2|ivol_20d_raw_regime_liq_hi|ivol_20d_raw_regime_liq_lo|ivol_20d_raw_regime_liq_rank|ivol_20d_raw_regime_liq_z|ivol_20d_raw_regime_volshock_hi|ivol_20d_raw_regime_volshock_lo|ivol_20d_raw_regime_volshock_rank|ivol_20d_raw_regime_volshock_z|ivol_20d_sign_regime_liq_hi|ivol_20d_sign_regime_liq_rank|ivol_20d_sign_regime_volshock_hi|ivol_20d_sign_regime_volshock_rank|ivol_20d_signed_square_regime_liq_z|ivol_20d_signed_square_regime_volshock_z|ivol_20d_tanh_regime_liq_z|ivol_20d_tanh_regime_volshock_z,75757,0.0126422250316055,75757,1,0.9873577749683944,0.9988688988095143,0.9873577749683944,1.15,1.1,1.18,1.1,0.0839181358296689,0.0662266178532521,1.0,12.77029224972245,4,14,ivol_20d|ivol_20d|volshock|signed_log|z|z_mul|0,1,27
alpha_mom3_ema3_z_mul_rvol_z,mom3,wave6,mom3,rvol,ema3,z,z_mul,0,survivor:manifest:data\alpha_library_v2\alpha_library_v2.manifest.csv,mom3_clip3_regime_breadth_hi|mom3_clip3_regime_breadth_lo|mom3_clip3_regime_rvol_hi|mom3_clip3_regime_rvol_lo|mom3_ema3_regime_breadth_hi|mom3_ema3_regime_breadth_z|mom3_ema3_regime_rvol_hi|mom3_ema3_regime_rvol_z|mom3_lag1_regime_breadth_hi_lag1|mom3_lag1_regime_breadth_lo_lag1|mom3_lag1_regime_breadth_z_lag1|mom3_lag1_regime_rvol_hi_lag1|mom3_lag1_regime_rvol_lo_lag1|mom3_lag1_regime_rvol_z_lag1|mom3_lag2_regime_breadth_hi_lag2|mom3_lag2_regime_breadth_z_lag2|mom3_lag2_regime_rvol_hi_lag2|mom3_lag2_regime_rvol_z_lag2|mom3_raw_regime_breadth_hi|mom3_raw_regime_breadth_lo|mom3_raw_regime_breadth_rank|mom3_raw_regime_breadth_z|mom3_raw_regime_rvol_hi|mom3_raw_regime_rvol_lo|mom3_raw_regime_rvol_rank|mom3_raw_regime_rvol_z|mom3_sign_regime_breadth_hi|mom3_sign_regime_breadth_rank|mom3_sign_regime_rvol_hi|mom3_sign_regime_rvol_rank|mom3_signed_square_regime_breadth_z|mom3_signed_square_regime_rvol_z|mom3_tanh_regime_breadth_z|mom3_tanh_regime_rvol_z,75854,0.011378002528445,75854,1,0.988621997471555,0.9989826587068782,0.988621997471555,1.15,1.05,1.18,1.1,0.1031421246258793,0.0662266178532521,1.0,12.76715437855634,12,15,mom3|mom3|rvol|ema3|z|z_mul|0,1,28
alpha_gap_ema3_z_mul_liq_z,gap,wave6,gap,liq,ema3,z,z_mul,0,survivor:manifest:data\alpha_library_v2\alpha_library_v2.manifest.csv,gap_clip3_regime_breadth_hi|gap_clip3_regime_breadth_lo|gap_clip3_regime_liq_hi|gap_clip3_regime_liq_lo|gap_clip3_regime_rvol_hi|gap_clip3_regime_rvol_lo|gap_ema3_regime_breadth_hi|gap_ema3_regime_breadth_z|gap_ema3_regime_liq_hi|gap_ema3_regime_liq_z|gap_ema3_regime_rvol_hi|gap_ema3_regime_rvol_z|gap_lag1_regime_breadth_hi_lag1|gap_lag1_regime_breadth_lo_lag1|gap_lag1_regime_breadth_z_lag1|gap_lag1_regime_liq_hi_lag1|gap_lag1_regime_liq_lo_lag1|gap_lag1_regime_liq_z_lag1|gap_lag1_regime_rvol_hi_lag1|gap_lag1_regime_rvol_lo_lag1|gap_lag1_regime_rvol_z_lag1|gap_lag2_regime_breadth_hi_lag2|gap_lag2_regime_breadth_z_lag2|gap_lag2_regime_liq_hi_lag2|gap_lag2_regime_liq_z_lag2|gap_lag2_regime_rvol_hi_lag2|gap_lag2_regime_rvol_z_lag2|gap_raw_regime_breadth_hi|gap_raw_regime_breadth_lo|gap_raw_regime_breadth_rank|gap_raw_regime_breadth_z|gap_raw_regime_liq_hi|gap_raw_regime_liq_lo|gap_raw_regime_liq_rank|gap_raw_regime_liq_z|gap_raw_regime_rvol_hi|gap_raw_regime_rvol_lo|gap_raw_regime_rvol_rank|gap_raw_regime_rvol_z|gap_sign_regime_breadth_hi|gap_sign_regime_breadth_rank|gap_sign_regime_liq_hi|gap_sign_regime_liq_rank|gap_sign_regime_rvol_hi|gap_sign_regime_rvol_rank|gap_signed_square_regime_breadth_z|gap_signed_square_regime_liq_z|gap_signed_square_regime_rvol_z|gap_tanh_regime_breadth_z|gap_tanh_regime_liq_z|gap_tanh_regime_rvol_z,76630,0.0012642225031605,76630,1,0.9987357774968394,0.9998875352651898,0.9987357774968396,1.15,1.05,1.18,1.1,0.0778498944161523,0.0662266178532521,1.0,12.765966910079804,12,16,gap|gap|liq|ema3|z|z_mul|0,1,29
alpha_rev1_ema3_z_mul_liq_z,rev1,wave6,rev1,liq,ema3,z,z_mul,0,survivor:manifest:data\alpha_library_v2\alpha_library_v2.manifest.csv,rev1_clip3_regime_breadth_hi|rev1_clip3_regime_breadth_lo|rev1_clip3_regime_liq_hi|rev1_clip3_regime_liq_lo|rev1_clip3_regime_rvol_hi|rev1_clip3_regime_rvol_lo|rev1_ema3_regime_breadth_hi|rev1_ema3_regime_breadth_z|rev1_ema3_regime_liq_hi|rev1_ema3_regime_liq_z|rev1_ema3_regime_rvol_hi|rev1_ema3_regime_rvol_z|rev1_lag1_regime_breadth_hi_lag1|rev1_lag1_regime_breadth_lo_lag1|rev1_lag1_regime_breadth_z_lag1|rev1_lag1_regime_liq_hi_lag1|rev1_lag1_regime_liq_lo_lag1|rev1_lag1_regime_liq_z_lag1|rev1_lag1_regime_rvol_hi_lag1|rev1_lag1_regime_rvol_lo_lag1|rev1_lag1_regime_rvol_z_lag1|rev1_lag2_regime_breadth_hi_lag2|rev1_lag2_regime_breadth_z_lag2|rev1_lag2_regime_liq_hi_lag2|rev1_lag2_regime_liq_z_lag2|rev1_lag2_regime_rvol_hi_lag2|rev1_lag2_regime_rvol_z_lag2|rev1_raw_regime_breadth_hi|rev1_raw_regime_breadth_lo|rev1_raw_regime_breadth_rank|rev1_raw_regime_breadth_z|rev1_raw_regime_liq_hi|rev1_raw_regime_liq_lo|rev1_raw_regime_liq_rank|rev1_raw_regime_liq_z|rev1_raw_regime_rvol_hi|rev1_raw_regime_rvol_lo|rev1_raw_regime_rvol_rank|rev1_raw_regime_rvol_z|rev1_sign_regime_breadth_hi|rev1_sign_regime_breadth_rank|rev1_sign_regime_liq_hi|rev1_sign_regime_liq_rank|rev1_sign_regime_rvol_hi|rev1_sign_regime_rvol_rank|rev1_signed_square_regime_breadth_z|rev1_signed_square_regime_liq_z|rev1_signed_square_regime_rvol_z|rev1_tanh_regime_breadth_z|rev1_tanh_regime_liq_z|rev1_tanh_regime_rvol_z,76630,0.0012642225031605,76630,1,0.9987357774968394,0.9998875352651898,0.9987357774968396,1.15,1.05,1.18,1.1,0.0778498944161523,0.0662266178532521,1.0,12.765966910079804,12,17,rev1|rev1|liq|ema3|z|z_mul|0,1,30
alpha_intraday_pressure_lag1_regime_liq_z_lag1,intraday_pressure,wave3,intraday_pressure,liq,lag1,z,regime,1,registry:wave3,intraday_pressure,76630,0.0012642225031605,76630,1,0.9987357774968394,0.9998875352651898,0.9987357774968396,1.0,0.95,1.0,1.1,0.2425356250363329,0.1324532357065043,1.0,12.741778885806086,4,5,intraday_pressure|intraday_pressure|liq|lag1|z|regime|1,1,31
alpha_momentum_20d_ema3_regime_liq_z,momentum_20d,wave3,momentum_20d,liq,ema3,z,regime,0,registry:wave3,momentum_20d,74787,0.0252844500632111,74787,1,0.9747155499367888,0.9977232213655428,0.9747155499367888,1.0,1.05,1.0,1.1,0.2425356250363329,0.1324532357065043,1.0,12.718431277156364,1,6,momentum_20d|momentum_20d|liq|ema3|z|regime|0,1,32
alpha_str_3d_signed_square_regime_rvol_z,str_3d,wave2,str_3d,rvol,signed_square,z,regime,0,registry:wave2,str_3d,75854,0.011378002528445,75665,1,0.988621997471555,0.9987608681553634,0.988621997471555,0.95,1.05,1.0,1.1,0.2425356250363329,0.1118033988749894,1.0,12.702240180817109,2,5,str_3d|str_3d|rvol|signed_square|z|regime|0,1,33
alpha_overnight_drift_20d_signed_square_regime_volshock_z,overnight_drift_20d,wave2,overnight_drift_20d,volshock,signed_square,z,regime,0,registry:wave2,overnight_drift_20d,75757,0.0126422250316055,75757,1,0.9873577749683944,0.9988688988095143,0.9873577749683944,0.95,1.05,1.0,1.1,0.2425356250363329,0.1118033988749894,1.0,12.696081114282531,2,7,overnight_drift_20d|overnight_drift_20d|volshock|signed_square|z|regime|0,1,34
alpha_intraday_rs_lag1_regime_rvol_z_lag1,intraday_rs,wave3,intraday_rs,rvol,lag1,z,regime,1,registry:wave3,intraday_rs,75854,0.011378002528445,75854,1,0.988621997471555,0.9989826587068782,0.988621997471555,1.0,0.95,1.0,1.1,0.2425356250363329,0.1324532357065043,1.0,12.689852670842196,4,7,intraday_rs|intraday_rs|rvol|lag1|z|regime|1,1,35
alpha_str_3d_lag1_regime_rvol_z_lag1,str_3d,wave3,str_3d,rvol,lag1,z,regime,1,registry:wave3,str_3d,75854,0.011378002528445,75666,1,0.988621997471555,0.9987620431075608,0.988621997471555,1.0,0.95,1.0,1.1,0.2425356250363329,0.1324532357065043,1.0,12.68952174744322,4,8,str_3d|str_3d|rvol|lag1|z|regime|1,1,36
alpha_overnight_drift_20d_lag1_regime_volshock_z_lag1,overnight_drift_20d,wave3,overnight_drift_20d,volshock,lag1,z,regime,1,registry:wave3,overnight_drift_20d,75660,0.0139064475347661,75660,1,0.986093552465234,0.9987549931614446,0.986093552465234,1.0,0.95,1.0,1.1,0.2425356250363329,0.1324532357065043,1.0,12.67686894749244,4,9,overnight_drift_20d|overnight_drift_20d|volshock|lag1|z|regime|1,1,37
alpha_intraday_pressure_lag2_regime_liq_z_lag2,intraday_pressure,wave3,intraday_pressure,liq,lag2,z,regime,2,registry:wave3,intraday_pressure,76533,0.0025284450063211,76533,1,0.9974715549936788,0.9997749280816194,0.9974715549936788,1.0,0.85,1.0,1.1,0.2425356250363329,0.1324532357065043,1.0,12.635288862514928,5,10,intraday_pressure|intraday_pressure|liq|lag2|z|regime|2,1,38
alpha_momentum_20d_signed_square_regime_liq_z,momentum_20d,wave2,momentum_20d,liq,signed_square,z,regime,0,registry:wave2,momentum_20d,74787,0.0252844500632111,74712,1,0.9747155499367888,0.9976340200947484,0.9747155499367888,0.95,1.05,1.0,1.1,0.2425356250363329,0.1118033988749894,1.0,12.631017671052357,2,9,momentum_20d|momentum_20d|liq|signed_square|z|regime|0,1,39
alpha_momentum_20d_lag1_regime_liq_z_lag1,momentum_20d,wave3,momentum_20d,liq,lag1,z,regime,1,registry:wave3,momentum_20d,74690,0.0265486725663716,74615,1,0.9734513274336284,0.9975185202294068,0.9734513274336284,1.0,0.95,1.0,1.1,0.2425356250363329,0.1324532357065043,1.0,12.611803112936355,4,11,momentum_20d|momentum_20d|liq|lag1|z|regime|1,1,40
alpha_intraday_pressure_ema3_regime_liq_hi,intraday_pressure,wave3,intraday_pressure,liq,ema3,hi,regime,0,registry:wave3,intraday_pressure,76727,0.0,23731,1,1.0,0.8956756704265406,1.0,1.0,1.05,1.0,1.0,0.2425356250363329,0.1324532357065043,1.0,12.611782201063916,6,12,intraday_pressure|intraday_pressure|liq|ema3|hi|regime|0,1,41
alpha_intraday_rs_ema3_regime_rvol_hi,intraday_rs,wave3,intraday_rs,rvol,ema3,hi,regime,0,registry:wave3,intraday_rs,76630,0.0012642225031605,23461,1,0.9987357774968394,0.8946584020273665,0.9987357774968396,1.0,1.05,1.0,1.0,0.2425356250363329,0.1324532357065043,1.0,12.603935185949352,5,13,intraday_rs|intraday_rs|rvol|ema3|hi|regime|0,1,42
alpha_str_3d_ema3_regime_rvol_hi,str_3d,wave3,str_3d,rvol,ema3,hi,regime,0,registry:wave3,str_3d,76436,0.0037926675094816,23461,1,0.9962073324905184,0.8946584020273665,0.9962073324905184,1.0,1.05,1.0,1.0,0.2425356250363329,0.1324532357065043,1.0,12.591292960917746,5,14,str_3d|str_3d|rvol|ema3|hi|regime|0,1,43
alpha_intraday_rs_lag2_regime_rvol_z_lag2,intraday_rs,wave3,intraday_rs,rvol,lag2,z,regime,2,registry:wave3,intraday_rs,75854,0.011378002528445,75854,1,0.988621997471555,0.9989826587068782,0.988621997471555,1.0,0.85,1.0,1.1,0.2425356250363329,0.1324532357065043,1.0,12.589852670842197,6,15,intraday_rs|intraday_rs|rvol|lag2|z|regime|2,1,44
alpha_str_3d_lag2_regime_rvol_z_lag2,str_3d,wave3,str_3d,rvol,lag2,z,regime,2,registry:wave3,str_3d,75854,0.011378002528445,75666,1,0.988621997471555,0.9987620431075608,0.988621997471555,1.0,0.85,1.0,1.1,0.2425356250363329,0.1324532357065043,1.0,12.58952174744322,6,16,str_3d|str_3d|rvol|lag2|z|regime|2,1,45
alpha_overnight_drift_20d_lag2_regime_volshock_z_lag2,overnight_drift_20d,wave3,overnight_drift_20d,volshock,lag2,z,regime,2,registry:wave3,overnight_drift_20d,75563,0.0151706700379266,75563,1,0.9848293299620732,0.9986409413887144,0.9848293299620734,1.0,0.85,1.0,1.1,0.2425356250363329,0.1324532357065043,1.0,12.570376757317543,5,17,overnight_drift_20d|overnight_drift_20d|volshock|lag2|z|regime|2,1,46
alpha_overnight_drift_20d_ema3_regime_volshock_hi,overnight_drift_20d,wave3,overnight_drift_20d,volshock,ema3,hi,regime,0,registry:wave3,overnight_drift_20d,75757,0.0126422250316055,23431,1,0.9873577749683944,0.8945446503330295,0.9873577749683944,1.0,1.05,1.0,1.0,0.2425356250363329,0.1324532357065043,1.0,12.546874545765622,6,18,overnight_drift_20d|overnight_drift_20d|volshock|ema3|hi|regime|0,1,47
alpha_momentum_20d_lag2_regime_liq_z_lag2,momentum_20d,wave3,momentum_20d,liq,lag2,z,regime,2,registry:wave3,momentum_20d,74593,0.0278128950695322,74518,1,0.9721871049304678,0.9974028701177772,0.9721871049304678,1.0,0.85,1.0,1.1,0.2425356250363329,0.1324532357065043,1.0,12.50530852525311,5,19,momentum_20d|momentum_20d|liq|lag2|z|regime|2,1,48
alpha_intraday_pressure_lag1_regime_liq_hi_lag1,intraday_pressure,wave3,intraday_pressure,liq,lag1,hi,regime,1,registry:wave3,intraday_pressure,76630,0.0012642225031605,23697,1,0.9987357774968394,0.8955482087266547,0.9987357774968396,1.0,0.95,1.0,1.0,0.2425356250363329,0.1324532357065043,1.0,12.505269895998284,7,20,intraday_pressure|intraday_pressure|liq|lag1|hi|regime|1,1,49
alpha_intraday_pressure_lag1_regime_liq_lo_lag1,intraday_pressure,wave3,intraday_pressure,liq,lag1,lo,regime,1,registry:wave3,intraday_pressure,76630,0.0012642225031605,22885,1,0.9987357774968394,0.892448527150387,0.9987357774968396,1.0,0.95,1.0,1.0,0.2425356250363329,0.1324532357065043,1.0,12.50062037363388,8,21,intraday_pressure|intraday_pressure|liq|lag1|lo|regime|1,1,50
alpha_intraday_rs_lag1_regime_rvol_hi_lag1,intraday_rs,wave3,intraday_rs,rvol,lag1,hi,regime,1,registry:wave3,intraday_rs,76533,0.0025284450063211,23445,1,0.9974715549936788,0.8945977525696092,0.9974715549936788,1.0,0.95,1.0,1.0,0.2425356250363329,0.1324532357065043,1.0,12.497523099246912,7,22,intraday_rs|intraday_rs|rvol|lag1|hi|regime|1,1,51
alpha_intraday_rs_lag1_regime_rvol_lo_lag1,intraday_rs,wave3,intraday_rs,rvol,lag1,lo,regime,1,registry:wave3,intraday_rs,76533,0.0025284450063211,22673,1,0.9974715549936788,0.8916211393379205,0.9974715549936788,1.0,0.95,1.0,1.0,0.2425356250363329,0.1324532357065043,1.0,12.493058179399378,8,23,intraday_rs|intraday_rs|rvol|lag1|lo|regime|1,1,52
alpha_str_3d_lag1_regime_rvol_hi_lag1,str_3d,wave3,str_3d,rvol,lag1,hi,regime,1,registry:wave3,str_3d,76339,0.0050568900126422,23298,1,0.9949431099873578,0.8940385908373994,0.9949431099873578,1.0,0.95,1.0,1.0,0.2425356250363329,0.1324532357065043,1.0,12.484042131616992,7,24,str_3d|str_3d|rvol|lag1|hi|regime|1,1,53
alpha_momentum_20d_ema3_regime_liq_hi,momentum_20d,wave3,momentum_20d,liq,ema3,hi,regime,0,registry:wave3,momentum_20d,74787,0.0252844500632111,23131,1,0.9747155499367888,0.8933990560896106,0.9747155499367888,1.0,1.05,1.0,1.0,0.2425356250363329,0.1324532357065043,1.0,12.481945029242464,6,25,momentum_20d|momentum_20d|liq|ema3|hi|regime|0,1,54
alpha_str_3d_lag1_regime_rvol_lo_lag1,str_3d,wave3,str_3d,rvol,lag1,lo,regime,1,registry:wave3,str_3d,76339,0.0050568900126422,22527,1,0.9949431099873578,0.891046823815458,0.9949431099873578,1.0,0.95,1.0,1.0,0.2425356250363329,0.1324532357065043,1.0,12.47955448108408,8,26,str_3d|str_3d|rvol|lag1|lo|regime|1,1,55
alpha_overnight_drift_20d_lag1_regime_volshock_hi_lag1,overnight_drift_20d,wave3,overnight_drift_20d,volshock,lag1,hi,regime,1,registry:wave3,overnight_drift_20d,75660,0.0139064475347661,23400,1,0.986093552465234,0.8944269538140699,0.986093552465234,1.0,0.95,1.0,1.0,0.2425356250363329,0.1324532357065043,1.0,12.44037688847138,7,27,overnight_drift_20d|overnight_drift_20d|volshock|lag1|hi|regime|1,1,56
alpha_overnight_drift_20d_lag1_regime_volshock_lo_lag1,overnight_drift_20d,wave3,overnight_drift_20d,volshock,lag1,lo,regime,1,registry:wave3,overnight_drift_20d,75660,0.0139064475347661,22621,1,0.986093552465234,0.8914170137156182,0.986093552465234,1.0,0.95,1.0,1.0,0.2425356250363329,0.1324532357065043,1.0,12.4358619783237,8,28,overnight_drift_20d|overnight_drift_20d|volshock|lag1|lo|regime|1,1,57
alpha_intraday_pressure_clip3_regime_liq_hi,intraday_pressure,wave2,intraday_pressure,liq,clip3,hi,regime,0,registry:wave2,intraday_pressure,76727,0.0,23088,1,1.0,0.8932336379687612,1.0,0.95,0.95,1.0,1.0,0.2425356250363329,0.1118033988749894,1.0,12.42083934817943,10,11,intraday_pressure|intraday_pressure|liq|clip3|hi|regime|0,1,58


