
PS C:\Users\Dmytro Govor\Documents\Python-Edge> python .\scripts\run_execution_loop.py
[CFG] live_feature_snapshot_file=artifacts\live_alpha\live_feature_snapshot.parquet
[CFG] freeze_root=artifacts\freeze_runner
[CFG] execution_root=artifacts\execution_loop
[CFG] account_nav=100000.0
[CFG] configs=['optimal', 'aggressive']
[CFG] allow_fractional_shares=1 fractional_mode=auto fractional_enabled_effective=1 min_order_notional=25.0 skip_empty_freeze_configs=1 require_freeze_date_match_live_prices=1
[CFG] max_single_name_weight=0.05 max_single_name_notional=10000.0 min_price_to_trade=1.0 max_price_to_trade=1000.0
[DATA] current_date=2026-03-25 price_col=close symbols=500 snapshot_fallback_count=0
[EXEC][optimal] loading freeze artifacts
[EXEC][optimal] starting_nav=94937.97 ending_nav=94937.97 cash_after=85483.30 market_value_after=9454.67 nav_recon_error=0.000000 order_count=3 active_names=5 gross_target=0.1000 price_col=close merged_missing_prices=0 fallback_price_rows=0 mtm_fallback_count=0 fractional_enabled_effective=1
[EXEC][optimal][RISK] dropped_price_below_min=0 dropped_price_above_max=0 clipped_weight_cap=0 clipped_notional_cap=0
[EXEC][optimal][ORDERS_TOP]
symbol order_side  delta_shares  price  order_notional  target_weight  target_shares_raw  target_shares        skip_reason
  AAOI        BUY      0.436271 114.41       49.913806       0.011372           9.436271       9.436271                 
  MAZE        BUY      0.934516  31.73       29.652191       0.026047          77.934516      77.934516                 
  DOCN        BUY      0.323708  87.00       28.162608       0.014959          16.323708      16.323708                 
  UGRO       HOLD      0.000000  36.29        0.000000       0.029694          77.682157      77.682157 below_min_notional
    VG       HOLD      0.000000  16.71        0.000000       0.017928         101.860138     101.860138 below_min_notional
[EXEC][optimal][POSITIONS_MTM_TOP]
symbol     shares  last_price  market_value
  UGRO  77.000000       36.29   2794.330000
  MAZE  77.934516       31.73   2472.862191
    VG 101.000000       16.71   1687.710000
  DOCN  16.323708       87.00   1420.162608
  AAOI   9.436271      114.41   1079.603806
[ARTIFACT] artifacts\execution_loop\optimal\target_book.csv
[ARTIFACT] artifacts\execution_loop\optimal\orders.csv
[ARTIFACT] artifacts\execution_loop\optimal\positions_mark_to_market.csv
[ARTIFACT] artifacts\execution_loop\optimal\portfolio_state.json
[ARTIFACT] artifacts\execution_loop\optimal\execution_log.csv
[EXEC][aggressive] loading freeze artifacts
[EXEC][aggressive] starting_nav=102661.45 ending_nav=102661.45 cash_after=82220.34 market_value_after=20441.11 nav_recon_error=0.000000 order_count=6 active_names=15 gross_target=0.2000 price_col=close merged_missing_prices=0 fallback_price_rows=0 mtm_fallback_count=0 fractional_enabled_effective=1
[EXEC][aggressive][RISK] dropped_price_below_min=0 dropped_price_above_max=0 clipped_weight_cap=0 clipped_notional_cap=0
[EXEC][aggressive][ORDERS_TOP]
symbol order_side  delta_shares  price  order_notional  target_weight  target_shares_raw  target_shares        skip_reason
   MPC        BUY      0.679081 241.25      163.828269       0.008646           3.679081       3.679081                 
   LNG        BUY      0.555533 284.39      157.987956       0.009849           3.555533       3.555533                 
  DOCN        BUY      0.651689  87.00       56.696967       0.014959          17.651689      17.651689                 
  AAOI        BUY      0.377086 114.41       43.142407       0.014908          13.377086      13.377086                 
    CF        BUY      0.299652 128.11       38.388399       0.009109           7.299652       7.299652                 
  SNDK        BUY      0.038182 677.86       25.882271       0.013458           2.038182       2.038182                 
   APA       HOLD      0.000000  41.32        0.000000       0.008982          22.315221      22.315221 below_min_notional
   JHG       HOLD      0.000000  51.42        0.000000       0.010191          20.346725      20.346725 below_min_notional
  LBRT       HOLD      0.000000  28.80        0.000000       0.012503          44.568225      44.568225 below_min_notional
  MAZE       HOLD      0.000000  31.73        0.000000       0.026047          84.274715      84.274715 below_min_notional
  ONON       HOLD      0.000000  35.16        0.000000       0.008773          25.615074      25.615074 below_min_notional
   OVV       HOLD      0.000000  60.14        0.000000       0.007635          13.033414      13.033414 below_min_notional
   OXY       HOLD      0.000000  61.85        0.000000       0.007318          12.147041      12.147041 below_min_notional
  UGRO       HOLD      0.000000  36.29        0.000000       0.029694          84.001827      84.001827 below_min_notional
    VG       HOLD      0.000000  16.71        0.000000       0.017928         110.146756     110.146756 below_min_notional
[EXEC][aggressive][POSITIONS_MTM_TOP]
symbol     shares  last_price  market_value
  UGRO  84.000000       36.29   3048.360000
  MAZE  84.000000       31.73   2665.320000
    VG 110.000000       16.71   1838.100000
  DOCN  17.651689       87.00   1535.696967
  AAOI  13.377086      114.41   1530.472407
  SNDK   2.038182      677.86   1381.602271
  LBRT  44.000000       28.80   1267.200000
   JHG  20.000000       51.42   1028.400000
   LNG   3.555533      284.39   1011.157956
    CF   7.299652      128.11    935.158399
   APA  22.000000       41.32    909.040000
   MPC   3.679081      241.25    887.578269
  ONON  25.000000       35.16    879.000000
   OVV  13.000000       60.14    781.820000
   OXY  12.000000       61.85    742.200000
[ARTIFACT] artifacts\execution_loop\aggressive\target_book.csv
[ARTIFACT] artifacts\execution_loop\aggressive\orders.csv
[ARTIFACT] artifacts\execution_loop\aggressive\positions_mark_to_market.csv
[ARTIFACT] artifacts\execution_loop\aggressive\portfolio_state.json
[ARTIFACT] artifacts\execution_loop\aggressive\execution_log.csv
[FINAL] execution loop complete