
PS C:\Users\Dmytro Govor\Documents\Python-Edge> python .\scripts\run_residual_portfolio_sim.py
[CFG] dataset_root=D:\massive_dataset
[CFG] residual_direction=long_high_short_low
[CFG] top_pct=0.1 bottom_pct=0.1 max_names_per_side=10
[CFG] hold_days=3 entry_mode=next_open delay_days=0
[CFG] gross_target=1.0 side_target=0.5 max_weight_per_name=0.1
[CFG] tc_bps_one_way=5.0 sizing_preset=production_residual
[SIM] days=790 active_rows=76533
[SIM] equity_end=1.0875 ann_ret~=+0.0455 ann_vol~=+0.1936 sharpe~=+0.2350
[SIM] avg_gross_before=0.8735 avg_net_before=+0.0049 avg_turnover=0.5403
[SIM] avg_positions_before=25.96 avg_tc_cost=0.000270

[SIM] daily head
      date  gross_exposure_before  net_exposure_before  n_positions_before  day_ret_gross  turnover  tc_cost  day_ret_net  gross_exposure_after  net_exposure_after  n_positions_after   equity
2023-01-04               0.000000             0.000000                   0       0.000000  0.000000 0.000000     0.000000              0.000000            0.000000                  0 1.000000
2023-01-05               0.000000             0.000000                   0       0.000000  0.333333 0.000167    -0.000167              0.333333            0.014726                 12 0.999833
2023-01-06               0.333333             0.014726                  12       0.002213  0.333333 0.000167     0.002046              0.666667            0.029451                 22 1.001879
2023-01-09               0.666667             0.029451                  22      -0.003299  0.333333 0.000167    -0.003465              0.914732            0.041842                 28 0.998407
2023-01-10               0.914732             0.041842                  28       0.000834  0.666667 0.000333     0.000501              0.733676            0.028395                 30 0.998907
2023-01-11               0.733676             0.028395                  30      -0.000503  0.606260 0.000303    -0.000806              0.888093            0.026061                 29 0.998102
2023-01-12               0.888093             0.026061                  29      -0.001162  0.606260 0.000303    -0.001465              0.904978            0.013670                 28 0.996640
2023-01-13               0.904978             0.013670                  28      -0.007569  0.641091 0.000321    -0.007890              1.000000            0.024782                 25 0.988777
2023-01-17               1.000000             0.024782                  25      -0.004386  0.443583 0.000222    -0.004608              1.000000            0.032824                 22 0.984221
2023-01-18               1.000000             0.032824                  22       0.012050  0.406533 0.000203     0.011847              1.000000            0.045215                 24 0.995881
2023-01-19               1.000000             0.045215                  24       0.011533  0.598990 0.000299     0.011234              0.866985            0.017234                 28 1.007069
2023-01-20               0.866985             0.017234                  28      -0.017641  0.576829 0.000288    -0.017930              0.809740           -0.011725                 30 0.989012
2023-01-23               0.809740            -0.011725                  30      -0.005896  0.398922 0.000199    -0.006096              0.661029           -0.030537                 27 0.982983
2023-01-24               0.661029            -0.030537                  27       0.003406  0.598990 0.000299     0.003107              0.703467           -0.027128                 24 0.986037
2023-01-25               0.703467            -0.027128                  24      -0.000899  0.627451 0.000314    -0.001213              1.000000           -0.028405                 24 0.984842
2023-01-26               1.000000            -0.028405                  24      -0.014578  0.295303 0.000148    -0.014726              1.000000           -0.014914                 24 0.970339
2023-01-27               1.000000            -0.014914                  24      -0.018114  0.246541 0.000123    -0.018237              1.000000           -0.002733                 23 0.952643
2023-01-30               1.000000            -0.002733                  23       0.023167  0.427045 0.000214     0.022953              1.000000           -0.008520                 25 0.974509
2023-01-31               1.000000            -0.008520                  25      -0.010648  0.545394 0.000273    -0.010921              0.910065            0.018140                 31 0.963867
2023-02-01               0.910065             0.018140                  31      -0.018479  0.374904 0.000187    -0.018666              0.822868            0.030531                 28 0.945875

[SIM] activated sleeve positions head
  sim_date signal_date activation_date  sleeve_idx       date symbol     score  side  side_sized  target_weight  ret_realized  anchor_ret  residual_raw
2023-01-05  2023-01-04      2023-01-05           1 2023-01-04   AAPL -0.175951     0        0.00       0.000000      0.010314    0.023164     -0.016459
2023-01-05  2023-01-04      2023-01-05           1 2023-01-04   ABBV -0.327224     0        0.00       0.000000      0.008067    0.023164     -0.017920
2023-01-05  2023-01-04      2023-01-05           1 2023-01-04   ADBE  0.026874     0        0.00       0.000000      0.013327    0.023164     -0.014501
2023-01-05  2023-01-04      2023-01-05           1 2023-01-04    AMD -0.197318     0        0.00       0.000000      0.009997    0.023164     -0.016666
2023-01-05  2023-01-04      2023-01-05           1 2023-01-04   AMZN -1.403908    -1       -0.00       0.000000     -0.007924    0.023164     -0.028314
2023-01-05  2023-01-04      2023-01-05           1 2023-01-04   ARKK  2.047386     1        0.60       0.012431      0.043336    0.023164      0.005004
2023-01-05  2023-01-04      2023-01-05           1 2023-01-04   AVGO -0.048063     0        0.00       0.000000      0.012214    0.023164     -0.015225
2023-01-05  2023-01-04      2023-01-05           1 2023-01-04     BA  0.709222     0        0.00       0.000000      0.042223    0.035359     -0.007914
2023-01-05  2023-01-04      2023-01-05           1 2023-01-04    BAC -0.867850     0        0.00       0.000000      0.018800    0.035359     -0.023139
2023-01-05  2023-01-04      2023-01-05           1 2023-01-04    BLK -1.201325     0        0.00       0.000000      0.013848    0.035359     -0.026358
2023-01-05  2023-01-04      2023-01-05           1 2023-01-04      C  1.265679     0        0.00       0.000000      0.025775    0.019296     -0.002542
2023-01-05  2023-01-04      2023-01-05           1 2023-01-04    CAT  0.229217     0        0.00       0.000000      0.010382    0.019296     -0.012548
2023-01-05  2023-01-04      2023-01-05           1 2023-01-04    COP -0.338845     0        0.00       0.000000      0.001945    0.019296     -0.018032
2023-01-05  2023-01-04      2023-01-05           1 2023-01-04   COST  0.017421     0        0.00       0.000000      0.007236    0.019296     -0.014593
2023-01-05  2023-01-04      2023-01-05           1 2023-01-04    CRM  1.933080     1        0.00       0.000000      0.035688    0.019296      0.003901
2023-01-05  2023-01-04      2023-01-05           1 2023-01-04   CSCO -1.017536     0        0.00       0.000000     -0.008135    0.019296     -0.024584
2023-01-05  2023-01-04      2023-01-05           1 2023-01-04    CVX -1.185702     0        0.00       0.000000     -0.010633    0.019296     -0.026207
2023-01-05  2023-01-04      2023-01-05           1 2023-01-04    DBA -0.484729     0        0.00       0.000000     -0.012042    0.011613     -0.019440
2023-01-05  2023-01-04      2023-01-05           1 2023-01-04    DBC -0.877255     0        0.00       0.000000     -0.017872    0.011613     -0.023230
2023-01-05  2023-01-04      2023-01-05           1 2023-01-04     DE  0.197534     0        0.00       0.000000     -0.001909    0.011613     -0.012854
2023-01-05  2023-01-04      2023-01-05           1 2023-01-04    DIA  0.598468     0        0.00       0.000000      0.004046    0.011613     -0.008983
2023-01-05  2023-01-04      2023-01-05           1 2023-01-04    DIS  2.603969     1        1.15       0.023825      0.033832    0.011613      0.010378
2023-01-05  2023-01-04      2023-01-05           1 2023-01-04    EEM  1.438147     0        0.00       0.000000      0.030089    0.020435     -0.000877
2023-01-05  2023-01-04      2023-01-05           1 2023-01-04    EFA  0.307001     0        0.00       0.000000      0.013289    0.020435     -0.011797
2023-01-05  2023-01-04      2023-01-05           1 2023-01-04    EOG -0.636446     0        0.00       0.000000     -0.000723    0.020435     -0.020905
2023-01-05  2023-01-04      2023-01-05           1 2023-01-04    EWJ -1.252442     0        0.00       0.000000     -0.009872    0.020435     -0.026852
2023-01-05  2023-01-04      2023-01-05           1 2023-01-04    EWZ  0.582530     0        0.00       0.000000      0.017381    0.020435     -0.009137
2023-01-05  2023-01-04      2023-01-05           1 2023-01-04    FDX -1.987693    -1       -1.15      -0.034806      0.023580    0.054081     -0.038755
2023-01-05  2023-01-04      2023-01-05           1 2023-01-04    FXI  0.221218     0        0.00       0.000000      0.063779    0.054081     -0.012625
2023-01-05  2023-01-04      2023-01-05           1 2023-01-04     GE  2.810851     1        1.15       0.023825      0.058203    0.025457      0.012375
[18:22:07] [DONE] Residual production portfolio simulator completed.

[EXIT] code=0
Press Enter to exit...
PS C:\Users\Dmytro Govor\Documents\Python-Edge>
PS C:\Users\Dmytro Govor\Documents\Python-Edge> if ($LASTEXITCODE -ne 0) {
>>     throw "run_residual_portfolio_sim.py failed"
>> }
PS C:\Users\Dmytro Govor\Documents\Python-Edge> Set-StrictMode -Version Latest
PS C:\Users\Dmytro Govor\Documents\Python-Edge> $ErrorActionPreference = "Stop"
PS C:\Users\Dmytro Govor\Documents\Python-Edge>
PS C:\Users\Dmytro Govor\Documents\Python-Edge> Set-Location "C:\Users\Dmytro Govor\Documents\Python-Edge"
PS C:\Users\Dmytro Govor\Documents\Python-Edge>
PS C:\Users\Dmytro Govor\Documents\Python-Edge> python -c "import ast; ast.parse(open(r'.\scripts\run_residual_portfolio_sim.py','rb').read())"
PS C:\Users\Dmytro Govor\Documents\Python-Edge> if ($LASTEXITCODE -ne 0) {
>>     throw "AST parse failed: run_residual_portfolio_sim.py"
>> }
PS C:\Users\Dmytro Govor\Documents\Python-Edge>
PS C:\Users\Dmytro Govor\Documents\Python-Edge> $env:PYTHONUNBUFFERED = "1"
PS C:\Users\Dmytro Govor\Documents\Python-Edge> $env:DATASET_ROOT = "D:\massive_dataset"
PS C:\Users\Dmytro Govor\Documents\Python-Edge> $env:START = "2023-01-01"
PS C:\Users\Dmytro Govor\Documents\Python-Edge> $env:END = "2026-02-28"
PS C:\Users\Dmytro Govor\Documents\Python-Edge> $env:RESIDUAL_DIRECTION = "long_high_short_low"
PS C:\Users\Dmytro Govor\Documents\Python-Edge> $env:MIN_ABS_RANK_PCT = "0.80"
PS C:\Users\Dmytro Govor\Documents\Python-Edge> $env:HOLD_DAYS = "3"
PS C:\Users\Dmytro Govor\Documents\Python-Edge> $env:ENTRY_MODE = "next_open"
PS C:\Users\Dmytro Govor\Documents\Python-Edge> $env:SIGNAL_DELAY_DAYS = "0"
PS C:\Users\Dmytro Govor\Documents\Python-Edge> $env:GROSS_TARGET = "1.00"
PS C:\Users\Dmytro Govor\Documents\Python-Edge> $env:SIDE_TARGET = "0.50"
PS C:\Users\Dmytro Govor\Documents\Python-Edge> $env:MAX_WEIGHT_PER_NAME = "0.10"
PS C:\Users\Dmytro Govor\Documents\Python-Edge> $env:TC_BPS_ONE_WAY = "5.0"
PS C:\Users\Dmytro Govor\Documents\Python-Edge> $env:SIZING_PRESET = "production_residual"
PS C:\Users\Dmytro Govor\Documents\Python-Edge> $env:SEED = "7"
PS C:\Users\Dmytro Govor\Documents\Python-Edge>
PS C:\Users\Dmytro Govor\Documents\Python-Edge> $topGrid = @("0.02", "0.05", "0.10", "0.20")
PS C:\Users\Dmytro Govor\Documents\Python-Edge>
PS C:\Users\Dmytro Govor\Documents\Python-Edge> foreach ($top in $topGrid) {
>>     $env:TOP_PCT = $top
>>     $env:BOTTOM_PCT = $top
>>
>>     $maxNames = switch ($top) {
>>         "0.02" { "5" }
>>         "0.05" { "8" }
>>         "0.10" { "10" }
>>         default { "15" }
>>     }
>>     $env:MAX_NAMES_PER_SIDE = $maxNames
>>
>>     Write-Host ""
>>     Write-Host "============================================================"
>>     Write-Host "[RUN] TOP_PCT=$top BOTTOM_PCT=$top MAX_NAMES_PER_SIDE=$maxNames"
>>     Write-Host "============================================================"
>>     Write-Host ""
>>
>>     python .\scripts\run_residual_portfolio_sim.py
>>
>>     if ($LASTEXITCODE -ne 0) {
>>         throw "run_residual_portfolio_sim.py failed for TOP_PCT=$top"
>>     }
>> }

============================================================
[RUN] TOP_PCT=0.02 BOTTOM_PCT=0.02 MAX_NAMES_PER_SIDE=5
============================================================

[CFG] dataset_root=D:\massive_dataset
[CFG] residual_direction=long_high_short_low
[CFG] top_pct=0.02 bottom_pct=0.02 max_names_per_side=5
[CFG] hold_days=3 entry_mode=next_open delay_days=0
[CFG] gross_target=1.0 side_target=0.5 max_weight_per_name=0.1
[CFG] tc_bps_one_way=5.0 sizing_preset=production_residual
[SIM] days=790 active_rows=76533
[SIM] equity_end=1.0875 ann_ret~=+0.0619 ann_vol~=+0.2664 sharpe~=+0.2325
[SIM] avg_gross_before=0.9244 avg_net_before=+0.0685 avg_turnover=0.5800
[SIM] avg_positions_before=9.05 avg_tc_cost=0.000290

[SIM] daily head
      date  gross_exposure_before  net_exposure_before  n_positions_before  day_ret_gross  turnover  tc_cost  day_ret_net  gross_exposure_after  net_exposure_after  n_positions_after   equity
2023-01-04               0.000000         0.000000e+00                   0       0.000000  0.000000 0.000000     0.000000              0.000000        0.000000e+00                  0 1.000000
2023-01-05               0.000000         0.000000e+00                   0       0.000000  0.333333 0.000167    -0.000167              0.333333        0.000000e+00                  4 0.999833
2023-01-06               0.333333         0.000000e+00                   4       0.002541  0.333333 0.000167     0.002375              0.666667        0.000000e+00                  7 1.002207
2023-01-09               0.666667         0.000000e+00                   7      -0.004906  0.333333 0.000167    -0.005073              1.000000        0.000000e+00                 11 0.997124
2023-01-10               1.000000         0.000000e+00                  11      -0.000894  0.666667 0.000333    -0.001227              0.833333        0.000000e+00                 10 0.995900
2023-01-11               0.833333         0.000000e+00                  10      -0.000658  0.666667 0.000333    -0.000992              1.000000        0.000000e+00                 12 0.994912
2023-01-12               1.000000         0.000000e+00                  12       0.004456  0.666667 0.000333     0.004123              1.000000        0.000000e+00                 12 0.999014
2023-01-13               1.000000         0.000000e+00                  12      -0.007290  0.666667 0.000333    -0.007623              1.000000        0.000000e+00                 11 0.991399
2023-01-17               1.000000         0.000000e+00                  11      -0.011783  0.666667 0.000333    -0.012116              1.000000        0.000000e+00                  9 0.979386
2023-01-18               1.000000         0.000000e+00                   9       0.019220  0.500000 0.000250     0.018970              1.000000        0.000000e+00                 10 0.997966
2023-01-19               1.000000         0.000000e+00                  10       0.012797  0.666667 0.000333     0.012464              1.000000        0.000000e+00                 11 1.010404
2023-01-20               1.000000         0.000000e+00                  11      -0.030346  0.666667 0.000333    -0.030679              0.666667        0.000000e+00                  8 0.979406
2023-01-23               0.666667         0.000000e+00                   8      -0.006621  0.500000 0.000250    -0.006871              0.666667        0.000000e+00                  8 0.972676
2023-01-24               0.666667         0.000000e+00                   8       0.003423  0.666667 0.000333     0.003089              0.500000        0.000000e+00                  5 0.975681
2023-01-25               0.500000         0.000000e+00                   5      -0.001542  0.666667 0.000333    -0.001875              1.000000       -1.387779e-17                  8 0.973851
2023-01-26               1.000000        -1.387779e-17                   8      -0.021365  0.333333 0.000167    -0.021531              1.000000       -1.387779e-17                  7 0.952882
2023-01-27               1.000000        -1.387779e-17                   7      -0.033883  0.333333 0.000167    -0.034050              1.000000        0.000000e+00                  8 0.920437
2023-01-30               1.000000         0.000000e+00                   8       0.036549  0.500000 0.000250     0.036299              1.000000        0.000000e+00                 10 0.953848
2023-01-31               1.000000         0.000000e+00                  10      -0.015794  0.500000 0.000250    -0.016044              1.000000        0.000000e+00                 11 0.938544
2023-02-01               1.000000         0.000000e+00                  11      -0.018430  0.500000 0.000250    -0.018680              1.000000       -1.387779e-17                 10 0.921012

[SIM] activated sleeve positions head
  sim_date signal_date activation_date  sleeve_idx       date symbol     score  side  side_sized  target_weight  ret_realized  anchor_ret  residual_raw
2023-01-05  2023-01-04      2023-01-05           1 2023-01-04   AAPL -0.175951     0        0.00       0.000000      0.010314    0.023164     -0.016459
2023-01-05  2023-01-04      2023-01-05           1 2023-01-04   ABBV -0.327224     0        0.00       0.000000      0.008067    0.023164     -0.017920
2023-01-05  2023-01-04      2023-01-05           1 2023-01-04   ADBE  0.026874     0        0.00       0.000000      0.013327    0.023164     -0.014501
2023-01-05  2023-01-04      2023-01-05           1 2023-01-04    AMD -0.197318     0        0.00       0.000000      0.009997    0.023164     -0.016666
2023-01-05  2023-01-04      2023-01-05           1 2023-01-04   AMZN -1.403908     0        0.00       0.000000     -0.007924    0.023164     -0.028314
2023-01-05  2023-01-04      2023-01-05           1 2023-01-04   ARKK  2.047386     0        0.00       0.000000      0.043336    0.023164      0.005004
2023-01-05  2023-01-04      2023-01-05           1 2023-01-04   AVGO -0.048063     0        0.00       0.000000      0.012214    0.023164     -0.015225
2023-01-05  2023-01-04      2023-01-05           1 2023-01-04     BA  0.709222     0        0.00       0.000000      0.042223    0.035359     -0.007914
2023-01-05  2023-01-04      2023-01-05           1 2023-01-04    BAC -0.867850     0        0.00       0.000000      0.018800    0.035359     -0.023139
2023-01-05  2023-01-04      2023-01-05           1 2023-01-04    BLK -1.201325     0        0.00       0.000000      0.013848    0.035359     -0.026358
2023-01-05  2023-01-04      2023-01-05           1 2023-01-04      C  1.265679     0        0.00       0.000000      0.025775    0.019296     -0.002542
2023-01-05  2023-01-04      2023-01-05           1 2023-01-04    CAT  0.229217     0        0.00       0.000000      0.010382    0.019296     -0.012548
2023-01-05  2023-01-04      2023-01-05           1 2023-01-04    COP -0.338845     0        0.00       0.000000      0.001945    0.019296     -0.018032
2023-01-05  2023-01-04      2023-01-05           1 2023-01-04   COST  0.017421     0        0.00       0.000000      0.007236    0.019296     -0.014593
2023-01-05  2023-01-04      2023-01-05           1 2023-01-04    CRM  1.933080     0        0.00       0.000000      0.035688    0.019296      0.003901
2023-01-05  2023-01-04      2023-01-05           1 2023-01-04   CSCO -1.017536     0        0.00       0.000000     -0.008135    0.019296     -0.024584
2023-01-05  2023-01-04      2023-01-05           1 2023-01-04    CVX -1.185702     0        0.00       0.000000     -0.010633    0.019296     -0.026207
2023-01-05  2023-01-04      2023-01-05           1 2023-01-04    DBA -0.484729     0        0.00       0.000000     -0.012042    0.011613     -0.019440
2023-01-05  2023-01-04      2023-01-05           1 2023-01-04    DBC -0.877255     0        0.00       0.000000     -0.017872    0.011613     -0.023230
2023-01-05  2023-01-04      2023-01-05           1 2023-01-04     DE  0.197534     0        0.00       0.000000     -0.001909    0.011613     -0.012854
2023-01-05  2023-01-04      2023-01-05           1 2023-01-04    DIA  0.598468     0        0.00       0.000000      0.004046    0.011613     -0.008983
2023-01-05  2023-01-04      2023-01-05           1 2023-01-04    DIS  2.603969     0        0.00       0.000000      0.033832    0.011613      0.010378
2023-01-05  2023-01-04      2023-01-05           1 2023-01-04    EEM  1.438147     0        0.00       0.000000      0.030089    0.020435     -0.000877
2023-01-05  2023-01-04      2023-01-05           1 2023-01-04    EFA  0.307001     0        0.00       0.000000      0.013289    0.020435     -0.011797
2023-01-05  2023-01-04      2023-01-05           1 2023-01-04    EOG -0.636446     0        0.00       0.000000     -0.000723    0.020435     -0.020905
2023-01-05  2023-01-04      2023-01-05           1 2023-01-04    EWJ -1.252442     0        0.00       0.000000     -0.009872    0.020435     -0.026852
2023-01-05  2023-01-04      2023-01-05           1 2023-01-04    EWZ  0.582530     0        0.00       0.000000      0.017381    0.020435     -0.009137
2023-01-05  2023-01-04      2023-01-05           1 2023-01-04    FDX -1.987693    -1       -1.15      -0.083333      0.023580    0.054081     -0.038755
2023-01-05  2023-01-04      2023-01-05           1 2023-01-04    FXI  0.221218     0        0.00       0.000000      0.063779    0.054081     -0.012625
2023-01-05  2023-01-04      2023-01-05           1 2023-01-04     GE  2.810851     0        0.00       0.000000      0.058203    0.025457      0.012375
[18:23:16] [DONE] Residual production portfolio simulator completed.

[EXIT] code=0
Press Enter to exit...

============================================================
[RUN] TOP_PCT=0.05 BOTTOM_PCT=0.05 MAX_NAMES_PER_SIDE=8
============================================================

[CFG] dataset_root=D:\massive_dataset
[CFG] residual_direction=long_high_short_low
[CFG] top_pct=0.05 bottom_pct=0.05 max_names_per_side=8
[CFG] hold_days=3 entry_mode=next_open delay_days=0
[CFG] gross_target=1.0 side_target=0.5 max_weight_per_name=0.1
[CFG] tc_bps_one_way=5.0 sizing_preset=production_residual
[SIM] days=790 active_rows=76533
[SIM] equity_end=1.2079 ann_ret~=+0.0874 ann_vol~=+0.2333 sharpe~=+0.3749
[SIM] avg_gross_before=0.8843 avg_net_before=+0.0575 avg_turnover=0.5417
[SIM] avg_positions_before=19.42 avg_tc_cost=0.000271

[SIM] daily head
      date  gross_exposure_before  net_exposure_before  n_positions_before  day_ret_gross  turnover  tc_cost  day_ret_net  gross_exposure_after  net_exposure_after  n_positions_after   equity
2023-01-04               0.000000             0.000000                   0       0.000000  0.000000 0.000000     0.000000              0.000000            0.000000                  0 1.000000
2023-01-05               0.000000             0.000000                   0       0.000000  0.333333 0.000167    -0.000167              0.333333            0.023039                  9 0.999833
2023-01-06               0.333333             0.023039                   9       0.002962  0.333333 0.000167     0.002795              0.666667            0.046078                 17 1.002628
2023-01-09               0.666667             0.046078                  17      -0.005528  0.333333 0.000167    -0.005695              0.922426            0.069116                 22 0.996919
2023-01-10               0.922426             0.069116                  22       0.000849  0.666667 0.000333     0.000516              0.700204            0.068499                 21 0.997433
2023-01-11               0.700204             0.068499                  21       0.001240  0.589093 0.000295     0.000946              0.922426            0.068499                 23 0.998376
2023-01-12               0.922426             0.068499                  23       0.000699  0.666667 0.000333     0.000366              0.877583            0.068499                 22 0.998742
2023-01-13               0.877583             0.068499                  22      -0.007862  0.666667 0.000333    -0.008196              1.000000            0.069116                 20 0.990556
2023-01-17               1.000000             0.069116                  20      -0.003304  0.522018 0.000261    -0.003565              1.000000            0.069116                 17 0.987025
2023-01-18               1.000000             0.069116                  17       0.013808  0.377369 0.000189     0.013619              1.000000            0.069116                 20 1.000468
2023-01-19               1.000000             0.069116                  20       0.011499  0.666667 0.000333     0.011165              0.837302            0.054014                 21 1.011639
2023-01-20               0.837302             0.054014                  21      -0.017957  0.614786 0.000307    -0.018264              0.777778            0.042648                 21 0.993162
2023-01-23               0.777778             0.042648                  21      -0.004140  0.369428 0.000185    -0.004325              0.686236            0.034613                 20 0.988867
2023-01-24               0.686236             0.034613                  20       0.005699  0.607143 0.000304     0.005395              0.679172            0.041680                 16 0.994202
2023-01-25               0.679172             0.041680                  16      -0.000898  0.666667 0.000333    -0.001232              1.000000            0.041680                 15 0.992978
2023-01-26               1.000000             0.041680                  15      -0.013823  0.214281 0.000107    -0.013930              1.000000            0.049715                 16 0.979145
2023-01-27               1.000000             0.049715                  16      -0.018884  0.175142 0.000088    -0.018972              1.000000            0.057751                 16 0.960569
2023-01-30               1.000000             0.057751                  16       0.024068  0.467204 0.000234     0.023835              1.000000            0.054014                 18 0.983464
2023-01-31               1.000000             0.054014                  18      -0.010617  0.522018 0.000261    -0.010878              0.929703            0.071135                 23 0.972766
2023-02-01               0.929703             0.071135                  23      -0.017151  0.377369 0.000189    -0.017340              0.932925            0.071135                 22 0.955899

[SIM] activated sleeve positions head
  sim_date signal_date activation_date  sleeve_idx       date symbol     score  side  side_sized  target_weight  ret_realized  anchor_ret  residual_raw
2023-01-05  2023-01-04      2023-01-05           1 2023-01-04   AAPL -0.175951     0        0.00       0.000000      0.010314    0.023164     -0.016459
2023-01-05  2023-01-04      2023-01-05           1 2023-01-04   ABBV -0.327224     0        0.00       0.000000      0.008067    0.023164     -0.017920
2023-01-05  2023-01-04      2023-01-05           1 2023-01-04   ADBE  0.026874     0        0.00       0.000000      0.013327    0.023164     -0.014501
2023-01-05  2023-01-04      2023-01-05           1 2023-01-04    AMD -0.197318     0        0.00       0.000000      0.009997    0.023164     -0.016666
2023-01-05  2023-01-04      2023-01-05           1 2023-01-04   AMZN -1.403908     0        0.00       0.000000     -0.007924    0.023164     -0.028314
2023-01-05  2023-01-04      2023-01-05           1 2023-01-04   ARKK  2.047386     0        0.00       0.000000      0.043336    0.023164      0.005004
2023-01-05  2023-01-04      2023-01-05           1 2023-01-04   AVGO -0.048063     0        0.00       0.000000      0.012214    0.023164     -0.015225
2023-01-05  2023-01-04      2023-01-05           1 2023-01-04     BA  0.709222     0        0.00       0.000000      0.042223    0.035359     -0.007914
2023-01-05  2023-01-04      2023-01-05           1 2023-01-04    BAC -0.867850     0        0.00       0.000000      0.018800    0.035359     -0.023139
2023-01-05  2023-01-04      2023-01-05           1 2023-01-04    BLK -1.201325     0        0.00       0.000000      0.013848    0.035359     -0.026358
2023-01-05  2023-01-04      2023-01-05           1 2023-01-04      C  1.265679     0        0.00       0.000000      0.025775    0.019296     -0.002542
2023-01-05  2023-01-04      2023-01-05           1 2023-01-04    CAT  0.229217     0        0.00       0.000000      0.010382    0.019296     -0.012548
2023-01-05  2023-01-04      2023-01-05           1 2023-01-04    COP -0.338845     0        0.00       0.000000      0.001945    0.019296     -0.018032
2023-01-05  2023-01-04      2023-01-05           1 2023-01-04   COST  0.017421     0        0.00       0.000000      0.007236    0.019296     -0.014593
2023-01-05  2023-01-04      2023-01-05           1 2023-01-04    CRM  1.933080     0        0.00       0.000000      0.035688    0.019296      0.003901
2023-01-05  2023-01-04      2023-01-05           1 2023-01-04   CSCO -1.017536     0        0.00       0.000000     -0.008135    0.019296     -0.024584
2023-01-05  2023-01-04      2023-01-05           1 2023-01-04    CVX -1.185702     0        0.00       0.000000     -0.010633    0.019296     -0.026207
2023-01-05  2023-01-04      2023-01-05           1 2023-01-04    DBA -0.484729     0        0.00       0.000000     -0.012042    0.011613     -0.019440
2023-01-05  2023-01-04      2023-01-05           1 2023-01-04    DBC -0.877255     0        0.00       0.000000     -0.017872    0.011613     -0.023230
2023-01-05  2023-01-04      2023-01-05           1 2023-01-04     DE  0.197534     0        0.00       0.000000     -0.001909    0.011613     -0.012854
2023-01-05  2023-01-04      2023-01-05           1 2023-01-04    DIA  0.598468     0        0.00       0.000000      0.004046    0.011613     -0.008983
2023-01-05  2023-01-04      2023-01-05           1 2023-01-04    DIS  2.603969     0        0.00       0.000000      0.033832    0.011613      0.010378
2023-01-05  2023-01-04      2023-01-05           1 2023-01-04    EEM  1.438147     0        0.00       0.000000      0.030089    0.020435     -0.000877
2023-01-05  2023-01-04      2023-01-05           1 2023-01-04    EFA  0.307001     0        0.00       0.000000      0.013289    0.020435     -0.011797
2023-01-05  2023-01-04      2023-01-05           1 2023-01-04    EOG -0.636446     0        0.00       0.000000     -0.000723    0.020435     -0.020905
2023-01-05  2023-01-04      2023-01-05           1 2023-01-04    EWJ -1.252442     0        0.00       0.000000     -0.009872    0.020435     -0.026852
2023-01-05  2023-01-04      2023-01-05           1 2023-01-04    EWZ  0.582530     0        0.00       0.000000      0.017381    0.020435     -0.009137
2023-01-05  2023-01-04      2023-01-05           1 2023-01-04    FDX -1.987693    -1       -1.15      -0.038787      0.023580    0.054081     -0.038755
2023-01-05  2023-01-04      2023-01-05           1 2023-01-04    FXI  0.221218     0        0.00       0.000000      0.063779    0.054081     -0.012625
2023-01-05  2023-01-04      2023-01-05           1 2023-01-04     GE  2.810851     1        1.15       0.033537      0.058203    0.025457      0.012375
[18:23:59] [DONE] Residual production portfolio simulator completed.

[EXIT] code=0
Press Enter to exit...

============================================================
[RUN] TOP_PCT=0.10 BOTTOM_PCT=0.10 MAX_NAMES_PER_SIDE=10
============================================================

[CFG] dataset_root=D:\massive_dataset
[CFG] residual_direction=long_high_short_low
[CFG] top_pct=0.1 bottom_pct=0.1 max_names_per_side=10
[CFG] hold_days=3 entry_mode=next_open delay_days=0
[CFG] gross_target=1.0 side_target=0.5 max_weight_per_name=0.1
[CFG] tc_bps_one_way=5.0 sizing_preset=production_residual
[SIM] days=790 active_rows=76533
[SIM] equity_end=1.0875 ann_ret~=+0.0455 ann_vol~=+0.1936 sharpe~=+0.2350
[SIM] avg_gross_before=0.8735 avg_net_before=+0.0049 avg_turnover=0.5403
[SIM] avg_positions_before=25.96 avg_tc_cost=0.000270

[SIM] daily head
      date  gross_exposure_before  net_exposure_before  n_positions_before  day_ret_gross  turnover  tc_cost  day_ret_net  gross_exposure_after  net_exposure_after  n_positions_after   equity
2023-01-04               0.000000             0.000000                   0       0.000000  0.000000 0.000000     0.000000              0.000000            0.000000                  0 1.000000
2023-01-05               0.000000             0.000000                   0       0.000000  0.333333 0.000167    -0.000167              0.333333            0.014726                 12 0.999833
2023-01-06               0.333333             0.014726                  12       0.002213  0.333333 0.000167     0.002046              0.666667            0.029451                 22 1.001879
2023-01-09               0.666667             0.029451                  22      -0.003299  0.333333 0.000167    -0.003465              0.914732            0.041842                 28 0.998407
2023-01-10               0.914732             0.041842                  28       0.000834  0.666667 0.000333     0.000501              0.733676            0.028395                 30 0.998907
2023-01-11               0.733676             0.028395                  30      -0.000503  0.606260 0.000303    -0.000806              0.888093            0.026061                 29 0.998102
2023-01-12               0.888093             0.026061                  29      -0.001162  0.606260 0.000303    -0.001465              0.904978            0.013670                 28 0.996640
2023-01-13               0.904978             0.013670                  28      -0.007569  0.641091 0.000321    -0.007890              1.000000            0.024782                 25 0.988777
2023-01-17               1.000000             0.024782                  25      -0.004386  0.443583 0.000222    -0.004608              1.000000            0.032824                 22 0.984221
2023-01-18               1.000000             0.032824                  22       0.012050  0.406533 0.000203     0.011847              1.000000            0.045215                 24 0.995881
2023-01-19               1.000000             0.045215                  24       0.011533  0.598990 0.000299     0.011234              0.866985            0.017234                 28 1.007069
2023-01-20               0.866985             0.017234                  28      -0.017641  0.576829 0.000288    -0.017930              0.809740           -0.011725                 30 0.989012
2023-01-23               0.809740            -0.011725                  30      -0.005896  0.398922 0.000199    -0.006096              0.661029           -0.030537                 27 0.982983
2023-01-24               0.661029            -0.030537                  27       0.003406  0.598990 0.000299     0.003107              0.703467           -0.027128                 24 0.986037
2023-01-25               0.703467            -0.027128                  24      -0.000899  0.627451 0.000314    -0.001213              1.000000           -0.028405                 24 0.984842
2023-01-26               1.000000            -0.028405                  24      -0.014578  0.295303 0.000148    -0.014726              1.000000           -0.014914                 24 0.970339
2023-01-27               1.000000            -0.014914                  24      -0.018114  0.246541 0.000123    -0.018237              1.000000           -0.002733                 23 0.952643
2023-01-30               1.000000            -0.002733                  23       0.023167  0.427045 0.000214     0.022953              1.000000           -0.008520                 25 0.974509
2023-01-31               1.000000            -0.008520                  25      -0.010648  0.545394 0.000273    -0.010921              0.910065            0.018140                 31 0.963867
2023-02-01               0.910065             0.018140                  31      -0.018479  0.374904 0.000187    -0.018666              0.822868            0.030531                 28 0.945875

[SIM] activated sleeve positions head
  sim_date signal_date activation_date  sleeve_idx       date symbol     score  side  side_sized  target_weight  ret_realized  anchor_ret  residual_raw
2023-01-05  2023-01-04      2023-01-05           1 2023-01-04   AAPL -0.175951     0        0.00       0.000000      0.010314    0.023164     -0.016459
2023-01-05  2023-01-04      2023-01-05           1 2023-01-04   ABBV -0.327224     0        0.00       0.000000      0.008067    0.023164     -0.017920
2023-01-05  2023-01-04      2023-01-05           1 2023-01-04   ADBE  0.026874     0        0.00       0.000000      0.013327    0.023164     -0.014501
2023-01-05  2023-01-04      2023-01-05           1 2023-01-04    AMD -0.197318     0        0.00       0.000000      0.009997    0.023164     -0.016666
2023-01-05  2023-01-04      2023-01-05           1 2023-01-04   AMZN -1.403908    -1       -0.00       0.000000     -0.007924    0.023164     -0.028314
2023-01-05  2023-01-04      2023-01-05           1 2023-01-04   ARKK  2.047386     1        0.60       0.012431      0.043336    0.023164      0.005004
2023-01-05  2023-01-04      2023-01-05           1 2023-01-04   AVGO -0.048063     0        0.00       0.000000      0.012214    0.023164     -0.015225
2023-01-05  2023-01-04      2023-01-05           1 2023-01-04     BA  0.709222     0        0.00       0.000000      0.042223    0.035359     -0.007914
2023-01-05  2023-01-04      2023-01-05           1 2023-01-04    BAC -0.867850     0        0.00       0.000000      0.018800    0.035359     -0.023139
2023-01-05  2023-01-04      2023-01-05           1 2023-01-04    BLK -1.201325     0        0.00       0.000000      0.013848    0.035359     -0.026358
2023-01-05  2023-01-04      2023-01-05           1 2023-01-04      C  1.265679     0        0.00       0.000000      0.025775    0.019296     -0.002542
2023-01-05  2023-01-04      2023-01-05           1 2023-01-04    CAT  0.229217     0        0.00       0.000000      0.010382    0.019296     -0.012548
2023-01-05  2023-01-04      2023-01-05           1 2023-01-04    COP -0.338845     0        0.00       0.000000      0.001945    0.019296     -0.018032
2023-01-05  2023-01-04      2023-01-05           1 2023-01-04   COST  0.017421     0        0.00       0.000000      0.007236    0.019296     -0.014593
2023-01-05  2023-01-04      2023-01-05           1 2023-01-04    CRM  1.933080     1        0.00       0.000000      0.035688    0.019296      0.003901
2023-01-05  2023-01-04      2023-01-05           1 2023-01-04   CSCO -1.017536     0        0.00       0.000000     -0.008135    0.019296     -0.024584
2023-01-05  2023-01-04      2023-01-05           1 2023-01-04    CVX -1.185702     0        0.00       0.000000     -0.010633    0.019296     -0.026207
2023-01-05  2023-01-04      2023-01-05           1 2023-01-04    DBA -0.484729     0        0.00       0.000000     -0.012042    0.011613     -0.019440
2023-01-05  2023-01-04      2023-01-05           1 2023-01-04    DBC -0.877255     0        0.00       0.000000     -0.017872    0.011613     -0.023230
2023-01-05  2023-01-04      2023-01-05           1 2023-01-04     DE  0.197534     0        0.00       0.000000     -0.001909    0.011613     -0.012854
2023-01-05  2023-01-04      2023-01-05           1 2023-01-04    DIA  0.598468     0        0.00       0.000000      0.004046    0.011613     -0.008983
2023-01-05  2023-01-04      2023-01-05           1 2023-01-04    DIS  2.603969     1        1.15       0.023825      0.033832    0.011613      0.010378
2023-01-05  2023-01-04      2023-01-05           1 2023-01-04    EEM  1.438147     0        0.00       0.000000      0.030089    0.020435     -0.000877
2023-01-05  2023-01-04      2023-01-05           1 2023-01-04    EFA  0.307001     0        0.00       0.000000      0.013289    0.020435     -0.011797
2023-01-05  2023-01-04      2023-01-05           1 2023-01-04    EOG -0.636446     0        0.00       0.000000     -0.000723    0.020435     -0.020905
2023-01-05  2023-01-04      2023-01-05           1 2023-01-04    EWJ -1.252442     0        0.00       0.000000     -0.009872    0.020435     -0.026852
2023-01-05  2023-01-04      2023-01-05           1 2023-01-04    EWZ  0.582530     0        0.00       0.000000      0.017381    0.020435     -0.009137
2023-01-05  2023-01-04      2023-01-05           1 2023-01-04    FDX -1.987693    -1       -1.15      -0.034806      0.023580    0.054081     -0.038755
2023-01-05  2023-01-04      2023-01-05           1 2023-01-04    FXI  0.221218     0        0.00       0.000000      0.063779    0.054081     -0.012625
2023-01-05  2023-01-04      2023-01-05           1 2023-01-04     GE  2.810851     1        1.15       0.023825      0.058203    0.025457      0.012375
[18:24:57] [DONE] Residual production portfolio simulator completed.

[EXIT] code=0
Press Enter to exit...

============================================================
[RUN] TOP_PCT=0.20 BOTTOM_PCT=0.20 MAX_NAMES_PER_SIDE=15
============================================================

[CFG] dataset_root=D:\massive_dataset
[CFG] residual_direction=long_high_short_low
[CFG] top_pct=0.2 bottom_pct=0.2 max_names_per_side=15
[CFG] hold_days=3 entry_mode=next_open delay_days=0
[CFG] gross_target=1.0 side_target=0.5 max_weight_per_name=0.1
[CFG] tc_bps_one_way=5.0 sizing_preset=production_residual
[SIM] days=790 active_rows=76533
[SIM] equity_end=1.0771 ann_ret~=+0.0422 ann_vol~=+0.1924 sharpe~=+0.2195
[SIM] avg_gross_before=0.8738 avg_net_before=+0.0049 avg_turnover=0.5402
[SIM] avg_positions_before=26.07 avg_tc_cost=0.000270

[SIM] daily head
      date  gross_exposure_before  net_exposure_before  n_positions_before  day_ret_gross  turnover  tc_cost  day_ret_net  gross_exposure_after  net_exposure_after  n_positions_after   equity
2023-01-04               0.000000             0.000000                   0       0.000000  0.000000 0.000000     0.000000              0.000000            0.000000                  0 1.000000
2023-01-05               0.000000             0.000000                   0       0.000000  0.333333 0.000167    -0.000167              0.333333            0.014726                 12 0.999833
2023-01-06               0.333333             0.014726                  12       0.002213  0.333333 0.000167     0.002046              0.666667            0.029451                 22 1.001879
2023-01-09               0.666667             0.029451                  22      -0.003299  0.333333 0.000167    -0.003465              0.914732            0.041842                 28 0.998407
2023-01-10               0.914732             0.041842                  28       0.000834  0.666667 0.000333     0.000501              0.733676            0.028395                 30 0.998907
2023-01-11               0.733676             0.028395                  30      -0.000503  0.606260 0.000303    -0.000806              0.888093            0.026061                 29 0.998102
2023-01-12               0.888093             0.026061                  29      -0.001162  0.606260 0.000303    -0.001465              0.904978            0.013670                 28 0.996640
2023-01-13               0.904978             0.013670                  28      -0.007569  0.641091 0.000321    -0.007890              1.000000            0.024782                 25 0.988777
2023-01-17               1.000000             0.024782                  25      -0.004386  0.443583 0.000222    -0.004608              1.000000            0.032824                 22 0.984221
2023-01-18               1.000000             0.032824                  22       0.012050  0.406533 0.000203     0.011847              1.000000            0.045215                 24 0.995881
2023-01-19               1.000000             0.045215                  24       0.011533  0.600429 0.000300     0.011233              0.875255            0.017234                 28 1.007068
2023-01-20               0.875255             0.017234                  28      -0.018058  0.576829 0.000288    -0.018346              0.809740           -0.011725                 31 0.988592
2023-01-23               0.809740            -0.011725                  31      -0.006149  0.398922 0.000199    -0.006349              0.665224           -0.030537                 28 0.982316
2023-01-24               0.665224            -0.030537                  28       0.003443  0.578734 0.000289     0.003154              0.703467           -0.027128                 24 0.985414
2023-01-25               0.703467            -0.027128                  24      -0.000899  0.627451 0.000314    -0.001213              1.000000           -0.028405                 24 0.984219
2023-01-26               1.000000            -0.028405                  24      -0.014578  0.295303 0.000148    -0.014726              1.000000           -0.014914                 24 0.969726
2023-01-27               1.000000            -0.014914                  24      -0.018114  0.246541 0.000123    -0.018237              1.000000           -0.002733                 23 0.952041
2023-01-30               1.000000            -0.002733                  23       0.023167  0.413061 0.000207     0.022960              1.000000           -0.008520                 25 0.973900
2023-01-31               1.000000            -0.008520                  25      -0.010687  0.545394 0.000273    -0.010960              0.910065            0.018140                 31 0.963226
2023-02-01               0.910065             0.018140                  31      -0.018864  0.374904 0.000187    -0.019051              0.825745            0.030531                 28 0.944876

[SIM] activated sleeve positions head
  sim_date signal_date activation_date  sleeve_idx       date symbol     score  side  side_sized  target_weight  ret_realized  anchor_ret  residual_raw
2023-01-05  2023-01-04      2023-01-05           1 2023-01-04   AAPL -0.175951     0        0.00       0.000000      0.010314    0.023164     -0.016459
2023-01-05  2023-01-04      2023-01-05           1 2023-01-04   ABBV -0.327224     0        0.00       0.000000      0.008067    0.023164     -0.017920
2023-01-05  2023-01-04      2023-01-05           1 2023-01-04   ADBE  0.026874     0        0.00       0.000000      0.013327    0.023164     -0.014501
2023-01-05  2023-01-04      2023-01-05           1 2023-01-04    AMD -0.197318     0        0.00       0.000000      0.009997    0.023164     -0.016666
2023-01-05  2023-01-04      2023-01-05           1 2023-01-04   AMZN -1.403908    -1       -0.00       0.000000     -0.007924    0.023164     -0.028314
2023-01-05  2023-01-04      2023-01-05           1 2023-01-04   ARKK  2.047386     1        0.60       0.012431      0.043336    0.023164      0.005004
2023-01-05  2023-01-04      2023-01-05           1 2023-01-04   AVGO -0.048063     0        0.00       0.000000      0.012214    0.023164     -0.015225
2023-01-05  2023-01-04      2023-01-05           1 2023-01-04     BA  0.709222     0        0.00       0.000000      0.042223    0.035359     -0.007914
2023-01-05  2023-01-04      2023-01-05           1 2023-01-04    BAC -0.867850     0        0.00       0.000000      0.018800    0.035359     -0.023139
2023-01-05  2023-01-04      2023-01-05           1 2023-01-04    BLK -1.201325     0        0.00       0.000000      0.013848    0.035359     -0.026358
2023-01-05  2023-01-04      2023-01-05           1 2023-01-04      C  1.265679     0        0.00       0.000000      0.025775    0.019296     -0.002542
2023-01-05  2023-01-04      2023-01-05           1 2023-01-04    CAT  0.229217     0        0.00       0.000000      0.010382    0.019296     -0.012548
2023-01-05  2023-01-04      2023-01-05           1 2023-01-04    COP -0.338845     0        0.00       0.000000      0.001945    0.019296     -0.018032
2023-01-05  2023-01-04      2023-01-05           1 2023-01-04   COST  0.017421     0        0.00       0.000000      0.007236    0.019296     -0.014593
2023-01-05  2023-01-04      2023-01-05           1 2023-01-04    CRM  1.933080     1        0.00       0.000000      0.035688    0.019296      0.003901
2023-01-05  2023-01-04      2023-01-05           1 2023-01-04   CSCO -1.017536     0        0.00       0.000000     -0.008135    0.019296     -0.024584
2023-01-05  2023-01-04      2023-01-05           1 2023-01-04    CVX -1.185702     0        0.00       0.000000     -0.010633    0.019296     -0.026207
2023-01-05  2023-01-04      2023-01-05           1 2023-01-04    DBA -0.484729     0        0.00       0.000000     -0.012042    0.011613     -0.019440
2023-01-05  2023-01-04      2023-01-05           1 2023-01-04    DBC -0.877255     0        0.00       0.000000     -0.017872    0.011613     -0.023230
2023-01-05  2023-01-04      2023-01-05           1 2023-01-04     DE  0.197534     0        0.00       0.000000     -0.001909    0.011613     -0.012854
2023-01-05  2023-01-04      2023-01-05           1 2023-01-04    DIA  0.598468     0        0.00       0.000000      0.004046    0.011613     -0.008983
2023-01-05  2023-01-04      2023-01-05           1 2023-01-04    DIS  2.603969     1        1.15       0.023825      0.033832    0.011613      0.010378
2023-01-05  2023-01-04      2023-01-05           1 2023-01-04    EEM  1.438147     1        0.00       0.000000      0.030089    0.020435     -0.000877
2023-01-05  2023-01-04      2023-01-05           1 2023-01-04    EFA  0.307001     0        0.00       0.000000      0.013289    0.020435     -0.011797
2023-01-05  2023-01-04      2023-01-05           1 2023-01-04    EOG -0.636446     0        0.00       0.000000     -0.000723    0.020435     -0.020905
2023-01-05  2023-01-04      2023-01-05           1 2023-01-04    EWJ -1.252442     0        0.00       0.000000     -0.009872    0.020435     -0.026852
2023-01-05  2023-01-04      2023-01-05           1 2023-01-04    EWZ  0.582530     0        0.00       0.000000      0.017381    0.020435     -0.009137
2023-01-05  2023-01-04      2023-01-05           1 2023-01-04    FDX -1.987693    -1       -1.15      -0.034806      0.023580    0.054081     -0.038755
2023-01-05  2023-01-04      2023-01-05           1 2023-01-04    FXI  0.221218     0        0.00       0.000000      0.063779    0.054081     -0.012625
2023-01-05  2023-01-04      2023-01-05           1 2023-01-04     GE  2.810851     1        1.15       0.023825      0.058203    0.025457      0.012375
[18:25:59] [DONE] Residual production portfolio simulator completed.

[EXIT] code=0