[CFG] feature_v2_file=data\features\feature_matrix_v2.parquet
[CFG] freeze_root=artifacts\freeze_runner
[CFG] execution_root=artifacts\execution_loop
[CFG] account_nav=100000.0
[CFG] configs=['optimal', 'aggressive']
[CFG] allow_fractional_shares=0 min_order_notional=25.0
[DATA] current_date=2026-02-27 price_col=close symbols=97
[EXEC][optimal] loading freeze artifacts
[EXEC][optimal] starting_nav=100000.00 ending_nav=100000.00 order_count=2 active_names=2 gross_target=0.1000
[EXEC][optimal][ORDERS_TOP]
symbol order_side  delta_shares  price  order_notional  target_weight skip_reason
  NFLX        BUY          51.0  96.24         4908.24       0.049875
   CRM        BUY          25.0 194.79         4869.75       0.050125
   
   
   
   
   
   
[ARTIFACT] artifacts\execution_loop\optimal\target_book.csv



symbol,weight,close,target_notional,target_shares_raw,target_shares
CRM,0.050125137892666,194.79,5012.5137892666,25.732911285315335,25.0
NFLX,0.0498748621073339,96.24,4987.48621073339,51.82342280479363,51.0




[ARTIFACT] artifacts\execution_loop\optimal\orders.csv



date,symbol,price,target_weight,target_notional,current_shares,target_shares,delta_shares,order_side,order_notional,skip_reason
2026-02-27,NFLX,96.24,0.0498748621073339,4987.48621073339,0.0,51.0,51.0,BUY,4908.24,
2026-02-27,CRM,194.79,0.050125137892666,5012.5137892666,0.0,25.0,25.0,BUY,4869.75,






[ARTIFACT] artifacts\execution_loop\optimal\portfolio_state.json




{
  "config": "optimal",
  "nav": 100000.0,
  "cash": 90222.01,
  "last_rebalanced_date": "2026-02-27",
  "positions": {
    "NFLX": {
      "shares": 51.0,
      "last_price": 96.24,
      "market_value": 4908.24
    },
    "CRM": {
      "shares": 25.0,
      "last_price": 194.79,
      "market_value": 4869.75
    }
  }
}




[ARTIFACT] artifacts\execution_loop\optimal\execution_log.csv




date,config,starting_nav,ending_nav,cash_after,live_active_names,order_count,gross_target,freeze_live_current_date,freeze_replay_current_date
2026-02-27,optimal,100000.0,100000.0,90222.01,2,2,0.0999999999999999,2026-02-27,2026-01-13








[EXEC][aggressive] loading freeze artifacts
[EXEC][aggressive] starting_nav=100000.00 ending_nav=100000.00 order_count=4 active_names=4 gross_target=0.2000
[EXEC][aggressive][ORDERS_TOP]
symbol order_side  delta_shares  price  order_notional  target_weight skip_reason
  NFLX        BUY          52.0  96.24         5004.48       0.050125
   CRM        BUY          25.0 194.79         4869.75       0.050125
   SMH       SELL         -12.0 406.37        -4876.44      -0.049625
  NVDA       SELL         -28.0 177.19        -4961.32      -0.050125
  
  
  
  
  
  
  
[ARTIFACT] artifacts\execution_loop\aggressive\target_book.csv



symbol,weight,close,target_notional,target_shares_raw,target_shares
CRM,0.050125137892666,194.79,5012.5137892666,25.732911285315335,25.0
NFLX,0.050125137892666,96.24,5012.5137892666,52.08347661332656,52.0
SMH,-0.0496245863220018,406.37,-4962.45863220018,-12.211675645840408,-12.0
NVDA,-0.050125137892666,177.19,-5012.5137892666,-28.288920307390775,-28.0




[ARTIFACT] artifacts\execution_loop\aggressive\orders.csv


date,symbol,price,target_weight,target_notional,current_shares,target_shares,delta_shares,order_side,order_notional,skip_reason
2026-02-27,NFLX,96.24,0.050125137892666,5012.5137892666,0.0,52.0,52.0,BUY,5004.48,
2026-02-27,CRM,194.79,0.050125137892666,5012.5137892666,0.0,25.0,25.0,BUY,4869.75,
2026-02-27,SMH,406.37,-0.0496245863220018,-4962.45863220018,0.0,-12.0,-12.0,SELL,-4876.4400000000005,
2026-02-27,NVDA,177.19,-0.050125137892666,-5012.5137892666,0.0,-28.0,-28.0,SELL,-4961.32,





[ARTIFACT] artifacts\execution_loop\aggressive\portfolio_state.json


{
  "config": "aggressive",
  "nav": 100000.0,
  "cash": 99963.53,
  "last_rebalanced_date": "2026-02-27",
  "positions": {
    "NFLX": {
      "shares": 52.0,
      "last_price": 96.24,
      "market_value": 5004.48
    },
    "CRM": {
      "shares": 25.0,
      "last_price": 194.79,
      "market_value": 4869.75
    },
    "SMH": {
      "shares": -12.0,
      "last_price": 406.37,
      "market_value": -4876.4400000000005
    },
    "NVDA": {
      "shares": -28.0,
      "last_price": 177.19,
      "market_value": -4961.32
    }
  }
}




[ARTIFACT] artifacts\execution_loop\aggressive\execution_log.csv




date,config,starting_nav,ending_nav,cash_after,live_active_names,order_count,gross_target,freeze_live_current_date,freeze_replay_current_date
2026-02-27,aggressive,100000.0,100000.0,99963.53,4,4,0.1999999999999998,2026-02-27,2026-01-13




