
PS C:\Users\Dmytro Govor\Documents\Python-Edge> python .\scripts\run_execution_loop.py
[CFG] live_feature_snapshot_file=artifacts\live_alpha\live_feature_snapshot.parquet
[CFG] freeze_root=artifacts\freeze_runner
[CFG] execution_root=artifacts\execution_loop
[CFG] account_nav=100000.0
[CFG] configs=['optimal', 'aggressive']
[CFG] allow_fractional_shares=1 fractional_mode=auto fractional_enabled_effective=1 min_order_notional=25.0 skip_empty_freeze_configs=1 require_freeze_date_match_live_prices=1
[CFG] max_single_name_weight=0.05 max_single_name_notional=10000.0 min_price_to_trade=1.0 max_price_to_trade=1000.0
[CFG] commission_bps=0.5 commission_min_per_order=0.35 slippage_bps=1.5
[DATA] current_date=2026-03-25 price_col=close symbols=500 snapshot_fallback_count=0
[EXEC][optimal] loading freeze artifacts
[EXEC][optimal] starting_nav=94937.97 ending_nav=94937.97 cash_after=85483.30 market_value_after=9454.67 nav_recon_error=0.000000 order_count=0 active_names=5 gross_target=0.1000 price_col=close merged_missing_prices=0 fallback_price_rows=0 mtm_fallback_count=0 fractional_enabled_effective=1
[EXEC][optimal][RISK] dropped_price_below_min=0 dropped_price_above_max=0 clipped_weight_cap=0 clipped_notional_cap=0
[EXEC][optimal][COST] estimated_commission_total=0.0000 estimated_slippage_total=0.0000 estimated_total_cost=0.0000
[EXEC][optimal][ORDERS_TOP]
symbol order_side  delta_shares  price  order_notional  target_weight  target_shares_raw  target_shares  estimated_commission  estimated_slippage  estimated_total_cost        skip_reason
  AAOI       HOLD           0.0 114.41             0.0       0.011372           9.436271       9.436271                   0.0                 0.0                   0.0
  DOCN       HOLD           0.0  87.00             0.0       0.014959          16.323708      16.323708                   0.0                 0.0                   0.0
  MAZE       HOLD           0.0  31.73             0.0       0.026047          77.934516      77.934516                   0.0                 0.0                   0.0
  UGRO       HOLD           0.0  36.29             0.0       0.029694          77.682157      77.682157                   0.0                 0.0                   0.0 below_min_notional
    VG       HOLD           0.0  16.71             0.0       0.017928         101.860138     101.860138                   0.0                 0.0                   0.0 below_min_notional
[EXEC][optimal][POSITIONS_MTM_TOP]
symbol     shares  last_price  market_value
  UGRO  77.000000       36.29   2794.330000
  MAZE  77.934516       31.73   2472.862191
    VG 101.000000       16.71   1687.710000
  DOCN  16.323708       87.00   1420.162608
  AAOI   9.436271      114.41   1079.603806
[ARTIFACT] artifacts\execution_loop\optimal\target_book.csv
[ARTIFACT] artifacts\execution_loop\optimal\orders.csv
[ARTIFACT] artifacts\execution_loop\optimal\positions_mark_to_market.csv
[ARTIFACT] artifacts\execution_loop\optimal\portfolio_state.json
[ARTIFACT] artifacts\execution_loop\optimal\execution_log.csv
[EXEC][aggressive] loading freeze artifacts
[EXEC][aggressive] starting_nav=102661.45 ending_nav=102661.45 cash_after=82220.34 market_value_after=20441.11 nav_recon_error=0.000000 order_count=0 active_names=15 gross_target=0.2000 price_col=close merged_missing_prices=0 fallback_price_rows=0 mtm_fallback_count=0 fractional_enabled_effective=1
[EXEC][aggressive][RISK] dropped_price_below_min=0 dropped_price_above_max=0 clipped_weight_cap=0 clipped_notional_cap=0
[EXEC][aggressive][COST] estimated_commission_total=0.0000 estimated_slippage_total=0.0000 estimated_total_cost=0.0000
[EXEC][aggressive][ORDERS_TOP]
symbol order_side  delta_shares  price  order_notional  target_weight  target_shares_raw  target_shares  estimated_commission  estimated_slippage  estimated_total_cost        skip_reason
  AAOI       HOLD           0.0 114.41             0.0       0.014908          13.377086      13.377086                   0.0                 0.0                   0.0 below_min_notional
   APA       HOLD           0.0  41.32             0.0       0.008982          22.315221      22.315221                   0.0                 0.0                   0.0 below_min_notional
    CF       HOLD           0.0 128.11             0.0       0.009109           7.299652       7.299652                   0.0                 0.0                   0.0 below_min_notional
  DOCN       HOLD           0.0  87.00             0.0       0.014959          17.651689      17.651689                   0.0                 0.0                   0.0 below_min_notional
   JHG       HOLD           0.0  51.42             0.0       0.010191          20.346725      20.346725                   0.0                 0.0                   0.0 below_min_notional
  LBRT       HOLD           0.0  28.80             0.0       0.012503          44.568225      44.568225                   0.0                 0.0                   0.0 below_min_notional
   LNG       HOLD           0.0 284.39             0.0       0.009849           3.555533       3.555533                   0.0                 0.0                   0.0 below_min_notional
  MAZE       HOLD           0.0  31.73             0.0       0.026047          84.274715      84.274715                   0.0                 0.0                   0.0 below_min_notional
   MPC       HOLD           0.0 241.25             0.0       0.008646           3.679081       3.679081                   0.0                 0.0                   0.0 below_min_notional
  ONON       HOLD           0.0  35.16             0.0       0.008773          25.615074      25.615074                   0.0                 0.0                   0.0 below_min_notional
   OVV       HOLD           0.0  60.14             0.0       0.007635          13.033414      13.033414                   0.0                 0.0                   0.0 below_min_notional
   OXY       HOLD           0.0  61.85             0.0       0.007318          12.147041      12.147041                   0.0                 0.0                   0.0 below_min_notional
  SNDK       HOLD           0.0 677.86             0.0       0.013458           2.038182       2.038182                   0.0                 0.0                   0.0
  UGRO       HOLD           0.0  36.29             0.0       0.029694          84.001827      84.001827                   0.0                 0.0                   0.0 below_min_notional
    VG       HOLD           0.0  16.71             0.0       0.017928         110.146756     110.146756                   0.0                 0.0                   0.0 below_min_notional
[EXEC][aggressive][POSITIONS_MTM_TOP]
symbol     shares  last_price  market_value
  UGRO  84.000000       36.29   3048.360000
  MAZE  84.000000       31.73   2665.320000
    VG 110.000000       16.71   1838.100000
  DOCN  17.651689       87.00   1535.696967
  AAOI  13.377086      114.41   1530.472407
  SNDK   2.038182      677.86   1381.602271
  LBRT  44.000000       28.80   1267.200000
   JHG  20.000000       51.42   1028.400000
   LNG   3.555533      284.39   1011.157956
    CF   7.299652      128.11    935.158399
   APA  22.000000       41.32    909.040000
   MPC   3.679081      241.25    887.578269
  ONON  25.000000       35.16    879.000000
   OVV  13.000000       60.14    781.820000
   OXY  12.000000       61.85    742.200000
[ARTIFACT] artifacts\execution_loop\aggressive\target_book.csv
[ARTIFACT] artifacts\execution_loop\aggressive\orders.csv
[ARTIFACT] artifacts\execution_loop\aggressive\positions_mark_to_market.csv
[ARTIFACT] artifacts\execution_loop\aggressive\portfolio_state.json
[ARTIFACT] artifacts\execution_loop\aggressive\execution_log.csv
[FINAL] execution loop complete

[EXIT] code=0
Press Enter to exit...
PS C:\Users\Dmytro Govor\Documents\Python-Edge> python .\scripts\run_broker_handoff.py
[CFG] execution_root=artifacts\execution_loop
[CFG] broker_handoff_root=artifacts\broker_handoff
[CFG] broker_name=MEXEM broker_platform=IBKR handoff_mode=preview
[CFG] configs=['optimal', 'aggressive']
[CFG] allow_fractional_broker=1 round_fractional_for_broker=0 allow_shorts=1 min_order_notional=25.0 max_order_notional=25000.0
[CFG] max_total_orders=100 max_orders_per_config=50 max_position_notional=10000.0
[CFG] commission_bps=0.5 commission_min_per_order=0.35 slippage_bps=1.5
[HANDOFF][optimal] rows_total=5 rows_ready=0 rows_hold=5 skip_min_notional=2 skip_shorts=0 skip_max_notional=0 skip_zero_after_rounding=0
[HANDOFF][optimal][COST] broker_estimated_commission_total=0.0000 broker_estimated_slippage_total=0.0000 broker_estimated_total_cost=0.0000
[HANDOFF][aggressive] rows_total=15 rows_ready=0 rows_hold=15 skip_min_notional=14 skip_shorts=0 skip_max_notional=0 skip_zero_after_rounding=0
[HANDOFF][aggressive][COST] broker_estimated_commission_total=0.0000 broker_estimated_slippage_total=0.0000 broker_estimated_total_cost=0.0000
[PREFLIGHT] passes=0 ready_orders=0 blocked_orders=0 total_broker_notional=0.00 max_broker_order_notional=0.00
[PREFLIGHT][COST] total_broker_estimated_commission=0.0000 total_broker_estimated_slippage=0.0000 total_broker_estimated_cost=0.0000
[PREFLIGHT][REASONS] ['empty_handoff']
[ARTIFACT] artifacts\broker_handoff\broker_order_blotter.csv
[ARTIFACT] artifacts\broker_handoff\broker_order_blotter_ready.csv
[ARTIFACT] artifacts\broker_handoff\broker_order_blotter_blocked.csv
[ARTIFACT] artifacts\broker_handoff\broker_preflight_summary.json
[FINAL] broker handoff complete

[EXIT] code=0
Press Enter to exit...