PS C:\Users\Dmytro Govor\Documents\Python-Edge> python .\scripts\run_dynamic_universe.py
[CFG] snapshot_path=C:\Users\Dmytro Govor\Documents\Python-Edge\artifacts\daily_cycle\universe\universe_snapshot.parquet
[CFG] output_dir=C:\Users\Dmytro Govor\Documents\Python-Edge\artifacts\daily_cycle\universe
[CFG] top_n=400 rank_by=median_dollar_volume_20d
[CFG] portfolio_state_path=C:\Users\Dmytro Govor\Documents\Python-Edge\artifacts\execution_loop\optimal\portfolio_state.json
[CFG] pinned_symbols=[]
[CFG] policy.min_price=7.5
[CFG] policy.min_median_dollar_vol_20d=10,000,000
[CFG] policy.min_history_days=25
[CFG] policy.allowed_ticker_types=('CS',)
[DYN_UNIVERSE] snapshot=C:\Users\Dmytro Govor\Documents\Python-Edge\artifacts\daily_cycle\universe\universe_snapshot.parquet
[DYN_UNIVERSE] top_n=400 rank_by=median_dollar_volume_20d
[DYN_UNIVERSE] pinned_symbols=[]
[DYN_UNIVERSE] loaded rows=229
[DYN_UNIVERSE] portfolio_symbols=['OKLO', 'TSEM', 'SMCI', 'NKE', 'AXTI', 'AAOI', 'MSTR', 'APLS', 'CAR', 'APTV', 'APLD']
[ELIG][dynamic_universe] candidates=229 eligible=229 dropped=0
[DYN_UNIVERSE][DIAG] portfolio symbols NOT in selected: ['OKLO', 'TSEM', 'SMCI', 'NKE', 'MSTR']
[DYN_UNIVERSE] selected=229 symbols
[OK] parquet=C:\Users\Dmytro Govor\Documents\Python-Edge\artifacts\daily_cycle\universe\dynamic_universe.parquet
[OK] selected_csv=C:\Users\Dmytro Govor\Documents\Python-Edge\artifacts\daily_cycle\universe\dynamic_universe_selected.csv
[OK] dropped_csv=C:\Users\Dmytro Govor\Documents\Python-Edge\artifacts\daily_cycle\universe\dynamic_universe_dropped.csv
[OK] summary=C:\Users\Dmytro Govor\Documents\Python-Edge\artifacts\daily_cycle\universe\dynamic_universe_summary.json
[FINAL] dynamic_universe complete selected=229 dropped=0
[TOP10]
  rank=1 symbol=NVDA dvol_20d=29,851,347,844 close=188.63
  rank=2 symbol=TSLA dvol_20d=22,976,597,213 close=348.95
  rank=3 symbol=MU dvol_20d=19,618,499,022 close=420.59
  rank=4 symbol=SNDK dvol_20d=12,792,511,316 close=851.77
  rank=5 symbol=MSFT dvol_20d=11,222,133,034 close=370.87
  rank=6 symbol=AAPL dvol_20d=9,482,774,115 close=260.48
  rank=7 symbol=AMZN dvol_20d=9,311,629,121 close=238.38
  rank=8 symbol=META dvol_20d=8,931,539,806 close=629.86
  rank=9 symbol=AVGO dvol_20d=8,137,611,550 close=371.55
  rank=10 symbol=GOOGL dvol_20d=8,136,266,282 close=317.24

[EXIT] code=0
Press Enter to exit...
PS C:\Users\Dmytro Govor\Documents\Python-Edge> python .\scripts\run_live_alpha_snapshot.py
[CFG] universe_snapshot_file=artifacts\daily_cycle\universe\universe_snapshot.parquet
[CFG] dynamic_universe_file=artifacts\daily_cycle\universe\dynamic_universe.parquet
[CFG] live_alpha_out_dir=artifacts\live_alpha
[CFG] live_alpha_scope=registry survivor_top_n=6
[CFG] lookback_days=260 max_symbols=500
[CFG] proxy_enable=1 interaction_enable=1 interaction_top_k=24 interaction_gates=oil_up|dollar_up|macro_risk_off
[UNIVERSE][LOAD] source=dynamic_universe.parquet symbol_col=ticker latest_date=2026-04-10 selected=229 max_symbols=500
[UNIVERSE] selected_symbols=229 as_of_date=2026-04-10
[FETCH] 25/229 complete rows=4500 failed=0
[FETCH] 50/229 complete rows=9000 failed=0
[FETCH] 75/229 complete rows=13500 failed=0
[FETCH] 100/229 complete rows=18000 failed=0
[FETCH] 125/229 complete rows=22500 failed=0
[FETCH] 150/229 complete rows=27000 failed=0
[FETCH] 175/229 complete rows=31500 failed=0
[FETCH] 200/229 complete rows=36000 failed=0
[FETCH] 225/229 complete rows=40500 failed=0
[FETCH] 229/229 complete rows=41220 failed=0
[FETCH] final_symbols=229 rows=41220 failed_symbols=0
[FETCH] 12/12 complete rows=2160 failed=0
[FETCH] final_symbols=12 rows=2160 failed_symbols=0
[FACTORY] recipe_source=default_priority+recent_default_priority recipe_count=1901
[INTERACTION] base_alpha_count=24 enabled_gates=['oil_up', 'dollar_up', 'macro_risk_off'] added_columns=72
[OK] base_snapshot=artifacts\live_alpha\live_feature_snapshot.parquet
[OK] proxy_feature_snapshot=artifacts\live_alpha\live_proxy_feature_snapshot.parquet
[OK] live_alpha_snapshot=artifacts\live_alpha\live_alpha_snapshot.parquet
[OK] manifest=artifacts\live_alpha\live_alpha_manifest.csv
[OK] dropped=artifacts\live_alpha\live_alpha_dropped.csv
[OK] meta=artifacts\live_alpha\live_alpha_meta.json