[LOG] console_log=C:\Users\Dmytro Govor\Documents\Python-Edge\console142.log
[CFG] live_feature_snapshot_file=artifacts\live_alpha\live_feature_snapshot.parquet
[CFG] freeze_root=artifacts\freeze_runner
[CFG] execution_root=artifacts\execution_loop
[CFG] account_nav=100000.0
[CFG] configs=['optimal', 'aggressive']
[CFG] auto_console_log=1 console_log_dir=C:\Users\Dmytro Govor\Documents\Python-Edge console_log_path=C:\Users\Dmytro Govor\Documents\Python-Edge\console142.log
[CFG] allow_fractional_shares=0 fractional_mode=auto fractional_enabled_effective=0 min_order_notional=25.0 skip_empty_freeze_configs=1 require_freeze_date_match_live_prices=1
[CFG] max_single_name_weight=0.05 max_single_name_notional=10000.0 min_price_to_trade=1.0 max_price_to_trade=1000000.0
[CFG] commission_bps=0.5 commission_min_per_order=0.35 slippage_bps=1.5
[DATA] current_date=2026-03-25 price_col=close symbols=175 snapshot_fallback_count=0
[EXEC][optimal] loading freeze artifacts
[EXEC][optimal] starting_nav=99997.81 ending_nav=99997.81 cash_after=90038.05 market_value_after=9959.76 nav_recon_error=0.000000 order_count=0 active_names=2 gross_target=0.1000 price_col=close merged_missing_prices=0 fallback_price_rows=0 mtm_fallback_count=0 fractional_enabled_effective=0
[EXEC][optimal][RISK] dropped_price_below_min=0 dropped_price_above_max=0 clipped_weight_cap=0 clipped_notional_cap=0
[EXEC][optimal][DIAG] already_at_target=2 below_min_notional=0 rounded_to_zero_from_nonzero_target=0 entered_new_position=0 exited_position=0 increased_existing_position=0 decreased_existing_position=0 symbol_only_in_state=0 symbol_only_in_target=0
[EXEC][optimal][COST] estimated_commission_total=0.0000 estimated_slippage_total=0.0000 estimated_total_cost=0.0000
[EXEC][optimal][ORDERS_TOP]
symbol order_side  current_shares  target_shares_raw  target_shares  raw_delta_shares  delta_shares  price  order_notional  target_weight  estimated_commission  estimated_slippage  estimated_total_cost       skip_reason
  CRCL       HOLD            48.0          48.140673           48.0               0.0           0.0 103.86             0.0           0.05                   0.0                 0.0                   0.0 already_at_target
   NEM       HOLD            49.0          49.250298           49.0               0.0           0.0 101.52             0.0           0.05                   0.0                 0.0                   0.0 already_at_target
[EXEC][optimal][POSITIONS_MTM_TOP]
symbol  shares  last_price  market_value
  CRCL    48.0      103.86       4985.28
   NEM    49.0      101.52       4974.48
[ARTIFACT] artifacts\execution_loop\optimal\target_book.csv
[ARTIFACT] artifacts\execution_loop\optimal\orders.csv
[ARTIFACT] artifacts\execution_loop\optimal\positions_mark_to_market.csv
[ARTIFACT] artifacts\execution_loop\optimal\portfolio_state.json
[ARTIFACT] artifacts\execution_loop\optimal\execution_log.csv
[EXEC][aggressive] loading freeze artifacts
[EXEC][aggressive] starting_nav=100952.25 ending_nav=100952.25 cash_after=89086.07 market_value_after=11866.18 nav_recon_error=0.000000 order_count=0 active_names=4 gross_target=0.1200 price_col=close merged_missing_prices=0 fallback_price_rows=0 mtm_fallback_count=0 fractional_enabled_effective=0
[EXEC][aggressive][RISK] dropped_price_below_min=0 dropped_price_above_max=0 clipped_weight_cap=0 clipped_notional_cap=0
[EXEC][aggressive][DIAG] already_at_target=4 below_min_notional=0 rounded_to_zero_from_nonzero_target=0 entered_new_position=0 exited_position=0 increased_existing_position=0 decreased_existing_position=0 symbol_only_in_state=0 symbol_only_in_target=0
[EXEC][aggressive][COST] estimated_commission_total=0.0000 estimated_slippage_total=0.0000 estimated_total_cost=0.0000
[EXEC][aggressive][ORDERS_TOP]
symbol order_side  current_shares  target_shares_raw  target_shares  raw_delta_shares  delta_shares  price  order_notional  target_weight  estimated_commission  estimated_slippage  estimated_total_cost       skip_reason
  CRCL       HOLD            32.0          32.902566           32.0               0.0           0.0 103.86             0.0       0.033850                   0.0                 0.0                   0.0 already_at_target
  INTC       HOLD            39.0          39.536504           39.0               0.0           0.0  47.18             0.0       0.018477                   0.0                 0.0                   0.0 already_at_target
   NEM       HOLD            33.0          33.660959           33.0               0.0           0.0 101.52             0.0       0.033850                   0.0                 0.0                   0.0 already_at_target
  RKLB       HOLD            46.0          46.849850           46.0               0.0           0.0  72.88             0.0       0.033822                   0.0                 0.0                   0.0 already_at_target
[EXEC][aggressive][POSITIONS_MTM_TOP]
symbol  shares  last_price  market_value
  RKLB    46.0       72.88       3352.48
   NEM    33.0      101.52       3350.16
  CRCL    32.0      103.86       3323.52
  INTC    39.0       47.18       1840.02
[ARTIFACT] artifacts\execution_loop\aggressive\target_book.csv
[ARTIFACT] artifacts\execution_loop\aggressive\orders.csv
[ARTIFACT] artifacts\execution_loop\aggressive\positions_mark_to_market.csv
[ARTIFACT] artifacts\execution_loop\aggressive\portfolio_state.json
[ARTIFACT] artifacts\execution_loop\aggressive\execution_log.csv
[FINAL] execution loop complete

[EXIT] code=0
Press Enter to exit...