PS C:\Users\Dmytro Govor\Documents\Python-Edge> python .\scripts\run_broker_handoff.py
[CFG] execution_root=artifacts\execution_loop
[CFG] configs=['optimal', 'aggressive']
[CFG] ib_host=127.0.0.1 ib_port=4002 ib_client_id=51
[CFG] exchange=SMART primary_exchange= currency=USD sec_type=STK
[CFG] ib_mkt_timeout_sec=8.0 max_price_deviation_pct=8.0 allow_last_fallback=1
[IB] connecting host=127.0.0.1 port=4002 client_id=51
[IB] managedAccounts=DUP561175
[IB] nextValidId=1
[IB] connected next_valid_id=1 managed_accounts=DUP561175
[IB][ERROR] reqId=-1 code=2104 msg=Market data farm connection is OK:usfarm
[HANDOFF][optimal] orders_csv=artifacts\execution_loop\optimal\orders.csv
[IB][ERROR] reqId=-1 code=2107 msg=HMDS data farm connection is inactive but should be available upon demand.ushmds
[IB][ERROR] reqId=-1 code=2158 msg=Sec-def data farm connection is OK:secdefil
[HANDOFF][optimal] total_rows=4 live_rows=4 symbols=4
[IB][ERROR] reqId=900001 code=10089 msg=Requested market data requires additional subscription for API. See link in 'Market Data Connections' dialog for more details.Delayed market data is available.AAPL NASDAQ.NMS/TOP/ALL
[IB][ERROR] reqId=900002 code=10089 msg=Requested market data requires additional subscription for API. See link in 'Market Data Connections' dialog for more details.Delayed market data is available.AMZN NASDAQ.NMS/TOP/ALL
[IB][ERROR] reqId=900004 code=10089 msg=Requested market data requires additional subscription for API. See link in 'Market Data Connections' dialog for more details.Delayed market data is available.NVDA NASDAQ.NMS/TOP/ALL
[IB][ERROR] reqId=900003 code=10089 msg=Requested market data requires additional subscription for API. See link in 'Market Data Connections' dialog for more details.Delayed market data is available.MSFT NASDAQ.NMS/TOP/ALL
[IB][ERROR] reqId=900001 code=300 msg=Can't find EId with tickerId:900001
[IB][ERROR] reqId=900002 code=300 msg=Can't find EId with tickerId:900002
Traceback (most recent call last):
  File "C:\Users\Dmytro Govor\Documents\Python-Edge\scripts\run_broker_handoff.py", line 440, in <module>
    rc = main()
  File "C:\Users\Dmytro Govor\Documents\Python-Edge\scripts\run_broker_handoff.py", line 430, in main
    run_one_config(app, cfg_paths(config_name))
    ~~~~~~~~~~~~~~^^^^^^^^^^^^^^^^^^^^^^^^^^^^^
  File "C:\Users\Dmytro Govor\Documents\Python-Edge\scripts\run_broker_handoff.py", line 395, in run_one_config
    updated_df, enrich_summary = enrich_orders_with_live_prices(df, quotes)
                                 ~~~~~~~~~~~~~~~~~~~~~~~~~~~~~~^^^^^^^^^^^^
  File "C:\Users\Dmytro Govor\Documents\Python-Edge\scripts\run_broker_handoff.py", line 345, in enrich_orders_with_live_prices
    live_price, src = pick_execution_price(side, q)
                      ~~~~~~~~~~~~~~~~~~~~^^^^^^^^^
  File "C:\Users\Dmytro Govor\Documents\Python-Edge\scripts\run_broker_handoff.py", line 309, in pick_execution_price
    raise RuntimeError(f"No usable live price for symbol={quote.symbol} side={side_up}")
RuntimeError: No usable live price for symbol=AAPL side=BUY

[EXIT] code=1
Press Enter to exit...
PS C:\Users\Dmytro Govor\Documents\Python-Edge> if ($LASTEXITCODE -ne 0) {
>>     throw "run_broker_handoff.py failed"
>> }
Exception:
Line |
   2 |      throw "run_broker_handoff.py failed"
     |      ~~~~~~~~~~~~~~~~~~~~~~~~~~~~~~~~~~~~
     | run_broker_handoff.py failed