=== STEP 6: CPAPI CLEANUP SEND ===
[CFG] execution_root=artifacts\execution_loop configs=['optimal', 'aggressive']
[CFG] cpapi_url=https://localhost:5000 account=DUP561175
[CFG] cleanup_send_preview_only=0 require_empty_pending=0
[CPAPI] tickle loop started (interval=50s)
[CLEANUP][optimal][PLAN] cleanup_rows=13 emitted_rows=13 preview_only=0 blocked_pending_refs=0
date symbol order_side  delta_shares      price      price_source       price_hint_source             quote_ts  quote_provider quote_timeframe  model_price_reference  bid  ask  mid  last  close_price  spread_bps  price_deviation_vs_model  is_priced  target_weight  target_notional  target_shares_raw  current_shares  target_shares  raw_delta_shares  order_notional  order_notional_abs  estimated_commission  estimated_slippage  estimated_total_cost skip_reason       cleanup_reason         cleanup_tag pending_order_refs      fallback_reason
       APLS       SELL        1269.0  40.825000 cleanup_send_plan cleanup_broker_avg_cost 2026-04-16T15:41:43Z cleanup_preview             N/A              40.825000  0.0  0.0  0.0   0.0          0.0         0.0                       0.0          1            0.0              0.0                0.0          1269.0            0.0           -1269.0             0.0                 0.0                   0.0                 0.0                   0.0             unexpected_at_broker broker_cleanup_send                nan unexpected_at_broker
       AAOI        BUY         400.0 149.791719 cleanup_send_plan cleanup_broker_avg_cost 2026-04-16T15:41:43Z cleanup_preview             N/A             149.791719  0.0  0.0  0.0   0.0          0.0         0.0                       0.0          1            0.0              0.0                0.0          -400.0            0.0             400.0             0.0                 0.0                   0.0                 0.0                   0.0             unexpected_at_broker broker_cleanup_send                nan unexpected_at_broker
       HOOD        BUY         295.0  66.849558 cleanup_send_plan cleanup_broker_avg_cost 2026-04-16T15:41:43Z cleanup_preview             N/A              66.849558  0.0  0.0  0.0   0.0          0.0         0.0                       0.0          1            0.0              0.0                0.0          -295.0            0.0             295.0             0.0                 0.0                   0.0                 0.0                   0.0             unexpected_at_broker broker_cleanup_send                nan unexpected_at_broker
       APLD        BUY         220.0  26.223709 cleanup_send_plan cleanup_broker_avg_cost 2026-04-16T15:41:43Z cleanup_preview             N/A              26.223709  0.0  0.0  0.0   0.0          0.0         0.0                       0.0          1            0.0              0.0                0.0          -220.0            0.0             220.0             0.0                 0.0                   0.0                 0.0                   0.0             unexpected_at_broker broker_cleanup_send                nan unexpected_at_broker
        NEM        BUY         208.0 105.013459 cleanup_send_plan cleanup_broker_avg_cost 2026-04-16T15:41:43Z cleanup_preview             N/A             105.013459  0.0  0.0  0.0   0.0          0.0         0.0                       0.0          1            0.0              0.0                0.0          -208.0            0.0             208.0             0.0                 0.0                   0.0                 0.0                   0.0             unexpected_at_broker broker_cleanup_send                nan unexpected_at_broker
       INTC        BUY         200.0  43.021055 cleanup_send_plan cleanup_broker_avg_cost 2026-04-16T15:41:43Z cleanup_preview             N/A              43.021055  0.0  0.0  0.0   0.0          0.0         0.0                       0.0          1            0.0              0.0                0.0          -200.0            0.0             200.0             0.0                 0.0                   0.0                 0.0                   0.0             unexpected_at_broker broker_cleanup_send                nan unexpected_at_broker
       APTV        BUY         148.0  59.871815 cleanup_send_plan cleanup_broker_avg_cost 2026-04-16T15:41:43Z cleanup_preview             N/A              59.871815  0.0  0.0  0.0   0.0          0.0         0.0                       0.0          1            0.0              0.0                0.0          -148.0            0.0             148.0             0.0                 0.0                   0.0                 0.0                   0.0             unexpected_at_broker broker_cleanup_send                nan unexpected_at_broker
       CRCL        BUY         128.0  91.896055 cleanup_send_plan cleanup_broker_avg_cost 2026-04-16T15:41:43Z cleanup_preview             N/A              91.896055  0.0  0.0  0.0   0.0          0.0         0.0                       0.0          1            0.0              0.0                0.0          -128.0            0.0             128.0             0.0                 0.0                   0.0                 0.0                   0.0             unexpected_at_broker broker_cleanup_send                nan unexpected_at_broker
       NVDA        BUY          84.0 193.093923 cleanup_send_plan cleanup_broker_avg_cost 2026-04-16T15:41:43Z cleanup_preview             N/A             193.093923  0.0  0.0  0.0   0.0          0.0         0.0                       0.0          1            0.0              0.0                0.0           -84.0            0.0              84.0             0.0                 0.0                   0.0                 0.0                   0.0             unexpected_at_broker broker_cleanup_send                nan unexpected_at_broker
       RKLB        BUY          48.0  60.656888 cleanup_send_plan cleanup_broker_avg_cost 2026-04-16T15:41:43Z cleanup_preview             N/A              60.656888  0.0  0.0  0.0   0.0          0.0         0.0                       0.0          1            0.0              0.0                0.0           -48.0            0.0              48.0             0.0                 0.0                   0.0                 0.0                   0.0             unexpected_at_broker broker_cleanup_send                nan unexpected_at_broker
        NKE        BUY          21.0  42.442738 cleanup_send_plan cleanup_broker_avg_cost 2026-04-16T15:41:43Z cleanup_preview             N/A              42.442738  0.0  0.0  0.0   0.0          0.0         0.0                       0.0          1            0.0              0.0                0.0           -21.0            0.0              21.0             0.0                 0.0                   0.0                 0.0                   0.0             unexpected_at_broker broker_cleanup_send                nan unexpected_at_broker
       OKLO        BUY          20.0  52.262725 cleanup_send_plan cleanup_broker_avg_cost 2026-04-16T15:41:43Z cleanup_preview             N/A              52.262725  0.0  0.0  0.0   0.0          0.0         0.0                       0.0          1            0.0              0.0                0.0           -20.0            0.0              20.0             0.0                 0.0                   0.0                 0.0                   0.0             unexpected_at_broker broker_cleanup_send                nan unexpected_at_broker
       AXON        BUY           8.0 343.887713 cleanup_send_plan cleanup_broker_avg_cost 2026-04-16T15:41:43Z cleanup_preview             N/A             343.887713  0.0  0.0  0.0   0.0          0.0         0.0                       0.0          1            0.0              0.0                0.0            -8.0            0.0               8.0             0.0                 0.0                   0.0                 0.0                   0.0             unexpected_at_broker broker_cleanup_send                nan unexpected_at_broker
[ARTIFACT] artifacts\execution_loop\optimal\broker_cleanup_send_plan.csv
[ARTIFACT] artifacts\execution_loop\optimal\broker_cleanup_send_summary.json
[CONID_CACHE] all 13 symbols already cached
[CLEANUP][optimal] to_execute=13 dup=0 no_conid=0 no_price=0
[BATCH] symbol=APLS side=SELL qty=1269.00000000 ref_price=40.8250 conid=295518928
[SM][APLS] NEW → PRECHECK | starting execution
[SM][APLS] PRECHECK → SPLIT | splitting qty
[SM][APLS] SPLIT → WHOLE_SUBMIT | submitting whole leg
[CPAPI][TICKLE] ok (total_ok=2)
[CPAPI][REPLY] attempt=1 id=5062f541-52c2-4089-b007-3680bc05ac02 raw=[{"id": "8460c16b-b5ca-47fe-bc2e-d588ed2fb729", "message": ["You are submitting an order without market data. We strongl
[CPAPI][REPLY][FAIL] attempt=2: 400 Client Error: Bad Request for url: https://localhost:5000/v1/api/iserver/reply/5062f541-52c2-4089-b007-3680bc05ac02
[CPAPI][REPLY][FAIL] attempt=3: 400 Client Error: Bad Request for url: https://localhost:5000/v1/api/iserver/reply/5062f541-52c2-4089-b007-3680bc05ac02
[SM][APLS][ERR] stage=WHOLE_SUBMIT Order reply failed after 3 attempts for order_id=5062f541-52c2-4089-b007-3680bc05ac02: 400 Client Error: Bad Request for url: https://localhost:5000/v1/api/iserver/reply/5062f541-52c2-4089-b007-3680bc05ac02
[SM][APLS] WHOLE_SUBMIT → WHOLE_TIMEOUT | whole submit failed; skipping to frac
[SM][APLS] WHOLE_TIMEOUT → DONE | no frac leg required
[BATCH][RESULT] symbol=APLS state=DONE total_filled=0.00000000 avg_price=0.0000
[BATCH] symbol=AAOI side=BUY qty=400.00000000 ref_price=149.7917 conid=135423662
[SM][AAOI] NEW → PRECHECK | starting execution
[SM][AAOI] PRECHECK → SPLIT | splitting qty
[SM][AAOI] SPLIT → WHOLE_SUBMIT | submitting whole leg
[CPAPI][REPLY] attempt=1 id=f5f931f6-5a69-4df9-aa1b-301bcb1e74be raw=[{"order_id": "2076174249", "local_order_id": "cl-92db23049e3f3ceb68f79ea2-W", "order_status": "PreSubmitted", "encrypt_
[SM][AAOI][WHOLE_SUBMIT] order_id=2076174249 waiting 2.0s for gateway indexing
[SM][AAOI] WHOLE_SUBMIT → WHOLE_WORKING | whole order_id=2076174249
[SM][AAOI][WHOLE_POLL] status=Submitted filled=0.000000 remaining=400.000000 avg_px=0.0000
[SM][AAOI][WHOLE_POLL] status=Submitted filled=0.000000 remaining=400.000000 avg_px=0.0000
[SM][AAOI][WHOLE_POLL] status=Submitted filled=0.000000 remaining=400.000000 avg_px=0.0000
[SM][AAOI][WHOLE_POLL] status=Submitted filled=0.000000 remaining=400.000000 avg_px=0.0000
[SM][AAOI][WHOLE_POLL] status=Submitted filled=0.000000 remaining=400.000000 avg_px=0.0000
[SM][AAOI][WHOLE_POLL] status=Submitted filled=0.000000 remaining=400.000000 avg_px=0.0000
[SM][AAOI][WHOLE_POLL] status=Submitted filled=0.000000 remaining=400.000000 avg_px=0.0000
[SM][AAOI][WHOLE_POLL] status=Submitted filled=0.000000 remaining=400.000000 avg_px=0.0000
[SM][AAOI][WHOLE_POLL] status=Submitted filled=0.000000 remaining=400.000000 avg_px=0.0000
[SM][AAOI][WHOLE_POLL] status=Submitted filled=0.000000 remaining=400.000000 avg_px=0.0000
[SM][AAOI][WHOLE_POLL] status=Submitted filled=0.000000 remaining=400.000000 avg_px=0.0000
[SM][AAOI][WHOLE_POLL] status=Submitted filled=0.000000 remaining=400.000000 avg_px=0.0000
[SM][AAOI][WHOLE_POLL] status=Submitted filled=0.000000 remaining=400.000000 avg_px=0.0000
[SM][AAOI][WHOLE_POLL] status=Submitted filled=0.000000 remaining=400.000000 avg_px=0.0000
[SM][AAOI][WHOLE_POLL] status=Submitted filled=0.000000 remaining=400.000000 avg_px=0.0000
[SM][AAOI][WHOLE_POLL] status=Submitted filled=0.000000 remaining=400.000000 avg_px=0.0000
[SM][AAOI][WHOLE_POLL] status=Submitted filled=91.000000 remaining=309.000000 avg_px=149.0000
[SM][AAOI] WHOLE_WORKING → WHOLE_PARTIAL | partial qty=91.000000 remaining=309.000000
[SM][AAOI] WHOLE_PARTIAL → DONE | no frac leg required
[BATCH][RESULT] symbol=AAOI state=DONE total_filled=91.00000000 avg_price=149.0000
[BATCH] symbol=HOOD side=BUY qty=295.00000000 ref_price=66.8496 conid=504546674
[SM][HOOD] NEW → PRECHECK | starting execution
[SM][HOOD] PRECHECK → SPLIT | splitting qty
[SM][HOOD] SPLIT → WHOLE_SUBMIT | submitting whole leg
[CPAPI][REPLY] attempt=1 id=b61d7f01-0750-4b87-bdc8-325e82580e78 raw=[{"order_id": "2076174250", "local_order_id": "cl-90afb22e852a13c87f926833-W", "order_status": "PreSubmitted", "encrypt_
[SM][HOOD][WHOLE_SUBMIT] order_id=2076174250 waiting 2.0s for gateway indexing
[SM][HOOD] WHOLE_SUBMIT → WHOLE_WORKING | whole order_id=2076174250
[SM][HOOD][WHOLE_POLL] status=Filled filled=295.000000 remaining=0.000000 avg_px=86.7800
[SM][HOOD] WHOLE_WORKING → WHOLE_FILLED | filled qty=295.000000 avg_px=86.7800
[SM][HOOD] WHOLE_FILLED → DONE | no frac leg required
[BATCH][RESULT] symbol=HOOD state=DONE total_filled=295.00000000 avg_price=86.7800
[BATCH] symbol=APLD side=BUY qty=220.00000000 ref_price=26.2237 conid=556067819
[SM][APLD] NEW → PRECHECK | starting execution
[SM][APLD] PRECHECK → SPLIT | splitting qty
[SM][APLD] SPLIT → WHOLE_SUBMIT | submitting whole leg
[CPAPI][REPLY] attempt=1 id=20b8f1f0-c959-4ee9-81c7-66052bb25c71 raw=[{"order_id": "2076174251", "local_order_id": "cl-4ebc38ac347ce2df727fa26d-W", "order_status": "PreSubmitted", "encrypt_
[SM][APLD][WHOLE_SUBMIT] order_id=2076174251 waiting 2.0s for gateway indexing
[CPAPI][TICKLE] ok (total_ok=3)
[SM][APLD] WHOLE_SUBMIT → WHOLE_WORKING | whole order_id=2076174251
[SM][APLD][WHOLE_POLL] status=Submitted filled=0.000000 remaining=220.000000 avg_px=0.0000
[SM][APLD][WHOLE_POLL] status=Submitted filled=0.000000 remaining=220.000000 avg_px=0.0000
[SM][APLD][WHOLE_POLL] status=Submitted filled=0.000000 remaining=220.000000 avg_px=0.0000
[SM][APLD][WHOLE_POLL] status=Submitted filled=0.000000 remaining=220.000000 avg_px=0.0000
[SM][APLD][WHOLE_POLL] status=Submitted filled=0.000000 remaining=220.000000 avg_px=0.0000
[SM][APLD][WHOLE_POLL] status=Filled filled=220.000000 remaining=0.000000 avg_px=30.1500
[SM][APLD] WHOLE_WORKING → WHOLE_FILLED | filled qty=220.000000 avg_px=30.1500
[SM][APLD] WHOLE_FILLED → DONE | no frac leg required
[BATCH][RESULT] symbol=APLD state=DONE total_filled=220.00000000 avg_price=30.1500
[BATCH] symbol=NEM side=BUY qty=208.00000000 ref_price=105.0135 conid=10174
[SM][NEM] NEW → PRECHECK | starting execution
[SM][NEM] PRECHECK → SPLIT | splitting qty
[SM][NEM] SPLIT → WHOLE_SUBMIT | submitting whole leg
[CPAPI][REPLY] attempt=1 id=de7e43a5-5afc-4844-aaf1-b03d15730ed0 raw=[{"order_id": "2076174252", "local_order_id": "cl-142b429f061e6649c6487fd9-W", "order_status": "PreSubmitted", "encrypt_
[SM][NEM][WHOLE_SUBMIT] order_id=2076174252 waiting 2.0s for gateway indexing
[SM][NEM] WHOLE_SUBMIT → WHOLE_WORKING | whole order_id=2076174252
[SM][NEM][WHOLE_POLL] status=Submitted filled=0.000000 remaining=208.000000 avg_px=0.0000
[SM][NEM][WHOLE_POLL] status=Submitted filled=0.000000 remaining=208.000000 avg_px=0.0000
[SM][NEM][WHOLE_POLL] status=Submitted filled=0.000000 remaining=208.000000 avg_px=0.0000
[SM][NEM][WHOLE_POLL] status=Submitted filled=0.000000 remaining=208.000000 avg_px=0.0000
[SM][NEM][WHOLE_POLL] status=Submitted filled=0.000000 remaining=208.000000 avg_px=0.0000
[SM][NEM][WHOLE_POLL] status=Submitted filled=0.000000 remaining=208.000000 avg_px=0.0000
[SM][NEM][WHOLE_POLL] status=Submitted filled=0.000000 remaining=208.000000 avg_px=0.0000
[SM][NEM][WHOLE_POLL] status=Submitted filled=0.000000 remaining=208.000000 avg_px=0.0000
[SM][NEM][WHOLE_POLL] status=Submitted filled=0.000000 remaining=208.000000 avg_px=0.0000
[SM][NEM][WHOLE_POLL] status=Submitted filled=0.000000 remaining=208.000000 avg_px=0.0000
[SM][NEM][WHOLE_POLL] status=Submitted filled=0.000000 remaining=208.000000 avg_px=0.0000
[SM][NEM][WHOLE_POLL] status=Submitted filled=0.000000 remaining=208.000000 avg_px=0.0000
[SM][NEM][WHOLE_POLL] status=Submitted filled=0.000000 remaining=208.000000 avg_px=0.0000
[SM][NEM][WHOLE_POLL] status=Submitted filled=0.000000 remaining=208.000000 avg_px=0.0000
[SM][NEM][WHOLE_POLL] status=Submitted filled=0.000000 remaining=208.000000 avg_px=0.0000
[SM][NEM][WHOLE_POLL] status=Submitted filled=0.000000 remaining=208.000000 avg_px=0.0000
[SM][NEM][WHOLE_POLL] status=Submitted filled=0.000000 remaining=208.000000 avg_px=0.0000
[SM][NEM][WHOLE_POLL] status=Submitted filled=0.000000 remaining=208.000000 avg_px=0.0000
[SM][NEM][CANCEL_WHOLE] cancel sent for order_id=2076174252
[SM][NEM] WHOLE_WORKING → WHOLE_TIMEOUT | timeout after 30s filled_so_far=0.000000 cancel_sent=True
[SM][NEM] WHOLE_TIMEOUT → DONE | no frac leg required
[BATCH][RESULT] symbol=NEM state=DONE total_filled=0.00000000 avg_price=0.0000
[BATCH] symbol=INTC side=BUY qty=200.00000000 ref_price=43.0211 conid=270639
[SM][INTC] NEW → PRECHECK | starting execution
[SM][INTC] PRECHECK → SPLIT | splitting qty
[SM][INTC] SPLIT → WHOLE_SUBMIT | submitting whole leg
[CPAPI][REPLY] attempt=1 id=7a8d9a7b-0ec3-492a-93b8-ee8e2518cdbd raw=[{"order_id": "2076174322", "local_order_id": "cl-210ac5342f543f237ed3f415-W", "order_status": "PreSubmitted", "encrypt_
[SM][INTC][WHOLE_SUBMIT] order_id=2076174322 waiting 2.0s for gateway indexing
[SM][INTC] WHOLE_SUBMIT → WHOLE_WORKING | whole order_id=2076174322
[SM][INTC][WHOLE_POLL] status=Submitted filled=0.000000 remaining=200.000000 avg_px=0.0000
[CPAPI][TICKLE] ok (total_ok=4)
[SM][INTC][WHOLE_POLL] status=Submitted filled=0.000000 remaining=200.000000 avg_px=0.0000
[SM][INTC][WHOLE_POLL] status=Submitted filled=100.000000 remaining=100.000000 avg_px=67.6000
[SM][INTC] WHOLE_WORKING → WHOLE_PARTIAL | partial qty=100.000000 remaining=100.000000
[SM][INTC] WHOLE_PARTIAL → DONE | no frac leg required
[BATCH][RESULT] symbol=INTC state=DONE total_filled=100.00000000 avg_price=67.6000
[BATCH] symbol=APTV side=BUY qty=148.00000000 ref_price=59.8718 conid=748351585
[SM][APTV] NEW → PRECHECK | starting execution
[SM][APTV] PRECHECK → SPLIT | splitting qty
[SM][APTV] SPLIT → WHOLE_SUBMIT | submitting whole leg
[CPAPI][REPLY] attempt=1 id=36f0286b-287a-4dda-b279-836f28ccef19 raw=[{"order_id": "2076174323", "local_order_id": "cl-f5093fb0f93dde5583973e71-W", "order_status": "PreSubmitted", "encrypt_
[SM][APTV][WHOLE_SUBMIT] order_id=2076174323 waiting 2.0s for gateway indexing
[SM][APTV] WHOLE_SUBMIT → WHOLE_WORKING | whole order_id=2076174323
[SM][APTV][WHOLE_POLL] status=Submitted filled=0.000000 remaining=148.000000 avg_px=0.0000
[SM][APTV][WHOLE_POLL] status=Submitted filled=0.000000 remaining=148.000000 avg_px=0.0000
[SM][APTV][WHOLE_POLL] status=Submitted filled=0.000000 remaining=148.000000 avg_px=0.0000
[SM][APTV][WHOLE_POLL] status=Submitted filled=0.000000 remaining=148.000000 avg_px=0.0000
[SM][APTV][WHOLE_POLL] status=Submitted filled=0.000000 remaining=148.000000 avg_px=0.0000
[SM][APTV][WHOLE_POLL] status=Submitted filled=0.000000 remaining=148.000000 avg_px=0.0000
[SM][APTV][WHOLE_POLL] status=Submitted filled=0.000000 remaining=148.000000 avg_px=0.0000
[SM][APTV][WHOLE_POLL] status=Submitted filled=0.000000 remaining=148.000000 avg_px=0.0000
[SM][APTV][WHOLE_POLL] status=Submitted filled=0.000000 remaining=148.000000 avg_px=0.0000
[SM][APTV][WHOLE_POLL] status=Submitted filled=0.000000 remaining=148.000000 avg_px=0.0000
[SM][APTV][WHOLE_POLL] status=Submitted filled=0.000000 remaining=148.000000 avg_px=0.0000
[SM][APTV][WHOLE_POLL] status=Submitted filled=0.000000 remaining=148.000000 avg_px=0.0000
[SM][APTV][WHOLE_POLL] status=Submitted filled=0.000000 remaining=148.000000 avg_px=0.0000
[SM][APTV][WHOLE_POLL] status=Submitted filled=0.000000 remaining=148.000000 avg_px=0.0000
[SM][APTV][WHOLE_POLL] status=Submitted filled=0.000000 remaining=148.000000 avg_px=0.0000
[SM][APTV][WHOLE_POLL] status=Submitted filled=0.000000 remaining=148.000000 avg_px=0.0000
[SM][APTV][WHOLE_POLL] status=Submitted filled=0.000000 remaining=148.000000 avg_px=0.0000
[SM][APTV][CANCEL_WHOLE] cancel sent for order_id=2076174323
[SM][APTV] WHOLE_WORKING → WHOLE_TIMEOUT | timeout after 30s filled_so_far=0.000000 cancel_sent=True
[SM][APTV] WHOLE_TIMEOUT → DONE | no frac leg required
[BATCH][RESULT] symbol=APTV state=DONE total_filled=0.00000000 avg_price=0.0000
[BATCH] symbol=CRCL side=BUY qty=128.00000000 ref_price=91.8961 conid=789044667
[SM][CRCL] NEW → PRECHECK | starting execution
[SM][CRCL] PRECHECK → SPLIT | splitting qty
[SM][CRCL] SPLIT → WHOLE_SUBMIT | submitting whole leg
[CPAPI][REPLY] attempt=1 id=d8b6d86f-02fa-4d9f-ac1e-fd8fe4d267cf raw=[{"order_id": "2076174327", "local_order_id": "cl-cf6e5d4d627ca8c06f25daad-W", "order_status": "PreSubmitted", "encrypt_
[SM][CRCL][WHOLE_SUBMIT] order_id=2076174327 waiting 2.0s for gateway indexing
[SM][CRCL] WHOLE_SUBMIT → WHOLE_WORKING | whole order_id=2076174327
[SM][CRCL][WHOLE_POLL] status=Submitted filled=0.000000 remaining=128.000000 avg_px=0.0000
[SM][CRCL][WHOLE_POLL] status=Submitted filled=0.000000 remaining=128.000000 avg_px=0.0000
[SM][CRCL][WHOLE_POLL] status=Submitted filled=0.000000 remaining=128.000000 avg_px=0.0000
[SM][CRCL][WHOLE_POLL] status=Submitted filled=0.000000 remaining=128.000000 avg_px=0.0000
[SM][CRCL][WHOLE_POLL] status=Submitted filled=0.000000 remaining=128.000000 avg_px=0.0000
[SM][CRCL][WHOLE_POLL] status=Submitted filled=0.000000 remaining=128.000000 avg_px=0.0000
[CPAPI][TICKLE] ok (total_ok=5)
[SM][CRCL][WHOLE_POLL] status=Submitted filled=0.000000 remaining=128.000000 avg_px=0.0000
[SM][CRCL][WHOLE_POLL] status=Submitted filled=100.000000 remaining=28.000000 avg_px=105.2000
[SM][CRCL] WHOLE_WORKING → WHOLE_PARTIAL | partial qty=100.000000 remaining=28.000000
[SM][CRCL] WHOLE_PARTIAL → DONE | no frac leg required
[BATCH][RESULT] symbol=CRCL state=DONE total_filled=100.00000000 avg_price=105.2000
[BATCH] symbol=NVDA side=BUY qty=84.00000000 ref_price=193.0939 conid=4815747
[SM][NVDA] NEW → PRECHECK | starting execution
[SM][NVDA] PRECHECK → SPLIT | splitting qty
[SM][NVDA] SPLIT → WHOLE_SUBMIT | submitting whole leg
[CPAPI][REPLY] attempt=1 id=63bc6288-6e7d-4a5f-9cd9-27878b185621 raw=[{"order_id": "2076174328", "local_order_id": "cl-d447ea363fe2c12030e06a72-W", "order_status": "PreSubmitted", "encrypt_
[SM][NVDA][WHOLE_SUBMIT] order_id=2076174328 waiting 2.0s for gateway indexing
[SM][NVDA] WHOLE_SUBMIT → WHOLE_WORKING | whole order_id=2076174328
[SM][NVDA][WHOLE_POLL] status=Filled filled=84.000000 remaining=0.000000 avg_px=199.1100
[SM][NVDA] WHOLE_WORKING → WHOLE_FILLED | filled qty=84.000000 avg_px=199.1100
[SM][NVDA] WHOLE_FILLED → DONE | no frac leg required
[BATCH][RESULT] symbol=NVDA state=DONE total_filled=84.00000000 avg_price=199.1100
[BATCH] symbol=RKLB side=BUY qty=48.00000000 ref_price=60.6569 conid=787273575
[SM][RKLB] NEW → PRECHECK | starting execution
[SM][RKLB] PRECHECK → SPLIT | splitting qty
[SM][RKLB] SPLIT → WHOLE_SUBMIT | submitting whole leg
[CPAPI][REPLY] attempt=1 id=723767e6-52cd-4594-8c85-7240fbff0563 raw=[{"order_id": "2076174329", "local_order_id": "cl-7481e5aee3c9e5e68fed805d-W", "order_status": "PreSubmitted", "encrypt_
[SM][RKLB][WHOLE_SUBMIT] order_id=2076174329 waiting 2.0s for gateway indexing
[SM][RKLB] WHOLE_SUBMIT → WHOLE_WORKING | whole order_id=2076174329
[SM][RKLB][WHOLE_POLL] status=Submitted filled=0.000000 remaining=48.000000 avg_px=0.0000
[SM][RKLB][WHOLE_POLL] status=Submitted filled=0.000000 remaining=48.000000 avg_px=0.0000
[SM][RKLB][WHOLE_POLL] status=Submitted filled=0.000000 remaining=48.000000 avg_px=0.0000
[SM][RKLB][WHOLE_POLL] status=Submitted filled=0.000000 remaining=48.000000 avg_px=0.0000
[SM][RKLB][WHOLE_POLL] status=Filled filled=48.000000 remaining=0.000000 avg_px=81.5500
[SM][RKLB] WHOLE_WORKING → WHOLE_FILLED | filled qty=48.000000 avg_px=81.5500
[SM][RKLB] WHOLE_FILLED → DONE | no frac leg required
[BATCH][RESULT] symbol=RKLB state=DONE total_filled=48.00000000 avg_price=81.5500
[BATCH] symbol=NKE side=BUY qty=21.00000000 ref_price=42.4427 conid=10291
[SM][NKE] NEW → PRECHECK | starting execution
[SM][NKE] PRECHECK → SPLIT | splitting qty
[SM][NKE] SPLIT → WHOLE_SUBMIT | submitting whole leg
[CPAPI][REPLY] attempt=1 id=dcc0c625-77c9-4787-a2c7-a29433d96cad raw=[{"order_id": "2076174343", "local_order_id": "cl-8dda447874e82cf82e45308e-W", "order_status": "PreSubmitted", "encrypt_
[SM][NKE][WHOLE_SUBMIT] order_id=2076174343 waiting 2.0s for gateway indexing
[SM][NKE] WHOLE_SUBMIT → WHOLE_WORKING | whole order_id=2076174343
[SM][NKE][WHOLE_POLL] status=Submitted filled=0.000000 remaining=21.000000 avg_px=0.0000
[SM][NKE][WHOLE_POLL] status=Submitted filled=0.000000 remaining=21.000000 avg_px=0.0000
[SM][NKE][WHOLE_POLL] status=Submitted filled=0.000000 remaining=21.000000 avg_px=0.0000
[SM][NKE][WHOLE_POLL] status=Submitted filled=0.000000 remaining=21.000000 avg_px=0.0000
[SM][NKE][WHOLE_POLL] status=Submitted filled=0.000000 remaining=21.000000 avg_px=0.0000
[SM][NKE][WHOLE_POLL] status=Submitted filled=0.000000 remaining=21.000000 avg_px=0.0000
[SM][NKE][WHOLE_POLL] status=Submitted filled=0.000000 remaining=21.000000 avg_px=0.0000
[SM][NKE][WHOLE_POLL] status=Submitted filled=0.000000 remaining=21.000000 avg_px=0.0000
[SM][NKE][WHOLE_POLL] status=Submitted filled=0.000000 remaining=21.000000 avg_px=0.0000
[SM][NKE][WHOLE_POLL] status=Submitted filled=0.000000 remaining=21.000000 avg_px=0.0000
[SM][NKE][WHOLE_POLL] status=Submitted filled=0.000000 remaining=21.000000 avg_px=0.0000
[SM][NKE][WHOLE_POLL] status=Submitted filled=0.000000 remaining=21.000000 avg_px=0.0000
[SM][NKE][WHOLE_POLL] status=Submitted filled=0.000000 remaining=21.000000 avg_px=0.0000
[SM][NKE][WHOLE_POLL] status=Submitted filled=0.000000 remaining=21.000000 avg_px=0.0000
[SM][NKE][WHOLE_POLL] status=Submitted filled=0.000000 remaining=21.000000 avg_px=0.0000
[SM][NKE][WHOLE_POLL] status=Submitted filled=0.000000 remaining=21.000000 avg_px=0.0000
[SM][NKE][WHOLE_POLL] status=Submitted filled=0.000000 remaining=21.000000 avg_px=0.0000
[CPAPI][TICKLE] ok (total_ok=6)
[SM][NKE][WHOLE_POLL] status=Submitted filled=0.000000 remaining=21.000000 avg_px=0.0000
[SM][NKE][CANCEL_WHOLE] cancel sent for order_id=2076174343
[SM][NKE] WHOLE_WORKING → WHOLE_TIMEOUT | timeout after 30s filled_so_far=0.000000 cancel_sent=True
[SM][NKE] WHOLE_TIMEOUT → DONE | no frac leg required
[BATCH][RESULT] symbol=NKE state=DONE total_filled=0.00000000 avg_price=0.0000
[BATCH] symbol=OKLO side=BUY qty=20.00000000 ref_price=52.2627 conid=500073396
[SM][OKLO] NEW → PRECHECK | starting execution
[SM][OKLO] PRECHECK → SPLIT | splitting qty
[SM][OKLO] SPLIT → WHOLE_SUBMIT | submitting whole leg
[CPAPI][REPLY] attempt=1 id=3fd2a374-ae3a-4c76-bd9a-6d198aca78d6 raw=[{"order_id": "2076174357", "local_order_id": "cl-6a1f6603255316df7326c554-W", "order_status": "PreSubmitted", "encrypt_
[SM][OKLO][WHOLE_SUBMIT] order_id=2076174357 waiting 2.0s for gateway indexing
[SM][OKLO] WHOLE_SUBMIT → WHOLE_WORKING | whole order_id=2076174357
[SM][OKLO][WHOLE_POLL] status=Submitted filled=0.000000 remaining=20.000000 avg_px=0.0000
[SM][OKLO][WHOLE_POLL] status=Submitted filled=0.000000 remaining=20.000000 avg_px=0.0000
[SM][OKLO][WHOLE_POLL] status=Submitted filled=0.000000 remaining=20.000000 avg_px=0.0000
[SM][OKLO][WHOLE_POLL] status=Submitted filled=0.000000 remaining=20.000000 avg_px=0.0000
[SM][OKLO][WHOLE_POLL] status=Submitted filled=0.000000 remaining=20.000000 avg_px=0.0000
[SM][OKLO][WHOLE_POLL] status=Submitted filled=0.000000 remaining=20.000000 avg_px=0.0000
[SM][OKLO][WHOLE_POLL] status=Submitted filled=0.000000 remaining=20.000000 avg_px=0.0000
[SM][OKLO][WHOLE_POLL] status=Submitted filled=0.000000 remaining=20.000000 avg_px=0.0000
[SM][OKLO][WHOLE_POLL] status=Submitted filled=0.000000 remaining=20.000000 avg_px=0.0000
[SM][OKLO][WHOLE_POLL] status=Submitted filled=0.000000 remaining=20.000000 avg_px=0.0000
[SM][OKLO][WHOLE_POLL] status=Submitted filled=0.000000 remaining=20.000000 avg_px=0.0000
[SM][OKLO][WHOLE_POLL] status=Submitted filled=0.000000 remaining=20.000000 avg_px=0.0000
[SM][OKLO][WHOLE_POLL] status=Submitted filled=0.000000 remaining=20.000000 avg_px=0.0000
[SM][OKLO][WHOLE_POLL] status=Submitted filled=0.000000 remaining=20.000000 avg_px=0.0000
[SM][OKLO][WHOLE_POLL] status=Submitted filled=0.000000 remaining=20.000000 avg_px=0.0000
[SM][OKLO][WHOLE_POLL] status=Submitted filled=0.000000 remaining=20.000000 avg_px=0.0000
[SM][OKLO][WHOLE_POLL] status=Submitted filled=0.000000 remaining=20.000000 avg_px=0.0000
[SM][OKLO][WHOLE_POLL] status=Submitted filled=0.000000 remaining=20.000000 avg_px=0.0000
[SM][OKLO][CANCEL_WHOLE] cancel sent for order_id=2076174357
[SM][OKLO] WHOLE_WORKING → WHOLE_TIMEOUT | timeout after 30s filled_so_far=0.000000 cancel_sent=True
[SM][OKLO] WHOLE_TIMEOUT → DONE | no frac leg required
[BATCH][RESULT] symbol=OKLO state=DONE total_filled=0.00000000 avg_price=0.0000
[BATCH] symbol=AXON side=BUY qty=8.00000000 ref_price=343.8877 conid=272104927
[SM][AXON] NEW → PRECHECK | starting execution
[SM][AXON] PRECHECK → SPLIT | splitting qty
[SM][AXON] SPLIT → WHOLE_SUBMIT | submitting whole leg
[CPAPI][REPLY] attempt=1 id=8d915cd5-52b6-4ae9-9ff8-9919b25232c2 raw=[{"order_id": "2076174358", "local_order_id": "cl-534591fa9d387b2bef1284f2-W", "order_status": "PreSubmitted", "encrypt_
[SM][AXON][WHOLE_SUBMIT] order_id=2076174358 waiting 2.0s for gateway indexing
[SM][AXON] WHOLE_SUBMIT → WHOLE_WORKING | whole order_id=2076174358
[SM][AXON][WHOLE_POLL] status=Submitted filled=0.000000 remaining=8.000000 avg_px=0.0000
[SM][AXON][WHOLE_POLL] status=Submitted filled=0.000000 remaining=8.000000 avg_px=0.0000
[SM][AXON][WHOLE_POLL] status=Submitted filled=0.000000 remaining=8.000000 avg_px=0.0000
[SM][AXON][WHOLE_POLL] status=Submitted filled=0.000000 remaining=8.000000 avg_px=0.0000
[SM][AXON][WHOLE_POLL] status=Submitted filled=0.000000 remaining=8.000000 avg_px=0.0000
[SM][AXON][WHOLE_POLL] status=Submitted filled=0.000000 remaining=8.000000 avg_px=0.0000
[CPAPI][TICKLE] ok (total_ok=7)
[SM][AXON][WHOLE_POLL] status=Submitted filled=0.000000 remaining=8.000000 avg_px=0.0000
[SM][AXON][WHOLE_POLL] status=Submitted filled=0.000000 remaining=8.000000 avg_px=0.0000
[SM][AXON][WHOLE_POLL] status=Submitted filled=0.000000 remaining=8.000000 avg_px=0.0000
[SM][AXON][WHOLE_POLL] status=Submitted filled=0.000000 remaining=8.000000 avg_px=0.0000
[SM][AXON][WHOLE_POLL] status=Submitted filled=0.000000 remaining=8.000000 avg_px=0.0000
[SM][AXON][WHOLE_POLL] status=Submitted filled=0.000000 remaining=8.000000 avg_px=0.0000
[SM][AXON][WHOLE_POLL] status=Submitted filled=0.000000 remaining=8.000000 avg_px=0.0000
[SM][AXON][WHOLE_POLL] status=Submitted filled=0.000000 remaining=8.000000 avg_px=0.0000
[SM][AXON][WHOLE_POLL] status=Submitted filled=0.000000 remaining=8.000000 avg_px=0.0000
[SM][AXON][WHOLE_POLL] status=Submitted filled=0.000000 remaining=8.000000 avg_px=0.0000
[SM][AXON][WHOLE_POLL] status=Submitted filled=0.000000 remaining=8.000000 avg_px=0.0000
[SM][AXON][CANCEL_WHOLE] cancel sent for order_id=2076174358
[SM][AXON] WHOLE_WORKING → WHOLE_TIMEOUT | timeout after 30s filled_so_far=0.000000 cancel_sent=True
[SM][AXON] WHOLE_TIMEOUT → DONE | no frac leg required
[BATCH][RESULT] symbol=AXON state=DONE total_filled=0.00000000 avg_price=0.0000
[BATCH][SUMMARY] total=13 done=13 failed=0
[CLEANUP][SEND] symbol=APLS side=SELL qty=1269.0000 state=DONE filled=0.0000
[CLEANUP][SEND] symbol=AAOI side=BUY qty=400.0000 state=DONE filled=91.0000
[CLEANUP][SEND] symbol=HOOD side=BUY qty=295.0000 state=DONE filled=295.0000
[CLEANUP][SEND] symbol=APLD side=BUY qty=220.0000 state=DONE filled=220.0000
[CLEANUP][SEND] symbol=NEM side=BUY qty=208.0000 state=DONE filled=0.0000
[CLEANUP][SEND] symbol=INTC side=BUY qty=200.0000 state=DONE filled=100.0000
[CLEANUP][SEND] symbol=APTV side=BUY qty=148.0000 state=DONE filled=0.0000
[CLEANUP][SEND] symbol=CRCL side=BUY qty=128.0000 state=DONE filled=100.0000
[CLEANUP][SEND] symbol=NVDA side=BUY qty=84.0000 state=DONE filled=84.0000
[CLEANUP][SEND] symbol=RKLB side=BUY qty=48.0000 state=DONE filled=48.0000
[CLEANUP][SEND] symbol=NKE side=BUY qty=21.0000 state=DONE filled=0.0000
[CLEANUP][SEND] symbol=OKLO side=BUY qty=20.0000 state=DONE filled=0.0000
[CLEANUP][SEND] symbol=AXON side=BUY qty=8.0000 state=DONE filled=0.0000
[CLEANUP][optimal][SEND_SUMMARY] sent=13 errors=0
[CLEANUP][optimal] original orders.csv restored
[CLEANUP][aggressive][PLAN] cleanup_rows=0 emitted_rows=0 preview_only=0 blocked_pending_refs=0
[ARTIFACT] artifacts\execution_loop\aggressive\broker_cleanup_send_plan.csv
[ARTIFACT] artifacts\execution_loop\aggressive\broker_cleanup_send_summary.json
[CLEANUP][aggressive] no rows after filters — adapter not called
[CPAPI] tickle loop stopped
[FINAL] CPAPI cleanup send complete
[CPAPI_CLEANUP_SEND] OK