PS C:\Users\Dmytro Govor\Documents\Python-Edge> python .\scripts\run_broker_adapter_ibkr.py
[CFG] execution_root=artifacts\execution_loop
[CFG] configs=['optimal', 'aggressive']
[CFG] broker_name=MEXEM broker_platform=IBKR broker_account_id=
[CFG] ib_host=127.0.0.1 ib_port=4002 ib_client_id=41 ib_account_code=
[CFG] exchange=SMART primary_exchange= currency=USD sec_type=STK
[CFG] outside_rth=1 reprice_enabled=1 reprice_wait_sec=8.0
[CFG] reprice_steps_bps=[15.0, 10.0, 5.0, 0.0] reprice_final_mode=marketable_lmt reprice_final_marketable_bps=12.0 reprice_max_deviation_pct=1.25
[CFG] deferred_wait_mode=carry deferred_wait_heartbeat_sec=30.0 deferred_post_open_wait_sec=30.0
[CFG] require_price_hint_source=1 require_quote_ts=1
[IB] connecting host=127.0.0.1 port=4002 client_id=41
[IB] openOrderEnd
[IB] managedAccounts=DUP561175
[IB] nextValidId=129[IB] connected next_valid_id=129 managed_accounts=DUP561175

[IB][ERROR] reqId=-1 code=2104 msg=Market data farm connection is OK:usfarm
[IB][ERROR] reqId=-1 code=2107 msg=HMDS data farm connection is inactive but should be available upon demand.ushmds
[IB][ERROR] reqId=-1 code=2158 msg=Sec-def data farm connection is OK:secdefil
[IB] openOrderEnd
[BROKER][optimal] orders=artifacts\execution_loop\optimal\orders.csv
[BROKER][LADDER][SUBMIT] symbol=OKLO step=1/4 mode=passive_lmt limit_price=48.0600 cap_price=47.5300 order={"account": "", "exchange": "SMART", "lmtPrice": 48.06, "orderRef": "pe-1ad989c7c929b3d4c43a6219", "orderType": "LMT", "outsideRth": 1, "primaryExchange": "", "tif": "DAY", "totalQuantity": 1.0}
[IB][ERROR] reqId=129 code=399 msg=Order Message: SELL 1 OKLO NYSE Your order will not be placed at the exchange until 2026-04-06 04:00:00 US/Eastern. If you want the order to  be active in the Pre-Market, Regular and After-Market sessions, a Limit type order is required and you must  add the attribute "Fill/Trigger Outside RTH."
[BROKER][DEFERRED_CARRY] ib_order_id=129 deferred_until=2026-04-06T04:00:00-04:00 mode=carry
[BROKER][optimal][SEND] symbol=OKLO broker_symbol=OKLO side=SELL qty=1.00000000 status=submitted outcome=working_carry ib_order_id=129 reprices_used=0 contract_details_mode=resolved price_hint=48.1300 price_hint_source=massive_close quote_ts=2026-04-03T09:17:02Z model_ref=48.0700 dev_pct=0.12
[BROKER][optimal][SUMMARY] sent=1 duplicate_skipped=0 errors=0 fills_csv=artifacts\execution_loop\optimal\fills.csv broker_log_json=artifacts\execution_loop\optimal\broker_log.json outcomes={"cancelled_after_ttl": 0, "cancelled_unfilled_cap": 0, "deferred_session_closed": 0, "failed": 0, "filled_now": 0, "partial": 0, "unknown": 0, "working": 0, "working_carry": 1}
[BROKER][aggressive] orders=artifacts\execution_loop\aggressive\orders.csv
[BROKER][LADDER][SUBMIT] symbol=OKLO step=1/4 mode=passive_lmt limit_price=48.2000 cap_price=48.7300 order={"account": "", "exchange": "SMART", "lmtPrice": 48.2, "orderRef": "pe-aa93d42f54f619d95b49add5", "orderType": "LMT", "outsideRth": 1, "primaryExchange": "", "tif": "DAY", "totalQuantity": 3.0}
[IB][ERROR] reqId=130 code=399 msg=Order Message: BUY 3 OKLO NYSE Your order will not be placed at the exchange until 2026-04-06 04:00:00 US/Eastern. If you want the order to  be active in the Pre-Market, Regular and After-Market sessions, a Limit type order is required and you must  add the attribute "Fill/Trigger Outside RTH."
[IB][ERROR] reqId=130 code=399 msg=Order Message: BUY 3 OKLO NYSE Warning: Your order was repriced so as not to cross a related resting order.
[BROKER][DEFERRED_CARRY] ib_order_id=130 deferred_until=2026-04-06T04:00:00-04:00 mode=carry
[BROKER][aggressive][SEND] symbol=OKLO broker_symbol=OKLO side=BUY qty=3.00000000 status=submitted outcome=working_carry ib_order_id=130 reprices_used=0 contract_details_mode=resolved price_hint=48.1300 price_hint_source=massive_close quote_ts=2026-04-03T09:17:09Z model_ref=48.0700 dev_pct=0.12
[BROKER][LADDER][SUBMIT] symbol=NKE step=1/4 mode=passive_lmt limit_price=44.2500 cap_price=44.7400 order={"account": "", "exchange": "SMART", "lmtPrice": 44.25, "orderRef": "pe-faeaad1bcfeefd3bf35c9158", "orderType": "LMT", "outsideRth": 1, "primaryExchange": "", "tif": "DAY", "totalQuantity": 3.0}
[IB][ERROR] reqId=131 code=399 msg=Order Message: BUY 3 NKE NYSE Your order will not be placed at the exchange until 2026-04-06 04:00:00 US/Eastern. If you want the order to  be active in the Pre-Market, Regular and After-Market sessions, a Limit type order is required and you must  add the attribute "Fill/Trigger Outside RTH."
[BROKER][DEFERRED_CARRY] ib_order_id=131 deferred_until=2026-04-06T04:00:00-04:00 mode=carry
[BROKER][aggressive][SEND] symbol=NKE broker_symbol=NKE side=BUY qty=3.00000000 status=submitted outcome=working_carry ib_order_id=131 reprices_used=0 contract_details_mode=resolved price_hint=44.1900 price_hint_source=massive_close quote_ts=2026-04-03T09:17:09Z model_ref=44.6300 dev_pct=0.99
[BROKER][LADDER][SUBMIT] symbol=TSEM step=1/4 mode=passive_lmt limit_price=197.5100 cap_price=195.3300 order={"account": "", "exchange": "SMART", "lmtPrice": 197.51, "orderRef": "pe-c28d0dac3401425da6238a63", "orderType": "LMT", "outsideRth": 1, "primaryExchange": "", "tif": "DAY", "totalQuantity": 1.0}
[IB][ERROR] reqId=132 code=399 msg=Order Message: SELL 1 TSEM NASDAQ.NMS Your order will not be placed at the exchange until 2026-04-06 04:00:00 US/Eastern. If you want the order to  be active in the Pre-Market, Regular and After-Market sessions, a Limit type order is required and you must  add the attribute "Fill/Trigger Outside RTH."
[BROKER][DEFERRED_CARRY] ib_order_id=132 deferred_until=2026-04-06T04:00:00-04:00 mode=carry
[BROKER][aggressive][SEND] symbol=TSEM broker_symbol=TSEM side=SELL qty=1.00000000 status=submitted outcome=working_carry ib_order_id=132 reprices_used=0 contract_details_mode=resolved price_hint=197.8000 price_hint_source=massive_close quote_ts=2026-04-03T09:17:09Z model_ref=187.0700 dev_pct=5.74
[BROKER][aggressive][SUMMARY] sent=3 duplicate_skipped=0 errors=0 fills_csv=artifacts\execution_loop\aggressive\fills.csv broker_log_json=artifacts\execution_loop\aggressive\broker_log.json outcomes={"cancelled_after_ttl": 0, "cancelled_unfilled_cap": 0, "deferred_session_closed": 0, "failed": 0, "filled_now": 0, "partial": 0, "unknown": 0, "working": 0, "working_carry": 3}
[FINAL] IBKR broker adapter complete

[EXIT] code=0





{
  "broker_account_id": "DUP561175",
  "broker_name": "MEXEM",
  "broker_platform": "IBKR",
  "config": "aggressive",
  "created_at_utc": "2026-03-31T19:32:38Z",
  "orders": {
    "25fe3f2b9ed68e136f00566f77b3c64f71fa32b496a2e2fb1f843d86123faa55": {
      "broker_order_id": "",
      "broker_symbol": "INTC",
      "client_order_id": "pe-25fe3f2b9ed68e136f00566f",
      "config": "aggressive",
      "date": "2026-03-25",
      "fill_notional": 0.0,
      "filled_at": "",
      "filled_avg_price": 0.0,
      "filled_qty": 0.0,
      "mode": "ibkr_gateway",
      "order_notional": 1179.5,
      "perm_id": 0,
      "qty": 25.0,
      "remaining_qty": 25.0,
      "request": {
        "account": "DUP561175",
        "anchor_price": 47.18,
        "cap_price": 46.6,
        "client_id": 62,
        "contract_details_attempts": 1,
        "contract_details_fallback_used": 0,
        "contract_details_mode": "full",
        "final_limit_price": 47.13,
        "final_mode": "marketable_lmt",
        "final_step": 5,
        "host": "127.0.0.1",
        "outside_rth": 1,
        "port": 4002,
        "reprice_enabled": 1,
        "reprice_final_marketable_bps": 12.0,
        "reprice_final_mode": "marketable_lmt",
        "reprice_max_deviation_pct": 1.25,
        "reprice_steps_bps": [
          15.0,
          10.0,
          5.0,
          0.0
        ],
        "reprice_wait_sec": 8.0,
        "reprices_used": 4,
        "tif": "DAY"
      },
      "response": {
        "error": "Final capped price was not filled; order cancelled",
        "error_code": 0,
        "error_string": "",
        "outcome": "failed"
      },
      "side": "SELL",
      "source_order_path": "artifacts\\execution_loop\\aggressive\\orders.csv",
      "status": "cancelled_unfilled_cap",
      "submitted_at": "2026-03-31T19:35:25Z",
      "symbol": "INTC",
      "updated_at_utc": "2026-03-31T19:35:25Z"
    },
    "31ea9aae8b10588ee51c8dc569ecceafe87e42f418d141f03fc07dc549def26a": {
      "broker_order_id": "",
      "broker_symbol": "HOOD",
      "client_order_id": "pe-31ea9aae8b10588ee51c8dc5",
      "config": "aggressive",
      "date": "2026-03-25",
      "fill_notional": 0.0,
      "filled_at": "",
      "filled_avg_price": 0.0,
      "filled_qty": 0.0,
      "mode": "ibkr_gateway",
      "order_notional": 3700.0,
      "perm_id": 0,
      "qty": 37.0,
      "remaining_qty": 37.0,
      "request": {
        "account": "DUP561175",
        "anchor_price": 100.0,
        "cap_price": 98.75,
        "client_id": 62,
        "contract_details_attempts": 1,
        "contract_details_fallback_used": 0,
        "contract_details_mode": "full",
        "final_limit_price": 99.88,
        "final_mode": "marketable_lmt",
        "final_step": 5,
        "host": "127.0.0.1",
        "outside_rth": 1,
        "port": 4002,
        "reprice_enabled": 1,
        "reprice_final_marketable_bps": 12.0,
        "reprice_final_mode": "marketable_lmt",
        "reprice_max_deviation_pct": 1.25,
        "reprice_steps_bps": [
          15.0,
          10.0,
          5.0,
          0.0
        ],
        "reprice_wait_sec": 8.0,
        "reprices_used": 4,
        "tif": "DAY"
      },
      "response": {
        "error": "Final capped price was not filled; order cancelled",
        "error_code": 0,
        "error_string": "",
        "outcome": "failed"
      },
      "side": "SELL",
      "source_order_path": "artifacts\\execution_loop\\aggressive\\orders.csv",
      "status": "cancelled_unfilled_cap",
      "submitted_at": "2026-03-31T19:33:30Z",
      "symbol": "HOOD",
      "updated_at_utc": "2026-03-31T19:33:30Z"
    },
    "636c46d7e21f1758c51d9422a15b2750416560a58b7af9e462b1818306a4700a": {
      "broker_order_id": "",
      "broker_symbol": "NEM",
      "client_order_id": "pe-636c46d7e21f1758c51d9422",
      "config": "aggressive",
      "date": "2026-03-25",
      "fill_notional": 0.0,
      "filled_at": "",
      "filled_avg_price": 0.0,
      "filled_qty": 0.0,
      "mode": "ibkr_gateway",
      "order_notional": 1624.32,
      "perm_id": 0,
      "qty": 16.0,
      "remaining_qty": 16.0,
      "request": {
        "account": "DUP561175",
        "anchor_price": 101.52,
        "cap_price": 100.26,
        "client_id": 62,
        "contract_details_attempts": 1,
        "contract_details_fallback_used": 0,
        "contract_details_mode": "full",
        "final_limit_price": 101.4,
        "final_mode": "marketable_lmt",
        "final_step": 5,
        "host": "127.0.0.1",
        "outside_rth": 1,
        "port": 4002,
        "reprice_enabled": 1,
        "reprice_final_marketable_bps": 12.0,
        "reprice_final_mode": "marketable_lmt",
        "reprice_max_deviation_pct": 1.25,
        "reprice_steps_bps": [
          15.0,
          10.0,
          5.0,
          0.0
        ],
        "reprice_wait_sec": 8.0,
        "reprices_used": 4,
        "tif": "DAY"
      },
      "response": {
        "error": "IBKR API error code=202: Order Canceled - reason:We cannot accept an order at a limit price at or more aggressive than 104.92186. Please submit your order <br>using a limit price that is closer to the current market price of 108.1.",
        "error_code": 202,
        "error_string": "Order Canceled - reason:We cannot accept an order at a limit price at or more aggressive than 104.92186. Please submit your order <br>using a limit price that is closer to the current market price of 108.1.",
        "outcome": "failed"
      },
      "side": "SELL",
      "source_order_path": "artifacts\\execution_loop\\aggressive\\orders.csv",
      "status": "error_api_202",
      "submitted_at": "2026-03-31T19:34:34Z",
      "symbol": "NEM",
      "updated_at_utc": "2026-03-31T19:34:34Z"
    },
    "a93cad7d2b2704038acd0599c3e8067f0b153f6337926533491c70eea8abfd5c": {
      "broker_order_id": "",
      "broker_symbol": "SHOP",
      "client_order_id": "pe-a93cad7d2b2704038acd0599",
      "config": "aggressive",
      "date": "2026-03-25",
      "fill_notional": 0.0,
      "filled_at": "",
      "filled_avg_price": 0.0,
      "filled_qty": 0.0,
      "mode": "ibkr_gateway",
      "order_notional": 300.0,
      "perm_id": 0,
      "qty": 3.0,
      "remaining_qty": 3.0,
      "request": {
        "account": "DUP561175",
        "anchor_price": 100.0,
        "cap_price": 98.75,
        "client_id": 62,
        "contract_details_attempts": 1,
        "contract_details_fallback_used": 0,
        "contract_details_mode": "full",
        "final_limit_price": 99.88,
        "final_mode": "marketable_lmt",
        "final_step": 5,
        "host": "127.0.0.1",
        "outside_rth": 1,
        "port": 4002,
        "reprice_enabled": 1,
        "reprice_final_marketable_bps": 12.0,
        "reprice_final_mode": "marketable_lmt",
        "reprice_max_deviation_pct": 1.25,
        "reprice_steps_bps": [
          15.0,
          10.0,
          5.0,
          0.0
        ],
        "reprice_wait_sec": 8.0,
        "reprices_used": 4,
        "tif": "DAY"
      },
      "response": {
        "error": "IBKR API error code=202: Order Canceled - reason:We cannot accept an order at a limit price at or more aggressive than 115.093748. Please submit your order <br>using a limit price that is closer to the current market price of 118.58.",
        "error_code": 202,
        "error_string": "Order Canceled - reason:We cannot accept an order at a limit price at or more aggressive than 115.093748. Please submit your order <br>using a limit price that is closer to the current market price of 118.58.",
        "outcome": "failed"
      },
      "side": "SELL",
      "source_order_path": "artifacts\\execution_loop\\aggressive\\orders.csv",
      "status": "error_api_202",
      "submitted_at": "2026-03-31T19:36:30Z",
      "symbol": "SHOP",
      "updated_at_utc": "2026-03-31T19:36:30Z"
    },
    "aa93d42f54f619d95b49add5ddf10f087d9f69626d67c8fc32493268ebe4d56e": {
      "broker_order_id": "130",
      "broker_symbol": "OKLO",
      "client_order_id": "pe-aa93d42f54f619d95b49add5",
      "config": "aggressive",
      "date": "2026-04-01",
      "fill_notional": 0.0,
      "filled_at": "",
      "filled_avg_price": 48.13,
      "filled_qty": 0.0,
      "mode": "ibkr_gateway",
      "order_notional": 144.39,
      "perm_id": 1110514264,
      "qty": 3.0,
      "remaining_qty": 3.0,
      "request": {
        "account": "",
        "anchor_price": 48.13,
        "broker_symbol": "OKLO",
        "cap_price": 48.730000000000004,
        "client_id": 41,
        "client_tag": "pe-aa93d42f54f619d95b49add5",
        "contract_currency": "USD",
        "contract_details_mode": "resolved",
        "contract_details_req_id": 800002,
        "contract_details_retries": 1,
        "contract_exchange": "SMART",
        "contract_local_symbol": "OKLO",
        "contract_min_tick": 0.01,
        "contract_primary_exchange": "NYSE",
        "contract_raw_min_tick": 0.01,
        "deferred_until": "2026-04-06 04:00:00 US/Eastern",
        "final_limit_price": 48.2,
        "final_mode": "passive_lmt",
        "final_step": 1,
        "host": "127.0.0.1",
        "ib_399_message": "Order Message: BUY 3 OKLO NYSE Your order will not be placed at the exchange until 2026-04-06 04:00:00 US/Eastern. If you want the order to  be active in the Pre-Market, Regular and After-Market sessions, a Limit type order is required and you must  add the attribute \"Fill/Trigger Outside RTH.\"",
        "order_side": "BUY",
        "outside_rth": 1,
        "port": 4002,
        "price_hint": 48.13,
        "qty": 3.0,
        "reprice_enabled": 1,
        "reprice_final_marketable_bps": 12.0,
        "reprice_final_mode": "marketable_lmt",
        "reprice_max_deviation_pct": 1.25,
        "reprice_steps_bps": [
          15.0,
          10.0,
          5.0,
          0.0
        ],
        "reprice_wait_sec": 8.0,
        "reprices_used": 0,
        "submitted_order": {
          "account": "",
          "exchange": "SMART",
          "lmtPrice": 48.2,
          "orderRef": "pe-aa93d42f54f619d95b49add5",
          "orderType": "LMT",
          "outsideRth": 1,
          "primaryExchange": "",
          "tif": "DAY",
          "totalQuantity": 3.0
        },
        "tif": "DAY"
      },
      "response": {
        "avg_fill_price": 0.0,
        "deferred_message": "IB deferred order until 2026-04-06 04:00:00 US/Eastern; leaving live at broker",
        "fills": [],
        "ib_order_id": 130,
        "last_fill_price": 0.0,
        "outcome": "working_carry",
        "perm_id": 1110514264,
        "status": "Submitted"
      },
      "side": "BUY",
      "source_order_path": "artifacts\\execution_loop\\aggressive\\orders.csv",
      "status": "submitted",
      "submitted_at": "2026-04-04T14:04:08Z",
      "symbol": "OKLO",
      "updated_at_utc": "2026-04-04T14:04:08Z"
    },
    "b9b60a162cc9e44f96fb9e67dde7257a26e59ccf84ffb5f453602d60a3b779e5": {
      "broker_order_id": "",
      "broker_symbol": "RKLB",
      "client_order_id": "pe-b9b60a162cc9e44f96fb9e67",
      "config": "aggressive",
      "date": "2026-03-25",
      "fill_notional": 0.0,
      "filled_at": "",
      "filled_avg_price": 0.0,
      "filled_qty": 0.0,
      "mode": "ibkr_gateway",
      "order_notional": 437.28,
      "perm_id": 0,
      "qty": 6.0,
      "remaining_qty": 6.0,
      "request": {
        "account": "DUP561175",
        "anchor_price": 72.88,
        "cap_price": 71.97,
        "client_id": 62,
        "contract_details_attempts": 1,
        "contract_details_fallback_used": 0,
        "contract_details_mode": "full",
        "final_limit_price": 72.8,
        "final_mode": "marketable_lmt",
        "final_step": 5,
        "host": "127.0.0.1",
        "outside_rth": 1,
        "port": 4002,
        "reprice_enabled": 1,
        "reprice_final_marketable_bps": 12.0,
        "reprice_final_mode": "marketable_lmt",
        "reprice_max_deviation_pct": 1.25,
        "reprice_steps_bps": [
          15.0,
          10.0,
          5.0,
          0.0
        ],
        "reprice_wait_sec": 8.0,
        "reprices_used": 4,
        "tif": "DAY"
      },
      "response": {
        "error": "Final capped price was not filled; order cancelled",
        "error_code": 0,
        "error_string": "",
        "outcome": "failed"
      },
      "side": "SELL",
      "source_order_path": "artifacts\\execution_loop\\aggressive\\orders.csv",
      "status": "cancelled_unfilled_cap",
      "submitted_at": "2026-03-31T19:36:17Z",
      "symbol": "RKLB",
      "updated_at_utc": "2026-03-31T19:36:17Z"
    },
    "c28d0dac3401425da6238a63cf840ccd1a62abf4c64897b6416ce5d6d2bd1d2b": {
      "broker_order_id": "132",
      "broker_symbol": "TSEM",
      "client_order_id": "pe-c28d0dac3401425da6238a63",
      "config": "aggressive",
      "date": "2026-04-01",
      "fill_notional": 0.0,
      "filled_at": "",
      "filled_avg_price": 197.8,
      "filled_qty": 0.0,
      "mode": "ibkr_gateway",
      "order_notional": 197.8,
      "perm_id": 1110514266,
      "qty": 1.0,
      "remaining_qty": 1.0,
      "request": {
        "account": "",
        "anchor_price": 197.8,
        "broker_symbol": "TSEM",
        "cap_price": 195.33,
        "client_id": 41,
        "client_tag": "pe-c28d0dac3401425da6238a63",
        "contract_currency": "USD",
        "contract_details_mode": "resolved",
        "contract_details_req_id": 800004,
        "contract_details_retries": 1,
        "contract_exchange": "SMART",
        "contract_local_symbol": "TSEM",
        "contract_min_tick": 0.01,
        "contract_primary_exchange": "NASDAQ",
        "contract_raw_min_tick": 0.01,
        "deferred_until": "2026-04-06 04:00:00 US/Eastern",
        "final_limit_price": 197.51,
        "final_mode": "passive_lmt",
        "final_step": 1,
        "host": "127.0.0.1",
        "ib_399_message": "Order Message: SELL 1 TSEM NASDAQ.NMS Your order will not be placed at the exchange until 2026-04-06 04:00:00 US/Eastern. If you want the order to  be active in the Pre-Market, Regular and After-Market sessions, a Limit type order is required and you must  add the attribute \"Fill/Trigger Outside RTH.\"",
        "order_side": "SELL",
        "outside_rth": 1,
        "port": 4002,
        "price_hint": 197.8,
        "qty": 1.0,
        "reprice_enabled": 1,
        "reprice_final_marketable_bps": 12.0,
        "reprice_final_mode": "marketable_lmt",
        "reprice_max_deviation_pct": 1.25,
        "reprice_steps_bps": [
          15.0,
          10.0,
          5.0,
          0.0
        ],
        "reprice_wait_sec": 8.0,
        "reprices_used": 0,
        "submitted_order": {
          "account": "",
          "exchange": "SMART",
          "lmtPrice": 197.51,
          "orderRef": "pe-c28d0dac3401425da6238a63",
          "orderType": "LMT",
          "outsideRth": 1,
          "primaryExchange": "",
          "tif": "DAY",
          "totalQuantity": 1.0
        },
        "tif": "DAY"
      },
      "response": {
        "avg_fill_price": 0.0,
        "deferred_message": "IB deferred order until 2026-04-06 04:00:00 US/Eastern; leaving live at broker",
        "fills": [],
        "ib_order_id": 132,
        "last_fill_price": 0.0,
        "outcome": "working_carry",
        "perm_id": 1110514266,
        "status": "Submitted"
      },
      "side": "SELL",
      "source_order_path": "artifacts\\execution_loop\\aggressive\\orders.csv",
      "status": "submitted",
      "submitted_at": "2026-04-04T14:04:10Z",
      "symbol": "TSEM",
      "updated_at_utc": "2026-04-04T14:04:10Z"
    },
    "cd80eff9db5e57bd8af7e0127c9001bc81667deaac6010469bfa2063973a2548": {
      "broker_order_id": "",
      "broker_symbol": "CRCL",
      "client_order_id": "pe-cd80eff9db5e57bd8af7e012",
      "config": "aggressive",
      "date": "2026-03-25",
      "fill_notional": 0.0,
      "filled_at": "",
      "filled_avg_price": 0.0,
      "filled_qty": 0.0,
      "mode": "ibkr_gateway",
      "order_notional": 1661.76,
      "perm_id": 0,
      "qty": 16.0,
      "remaining_qty": 16.0,
      "request": {
        "account": "DUP561175",
        "anchor_price": 103.86,
        "cap_price": 102.57,
        "client_id": 62,
        "contract_details_attempts": 1,
        "contract_details_fallback_used": 0,
        "contract_details_mode": "full",
        "final_limit_price": 103.74,
        "final_mode": "marketable_lmt",
        "final_step": 5,
        "host": "127.0.0.1",
        "outside_rth": 1,
        "port": 4002,
        "reprice_enabled": 1,
        "reprice_final_marketable_bps": 12.0,
        "reprice_final_mode": "marketable_lmt",
        "reprice_max_deviation_pct": 1.25,
        "reprice_steps_bps": [
          15.0,
          10.0,
          5.0,
          0.0
        ],
        "reprice_wait_sec": 8.0,
        "reprices_used": 4,
        "tif": "DAY"
      },
      "response": {
        "error": "Final capped price was not filled; order cancelled",
        "error_code": 0,
        "error_string": "",
        "outcome": "failed"
      },
      "side": "SELL",
      "source_order_path": "artifacts\\execution_loop\\aggressive\\orders.csv",
      "status": "cancelled_unfilled_cap",
      "submitted_at": "2026-03-31T19:34:21Z",
      "symbol": "CRCL",
      "updated_at_utc": "2026-03-31T19:34:21Z"
    },
    "faeaad1bcfeefd3bf35c9158b7d4a908fedae5d3bb2b4e292cc38b9101d346b8": {
      "broker_order_id": "131",
      "broker_symbol": "NKE",
      "client_order_id": "pe-faeaad1bcfeefd3bf35c9158",
      "config": "aggressive",
      "date": "2026-04-01",
      "fill_notional": 0.0,
      "filled_at": "",
      "filled_avg_price": 44.19,
      "filled_qty": 0.0,
      "mode": "ibkr_gateway",
      "order_notional": 132.57,
      "perm_id": 1110514265,
      "qty": 3.0,
      "remaining_qty": 3.0,
      "request": {
        "account": "",
        "anchor_price": 44.19,
        "broker_symbol": "NKE",
        "cap_price": 44.74,
        "client_id": 41,
        "client_tag": "pe-faeaad1bcfeefd3bf35c9158",
        "contract_currency": "USD",
        "contract_details_mode": "resolved",
        "contract_details_req_id": 800003,
        "contract_details_retries": 1,
        "contract_exchange": "SMART",
        "contract_local_symbol": "NKE",
        "contract_min_tick": 0.01,
        "contract_primary_exchange": "NYSE",
        "contract_raw_min_tick": 0.01,
        "deferred_until": "2026-04-06 04:00:00 US/Eastern",
        "final_limit_price": 44.25,
        "final_mode": "passive_lmt",
        "final_step": 1,
        "host": "127.0.0.1",
        "ib_399_message": "Order Message: BUY 3 NKE NYSE Your order will not be placed at the exchange until 2026-04-06 04:00:00 US/Eastern. If you want the order to  be active in the Pre-Market, Regular and After-Market sessions, a Limit type order is required and you must  add the attribute \"Fill/Trigger Outside RTH.\"",
        "order_side": "BUY",
        "outside_rth": 1,
        "port": 4002,
        "price_hint": 44.19,
        "qty": 3.0,
        "reprice_enabled": 1,
        "reprice_final_marketable_bps": 12.0,
        "reprice_final_mode": "marketable_lmt",
        "reprice_max_deviation_pct": 1.25,
        "reprice_steps_bps": [
          15.0,
          10.0,
          5.0,
          0.0
        ],
        "reprice_wait_sec": 8.0,
        "reprices_used": 0,
        "submitted_order": {
          "account": "",
          "exchange": "SMART",
          "lmtPrice": 44.25,
          "orderRef": "pe-faeaad1bcfeefd3bf35c9158",
          "orderType": "LMT",
          "outsideRth": 1,
          "primaryExchange": "",
          "tif": "DAY",
          "totalQuantity": 3.0
        },
        "tif": "DAY"
      },
      "response": {
        "avg_fill_price": 0.0,
        "deferred_message": "IB deferred order until 2026-04-06 04:00:00 US/Eastern; leaving live at broker",
        "fills": [],
        "ib_order_id": 131,
        "last_fill_price": 0.0,
        "outcome": "working_carry",
        "perm_id": 1110514265,
        "status": "Submitted"
      },
      "side": "BUY",
      "source_order_path": "artifacts\\execution_loop\\aggressive\\orders.csv",
      "status": "submitted",
      "submitted_at": "2026-04-04T14:04:09Z",
      "symbol": "NKE",
      "updated_at_utc": "2026-04-04T14:04:09Z"
    }
  },
  "updated_at_utc": "2026-04-04T14:04:10Z"
}





idempotency_key,client_order_id,broker_order_id,perm_id,config,source_order_path,date,symbol,broker_symbol,side,qty,filled_qty,remaining_qty,price_hint,filled_avg_price,order_notional,fill_notional,status,submitted_at,filled_at,mode
0a0774038f4a27349478f3efd053a9b9db3e8b2d4b5db1a8c052e4b8daf2a617,pe-0a0774038f4a27349478f3ef,5.0,540635526,aggressive,artifacts\execution_loop\aggressive\orders.csv,2026-03-25,CRCL,CRCL,SELL,16.0,0.0,16.0,103.86,103.86,1661.76,0.0,submitted,2026-03-29T18:38:04Z,,ibkr_gateway
cd80eff9db5e57bd8af7e0127c9001bc81667deaac6010469bfa2063973a2548,pe-cd80eff9db5e57bd8af7e012,,0,aggressive,artifacts\execution_loop\aggressive\orders.csv,2026-03-25,CRCL,CRCL,SELL,16.0,0.0,16.0,103.86,0.0,1661.76,0.0,cancelled_unfilled_cap,2026-03-31T19:34:21Z,,ibkr_gateway
31ea9aae8b10588ee51c8dc569ecceafe87e42f418d141f03fc07dc549def26a,pe-31ea9aae8b10588ee51c8dc5,,0,aggressive,artifacts\execution_loop\aggressive\orders.csv,2026-03-25,HOOD,HOOD,SELL,37.0,0.0,37.0,100.0,0.0,3700.0,0.0,cancelled_unfilled_cap,2026-03-31T19:33:30Z,,ibkr_gateway
f6fe8284951d8f4b2780141fd0f9b9901deee3c83bf1a7caa9bf95b319fc9f7d,pe-f6fe8284951d8f4b2780141f,23.0,160924229,aggressive,artifacts\execution_loop\aggressive\orders.csv,2026-03-25,HOOD,HOOD,SELL,37.0,0.0,37.0,100.0,100.0,3700.0,0.0,duplicate_skipped:submitted,2026-03-28T08:40:18Z,,ibkr_gateway
25fe3f2b9ed68e136f00566f77b3c64f71fa32b496a2e2fb1f843d86123faa55,pe-25fe3f2b9ed68e136f00566f,,0,aggressive,artifacts\execution_loop\aggressive\orders.csv,2026-03-25,INTC,INTC,SELL,25.0,0.0,25.0,47.18,0.0,1179.5,0.0,cancelled_unfilled_cap,2026-03-31T19:35:25Z,,ibkr_gateway
2a0e6e622510b8e9cde02cc15e3408e2ca84d183ac3707cac20f1430e3e458d0,pe-2a0e6e622510b8e9cde02cc1,7.0,540635528,aggressive,artifacts\execution_loop\aggressive\orders.csv,2026-03-25,INTC,INTC,SELL,25.0,0.0,25.0,47.18,47.18,1179.5,0.0,submitted,2026-03-29T18:38:08Z,,ibkr_gateway
636c46d7e21f1758c51d9422a15b2750416560a58b7af9e462b1818306a4700a,pe-636c46d7e21f1758c51d9422,,0,aggressive,artifacts\execution_loop\aggressive\orders.csv,2026-03-25,NEM,NEM,SELL,16.0,0.0,16.0,101.52,0.0,1624.32,0.0,error_api_202,2026-03-31T19:34:34Z,,ibkr_gateway
7663d388df6740364bd75150e779fa850a2282c9c308c9123fc9b26e34309ee2,pe-7663d388df6740364bd75150,6.0,540635527,aggressive,artifacts\execution_loop\aggressive\orders.csv,2026-03-25,NEM,NEM,SELL,16.0,0.0,16.0,101.52,101.52,1624.32,0.0,submitted,2026-03-29T18:38:06Z,,ibkr_gateway
4db0336251102d6f2970538070718d39d0c0085ddf8fa00c8869b89851b2f48f,pe-4db0336251102d6f29705380,8.0,540635529,aggressive,artifacts\execution_loop\aggressive\orders.csv,2026-03-25,RKLB,RKLB,SELL,6.0,0.0,6.0,72.88,72.88,437.28,0.0,submitted,2026-03-29T18:38:11Z,,ibkr_gateway
b9b60a162cc9e44f96fb9e67dde7257a26e59ccf84ffb5f453602d60a3b779e5,pe-b9b60a162cc9e44f96fb9e67,,0,aggressive,artifacts\execution_loop\aggressive\orders.csv,2026-03-25,RKLB,RKLB,SELL,6.0,0.0,6.0,72.88,0.0,437.28,0.0,cancelled_unfilled_cap,2026-03-31T19:36:17Z,,ibkr_gateway
a93cad7d2b2704038acd0599c3e8067f0b153f6337926533491c70eea8abfd5c,pe-a93cad7d2b2704038acd0599,,0,aggressive,artifacts\execution_loop\aggressive\orders.csv,2026-03-25,SHOP,SHOP,SELL,3.0,0.0,3.0,100.0,0.0,300.0,0.0,error_api_202,2026-03-31T19:36:30Z,,ibkr_gateway
ffb822532496ef239190a2b8b20472d7d460810884d5b023f7898999ea72f28f,pe-ffb822532496ef239190a2b8,28.0,160924230,aggressive,artifacts\execution_loop\aggressive\orders.csv,2026-03-25,SHOP,SHOP,SELL,3.0,0.0,3.0,100.0,100.0,300.0,0.0,duplicate_skipped:submitted,2026-03-28T08:42:23Z,,ibkr_gateway
31314f129bc5c677a0a27290de17e344326c3538b0ac0ee8a8dd901b85b2ba56,pe-31314f129bc5c677a0a27290,,0,aggressive,artifacts\execution_loop\aggressive\orders.csv,2026-03-28,AAPL,AAPL,BUY,0.37,0.0,0.37,180.0,0.0,66.6,0.0,rejected_fractional_api,2026-03-28T12:19:47Z,,ibkr_gateway
39a6d03d07f72e4e5699b8c0dce3a473294e4bddf1092eae6ce8137bd60a556d,pe-39a6d03d07f72e4e5699b8c0,,0,aggressive,artifacts\execution_loop\aggressive\orders.csv,2026-03-28,RKLB,RKLB,BUY,0.37,0.0,0.37,12.5,0.0,4.625,0.0,rejected_fractional_api,2026-03-28T08:42:54Z,,ibkr_gateway
faeaad1bcfeefd3bf35c9158b7d4a908fedae5d3bb2b4e292cc38b9101d346b8,pe-faeaad1bcfeefd3bf35c9158,131,1110514265,aggressive,artifacts\execution_loop\aggressive\orders.csv,2026-04-01,NKE,NKE,BUY,3.0,0.0,3.0,44.19,44.19,132.57,0.0,submitted,2026-04-04T14:04:09Z,,ibkr_gateway
aa93d42f54f619d95b49add5ddf10f087d9f69626d67c8fc32493268ebe4d56e,pe-aa93d42f54f619d95b49add5,130,1110514264,aggressive,artifacts\execution_loop\aggressive\orders.csv,2026-04-01,OKLO,OKLO,BUY,3.0,0.0,3.0,48.13,48.13,144.39,0.0,submitted,2026-04-04T14:04:08Z,,ibkr_gateway
c28d0dac3401425da6238a63cf840ccd1a62abf4c64897b6416ce5d6d2bd1d2b,pe-c28d0dac3401425da6238a63,132,1110514266,aggressive,artifacts\execution_loop\aggressive\orders.csv,2026-04-01,TSEM,TSEM,SELL,1.0,0.0,1.0,197.8,197.8,197.8,0.0,submitted,2026-04-04T14:04:10Z,,ibkr_gateway
