C:\Users\Dmytro Govor\AppData\Local\Programs\Python\Python313\Lib\site-packages\numpy\lib\_nanfunctions_impl.py:1213: RuntimeWarning: Mean of empty slice
  return np.nanmean(a, axis, out=out, keepdims=keepdims)
[DATA] rows=76727 dates=791 symbols=97
[WF] folds=8
[WF][FOLD 1] train=2023-01-03..2024-01-03 test=2024-01-19..2024-04-18
[WF][FOLD 2] train=2023-04-04..2024-04-04 test=2024-04-19..2024-07-19
[WF][FOLD 3] train=2023-07-06..2024-07-05 test=2024-07-22..2024-10-17
[WF][FOLD 4] train=2023-10-04..2024-10-03 test=2024-10-18..2025-01-21
[WF][FOLD 5] train=2024-01-04..2025-01-03 test=2025-01-22..2025-04-22
[WF][FOLD 6] train=2024-04-05..2025-04-07 test=2025-04-23..2025-07-23
[WF][FOLD 7] train=2024-07-08..2025-07-09 test=2025-07-24..2025-10-21
[WF][FOLD 8] train=2024-10-04..2025-10-07 test=2025-10-22..2026-01-22
[FOLD 1][pf__n1__equal__trendgate0__mr0] sharpe=3.5569 mean_ic=0.10147 sign_stability=0.6111 maxdd=-0.0043 turnover=0.0970
[FOLD 1][pf__n1__equal__trendgate0__mr1] sharpe=3.5569 mean_ic=0.10147 sign_stability=0.6111 maxdd=-0.0043 turnover=0.0970
[FOLD 1][pf__n1__equal__trendgate1__mr0] sharpe=3.5569 mean_ic=0.10147 sign_stability=0.6111 maxdd=-0.0043 turnover=0.0970
[FOLD 1][pf__n1__equal__trendgate1__mr1] sharpe=3.5569 mean_ic=0.10147 sign_stability=0.6111 maxdd=-0.0043 turnover=0.0970
[FOLD 1][pf__n1__ic__trendgate0__mr0] sharpe=3.5569 mean_ic=0.10147 sign_stability=0.6111 maxdd=-0.0043 turnover=0.0970
[FOLD 1][pf__n1__ic__trendgate0__mr1] sharpe=3.5569 mean_ic=0.10147 sign_stability=0.6111 maxdd=-0.0043 turnover=0.0970
[FOLD 1][pf__n1__ic__trendgate1__mr0] sharpe=3.5569 mean_ic=0.10147 sign_stability=0.6111 maxdd=-0.0043 turnover=0.0970
[FOLD 1][pf__n1__ic__trendgate1__mr1] sharpe=3.5569 mean_ic=0.10147 sign_stability=0.6111 maxdd=-0.0043 turnover=0.0970
[FOLD 1][pf__n1__sharpe__trendgate0__mr0] sharpe=3.5569 mean_ic=0.10147 sign_stability=0.6111 maxdd=-0.0043 turnover=0.0970
[FOLD 1][pf__n1__sharpe__trendgate0__mr1] sharpe=3.5569 mean_ic=0.10147 sign_stability=0.6111 maxdd=-0.0043 turnover=0.0970
[FOLD 1][pf__n1__sharpe__trendgate1__mr0] sharpe=3.5569 mean_ic=0.10147 sign_stability=0.6111 maxdd=-0.0043 turnover=0.0970
[FOLD 1][pf__n1__sharpe__trendgate1__mr1] sharpe=3.5569 mean_ic=0.10147 sign_stability=0.6111 maxdd=-0.0043 turnover=0.0970
[FOLD 1][pf__n2__equal__trendgate0__mr0] sharpe=3.5598 mean_ic=0.10134 sign_stability=0.6111 maxdd=-0.0042 turnover=0.0976
[FOLD 1][pf__n2__equal__trendgate0__mr1] sharpe=3.5598 mean_ic=0.10134 sign_stability=0.6111 maxdd=-0.0042 turnover=0.0976
[FOLD 1][pf__n2__equal__trendgate1__mr0] sharpe=3.5598 mean_ic=0.10134 sign_stability=0.6111 maxdd=-0.0042 turnover=0.0976
[FOLD 1][pf__n2__equal__trendgate1__mr1] sharpe=3.5598 mean_ic=0.10134 sign_stability=0.6111 maxdd=-0.0042 turnover=0.0976
[FOLD 1][pf__n2__ic__trendgate0__mr0] sharpe=3.5597 mean_ic=0.10125 sign_stability=0.6111 maxdd=-0.0042 turnover=0.0976
[FOLD 1][pf__n2__ic__trendgate0__mr1] sharpe=3.5597 mean_ic=0.10125 sign_stability=0.6111 maxdd=-0.0042 turnover=0.0976
[FOLD 1][pf__n2__ic__trendgate1__mr0] sharpe=3.5597 mean_ic=0.10125 sign_stability=0.6111 maxdd=-0.0042 turnover=0.0976
[FOLD 1][pf__n2__ic__trendgate1__mr1] sharpe=3.5597 mean_ic=0.10125 sign_stability=0.6111 maxdd=-0.0042 turnover=0.0976
[FOLD 1][pf__n2__sharpe__trendgate0__mr0] sharpe=3.6226 mean_ic=0.10155 sign_stability=0.6111 maxdd=-0.0039 turnover=0.0975
[FOLD 1][pf__n2__sharpe__trendgate0__mr1] sharpe=3.6226 mean_ic=0.10155 sign_stability=0.6111 maxdd=-0.0039 turnover=0.0975
[FOLD 1][pf__n2__sharpe__trendgate1__mr0] sharpe=3.6226 mean_ic=0.10155 sign_stability=0.6111 maxdd=-0.0039 turnover=0.0975
[FOLD 1][pf__n2__sharpe__trendgate1__mr1] sharpe=3.6226 mean_ic=0.10155 sign_stability=0.6111 maxdd=-0.0039 turnover=0.0975
[FOLD 2][pf__n1__equal__trendgate0__mr0] sharpe=-2.1356 mean_ic=-0.04241 sign_stability=0.3500 maxdd=-0.0130 turnover=0.0962
[FOLD 2][pf__n1__equal__trendgate0__mr1] sharpe=-2.1356 mean_ic=-0.04241 sign_stability=0.3500 maxdd=-0.0130 turnover=0.0962
[FOLD 2][pf__n1__equal__trendgate1__mr0] sharpe=-2.1356 mean_ic=-0.04241 sign_stability=0.3500 maxdd=-0.0130 turnover=0.0962
[FOLD 2][pf__n1__equal__trendgate1__mr1] sharpe=-2.1356 mean_ic=-0.04241 sign_stability=0.3500 maxdd=-0.0130 turnover=0.0962
[FOLD 2][pf__n1__ic__trendgate0__mr0] sharpe=-2.1356 mean_ic=-0.04241 sign_stability=0.3500 maxdd=-0.0130 turnover=0.0962
[FOLD 2][pf__n1__ic__trendgate0__mr1] sharpe=-2.1356 mean_ic=-0.04241 sign_stability=0.3500 maxdd=-0.0130 turnover=0.0962
[FOLD 2][pf__n1__ic__trendgate1__mr0] sharpe=-2.1356 mean_ic=-0.04241 sign_stability=0.3500 maxdd=-0.0130 turnover=0.0962
[FOLD 2][pf__n1__ic__trendgate1__mr1] sharpe=-2.1356 mean_ic=-0.04241 sign_stability=0.3500 maxdd=-0.0130 turnover=0.0962
[FOLD 2][pf__n1__sharpe__trendgate0__mr0] sharpe=-2.1356 mean_ic=-0.04241 sign_stability=0.3500 maxdd=-0.0130 turnover=0.0962
[FOLD 2][pf__n1__sharpe__trendgate0__mr1] sharpe=-2.1356 mean_ic=-0.04241 sign_stability=0.3500 maxdd=-0.0130 turnover=0.0962
[FOLD 2][pf__n1__sharpe__trendgate1__mr0] sharpe=-2.1356 mean_ic=-0.04241 sign_stability=0.3500 maxdd=-0.0130 turnover=0.0962
[FOLD 2][pf__n1__sharpe__trendgate1__mr1] sharpe=-2.1356 mean_ic=-0.04241 sign_stability=0.3500 maxdd=-0.0130 turnover=0.0962
[FOLD 2][pf__n2__equal__trendgate0__mr0] sharpe=-1.8099 mean_ic=-0.04237 sign_stability=0.3500 maxdd=-0.0131 turnover=0.0961
[FOLD 2][pf__n2__equal__trendgate0__mr1] sharpe=-1.8099 mean_ic=-0.04237 sign_stability=0.3500 maxdd=-0.0131 turnover=0.0961
[FOLD 2][pf__n2__equal__trendgate1__mr0] sharpe=-1.8099 mean_ic=-0.04237 sign_stability=0.3500 maxdd=-0.0131 turnover=0.0961
[FOLD 2][pf__n2__equal__trendgate1__mr1] sharpe=-1.8099 mean_ic=-0.04237 sign_stability=0.3500 maxdd=-0.0131 turnover=0.0961
[FOLD 2][pf__n2__ic__trendgate0__mr0] sharpe=-1.8100 mean_ic=-0.04235 sign_stability=0.3500 maxdd=-0.0131 turnover=0.0961
[FOLD 2][pf__n2__ic__trendgate0__mr1] sharpe=-1.8100 mean_ic=-0.04235 sign_stability=0.3500 maxdd=-0.0131 turnover=0.0961
[FOLD 2][pf__n2__ic__trendgate1__mr0] sharpe=-1.8100 mean_ic=-0.04235 sign_stability=0.3500 maxdd=-0.0131 turnover=0.0961
[FOLD 2][pf__n2__ic__trendgate1__mr1] sharpe=-1.8100 mean_ic=-0.04235 sign_stability=0.3500 maxdd=-0.0131 turnover=0.0961
[FOLD 2][pf__n2__sharpe__trendgate0__mr0] sharpe=-1.8598 mean_ic=-0.04252 sign_stability=0.3500 maxdd=-0.0133 turnover=0.0960
[FOLD 2][pf__n2__sharpe__trendgate0__mr1] sharpe=-1.8598 mean_ic=-0.04252 sign_stability=0.3500 maxdd=-0.0133 turnover=0.0960
[FOLD 2][pf__n2__sharpe__trendgate1__mr0] sharpe=-1.8598 mean_ic=-0.04252 sign_stability=0.3500 maxdd=-0.0133 turnover=0.0960
[FOLD 2][pf__n2__sharpe__trendgate1__mr1] sharpe=-1.8598 mean_ic=-0.04252 sign_stability=0.3500 maxdd=-0.0133 turnover=0.0960
[FOLD 3][pf__n1__equal__trendgate0__mr0] sharpe=-2.5921 mean_ic=-0.07855 sign_stability=0.2632 maxdd=-0.0249 turnover=0.1079
[FOLD 3][pf__n1__equal__trendgate0__mr1] sharpe=-2.5921 mean_ic=-0.07855 sign_stability=0.2632 maxdd=-0.0249 turnover=0.1079
[FOLD 3][pf__n1__equal__trendgate1__mr0] sharpe=-2.5921 mean_ic=-0.07855 sign_stability=0.2632 maxdd=-0.0249 turnover=0.1079
[FOLD 3][pf__n1__equal__trendgate1__mr1] sharpe=-2.5921 mean_ic=-0.07855 sign_stability=0.2632 maxdd=-0.0249 turnover=0.1079
[FOLD 3][pf__n1__ic__trendgate0__mr0] sharpe=-2.5921 mean_ic=-0.07855 sign_stability=0.2632 maxdd=-0.0249 turnover=0.1079
[FOLD 3][pf__n1__ic__trendgate0__mr1] sharpe=-2.5921 mean_ic=-0.07855 sign_stability=0.2632 maxdd=-0.0249 turnover=0.1079
[FOLD 3][pf__n1__ic__trendgate1__mr0] sharpe=-2.5921 mean_ic=-0.07855 sign_stability=0.2632 maxdd=-0.0249 turnover=0.1079
[FOLD 3][pf__n1__ic__trendgate1__mr1] sharpe=-2.5921 mean_ic=-0.07855 sign_stability=0.2632 maxdd=-0.0249 turnover=0.1079
[FOLD 3][pf__n1__sharpe__trendgate0__mr0] sharpe=-2.5921 mean_ic=-0.07855 sign_stability=0.2632 maxdd=-0.0249 turnover=0.1079
[FOLD 3][pf__n1__sharpe__trendgate0__mr1] sharpe=-2.5921 mean_ic=-0.07855 sign_stability=0.2632 maxdd=-0.0249 turnover=0.1079
[FOLD 3][pf__n1__sharpe__trendgate1__mr0] sharpe=-2.5921 mean_ic=-0.07855 sign_stability=0.2632 maxdd=-0.0249 turnover=0.1079
[FOLD 3][pf__n1__sharpe__trendgate1__mr1] sharpe=-2.5921 mean_ic=-0.07855 sign_stability=0.2632 maxdd=-0.0249 turnover=0.1079
[FOLD 3][pf__n2__equal__trendgate0__mr0] sharpe=-2.6658 mean_ic=-0.07967 sign_stability=0.2632 maxdd=-0.0258 turnover=0.1079
[FOLD 3][pf__n2__equal__trendgate0__mr1] sharpe=-2.6658 mean_ic=-0.07967 sign_stability=0.2632 maxdd=-0.0258 turnover=0.1079
[FOLD 3][pf__n2__equal__trendgate1__mr0] sharpe=-2.6658 mean_ic=-0.07967 sign_stability=0.2632 maxdd=-0.0258 turnover=0.1079
[FOLD 3][pf__n2__equal__trendgate1__mr1] sharpe=-2.6658 mean_ic=-0.07967 sign_stability=0.2632 maxdd=-0.0258 turnover=0.1079
[FOLD 3][pf__n2__ic__trendgate0__mr0] sharpe=-2.6657 mean_ic=-0.07966 sign_stability=0.2632 maxdd=-0.0258 turnover=0.1079
[FOLD 3][pf__n2__ic__trendgate0__mr1] sharpe=-2.6657 mean_ic=-0.07966 sign_stability=0.2632 maxdd=-0.0258 turnover=0.1079
[FOLD 3][pf__n2__ic__trendgate1__mr0] sharpe=-2.6657 mean_ic=-0.07966 sign_stability=0.2632 maxdd=-0.0258 turnover=0.1079
[FOLD 3][pf__n2__ic__trendgate1__mr1] sharpe=-2.6657 mean_ic=-0.07966 sign_stability=0.2632 maxdd=-0.0258 turnover=0.1079
[FOLD 3][pf__n2__sharpe__trendgate0__mr0] sharpe=-2.6668 mean_ic=-0.07955 sign_stability=0.2632 maxdd=-0.0258 turnover=0.1079
[FOLD 3][pf__n2__sharpe__trendgate0__mr1] sharpe=-2.6668 mean_ic=-0.07955 sign_stability=0.2632 maxdd=-0.0258 turnover=0.1079
[FOLD 3][pf__n2__sharpe__trendgate1__mr0] sharpe=-2.6668 mean_ic=-0.07955 sign_stability=0.2632 maxdd=-0.0258 turnover=0.1079
[FOLD 3][pf__n2__sharpe__trendgate1__mr1] sharpe=-2.6668 mean_ic=-0.07955 sign_stability=0.2632 maxdd=-0.0258 turnover=0.1079
[FOLD 4][pf__n1__equal__trendgate0__mr0] sharpe=-1.7230 mean_ic=0.02894 sign_stability=0.6250 maxdd=-0.0129 turnover=0.1189
[FOLD 4][pf__n1__equal__trendgate0__mr1] sharpe=-1.7230 mean_ic=0.02894 sign_stability=0.6250 maxdd=-0.0129 turnover=0.1189
[FOLD 4][pf__n1__equal__trendgate1__mr0] sharpe=-1.7230 mean_ic=0.02894 sign_stability=0.6250 maxdd=-0.0129 turnover=0.1189
[FOLD 4][pf__n1__equal__trendgate1__mr1] sharpe=-1.7230 mean_ic=0.02894 sign_stability=0.6250 maxdd=-0.0129 turnover=0.1189
[FOLD 4][pf__n1__ic__trendgate0__mr0] sharpe=-1.7230 mean_ic=0.02894 sign_stability=0.6250 maxdd=-0.0129 turnover=0.1189
[FOLD 4][pf__n1__ic__trendgate0__mr1] sharpe=-1.7230 mean_ic=0.02894 sign_stability=0.6250 maxdd=-0.0129 turnover=0.1189
[FOLD 4][pf__n1__ic__trendgate1__mr0] sharpe=-1.7230 mean_ic=0.02894 sign_stability=0.6250 maxdd=-0.0129 turnover=0.1189
[FOLD 4][pf__n1__ic__trendgate1__mr1] sharpe=-1.7230 mean_ic=0.02894 sign_stability=0.6250 maxdd=-0.0129 turnover=0.1189
[FOLD 4][pf__n1__sharpe__trendgate0__mr0] sharpe=-1.7230 mean_ic=0.02894 sign_stability=0.6250 maxdd=-0.0129 turnover=0.1189
[FOLD 4][pf__n1__sharpe__trendgate0__mr1] sharpe=-1.7230 mean_ic=0.02894 sign_stability=0.6250 maxdd=-0.0129 turnover=0.1189
[FOLD 4][pf__n1__sharpe__trendgate1__mr0] sharpe=-1.7230 mean_ic=0.02894 sign_stability=0.6250 maxdd=-0.0129 turnover=0.1189
[FOLD 4][pf__n1__sharpe__trendgate1__mr1] sharpe=-1.7230 mean_ic=0.02894 sign_stability=0.6250 maxdd=-0.0129 turnover=0.1189
[FOLD 4][pf__n2__equal__trendgate0__mr0] sharpe=-2.0696 mean_ic=0.03080 sign_stability=0.6250 maxdd=-0.0133 turnover=0.1191
[FOLD 4][pf__n2__equal__trendgate0__mr1] sharpe=-2.0696 mean_ic=0.03080 sign_stability=0.6250 maxdd=-0.0133 turnover=0.1191
[FOLD 4][pf__n2__equal__trendgate1__mr0] sharpe=-2.0696 mean_ic=0.03080 sign_stability=0.6250 maxdd=-0.0133 turnover=0.1191
[FOLD 4][pf__n2__equal__trendgate1__mr1] sharpe=-2.0696 mean_ic=0.03080 sign_stability=0.6250 maxdd=-0.0133 turnover=0.1191
[FOLD 4][pf__n2__ic__trendgate0__mr0] sharpe=-2.0695 mean_ic=0.03080 sign_stability=0.6250 maxdd=-0.0133 turnover=0.1191
[FOLD 4][pf__n2__ic__trendgate0__mr1] sharpe=-2.0695 mean_ic=0.03080 sign_stability=0.6250 maxdd=-0.0133 turnover=0.1191
[FOLD 4][pf__n2__ic__trendgate1__mr0] sharpe=-2.0695 mean_ic=0.03080 sign_stability=0.6250 maxdd=-0.0133 turnover=0.1191
[FOLD 4][pf__n2__ic__trendgate1__mr1] sharpe=-2.0695 mean_ic=0.03080 sign_stability=0.6250 maxdd=-0.0133 turnover=0.1191
[FOLD 4][pf__n2__sharpe__trendgate0__mr0] sharpe=-2.0696 mean_ic=0.03080 sign_stability=0.6250 maxdd=-0.0133 turnover=0.1191
[FOLD 4][pf__n2__sharpe__trendgate0__mr1] sharpe=-2.0696 mean_ic=0.03080 sign_stability=0.6250 maxdd=-0.0133 turnover=0.1191
[FOLD 4][pf__n2__sharpe__trendgate1__mr0] sharpe=-2.0696 mean_ic=0.03080 sign_stability=0.6250 maxdd=-0.0133 turnover=0.1191
[FOLD 4][pf__n2__sharpe__trendgate1__mr1] sharpe=-2.0696 mean_ic=0.03080 sign_stability=0.6250 maxdd=-0.0133 turnover=0.1191
[FOLD 5][pf__n1__equal__trendgate0__mr0] sharpe=1.9087 mean_ic=0.11580 sign_stability=0.6000 maxdd=-0.0165 turnover=0.0847
[FOLD 5][pf__n1__equal__trendgate0__mr1] sharpe=1.9087 mean_ic=0.11580 sign_stability=0.6000 maxdd=-0.0165 turnover=0.0847
[FOLD 5][pf__n1__equal__trendgate1__mr0] sharpe=1.9087 mean_ic=0.11580 sign_stability=0.6000 maxdd=-0.0165 turnover=0.0847
[FOLD 5][pf__n1__equal__trendgate1__mr1] sharpe=1.9087 mean_ic=0.11580 sign_stability=0.6000 maxdd=-0.0165 turnover=0.0847
[FOLD 5][pf__n1__ic__trendgate0__mr0] sharpe=1.9087 mean_ic=0.11580 sign_stability=0.6000 maxdd=-0.0165 turnover=0.0847
[FOLD 5][pf__n1__ic__trendgate0__mr1] sharpe=1.9087 mean_ic=0.11580 sign_stability=0.6000 maxdd=-0.0165 turnover=0.0847
[FOLD 5][pf__n1__ic__trendgate1__mr0] sharpe=1.9087 mean_ic=0.11580 sign_stability=0.6000 maxdd=-0.0165 turnover=0.0847
[FOLD 5][pf__n1__ic__trendgate1__mr1] sharpe=1.9087 mean_ic=0.11580 sign_stability=0.6000 maxdd=-0.0165 turnover=0.0847
[FOLD 5][pf__n1__sharpe__trendgate0__mr0] sharpe=1.9087 mean_ic=0.11580 sign_stability=0.6000 maxdd=-0.0165 turnover=0.0847
[FOLD 5][pf__n1__sharpe__trendgate0__mr1] sharpe=1.9087 mean_ic=0.11580 sign_stability=0.6000 maxdd=-0.0165 turnover=0.0847
[FOLD 5][pf__n1__sharpe__trendgate1__mr0] sharpe=1.9087 mean_ic=0.11580 sign_stability=0.6000 maxdd=-0.0165 turnover=0.0847
[FOLD 5][pf__n1__sharpe__trendgate1__mr1] sharpe=1.9087 mean_ic=0.11580 sign_stability=0.6000 maxdd=-0.0165 turnover=0.0847
[FOLD 5][pf__n2__equal__trendgate0__mr0] sharpe=2.1078 mean_ic=0.11794 sign_stability=0.6000 maxdd=-0.0152 turnover=0.0847
[FOLD 5][pf__n2__equal__trendgate0__mr1] sharpe=2.1078 mean_ic=0.11794 sign_stability=0.6000 maxdd=-0.0152 turnover=0.0847
[FOLD 5][pf__n2__equal__trendgate1__mr0] sharpe=2.1078 mean_ic=0.11794 sign_stability=0.6000 maxdd=-0.0152 turnover=0.0847
[FOLD 5][pf__n2__equal__trendgate1__mr1] sharpe=2.1078 mean_ic=0.11794 sign_stability=0.6000 maxdd=-0.0152 turnover=0.0847
[FOLD 5][pf__n2__ic__trendgate0__mr0] sharpe=2.1077 mean_ic=0.11794 sign_stability=0.6000 maxdd=-0.0152 turnover=0.0847
[FOLD 5][pf__n2__ic__trendgate0__mr1] sharpe=2.1077 mean_ic=0.11794 sign_stability=0.6000 maxdd=-0.0152 turnover=0.0847
[FOLD 5][pf__n2__ic__trendgate1__mr0] sharpe=2.1077 mean_ic=0.11794 sign_stability=0.6000 maxdd=-0.0152 turnover=0.0847
[FOLD 5][pf__n2__ic__trendgate1__mr1] sharpe=2.1077 mean_ic=0.11794 sign_stability=0.6000 maxdd=-0.0152 turnover=0.0847
[FOLD 5][pf__n2__sharpe__trendgate0__mr0] sharpe=2.1078 mean_ic=0.11794 sign_stability=0.6000 maxdd=-0.0152 turnover=0.0847
[FOLD 5][pf__n2__sharpe__trendgate0__mr1] sharpe=2.1078 mean_ic=0.11794 sign_stability=0.6000 maxdd=-0.0152 turnover=0.0847
[FOLD 5][pf__n2__sharpe__trendgate1__mr0] sharpe=2.1078 mean_ic=0.11794 sign_stability=0.6000 maxdd=-0.0152 turnover=0.0847
[FOLD 5][pf__n2__sharpe__trendgate1__mr1] sharpe=2.1078 mean_ic=0.11794 sign_stability=0.6000 maxdd=-0.0152 turnover=0.0847
[FOLD 6][pf__n1__equal__trendgate0__mr0] sharpe=-0.8078 mean_ic=-0.03947 sign_stability=0.3333 maxdd=-0.0102 turnover=0.1140
[FOLD 6][pf__n1__equal__trendgate0__mr1] sharpe=-0.8078 mean_ic=-0.03947 sign_stability=0.3333 maxdd=-0.0102 turnover=0.1140
[FOLD 6][pf__n1__equal__trendgate1__mr0] sharpe=-0.8078 mean_ic=-0.03947 sign_stability=0.3333 maxdd=-0.0102 turnover=0.1140
[FOLD 6][pf__n1__equal__trendgate1__mr1] sharpe=-0.8078 mean_ic=-0.03947 sign_stability=0.3333 maxdd=-0.0102 turnover=0.1140
[FOLD 6][pf__n1__ic__trendgate0__mr0] sharpe=-0.8078 mean_ic=-0.03947 sign_stability=0.3333 maxdd=-0.0102 turnover=0.1140
[FOLD 6][pf__n1__ic__trendgate0__mr1] sharpe=-0.8078 mean_ic=-0.03947 sign_stability=0.3333 maxdd=-0.0102 turnover=0.1140
[FOLD 6][pf__n1__ic__trendgate1__mr0] sharpe=-0.8078 mean_ic=-0.03947 sign_stability=0.3333 maxdd=-0.0102 turnover=0.1140
[FOLD 6][pf__n1__ic__trendgate1__mr1] sharpe=-0.8078 mean_ic=-0.03947 sign_stability=0.3333 maxdd=-0.0102 turnover=0.1140
[FOLD 6][pf__n1__sharpe__trendgate0__mr0] sharpe=-0.8078 mean_ic=-0.03947 sign_stability=0.3333 maxdd=-0.0102 turnover=0.1140
[FOLD 6][pf__n1__sharpe__trendgate0__mr1] sharpe=-0.8078 mean_ic=-0.03947 sign_stability=0.3333 maxdd=-0.0102 turnover=0.1140
[FOLD 6][pf__n1__sharpe__trendgate1__mr0] sharpe=-0.8078 mean_ic=-0.03947 sign_stability=0.3333 maxdd=-0.0102 turnover=0.1140
[FOLD 6][pf__n1__sharpe__trendgate1__mr1] sharpe=-0.8078 mean_ic=-0.03947 sign_stability=0.3333 maxdd=-0.0102 turnover=0.1140
[FOLD 6][pf__n2__equal__trendgate0__mr0] sharpe=-0.2242 mean_ic=-0.04200 sign_stability=0.3750 maxdd=-0.0070 turnover=0.1145
[FOLD 6][pf__n2__equal__trendgate0__mr1] sharpe=-0.2242 mean_ic=-0.04200 sign_stability=0.3750 maxdd=-0.0070 turnover=0.1145
[FOLD 6][pf__n2__equal__trendgate1__mr0] sharpe=-0.2242 mean_ic=-0.04200 sign_stability=0.3750 maxdd=-0.0070 turnover=0.1145
[FOLD 6][pf__n2__equal__trendgate1__mr1] sharpe=-0.2242 mean_ic=-0.04200 sign_stability=0.3750 maxdd=-0.0070 turnover=0.1145
[FOLD 6][pf__n2__ic__trendgate0__mr0] sharpe=-0.2242 mean_ic=-0.04203 sign_stability=0.3750 maxdd=-0.0070 turnover=0.1145
[FOLD 6][pf__n2__ic__trendgate0__mr1] sharpe=-0.2242 mean_ic=-0.04203 sign_stability=0.3750 maxdd=-0.0070 turnover=0.1145
[FOLD 6][pf__n2__ic__trendgate1__mr0] sharpe=-0.2242 mean_ic=-0.04203 sign_stability=0.3750 maxdd=-0.0070 turnover=0.1145
[FOLD 6][pf__n2__ic__trendgate1__mr1] sharpe=-0.2242 mean_ic=-0.04203 sign_stability=0.3750 maxdd=-0.0070 turnover=0.1145
[FOLD 6][pf__n2__sharpe__trendgate0__mr0] sharpe=-0.2242 mean_ic=-0.04200 sign_stability=0.3750 maxdd=-0.0070 turnover=0.1145
[FOLD 6][pf__n2__sharpe__trendgate0__mr1] sharpe=-0.2242 mean_ic=-0.04200 sign_stability=0.3750 maxdd=-0.0070 turnover=0.1145
[FOLD 6][pf__n2__sharpe__trendgate1__mr0] sharpe=-0.2242 mean_ic=-0.04200 sign_stability=0.3750 maxdd=-0.0070 turnover=0.1145
[FOLD 6][pf__n2__sharpe__trendgate1__mr1] sharpe=-0.2242 mean_ic=-0.04200 sign_stability=0.3750 maxdd=-0.0070 turnover=0.1145
[FOLD 7][pf__n1__equal__trendgate0__mr0] sharpe=-2.5553 mean_ic=-0.03708 sign_stability=0.5000 maxdd=-0.0166 turnover=0.1108
[FOLD 7][pf__n1__equal__trendgate0__mr1] sharpe=-2.5553 mean_ic=-0.03708 sign_stability=0.5000 maxdd=-0.0166 turnover=0.1108
[FOLD 7][pf__n1__equal__trendgate1__mr0] sharpe=-2.5553 mean_ic=-0.03708 sign_stability=0.5000 maxdd=-0.0166 turnover=0.1108
[FOLD 7][pf__n1__equal__trendgate1__mr1] sharpe=-2.5553 mean_ic=-0.03708 sign_stability=0.5000 maxdd=-0.0166 turnover=0.1108
[FOLD 7][pf__n1__ic__trendgate0__mr0] sharpe=-2.5553 mean_ic=-0.03708 sign_stability=0.5000 maxdd=-0.0166 turnover=0.1108
[FOLD 7][pf__n1__ic__trendgate0__mr1] sharpe=-2.5553 mean_ic=-0.03708 sign_stability=0.5000 maxdd=-0.0166 turnover=0.1108
[FOLD 7][pf__n1__ic__trendgate1__mr0] sharpe=-2.5553 mean_ic=-0.03708 sign_stability=0.5000 maxdd=-0.0166 turnover=0.1108
[FOLD 7][pf__n1__ic__trendgate1__mr1] sharpe=-2.5553 mean_ic=-0.03708 sign_stability=0.5000 maxdd=-0.0166 turnover=0.1108
[FOLD 7][pf__n1__sharpe__trendgate0__mr0] sharpe=-2.5553 mean_ic=-0.03708 sign_stability=0.5000 maxdd=-0.0166 turnover=0.1108
[FOLD 7][pf__n1__sharpe__trendgate0__mr1] sharpe=-2.5553 mean_ic=-0.03708 sign_stability=0.5000 maxdd=-0.0166 turnover=0.1108
[FOLD 7][pf__n1__sharpe__trendgate1__mr0] sharpe=-2.5553 mean_ic=-0.03708 sign_stability=0.5000 maxdd=-0.0166 turnover=0.1108
[FOLD 7][pf__n1__sharpe__trendgate1__mr1] sharpe=-2.5553 mean_ic=-0.03708 sign_stability=0.5000 maxdd=-0.0166 turnover=0.1108
[FOLD 7][pf__n2__equal__trendgate0__mr0] sharpe=-2.1780 mean_ic=-0.03683 sign_stability=0.5000 maxdd=-0.0146 turnover=0.1102
[FOLD 7][pf__n2__equal__trendgate0__mr1] sharpe=-2.1780 mean_ic=-0.03683 sign_stability=0.5000 maxdd=-0.0146 turnover=0.1102
[FOLD 7][pf__n2__equal__trendgate1__mr0] sharpe=-2.1780 mean_ic=-0.03683 sign_stability=0.5000 maxdd=-0.0146 turnover=0.1102
[FOLD 7][pf__n2__equal__trendgate1__mr1] sharpe=-2.1780 mean_ic=-0.03683 sign_stability=0.5000 maxdd=-0.0146 turnover=0.1102
[FOLD 7][pf__n2__ic__trendgate0__mr0] sharpe=-2.1794 mean_ic=-0.03677 sign_stability=0.5000 maxdd=-0.0146 turnover=0.1102
[FOLD 7][pf__n2__ic__trendgate0__mr1] sharpe=-2.1794 mean_ic=-0.03677 sign_stability=0.5000 maxdd=-0.0146 turnover=0.1102
[FOLD 7][pf__n2__ic__trendgate1__mr0] sharpe=-2.1794 mean_ic=-0.03677 sign_stability=0.5000 maxdd=-0.0146 turnover=0.1102
[FOLD 7][pf__n2__ic__trendgate1__mr1] sharpe=-2.1794 mean_ic=-0.03677 sign_stability=0.5000 maxdd=-0.0146 turnover=0.1102
[FOLD 7][pf__n2__sharpe__trendgate0__mr0] sharpe=-2.1780 mean_ic=-0.03683 sign_stability=0.5000 maxdd=-0.0146 turnover=0.1102
[FOLD 7][pf__n2__sharpe__trendgate0__mr1] sharpe=-2.1780 mean_ic=-0.03683 sign_stability=0.5000 maxdd=-0.0146 turnover=0.1102
[FOLD 7][pf__n2__sharpe__trendgate1__mr0] sharpe=-2.1780 mean_ic=-0.03683 sign_stability=0.5000 maxdd=-0.0146 turnover=0.1102
[FOLD 7][pf__n2__sharpe__trendgate1__mr1] sharpe=-2.1780 mean_ic=-0.03683 sign_stability=0.5000 maxdd=-0.0146 turnover=0.1102
[FOLD 8][pf__n1__equal__trendgate0__mr0] sharpe=2.0292 mean_ic=0.03867 sign_stability=0.5517 maxdd=-0.0049 turnover=0.1277
[FOLD 8][pf__n1__equal__trendgate0__mr1] sharpe=2.0292 mean_ic=0.03867 sign_stability=0.5517 maxdd=-0.0049 turnover=0.1277
[FOLD 8][pf__n1__equal__trendgate1__mr0] sharpe=2.0292 mean_ic=0.03867 sign_stability=0.5517 maxdd=-0.0049 turnover=0.1277
[FOLD 8][pf__n1__equal__trendgate1__mr1] sharpe=2.0292 mean_ic=0.03867 sign_stability=0.5517 maxdd=-0.0049 turnover=0.1277
[FOLD 8][pf__n1__ic__trendgate0__mr0] sharpe=2.0292 mean_ic=0.03867 sign_stability=0.5517 maxdd=-0.0049 turnover=0.1277
[FOLD 8][pf__n1__ic__trendgate0__mr1] sharpe=2.0292 mean_ic=0.03867 sign_stability=0.5517 maxdd=-0.0049 turnover=0.1277
[FOLD 8][pf__n1__ic__trendgate1__mr0] sharpe=2.0292 mean_ic=0.03867 sign_stability=0.5517 maxdd=-0.0049 turnover=0.1277
[FOLD 8][pf__n1__ic__trendgate1__mr1] sharpe=2.0292 mean_ic=0.03867 sign_stability=0.5517 maxdd=-0.0049 turnover=0.1277
[FOLD 8][pf__n1__sharpe__trendgate0__mr0] sharpe=2.0292 mean_ic=0.03867 sign_stability=0.5517 maxdd=-0.0049 turnover=0.1277
[FOLD 8][pf__n1__sharpe__trendgate0__mr1] sharpe=2.0292 mean_ic=0.03867 sign_stability=0.5517 maxdd=-0.0049 turnover=0.1277
[FOLD 8][pf__n1__sharpe__trendgate1__mr0] sharpe=2.0292 mean_ic=0.03867 sign_stability=0.5517 maxdd=-0.0049 turnover=0.1277
[FOLD 8][pf__n1__sharpe__trendgate1__mr1] sharpe=2.0292 mean_ic=0.03867 sign_stability=0.5517 maxdd=-0.0049 turnover=0.1277
[FOLD 8][pf__n2__equal__trendgate0__mr0] sharpe=0.9478 mean_ic=0.03891 sign_stability=0.5517 maxdd=-0.0056 turnover=0.1257
[FOLD 8][pf__n2__equal__trendgate0__mr1] sharpe=0.9478 mean_ic=0.03891 sign_stability=0.5517 maxdd=-0.0056 turnover=0.1257
[FOLD 8][pf__n2__equal__trendgate1__mr0] sharpe=0.9478 mean_ic=0.03891 sign_stability=0.5517 maxdd=-0.0056 turnover=0.1257
[FOLD 8][pf__n2__equal__trendgate1__mr1] sharpe=0.9478 mean_ic=0.03891 sign_stability=0.5517 maxdd=-0.0056 turnover=0.1257
[FOLD 8][pf__n2__ic__trendgate0__mr0] sharpe=0.9507 mean_ic=0.03893 sign_stability=0.5517 maxdd=-0.0056 turnover=0.1257
[FOLD 8][pf__n2__ic__trendgate0__mr1] sharpe=0.9507 mean_ic=0.03893 sign_stability=0.5517 maxdd=-0.0056 turnover=0.1257
[FOLD 8][pf__n2__ic__trendgate1__mr0] sharpe=0.9507 mean_ic=0.03893 sign_stability=0.5517 maxdd=-0.0056 turnover=0.1257
[FOLD 8][pf__n2__ic__trendgate1__mr1] sharpe=0.9507 mean_ic=0.03893 sign_stability=0.5517 maxdd=-0.0056 turnover=0.1257
[FOLD 8][pf__n2__sharpe__trendgate0__mr0] sharpe=0.9478 mean_ic=0.03891 sign_stability=0.5517 maxdd=-0.0056 turnover=0.1257
[FOLD 8][pf__n2__sharpe__trendgate0__mr1] sharpe=0.9478 mean_ic=0.03891 sign_stability=0.5517 maxdd=-0.0056 turnover=0.1257
[FOLD 8][pf__n2__sharpe__trendgate1__mr0] sharpe=0.9478 mean_ic=0.03891 sign_stability=0.5517 maxdd=-0.0056 turnover=0.1257
[FOLD 8][pf__n2__sharpe__trendgate1__mr1] sharpe=0.9478 mean_ic=0.03891 sign_stability=0.5517 maxdd=-0.0056 turnover=0.1257
[SUMMARY][PORTFOLIOS]
                      portfolio weighting  trend_gate  component_count  mr_leg                                                       mr_source_candidate                                                                                                                                         components  folds  oos_sharpe_mean  last_fold_sharpe  last_2_fold_mean_sharpe  test_mean_ic  sign_stability  tail_positive_rate  max_drawdown  turnover_mean  positive_sharpe_fraction  avg_dynamic_gross_target
 pf__n1__equal__trendgate0__mr0     equal           0                1       0                                                                      none                                                                          gate::alpha_fs2_intraday_strength_rvol_interaction__lag1::regime_trend_hi      8        -0.289875          2.029179                -0.263068      0.010921        0.479291            0.479638     -0.024934       0.107159                     0.375                     0.425
 pf__n1__equal__trendgate0__mr1     equal           0                1       1 gate::alpha_fs2_intraday_strength_rvol_interaction__lag1::regime_trend_hi                                                                          gate::alpha_fs2_intraday_strength_rvol_interaction__lag1::regime_trend_hi      8        -0.289875          2.029179                -0.263068      0.010921        0.479291            0.479638     -0.024934       0.107159                     0.375                     0.425
 pf__n1__equal__trendgate1__mr0     equal           1                1       0                                                                      none                                                                          gate::alpha_fs2_intraday_strength_rvol_interaction__lag1::regime_trend_hi      8        -0.289875          2.029179                -0.263068      0.010921        0.479291            0.479638     -0.024934       0.107159                     0.375                     0.425
 pf__n1__equal__trendgate1__mr1     equal           1                1       1 gate::alpha_fs2_intraday_strength_rvol_interaction__lag1::regime_trend_hi                                                                          gate::alpha_fs2_intraday_strength_rvol_interaction__lag1::regime_trend_hi      8        -0.289875          2.029179                -0.263068      0.010921        0.479291            0.479638     -0.024934       0.107159                     0.375                     0.425
    pf__n1__ic__trendgate0__mr0        ic           0                1       0                                                                      none                                                                          gate::alpha_fs2_intraday_strength_rvol_interaction__lag1::regime_trend_hi      8        -0.289875          2.029179                -0.263068      0.010921        0.479291            0.479638     -0.024934       0.107159                     0.375                     0.425
    pf__n1__ic__trendgate0__mr1        ic           0                1       1 gate::alpha_fs2_intraday_strength_rvol_interaction__lag1::regime_trend_hi                                                                          gate::alpha_fs2_intraday_strength_rvol_interaction__lag1::regime_trend_hi      8        -0.289875          2.029179                -0.263068      0.010921        0.479291            0.479638     -0.024934       0.107159                     0.375                     0.425
    pf__n1__ic__trendgate1__mr0        ic           1                1       0                                                                      none                                                                          gate::alpha_fs2_intraday_strength_rvol_interaction__lag1::regime_trend_hi      8        -0.289875          2.029179                -0.263068      0.010921        0.479291            0.479638     -0.024934       0.107159                     0.375                     0.425
    pf__n1__ic__trendgate1__mr1        ic           1                1       1 gate::alpha_fs2_intraday_strength_rvol_interaction__lag1::regime_trend_hi                                                                          gate::alpha_fs2_intraday_strength_rvol_interaction__lag1::regime_trend_hi      8        -0.289875          2.029179                -0.263068      0.010921        0.479291            0.479638     -0.024934       0.107159                     0.375                     0.425
pf__n1__sharpe__trendgate0__mr0    sharpe           0                1       0                                                                      none                                                                          gate::alpha_fs2_intraday_strength_rvol_interaction__lag1::regime_trend_hi      8        -0.289875          2.029179                -0.263068      0.010921        0.479291            0.479638     -0.024934       0.107159                     0.375                     0.425
pf__n1__sharpe__trendgate0__mr1    sharpe           0                1       1 gate::alpha_fs2_intraday_strength_rvol_interaction__lag1::regime_trend_hi                                                                          gate::alpha_fs2_intraday_strength_rvol_interaction__lag1::regime_trend_hi      8        -0.289875          2.029179                -0.263068      0.010921        0.479291            0.479638     -0.024934       0.107159                     0.375                     0.425
pf__n1__sharpe__trendgate1__mr0    sharpe           1                1       0                                                                      none                                                                          gate::alpha_fs2_intraday_strength_rvol_interaction__lag1::regime_trend_hi      8        -0.289875          2.029179                -0.263068      0.010921        0.479291            0.479638     -0.024934       0.107159                     0.375                     0.425
pf__n1__sharpe__trendgate1__mr1    sharpe           1                1       1 gate::alpha_fs2_intraday_strength_rvol_interaction__lag1::regime_trend_hi                                                                          gate::alpha_fs2_intraday_strength_rvol_interaction__lag1::regime_trend_hi      8        -0.289875          2.029179                -0.263068      0.010921        0.479291            0.479638     -0.024934       0.107159                     0.375                     0.425
    pf__n2__ic__trendgate0__mr0        ic           0                2       0                                                                      none gate::alpha_fs2_intraday_strength_rvol_interaction__lag1::regime_trend_hi|gate::alpha_fs2_intraday_strength_liq_interaction__lag1::regime_trend_hi      8        -0.291338          0.950689                -0.614369      0.011015        0.484499            0.464438     -0.025801       0.106967                     0.375                     0.425
    pf__n2__ic__trendgate0__mr1        ic           0                2       1 gate::alpha_fs2_intraday_strength_rvol_interaction__lag1::regime_trend_hi gate::alpha_fs2_intraday_strength_rvol_interaction__lag1::regime_trend_hi|gate::alpha_fs2_intraday_strength_liq_interaction__lag1::regime_trend_hi      8        -0.291338          0.950689                -0.614369      0.011015        0.484499            0.464438     -0.025801       0.106967                     0.375                     0.425
    pf__n2__ic__trendgate1__mr0        ic           1                2       0                                                                      none gate::alpha_fs2_intraday_strength_rvol_interaction__lag1::regime_trend_hi|gate::alpha_fs2_intraday_strength_liq_interaction__lag1::regime_trend_hi      8        -0.291338          0.950689                -0.614369      0.011015        0.484499            0.464438     -0.025801       0.106967                     0.375                     0.425
    pf__n2__ic__trendgate1__mr1        ic           1                2       1 gate::alpha_fs2_intraday_strength_rvol_interaction__lag1::regime_trend_hi gate::alpha_fs2_intraday_strength_rvol_interaction__lag1::regime_trend_hi|gate::alpha_fs2_intraday_strength_liq_interaction__lag1::regime_trend_hi      8        -0.291338          0.950689                -0.614369      0.011015        0.484499            0.464438     -0.025801       0.106967                     0.375                     0.425
pf__n2__sharpe__trendgate0__mr0    sharpe           0                2       0                                                                      none gate::alpha_fs2_intraday_strength_rvol_interaction__lag1::regime_trend_hi|gate::alpha_fs2_intraday_strength_liq_interaction__lag1::regime_trend_hi      8        -0.290018          0.947843                -0.615069      0.011037        0.484499            0.464438     -0.025808       0.106938                     0.375                     0.425
pf__n2__sharpe__trendgate0__mr1    sharpe           0                2       1 gate::alpha_fs2_intraday_strength_rvol_interaction__lag1::regime_trend_hi gate::alpha_fs2_intraday_strength_rvol_interaction__lag1::regime_trend_hi|gate::alpha_fs2_intraday_strength_liq_interaction__lag1::regime_trend_hi      8        -0.290018          0.947843                -0.615069      0.011037        0.484499            0.464438     -0.025808       0.106938                     0.375                     0.425
pf__n2__sharpe__trendgate1__mr0    sharpe           1                2       0                                                                      none gate::alpha_fs2_intraday_strength_rvol_interaction__lag1::regime_trend_hi|gate::alpha_fs2_intraday_strength_liq_interaction__lag1::regime_trend_hi      8        -0.290018          0.947843                -0.615069      0.011037        0.484499            0.464438     -0.025808       0.106938                     0.375                     0.425
pf__n2__sharpe__trendgate1__mr1    sharpe           1                2       1 gate::alpha_fs2_intraday_strength_rvol_interaction__lag1::regime_trend_hi gate::alpha_fs2_intraday_strength_rvol_interaction__lag1::regime_trend_hi|gate::alpha_fs2_intraday_strength_liq_interaction__lag1::regime_trend_hi      8        -0.290018          0.947843                -0.615069      0.011037        0.484499            0.464438     -0.025808       0.106938                     0.375                     0.425
 pf__n2__equal__trendgate0__mr0     equal           0                2       0                                                                      none gate::alpha_fs2_intraday_strength_rvol_interaction__lag1::regime_trend_hi|gate::alpha_fs2_intraday_strength_liq_interaction__lag1::regime_trend_hi      8        -0.291512          0.947843                -0.615069      0.011016        0.484499            0.464438     -0.025802       0.106966                     0.375                     0.425
 pf__n2__equal__trendgate0__mr1     equal           0                2       1 gate::alpha_fs2_intraday_strength_rvol_interaction__lag1::regime_trend_hi gate::alpha_fs2_intraday_strength_rvol_interaction__lag1::regime_trend_hi|gate::alpha_fs2_intraday_strength_liq_interaction__lag1::regime_trend_hi      8        -0.291512          0.947843                -0.615069      0.011016        0.484499            0.464438     -0.025802       0.106966                     0.375                     0.425
 pf__n2__equal__trendgate1__mr0     equal           1                2       0                                                                      none gate::alpha_fs2_intraday_strength_rvol_interaction__lag1::regime_trend_hi|gate::alpha_fs2_intraday_strength_liq_interaction__lag1::regime_trend_hi      8        -0.291512          0.947843                -0.615069      0.011016        0.484499            0.464438     -0.025802       0.106966                     0.375                     0.425
 pf__n2__equal__trendgate1__mr1     equal           1                2       1 gate::alpha_fs2_intraday_strength_rvol_interaction__lag1::regime_trend_hi gate::alpha_fs2_intraday_strength_rvol_interaction__lag1::regime_trend_hi|gate::alpha_fs2_intraday_strength_liq_interaction__lag1::regime_trend_hi      8        -0.291512          0.947843                -0.615069      0.011016        0.484499            0.464438     -0.025802       0.106966                     0.375                     0.425





[ARTIFACT] artifacts\portfolio_opt_wf_mr\portfolio_summary.csv


portfolio,weighting,trend_gate,component_count,mr_leg,mr_source_candidate,components,folds,oos_sharpe_mean,last_fold_sharpe,last_2_fold_mean_sharpe,test_mean_ic,sign_stability,tail_positive_rate,max_drawdown,turnover_mean,positive_sharpe_fraction,avg_dynamic_gross_target
pf__n1__equal__trendgate0__mr0,equal,0,1,0,none,gate::alpha_fs2_intraday_strength_rvol_interaction__lag1::regime_trend_hi,8,-0.2898753270799567,2.0291790160839973,-0.2630681012726779,0.01092065084518849,0.47929080963904014,0.4796380318612623,-0.024934055185709236,0.10715912984270934,0.375,0.42500000000000004
pf__n1__equal__trendgate0__mr1,equal,0,1,1,gate::alpha_fs2_intraday_strength_rvol_interaction__lag1::regime_trend_hi,gate::alpha_fs2_intraday_strength_rvol_interaction__lag1::regime_trend_hi,8,-0.2898753270799567,2.0291790160839973,-0.2630681012726779,0.01092065084518849,0.47929080963904014,0.4796380318612623,-0.024934055185709236,0.10715912984270934,0.375,0.42500000000000004
pf__n1__equal__trendgate1__mr0,equal,1,1,0,none,gate::alpha_fs2_intraday_strength_rvol_interaction__lag1::regime_trend_hi,8,-0.2898753270799567,2.0291790160839973,-0.2630681012726779,0.01092065084518849,0.47929080963904014,0.4796380318612623,-0.024934055185709236,0.10715912984270934,0.375,0.42500000000000004
pf__n1__equal__trendgate1__mr1,equal,1,1,1,gate::alpha_fs2_intraday_strength_rvol_interaction__lag1::regime_trend_hi,gate::alpha_fs2_intraday_strength_rvol_interaction__lag1::regime_trend_hi,8,-0.2898753270799567,2.0291790160839973,-0.2630681012726779,0.01092065084518849,0.47929080963904014,0.4796380318612623,-0.024934055185709236,0.10715912984270934,0.375,0.42500000000000004
pf__n1__ic__trendgate0__mr0,ic,0,1,0,none,gate::alpha_fs2_intraday_strength_rvol_interaction__lag1::regime_trend_hi,8,-0.2898753270799567,2.0291790160839973,-0.2630681012726779,0.01092065084518849,0.47929080963904014,0.4796380318612623,-0.024934055185709236,0.10715912984270934,0.375,0.42500000000000004
pf__n1__ic__trendgate0__mr1,ic,0,1,1,gate::alpha_fs2_intraday_strength_rvol_interaction__lag1::regime_trend_hi,gate::alpha_fs2_intraday_strength_rvol_interaction__lag1::regime_trend_hi,8,-0.2898753270799567,2.0291790160839973,-0.2630681012726779,0.01092065084518849,0.47929080963904014,0.4796380318612623,-0.024934055185709236,0.10715912984270934,0.375,0.42500000000000004
pf__n1__ic__trendgate1__mr0,ic,1,1,0,none,gate::alpha_fs2_intraday_strength_rvol_interaction__lag1::regime_trend_hi,8,-0.2898753270799567,2.0291790160839973,-0.2630681012726779,0.01092065084518849,0.47929080963904014,0.4796380318612623,-0.024934055185709236,0.10715912984270934,0.375,0.42500000000000004
pf__n1__ic__trendgate1__mr1,ic,1,1,1,gate::alpha_fs2_intraday_strength_rvol_interaction__lag1::regime_trend_hi,gate::alpha_fs2_intraday_strength_rvol_interaction__lag1::regime_trend_hi,8,-0.2898753270799567,2.0291790160839973,-0.2630681012726779,0.01092065084518849,0.47929080963904014,0.4796380318612623,-0.024934055185709236,0.10715912984270934,0.375,0.42500000000000004
pf__n1__sharpe__trendgate0__mr0,sharpe,0,1,0,none,gate::alpha_fs2_intraday_strength_rvol_interaction__lag1::regime_trend_hi,8,-0.2898753270799567,2.0291790160839973,-0.2630681012726779,0.01092065084518849,0.47929080963904014,0.4796380318612623,-0.024934055185709236,0.10715912984270934,0.375,0.42500000000000004
pf__n1__sharpe__trendgate0__mr1,sharpe,0,1,1,gate::alpha_fs2_intraday_strength_rvol_interaction__lag1::regime_trend_hi,gate::alpha_fs2_intraday_strength_rvol_interaction__lag1::regime_trend_hi,8,-0.2898753270799567,2.0291790160839973,-0.2630681012726779,0.01092065084518849,0.47929080963904014,0.4796380318612623,-0.024934055185709236,0.10715912984270934,0.375,0.42500000000000004
pf__n1__sharpe__trendgate1__mr0,sharpe,1,1,0,none,gate::alpha_fs2_intraday_strength_rvol_interaction__lag1::regime_trend_hi,8,-0.2898753270799567,2.0291790160839973,-0.2630681012726779,0.01092065084518849,0.47929080963904014,0.4796380318612623,-0.024934055185709236,0.10715912984270934,0.375,0.42500000000000004
pf__n1__sharpe__trendgate1__mr1,sharpe,1,1,1,gate::alpha_fs2_intraday_strength_rvol_interaction__lag1::regime_trend_hi,gate::alpha_fs2_intraday_strength_rvol_interaction__lag1::regime_trend_hi,8,-0.2898753270799567,2.0291790160839973,-0.2630681012726779,0.01092065084518849,0.47929080963904014,0.4796380318612623,-0.024934055185709236,0.10715912984270934,0.375,0.42500000000000004
pf__n2__ic__trendgate0__mr0,ic,0,2,0,none,gate::alpha_fs2_intraday_strength_rvol_interaction__lag1::regime_trend_hi|gate::alpha_fs2_intraday_strength_liq_interaction__lag1::regime_trend_hi,8,-0.29133759282352834,0.9506886059909886,-0.6143687536698128,0.01101473188889425,0.48449914297237345,0.4644383948376689,-0.025801329094219505,0.1069668532574263,0.375,0.42500000000000004
pf__n2__ic__trendgate0__mr1,ic,0,2,1,gate::alpha_fs2_intraday_strength_rvol_interaction__lag1::regime_trend_hi,gate::alpha_fs2_intraday_strength_rvol_interaction__lag1::regime_trend_hi|gate::alpha_fs2_intraday_strength_liq_interaction__lag1::regime_trend_hi,8,-0.29133759282352834,0.9506886059909886,-0.6143687536698128,0.01101473188889425,0.48449914297237345,0.4644383948376689,-0.025801329094219505,0.1069668532574263,0.375,0.42500000000000004
pf__n2__ic__trendgate1__mr0,ic,1,2,0,none,gate::alpha_fs2_intraday_strength_rvol_interaction__lag1::regime_trend_hi|gate::alpha_fs2_intraday_strength_liq_interaction__lag1::regime_trend_hi,8,-0.29133759282352834,0.9506886059909886,-0.6143687536698128,0.01101473188889425,0.48449914297237345,0.4644383948376689,-0.025801329094219505,0.1069668532574263,0.375,0.42500000000000004
pf__n2__ic__trendgate1__mr1,ic,1,2,1,gate::alpha_fs2_intraday_strength_rvol_interaction__lag1::regime_trend_hi,gate::alpha_fs2_intraday_strength_rvol_interaction__lag1::regime_trend_hi|gate::alpha_fs2_intraday_strength_liq_interaction__lag1::regime_trend_hi,8,-0.29133759282352834,0.9506886059909886,-0.6143687536698128,0.01101473188889425,0.48449914297237345,0.4644383948376689,-0.025801329094219505,0.1069668532574263,0.375,0.42500000000000004
pf__n2__sharpe__trendgate0__mr0,sharpe,0,2,0,none,gate::alpha_fs2_intraday_strength_rvol_interaction__lag1::regime_trend_hi|gate::alpha_fs2_intraday_strength_liq_interaction__lag1::regime_trend_hi,8,-0.2900175969408575,0.9478427675593171,-0.6150691059872935,0.011037076396865084,0.48449914297237345,0.4644383948376689,-0.025808236545080354,0.10693795674161619,0.375,0.42500000000000004
pf__n2__sharpe__trendgate0__mr1,sharpe,0,2,1,gate::alpha_fs2_intraday_strength_rvol_interaction__lag1::regime_trend_hi,gate::alpha_fs2_intraday_strength_rvol_interaction__lag1::regime_trend_hi|gate::alpha_fs2_intraday_strength_liq_interaction__lag1::regime_trend_hi,8,-0.2900175969408575,0.9478427675593171,-0.6150691059872935,0.011037076396865084,0.48449914297237345,0.4644383948376689,-0.025808236545080354,0.10693795674161619,0.375,0.42500000000000004
pf__n2__sharpe__trendgate1__mr0,sharpe,1,2,0,none,gate::alpha_fs2_intraday_strength_rvol_interaction__lag1::regime_trend_hi|gate::alpha_fs2_intraday_strength_liq_interaction__lag1::regime_trend_hi,8,-0.2900175969408575,0.9478427675593171,-0.6150691059872935,0.011037076396865084,0.48449914297237345,0.4644383948376689,-0.025808236545080354,0.10693795674161619,0.375,0.42500000000000004
pf__n2__sharpe__trendgate1__mr1,sharpe,1,2,1,gate::alpha_fs2_intraday_strength_rvol_interaction__lag1::regime_trend_hi,gate::alpha_fs2_intraday_strength_rvol_interaction__lag1::regime_trend_hi|gate::alpha_fs2_intraday_strength_liq_interaction__lag1::regime_trend_hi,8,-0.2900175969408575,0.9478427675593171,-0.6150691059872935,0.011037076396865084,0.48449914297237345,0.4644383948376689,-0.025808236545080354,0.10693795674161619,0.375,0.42500000000000004
pf__n2__equal__trendgate0__mr0,equal,0,2,0,none,gate::alpha_fs2_intraday_strength_rvol_interaction__lag1::regime_trend_hi|gate::alpha_fs2_intraday_strength_liq_interaction__lag1::regime_trend_hi,8,-0.29151209253300403,0.9478427675593171,-0.6150691059872935,0.011016314847987985,0.48449914297237345,0.4644383948376689,-0.025802261780791147,0.10696611350297575,0.375,0.42500000000000004
pf__n2__equal__trendgate0__mr1,equal,0,2,1,gate::alpha_fs2_intraday_strength_rvol_interaction__lag1::regime_trend_hi,gate::alpha_fs2_intraday_strength_rvol_interaction__lag1::regime_trend_hi|gate::alpha_fs2_intraday_strength_liq_interaction__lag1::regime_trend_hi,8,-0.29151209253300403,0.9478427675593171,-0.6150691059872935,0.011016314847987985,0.48449914297237345,0.4644383948376689,-0.025802261780791147,0.10696611350297575,0.375,0.42500000000000004
pf__n2__equal__trendgate1__mr0,equal,1,2,0,none,gate::alpha_fs2_intraday_strength_rvol_interaction__lag1::regime_trend_hi|gate::alpha_fs2_intraday_strength_liq_interaction__lag1::regime_trend_hi,8,-0.29151209253300403,0.9478427675593171,-0.6150691059872935,0.011016314847987985,0.48449914297237345,0.4644383948376689,-0.025802261780791147,0.10696611350297575,0.375,0.42500000000000004
pf__n2__equal__trendgate1__mr1,equal,1,2,1,gate::alpha_fs2_intraday_strength_rvol_interaction__lag1::regime_trend_hi,gate::alpha_fs2_intraday_strength_rvol_interaction__lag1::regime_trend_hi|gate::alpha_fs2_intraday_strength_liq_interaction__lag1::regime_trend_hi,8,-0.29151209253300403,0.9478427675593171,-0.6150691059872935,0.011016314847987985,0.48449914297237345,0.4644383948376689,-0.025802261780791147,0.10696611350297575,0.375,0.42500000000000004






[ARTIFACT] artifacts\portfolio_opt_wf_mr\portfolio_opt_meta.json



{
  "interaction_summary_file": "artifacts\\residual_layer_fs2_interactions\\residual_component_summary.csv",
  "feature_v2_file": "data\\features\\feature_matrix_v2.parquet",
  "alpha_lib_file": "data\\alpha_library_fs2_base\\alpha_library_fs2_base.parquet",
  "target_col": "target_fwd_ret_1d",
  "wf": {
    "train_days": 252,
    "test_days": 63,
    "step_days": 63,
    "purge_days": 5,
    "embargo_days": 5,
    "folds": 8
  },
  "shell": {
    "enter_pct": 0.1,
    "exit_pct": 0.22,
    "weight_cap": 0.05,
    "gross_target": 0.85,
    "max_daily_turnover": 0.2,
    "cost_bps": 8.0
  },
  "portfolio_grid": {
    "component_count_limit": 2,
    "equal_weight": 1,
    "ic_weight": 1,
    "sharpe_weight": 1,
    "trend_gate": 1,
    "dynamic_gross": 1,
    "dyn_gross_trend_hi_mult": 1.0,
    "dyn_gross_trend_lo_mult": 0.2,
    "dyn_gross_neutral_mult": 0.5,
    "dyn_gross_min": 0.0,
    "dyn_gross_max": 1.0,
    "mr_leg": 1,
    "mr_weight": 0.5,
    "mr_gross_mult": 0.35,
    "mr_component_name": "",
    "mr_only_trend_lo": 1
  },
  "modules": {
    "holding_inertia": 1,
    "turnover_control": 1,
    "budget_allocation": 1,
    "regime_allocation": 1
  },
  "rows": {
    "portfolio_fold_rows": 192,
    "daily_rows": 12096,
    "contrib_rows": 12096,
    "component_train_info_rows": 16,
    "portfolio_summary_rows": 24
  }
}


