PS C:\Users\Dmytro Govor\Documents\Python-Edge> python .\scripts\run_broker_adapter_ibkr.py
[CFG] execution_root=artifacts\execution_loop
[CFG] configs=['optimal', 'aggressive']
[CFG] broker_name=MEXEM broker_platform=IBKR broker_account_id=
[CFG] ib_host=127.0.0.1 ib_port=4002 ib_client_id=41 ib_account_code=
[CFG] exchange=SMART primary_exchange= currency=USD sec_type=STK
[CFG] outside_rth=1 reprice_enabled=1 reprice_wait_sec=8.0
[CFG] reprice_steps_bps=[15.0, 10.0, 5.0, 0.0] reprice_final_mode=marketable_lmt reprice_final_marketable_bps=12.0 reprice_max_deviation_pct=1.25
[CFG] require_price_hint_source=1 require_quote_ts=1
[IB] connecting host=127.0.0.1 port=4002 client_id=41
[IB] managedAccounts=DUP561175
[IB] nextValidId=89[IB] connected next_valid_id=89 managed_accounts=DUP561175

[IB][ERROR] reqId=-1 code=2104 msg=Market data farm connection is OK:usfarm
[IB][ERROR] reqId=-1 code=2106 msg=HMDS data farm connection is OK:ushmds
[IB][ERROR] reqId=-1 code=2158 msg=Sec-def data farm connection is OK:secdefil
[IB] openOrderEnd
[BROKER][optimal] orders=artifacts\execution_loop\optimal\orders.csv
[IB][CONTRACT_DETAILS][WARN] symbol=OKLO attempt=1/3 error='IBKRApp' object has no attribute 'req_contract_details'
[IB][CONTRACT_DETAILS][WARN] symbol=OKLO attempt=2/3 error='IBKRApp' object has no attribute 'req_contract_details'
[IB][CONTRACT_DETAILS][WARN] symbol=OKLO attempt=3/3 error='IBKRApp' object has no attribute 'req_contract_details'
[IB][CONTRACT_DETAILS][FALLBACK_WARN] symbol=OKLO attempt=1/3 error='IBKRApp' object has no attribute 'req_contract_details'
[IB][CONTRACT_DETAILS][FALLBACK_WARN] symbol=OKLO attempt=2/3 error='IBKRApp' object has no attribute 'req_contract_details'
[IB][CONTRACT_DETAILS][FALLBACK_WARN] symbol=OKLO attempt=3/3 error='IBKRApp' object has no attribute 'req_contract_details'
[IB][CONTRACT_DETAILS][FALLBACK_SUBMIT] symbol=OKLO broker_symbol=OKLO reason='IBKRApp' object has no attribute 'req_contract_details' min_tick=0.010000
[BROKER][LADDER][SUBMIT] symbol=OKLO step=1/5 mode=passive_lmt limit_price=48.2100 cap_price=47.5300
[IB][ERROR] reqId=89 code=399 msg=Order Message: SELL 1 OKLO NYSE Your order will not be placed at the exchange until 2026-04-06 04:00:00 US/Eastern. If you want the order to  be active in the Pre-Market, Regular and After-Market sessions, a Limit type order is required and you must  add the attribute "Fill/Trigger Outside RTH."
[BROKER][POLL] ib_order_id=89 step=1/8 status=working filled_qty=0.00000000 remaining_qty=1.00000000 avg_fill_price=0.0000 outcome=working
[BROKER][POLL] ib_order_id=89 step=5/8 status=working filled_qty=0.00000000 remaining_qty=1.00000000 avg_fill_price=0.0000 outcome=working
[BROKER][POLL] ib_order_id=89 step=8/8 status=working filled_qty=0.00000000 remaining_qty=1.00000000 avg_fill_price=0.0000 outcome=working
[BROKER][optimal][ERROR] EClient.cancelOrder() takes 2 positional arguments but 3 were given
[BROKER][optimal][SUMMARY] sent=0 duplicate_skipped=0 errors=1 fills_csv=artifacts\execution_loop\optimal\fills.csv broker_log_json=artifacts\execution_loop\optimal\broker_log.json outcomes={"cancelled_after_ttl": 0, "cancelled_unfilled_cap": 0, "failed": 1, "filled_now": 0, "partial": 0, "unknown": 0, "working": 0, "working_carry": 0}
[BROKER][aggressive] orders=artifacts\execution_loop\aggressive\orders.csv
[IB][CONTRACT_DETAILS][WARN] symbol=OKLO attempt=1/3 error='IBKRApp' object has no attribute 'req_contract_details'
[IB][CONTRACT_DETAILS][WARN] symbol=OKLO attempt=2/3 error='IBKRApp' object has no attribute 'req_contract_details'
[IB][CONTRACT_DETAILS][WARN] symbol=OKLO attempt=3/3 error='IBKRApp' object has no attribute 'req_contract_details'
[IB][CONTRACT_DETAILS][FALLBACK_WARN] symbol=OKLO attempt=1/3 error='IBKRApp' object has no attribute 'req_contract_details'
[IB][CONTRACT_DETAILS][FALLBACK_WARN] symbol=OKLO attempt=2/3 error='IBKRApp' object has no attribute 'req_contract_details'
[IB][CONTRACT_DETAILS][FALLBACK_WARN] symbol=OKLO attempt=3/3 error='IBKRApp' object has no attribute 'req_contract_details'
[IB][CONTRACT_DETAILS][FALLBACK_SUBMIT] symbol=OKLO broker_symbol=OKLO reason='IBKRApp' object has no attribute 'req_contract_details' min_tick=0.010000
[BROKER][LADDER][SUBMIT] symbol=OKLO step=1/5 mode=passive_lmt limit_price=48.0500 cap_price=48.7300
[IB][ERROR] reqId=90 code=399 msg=Order Message: BUY 3 OKLO NYSE Your order will not be placed at the exchange until 2026-04-06 04:00:00 US/Eastern. If you want the order to  be active in the Pre-Market, Regular and After-Market sessions, a Limit type order is required and you must  add the attribute "Fill/Trigger Outside RTH."
[BROKER][POLL] ib_order_id=90 step=1/8 status=working filled_qty=0.00000000 remaining_qty=3.00000000 avg_fill_price=0.0000 outcome=working
[BROKER][POLL] ib_order_id=90 step=5/8 status=working filled_qty=0.00000000 remaining_qty=3.00000000 avg_fill_price=0.0000 outcome=working
[BROKER][POLL] ib_order_id=90 step=8/8 status=working filled_qty=0.00000000 remaining_qty=3.00000000 avg_fill_price=0.0000 outcome=working
[BROKER][aggressive][ERROR] EClient.cancelOrder() takes 2 positional arguments but 3 were given
[IB][CONTRACT_DETAILS][WARN] symbol=NKE attempt=1/3 error='IBKRApp' object has no attribute 'req_contract_details'
[IB][CONTRACT_DETAILS][WARN] symbol=NKE attempt=2/3 error='IBKRApp' object has no attribute 'req_contract_details'
[IB][CONTRACT_DETAILS][WARN] symbol=NKE attempt=3/3 error='IBKRApp' object has no attribute 'req_contract_details'
[IB][CONTRACT_DETAILS][FALLBACK_WARN] symbol=NKE attempt=1/3 error='IBKRApp' object has no attribute 'req_contract_details'
[IB][CONTRACT_DETAILS][FALLBACK_WARN] symbol=NKE attempt=2/3 error='IBKRApp' object has no attribute 'req_contract_details'
[IB][CONTRACT_DETAILS][FALLBACK_WARN] symbol=NKE attempt=3/3 error='IBKRApp' object has no attribute 'req_contract_details'
[IB][CONTRACT_DETAILS][FALLBACK_SUBMIT] symbol=NKE broker_symbol=NKE reason='IBKRApp' object has no attribute 'req_contract_details' min_tick=0.010000
[BROKER][LADDER][SUBMIT] symbol=NKE step=1/5 mode=passive_lmt limit_price=44.1200 cap_price=44.7400
[IB][ERROR] reqId=91 code=399 msg=Order Message: BUY 3 NKE NYSE Your order will not be placed at the exchange until 2026-04-06 04:00:00 US/Eastern. If you want the order to  be active in the Pre-Market, Regular and After-Market sessions, a Limit type order is required and you must  add the attribute "Fill/Trigger Outside RTH."
[BROKER][POLL] ib_order_id=91 step=1/8 status=working filled_qty=0.00000000 remaining_qty=3.00000000 avg_fill_price=0.0000 outcome=working
[BROKER][POLL] ib_order_id=91 step=5/8 status=working filled_qty=0.00000000 remaining_qty=3.00000000 avg_fill_price=0.0000 outcome=working
[BROKER][POLL] ib_order_id=91 step=8/8 status=working filled_qty=0.00000000 remaining_qty=3.00000000 avg_fill_price=0.0000 outcome=working
[BROKER][aggressive][ERROR] EClient.cancelOrder() takes 2 positional arguments but 3 were given
[IB][CONTRACT_DETAILS][WARN] symbol=TSEM attempt=1/3 error='IBKRApp' object has no attribute 'req_contract_details'
[IB][CONTRACT_DETAILS][WARN] symbol=TSEM attempt=2/3 error='IBKRApp' object has no attribute 'req_contract_details'
[IB][CONTRACT_DETAILS][WARN] symbol=TSEM attempt=3/3 error='IBKRApp' object has no attribute 'req_contract_details'
[IB][CONTRACT_DETAILS][FALLBACK_WARN] symbol=TSEM attempt=1/3 error='IBKRApp' object has no attribute 'req_contract_details'
[IB][CONTRACT_DETAILS][FALLBACK_WARN] symbol=TSEM attempt=2/3 error='IBKRApp' object has no attribute 'req_contract_details'
[IB][CONTRACT_DETAILS][FALLBACK_WARN] symbol=TSEM attempt=3/3 error='IBKRApp' object has no attribute 'req_contract_details'
[IB][CONTRACT_DETAILS][FALLBACK_SUBMIT] symbol=TSEM broker_symbol=TSEM reason='IBKRApp' object has no attribute 'req_contract_details' min_tick=0.010000
[BROKER][LADDER][SUBMIT] symbol=TSEM step=1/5 mode=passive_lmt limit_price=198.1000 cap_price=195.3300
[IB][ERROR] reqId=92 code=399 msg=Order Message: SELL 1 TSEM NASDAQ.NMS Your order will not be placed at the exchange until 2026-04-06 04:00:00 US/Eastern. If you want the order to  be active in the Pre-Market, Regular and After-Market sessions, a Limit type order is required and you must  add the attribute "Fill/Trigger Outside RTH."
[BROKER][POLL] ib_order_id=92 step=1/8 status=working filled_qty=0.00000000 remaining_qty=1.00000000 avg_fill_price=0.0000 outcome=working
[BROKER][POLL] ib_order_id=92 step=5/8 status=working filled_qty=0.00000000 remaining_qty=1.00000000 avg_fill_price=0.0000 outcome=working
[BROKER][POLL] ib_order_id=92 step=8/8 status=working filled_qty=0.00000000 remaining_qty=1.00000000 avg_fill_price=0.0000 outcome=working
[BROKER][aggressive][ERROR] EClient.cancelOrder() takes 2 positional arguments but 3 were given
[BROKER][aggressive][SUMMARY] sent=0 duplicate_skipped=0 errors=3 fills_csv=artifacts\execution_loop\aggressive\fills.csv broker_log_json=artifacts\execution_loop\aggressive\broker_log.json outcomes={"cancelled_after_ttl": 0, "cancelled_unfilled_cap": 0, "failed": 3, "filled_now": 0, "partial": 0, "unknown": 0, "working": 0, "working_carry": 0}
[FINAL] IBKR broker adapter complete