{
  "alpha_lib_file": "data\\alpha_library\\alpha_library_v1.parquet",
  "target_col": "target_fwd_ret_1d",
  "train_days": 252,
  "test_days": 63,
  "step_days": 63,
  "purge_days": 5,
  "embargo_days": 5,
  "min_train_rows": 3000,
  "min_test_rows": 300,
  "min_alpha_days": 50,
  "min_alpha_abs_ic": 0.004,
  "max_alphas": 12,
  "ridge_l2": 20.0,
  "corr_prune": 0.85,
  "enter_pct": 0.08,
  "exit_pct": 0.16,
  "gross_target": 1.0,
  "weight_cap": 0.06,
  "max_daily_turnover": 0.35,
  "cost_bps": 8.0,
  "borrow_bps_daily": 1.0,
  "side": "long_short",
  "budget_mode": "dynamic",
  "regime_mode": "dynamic",
  "fold_summaries": [
    {
      "days": 63.0,
      "mean_daily": -0.0012169821707050511,
      "std_daily": 0.006224837315006957,
      "sharpe": -3.10353380520204,
      "hit_rate": 0.4126984126984127,
      "cum_ret": -0.07500018846564926,
      "max_drawdown": -0.07207221945939424,
      "avg_turnover": 0.3500000000000002,
      "avg_gross": 0.3119756941748054,
      "avg_top_pct": 0.060000000000000005,
      "selected_alpha_count": 5.0,
      "selected_alpha_list": "alpha_cond_breadth_trend_mom_compression,alpha_cond_ivol_lowliq_penalty,alpha_rev1__hi_liq,alpha_cond_vol_compression_liq_breakout,alpha_wick_imbalance__z_range_comp",
      "usable_train_rows": 24444.0,
      "selected_alpha_nonzero_mean": 0.996031746031746,
      "ridge_chosen_min_active": 3.0,
      "ridge_usable_rows": 23571.0
    },
    {
      "days": 63.0,
      "mean_daily": -0.00032607478225332324,
      "std_daily": 0.002930053795907021,
      "sharpe": -1.766614900168416,
      "hit_rate": 0.4126984126984127,
      "cum_ret": -0.020601516901004313,
      "max_drawdown": -0.03353058530684416,
      "avg_turnover": 0.3500000000000002,
      "avg_gross": 0.2543144461961243,
      "avg_top_pct": 0.060000000000000005,
      "selected_alpha_count": 10.0,
      "selected_alpha_list": "alpha_cond_ivol_lowliq_penalty,alpha_cond_breadth_trend_mom_compression,alpha_pressure__hi_liq,alpha_rev1__hi_rvol,alpha_rev1__hi_liq,alpha_rev1__rank_rvol,alpha_mom3__hi_liq,alpha_cond_vol_compression_liq_breakout,alpha_cond_breadth_weak_overnight,alpha_cond_breadth_trend_intraday_rs",
      "usable_train_rows": 24444.0,
      "selected_alpha_nonzero_mean": 1.0,
      "ridge_chosen_min_active": 3.0,
      "ridge_usable_rows": 24444.0
    },
    {
      "days": 63.0,
      "mean_daily": 0.00023684866393112767,
      "std_daily": 0.005163129593416149,
      "sharpe": 0.7282125908255908,
      "hit_rate": 0.5396825396825397,
      "cum_ret": 0.014185551431102228,
      "max_drawdown": -0.040295770839628875,
      "avg_turnover": 0.3500000000000002,
      "avg_gross": 0.22088198996433606,
      "avg_top_pct": 0.060000000000000005,
      "selected_alpha_count": 8.0,
      "selected_alpha_list": "alpha_cond_breadth_trend_mom_compression,alpha_cond_ivol_lowliq_penalty,alpha_rev1__rank_rvol,alpha_cond_momentum_liq_trend,alpha_rev1__hi_rvol,alpha_cond_vol_compression_liq_breakout,alpha_rev1__hi_liq,alpha_cond_breadth_trend_intraday_rs",
      "usable_train_rows": 24444.0,
      "selected_alpha_nonzero_mean": 1.0,
      "ridge_chosen_min_active": 3.0,
      "ridge_usable_rows": 24444.0
    },
    {
      "days": 63.0,
      "mean_daily": -3.442425993599256e-05,
      "std_daily": 0.006474615997233675,
      "sharpe": -0.08440163637466132,
      "hit_rate": 0.31746031746031744,
      "cum_ret": -0.003462934412323704,
      "max_drawdown": -0.04653697914024324,
      "avg_turnover": 0.3500000000000002,
      "avg_gross": 0.2721376336317335,
      "avg_top_pct": 0.060000000000000005,
      "selected_alpha_count": 11.0,
      "selected_alpha_list": "alpha_cond_breadth_trend_mom_compression,alpha_cond_ivol_lowliq_penalty,alpha_rev1__rank_rvol,alpha_rev1__hi_rvol,alpha_mom3__z_rvol,alpha_wick_imbalance__z_range_comp,alpha_cond_momentum_liq_trend,alpha_cond_str_weak_breadth,alpha_cond_breadth_trend_intraday_rs,alpha_rev1__hi_liq,alpha_cond_vol_compression_liq_breakout",
      "usable_train_rows": 24444.0,
      "selected_alpha_nonzero_mean": 1.0,
      "ridge_chosen_min_active": 3.0,
      "ridge_usable_rows": 24444.0
    },
    {
      "days": 63.0,
      "mean_daily": 0.0009263178908460588,
      "std_daily": 0.0064346557655251425,
      "sharpe": 2.285256768747432,
      "hit_rate": 0.5238095238095238,
      "cum_ret": 0.058696294748964206,
      "max_drawdown": -0.035000251062375365,
      "avg_turnover": 0.3500000000000002,
      "avg_gross": 0.26747828128435347,
      "avg_top_pct": 0.060000000000000005,
      "selected_alpha_count": 6.0,
      "selected_alpha_list": "alpha_cond_breadth_range_str,alpha_rev1__z_rvol,alpha_wick_imbalance__z_range_comp,alpha_mom3__z_rvol,alpha_cond_str_weak_breadth,alpha_cond_breadth_trend_mom_compression",
      "usable_train_rows": 24444.0,
      "selected_alpha_nonzero_mean": 1.0,
      "ridge_chosen_min_active": 3.0,
      "ridge_usable_rows": 24444.0
    },
    {
      "days": 63.0,
      "mean_daily": -0.0003436111133199379,
      "std_daily": 0.0024988120078306983,
      "sharpe": -2.182900235031288,
      "hit_rate": 0.38095238095238093,
      "cum_ret": -0.021610948360639037,
      "max_drawdown": -0.019529170900809634,
      "avg_turnover": 0.3500000000000002,
      "avg_gross": 0.2472492029676647,
      "avg_top_pct": 0.060000000000000005,
      "selected_alpha_count": 4.0,
      "selected_alpha_list": "alpha_wick_imbalance__z_range_comp,alpha_mom3__z_rvol,alpha_gap__z_rvol,alpha_cond_breadth_weak_overnight",
      "usable_train_rows": 24444.0,
      "selected_alpha_nonzero_mean": 1.0,
      "ridge_chosen_min_active": 3.0,
      "ridge_usable_rows": 24444.0
    },
    {
      "days": 63.0,
      "mean_daily": 0.0007222325006239616,
      "std_daily": 0.004471947397159428,
      "sharpe": 2.5637791529557443,
      "hit_rate": 0.5238095238095238,
      "cum_ret": 0.04587975339408601,
      "max_drawdown": -0.022353111134748804,
      "avg_turnover": 0.3500000000000002,
      "avg_gross": 0.30337054681157954,
      "avg_top_pct": 0.060000000000000005,
      "selected_alpha_count": 3.0,
      "selected_alpha_list": "alpha_cond_breadth_trend_mom_compression,alpha_cond_vol_compression_liq_breakout,alpha_mom3__z_rvol",
      "usable_train_rows": 24444.0,
      "selected_alpha_nonzero_mean": 0.9998363606611029,
      "ridge_chosen_min_active": 3.0,
      "ridge_usable_rows": 10379.0
    },
    {
      "days": 63.0,
      "mean_daily": -0.0010832511886456496,
      "std_daily": 0.003934812667413316,
      "sharpe": -4.370240965591689,
      "hit_rate": 0.3968253968253968,
      "cum_ret": -0.06645907974905696,
      "max_drawdown": -0.07927115477521329,
      "avg_turnover": 0.3452060372372555,
      "avg_gross": 0.44449835800879384,
      "avg_top_pct": 0.060000000000000005,
      "selected_alpha_count": 3.0,
      "selected_alpha_list": "alpha_rev1__hi_rvol,alpha_cond_breadth_range_str,alpha_cond_breadth_trend_mom_compression",
      "usable_train_rows": 24444.0,
      "selected_alpha_nonzero_mean": 1.0,
      "ridge_chosen_min_active": 2.0,
      "ridge_usable_rows": 15811.0
    }
  ],
  "overall_summary": {
    "days": 504.0,
    "mean_daily": -0.00013986805743235076,
    "std_daily": 0.0050398614729312095,
    "sharpe": -0.4405550806209525,
    "hit_rate": 0.4384920634920635,
    "cum_ret": -0.07400201958164065,
    "max_drawdown": -0.12130319169070791,
    "avg_turnover": 0.34940075465465686,
    "folds": 8
  },
  "top_weights_preview": [
    {
      "fold_id": 1,
      "alpha": "alpha_wick_imbalance__z_range_comp",
      "coef_std": -0.03466885304012801,
      "blend_weight": -0.32614008050088
    },
    {
      "fold_id": 1,
      "alpha": "alpha_cond_ivol_lowliq_penalty",
      "coef_std": 0.030609290572298782,
      "blend_weight": 0.28795058434063187
    },
    {
      "fold_id": 1,
      "alpha": "alpha_cond_breadth_trend_mom_compression",
      "coef_std": 0.024273437930725186,
      "blend_weight": 0.2283473581198865
    },
    {
      "fold_id": 1,
      "alpha": "alpha_rev1__hi_liq",
      "coef_std": 0.0129088780185889,
      "blend_weight": 0.12143760600575897
    },
    {
      "fold_id": 1,
      "alpha": "alpha_cond_vol_compression_liq_breakout",
      "coef_std": 0.0038400386369413417,
      "blend_weight": 0.036124371023435346
    },
    {
      "fold_id": 2,
      "alpha": "alpha_rev1__rank_rvol",
      "coef_std": 0.05081447985603906,
      "blend_weight": 0.2601835026787631
    },
    {
      "fold_id": 2,
      "alpha": "alpha_rev1__hi_rvol",
      "coef_std": -0.037475325023124846,
      "blend_weight": -0.1918835213145043
    },
    {
      "fold_id": 2,
      "alpha": "alpha_pressure__hi_liq",
      "coef_std": -0.029988616055651802,
      "blend_weight": -0.15354960215972344
    },
    {
      "fold_id": 2,
      "alpha": "alpha_cond_breadth_trend_intraday_rs",
      "coef_std": -0.019776159048132156,
      "blend_weight": -0.1012591360819337
    },
    {
      "fold_id": 2,
      "alpha": "alpha_cond_ivol_lowliq_penalty",
      "coef_std": 0.014757647865762126,
      "blend_weight": 0.07556303880098524
    },
    {
      "fold_id": 2,
      "alpha": "alpha_cond_breadth_trend_mom_compression",
      "coef_std": 0.014040736886388842,
      "blend_weight": 0.07189226601632522
    },
    {
      "fold_id": 2,
      "alpha": "alpha_mom3__hi_liq",
      "coef_std": -0.012482862996127901,
      "blend_weight": -0.06391554192806889
    },
    {
      "fold_id": 2,
      "alpha": "alpha_cond_breadth_weak_overnight",
      "coef_std": 0.010882093499184141,
      "blend_weight": 0.055719181050694865
    },
    {
      "fold_id": 2,
      "alpha": "alpha_rev1__hi_liq",
      "coef_std": 0.004891748421403344,
      "blend_weight": 0.025047038602182436
    },
    {
      "fold_id": 2,
      "alpha": "alpha_cond_vol_compression_liq_breakout",
      "coef_std": 0.00019279700195067427,
      "blend_weight": 0.0009871713616985724
    },
    {
      "fold_id": 3,
      "alpha": "alpha_rev1__rank_rvol",
      "coef_std": 0.06293945433858979,
      "blend_weight": 0.35465185611813665
    },
    {
      "fold_id": 3,
      "alpha": "alpha_rev1__hi_rvol",
      "coef_std": -0.05887763897732271,
      "blend_weight": -0.33176429898532395
    },
    {
      "fold_id": 3,
      "alpha": "alpha_rev1__hi_liq",
      "coef_std": 0.028490936807322488,
      "blend_weight": 0.16054101084041675
    },
    {
      "fold_id": 3,
      "alpha": "alpha_cond_breadth_trend_mom_compression",
      "coef_std": 0.013356353613198058,
      "blend_weight": 0.07526051265726631
    },
    {
      "fold_id": 3,
      "alpha": "alpha_cond_ivol_lowliq_penalty",
      "coef_std": 0.006387849130637228,
      "blend_weight": 0.03599431508566647
    },
    {
      "fold_id": 3,
      "alpha": "alpha_cond_momentum_liq_trend",
      "coef_std": 0.005483196000656441,
      "blend_weight": 0.030896766734440067
    },
    {
      "fold_id": 3,
      "alpha": "alpha_cond_vol_compression_liq_breakout",
      "coef_std": 0.0011920371369818232,
      "blend_weight": 0.006716902579391275
    },
    {
      "fold_id": 3,
      "alpha": "alpha_cond_breadth_trend_intraday_rs",
      "coef_std": -0.0007408123997603911,
      "blend_weight": -0.004174336993723617
    },
    {
      "fold_id": 4,
      "alpha": "alpha_rev1__rank_rvol",
      "coef_std": 0.07309511890694732,
      "blend_weight": 0.29694195606005647
    },
    {
      "fold_id": 4,
      "alpha": "alpha_rev1__hi_rvol",
      "coef_std": -0.05974230625750184,
      "blend_weight": -0.24269742692703178
    },
    {
      "fold_id": 4,
      "alpha": "alpha_wick_imbalance__z_range_comp",
      "coef_std": -0.027859339575271067,
      "blend_weight": -0.11317591258800269
    },
    {
      "fold_id": 4,
      "alpha": "alpha_cond_breadth_trend_intraday_rs",
      "coef_std": 0.020730803870048994,
      "blend_weight": 0.08421691549207747
    },
    {
      "fold_id": 4,
      "alpha": "alpha_mom3__z_rvol",
      "coef_std": -0.01898715683242512,
      "blend_weight": -0.07713351553633643
    },
    {
      "fold_id": 4,
      "alpha": "alpha_cond_ivol_lowliq_penalty",
      "coef_std": -0.015768281457163958,
      "blend_weight": -0.06405714101862904
    },
    {
      "fold_id": 4,
      "alpha": "alpha_cond_momentum_liq_trend",
      "coef_std": 0.01320015899493068,
      "blend_weight": 0.05362438820639115
    },
    {
      "fold_id": 4,
      "alpha": "alpha_rev1__hi_liq",
      "coef_std": 0.0073600712012707025,
      "blend_weight": 0.029899587987931842
    },
    {
      "fold_id": 4,
      "alpha": "alpha_cond_vol_compression_liq_breakout",
      "coef_std": -0.004575915623026921,
      "blend_weight": -0.018589221225526188
    },
    {
      "fold_id": 4,
      "alpha": "alpha_cond_breadth_trend_mom_compression",
      "coef_std": -0.00426447116533493,
      "blend_weight": -0.01732400779056544
    },
    {
      "fold_id": 5,
      "alpha": "alpha_mom3__z_rvol",
      "coef_std": -0.05224016238754489,
      "blend_weight": -0.3942097400924079
    },
    {
      "fold_id": 5,
      "alpha": "alpha_rev1__z_rvol",
      "coef_std": -0.0329762108380956,
      "blend_weight": -0.24884194285769418
    },
    {
      "fold_id": 5,
      "alpha": "alpha_wick_imbalance__z_range_comp",
      "coef_std": -0.023649911908630143,
      "blend_weight": -0.1784647137492863
    },
    {
      "fold_id": 5,
      "alpha": "alpha_cond_breadth_trend_mom_compression",
      "coef_std": -0.01357076036674071,
      "blend_weight": -0.10240637992933743
    },
    {
      "fold_id": 5,
      "alpha": "alpha_cond_breadth_range_str",
      "coef_std": 0.007903171503135896,
      "blend_weight": 0.05963816040701524
    },
    {
      "fold_id": 5,
      "alpha": "alpha_cond_str_weak_breadth",
      "coef_std": -0.0021784832565436823,
      "blend_weight": -0.01643906295671274
    },
    {
      "fold_id": 6,
      "alpha": "alpha_mom3__z_rvol",
      "coef_std": -0.06214637044966394,
      "blend_weight": -0.4344237234797069
    },
    {
      "fold_id": 6,
      "alpha": "alpha_gap__z_rvol",
      "coef_std": 0.04819798075965213,
      "blend_weight": 0.33691985733536234
    },
    {
      "fold_id": 6,
      "alpha": "alpha_wick_imbalance__z_range_comp",
      "coef_std": -0.018466052241045982,
      "blend_weight": -0.1290838244370772
    },
    {
      "fold_id": 6,
      "alpha": "alpha_cond_breadth_weak_overnight",
      "coef_std": -0.014244331110266817,
      "blend_weight": -0.09957259474086312
    },
    {
      "fold_id": 7,
      "alpha": "alpha_mom3__z_rvol",
      "coef_std": -0.015404696465370921,
      "blend_weight": -0.728696990405921
    },
    {
      "fold_id": 7,
      "alpha": "alpha_cond_breadth_trend_mom_compression",
      "coef_std": 0.005574899977259277,
      "blend_weight": 0.26371261805612317
    },
    {
      "fold_id": 7,
      "alpha": "alpha_cond_vol_compression_liq_breakout",
      "coef_std": 0.00016046131451935845,
      "blend_weight": 0.007590391490652392
    },
    {
      "fold_id": 8,
      "alpha": "alpha_cond_breadth_range_str",
      "coef_std": 0.014819669127283717,
      "blend_weight": 0.4869103485915471
    },
    {
      "fold_id": 8,
      "alpha": "alpha_cond_breadth_trend_mom_compression",
      "coef_std": 0.01448089533657611,
      "blend_weight": 0.4757797043706558
    },
    {
      "fold_id": 8,
      "alpha": "alpha_rev1__hi_rvol",
      "coef_std": -0.001135570585774401,
      "blend_weight": -0.03730994700494135
    }
  ],
  "alpha_count": 29
}




https://github.com/Hahn-pixel/Python-Edge/blob/main/src/python_edge/portfolio/position_limits.py

from __future__ import annotations

import pandas as pd



def apply_position_filters(
    df: pd.DataFrame,
    side_col: str = "side",
    min_price: float = 5.0,
    min_dollar_volume: float = 1_000_000.0,
) -> pd.DataFrame:
    out = df.copy()
    required = ["meta_price", "meta_dollar_volume", side_col]
    missing = [c for c in required if c not in out.columns]
    if missing:
        raise RuntimeError(f"apply_position_filters: missing columns: {missing}")
    bad_price = pd.to_numeric(out["meta_price"], errors="coerce") < min_price
    bad_dv = pd.to_numeric(out["meta_dollar_volume"], errors="coerce") < min_dollar_volume
    drop_mask = bad_price | bad_dv
    out.loc[drop_mask, side_col] = 0.0
    out["blocked_low_price"] = bad_price.astype("int64")
    out["blocked_low_dv"] = bad_dv.astype("int64")
    return out



def normalize_gross_exposure(
    df: pd.DataFrame,
    side_col: str = "side",
    gross_target: float = 1.0,
    out_col: str = "weight",
) -> pd.DataFrame:
    out = df.copy()
    if "date" not in out.columns or side_col not in out.columns:
        raise RuntimeError("normalize_gross_exposure: missing date/side")
    out[out_col] = 0.0
    raw_side = pd.to_numeric(out[side_col], errors="coerce").fillna(0.0)
    for _, idx in out.groupby("date").groups.items():
        gross = float(raw_side.loc[idx].abs().sum())
        if gross <= 0.0:
            continue
        out.loc[idx, out_col] = raw_side.loc[idx] * (gross_target / gross)
    return out



def cap_final_weight(
    df: pd.DataFrame,
    weight_col: str = "weight",
    cap_abs_weight: float = 0.08,
    max_adv_participation: float = 0.05,
    portfolio_notional: float = 1.0,
) -> pd.DataFrame:
    out = df.copy()
    if weight_col not in out.columns:
        raise RuntimeError(f"cap_final_weight: missing weight_col={weight_col}")

    w = pd.to_numeric(out[weight_col], errors="coerce").fillna(0.0)
    capped = w.clip(lower=-cap_abs_weight, upper=cap_abs_weight)
    out["weight_cap_rule"] = (w != capped).astype("int64")

    if "meta_dollar_volume" in out.columns and portfolio_notional > 0.0 and max_adv_participation > 0.0:
        dv = pd.to_numeric(out["meta_dollar_volume"], errors="coerce").fillna(0.0)
        adv_cap_weight = (dv * max_adv_participation) / portfolio_notional
        adv_cap_weight = adv_cap_weight.clip(lower=0.0)
        capped2 = capped.clip(lower=-adv_cap_weight, upper=adv_cap_weight)
        out["weight_cap_adv_rule"] = (capped != capped2).astype("int64")
        capped = capped2
    else:
        out["weight_cap_adv_rule"] = 0

    out[weight_col] = capped
    out["weight_capped_flag"] = ((out["weight_cap_rule"] + out["weight_cap_adv_rule"]) > 0).astype("int64")
    return out



def renormalize_after_caps(
    df: pd.DataFrame,
    weight_col: str = "weight",
    gross_target: float = 1.0,
    capital_policy: str = "stay_in_cash",
) -> pd.DataFrame:
    out = df.copy()
    if "date" not in out.columns or weight_col not in out.columns:
        raise RuntimeError("renormalize_after_caps: missing date/weight")
    if capital_policy not in {"stay_in_cash", "scale_up_to_target"}:
        raise ValueError("capital_policy must be one of {'stay_in_cash', 'scale_up_to_target'}")

    out[weight_col] = pd.to_numeric(out[weight_col], errors="coerce").fillna(0.0)
    out["cash_weight"] = 0.0
    out["deployed_gross"] = 0.0
    out["gross_target"] = float(gross_target)
    out["capital_policy_cash"] = 0
    out["capital_policy_scaled"] = 0

    for _, idx in out.groupby("date").groups.items():
        gross = float(out.loc[idx, weight_col].abs().sum())
        out.loc[idx, "deployed_gross"] = gross
        if gross <= 0.0:
            out.loc[idx, "cash_weight"] = gross_target
            out.loc[idx, "capital_policy_cash"] = 1
            continue
        if gross > gross_target:
            out.loc[idx, weight_col] = out.loc[idx, weight_col] * (gross_target / gross)
            out.loc[idx, "deployed_gross"] = gross_target
            out.loc[idx, "cash_weight"] = 0.0
            out.loc[idx, "capital_policy_scaled"] = 1
            continue
        if gross < gross_target:
            if capital_policy == "scale_up_to_target":
                out.loc[idx, weight_col] = out.loc[idx, weight_col] * (gross_target / gross)
                out.loc[idx, "deployed_gross"] = gross_target
                out.loc[idx, "cash_weight"] = 0.0
                out.loc[idx, "capital_policy_scaled"] = 1
            else:
                out.loc[idx, "deployed_gross"] = gross
                out.loc[idx, "cash_weight"] = gross_target - gross
                out.loc[idx, "capital_policy_cash"] = 1
        else:
            out.loc[idx, "cash_weight"] = 0.0

    return out
    
    
    
https://github.com/Hahn-pixel/Python-Edge/blob/main/src/python_edge/execution/cost_model.py


from __future__ import annotations

import pandas as pd



def attach_execution_costs(
    df: pd.DataFrame,
    weight_col: str = "weight",
    fee_bps: float = 1.0,
    slippage_bps: float = 2.0,
    borrow_bps_daily: float = 1.0,
    spread_bps: float = 3.0,
    impact_bps: float = 8.0,
    low_price_penalty_bps: float = 4.0,
    htb_borrow_bps_daily: float = 8.0,
    max_participation: float = 0.05,
    portfolio_notional: float = 1.0,
) -> pd.DataFrame:
    out = df.copy()
    required = [weight_col, "meta_dollar_volume", "meta_price", "trade_abs_after"]
    missing = [c for c in required if c not in out.columns]
    if missing:
        raise RuntimeError(f"attach_execution_costs: missing columns: {missing}")

    weight = pd.to_numeric(out[weight_col], errors="coerce").fillna(0.0)
    trade_abs = pd.to_numeric(out["trade_abs_after"], errors="coerce").fillna(0.0)
    px = pd.to_numeric(out["meta_price"], errors="coerce").fillna(0.0)
    dv = pd.to_numeric(out["meta_dollar_volume"], errors="coerce").fillna(0.0)

    fee_cost = trade_abs * (fee_bps / 10000.0)

    spread_rate = pd.Series(spread_bps / 10000.0, index=out.index, dtype="float64")
    spread_rate.loc[dv < 20_000_000.0] += 1.0 / 10000.0
    spread_rate.loc[dv < 10_000_000.0] += 2.0 / 10000.0
    spread_rate.loc[dv < 5_000_000.0] += 4.0 / 10000.0
    spread_rate.loc[dv < 2_000_000.0] += 8.0 / 10000.0
    spread_rate.loc[px < 20.0] += low_price_penalty_bps / 10000.0
    spread_rate.loc[px < 10.0] += low_price_penalty_bps / 10000.0

    participation = pd.Series(0.0, index=out.index, dtype="float64")
    if portfolio_notional > 0.0:
        participation = (trade_abs * portfolio_notional) / dv.replace(0.0, pd.NA)
        participation = pd.to_numeric(participation, errors="coerce").fillna(max_participation * 4.0)
    participation_clipped = participation.clip(lower=0.0)
    impact_rate = (impact_bps / 10000.0) * (participation_clipped / max(max_participation, 1e-9)) ** 0.5
    impact_rate = impact_rate.clip(lower=0.0)

    slippage_rate = (slippage_bps / 10000.0) + spread_rate + impact_rate
    slippage_cost = trade_abs * slippage_rate

    borrow_rate = pd.Series(0.0, index=out.index, dtype="float64")
    short_mask = weight < 0.0
    borrow_rate.loc[short_mask] = borrow_bps_daily / 10000.0
    borrow_rate.loc[short_mask & (dv < 5_000_000.0)] += 2.0 / 10000.0
    borrow_rate.loc[short_mask & (dv < 2_000_000.0)] += 4.0 / 10000.0
    borrow_rate.loc[short_mask & (px < 10.0)] += htb_borrow_bps_daily / 10000.0

    if "borrow_bucket" in out.columns:
        bucket = out["borrow_bucket"].astype(str).str.upper()
        borrow_rate.loc[short_mask & (bucket == "HTB")] += htb_borrow_bps_daily / 10000.0
        borrow_rate.loc[short_mask & (bucket == "VHTB")] += (htb_borrow_bps_daily * 2.0) / 10000.0

    borrow_cost = weight.abs() * borrow_rate

    out["cost_fee"] = fee_cost
    out["cost_slippage"] = slippage_cost
    out["cost_borrow"] = borrow_cost
    out["cost_trading"] = out["cost_fee"] + out["cost_slippage"]
    out["cost_total"] = out["cost_trading"] + out["cost_borrow"]
    out["execution_spread_rate"] = spread_rate
    out["execution_impact_rate"] = impact_rate
    out["execution_slippage_rate"] = slippage_rate
    out["execution_participation"] = participation_clipped
    out["execution_borrow_rate"] = borrow_rate
    out["execution_participation_flag"] = (participation_clipped > max_participation).astype("int64")
    return out