
PS C:\Users\Dmytro Govor\Documents\Python-Edge> python .\scripts\run_daily_cycle.py
[ROOT] C:\Users\Dmytro Govor\Documents\Python-Edge
[STEP] universe builder
[RUN] C:\Users\Dmytro Govor\AppData\Local\Programs\Python\Python313\python.exe C:\Users\Dmytro Govor\Documents\Python-Edge\scripts\run_universe_builder.py
[CFG] base_url=https://api.massive.com
[CFG] universe_profile=trading_us_core_v1
[CFG] target_size=175 sector_cap=18
[CFG] min_price=7.50 min_median_dollar_vol_20d=20000000.00
[CFG] min_history_days=25 max_nan_ratio=0.0200 max_missing_days_20d=1
[CFG] rebalance_freq=weekly reuse_last=1
[CFG] overview_enrichment_enabled=1 overview_enrichment_max=1200
[DATA] as_of_date=2026-03-26
[REBALANCE] weekly reuse active -> using prior snapshot dated 2026-03-25 for as_of_date=2026-03-26
[OK] snapshot=artifacts\daily_cycle\universe\universe_snapshot.parquet
[OK] summary=artifacts\daily_cycle\universe\universe_summary.json

[EXIT] code=0
Press Enter to exit...
[DIAG][UNIVERSE] snapshot=C:\Users\Dmytro Govor\Documents\Python-Edge\artifacts\daily_cycle\universe\universe_snapshot.parquet summary=C:\Users\Dmytro Govor\Documents\Python-Edge\artifacts\daily_cycle\universe\universe_summary.json rows_current=1200 symbols_current=1200 symbol_col=ticker date_col=trade_date current_date=2026-03-25
[DIAG][UNIVERSE][SUMMARY] candidates_total=1200 eligible_total=1169 selected_total=175 overview_missing_sic_total=None sector_unknown_selected=175 industry_unknown_selected=None
[DIAG][UNIVERSE][WARN] summary selected_total=175 but current snapshot symbols=1200
[STEP] live alpha snapshot
[RUN] C:\Users\Dmytro Govor\AppData\Local\Programs\Python\Python313\python.exe C:\Users\Dmytro Govor\Documents\Python-Edge\scripts\run_live_alpha_snapshot.py
[CFG] universe_snapshot_file=artifacts\daily_cycle\universe\universe_snapshot.parquet
[CFG] live_alpha_out_dir=artifacts\live_alpha
[CFG] live_alpha_scope=registry survivor_top_n=6
[CFG] lookback_days=260 max_symbols=500
[UNIVERSE] selected_symbols=175 as_of_date=2026-03-25
[FETCH] 25/175 complete rows=4525 failed=0
[FETCH] 50/175 complete rows=9050 failed=0
[FETCH] 75/175 complete rows=13575 failed=0
[FETCH] 100/175 complete rows=18100 failed=0
[FETCH] 125/175 complete rows=22625 failed=0
[FETCH] 150/175 complete rows=27150 failed=0
[FETCH] 175/175 complete rows=31675 failed=0
[FETCH] final_symbols=175 rows=31675 failed_symbols=0
[FACTORY] recipe_source=default_priority+recent_default_priority recipe_count=1901
[OK] base_snapshot=artifacts\live_alpha\live_feature_snapshot.parquet
[OK] live_alpha_snapshot=artifacts\live_alpha\live_alpha_snapshot.parquet
[OK] manifest=artifacts\live_alpha\live_alpha_manifest.csv
[OK] dropped=artifacts\live_alpha\live_alpha_dropped.csv
[OK] meta=artifacts\live_alpha\live_alpha_meta.json

[EXIT] code=0
Press Enter to exit...
[DIAG][LIVE_ALPHA] snapshot=C:\Users\Dmytro Govor\Documents\Python-Edge\artifacts\live_alpha\live_alpha_snapshot.parquet current_date=2026-03-25 rows_current=175 symbols_current=175 alpha_cols=1163
[DIAG][SURVIVAL] universe_requested=1200 live_symbols_current=175 present_in_live_alpha=175 missing_in_live_alpha=1025 extra_live_alpha_symbols=0 survival_ratio=0.1458
[DIAG][SURVIVAL][MISSING_TOP] A, AA, AAON, AAP, ABNB, ACGL, ACHC, ACHR, ACI, ACLX, ACM, ADC, ADM, ADMA, ADSK, ADT, AEE, AEIS, AEM, AEO, AEP, AER, AES, AFG, AFL ... (+1000 more)
[DIAG][SURVIVAL][EXTRA_TOP] none
[ARTIFACT] C:\Users\Dmytro Govor\Documents\Python-Edge\artifacts\daily_cycle\universe_live_alpha_diagnostics.json
[STEP] freeze runner
[RUN] C:\Users\Dmytro Govor\AppData\Local\Programs\Python\Python313\python.exe C:\Users\Dmytro Govor\Documents\Python-Edge\scripts\run_freeze_runner.py
[CFG] live_alpha_snapshot_file=artifacts\live_alpha\live_alpha_snapshot.parquet
[CFG] out_dir=artifacts\freeze_runner
[CFG] frozen wf=120/20/20 components=4 weighting=ic
[DATA] rows=31675 symbols=175 alpha_cols=1163 first_date=2025-07-08 last_date=2026-03-25
[FREEZE] last_completed_fold fold_id=2 train=2025-08-05..2026-01-26 test=2026-02-10..2026-03-10
[COMPONENTS][EFFECTIVE]
                                            alpha  train_abs_mean_ic  proxy_train_sharpe  train_sign_locked
alpha_overnight_drift_20d_raw_regime_breadth_rank           0.198439            1.474208                1.0
          alpha_gap_lag1_regime_breadth_rank_lag1           0.186840            1.950803                1.0
               alpha_gap_ema3_regime_breadth_rank           0.166077            0.893548                1.0
               alpha_gap_cube_regime_breadth_rank           0.162522            0.032279                1.0
[FREEZE][optimal] live_active_names=2 live_gross_exposure=0.1000 replay_sharpe_last_fold=1.9378
[FREEZE][optimal][LIVE_BOOK_TOP]
symbol  weight     score  side  turnover
  CRCL    0.05 75.044102   1.0       0.1
   NEM    0.05 49.617780   1.0       0.1
[FREEZE][aggressive] live_active_names=6 live_gross_exposure=0.2000 replay_sharpe_last_fold=-1.5120
[FREEZE][aggressive][LIVE_BOOK_TOP]
symbol   weight     score  side  turnover
  CRCL 0.050000 75.044102   1.0       0.2
   NEM 0.050000 49.617780   1.0       0.2
  RKLB 0.038247 29.628222   1.0       0.2
  INTC 0.030551 23.666605   1.0       0.2
  HOOD 0.027034 20.941721   1.0       0.2
  SHOP 0.004167  9.503695   1.0       0.2
[ARTIFACT] artifacts\freeze_runner\freeze_all_configs_summary.json
[FINAL] freeze runner complete

[EXIT] code=0
Press Enter to exit...
[GATE] freeze summaries
[GATE] config=optimal live_current_date=2026-03-25 freeze_live_active_names=2 live_gross_exposure_current_day=0.1 mr_enabled_effective=0
[GATE] config=aggressive live_current_date=2026-03-25 freeze_live_active_names=6 live_gross_exposure_current_day=0.2 mr_enabled_effective=0
[ARTIFACT] C:\Users\Dmytro Govor\Documents\Python-Edge\artifacts\daily_cycle\freeze_gate_diagnostics.json
[GATE][PASS] execution loop allowed
[STEP] execution loop
[RUN] C:\Users\Dmytro Govor\AppData\Local\Programs\Python\Python313\python.exe C:\Users\Dmytro Govor\Documents\Python-Edge\scripts\run_execution_loop.py
[CFG] live_feature_snapshot_file=artifacts\live_alpha\live_feature_snapshot.parquet
[CFG] freeze_root=artifacts\freeze_runner
[CFG] execution_root=artifacts\execution_loop
[CFG] account_nav=100000.0
[CFG] configs=['optimal', 'aggressive']
[CFG] allow_fractional_shares=0 fractional_mode=auto fractional_enabled_effective=0 min_order_notional=25.0 skip_empty_freeze_configs=1 require_freeze_date_match_live_prices=1
[CFG] max_single_name_weight=0.05 max_single_name_notional=10000.0 min_price_to_trade=1.0 max_price_to_trade=1000000.0
[CFG] commission_bps=0.5 commission_min_per_order=0.35 slippage_bps=1.5
[DATA] current_date=2026-03-25 price_col=close symbols=175 snapshot_fallback_count=0
[EXEC][optimal] loading freeze artifacts
[EXEC][optimal] starting_nav=100000.00 ending_nav=99997.81 cash_after=90038.05 market_value_after=9959.76 nav_recon_error=0.000000 order_count=2 active_names=2 gross_target=0.1000 price_col=close merged_missing_prices=0 fallback_price_rows=0 mtm_fallback_count=0 fractional_enabled_effective=0
[EXEC][optimal][RISK] dropped_price_below_min=0 dropped_price_above_max=0 clipped_weight_cap=0 clipped_notional_cap=0
[EXEC][optimal][COST] estimated_commission_total=0.7000 estimated_slippage_total=1.4940 estimated_total_cost=2.1940
[EXEC][optimal][ORDERS_TOP]
symbol order_side  delta_shares  price  order_notional  target_weight  target_shares_raw  target_shares  estimated_commission  estimated_slippage  estimated_total_cost skip_reason
  CRCL        BUY          48.0 103.86         4985.28           0.05          48.141729           48.0                  0.35            0.747792              1.097792
   NEM        BUY          49.0 101.52         4974.48           0.05          49.251379           49.0                  0.35            0.746172              1.096172
[EXEC][optimal][POSITIONS_MTM_TOP]
symbol  shares  last_price  market_value
  CRCL    48.0      103.86       4985.28
   NEM    49.0      101.52       4974.48
[ARTIFACT] artifacts\execution_loop\optimal\target_book.csv
[ARTIFACT] artifacts\execution_loop\optimal\orders.csv
[ARTIFACT] artifacts\execution_loop\optimal\positions_mark_to_market.csv
[ARTIFACT] artifacts\execution_loop\optimal\portfolio_state.json
[ARTIFACT] artifacts\execution_loop\optimal\execution_log.csv
[EXEC][aggressive] loading freeze artifacts
[EXEC][aggressive] starting_nav=100000.00 ending_nav=99994.93 cash_after=80186.65 market_value_after=19808.28 nav_recon_error=0.000000 order_count=6 active_names=6 gross_target=0.2000 price_col=close merged_missing_prices=0 fallback_price_rows=0 mtm_fallback_count=0 fractional_enabled_effective=0
[EXEC][aggressive][RISK] dropped_price_below_min=0 dropped_price_above_max=0 clipped_weight_cap=0 clipped_notional_cap=0
[EXEC][aggressive][COST] estimated_commission_total=2.1000 estimated_slippage_total=2.9712 estimated_total_cost=5.0712
[EXEC][aggressive][ORDERS_TOP]
symbol order_side  delta_shares  price  order_notional  target_weight  target_shares_raw  target_shares  estimated_commission  estimated_slippage  estimated_total_cost skip_reason
  CRCL        BUY          48.0 103.86         4985.28       0.050000          48.141729           48.0                  0.35            0.747792              1.097792
   NEM        BUY          49.0 101.52         4974.48       0.050000          49.251379           49.0                  0.35            0.746172              1.096172
  RKLB        BUY          52.0  72.88         3789.76       0.038247          52.479865           52.0                  0.35            0.568464              0.918464
  INTC        BUY          64.0  47.18         3019.52       0.030551          64.755031           64.0                  0.35            0.452928              0.802928
  HOOD        BUY          37.0  72.54         2683.98       0.027034          37.267503           37.0                  0.35            0.402597              0.752597
  SHOP        BUY           3.0 118.42          355.26       0.004167           3.519172            3.0                  0.35            0.053289              0.403289
[EXEC][aggressive][POSITIONS_MTM_TOP]
symbol  shares  last_price  market_value
  CRCL    48.0      103.86       4985.28
   NEM    49.0      101.52       4974.48
  RKLB    52.0       72.88       3789.76
  INTC    64.0       47.18       3019.52
  HOOD    37.0       72.54       2683.98
  SHOP     3.0      118.42        355.26
[ARTIFACT] artifacts\execution_loop\aggressive\target_book.csv
[ARTIFACT] artifacts\execution_loop\aggressive\orders.csv
[ARTIFACT] artifacts\execution_loop\aggressive\positions_mark_to_market.csv
[ARTIFACT] artifacts\execution_loop\aggressive\portfolio_state.json
[ARTIFACT] artifacts\execution_loop\aggressive\execution_log.csv
[FINAL] execution loop complete

[EXIT] code=0
Press Enter to exit...
[STEP] broker handoff
[RUN] C:\Users\Dmytro Govor\AppData\Local\Programs\Python\Python313\python.exe C:\Users\Dmytro Govor\Documents\Python-Edge\scripts\run_broker_handoff.py
[CFG] execution_root=artifacts\execution_loop
[CFG] broker_handoff_root=artifacts\broker_handoff
[CFG] broker_name=MEXEM broker_platform=IBKR handoff_mode=preview
[CFG] configs=['optimal', 'aggressive']
[CFG] allow_fractional_broker=1 round_fractional_for_broker=0 allow_shorts=1 min_order_notional=25.0 max_order_notional=25000.0
[CFG] max_total_orders=100 max_orders_per_config=50 max_position_notional=10000.0
[CFG] commission_bps=0.5 commission_min_per_order=0.35 slippage_bps=1.5
[HANDOFF][optimal] rows_total=2 rows_ready=2 rows_hold=0 skip_min_notional=0 skip_shorts=0 skip_max_notional=0 skip_zero_after_rounding=0
[HANDOFF][optimal][COST] broker_estimated_commission_total=0.7000 broker_estimated_slippage_total=1.4940 broker_estimated_total_cost=2.1940
[HANDOFF][optimal][TOP]
      date  config broker_name broker_platform broker_account_id handoff_mode symbol broker_side  broker_qty broker_qty_mode  price_reference  broker_order_notional  raw_delta_shares  raw_order_notional  target_weight  target_position_notional  capped_target_position_notional  exec_estimated_commission  exec_estimated_slippage  exec_estimated_total_cost  broker_estimated_commission  broker_estimated_slippage  broker_estimated_total_cost  ready skip_reason
2026-03-25 optimal       MEXEM            IBKR                        preview   CRCL         BUY        48.0      fractional           103.86                4985.28              48.0             4985.28           0.05                    5000.0                           5000.0                       0.35                 0.747792                   1.097792                         0.35                   0.747792                     1.097792      1
2026-03-25 optimal       MEXEM            IBKR                        preview    NEM         BUY        49.0      fractional           101.52                4974.48              49.0             4974.48           0.05                    5000.0                           5000.0                       0.35                 0.746172                   1.096172                         0.35                   0.746172                     1.096172      1
[HANDOFF][aggressive] rows_total=6 rows_ready=6 rows_hold=0 skip_min_notional=0 skip_shorts=0 skip_max_notional=0 skip_zero_after_rounding=0
[HANDOFF][aggressive][COST] broker_estimated_commission_total=2.1000 broker_estimated_slippage_total=2.9712 broker_estimated_total_cost=5.0712
[HANDOFF][aggressive][TOP]
      date     config broker_name broker_platform broker_account_id handoff_mode symbol broker_side  broker_qty broker_qty_mode  price_reference  broker_order_notional  raw_delta_shares  raw_order_notional  target_weight  target_position_notional  capped_target_position_notional  exec_estimated_commission  exec_estimated_slippage  exec_estimated_total_cost  broker_estimated_commission  broker_estimated_slippage  broker_estimated_total_cost  ready skip_reason
2026-03-25 aggressive       MEXEM            IBKR                        preview   CRCL         BUY        48.0      fractional           103.86                4985.28              48.0             4985.28       0.050000               5000.000000                      5000.000000                       0.35                 0.747792                   1.097792                         0.35                   0.747792                     1.097792      1
2026-03-25 aggressive       MEXEM            IBKR                        preview    NEM         BUY        49.0      fractional           101.52                4974.48              49.0             4974.48       0.050000               5000.000000                      5000.000000                       0.35                 0.746172                   1.096172                         0.35                   0.746172                     1.096172      1
2026-03-25 aggressive       MEXEM            IBKR                        preview   RKLB         BUY        52.0      fractional            72.88                3789.76              52.0             3789.76       0.038247               3824.732573                      3824.732573                       0.35                 0.568464                   0.918464                         0.35                   0.568464                     0.918464      1
2026-03-25 aggressive       MEXEM            IBKR                        preview   INTC         BUY        64.0      fractional            47.18                3019.52              64.0             3019.52       0.030551               3055.142369                      3055.142369                       0.35                 0.452928                   0.802928                         0.35                   0.452928                     0.802928      1
2026-03-25 aggressive       MEXEM            IBKR                        preview   HOOD         BUY        37.0      fractional            72.54                2683.98              37.0             2683.98       0.027034               2703.384698                      2703.384698                       0.35                 0.402597                   0.752597                         0.35                   0.402597                     0.752597      1
2026-03-25 aggressive       MEXEM            IBKR                        preview   SHOP         BUY         3.0      fractional           118.42                 355.26               3.0              355.26       0.004167                416.740360                       416.740360                       0.35                 0.053289                   0.403289                         0.35                   0.053289                     0.403289      1
[PREFLIGHT] passes=1 ready_orders=8 blocked_orders=0 total_broker_notional=29768.04 max_broker_order_notional=4985.28
[PREFLIGHT][COST] total_broker_estimated_commission=2.8000 total_broker_estimated_slippage=4.4652 total_broker_estimated_cost=7.2652
[ARTIFACT] artifacts\broker_handoff\broker_order_blotter.csv
[ARTIFACT] artifacts\broker_handoff\broker_order_blotter_ready.csv
[ARTIFACT] artifacts\broker_handoff\broker_order_blotter_blocked.csv
[ARTIFACT] artifacts\broker_handoff\broker_preflight_summary.json
[FINAL] broker handoff complete

[EXIT] code=0
Press Enter to exit...
[ARTIFACT] C:\Users\Dmytro Govor\Documents\Python-Edge\artifacts\freeze_runner\freeze_all_configs_summary.json
[FINAL] daily cycle complete

[EXIT] code=0