PS C:\Users\Dmytro Govor\Documents\Python-Edge> python .\scripts\run_execution_loop.py
[CFG] live_feature_snapshot_file=artifacts\live_alpha\live_feature_snapshot.parquet freeze_root=artifacts\freeze_runner execution_root=artifacts\execution_loop account_nav=100000.00 fractional_mode=auto allow_fractional_shares=0
[CFG] min_order_notional=25.00 default_price_fallback=100.00 topk_print=50 reset_state=0 config_names=optimal|aggressive
[CFG] require_freeze_date_match_live_prices=1 skip_empty_freeze_configs=1 min_price_to_trade=1.0 max_price_to_trade=1000000.0
[CFG] max_single_name_weight=0.050000 max_single_name_notional=10000.00 commission_bps=0.5000 commission_min_per_order=0.3500 slippage_bps=1.5000
[CFG] align_state_from_broker_once=0 align_state_require_broker_positions=1 align_state_cash_mode=preserve_nav skip_legacy_symbols_not_in_target=1
[CFG] use_state_price_fallback_for_legacy=1 use_state_price_fallback_for_mtm=1 sanitize_state_prices=1
[LIVE_PRICES] current_date=2026-04-02 symbols=175 price_col=close snapshot_fallback_count=0
[EXEC][optimal] loading freeze artifacts
[EXEC][optimal][ALIGN] requested=0 applied=0 reason=not_requested marker=artifacts\execution_loop\optimal\state_alignment_once.json
[EXEC][optimal][STATE_SANITY] sanitized=0 updated_from_live=0 still_default_like=1 missing_live_price=1
[EXEC][optimal] starting_nav=60327.46 ending_nav=60327.46 cash_after=51394.16 market_value_after=8933.30 nav_recon_error=0.000000 order_count=0 active_names=2 gross_target=0.1000 price_col=close merged_missing_prices=0 fallback_price_rows=0 mtm_default_fallback_count=0 mtm_state_fallback_count=1 fractional_enabled_effective=0 bootstrap_only=0 skip_reason=
[EXEC][optimal][RISK] dropped_price_below_min=0 dropped_price_above_max=0 clipped_weight_cap=0 clipped_notional_cap=0
[EXEC][optimal][DIAG] already_at_target=4 below_min_notional=0 rounded_to_zero_from_nonzero_target=0 entered_new_position=0 exited_position=0 increased_existing_position=0 decreased_existing_position=0 symbol_only_in_state=2 symbol_only_in_target=0 legacy_state_price_fallback=1 legacy_default_price_fallback=0
[EXEC][optimal][COST] estimated_commission_total=0.0000 estimated_slippage_total=0.0000 estimated_total_cost=0.0000
[EXEC][optimal][ORDERS_TOP]
      date symbol  price         price_source  target_weight  target_notional  target_shares_raw  current_shares  target_shares  raw_delta_shares  delta_shares order_side  order_notional  order_notional_abs  estimated_commission  estimated_slippage  estimated_total_cost                 skip_reason
2026-04-02    NKE  44.19 target_live_snapshot           0.05      3016.373147          68.259180            68.0           68.0               0.0           0.0       HOLD             0.0                 0.0                   0.0                 0.0                   0.0           already_at_target
2026-04-02   OKLO 100.00     state_last_price           0.00         0.000000           0.000000            59.0           59.0               0.0           0.0       HOLD             0.0                 0.0                   0.0                 0.0                   0.0 legacy_symbol_not_in_target
2026-04-02   SMCI  23.22 target_live_snapshot           0.05      3016.373147         129.904098           129.0          129.0               0.0           0.0       HOLD             0.0                 0.0                   0.0                 0.0                   0.0           already_at_target
2026-04-02   TSEM 197.80        live_snapshot           0.00         0.000000           0.000000           -15.0          -15.0               0.0           0.0       HOLD             0.0                 0.0                   0.0                 0.0                   0.0 legacy_symbol_not_in_target
[ARTIFACT] artifacts\execution_loop\optimal\orders.csv
[ARTIFACT] artifacts\execution_loop\optimal\positions_mark_to_market.csv
[ARTIFACT] artifacts\execution_loop\optimal\portfolio_state.json
[ARTIFACT] artifacts\execution_loop\optimal\execution_log.csv
[EXEC][aggressive] loading freeze artifacts
[EXEC][aggressive][ALIGN] requested=0 applied=0 reason=not_requested marker=artifacts\execution_loop\aggressive\state_alignment_once.json
[EXEC][aggressive][STATE_SANITY] sanitized=0 updated_from_live=0 still_default_like=1 missing_live_price=1
[EXEC][aggressive] starting_nav=64887.40 ending_nav=64887.40 cash_after=55198.75 market_value_after=9688.65 nav_recon_error=0.000000 order_count=0 active_names=3 gross_target=0.1500 price_col=close merged_missing_prices=0 fallback_price_rows=0 mtm_default_fallback_count=0 mtm_state_fallback_count=1 fractional_enabled_effective=0 bootstrap_only=0 skip_reason=
[EXEC][aggressive][RISK] dropped_price_below_min=0 dropped_price_above_max=0 clipped_weight_cap=3 clipped_notional_cap=0
[EXEC][aggressive][DIAG] already_at_target=4 below_min_notional=0 rounded_to_zero_from_nonzero_target=0 entered_new_position=0 exited_position=0 increased_existing_position=0 decreased_existing_position=0 symbol_only_in_state=1 symbol_only_in_target=0 legacy_state_price_fallback=1 legacy_default_price_fallback=0
[EXEC][aggressive][COST] estimated_commission_total=0.0000 estimated_slippage_total=0.0000 estimated_total_cost=0.0000
[EXEC][aggressive][ORDERS_TOP]
      date symbol  price         price_source  target_weight  target_notional  target_shares_raw  current_shares  target_shares  raw_delta_shares  delta_shares order_side  order_notional  order_notional_abs  estimated_commission  estimated_slippage  estimated_total_cost                 skip_reason
2026-04-02    NKE  44.19 target_live_snapshot           0.05      3244.370104          73.418649            73.0           73.0               0.0           0.0       HOLD             0.0                 0.0                   0.0                 0.0                   0.0           already_at_target
2026-04-02   OKLO 100.00     state_last_price           0.00         0.000000           0.000000            64.0           64.0               0.0           0.0       HOLD             0.0                 0.0                   0.0                 0.0                   0.0 legacy_symbol_not_in_target
2026-04-02   SMCI  23.22 target_live_snapshot           0.05      3244.370104         139.723088           139.0          139.0               0.0           0.0       HOLD             0.0                 0.0                   0.0                 0.0                   0.0           already_at_target
2026-04-02   TSEM 197.80 target_live_snapshot          -0.05     -3244.370104         -16.402276           -16.0          -16.0               0.0           0.0       HOLD             0.0                 0.0                   0.0                 0.0                   0.0           already_at_target
[ARTIFACT] artifacts\execution_loop\aggressive\orders.csv
[ARTIFACT] artifacts\execution_loop\aggressive\positions_mark_to_market.csv
[ARTIFACT] artifacts\execution_loop\aggressive\portfolio_state.json
[ARTIFACT] artifacts\execution_loop\aggressive\execution_log.csv
[FINAL] execution loop complete