
PS C:\Users\Dmytro Govor\Documents\Python-Edge> python .\scripts\run_ranker_hold_sim.py
[CFG] dataset_root=D:\massive_dataset
[CFG] start=2023-01-01 end=2026-02-28
[CFG] entry_mode=next_open signal_delay_days=0 hold_days=2
[CFG] top_pct=0.1 bottom_pct=0.1 min_abs_rank_pct=0.8 require_fresh_dislocation=False
[CFG] alpha_horizons=(1, 2, 3) alpha_quantiles=(0.02, 0.05, 0.1) sizing_preset=residual_stat_arb
[CFG] residual_direction=long_low_short_high residual_dual_sign_debug=True
[DATA][PRIMARY] rows=75175 dates=775 symbols=97
[DATA][PRIMARY] cs_quality_flag_rate=0.0000
[DATA][PRIMARY] fresh_dislocation_rate=0.1032
[DIAG][PRIMARY] residual_direction=long_low_short_high corr(score,next1d)=-0.016570 top_mean=-0.000264 bottom_mean=+0.000839 spread=-0.001103
[ALPHA][PRIMARY] entry-mode / delay / horizon surface
entry_mode  delay_days       bucket       side  horizon_days  mean_ret  win_rate  n_obs
 next_open           0     top_2pct       long             1 -0.000776  0.464484   1619
 next_open           0  bottom_2pct      short             1  0.001695  0.485359   1366
 next_open           0  spread_2pct long_short             1 -0.002472       NaN   1366
 next_open           0     top_2pct       long             2 -0.001593  0.478664   1617
 next_open           0  bottom_2pct      short             2  0.002912  0.489736   1364
 next_open           0  spread_2pct long_short             2 -0.004505       NaN   1364
 next_open           0     top_2pct       long             3 -0.003837  0.482353   1615
 next_open           0  bottom_2pct      short             3  0.004821  0.505140   1362
 next_open           0  spread_2pct long_short             3 -0.008659       NaN   1362
 next_open           0     top_5pct       long             1 -0.000621  0.483655   3885
 next_open           0  bottom_5pct      short             1  0.001034  0.483736   3105
 next_open           0  spread_5pct long_short             1 -0.001655       NaN   3105
 next_open           0     top_5pct       long             2 -0.000965  0.504897   3880
 next_open           0  bottom_5pct      short             2  0.002030  0.485650   3101
 next_open           0  spread_5pct long_short             2 -0.002995       NaN   3101
 next_open           0     top_5pct       long             3 -0.002045  0.492387   3875
 next_open           0  bottom_5pct      short             3  0.003120  0.498547   3097
 next_open           0  spread_5pct long_short             3 -0.005164       NaN   3097
 next_open           0    top_10pct       long             1 -0.000264  0.493023   7740
 next_open           0 bottom_10pct      short             1  0.000839  0.481481   6966
 next_open           0 spread_10pct long_short             1 -0.001103       NaN   6966
 next_open           0    top_10pct       long             2 -0.000388  0.509056   7730
 next_open           0 bottom_10pct      short             2  0.001943  0.470174   6957
 next_open           0 spread_10pct long_short             2 -0.002331       NaN   6957
 next_open           0    top_10pct       long             3 -0.000785  0.505959   7720
 next_open           0 bottom_10pct      short             3  0.003075  0.472078   6948
 next_open           0 spread_10pct long_short             3 -0.003859       NaN   6948
[BOOK][PRIMARY] rows=97 longs=10 shorts=8 fresh_dislocations=10 quality_flag_rows=0
[BOOK][PRIMARY] latest date selection
      date symbol    score  side  side_sized conviction_bucket  fresh_dislocation_flag  score_abs_rank_pct  ret_realized  anchor_ret  residual_raw  residual_direction
2026-02-27      C 3.248851     1        2.10          long_max                       1            0.994845     -0.051640   -0.000454     -0.034113 long_low_short_high
2026-02-27    NKE 3.248851     1        2.10          long_max                       1            0.994845     -0.027678    0.023117     -0.035613 long_low_short_high
2026-02-27   NVDA 3.226187     1        1.20         long_high                       1            0.979381     -0.041646    0.023385     -0.031576 long_low_short_high
2026-02-27     MS 2.952452     1        1.20         long_high                       1            0.938144     -0.061863   -0.007392     -0.029125 long_low_short_high
2026-02-27    CRM 2.853780     1        1.20         long_high                       1            0.927835     -0.023462   -0.000735     -0.028242 long_low_short_high
2026-02-27    URA 2.809302     1        1.20         long_high                       1            0.917526     -0.009659    0.019951     -0.027843 long_low_short_high
2026-02-27    UPS 2.782076     1        0.45          long_mid                       1            0.907216     -0.005745    0.018991     -0.027600 long_low_short_high
2026-02-27    VEA 2.654360     1        0.00              flat                       0            0.896907     -0.000996    0.019750     -0.026456 long_low_short_high
2026-02-27     GS 2.590389     1        0.00              flat                       0            0.886598     -0.074736   -0.010191     -0.025883 long_low_short_high
2026-02-27    UNH 2.270364     1        0.00              flat                       0            0.855670      0.023059    0.019135     -0.023018 long_low_short_high
2026-02-27    VWO 2.119704     0        0.00              flat                       0            0.845361     -0.002917    0.019768     -0.021669 long_low_short_high
2026-02-27    XLF 2.042400     0        0.00              flat                       0            0.824742     -0.020381    0.005897     -0.020977 long_low_short_high
2026-02-27   SCHW 1.703922     0        0.00              flat                       0            0.793814     -0.023790   -0.002465     -0.017946 long_low_short_high
2026-02-27   ARKK 1.650416     0        0.00              flat                       0            0.783505     -0.022785   -0.002386     -0.017467 long_low_short_high
2026-02-27    RTX 1.609344     0        0.00              flat                       0            0.773196      0.025249    0.025228     -0.017099 long_low_short_high
2026-02-27    JPM 1.459165     0        0.00              flat                       0            0.762887     -0.019044    0.001145     -0.015754 long_low_short_high
2026-02-27    PEP 1.388310     0        0.00              flat                       0            0.721649      0.012889    0.017044     -0.015120 long_low_short_high
2026-02-27    XLK 1.265421     0        0.00              flat                       0            0.680412     -0.015956    0.006153     -0.014020 long_low_short_high
2026-02-27   AAPL 1.220654     0        0.00              flat                       0            0.659794     -0.032130   -0.003062     -0.013619 long_low_short_high
2026-02-27     PG 1.197346     0        0.00              flat                       0            0.649485      0.021069    0.016809     -0.013410 long_low_short_high
[DATA][ALT_SIGN] rows=75175 dates=775 symbols=97
[DATA][ALT_SIGN] cs_quality_flag_rate=0.0000
[DATA][ALT_SIGN] fresh_dislocation_rate=0.1032
[DIAG][ALT_SIGN] residual_direction=long_high_short_low corr(score,next1d)=+0.016570 top_mean=+0.000807 bottom_mean=-0.000294 spread=+0.001101
[ALPHA][ALT_SIGN] entry-mode / delay / horizon surface
entry_mode  delay_days       bucket       side  horizon_days  mean_ret  win_rate  n_obs
 next_open           0     top_2pct       long             1  0.001007  0.492327   1629
 next_open           0  bottom_2pct      short             1 -0.000012  0.518409   1358
 next_open           0  spread_2pct long_short             1  0.001019       NaN   1358
 next_open           0     top_2pct       long             2  0.001455  0.488015   1627
 next_open           0  bottom_2pct      short             2 -0.000439  0.505900   1356
 next_open           0  spread_2pct long_short             2  0.001894       NaN   1356
 next_open           0     top_2pct       long             3  0.002676  0.472615   1625
 next_open           0  bottom_2pct      short             3 -0.000077  0.484490   1354
 next_open           0  spread_2pct long_short             3  0.002753       NaN   1354
 next_open           0     top_5pct       long             1  0.001011  0.512132   3874
 next_open           0  bottom_5pct      short             1 -0.000650  0.517020   3114
 next_open           0  spread_5pct long_short             1  0.001660       NaN   3114
 next_open           0     top_5pct       long             2  0.002087  0.518997   3869
 next_open           0  bottom_5pct      short             2 -0.000988  0.497749   3110
 next_open           0  spread_5pct long_short             2  0.003075       NaN   3110
 next_open           0     top_5pct       long             3  0.003083  0.508799   3864
 next_open           0  bottom_5pct      short             3 -0.002268  0.507083   3106
 next_open           0  spread_5pct long_short             3  0.005351       NaN   3106
 next_open           0    top_10pct       long             1  0.000807  0.512403   7740
 next_open           0 bottom_10pct      short             1 -0.000294  0.505312   6966
 next_open           0 spread_10pct long_short             1  0.001101       NaN   6966
 next_open           0    top_10pct       long             2  0.001807  0.523803   7730
 next_open           0 bottom_10pct      short             2 -0.000502  0.491016   6957
 next_open           0 spread_10pct long_short             2  0.002310       NaN   6957
 next_open           0    top_10pct       long             3  0.002896  0.523705   7720
 next_open           0 bottom_10pct      short             3 -0.001017  0.492804   6948
 next_open           0 spread_10pct long_short             3  0.003912       NaN   6948
[BOOK][ALT_SIGN] rows=97 longs=8 shorts=9 fresh_dislocations=10 quality_flag_rows=0
[BOOK][ALT_SIGN] latest date selection
      date symbol    score  side  side_sized conviction_bucket  fresh_dislocation_flag  score_abs_rank_pct  ret_realized  anchor_ret  residual_raw  residual_direction
2026-02-27     BA 3.101257     1        2.10          long_max                       1            0.963918     -0.008195   -0.026665      0.028172 long_high_short_low
2026-02-27    MRK 3.101257     1        2.10          long_max                       1            0.963918      0.037888   -0.007963      0.025618 long_high_short_low
2026-02-27    WMT 3.096027     1        1.20         long_high                       1            0.948454      0.028372   -0.013853      0.025032 long_high_short_low
2026-02-27     KO 2.519941     1        0.45          long_mid                       0            0.876289      0.013168   -0.019202      0.019874 long_high_short_low
2026-02-27  GOOGL 2.315532     1        0.45          long_mid                       0            0.865979      0.014249   -0.010800      0.018044 long_high_short_low
2026-02-27   ABBV 2.053728     1        0.45          long_mid                       0            0.835052      0.032890   -0.003345      0.015700 long_high_short_low
2026-02-27   ORCL 1.911666     1        0.00              flat                       0            0.814433     -0.032666   -0.031863      0.014428 long_high_short_low
2026-02-27    BLK 1.836618     1        0.00              flat                       0            0.804124     -0.024801   -0.026457      0.013756 long_high_short_low
2026-02-27    TXN 1.439932     0        0.00              flat                       0            0.752577     -0.002446   -0.010890      0.010204 long_high_short_low
2026-02-27    TLT 1.438103     0        0.00              flat                       0            0.742268      0.006093   -0.010987      0.010187 long_high_short_low
2026-02-27    TIP 1.402166     0        0.00              flat                       0            0.731959      0.001522   -0.010918      0.009866 long_high_short_low
2026-02-27    QQQ 1.371762     0        0.00              flat                       0            0.711340     -0.003201   -0.012341      0.009593 long_high_short_low
2026-02-27    MCD 1.367955     0        0.00              flat                       0            0.701031      0.019520   -0.008077      0.009559 long_high_short_low
2026-02-27   COST 1.347668     0        0.00              flat                       0            0.690722      0.024373   -0.001041      0.009378 long_high_short_low
2026-02-27    FXI 1.252197     0        0.00              flat                       0            0.670103     -0.002942   -0.002057      0.008523 long_high_short_low
2026-02-27     GE 1.167002     0        0.00              flat                       0            0.639175      0.004166   -0.010540      0.007760 long_high_short_low
2026-02-27   AMZN 1.166183     0        0.00              flat                       0            0.628866      0.010004   -0.003183      0.007753 long_high_short_low
2026-02-27    GLD 1.040032     0        0.00              flat                       0            0.608247      0.013131   -0.010044      0.006623 long_high_short_low
2026-02-27   CSCO 0.919639     0        0.00              flat                       0            0.587629      0.017414   -0.000377      0.005545 long_high_short_low
2026-02-27   TSLA 0.897648     0        0.00              flat                       0            0.567010     -0.014856   -0.010475      0.005348 long_high_short_low
[15:57:26] [DONE] Residual Stat-Arb runner completed.

[EXIT] code=0
Press Enter to exit...
PS C:\Users\Dmytro Govor\Documents\Python-Edge>
PS C:\Users\Dmytro Govor\Documents\Python-Edge> if ($LASTEXITCODE -ne 0) {
>>     throw "run_ranker_hold_sim.py failed"
>> }
PS C:\Users\Dmytro Govor\Documents\Python-Edge> Set-StrictMode -Version Latest
PS C:\Users\Dmytro Govor\Documents\Python-Edge> $ErrorActionPreference = "Stop"
PS C:\Users\Dmytro Govor\Documents\Python-Edge>
PS C:\Users\Dmytro Govor\Documents\Python-Edge> Set-Location "C:\Users\Dmytro Govor\Documents\Python-Edge"
PS C:\Users\Dmytro Govor\Documents\Python-Edge>
PS C:\Users\Dmytro Govor\Documents\Python-Edge> python -c "import ast; ast.parse(open(r'.\src\python_edge\model\cross_sectional_signal.py','rb').read())"
PS C:\Users\Dmytro Govor\Documents\Python-Edge> if ($LASTEXITCODE -ne 0) {
>>     throw "AST parse failed: cross_sectional_signal.py"
>> }
PS C:\Users\Dmytro Govor\Documents\Python-Edge>
PS C:\Users\Dmytro Govor\Documents\Python-Edge> python -c "import ast; ast.parse(open(r'.\scripts\run_ranker_hold_sim.py','rb').read())"
PS C:\Users\Dmytro Govor\Documents\Python-Edge> if ($LASTEXITCODE -ne 0) {
>>     throw "AST parse failed: run_ranker_hold_sim.py"
>> }
PS C:\Users\Dmytro Govor\Documents\Python-Edge>
PS C:\Users\Dmytro Govor\Documents\Python-Edge> python -c "import ast; ast.parse(open(r'.\src\python_edge\portfolio\signal_sizing.py','rb').read())"
PS C:\Users\Dmytro Govor\Documents\Python-Edge> if ($LASTEXITCODE -ne 0) {
>>     throw "AST parse failed: signal_sizing.py"
>> }
PS C:\Users\Dmytro Govor\Documents\Python-Edge>
PS C:\Users\Dmytro Govor\Documents\Python-Edge> python -c "import ast; ast.parse(open(r'.\src\python_edge\portfolio\construct.py','rb').read())"
PS C:\Users\Dmytro Govor\Documents\Python-Edge> if ($LASTEXITCODE -ne 0) {
>>     throw "AST parse failed: construct.py"
>> }
PS C:\Users\Dmytro Govor\Documents\Python-Edge>
PS C:\Users\Dmytro Govor\Documents\Python-Edge> python -c "import ast; ast.parse(open(r'.\src\python_edge\portfolio\exit_rules.py','rb').read())"
PS C:\Users\Dmytro Govor\Documents\Python-Edge> if ($LASTEXITCODE -ne 0) {
>>     throw "AST parse failed: exit_rules.py"
>> }
PS C:\Users\Dmytro Govor\Documents\Python-Edge>
PS C:\Users\Dmytro Govor\Documents\Python-Edge> $env:PYTHONUNBUFFERED = "1"
PS C:\Users\Dmytro Govor\Documents\Python-Edge> $env:DATASET_ROOT = "D:\massive_dataset"
PS C:\Users\Dmytro Govor\Documents\Python-Edge>
PS C:\Users\Dmytro Govor\Documents\Python-Edge> $env:START = "2023-01-01"
PS C:\Users\Dmytro Govor\Documents\Python-Edge> $env:END = "2026-02-28"
PS C:\Users\Dmytro Govor\Documents\Python-Edge>
PS C:\Users\Dmytro Govor\Documents\Python-Edge> $env:ENTRY_MODE = "next_open"
PS C:\Users\Dmytro Govor\Documents\Python-Edge> $env:HOLD_DAYS = "2"
PS C:\Users\Dmytro Govor\Documents\Python-Edge>
PS C:\Users\Dmytro Govor\Documents\Python-Edge> $env:ALPHA_HORIZONS = "1,2,3"
PS C:\Users\Dmytro Govor\Documents\Python-Edge> $env:ALPHA_QUANTILES = "0.02,0.05,0.10"
PS C:\Users\Dmytro Govor\Documents\Python-Edge>
PS C:\Users\Dmytro Govor\Documents\Python-Edge> $env:TOP_PCT = "0.10"
PS C:\Users\Dmytro Govor\Documents\Python-Edge> $env:BOTTOM_PCT = "0.10"
PS C:\Users\Dmytro Govor\Documents\Python-Edge> $env:MIN_ABS_RANK_PCT = "0.80"
PS C:\Users\Dmytro Govor\Documents\Python-Edge> $env:REQUIRE_FRESH_DISLOCATION = "0"
PS C:\Users\Dmytro Govor\Documents\Python-Edge> $env:SIZING_PRESET = "residual_stat_arb"
PS C:\Users\Dmytro Govor\Documents\Python-Edge> $env:MAX_NAMES_PER_SIDE = "10"
PS C:\Users\Dmytro Govor\Documents\Python-Edge> $env:DEBUG_RESIDUAL = "1"
PS C:\Users\Dmytro Govor\Documents\Python-Edge> $env:SEED = "7"
PS C:\Users\Dmytro Govor\Documents\Python-Edge>
PS C:\Users\Dmytro Govor\Documents\Python-Edge> $env:RESIDUAL_DIRECTION = "long_low_short_high"
PS C:\Users\Dmytro Govor\Documents\Python-Edge> $env:RESIDUAL_DUAL_SIGN_DEBUG = "1"
PS C:\Users\Dmytro Govor\Documents\Python-Edge>
PS C:\Users\Dmytro Govor\Documents\Python-Edge> $delays = @("0", "1", "2")
PS C:\Users\Dmytro Govor\Documents\Python-Edge>
PS C:\Users\Dmytro Govor\Documents\Python-Edge> foreach ($delay in $delays) {
>>     $env:SIGNAL_DELAY_DAYS = $delay
>>
>>     Write-Host ""
>>     Write-Host "============================================================"
>>     Write-Host "[RUN] ENTRY_MODE=$env:ENTRY_MODE SIGNAL_DELAY_DAYS=$delay HOLD_DAYS=$env:HOLD_DAYS RESIDUAL_DIRECTION=$env:RESIDUAL_DIRECTION"
>>     Write-Host "============================================================"
>>     Write-Host ""
>>
>>     python .\scripts\run_ranker_hold_sim.py
>>
>>     if ($LASTEXITCODE -ne 0) {
>>         throw "run_ranker_hold_sim.py failed for SIGNAL_DELAY_DAYS=$delay"
>>     }
>> }

============================================================
[RUN] ENTRY_MODE=next_open SIGNAL_DELAY_DAYS=0 HOLD_DAYS=2 RESIDUAL_DIRECTION=long_low_short_high
============================================================

[CFG] dataset_root=D:\massive_dataset
[CFG] start=2023-01-01 end=2026-02-28
[CFG] entry_mode=next_open signal_delay_days=0 hold_days=2
[CFG] top_pct=0.1 bottom_pct=0.1 min_abs_rank_pct=0.8 require_fresh_dislocation=False
[CFG] alpha_horizons=(1, 2, 3) alpha_quantiles=(0.02, 0.05, 0.1) sizing_preset=residual_stat_arb
[CFG] residual_direction=long_low_short_high residual_dual_sign_debug=True
[DATA][PRIMARY] rows=75175 dates=775 symbols=97
[DATA][PRIMARY] cs_quality_flag_rate=0.0000
[DATA][PRIMARY] fresh_dislocation_rate=0.1032
[DIAG][PRIMARY] residual_direction=long_low_short_high corr(score,next1d)=-0.016570 top_mean=-0.000264 bottom_mean=+0.000839 spread=-0.001103
[ALPHA][PRIMARY] entry-mode / delay / horizon surface
entry_mode  delay_days       bucket       side  horizon_days  mean_ret  win_rate  n_obs
 next_open           0     top_2pct       long             1 -0.000776  0.464484   1619
 next_open           0  bottom_2pct      short             1  0.001695  0.485359   1366
 next_open           0  spread_2pct long_short             1 -0.002472       NaN   1366
 next_open           0     top_2pct       long             2 -0.001593  0.478664   1617
 next_open           0  bottom_2pct      short             2  0.002912  0.489736   1364
 next_open           0  spread_2pct long_short             2 -0.004505       NaN   1364
 next_open           0     top_2pct       long             3 -0.003837  0.482353   1615
 next_open           0  bottom_2pct      short             3  0.004821  0.505140   1362
 next_open           0  spread_2pct long_short             3 -0.008659       NaN   1362
 next_open           0     top_5pct       long             1 -0.000621  0.483655   3885
 next_open           0  bottom_5pct      short             1  0.001034  0.483736   3105
 next_open           0  spread_5pct long_short             1 -0.001655       NaN   3105
 next_open           0     top_5pct       long             2 -0.000965  0.504897   3880
 next_open           0  bottom_5pct      short             2  0.002030  0.485650   3101
 next_open           0  spread_5pct long_short             2 -0.002995       NaN   3101
 next_open           0     top_5pct       long             3 -0.002045  0.492387   3875
 next_open           0  bottom_5pct      short             3  0.003120  0.498547   3097
 next_open           0  spread_5pct long_short             3 -0.005164       NaN   3097
 next_open           0    top_10pct       long             1 -0.000264  0.493023   7740
 next_open           0 bottom_10pct      short             1  0.000839  0.481481   6966
 next_open           0 spread_10pct long_short             1 -0.001103       NaN   6966
 next_open           0    top_10pct       long             2 -0.000388  0.509056   7730
 next_open           0 bottom_10pct      short             2  0.001943  0.470174   6957
 next_open           0 spread_10pct long_short             2 -0.002331       NaN   6957
 next_open           0    top_10pct       long             3 -0.000785  0.505959   7720
 next_open           0 bottom_10pct      short             3  0.003075  0.472078   6948
 next_open           0 spread_10pct long_short             3 -0.003859       NaN   6948
[BOOK][PRIMARY] rows=97 longs=10 shorts=8 fresh_dislocations=10 quality_flag_rows=0
[BOOK][PRIMARY] latest date selection
      date symbol    score  side  side_sized conviction_bucket  fresh_dislocation_flag  score_abs_rank_pct  ret_realized  anchor_ret  residual_raw  residual_direction
2026-02-27      C 3.248851     1        2.10          long_max                       1            0.994845     -0.051640   -0.000454     -0.034113 long_low_short_high
2026-02-27    NKE 3.248851     1        2.10          long_max                       1            0.994845     -0.027678    0.023117     -0.035613 long_low_short_high
2026-02-27   NVDA 3.226187     1        1.20         long_high                       1            0.979381     -0.041646    0.023385     -0.031576 long_low_short_high
2026-02-27     MS 2.952452     1        1.20         long_high                       1            0.938144     -0.061863   -0.007392     -0.029125 long_low_short_high
2026-02-27    CRM 2.853780     1        1.20         long_high                       1            0.927835     -0.023462   -0.000735     -0.028242 long_low_short_high
2026-02-27    URA 2.809302     1        1.20         long_high                       1            0.917526     -0.009659    0.019951     -0.027843 long_low_short_high
2026-02-27    UPS 2.782076     1        0.45          long_mid                       1            0.907216     -0.005745    0.018991     -0.027600 long_low_short_high
2026-02-27    VEA 2.654360     1        0.00              flat                       0            0.896907     -0.000996    0.019750     -0.026456 long_low_short_high
2026-02-27     GS 2.590389     1        0.00              flat                       0            0.886598     -0.074736   -0.010191     -0.025883 long_low_short_high
2026-02-27    UNH 2.270364     1        0.00              flat                       0            0.855670      0.023059    0.019135     -0.023018 long_low_short_high
2026-02-27    VWO 2.119704     0        0.00              flat                       0            0.845361     -0.002917    0.019768     -0.021669 long_low_short_high
2026-02-27    XLF 2.042400     0        0.00              flat                       0            0.824742     -0.020381    0.005897     -0.020977 long_low_short_high
2026-02-27   SCHW 1.703922     0        0.00              flat                       0            0.793814     -0.023790   -0.002465     -0.017946 long_low_short_high
2026-02-27   ARKK 1.650416     0        0.00              flat                       0            0.783505     -0.022785   -0.002386     -0.017467 long_low_short_high
2026-02-27    RTX 1.609344     0        0.00              flat                       0            0.773196      0.025249    0.025228     -0.017099 long_low_short_high
2026-02-27    JPM 1.459165     0        0.00              flat                       0            0.762887     -0.019044    0.001145     -0.015754 long_low_short_high
2026-02-27    PEP 1.388310     0        0.00              flat                       0            0.721649      0.012889    0.017044     -0.015120 long_low_short_high
2026-02-27    XLK 1.265421     0        0.00              flat                       0            0.680412     -0.015956    0.006153     -0.014020 long_low_short_high
2026-02-27   AAPL 1.220654     0        0.00              flat                       0            0.659794     -0.032130   -0.003062     -0.013619 long_low_short_high
2026-02-27     PG 1.197346     0        0.00              flat                       0            0.649485      0.021069    0.016809     -0.013410 long_low_short_high
[DATA][ALT_SIGN] rows=75175 dates=775 symbols=97
[DATA][ALT_SIGN] cs_quality_flag_rate=0.0000
[DATA][ALT_SIGN] fresh_dislocation_rate=0.1032
[DIAG][ALT_SIGN] residual_direction=long_high_short_low corr(score,next1d)=+0.016570 top_mean=+0.000807 bottom_mean=-0.000294 spread=+0.001101
[ALPHA][ALT_SIGN] entry-mode / delay / horizon surface
entry_mode  delay_days       bucket       side  horizon_days  mean_ret  win_rate  n_obs
 next_open           0     top_2pct       long             1  0.001007  0.492327   1629
 next_open           0  bottom_2pct      short             1 -0.000012  0.518409   1358
 next_open           0  spread_2pct long_short             1  0.001019       NaN   1358
 next_open           0     top_2pct       long             2  0.001455  0.488015   1627
 next_open           0  bottom_2pct      short             2 -0.000439  0.505900   1356
 next_open           0  spread_2pct long_short             2  0.001894       NaN   1356
 next_open           0     top_2pct       long             3  0.002676  0.472615   1625
 next_open           0  bottom_2pct      short             3 -0.000077  0.484490   1354
 next_open           0  spread_2pct long_short             3  0.002753       NaN   1354
 next_open           0     top_5pct       long             1  0.001011  0.512132   3874
 next_open           0  bottom_5pct      short             1 -0.000650  0.517020   3114
 next_open           0  spread_5pct long_short             1  0.001660       NaN   3114
 next_open           0     top_5pct       long             2  0.002087  0.518997   3869
 next_open           0  bottom_5pct      short             2 -0.000988  0.497749   3110
 next_open           0  spread_5pct long_short             2  0.003075       NaN   3110
 next_open           0     top_5pct       long             3  0.003083  0.508799   3864
 next_open           0  bottom_5pct      short             3 -0.002268  0.507083   3106
 next_open           0  spread_5pct long_short             3  0.005351       NaN   3106
 next_open           0    top_10pct       long             1  0.000807  0.512403   7740
 next_open           0 bottom_10pct      short             1 -0.000294  0.505312   6966
 next_open           0 spread_10pct long_short             1  0.001101       NaN   6966
 next_open           0    top_10pct       long             2  0.001807  0.523803   7730
 next_open           0 bottom_10pct      short             2 -0.000502  0.491016   6957
 next_open           0 spread_10pct long_short             2  0.002310       NaN   6957
 next_open           0    top_10pct       long             3  0.002896  0.523705   7720
 next_open           0 bottom_10pct      short             3 -0.001017  0.492804   6948
 next_open           0 spread_10pct long_short             3  0.003912       NaN   6948
[BOOK][ALT_SIGN] rows=97 longs=8 shorts=9 fresh_dislocations=10 quality_flag_rows=0
[BOOK][ALT_SIGN] latest date selection
      date symbol    score  side  side_sized conviction_bucket  fresh_dislocation_flag  score_abs_rank_pct  ret_realized  anchor_ret  residual_raw  residual_direction
2026-02-27     BA 3.101257     1        2.10          long_max                       1            0.963918     -0.008195   -0.026665      0.028172 long_high_short_low
2026-02-27    MRK 3.101257     1        2.10          long_max                       1            0.963918      0.037888   -0.007963      0.025618 long_high_short_low
2026-02-27    WMT 3.096027     1        1.20         long_high                       1            0.948454      0.028372   -0.013853      0.025032 long_high_short_low
2026-02-27     KO 2.519941     1        0.45          long_mid                       0            0.876289      0.013168   -0.019202      0.019874 long_high_short_low
2026-02-27  GOOGL 2.315532     1        0.45          long_mid                       0            0.865979      0.014249   -0.010800      0.018044 long_high_short_low
2026-02-27   ABBV 2.053728     1        0.45          long_mid                       0            0.835052      0.032890   -0.003345      0.015700 long_high_short_low
2026-02-27   ORCL 1.911666     1        0.00              flat                       0            0.814433     -0.032666   -0.031863      0.014428 long_high_short_low
2026-02-27    BLK 1.836618     1        0.00              flat                       0            0.804124     -0.024801   -0.026457      0.013756 long_high_short_low
2026-02-27    TXN 1.439932     0        0.00              flat                       0            0.752577     -0.002446   -0.010890      0.010204 long_high_short_low
2026-02-27    TLT 1.438103     0        0.00              flat                       0            0.742268      0.006093   -0.010987      0.010187 long_high_short_low
2026-02-27    TIP 1.402166     0        0.00              flat                       0            0.731959      0.001522   -0.010918      0.009866 long_high_short_low
2026-02-27    QQQ 1.371762     0        0.00              flat                       0            0.711340     -0.003201   -0.012341      0.009593 long_high_short_low
2026-02-27    MCD 1.367955     0        0.00              flat                       0            0.701031      0.019520   -0.008077      0.009559 long_high_short_low
2026-02-27   COST 1.347668     0        0.00              flat                       0            0.690722      0.024373   -0.001041      0.009378 long_high_short_low
2026-02-27    FXI 1.252197     0        0.00              flat                       0            0.670103     -0.002942   -0.002057      0.008523 long_high_short_low
2026-02-27     GE 1.167002     0        0.00              flat                       0            0.639175      0.004166   -0.010540      0.007760 long_high_short_low
2026-02-27   AMZN 1.166183     0        0.00              flat                       0            0.628866      0.010004   -0.003183      0.007753 long_high_short_low
2026-02-27    GLD 1.040032     0        0.00              flat                       0            0.608247      0.013131   -0.010044      0.006623 long_high_short_low
2026-02-27   CSCO 0.919639     0        0.00              flat                       0            0.587629      0.017414   -0.000377      0.005545 long_high_short_low
2026-02-27   TSLA 0.897648     0        0.00              flat                       0            0.567010     -0.014856   -0.010475      0.005348 long_high_short_low
[16:00:09] [DONE] Residual Stat-Arb runner completed.

[EXIT] code=0
Press Enter to exit...

============================================================
[RUN] ENTRY_MODE=next_open SIGNAL_DELAY_DAYS=1 HOLD_DAYS=2 RESIDUAL_DIRECTION=long_low_short_high
============================================================

[CFG] dataset_root=D:\massive_dataset
[CFG] start=2023-01-01 end=2026-02-28
[CFG] entry_mode=next_open signal_delay_days=1 hold_days=2
[CFG] top_pct=0.1 bottom_pct=0.1 min_abs_rank_pct=0.8 require_fresh_dislocation=False
[CFG] alpha_horizons=(1, 2, 3) alpha_quantiles=(0.02, 0.05, 0.1) sizing_preset=residual_stat_arb
[CFG] residual_direction=long_low_short_high residual_dual_sign_debug=True
[DATA][PRIMARY] rows=75175 dates=775 symbols=97
[DATA][PRIMARY] cs_quality_flag_rate=0.0000
[DATA][PRIMARY] fresh_dislocation_rate=0.1032
[DIAG][PRIMARY] residual_direction=long_low_short_high corr(score,next1d)=-0.012001 top_mean=-0.000258 bottom_mean=+0.000615 spread=-0.000873
[ALPHA][PRIMARY] entry-mode / delay / horizon surface
entry_mode  delay_days       bucket       side  horizon_days  mean_ret  win_rate  n_obs
 next_open           1     top_2pct       long             1 -0.001147  0.465677   1617
 next_open           1  bottom_2pct      short             1  0.000647  0.505132   1364
 next_open           1  spread_2pct long_short             1 -0.001794       NaN   1364
 next_open           1     top_2pct       long             2 -0.003235  0.473684   1615
 next_open           1  bottom_2pct      short             2  0.002349  0.500000   1362
 next_open           1  spread_2pct long_short             2 -0.005585       NaN   1362
 next_open           1     top_2pct       long             3 -0.003532  0.464352   1613
 next_open           1  bottom_2pct      short             3  0.002912  0.486765   1360
 next_open           1  spread_2pct long_short             3 -0.006444       NaN   1360
 next_open           1     top_5pct       long             1 -0.000516  0.484794   3880
 next_open           1  bottom_5pct      short             1  0.000572  0.494679   3101
 next_open           1  spread_5pct long_short             1 -0.001089       NaN   3101
 next_open           1     top_5pct       long             2 -0.001544  0.492645   3875
 next_open           1  bottom_5pct      short             2  0.001552  0.492089   3097
 next_open           1  spread_5pct long_short             2 -0.003095       NaN   3097
 next_open           1     top_5pct       long             3 -0.001196  0.488889   3870
 next_open           1  bottom_5pct      short             3  0.002056  0.495312   3093
 next_open           1  spread_5pct long_short             3 -0.003251       NaN   3093
 next_open           1    top_10pct       long             1 -0.000258  0.490944   7730
 next_open           1 bottom_10pct      short             1  0.000615  0.485698   6957
 next_open           1 spread_10pct long_short             1 -0.000873       NaN   6957
 next_open           1    top_10pct       long             2 -0.000642  0.502720   7720
 next_open           1 bottom_10pct      short             2  0.001677  0.472942   6948
 next_open           1 spread_10pct long_short             2 -0.002319       NaN   6948
 next_open           1    top_10pct       long             3 -0.000012  0.503243   7710
 next_open           1 bottom_10pct      short             3  0.002242  0.476293   6939
 next_open           1 spread_10pct long_short             3 -0.002255       NaN   6939
[BOOK][PRIMARY] rows=97 longs=10 shorts=8 fresh_dislocations=10 quality_flag_rows=0
[BOOK][PRIMARY] latest date selection
      date symbol    score  side  side_sized conviction_bucket  fresh_dislocation_flag  score_abs_rank_pct  ret_realized  anchor_ret  residual_raw  residual_direction
2026-02-27      C 3.248851     1        2.10          long_max                       1            0.994845     -0.051640   -0.000454     -0.034113 long_low_short_high
2026-02-27    NKE 3.248851     1        2.10          long_max                       1            0.994845     -0.027678    0.023117     -0.035613 long_low_short_high
2026-02-27   NVDA 3.226187     1        1.20         long_high                       1            0.979381     -0.041646    0.023385     -0.031576 long_low_short_high
2026-02-27     MS 2.952452     1        1.20         long_high                       1            0.938144     -0.061863   -0.007392     -0.029125 long_low_short_high
2026-02-27    CRM 2.853780     1        1.20         long_high                       1            0.927835     -0.023462   -0.000735     -0.028242 long_low_short_high
2026-02-27    URA 2.809302     1        1.20         long_high                       1            0.917526     -0.009659    0.019951     -0.027843 long_low_short_high
2026-02-27    UPS 2.782076     1        0.45          long_mid                       1            0.907216     -0.005745    0.018991     -0.027600 long_low_short_high
2026-02-27    VEA 2.654360     1        0.00              flat                       0            0.896907     -0.000996    0.019750     -0.026456 long_low_short_high
2026-02-27     GS 2.590389     1        0.00              flat                       0            0.886598     -0.074736   -0.010191     -0.025883 long_low_short_high
2026-02-27    UNH 2.270364     1        0.00              flat                       0            0.855670      0.023059    0.019135     -0.023018 long_low_short_high
2026-02-27    VWO 2.119704     0        0.00              flat                       0            0.845361     -0.002917    0.019768     -0.021669 long_low_short_high
2026-02-27    XLF 2.042400     0        0.00              flat                       0            0.824742     -0.020381    0.005897     -0.020977 long_low_short_high
2026-02-27   SCHW 1.703922     0        0.00              flat                       0            0.793814     -0.023790   -0.002465     -0.017946 long_low_short_high
2026-02-27   ARKK 1.650416     0        0.00              flat                       0            0.783505     -0.022785   -0.002386     -0.017467 long_low_short_high
2026-02-27    RTX 1.609344     0        0.00              flat                       0            0.773196      0.025249    0.025228     -0.017099 long_low_short_high
2026-02-27    JPM 1.459165     0        0.00              flat                       0            0.762887     -0.019044    0.001145     -0.015754 long_low_short_high
2026-02-27    PEP 1.388310     0        0.00              flat                       0            0.721649      0.012889    0.017044     -0.015120 long_low_short_high
2026-02-27    XLK 1.265421     0        0.00              flat                       0            0.680412     -0.015956    0.006153     -0.014020 long_low_short_high
2026-02-27   AAPL 1.220654     0        0.00              flat                       0            0.659794     -0.032130   -0.003062     -0.013619 long_low_short_high
2026-02-27     PG 1.197346     0        0.00              flat                       0            0.649485      0.021069    0.016809     -0.013410 long_low_short_high
[DATA][ALT_SIGN] rows=75175 dates=775 symbols=97
[DATA][ALT_SIGN] cs_quality_flag_rate=0.0000
[DATA][ALT_SIGN] fresh_dislocation_rate=0.1032
[DIAG][ALT_SIGN] residual_direction=long_high_short_low corr(score,next1d)=+0.012001 top_mean=+0.000558 bottom_mean=-0.000296 spread=+0.000855
[ALPHA][ALT_SIGN] entry-mode / delay / horizon surface
entry_mode  delay_days       bucket       side  horizon_days  mean_ret  win_rate  n_obs
 next_open           1     top_2pct       long             1  0.000184  0.478795   1627
 next_open           1  bottom_2pct      short             1  0.000105  0.507375   1356
 next_open           1  spread_2pct long_short             1  0.000079       NaN   1356
 next_open           1     top_2pct       long             2  0.001252  0.489846   1625
 next_open           1  bottom_2pct      short             2  0.000494  0.495569   1354
 next_open           1  spread_2pct long_short             2  0.000758       NaN   1354
 next_open           1     top_2pct       long             3  0.001887  0.499076   1623
 next_open           1  bottom_2pct      short             3  0.001575  0.498521   1352
 next_open           1  spread_2pct long_short             3  0.000311       NaN   1352
 next_open           1     top_5pct       long             1  0.000588  0.499612   3869
 next_open           1  bottom_5pct      short             1 -0.000546  0.512540   3110
 next_open           1  spread_5pct long_short             1  0.001134       NaN   3110
 next_open           1     top_5pct       long             2  0.001492  0.510870   3864
 next_open           1  bottom_5pct      short             2 -0.001772  0.511269   3106
 next_open           1  spread_5pct long_short             2  0.003263       NaN   3106
 next_open           1     top_5pct       long             3  0.001885  0.508163   3859
 next_open           1  bottom_5pct      short             3 -0.001847  0.517730   3102
 next_open           1  spread_5pct long_short             3  0.003732       NaN   3102
 next_open           1    top_10pct       long             1  0.000558  0.505563   7730
 next_open           1 bottom_10pct      short             1 -0.000296  0.508265   6957
 next_open           1 spread_10pct long_short             1  0.000855       NaN   6957
 next_open           1    top_10pct       long             2  0.001582  0.523834   7720
 next_open           1 bottom_10pct      short             2 -0.000794  0.496114   6948
 next_open           1 spread_10pct long_short             2  0.002376       NaN   6948
 next_open           1    top_10pct       long             3  0.002065  0.521920   7710
 next_open           1 bottom_10pct      short             3 -0.000222  0.496469   6939
 next_open           1 spread_10pct long_short             3  0.002287       NaN   6939
[BOOK][ALT_SIGN] rows=97 longs=8 shorts=9 fresh_dislocations=10 quality_flag_rows=0
[BOOK][ALT_SIGN] latest date selection
      date symbol    score  side  side_sized conviction_bucket  fresh_dislocation_flag  score_abs_rank_pct  ret_realized  anchor_ret  residual_raw  residual_direction
2026-02-27     BA 3.101257     1        2.10          long_max                       1            0.963918     -0.008195   -0.026665      0.028172 long_high_short_low
2026-02-27    MRK 3.101257     1        2.10          long_max                       1            0.963918      0.037888   -0.007963      0.025618 long_high_short_low
2026-02-27    WMT 3.096027     1        1.20         long_high                       1            0.948454      0.028372   -0.013853      0.025032 long_high_short_low
2026-02-27     KO 2.519941     1        0.45          long_mid                       0            0.876289      0.013168   -0.019202      0.019874 long_high_short_low
2026-02-27  GOOGL 2.315532     1        0.45          long_mid                       0            0.865979      0.014249   -0.010800      0.018044 long_high_short_low
2026-02-27   ABBV 2.053728     1        0.45          long_mid                       0            0.835052      0.032890   -0.003345      0.015700 long_high_short_low
2026-02-27   ORCL 1.911666     1        0.00              flat                       0            0.814433     -0.032666   -0.031863      0.014428 long_high_short_low
2026-02-27    BLK 1.836618     1        0.00              flat                       0            0.804124     -0.024801   -0.026457      0.013756 long_high_short_low
2026-02-27    TXN 1.439932     0        0.00              flat                       0            0.752577     -0.002446   -0.010890      0.010204 long_high_short_low
2026-02-27    TLT 1.438103     0        0.00              flat                       0            0.742268      0.006093   -0.010987      0.010187 long_high_short_low
2026-02-27    TIP 1.402166     0        0.00              flat                       0            0.731959      0.001522   -0.010918      0.009866 long_high_short_low
2026-02-27    QQQ 1.371762     0        0.00              flat                       0            0.711340     -0.003201   -0.012341      0.009593 long_high_short_low
2026-02-27    MCD 1.367955     0        0.00              flat                       0            0.701031      0.019520   -0.008077      0.009559 long_high_short_low
2026-02-27   COST 1.347668     0        0.00              flat                       0            0.690722      0.024373   -0.001041      0.009378 long_high_short_low
2026-02-27    FXI 1.252197     0        0.00              flat                       0            0.670103     -0.002942   -0.002057      0.008523 long_high_short_low
2026-02-27     GE 1.167002     0        0.00              flat                       0            0.639175      0.004166   -0.010540      0.007760 long_high_short_low
2026-02-27   AMZN 1.166183     0        0.00              flat                       0            0.628866      0.010004   -0.003183      0.007753 long_high_short_low
2026-02-27    GLD 1.040032     0        0.00              flat                       0            0.608247      0.013131   -0.010044      0.006623 long_high_short_low
2026-02-27   CSCO 0.919639     0        0.00              flat                       0            0.587629      0.017414   -0.000377      0.005545 long_high_short_low
2026-02-27   TSLA 0.897648     0        0.00              flat                       0            0.567010     -0.014856   -0.010475      0.005348 long_high_short_low
[16:05:40] [DONE] Residual Stat-Arb runner completed.

[EXIT] code=0
Press Enter to exit...

============================================================
[RUN] ENTRY_MODE=next_open SIGNAL_DELAY_DAYS=2 HOLD_DAYS=2 RESIDUAL_DIRECTION=long_low_short_high
============================================================

[CFG] dataset_root=D:\massive_dataset
[CFG] start=2023-01-01 end=2026-02-28
[CFG] entry_mode=next_open signal_delay_days=2 hold_days=2
[CFG] top_pct=0.1 bottom_pct=0.1 min_abs_rank_pct=0.8 require_fresh_dislocation=False
[CFG] alpha_horizons=(1, 2, 3) alpha_quantiles=(0.02, 0.05, 0.1) sizing_preset=residual_stat_arb
[CFG] residual_direction=long_low_short_high residual_dual_sign_debug=True
[DATA][PRIMARY] rows=75175 dates=775 symbols=97
[DATA][PRIMARY] cs_quality_flag_rate=0.0000
[DATA][PRIMARY] fresh_dislocation_rate=0.1032
[DIAG][PRIMARY] residual_direction=long_low_short_high corr(score,next1d)=-0.014802 top_mean=-0.000405 bottom_mean=+0.000529 spread=-0.000934
[ALPHA][PRIMARY] entry-mode / delay / horizon surface
entry_mode  delay_days       bucket       side  horizon_days  mean_ret  win_rate  n_obs
 next_open           2     top_2pct       long             1 -0.001714  0.464396   1615
 next_open           2  bottom_2pct      short             1  0.000535  0.502937   1362
 next_open           2  spread_2pct long_short             1 -0.002249       NaN   1362
 next_open           2     top_2pct       long             2 -0.002162  0.481091   1613
 next_open           2  bottom_2pct      short             2  0.001370  0.495588   1360
 next_open           2  spread_2pct long_short             2 -0.003532       NaN   1360
 next_open           2     top_2pct       long             3 -0.001624  0.477343   1611
 next_open           2  bottom_2pct      short             3  0.001160  0.490427   1358
 next_open           2  spread_2pct long_short             3 -0.002784       NaN   1358
 next_open           2     top_5pct       long             1 -0.000904  0.472000   3875
 next_open           2  bottom_5pct      short             1  0.000331  0.509202   3097
 next_open           2  spread_5pct long_short             1 -0.001235       NaN   3097
 next_open           2     top_5pct       long             2 -0.000654  0.496899   3870
 next_open           2  bottom_5pct      short             2  0.001014  0.496282   3093
 next_open           2  spread_5pct long_short             2 -0.001668       NaN   3093
 next_open           2     top_5pct       long             3  0.000168  0.493920   3865
 next_open           2  bottom_5pct      short             3  0.001022  0.496601   3089
 next_open           2  spread_5pct long_short             3 -0.000854       NaN   3089
 next_open           2    top_10pct       long             1 -0.000405  0.488860   7720
 next_open           2 bottom_10pct      short             1  0.000529  0.488774   6948
 next_open           2 spread_10pct long_short             1 -0.000934       NaN   6948
 next_open           2    top_10pct       long             2  0.000165  0.508301   7710
 next_open           2 bottom_10pct      short             2  0.001145  0.483499   6939
 next_open           2 spread_10pct long_short             2 -0.000980       NaN   6939
 next_open           2    top_10pct       long             3  0.001014  0.508442   7700
 next_open           2 bottom_10pct      short             3  0.001380  0.482540   6930
 next_open           2 spread_10pct long_short             3 -0.000366       NaN   6930
[BOOK][PRIMARY] rows=97 longs=10 shorts=8 fresh_dislocations=10 quality_flag_rows=0
[BOOK][PRIMARY] latest date selection
      date symbol    score  side  side_sized conviction_bucket  fresh_dislocation_flag  score_abs_rank_pct  ret_realized  anchor_ret  residual_raw  residual_direction
2026-02-27      C 3.248851     1        2.10          long_max                       1            0.994845     -0.051640   -0.000454     -0.034113 long_low_short_high
2026-02-27    NKE 3.248851     1        2.10          long_max                       1            0.994845     -0.027678    0.023117     -0.035613 long_low_short_high
2026-02-27   NVDA 3.226187     1        1.20         long_high                       1            0.979381     -0.041646    0.023385     -0.031576 long_low_short_high
2026-02-27     MS 2.952452     1        1.20         long_high                       1            0.938144     -0.061863   -0.007392     -0.029125 long_low_short_high
2026-02-27    CRM 2.853780     1        1.20         long_high                       1            0.927835     -0.023462   -0.000735     -0.028242 long_low_short_high
2026-02-27    URA 2.809302     1        1.20         long_high                       1            0.917526     -0.009659    0.019951     -0.027843 long_low_short_high
2026-02-27    UPS 2.782076     1        0.45          long_mid                       1            0.907216     -0.005745    0.018991     -0.027600 long_low_short_high
2026-02-27    VEA 2.654360     1        0.00              flat                       0            0.896907     -0.000996    0.019750     -0.026456 long_low_short_high
2026-02-27     GS 2.590389     1        0.00              flat                       0            0.886598     -0.074736   -0.010191     -0.025883 long_low_short_high
2026-02-27    UNH 2.270364     1        0.00              flat                       0            0.855670      0.023059    0.019135     -0.023018 long_low_short_high
2026-02-27    VWO 2.119704     0        0.00              flat                       0            0.845361     -0.002917    0.019768     -0.021669 long_low_short_high
2026-02-27    XLF 2.042400     0        0.00              flat                       0            0.824742     -0.020381    0.005897     -0.020977 long_low_short_high
2026-02-27   SCHW 1.703922     0        0.00              flat                       0            0.793814     -0.023790   -0.002465     -0.017946 long_low_short_high
2026-02-27   ARKK 1.650416     0        0.00              flat                       0            0.783505     -0.022785   -0.002386     -0.017467 long_low_short_high
2026-02-27    RTX 1.609344     0        0.00              flat                       0            0.773196      0.025249    0.025228     -0.017099 long_low_short_high
2026-02-27    JPM 1.459165     0        0.00              flat                       0            0.762887     -0.019044    0.001145     -0.015754 long_low_short_high
2026-02-27    PEP 1.388310     0        0.00              flat                       0            0.721649      0.012889    0.017044     -0.015120 long_low_short_high
2026-02-27    XLK 1.265421     0        0.00              flat                       0            0.680412     -0.015956    0.006153     -0.014020 long_low_short_high
2026-02-27   AAPL 1.220654     0        0.00              flat                       0            0.659794     -0.032130   -0.003062     -0.013619 long_low_short_high
2026-02-27     PG 1.197346     0        0.00              flat                       0            0.649485      0.021069    0.016809     -0.013410 long_low_short_high
[DATA][ALT_SIGN] rows=75175 dates=775 symbols=97
[DATA][ALT_SIGN] cs_quality_flag_rate=0.0000
[DATA][ALT_SIGN] fresh_dislocation_rate=0.1032
[DIAG][ALT_SIGN] residual_direction=long_high_short_low corr(score,next1d)=+0.014802 top_mean=+0.000534 bottom_mean=-0.000488 spread=+0.001021
[ALPHA][ALT_SIGN] entry-mode / delay / horizon surface
entry_mode  delay_days       bucket       side  horizon_days  mean_ret  win_rate  n_obs
 next_open           2     top_2pct       long             1  0.000448  0.477538   1625
 next_open           2  bottom_2pct      short             1 -0.000555  0.514771   1354
 next_open           2  spread_2pct long_short             1  0.001003       NaN   1354
 next_open           2     top_2pct       long             2  0.001301  0.495995   1623
 next_open           2  bottom_2pct      short             2  0.000635  0.491124   1352
 next_open           2  spread_2pct long_short             2  0.000666       NaN   1352
 next_open           2     top_2pct       long             3  0.001872  0.504010   1621
 next_open           2  bottom_2pct      short             3  0.002338  0.492593   1350
 next_open           2  spread_2pct long_short             3 -0.000466       NaN   1350
 next_open           2     top_5pct       long             1  0.000357  0.490166   3864
 next_open           2  bottom_5pct      short             1 -0.001013  0.527044   3106
 next_open           2  spread_5pct long_short             1  0.001370       NaN   3106
 next_open           2     top_5pct       long             2  0.000889  0.500389   3859
 next_open           2  bottom_5pct      short             2 -0.001212  0.506770   3102
 next_open           2  spread_5pct long_short             2  0.002101       NaN   3102
 next_open           2     top_5pct       long             3  0.001087  0.504670   3854
 next_open           2  bottom_5pct      short             3 -0.000301  0.508070   3098
 next_open           2  spread_5pct long_short             3  0.001389       NaN   3098
 next_open           2    top_10pct       long             1  0.000534  0.505440   7720
 next_open           2 bottom_10pct      short             1 -0.000488  0.508780   6948
 next_open           2 spread_10pct long_short             1  0.001021       NaN   6948
 next_open           2    top_10pct       long             2  0.001059  0.511803   7710
 next_open           2 bottom_10pct      short             2  0.000017  0.489984   6939
 next_open           2 spread_10pct long_short             2  0.001042       NaN   6939
 next_open           2    top_10pct       long             3  0.001274  0.513766   7700
 next_open           2 bottom_10pct      short             3  0.000789  0.488167   6930
 next_open           2 spread_10pct long_short             3  0.000485       NaN   6930
[BOOK][ALT_SIGN] rows=97 longs=8 shorts=9 fresh_dislocations=10 quality_flag_rows=0
[BOOK][ALT_SIGN] latest date selection
      date symbol    score  side  side_sized conviction_bucket  fresh_dislocation_flag  score_abs_rank_pct  ret_realized  anchor_ret  residual_raw  residual_direction
2026-02-27     BA 3.101257     1        2.10          long_max                       1            0.963918     -0.008195   -0.026665      0.028172 long_high_short_low
2026-02-27    MRK 3.101257     1        2.10          long_max                       1            0.963918      0.037888   -0.007963      0.025618 long_high_short_low
2026-02-27    WMT 3.096027     1        1.20         long_high                       1            0.948454      0.028372   -0.013853      0.025032 long_high_short_low
2026-02-27     KO 2.519941     1        0.45          long_mid                       0            0.876289      0.013168   -0.019202      0.019874 long_high_short_low
2026-02-27  GOOGL 2.315532     1        0.45          long_mid                       0            0.865979      0.014249   -0.010800      0.018044 long_high_short_low
2026-02-27   ABBV 2.053728     1        0.45          long_mid                       0            0.835052      0.032890   -0.003345      0.015700 long_high_short_low
2026-02-27   ORCL 1.911666     1        0.00              flat                       0            0.814433     -0.032666   -0.031863      0.014428 long_high_short_low
2026-02-27    BLK 1.836618     1        0.00              flat                       0            0.804124     -0.024801   -0.026457      0.013756 long_high_short_low
2026-02-27    TXN 1.439932     0        0.00              flat                       0            0.752577     -0.002446   -0.010890      0.010204 long_high_short_low
2026-02-27    TLT 1.438103     0        0.00              flat                       0            0.742268      0.006093   -0.010987      0.010187 long_high_short_low
2026-02-27    TIP 1.402166     0        0.00              flat                       0            0.731959      0.001522   -0.010918      0.009866 long_high_short_low
2026-02-27    QQQ 1.371762     0        0.00              flat                       0            0.711340     -0.003201   -0.012341      0.009593 long_high_short_low
2026-02-27    MCD 1.367955     0        0.00              flat                       0            0.701031      0.019520   -0.008077      0.009559 long_high_short_low
2026-02-27   COST 1.347668     0        0.00              flat                       0            0.690722      0.024373   -0.001041      0.009378 long_high_short_low
2026-02-27    FXI 1.252197     0        0.00              flat                       0            0.670103     -0.002942   -0.002057      0.008523 long_high_short_low
2026-02-27     GE 1.167002     0        0.00              flat                       0            0.639175      0.004166   -0.010540      0.007760 long_high_short_low
2026-02-27   AMZN 1.166183     0        0.00              flat                       0            0.628866      0.010004   -0.003183      0.007753 long_high_short_low
2026-02-27    GLD 1.040032     0        0.00              flat                       0            0.608247      0.013131   -0.010044      0.006623 long_high_short_low
2026-02-27   CSCO 0.919639     0        0.00              flat                       0            0.587629      0.017414   -0.000377      0.005545 long_high_short_low
2026-02-27   TSLA 0.897648     0        0.00              flat                       0            0.567010     -0.014856   -0.010475      0.005348 long_high_short_low
[16:07:30] [DONE] Residual Stat-Arb runner completed.

[EXIT] code=0
Press Enter to exit...