[CFG] ib_host=127.0.0.1 ib_port=4002 ib_client_id=41
[CFG] ib_exchange=SMART ib_order_type=LMT ib_outside_rth=1
[CFG] ib_lmt_price_buy_bps=10.0 ib_lmt_price_sell_bps=10.0 ib_lmt_price_min_abs=0.01 retry_202_enabled=1 retry_202_max_retries=2 retry_202_buy_steps=[15.0, 25.0, 40.0] retry_202_sell_steps=[15.0, 25.0, 40.0]
[IB] connecting host=127.0.0.1 port=4002 client_id=41
[IB] openOrderEnd
[IB] managedAccounts=DUP561175
[IB] nextValidId=34
[IB] connected next_valid_id=34 managed_accounts=DUP561175
[IB][ERROR] reqId=-1 code=2104 msg=Market data farm connection is OK:usfarm
[IB][ERROR] reqId=-1 code=2107 msg=HMDS data farm connection is inactive but should be available upon demand.ushmds
[IB][ERROR] reqId=-1 code=2158 msg=Sec-def data farm connection is OK:secdefil
[IB] openOrderEnd
[IB] initial positions refresh skipped by config
[BROKER][optimal] orders=artifacts\execution_loop\optimal\orders.csv
[IB] openOrderEnd
[BROKER][optimal][SEND] symbol=AAPL broker_symbol=AAPL side=BUY qty=1.00000000 status=submitted ib_order_id=34 order_type=LMT outside_rth=1 price_hint=219.5000 raw_limit_price=219.7195 rounded_limit_price=219.7200 min_tick=0.010000 retry_count_202=0
[IB][ERROR] reqId=35 code=202 msg=Order Canceled - reason:We cannot accept an order at a limit price at or more aggressive than 369.0399. Please submit your order using<br> a limit price that is closer to the current market price of 358.5.
[IB] openOrderEnd
[BROKER][optimal][RETRY_202] symbol=MSFT side=BUY qty=1.00000000 attempt=1/2 code=202 msg=Order Canceled - reason:We cannot accept an order at a limit price at or more aggressive than 369.0399. Please submit your order using<br> a limit price that is closer to the current market price of 358.5. buy_bps=10.00 sell_bps=10.00 raw_limit_price=428.5281 rounded_limit_price=428.5300 min_tick=0.010000
[IB][ERROR] reqId=36 code=202 msg=Order Canceled - reason:We cannot accept an order at a limit price at or more aggressive than 369.029606. Please submit your order <br>using a limit price that is closer to the current market price of 358.49.
[IB] openOrderEnd
[BROKER][optimal][RETRY_202] symbol=MSFT side=BUY qty=1.00000000 attempt=2/2 code=202 msg=Order Canceled - reason:We cannot accept an order at a limit price at or more aggressive than 369.029606. Please submit your order <br>using a limit price that is closer to the current market price of 358.49. buy_bps=15.00 sell_bps=15.00 raw_limit_price=428.7422 rounded_limit_price=428.7500 min_tick=0.010000
[IB][ERROR] reqId=37 code=202 msg=Order Canceled - reason:We cannot accept an order at a limit price at or more aggressive than 369.029606. Please submit your order <br>using a limit price that is closer to the current market price of 358.49.
[IB] openOrderEnd
[IB][ERROR] reqId=38 code=202 msg=Order Canceled - reason:We cannot accept an order at a limit price at or more aggressive than 160.944892. Please submit your order <br>using a limit price that is closer to the current market price of 165.82.
[IB] openOrderEnd
[BROKER][optimal][RETRY_202] symbol=NVDA side=SELL qty=1.00000000 attempt=1/2 code=202 msg=Order Canceled - reason:We cannot accept an order at a limit price at or more aggressive than 160.944892. Please submit your order <br>using a limit price that is closer to the current market price of 165.82. buy_bps=10.00 sell_bps=10.00 raw_limit_price=118.2816 rounded_limit_price=118.2800 min_tick=0.010000
[IB][ERROR] reqId=39 code=202 msg=Order Canceled - reason:We cannot accept an order at a limit price at or more aggressive than 160.944892. Please submit your order <br>using a limit price that is closer to the current market price of 165.82.
[IB] openOrderEnd
[BROKER][optimal][RETRY_202] symbol=NVDA side=SELL qty=1.00000000 attempt=2/2 code=202 msg=Order Canceled - reason:We cannot accept an order at a limit price at or more aggressive than 160.944892. Please submit your order <br>using a limit price that is closer to the current market price of 165.82. buy_bps=15.00 sell_bps=15.00 raw_limit_price=118.2224 rounded_limit_price=118.2200 min_tick=0.010000
[IB][ERROR] reqId=40 code=202 msg=Order Canceled - reason:We cannot accept an order at a limit price at or more aggressive than 160.944892. Please submit your order <br>using a limit price that is closer to the current market price of 165.82.
[IB] openOrderEnd
[IB] openOrderEnd
[BROKER][optimal][SEND] symbol=AMZN broker_symbol=AMZN side=SELL qty=1.00000000 status=filled ib_order_id=41 order_type=LMT outside_rth=1 price_hint=201.7000 raw_limit_price=201.4983 rounded_limit_price=201.4900 min_tick=0.010000 retry_count_202=0
[BROKER][optimal][SUMMARY] sent=2 duplicate_skipped=0 errors=2 retry_202=4 fills_csv=artifacts\execution_loop\optimal\fills.csv broker_log_json=artifacts\execution_loop\optimal\broker_log.json
[BROKER][aggressive] orders=artifacts\execution_loop\aggressive\orders.csv
[IB] openOrderEnd
[BROKER][aggressive][SEND] symbol=HOOD broker_symbol=HOOD side=SELL qty=37.00000000 status=submitted ib_order_id=42 order_type=LMT outside_rth=1 price_hint=100.0000 raw_limit_price=99.9000 rounded_limit_price=99.9000 min_tick=0.010000 retry_count_202=0
[IB] openOrderEnd
[BROKER][aggressive][SEND] symbol=CRCL broker_symbol=CRCL side=SELL qty=16.00000000 status=submitted ib_order_id=43 order_type=LMT outside_rth=1 price_hint=103.8600 raw_limit_price=103.7561 rounded_limit_price=103.7500 min_tick=0.010000 retry_count_202=0
[IB] openOrderEnd
[BROKER][aggressive][SEND] symbol=NEM broker_symbol=NEM side=SELL qty=16.00000000 status=filled ib_order_id=44 order_type=LMT outside_rth=1 price_hint=101.5200 raw_limit_price=101.4185 rounded_limit_price=101.4100 min_tick=0.010000 retry_count_202=0
[IB] openOrderEnd
[BROKER][aggressive][SEND] symbol=INTC broker_symbol=INTC side=SELL qty=25.00000000 status=submitted ib_order_id=45 order_type=LMT outside_rth=1 price_hint=47.1800 raw_limit_price=47.1328 rounded_limit_price=47.1300 min_tick=0.010000 retry_count_202=0
[IB] openOrderEnd
[BROKER][aggressive][SEND] symbol=RKLB broker_symbol=RKLB side=SELL qty=6.00000000 status=submitted ib_order_id=46 order_type=LMT outside_rth=1 price_hint=72.8800 raw_limit_price=72.8071 rounded_limit_price=72.8000 min_tick=0.010000 retry_count_202=0
[IB][ERROR] reqId=47 code=202 msg=Order Canceled - reason:We cannot accept an order at a limit price at or more aggressive than 108.018074. Please submit your order <br>using a limit price that is closer to the current market price of 111.29.
[IB] openOrderEnd
[BROKER][aggressive][RETRY_202] symbol=SHOP side=SELL qty=3.00000000 attempt=1/2 code=202 msg=Order Canceled - reason:We cannot accept an order at a limit price at or more aggressive than 108.018074. Please submit your order <br>using a limit price that is closer to the current market price of 111.29. buy_bps=10.00 sell_bps=10.00 raw_limit_price=99.9000 rounded_limit_price=99.9000 min_tick=0.010000
[IB][ERROR] reqId=48 code=202 msg=Order Canceled - reason:We cannot accept an order at a limit price at or more aggressive than 108.018074. Please submit your order <br>using a limit price that is closer to the current market price of 111.29.
[IB] openOrderEnd
[BROKER][aggressive][RETRY_202] symbol=SHOP side=SELL qty=3.00000000 attempt=2/2 code=202 msg=Order Canceled - reason:We cannot accept an order at a limit price at or more aggressive than 108.018074. Please submit your order <br>using a limit price that is closer to the current market price of 111.29. buy_bps=15.00 sell_bps=15.00 raw_limit_price=99.8500 rounded_limit_price=99.8500 min_tick=0.010000
[IB][ERROR] reqId=49 code=202 msg=Order Canceled - reason:We cannot accept an order at a limit price at or more aggressive than 108.018074. Please submit your order <br>using a limit price that is closer to the current market price of 111.29.
[IB] openOrderEnd
[BROKER][aggressive][SUMMARY] sent=5 duplicate_skipped=0 errors=1 retry_202=2 fills_csv=artifacts\execution_loop\aggressive\fills.csv broker_log_json=artifacts\execution_loop\aggressive\broker_log.json
[FINAL] IBKR broker adapter complete