[COMPONENTS][FROZEN]
                                                                candidate                                              alpha          regime kind  oos_sharpe_mean  last_2_fold_mean_sharpe  test_mean_ic
gate::alpha_fs2_intraday_strength_rvol_interaction__lag1::regime_trend_hi alpha_fs2_intraday_strength_rvol_interaction__lag1 regime_trend_hi gate         2.255073                 1.559089      0.154429
 gate::alpha_fs2_intraday_strength_liq_interaction__lag1::regime_trend_hi  alpha_fs2_intraday_strength_liq_interaction__lag1 regime_trend_hi gate         0.940434                 0.459385      0.096051
[DATA] rows=76727 symbols=97 first_date=2023-01-03 last_date=2026-02-27
[FREEZE] using_last_fold fold_id=11 train=2024-12-30..2025-10-16 test=2025-10-31..2026-01-13
[FREEZE][optimal] current_date=2026-01-13 active_names=0 gross_exposure=0.0000
[FREEZE][optimal] replay_sharpe_last_fold=2.0241 replay_maxdd_last_fold=-0.0068 replay_avg_turnover_last_fold=0.0948
[FREEZE][optimal][CURRENT_BOOK_TOP] no active positions on current date
[FREEZE][aggressive] current_date=2026-01-13 active_names=2 gross_exposure=0.0888
[FREEZE][aggressive] replay_sharpe_last_fold=2.4413 replay_maxdd_last_fold=-0.0125 replay_avg_turnover_last_fold=0.1885
[FREEZE][aggressive][CURRENT_BOOK_TOP]
symbol    weight     score  side  turnover  dynamic_gross_target dynamic_gross_reason
   SLV  0.038045  7.932558   1.0  0.038045                  0.85             trend_hi
  QCOM -0.050746 -6.935509  -1.0  0.006350                  0.85             trend_hi
  
  
  
  
  
  
  
  
  
  
[ARTIFACT] artifacts\freeze_runner\freeze_all_configs_summary.json



{
  "last_data_date": "2026-02-27",
  "days_stale_vs_2026_03_21": 22,
  "current_split": {
    "fold_id": 11,
    "train_start": "2024-12-30",
    "train_end": "2025-10-16",
    "test_start": "2025-10-31",
    "test_end": "2026-01-13"
  },
  "frozen_base_config": {
    "train_days": 200,
    "test_days": 50,
    "step_days": 50,
    "component_count": 2,
    "weighting_mode": "ic",
    "mr_enabled": 1,
    "mr_alpha": "alpha_fs2_intraday_strength_rvol_interaction__lag1",
    "mr_only_trend_lo": 1,
    "mr_gross_mult": 0.35
  },
  "configs": {
    "optimal": {
      "cost_bps": 4.0,
      "turnover_cap": 0.1,
      "mr_weight": 0.5,
      "current_date": "2026-01-13",
      "weights": {
        "gate::alpha_fs2_intraday_strength_rvol_interaction__lag1::regime_trend_hi": 0.498174929881413,
        "gate::alpha_fs2_intraday_strength_liq_interaction__lag1::regime_trend_hi": 0.501825070118587
      },
      "evaluation": {
        "days": 50,
        "mean_daily": 0.0002833715661141663,
        "std_daily": 0.0022223590004134763,
        "sharpe": 2.0241482823111863,
        "cum_ret": 0.014142797321169631,
        "max_drawdown": -0.006814074615017596,
        "avg_turnover": 0.09477277464830763,
        "avg_gross_exposure": 0.0544872066361108
      },
      "active_names": 0,
      "gross_exposure_current_day": 0.0
    },
    "aggressive": {
      "cost_bps": 4.0,
      "turnover_cap": 0.2,
      "mr_weight": 0.5,
      "current_date": "2026-01-13",
      "weights": {
        "gate::alpha_fs2_intraday_strength_rvol_interaction__lag1::regime_trend_hi": 0.498174929881413,
        "gate::alpha_fs2_intraday_strength_liq_interaction__lag1::regime_trend_hi": 0.501825070118587
      },
      "evaluation": {
        "days": 50,
        "mean_daily": 0.0005536207392154519,
        "std_daily": 0.0035998357285495297,
        "sharpe": 2.4413493947877263,
        "cum_ret": 0.0277294125271339,
        "max_drawdown": -0.012495912693100797,
        "avg_turnover": 0.18853746468736554,
        "avg_gross_exposure": 0.11156293291667
      },
      "active_names": 2,
      "gross_exposure_current_day": 0.08879081045311887
    }
  }
}






[ARTIFACT] artifacts\freeze_runner\optimal\freeze_current_summary.json





{
  "cost_bps": 4.0,
  "turnover_cap": 0.1,
  "mr_weight": 0.5,
  "current_date": "2026-01-13",
  "weights": {
    "gate::alpha_fs2_intraday_strength_rvol_interaction__lag1::regime_trend_hi": 0.498174929881413,
    "gate::alpha_fs2_intraday_strength_liq_interaction__lag1::regime_trend_hi": 0.501825070118587
  },
  "evaluation": {
    "days": 50,
    "mean_daily": 0.0002833715661141663,
    "std_daily": 0.0022223590004134763,
    "sharpe": 2.0241482823111863,
    "cum_ret": 0.014142797321169631,
    "max_drawdown": -0.006814074615017596,
    "avg_turnover": 0.09477277464830763,
    "avg_gross_exposure": 0.0544872066361108
  },
  "active_names": 0,
  "gross_exposure_current_day": 0.0
}




[ARTIFACT] artifacts\freeze_runner\optimal\freeze_component_train_info.csv





candidate,alpha,regime,kind,train_abs_mean_ic,train_sign_locked,proxy_train_sharpe
gate::alpha_fs2_intraday_strength_rvol_interaction__lag1::regime_trend_hi,alpha_fs2_intraday_strength_rvol_interaction__lag1,regime_trend_hi,gate,0.2112907563199521,-1.0,-1.728333650761066
gate::alpha_fs2_intraday_strength_liq_interaction__lag1::regime_trend_hi,alpha_fs2_intraday_strength_liq_interaction__lag1,regime_trend_hi,gate,0.21283888900412784,-1.0,-1.7652340953415442





[ARTIFACT] artifacts\freeze_runner\optimal\freeze_daily_replay_last_fold.csv




date,gross_ret,cost_ret,net_ret,turnover,gross_exposure,names_active,dynamic_gross_target,equity,rolling_peak,drawdown
2025-10-31,0.0011785729682407392,3.9999999999999996e-05,0.0011385729682407393,0.1,0.1,19,0.2975,1.0011385729682407,1.0011385729682407,0.0
2025-11-03,0.0,3.9999999999999996e-05,-3.9999999999999996e-05,0.1,0.0,0,0.425,1.001098527425322,1.0011385729682407,-4.0000000000040004e-05
2025-11-04,0.000992145703839275,4e-05,0.0009521457038392752,0.1,0.1,19,0.2975,1.0020517190873297,1.0020517190873297,0.0
2025-11-05,0.0,4e-05,-4e-05,0.1,0.0,0,0.425,1.002011637018566,1.0020517190873297,-4.0000000000151026e-05
2025-11-06,0.0015445501268858504,4e-05,0.0015045501268858502,0.1,0.1,19,0.85,1.0035192137541835,1.0035192137541835,0.0
2025-11-07,0.0,4e-05,-4e-05,0.1,0.0,0,0.425,1.0034790729856333,1.0035192137541835,-4.0000000000040004e-05
2025-11-10,0.0008338667381453548,4e-05,0.0007938667381453548,0.1,0.1,19,0.85,1.0042757016441015,1.0042757016441015,0.0
2025-11-11,0.0,4e-05,-4e-05,0.1,0.0,21,0.2975,1.0042355306160358,1.0042757016441015,-4.0000000000040004e-05
2025-11-12,0.0012269395828387963,4e-05,0.0011869395828387965,0.09999999999999999,0.09999999999999999,20,0.2975,1.005427497517817,1.005427497517817,0.0
2025-11-13,9.015237554336983e-05,4e-05,5.015237554336982e-05,0.09999999999999999,0.011183170254281553,21,0.2975,1.005477922095254,1.005477922095254,0.0
2025-11-14,0.001626037734771556,3.9999999999999996e-05,0.0015860377347715563,0.09999999999999999,0.09999999999999999,22,0.2975,1.007072648021177,1.007072648021177,0.0
2025-11-17,-0.0011618929464864993,3.9999999999999996e-05,-0.0012018929464864992,0.09999999999999999,0.0810183960508876,21,0.85,1.0058622545089206,1.007072648021177,-0.001201892946486649
2025-11-18,-0.0005892981618191526,4e-05,-0.0006292981618191526,0.1,0.018981603949112403,21,0.85,1.005229267241115,1.007072648021177,-0.0018304347592837944
2025-11-19,0.012958154187435041,4e-05,0.01291815418743504,0.1,0.1189816039491124,21,0.85,1.018214973909058,1.018214973909058,0.0
2025-11-20,-0.0004964253655579201,4e-05,-0.0005364253655579201,0.1,0.0189816039491124,22,0.85,1.0176687775694624,1.018214973909058,-0.0005364253655578688
2025-11-21,-0.006241018547129999,4e-05,-0.006281018547129999,0.1,0.0810183960508876,22,0.85,1.0112767811027135,1.018214973909058,-0.006814074615017596
2025-11-24,0.00024362814986013997,4e-05,0.00020362814986013995,0.1,0.0189816039491124,25,0.85,1.0114827055226459,1.018214973909058,-0.006611834002564487
2025-11-25,0.0017368539547965166,4e-05,0.0016968539547965165,0.1,0.0810183960508876,22,0.85,1.0131990439517202,1.018214973909058,-0.004926199364443606
2025-11-26,0.0001888483419803316,4e-05,0.00014884834198033157,0.1,0.061186618510918694,21,0.85,1.0133498569495085,1.018214973909058,-0.004778084279070893
2025-11-28,-0.0011272439176754196,4e-05,-0.0011672439176754197,0.1,0.0810183960508876,20,0.85,1.012167030492507,1.018214973909058,-0.005939751006933447
2025-12-01,0.001571121944583928,4.000000000000001e-05,0.0015311219445839277,0.1,0.026986980113785912,24,0.2975,1.0137167816444785,1.018214973909058,-0.004417723545461438
2025-12-02,0.0003477938543102322,4e-05,0.0003077938543102322,0.1,0.07485974587078878,24,0.2975,1.0140287974398798,1.018214973909058,-0.0041112894393086075
2025-12-03,-0.00035841643976671563,4e-05,-0.0003984164397667156,0.1,0.08729789656183384,26,0.85,1.013624791696583,1.018214973909058,-0.004508067873773891
2025-12-04,0.0,3.4919158624733536e-05,-3.4919158624733536e-05,0.08729789656183384,0.0,0,0.425,1.0135893967716958,1.018214973909058,-0.004542829614461508
2025-12-05,0.0002646138791742132,3.9999999999999996e-05,0.0002246138791742131,0.1,0.1,19,0.2975,1.0138170630179946,1.018214973909058,-0.0043192361178694405
2025-12-08,4.7333556545286774e-05,4e-05,7.333556545286784e-06,0.1,0.06259753169141363,21,0.2975,1.0138244979027529,1.018214973909058,-0.004311934236686299
2025-12-09,0.0,2.5039012676565454e-05,-2.5039012676565454e-05,0.06259753169141363,0.0,0,0.425,1.0137991127382981,1.018214973909058,-0.0043368652827867615
2025-12-10,7.505653443604851e-05,3.9999999999999996e-05,3.50565344360485e-05,0.09999999999999999,0.1,19,0.2975,1.013834653021805,1.018214973909058,-0.00430196078381806
2025-12-11,-0.00018217225277339738,4e-05,-0.00022217225277339737,0.1,0.027677449957624008,22,0.2975,1.0136094070930033,1.018214973909058,-0.004523177260272848
2025-12-12,0.0003978653826120109,4.000000000000001e-05,0.0003578653826120109,0.1,0.07988002090394408,23,0.85,1.0139721428112918,1.018214973909058,-0.004166930566221638
2025-12-15,4.061958583729479e-05,4e-05,6.195858372947879e-07,0.1,0.020119979096055923,21,0.2975,1.013972771054071,1.018214973909058,-0.004166313562155466
2025-12-16,0.0,8.04799163842237e-06,-8.04799163842237e-06,0.020119979096055923,0.0,0,0.425,1.0139646106096878,1.018214973909058,-0.0041743280233372815
2025-12-17,0.00026695443426638015,4.000000000000001e-05,0.0002269544342663801,0.10000000000000002,0.1,19,0.2975,1.0141947343742548,1.018214973909058,-0.003948320971325914
2025-12-18,0.00019587906269463598,4e-05,0.00015587906269463596,0.1,0.014006491515605193,22,0.2975,1.0143528260988388,1.018214973909058,-0.003793057369203656
2025-12-19,0.00018451141728574556,4e-05,0.00014451141728574562,0.1,0.0859935084843948,19,0.2975,1.014499411663366,1.018214973909058,-0.0036490940920141934
2025-12-22,0.00011907915934650744,3.9999999999999996e-05,7.907915934650746e-05,0.09999999999999999,0.10981758897705149,23,0.2975,1.014579637423998,1.018214973909058,-0.003570303499960903
2025-12-23,-3.161005268799242e-05,4e-05,-7.161005268799242e-05,0.1,0.009817588977051473,0,0.425,1.0145069833227058,1.018214973909058,-0.0036416578830271717
2025-12-24,0.0027186736284524546,4e-05,0.002678673628452454,0.1,0.09018241102294854,19,0.85,1.0172245164248133,1.018214973909058,-0.0009727390675097203
2025-12-26,0.0002859051738330965,4e-05,0.0002459051738330965,0.1,0.03137667493392081,20,0.85,1.017474657196352,1.018214973909058,-0.0007270730952461113
2025-12-29,-9.007264934737883e-05,4e-05,-0.0001300726493473788,0.1,0.1313766749339208,24,0.85,1.0173423115720466,1.018214973909058,-0.0008570511722698626
2025-12-30,0.0007359027374054985,4e-05,0.0006959027374054985,0.1,0.03137667493392081,22,0.85,1.018050282871548,1.018214973909058,-0.0001617448591211268
2025-12-31,-0.0018939064670205675,4e-05,-0.0019339064670205672,0.1,0.0686233250660792,23,0.85,1.0160814688457507,1.018214973909058,-0.00209533852671262
2026-01-02,0.00039137768215949387,4e-05,0.00035137768215949387,0.1,0.03137667493392081,21,0.85,1.016438497197159,1.018214973909058,-0.0017446970997478939
2026-01-05,0.0007221464235917807,4.000000000000001e-05,0.0006821464235917806,0.1,0.0686233250660792,22,0.2975,1.017131857082823,1.018214973909058,-0.0010637408150430128
2026-01-06,0.0,2.744933002643168e-05,-2.744933002643168e-05,0.06862332506607921,0.0,0,0.425,1.0171039374947974,1.018214973909058,-0.0010911609460968474
2026-01-07,-0.0036279569431980187,4.000000000000001e-05,-0.003667956943198019,0.1,0.1,19,0.85,1.0133732440453094,1.018214973909058,-0.004755115557926404
2026-01-08,0.0,4.000000000000001e-05,-4.000000000000001e-05,0.1,0.0,0,0.425,1.0133327091155475,1.018214973909058,-0.004794925353304169
2026-01-09,0.0,0.0,0.0,0.0,0.0,0,0.425,1.0133327091155475,1.018214973909058,-0.004794925353304169
2026-01-12,0.0008794632212659558,4e-05,0.0008394632212659559,0.1,0.1,19,0.85,1.0141833646557559,1.018214973909058,-0.00395948729552098
2026-01-13,0.0,4e-05,-4e-05,0.1,0.0,21,0.85,1.0141427973211696,1.018214973909058,-0.003999328916029166





[ARTIFACT] artifacts\freeze_runner\optimal\freeze_current_scores_top.csv




date,symbol,target_fwd_ret_1d,regime_trend_hi,regime_trend_lo,trend_score_raw,mr_score_raw,score_raw,score,score_rank_pct
2026-01-13,SLV,0.014638828893676292,1.0,0.0,7.8433870262590215,0.0,7.8433870262590215,7.93255750911697,1.0
2026-01-13,FXI,0.004012036108299588,1.0,0.0,4.286977397692372,0.0,4.286977397692372,4.335715505766539,0.9896907216494846
2026-01-13,WMT,-0.0012480239620682454,1.0,0.0,4.197207883300415,0.0,4.197207883300415,4.244925413030373,0.979381443298969
2026-01-13,TAN,-0.013412531136251848,1.0,0.0,3.8717540436225493,0.0,3.8717540436225493,3.915771529489456,0.9690721649484536
2026-01-13,ORCL,-0.04001388337961598,1.0,0.0,3.1197865161448997,0.0,3.1197865161448997,3.1552549775541086,0.9587628865979382
2026-01-13,JNJ,0.01778978251757568,1.0,0.0,3.0419296968531784,0.0,3.0419296968531784,3.076513013853883,0.9484536082474226
2026-01-13,RTX,0.02052966536644929,1.0,0.0,2.9721694932553206,0.0,2.9721694932553206,3.005959715255324,0.9381443298969072
2026-01-13,ARKK,0.0020474527279177313,1.0,0.0,2.962152862314511,0.0,2.962152862314511,2.995829206494306,0.9278350515463918
2026-01-13,URA,0.028152492668601647,1.0,0.0,2.8298366934576773,0.0,2.8298366934576773,2.862008751717706,0.9175257731958762
2026-01-13,BA,-0.007486499754544962,1.0,0.0,2.3141792393704015,0.0,2.3141792393704015,2.340488852743251,0.9072164948453608
2026-01-13,AMD,0.02785694584903453,1.0,0.0,2.1989705765903906,0.0,2.1989705765903906,2.2239703971332907,0.8969072164948454
2026-01-13,GLD,-0.00021125272868338651,1.0,0.0,2.1815549418618962,0.0,2.1815549418618962,2.2063567662390047,0.8865979381443299
2026-01-13,COST,0.013481397802477701,1.0,0.0,1.9317516336070422,0.0,1.9317516336070422,1.9537134755196843,0.8762886597938144
2026-01-13,CAT,0.007333228197443642,1.0,0.0,1.7067597638488035,0.0,1.7067597638488035,1.726163701427733,0.865979381443299
2026-01-13,AVGO,-0.02601942860418094,1.0,0.0,1.6749680621098055,0.0,1.6749680621098055,1.6940105638211116,0.8556701030927835
2026-01-13,SCHW,0.010509617291284856,1.0,0.0,1.6583021453662936,0.0,1.6583021453662936,1.6771551743614996,0.845360824742268
2026-01-13,EEM,0.0029524140326329107,1.0,0.0,1.5194098898387933,0.0,1.5194098898387933,1.5366838702100882,0.8350515463917526
2026-01-13,LLY,-0.007820660966028181,1.0,0.0,1.4432654960465419,0.0,1.4432654960465419,1.4596738003599488,0.8247422680412371
2026-01-13,VWO,0.0023235031277746288,1.0,0.0,1.3854765559975801,0.0,1.3854765559975801,1.4012278651033347,0.8144329896907216
2026-01-13,LOW,0.010102865540040362,1.0,0.0,1.3684874226310788,0.0,1.3684874226310788,1.384045584411506,0.8041237113402062
2026-01-13,XLP,0.014183522446953534,1.0,0.0,1.2572281624362858,0.0,1.2572281624362858,1.271521431649156,0.7938144329896907
2026-01-13,USO,-0.022219229733382417,1.0,0.0,1.1436690807369512,0.0,1.1436690807369512,1.1566713110001772,0.7835051546391752
2026-01-13,PG,0.011542714957139655,1.0,0.0,1.0416551659069615,0.0,1.0416551659069615,1.0534976127739117,0.7731958762886598
2026-01-13,SBUX,0.009860403279403851,1.0,0.0,1.0062130829533813,0.0,1.0062130829533813,1.0176525932267553,0.7628865979381443
2026-01-13,PEP,0.019421545340219337,1.0,0.0,0.9982067168820469,0.0,0.9982067168820469,1.0095552037842512,0.7525773195876289
2026-01-13,GS,0.00039686796095561583,1.0,0.0,0.9865404729748527,0.0,0.9865404729748527,0.9977563278140388,0.7422680412371134
2026-01-13,DBC,-0.0076368264743738035,1.0,0.0,0.9310358904058758,0.0,0.9310358904058758,0.941620720610942,0.7319587628865979
2026-01-13,GOOGL,0.002327941264248068,1.0,0.0,0.8827769244509265,0.0,0.8827769244509265,0.8928131045279268,0.7216494845360825
2026-01-13,TSLA,-0.00815248074795294,1.0,0.0,0.6782416913616778,0.0,0.6782416913616778,0.6859525360402118,0.711340206185567
2026-01-13,EWJ,-0.0004701457451925517,1.0,0.0,0.6262349428750192,0.0,0.6262349428750192,0.6333545293561825,0.7010309278350515
2026-01-13,GE,-0.01828705128994823,1.0,0.0,0.5969901430721358,0.0,0.5969901430721358,0.6037772490941841,0.6907216494845361
2026-01-13,XLI,0.0029918182928259096,1.0,0.0,0.5542873251247777,0.0,0.5542873251247777,0.5605889481682337,0.6804123711340206
2026-01-13,HON,-0.003787701660046716,1.0,0.0,0.40567921468472307,0.0,0.40567921468472307,0.4102913307689811,0.6701030927835051
2026-01-13,VEA,0.0016985793699659801,1.0,0.0,0.38702226180685795,0.0,0.38702226180685795,0.3914222693350537,0.6597938144329897
2026-01-13,EFA,0.0011089827603487645,1.0,0.0,0.3755285725619686,0.0,0.3755285725619686,0.3797979097794485,0.6494845360824743
2026-01-13,DE,0.017626135166820323,1.0,0.0,0.33613144467545364,0.0,0.33613144467545364,0.33995288088982156,0.6391752577319587
2026-01-13,XLB,-2.0539125955565396e-14,1.0,0.0,0.33038316941740464,0.0,0.33038316941740464,0.334139254211698,0.6288659793814433
2026-01-13,EOG,0.01942373193407887,1.0,0.0,0.2700694089512351,0.0,0.2700694089512351,0.2731397941713851,0.6185567010309279
2026-01-13,IWM,0.007888791023624053,1.0,0.0,0.2624099585298977,0.0,0.2624099585298977,0.26539326441936945,0.6082474226804123
2026-01-13,SOXX,0.0026281605896716353,1.0,0.0,0.25356845150160784,0.0,0.25356845150160784,0.25645123940716974,0.5979381443298969
2026-01-13,XLK,-0.005498281786948445,1.0,0.0,0.21326766251248466,0.0,0.21326766251248466,0.2156922758052568,0.5876288659793815
2026-01-13,INDA,0.004337985665767485,1.0,0.0,0.19566560989828619,0.0,0.19566560989828619,0.19789010766371737,0.5773195876288659
2026-01-13,BLK,0.01991536902281954,1.0,0.0,0.14922398431996184,0.0,0.14922398431996184,0.1509204930720162,0.5670103092783505
2026-01-13,SMH,-0.0015682846565224784,1.0,0.0,0.13955633370141068,0.0,0.13955633370141068,0.14114293214674778,0.5567010309278351
2026-01-13,VXX,-0.0012884226026503853,1.0,0.0,0.12035515340966213,0.0,0.12035515340966213,0.12172345604576203,0.5463917525773195
2026-01-13,AAPL,0.001811245134683226,1.0,0.0,0.1013625114238822,0.0,0.1013625114238822,0.1025148890965766,0.5360824742268041
2026-01-13,XLRE,0.01198044009777477,1.0,0.0,0.05654144914986807,0.0,0.05654144914986807,0.05718426179003261,0.5257731958762887
2026-01-13,UVXY,0.0014878939537128488,1.0,0.0,0.04114126342936363,0.0,0.04114126342936363,0.04160899329059581,0.5154639175257731
2026-01-13,MU,-0.004449886512964296,1.0,0.0,0.0,-0.0,0.0,0.0,0.5051546391752577
2026-01-13,VIXY,-0.0011411182959678579,1.0,0.0,-0.012134592000841871,-0.0,-0.012134592000841871,-0.01227254865456515,0.4948453608247423






[ARTIFACT] artifacts\freeze_runner\optimal\freeze_current_book.csv - пустий файл









[ARTIFACT] artifacts\freeze_runner\aggressive\freeze_current_summary.json





{
  "cost_bps": 4.0,
  "turnover_cap": 0.2,
  "mr_weight": 0.5,
  "current_date": "2026-01-13",
  "weights": {
    "gate::alpha_fs2_intraday_strength_rvol_interaction__lag1::regime_trend_hi": 0.498174929881413,
    "gate::alpha_fs2_intraday_strength_liq_interaction__lag1::regime_trend_hi": 0.501825070118587
  },
  "evaluation": {
    "days": 50,
    "mean_daily": 0.0005536207392154519,
    "std_daily": 0.0035998357285495297,
    "sharpe": 2.4413493947877263,
    "cum_ret": 0.0277294125271339,
    "max_drawdown": -0.012495912693100797,
    "avg_turnover": 0.18853746468736554,
    "avg_gross_exposure": 0.11156293291667
  },
  "active_names": 2,
  "gross_exposure_current_day": 0.08879081045311887
}




[ARTIFACT] artifacts\freeze_runner\aggressive\freeze_component_train_info.csv




candidate,alpha,regime,kind,train_abs_mean_ic,train_sign_locked,proxy_train_sharpe
gate::alpha_fs2_intraday_strength_rvol_interaction__lag1::regime_trend_hi,alpha_fs2_intraday_strength_rvol_interaction__lag1,regime_trend_hi,gate,0.2112907563199521,-1.0,-1.728333650761066
gate::alpha_fs2_intraday_strength_liq_interaction__lag1::regime_trend_hi,alpha_fs2_intraday_strength_liq_interaction__lag1,regime_trend_hi,gate,0.21283888900412784,-1.0,-1.7652340953415442






[ARTIFACT] artifacts\freeze_runner\aggressive\freeze_daily_replay_last_fold.csv





date,gross_ret,cost_ret,net_ret,turnover,gross_exposure,names_active,dynamic_gross_target,equity,rolling_peak,drawdown
2025-10-31,0.0017385980480859597,8e-05,0.0016585980480859598,0.2,0.19999999999999998,19,0.2975,1.0016585980480859,1.0016585980480859,0.0
2025-11-03,0.0,8e-05,-8e-05,0.2,0.0,0,0.425,1.001578465360242,1.0016585980480859,-8.000000000008001e-05
2025-11-04,0.0013959017099902766,8e-05,0.0013159017099902768,0.2,0.2,19,0.2975,1.0028964441754988,1.0028964441754988,0.0
2025-11-05,2.3289975890534623e-19,8e-05,-7.999999999999978e-05,0.2,1.0408340855860843e-17,0,0.425,1.0028162124599649,1.0028964441754988,-7.999999999985796e-05
2025-11-06,0.00589780716159097,8e-05,0.00581780716159097,0.2,0.2,19,0.85,1.0086504038025739,1.0086504038025739,0.0
2025-11-07,0.0,8e-05,-8e-05,0.2,0.0,0,0.425,1.0085697117702697,1.0086504038025739,-7.999999999996898e-05
2025-11-10,0.0006435971065871292,7.999999999999999e-05,0.0005635971065871292,0.2,0.2,19,0.85,1.0091381387416147,1.0091381387416147,0.0
2025-11-11,-3.712495198782838e-19,8e-05,-8.000000000000037e-05,0.2,1.3877787807814457e-17,21,0.2975,1.0090574076905154,1.0091381387416147,-7.999999999996898e-05
2025-11-12,0.002662508673035159,8e-05,0.002582508673035159,0.2,0.2,20,0.2975,1.0116633071974666,1.0116633071974666,0.0
2025-11-13,-0.0005422977077931669,8e-05,-0.0006222977077931668,0.19999999999999998,0.04517441175527344,21,0.2975,1.0110337514403391,1.0116633071974666,-0.0006222977077930958
2025-11-14,0.0021359321101113715,8.000000000000002e-05,0.0020559321101113713,0.20000000000000004,0.20207632003607087,22,0.2975,1.0131123681943317,1.0131123681943317,0.0
2025-11-17,-0.0011003475334927146,8.000000000000002e-05,-0.0011803475334927146,0.2,0.07894207601481677,21,0.85,1.0119165435093826,1.0131123681943317,-0.0011803475334926095
2025-11-18,-0.0023613952947799657,8e-05,-0.002441395294779966,0.2,0.12105792398518324,21,0.85,1.009446055221349,1.0131123681943317,-0.0036188611333580756
2025-11-19,0.020879483055137267,8e-05,0.020799483055137267,0.2,0.21750199098096507,21,0.85,1.0304420113420005,1.0304420113420005,0.0
2025-11-20,-0.0004558482392820247,8e-05,-0.0005358482392820248,0.2,0.01750199098096504,22,0.85,1.0298898508045407,1.0304420113420005,-0.0005358482392820996
2025-11-21,-0.011514298077811212,7.999999999999999e-05,-0.01159429807781121,0.19999999999999998,0.1828046488862219,22,0.85,1.0179490008870002,1.0304420113420005,-0.012123933532882658
2025-11-24,-0.00029654435899882344,8e-05,-0.0003765443589988235,0.2,0.02791610583558958,25,0.85,1.0175656979329677,1.0304420113420005,-0.012495912693100797
2025-11-25,0.003131441383007686,8.000000000000002e-05,0.003051441383007686,0.2,0.17208389416441044,22,0.85,1.0206707400135693,1.0304420113420005,-0.009482601855203443
2025-11-26,0.0013789625669425787,8e-05,0.0012989625669425787,0.2,0.19304434286043043,21,0.85,1.0219965530980206,1.0304420113420005,-0.00819595683310792
2025-11-28,0.0005888661698831349,8e-05,0.0005088661698831346,0.2,0.14717027062300447,20,0.85,1.0225166125696294,1.0304420113420005,-0.007691261308386932
2025-12-01,0.002027849028769836,8e-05,0.0019478490287698359,0.2,0.10495696361999268,24,0.2975,1.0245083205603243,1.0304420113420005,-0.0057583936954865855
2025-12-02,0.0008154637712696661,8e-05,0.0007354637712696661,0.2,0.1591367958908282,24,0.2975,1.025261809313461,1.0304420113420005,-0.005027165014160451
2025-12-03,0.0001709608770460066,7.999999999999999e-05,9.096087704600655e-05,0.19999999999999998,0.11437768712956432,26,0.85,1.025355068026838,1.0304420113420005,-0.0049366614124530805
2025-12-04,0.0,4.575107485182573e-05,-4.575107485182573e-05,0.11437768712956432,0.0,0,0.425,1.025308156930371,1.0304420113420005,-0.004982186629739038
2025-12-05,9.847001695224229e-05,8e-05,1.8470016952242213e-05,0.2,0.2,19,0.2975,1.0253270943894108,1.0304420113420005,-0.004963808633858258
2025-12-08,-5.053128501517198e-05,8e-05,-0.00013053128501517195,0.2,0.08108900593797877,21,0.2975,1.0251932571262192,1.0304420113420005,-0.005093691986553961
2025-12-09,0.0,3.2435602375191506e-05,-3.2435602375191506e-05,0.08108900593797877,0.0,0,0.425,1.0251600043653732,1.0304420113420005,-0.00512596237196139
2025-12-10,-0.000305145179168181,8.000000000000002e-05,-0.0003851451791681811,0.20000000000000004,0.20000000000000004,19,0.2975,1.0247651689318158,1.0304420113420005,-0.005509133311433434
2025-12-11,-0.0012587081740832338,8.000000000000002e-05,-0.0013387081740832336,0.20000000000000004,0.055761665056800074,22,0.2975,1.023393307423651,1.0304420113420005,-0.006840466363720599
2025-12-12,0.0013880367804633951,8.000000000000002e-05,0.001308036780463395,0.20000000000000004,0.15179580580476806,23,0.85,1.0247319435106412,1.0304420113420005,-0.005541377164856476
2025-12-15,0.0001099775646308502,8e-05,2.9977564630849994e-05,0.19999999999999998,0.07982373051689473,21,0.2975,1.0247626624787072,1.0304420113420005,-0.00551156571721767
2025-12-16,0.0,3.1929492206757894e-05,-3.1929492206757894e-05,0.07982373051689473,0.0,0,0.425,1.0247299423272618,1.0304420113420005,-0.005543319227929833
2025-12-17,0.0008597058997079304,7.999999999999999e-05,0.0007797058997079303,0.19999999999999998,0.19999999999999996,19,0.2975,1.0255289303089017,1.0304420113420005,-0.004767935486927888
2025-12-18,0.0001958790626946365,8e-05,0.00011587906269463648,0.2,0.014006491515605221,22,0.2975,1.0256477676401121,1.0304420113420005,-0.0046526089281284655
2025-12-19,0.0004388581767641845,8e-05,0.0003588581767641846,0.2,0.18599350848439478,19,0.2975,1.0260158297280098,1.0304420113420005,-0.004295420378121362
2025-12-22,0.0006459039931794913,8.000000000000002e-05,0.0005659039931794912,0.20000000000000004,0.1838322365904111,23,0.2975,1.0265964561831182,1.0304420113420005,-0.0037319471804861948
2025-12-23,0.0,7.353289463616444e-05,-7.353289463616444e-05,0.1838322365904111,0.0,0,0.425,1.0265209675740719,1.0304420113420005,-0.003805205654243582
2025-12-24,0.002742041859644068,8e-05,0.0026620418596440673,0.2,0.2,19,0.85,1.0292536093595563,1.0304420113420005,-0.001153293411335632
2025-12-26,0.00017725329714636697,8e-05,9.725329714636697e-05,0.2,0.02155908595686934,20,0.85,1.0293537076666663,1.0304420113420005,-0.0010561522757761566
2025-12-29,0.000858414989409586,8e-05,0.0007784149894095861,0.2,0.22155908595686935,24,0.85,1.0301549720221186,1.0304420113420005,-0.00027855941112897575
2025-12-30,0.0008225684859485892,8.000000000000002e-05,0.0007425684859485893,0.2,0.10611119681114908,22,0.85,1.0309199326399854,1.0309199326399854,0.0
2025-12-31,-0.0028592129870160026,7.999999999999999e-05,-0.002939212987016003,0.19999999999999998,0.1689816759807719,23,0.85,1.0278898393853961,1.0309199326399854,-0.00293921298701616
2026-01-02,0.00046426929747716054,8e-05,0.00038426929747716054,0.2,0.06734634981112303,21,0.85,1.0282848258918607,1.0309199326399854,-0.002556073138848647
2026-01-05,0.00044832789890299023,8e-05,0.00036832789890299013,0.2,0.1677505741934286,22,0.2975,1.0286635718812553,1.0309199326399854,-0.0021886867129942145
2026-01-06,0.0,6.710022967737145e-05,-6.710022967737145e-05,0.16775057419342862,0.0,0,0.425,1.0285945483193213,1.0309199326399854,-0.002255640081290533
2026-01-07,-0.0008677511433767837,8.000000000000002e-05,-0.0009477511433767837,0.2,0.2,19,0.85,1.0276196966600806,1.0309199326399854,-0.0032012534392011904
2026-01-08,0.0,8.000000000000002e-05,-8.000000000000002e-05,0.2,0.0,0,0.425,1.027537487084348,1.0309199326399854,-0.0032809973389259506
2026-01-09,0.0,0.0,0.0,0.0,0.0,0,0.425,1.027537487084348,1.0309199326399854,-0.0032809973389259506
2026-01-12,5.492111423192219e-05,8e-05,-2.5078885768077693e-05,0.2,0.2,19,0.85,1.0275117175890869,1.0309199326399854,-0.003305993940936558
2026-01-13,0.0002918661367267333,8e-05,0.00021186613672673335,0.2,0.08879081045311887,21,0.85,1.027729412527134,1.0309199326399854,-0.0030948282323741694







[ARTIFACT] artifacts\freeze_runner\aggressive\freeze_current_scores_top.csv




date,symbol,target_fwd_ret_1d,regime_trend_hi,regime_trend_lo,trend_score_raw,mr_score_raw,score_raw,score,score_rank_pct
2026-01-13,SLV,0.014638828893676292,1.0,0.0,7.8433870262590215,0.0,7.8433870262590215,7.93255750911697,1.0
2026-01-13,FXI,0.004012036108299588,1.0,0.0,4.286977397692372,0.0,4.286977397692372,4.335715505766539,0.9896907216494846
2026-01-13,WMT,-0.0012480239620682454,1.0,0.0,4.197207883300415,0.0,4.197207883300415,4.244925413030373,0.979381443298969
2026-01-13,TAN,-0.013412531136251848,1.0,0.0,3.8717540436225493,0.0,3.8717540436225493,3.915771529489456,0.9690721649484536
2026-01-13,ORCL,-0.04001388337961598,1.0,0.0,3.1197865161448997,0.0,3.1197865161448997,3.1552549775541086,0.9587628865979382
2026-01-13,JNJ,0.01778978251757568,1.0,0.0,3.0419296968531784,0.0,3.0419296968531784,3.076513013853883,0.9484536082474226
2026-01-13,RTX,0.02052966536644929,1.0,0.0,2.9721694932553206,0.0,2.9721694932553206,3.005959715255324,0.9381443298969072
2026-01-13,ARKK,0.0020474527279177313,1.0,0.0,2.962152862314511,0.0,2.962152862314511,2.995829206494306,0.9278350515463918
2026-01-13,URA,0.028152492668601647,1.0,0.0,2.8298366934576773,0.0,2.8298366934576773,2.862008751717706,0.9175257731958762
2026-01-13,BA,-0.007486499754544962,1.0,0.0,2.3141792393704015,0.0,2.3141792393704015,2.340488852743251,0.9072164948453608
2026-01-13,AMD,0.02785694584903453,1.0,0.0,2.1989705765903906,0.0,2.1989705765903906,2.2239703971332907,0.8969072164948454
2026-01-13,GLD,-0.00021125272868338651,1.0,0.0,2.1815549418618962,0.0,2.1815549418618962,2.2063567662390047,0.8865979381443299
2026-01-13,COST,0.013481397802477701,1.0,0.0,1.9317516336070422,0.0,1.9317516336070422,1.9537134755196843,0.8762886597938144
2026-01-13,CAT,0.007333228197443642,1.0,0.0,1.7067597638488035,0.0,1.7067597638488035,1.726163701427733,0.865979381443299
2026-01-13,AVGO,-0.02601942860418094,1.0,0.0,1.6749680621098055,0.0,1.6749680621098055,1.6940105638211116,0.8556701030927835
2026-01-13,SCHW,0.010509617291284856,1.0,0.0,1.6583021453662936,0.0,1.6583021453662936,1.6771551743614996,0.845360824742268
2026-01-13,EEM,0.0029524140326329107,1.0,0.0,1.5194098898387933,0.0,1.5194098898387933,1.5366838702100882,0.8350515463917526
2026-01-13,LLY,-0.007820660966028181,1.0,0.0,1.4432654960465419,0.0,1.4432654960465419,1.4596738003599488,0.8247422680412371
2026-01-13,VWO,0.0023235031277746288,1.0,0.0,1.3854765559975801,0.0,1.3854765559975801,1.4012278651033347,0.8144329896907216
2026-01-13,LOW,0.010102865540040362,1.0,0.0,1.3684874226310788,0.0,1.3684874226310788,1.384045584411506,0.8041237113402062
2026-01-13,XLP,0.014183522446953534,1.0,0.0,1.2572281624362858,0.0,1.2572281624362858,1.271521431649156,0.7938144329896907
2026-01-13,USO,-0.022219229733382417,1.0,0.0,1.1436690807369512,0.0,1.1436690807369512,1.1566713110001772,0.7835051546391752
2026-01-13,PG,0.011542714957139655,1.0,0.0,1.0416551659069615,0.0,1.0416551659069615,1.0534976127739117,0.7731958762886598
2026-01-13,SBUX,0.009860403279403851,1.0,0.0,1.0062130829533813,0.0,1.0062130829533813,1.0176525932267553,0.7628865979381443
2026-01-13,PEP,0.019421545340219337,1.0,0.0,0.9982067168820469,0.0,0.9982067168820469,1.0095552037842512,0.7525773195876289
2026-01-13,GS,0.00039686796095561583,1.0,0.0,0.9865404729748527,0.0,0.9865404729748527,0.9977563278140388,0.7422680412371134
2026-01-13,DBC,-0.0076368264743738035,1.0,0.0,0.9310358904058758,0.0,0.9310358904058758,0.941620720610942,0.7319587628865979
2026-01-13,GOOGL,0.002327941264248068,1.0,0.0,0.8827769244509265,0.0,0.8827769244509265,0.8928131045279268,0.7216494845360825
2026-01-13,TSLA,-0.00815248074795294,1.0,0.0,0.6782416913616778,0.0,0.6782416913616778,0.6859525360402118,0.711340206185567
2026-01-13,EWJ,-0.0004701457451925517,1.0,0.0,0.6262349428750192,0.0,0.6262349428750192,0.6333545293561825,0.7010309278350515
2026-01-13,GE,-0.01828705128994823,1.0,0.0,0.5969901430721358,0.0,0.5969901430721358,0.6037772490941841,0.6907216494845361
2026-01-13,XLI,0.0029918182928259096,1.0,0.0,0.5542873251247777,0.0,0.5542873251247777,0.5605889481682337,0.6804123711340206
2026-01-13,HON,-0.003787701660046716,1.0,0.0,0.40567921468472307,0.0,0.40567921468472307,0.4102913307689811,0.6701030927835051
2026-01-13,VEA,0.0016985793699659801,1.0,0.0,0.38702226180685795,0.0,0.38702226180685795,0.3914222693350537,0.6597938144329897
2026-01-13,EFA,0.0011089827603487645,1.0,0.0,0.3755285725619686,0.0,0.3755285725619686,0.3797979097794485,0.6494845360824743
2026-01-13,DE,0.017626135166820323,1.0,0.0,0.33613144467545364,0.0,0.33613144467545364,0.33995288088982156,0.6391752577319587
2026-01-13,XLB,-2.0539125955565396e-14,1.0,0.0,0.33038316941740464,0.0,0.33038316941740464,0.334139254211698,0.6288659793814433
2026-01-13,EOG,0.01942373193407887,1.0,0.0,0.2700694089512351,0.0,0.2700694089512351,0.2731397941713851,0.6185567010309279
2026-01-13,IWM,0.007888791023624053,1.0,0.0,0.2624099585298977,0.0,0.2624099585298977,0.26539326441936945,0.6082474226804123
2026-01-13,SOXX,0.0026281605896716353,1.0,0.0,0.25356845150160784,0.0,0.25356845150160784,0.25645123940716974,0.5979381443298969
2026-01-13,XLK,-0.005498281786948445,1.0,0.0,0.21326766251248466,0.0,0.21326766251248466,0.2156922758052568,0.5876288659793815
2026-01-13,INDA,0.004337985665767485,1.0,0.0,0.19566560989828619,0.0,0.19566560989828619,0.19789010766371737,0.5773195876288659
2026-01-13,BLK,0.01991536902281954,1.0,0.0,0.14922398431996184,0.0,0.14922398431996184,0.1509204930720162,0.5670103092783505
2026-01-13,SMH,-0.0015682846565224784,1.0,0.0,0.13955633370141068,0.0,0.13955633370141068,0.14114293214674778,0.5567010309278351
2026-01-13,VXX,-0.0012884226026503853,1.0,0.0,0.12035515340966213,0.0,0.12035515340966213,0.12172345604576203,0.5463917525773195
2026-01-13,AAPL,0.001811245134683226,1.0,0.0,0.1013625114238822,0.0,0.1013625114238822,0.1025148890965766,0.5360824742268041
2026-01-13,XLRE,0.01198044009777477,1.0,0.0,0.05654144914986807,0.0,0.05654144914986807,0.05718426179003261,0.5257731958762887
2026-01-13,UVXY,0.0014878939537128488,1.0,0.0,0.04114126342936363,0.0,0.04114126342936363,0.04160899329059581,0.5154639175257731
2026-01-13,MU,-0.004449886512964296,1.0,0.0,0.0,-0.0,0.0,0.0,0.5051546391752577
2026-01-13,VIXY,-0.0011411182959678579,1.0,0.0,-0.012134592000841871,-0.0,-0.012134592000841871,-0.01227254865456515,0.4948453608247423














[ARTIFACT] artifacts\freeze_runner\aggressive\freeze_current_book.csv




date,symbol,target_fwd_ret_1d,regime_trend_hi,regime_trend_lo,trend_score_raw,mr_score_raw,score_raw,score,rank_pct,side,raw_strength,weight,dynamic_gross_target,dynamic_gross_reason,prev_weight,target_weight,trade_delta_target,trade_abs_raw,trade_delta,trade_abs_after,trade_priority,trade_strength,trade_abs_unfilled,raw_turnover,capped_turnover,cap_hit,turnover_budget_left,turnover,gross_ret,cost_ret,net_ret,abs_weight
2026-01-13,SLV,0.014638828893676292,1.0,0.0,7.8433870262590215,0.0,7.8433870262590215,7.93255750911697,1.0,1.0,7.93255750911697,0.03804499833662663,0.85,trend_hi,0.0,0.05074581211649224,0.05074581211649224,0.05074581211649224,0.03804499833662663,0.03804499833662663,new_entry,1.0,0.012700813779865608,0.9612091895468812,0.2,1,0.0,0.03804499833662663,0.0005569342209100764,1.5217999334650654e-05,0.0005417162215754258,0.03804499833662663
2026-01-13,QCOM,0.005223447475327658,1.0,0.0,-6.857546070261279,-0.0,-6.857546070261279,-6.935508651000773,0.010309278350515464,-1.0,6.935508651000773,-0.05074581211649224,0.85,trend_hi,-0.04439540522655944,-0.05074581211649224,-0.006350406889932804,0.006350406889932804,-0.006350406889932804,0.006350406889932804,keep_add,0.9896907216494846,0.0,0.9612091895468812,0.2,1,0.0,0.006350406889932804,-0.0002650680841833431,2.5401627559731218e-06,-0.00026760824693931623,0.05074581211649224




