PS C:\Users\Dmytro Govor\Documents\Python-Edge> python .\scripts\run_universe_builder.py
[CFG] output_dir=artifacts\daily_cycle\universe
[CFG] universe_profile=trading_us_core_v1
[CFG] target_size=400 top_n=400
[CFG] history_lookback_days=45
[CFG] rebalance_freq=weekly reuse_last=True
[CFG] eligibility.min_price=7.5
[CFG] eligibility.min_median_dollar_vol_20d=10,000,000
[CFG] eligibility.min_history_days=25
[CFG] eligibility.allowed_ticker_types=('CS',)
[SECTOR_CAP] per_sector mode global_fallback=25
[SECTOR_CAP]   broad_sector='technology' selected=43 cap=60
[SECTOR_CAP]   broad_sector='financials' selected=39 cap=40
[SECTOR_CAP]   broad_sector='consumer_cyclical' selected=26 cap=30
[SECTOR_CAP]   broad_sector='healthcare' selected=24 cap=45
[SECTOR_CAP]   broad_sector='industrials' selected=23 cap=35
[SECTOR_CAP]   broad_sector='materials' selected=17 cap=20
[SECTOR_CAP]   broad_sector='other' selected=15 cap=15
[SECTOR_CAP]   broad_sector='consumer_staples' selected=12 cap=20
[SECTOR_CAP]   broad_sector='real_estate' selected=11 cap=20
[SECTOR_CAP]   broad_sector='energy' selected=8 cap=20
[SECTOR_CAP]   broad_sector='utilities' selected=8 cap=25
[SECTOR_CAP]   broad_sector='communication' selected=3 cap=20
[ELIG][universe_builder] candidates=5156 eligible=970 dropped=4186
[ELIG][universe_builder]   dropped_price=1805
[ELIG][universe_builder]   dropped_liquidity=4164
[ELIG][universe_builder]   dropped_history=4157
[ELIG][universe_builder]   dropped_nan_ratio=4156
[ELIG][universe_builder]   dropped_missing_days=4157
[OK] snapshot=artifacts\daily_cycle\universe\universe_snapshot.parquet rows=229
[OK] eligibility_debug=artifacts\daily_cycle\universe\universe_eligibility_debug.parquet
[OK] summary=artifacts\daily_cycle\universe\universe_summary.json
[OK] eligibility_dropped=artifacts\daily_cycle\universe\universe_eligibility_dropped.csv
[OK] eligibility_eligible=artifacts\daily_cycle\universe\universe_eligibility_eligible.csv
[OK] eligibility_counters=artifacts\daily_cycle\universe\universe_eligibility_counters.json
[FINAL] universe builder complete snapshot=artifacts\daily_cycle\universe\universe_snapshot.parquet summary=artifacts\daily_cycle\universe\universe_summary.json