PS C:\Users\Dmytro Govor\Documents\Python-Edge> python .\scripts\run_broker_adapter_ibkr.py
[CFG] execution_root=artifacts\execution_loop
[CFG] broker_name=MEXEM broker_platform=IBKR
[CFG] configs=['optimal', 'aggressive']
[CFG] ib_host=127.0.0.1 ib_port=7497 ib_client_id=42
[CFG] ib_account_code=
[CFG] ib_order_type=LMT ib_time_in_force=DAY ib_outside_rth=1
[CFG] ib_exchange=SMART ib_primary_exchange= ib_currency=USD ib_security_type=STK
[CFG] ib_allow_fractional=1
[CFG] ib_fractional_reject_codes=[10243, 10247, 10248, 10249, 10250] ib_fractional_failure_mode=review
[CFG] ib_refresh_positions_on_connect=0 ib_require_positions_on_connect=0 ib_positions_timeout_sec=20.0
[CFG] ib_extended_hours_force_lmt=1 ib_lmt_price_bps=25.0 ib_lmt_price_min_abs=0.01
[CFG] fractional_probe_qty=0.37 fractional_probe_symbol=AAPL fractional_probe_side=BUY fractional_probe_config=aggressive
[CFG] extended-hours path will use limit orders
[CFG] symbol_map_entries=0
[IB] connecting host=127.0.0.1 port=7497 client_id=42
[IB] connectAck received
[IB] nextValidId=1
[IB] managedAccounts=DUP561175
[IB] connected next_valid_id=1 managed_accounts=DUP561175
[IB][ERROR] reqId=-1 code=2104 msg=Market data farm connection is OK:usfarm.nj
[IB][ERROR] reqId=-1 code=2104 msg=Market data farm connection is OK:usfuture
[IB][ERROR] reqId=-1 code=2104 msg=Market data farm connection is OK:cashfarm
[IB][ERROR] reqId=-1 code=2104 msg=Market data farm connection is OK:usfarm
[IB][ERROR] reqId=-1 code=2106 msg=HMDS data farm connection is OK:euhmds
[IB][ERROR] reqId=-1 code=2106 msg=HMDS data farm connection is OK:fundfarm
[IB][ERROR] reqId=-1 code=2106 msg=HMDS data farm connection is OK:ushmds
[IB][ERROR] reqId=-1 code=2158 msg=Sec-def data farm connection is OK:secdefil
[IB] openOrderEnd
[IB] initial positions refresh skipped by config
[BROKER][optimal] orders=artifacts\execution_loop\optimal\orders.csv
[BROKER][optimal] total_rows=4 live_orders=4 prepared_orders=4
[BROKER][optimal][PREVIEW]
symbol broker_symbol side  qty  order_notional                  client_tag  fractional_probe  fractional_qty
  AAPL          AAPL  BUY  1.0           219.5 pe-f8517c89ebfe574b2eb7427b                 0               0
  MSFT          MSFT  BUY  1.0           428.1 pe-d76595b188fb79242d649e8c                 0               0
  NVDA          NVDA SELL  1.0           118.4 pe-0b229f2ecccf0a990f12771e                 0               0
  AMZN          AMZN SELL  1.0           201.7 pe-f6f1585ea949ed84617cb29a                 0               0
[IB][ERROR] reqId=1 code=110 msg=The price does not conform to the minimum price variation for this contract.
[IB] openOrderEnd
[IB] openOrderEnd
[IB] openOrderEnd
[IB] openOrderEnd
[IB] openOrderEnd
[IB] openOrderEnd
[BROKER][optimal][API_ERROR] symbol=AAPL broker_symbol=AAPL side=BUY qty=1.00000000 code=110 msg=The price does not conform to the minimum price variation for this contract.
[IB][ERROR] reqId=2 code=110 msg=The price does not conform to the minimum price variation for this contract.
[IB] openOrderEnd
[IB] openOrderEnd
[IB] openOrderEnd
[IB] openOrderEnd
[IB] openOrderEnd
[IB] openOrderEnd
[BROKER][optimal][API_ERROR] symbol=MSFT broker_symbol=MSFT side=BUY qty=1.00000000 code=110 msg=The price does not conform to the minimum price variation for this contract.
[IB][ERROR] reqId=3 code=110 msg=The price does not conform to the minimum price variation for this contract.
[IB] openOrderEnd
[IB] openOrderEnd
[IB] openOrderEnd
[IB] openOrderEnd
[IB] openOrderEnd
[IB] openOrderEnd
[BROKER][optimal][API_ERROR] symbol=NVDA broker_symbol=NVDA side=SELL qty=1.00000000 code=110 msg=The price does not conform to the minimum price variation for this contract.
[IB][ERROR] reqId=4 code=110 msg=The price does not conform to the minimum price variation for this contract.
[IB] openOrderEnd
[IB] openOrderEnd
[IB] openOrderEnd
[IB] openOrderEnd
[IB] openOrderEnd
[IB] openOrderEnd
[BROKER][optimal][API_ERROR] symbol=AMZN broker_symbol=AMZN side=SELL qty=1.00000000 code=110 msg=The price does not conform to the minimum price variation for this contract.
[BROKER][optimal][SUMMARY] sent=0 duplicate_skipped=0 errors=4 fractional_rejected=0 fills_csv=artifacts\execution_loop\optimal\fills.csv broker_log_json=artifacts\execution_loop\optimal\broker_log.json manual_review_csv=artifacts\execution_loop\optimal\broker_fractional_manual_review.csv
[BROKER][aggressive] orders=artifacts\execution_loop\aggressive\orders.csv
[FRACTIONAL_PROBE] enabled config=aggressive symbol=AAPL side=BUY qty=0.37000000 price_hint=180.0000
[BROKER][aggressive] total_rows=6 live_orders=6 prepared_orders=7
[BROKER][aggressive][PREVIEW]
symbol broker_symbol side   qty  order_notional                  client_tag  fractional_probe  fractional_qty
  HOOD          HOOD SELL 37.00         3700.00 pe-f6fe8284951d8f4b2780141f                 0               0
  CRCL          CRCL SELL 16.00         1661.76 pe-0a0774038f4a27349478f3ef                 0               0
   NEM           NEM SELL 16.00         1624.32 pe-7663d388df6740364bd75150                 0               0
  INTC          INTC SELL 25.00         1179.50 pe-2a0e6e622510b8e9cde02cc1                 0               0
  RKLB          RKLB SELL  6.00          437.28 pe-4db0336251102d6f29705380                 0               0
  SHOP          SHOP SELL  3.00          300.00 pe-ffb822532496ef239190a2b8                 0               0
  AAPL          AAPL  BUY  0.37           66.60 pe-31314f129bc5c677a0a27290                 1               1
[BROKER][aggressive][SKIP] symbol=HOOD side=SELL qty=37.00000000 duplicate_status=submitted
[IB][ERROR] reqId=5 code=110 msg=The price does not conform to the minimum price variation for this contract.
[IB] openOrderEnd
[IB] openOrderEnd
[IB] openOrderEnd
[IB] openOrderEnd
[IB] openOrderEnd
[IB] openOrderEnd
[BROKER][aggressive][API_ERROR] symbol=CRCL broker_symbol=CRCL side=SELL qty=16.00000000 code=110 msg=The price does not conform to the minimum price variation for this contract.
[IB][ERROR] reqId=6 code=110 msg=The price does not conform to the minimum price variation for this contract.
[IB] openOrderEnd
[IB] openOrderEnd
[IB] openOrderEnd
[IB] openOrderEnd
[IB] openOrderEnd
[IB] openOrderEnd
[BROKER][aggressive][API_ERROR] symbol=NEM broker_symbol=NEM side=SELL qty=16.00000000 code=110 msg=The price does not conform to the minimum price variation for this contract.
[IB][ERROR] reqId=7 code=110 msg=The price does not conform to the minimum price variation for this contract.
[IB] openOrderEnd
[IB] openOrderEnd
[IB] openOrderEnd
[IB] openOrderEnd
[IB] openOrderEnd
[IB] openOrderEnd
[BROKER][aggressive][API_ERROR] symbol=INTC broker_symbol=INTC side=SELL qty=25.00000000 code=110 msg=The price does not conform to the minimum price variation for this contract.
[IB][ERROR] reqId=8 code=110 msg=The price does not conform to the minimum price variation for this contract.
[IB] openOrderEnd
[IB] openOrderEnd
[IB] openOrderEnd
[IB] openOrderEnd
[IB] openOrderEnd
[IB] openOrderEnd
[BROKER][aggressive][API_ERROR] symbol=RKLB broker_symbol=RKLB side=SELL qty=6.00000000 code=110 msg=The price does not conform to the minimum price variation for this contract.
[BROKER][aggressive][SKIP] symbol=SHOP side=SELL qty=3.00000000 duplicate_status=submitted
[IB][ERROR] reqId=9 code=10243 msg=Fractional-sized order cannot be placed via API. Please use desktop version to place this order.
[IB] openOrderEnd
[IB] openOrderEnd
[IB] openOrderEnd
[IB] openOrderEnd
[IB] openOrderEnd
[IB] openOrderEnd
[BROKER][aggressive][FRACTIONAL_REJECT] symbol=AAPL broker_symbol=AAPL side=BUY qty=0.37000000 code=10243 msg=Fractional-sized order cannot be placed via API. Please use desktop version to place this order.
[BROKER][aggressive][SUMMARY] sent=0 duplicate_skipped=2 errors=5 fractional_rejected=1 fills_csv=artifacts\execution_loop\aggressive\fills.csv broker_log_json=artifacts\execution_loop\aggressive\broker_log.json manual_review_csv=artifacts\execution_loop\aggressive\broker_fractional_manual_review.csv
[FINAL] IBKR broker adapter complete

[EXIT] code=0