[CFG] live_feature_snapshot_file=artifacts\live_alpha\live_feature_snapshot.parquet
[CFG] freeze_root=artifacts\freeze_runner
[CFG] execution_root=artifacts\execution_loop
[CFG] account_nav=100000.0
[CFG] configs=['optimal', 'aggressive']
[CFG] allow_fractional_shares=0 fractional_mode=auto fractional_enabled_effective=0 min_order_notional=25.0 skip_empty_freeze_configs=1 require_freeze_date_match_live_prices=1
[CFG] max_single_name_weight=0.05 max_single_name_notional=10000.0 min_price_to_trade=1.0 max_price_to_trade=1000000.0
[CFG] commission_bps=0.5 commission_min_per_order=0.35 slippage_bps=1.5
[CFG] align_state_from_broker_once=0 align_state_require_broker_positions=1 align_state_cash_mode=preserve_nav skip_legacy_symbols_not_in_target=1
[DATA] current_date=2026-04-01 price_col=close symbols=175 snapshot_fallback_count=0
[EXEC][optimal] loading freeze artifacts
[EXEC][optimal][ALIGN] requested=0 applied=0 reason=not_requested marker=artifacts\execution_loop\optimal\state_alignment_once.json
[EXEC][optimal] starting_nav=57427.87 ending_nav=57426.84 cash_after=57396.76 market_value_after=30.08 nav_recon_error=0.000000 order_count=2 active_names=3 gross_target=0.1000 price_col=close merged_missing_prices=0 fallback_price_rows=0 mtm_fallback_count=0 fractional_enabled_effective=0 bootstrap_only=0 skip_reason=
[EXEC][optimal][RISK] dropped_price_below_min=0 dropped_price_above_max=0 clipped_weight_cap=0 clipped_notional_cap=0
[EXEC][optimal][DIAG] already_at_target=0 below_min_notional=1 rounded_to_zero_from_nonzero_target=0 entered_new_position=0 exited_position=0 increased_existing_position=0 decreased_existing_position=2 symbol_only_in_state=0 symbol_only_in_target=1
[EXEC][optimal][COST] estimated_commission_total=0.7000 estimated_slippage_total=0.3270 estimated_total_cost=1.0270
[EXEC][optimal][ORDERS_TOP]
symbol order_side  current_shares  target_shares_raw  target_shares  raw_delta_shares  delta_shares  price  order_notional  target_weight  estimated_commission  estimated_slippage  estimated_total_cost        skip_reason
  TSEM        BUY           -21.0         -15.349300          -15.0               6.0           6.0 187.07         1122.42      -0.050000                  0.35            0.168363              0.518363
  HIMS       HOLD             0.0           1.107633            1.0               1.0           0.0  19.84            0.00       0.000383                  0.00            0.000000              0.000000 below_min_notional
  OKLO       SELL            81.0          59.276431           59.0             -22.0         -22.0  48.07        -1057.54       0.049617                  0.35            0.158631              0.508631
[EXEC][optimal][POSITIONS_MTM_TOP]
symbol  shares  last_price  market_value
  OKLO    59.0       48.07       2836.13
  TSEM   -15.0      187.07      -2806.05
[ARTIFACT] artifacts\execution_loop\optimal\target_book.csv
[ARTIFACT] artifacts\execution_loop\optimal\orders.csv
[ARTIFACT] artifacts\execution_loop\optimal\positions_mark_to_market.csv
[ARTIFACT] artifacts\execution_loop\optimal\portfolio_state.json
[ARTIFACT] artifacts\execution_loop\optimal\execution_log.csv
[ARTIFACT] artifacts\execution_loop\optimal\state_alignment_once.json
[EXEC][aggressive] loading freeze artifacts
[EXEC][aggressive][ALIGN] requested=0 applied=0 reason=not_requested marker=artifacts\execution_loop\aggressive\state_alignment_once.json
[EXEC][aggressive] starting_nav=61769.77 ending_nav=61768.24 cash_after=58605.41 market_value_after=3162.83 nav_recon_error=0.000000 order_count=3 active_names=3 gross_target=0.1500 price_col=close merged_missing_prices=0 fallback_price_rows=0 mtm_fallback_count=0 fractional_enabled_effective=0 bootstrap_only=0 skip_reason=
[EXEC][aggressive][RISK] dropped_price_below_min=0 dropped_price_above_max=0 clipped_weight_cap=3 clipped_notional_cap=0
[EXEC][aggressive][DIAG] already_at_target=0 below_min_notional=0 rounded_to_zero_from_nonzero_target=0 entered_new_position=0 exited_position=0 increased_existing_position=0 decreased_existing_position=3 symbol_only_in_state=0 symbol_only_in_target=0
[EXEC][aggressive][COST] estimated_commission_total=1.0500 estimated_slippage_total=0.4810 estimated_total_cost=1.5310
[EXEC][aggressive][ORDERS_TOP]
symbol order_side  current_shares  target_shares_raw  target_shares  raw_delta_shares  delta_shares  price  order_notional  target_weight  estimated_commission  estimated_slippage  estimated_total_cost skip_reason
  TSEM        BUY           -22.0         -16.509802          -16.0               6.0           6.0 187.07         1122.42          -0.05                  0.35            0.168363              0.518363
  OKLO       SELL            86.0          64.249816           64.0             -22.0         -22.0  48.07        -1057.54           0.05                  0.35            0.158631              0.508631
   NKE       SELL            92.0          69.202076           69.0             -23.0         -23.0  44.63        -1026.49           0.05                  0.35            0.153973              0.503973
[EXEC][aggressive][POSITIONS_MTM_TOP]
symbol  shares  last_price  market_value
   NKE    69.0       44.63       3079.47
  OKLO    64.0       48.07       3076.48
  TSEM   -16.0      187.07      -2993.12
[ARTIFACT] artifacts\execution_loop\aggressive\target_book.csv
[ARTIFACT] artifacts\execution_loop\aggressive\orders.csv
[ARTIFACT] artifacts\execution_loop\aggressive\positions_mark_to_market.csv
[ARTIFACT] artifacts\execution_loop\aggressive\portfolio_state.json
[ARTIFACT] artifacts\execution_loop\aggressive\execution_log.csv
[ARTIFACT] artifacts\execution_loop\aggressive\state_alignment_once.json
[FINAL] execution loop complete