[CFG] ib_host=127.0.0.1 ib_port=4002 ib_client_id=60
[CFG] ib_exchange=SMART ib_order_type=LMT ib_outside_rth=1
[CFG] ib_lmt_price_buy_bps=10.0 ib_lmt_price_sell_bps=10.0 ib_lmt_price_min_abs=0.01 retry_202_enabled=1 retry_202_max_retries=2 retry_202_clip_ticks=2 retry_202_buy_steps=[7.0, 5.0, 3.0] retry_202_sell_steps=[7.0, 5.0, 3.0]
[CFG] poll_after_submit=1 poll_attempts=6 poll_sleep_sec=1.5 final_status_poll_enabled=1 final_status_poll_attempts=20 final_status_poll_sleep_sec=3.0 poll_verbose=changes poll_print_every=5
[CFG] working_order_policy=carry working_order_ttl_sec=0.0 working_cancel_poll_attempts=10 working_cancel_poll_sleep_sec=1.5
[CFG] contract_details_retries=3 contract_details_retry_sleep_sec=1.0 allow_primary_exchange_fallback=1 allow_submit_without_contract_details=1
[IB] connecting host=127.0.0.1 port=4002 client_id=60
[IB] managedAccounts=DUP561175
[IB] nextValidId=1
[IB] connected next_valid_id=1 managed_accounts=DUP561175
[IB][ERROR] reqId=-1 code=2104 msg=Market data farm connection is OK:usfarm
[IB][ERROR] reqId=-1 code=2107 msg=HMDS data farm connection is inactive but should be available upon demand.ushmds
[IB][ERROR] reqId=-1 code=2158 msg=Sec-def data farm connection is OK:secdefil
[IB] openOrderEnd
[IB] initial positions refresh skipped by config
[BROKER][optimal] orders=artifacts\execution_loop\optimal\orders.csv
[IB][CONTRACT_DETAILS] symbol=AAPL broker_symbol=AAPL attempt=1/3 use_primary_exchange=1 req_id=100001
[IB] openOrderEnd
[BROKER][POLL][after_submit] ib_order_id=1 poll=1/6 status=submitted outcome=working filled_qty=0.00000000 remaining_qty=1.00000000
[IB] openOrderEnd
[IB] openOrderEnd
[IB] openOrderEnd
[IB] openOrderEnd
[BROKER][POLL][after_submit] ib_order_id=1 poll=5/6 status=submitted outcome=working filled_qty=0.00000000 remaining_qty=1.00000000
[IB] openOrderEnd
[BROKER][POLL][after_submit] ib_order_id=1 poll=6/6 status=submitted outcome=working filled_qty=0.00000000 remaining_qty=1.00000000
[IB] openOrderEnd
[BROKER][POLL][final_status] ib_order_id=1 poll=1/20 status=submitted outcome=working filled_qty=0.00000000 remaining_qty=1.00000000
[IB] openOrderEnd
[IB] openOrderEnd
[IB] openOrderEnd
[IB] openOrderEnd
[BROKER][POLL][final_status] ib_order_id=1 poll=5/20 status=submitted outcome=working filled_qty=0.00000000 remaining_qty=1.00000000
[IB] openOrderEnd
[IB] openOrderEnd
[IB] openOrderEnd
[IB] openOrderEnd
[IB] openOrderEnd
[BROKER][POLL][final_status] ib_order_id=1 poll=10/20 status=submitted outcome=working filled_qty=0.00000000 remaining_qty=1.00000000
[IB] openOrderEnd
[IB] openOrderEnd
[IB] openOrderEnd
[IB] openOrderEnd
[IB] openOrderEnd
[BROKER][POLL][final_status] ib_order_id=1 poll=15/20 status=submitted outcome=working filled_qty=0.00000000 remaining_qty=1.00000000
[IB] openOrderEnd
[IB] openOrderEnd
[IB] openOrderEnd
[IB] openOrderEnd
[IB] openOrderEnd
[BROKER][POLL][final_status] ib_order_id=1 poll=20/20 status=submitted outcome=working filled_qty=0.00000000 remaining_qty=1.00000000
[BROKER][WORKING_POLICY] ib_order_id=1 policy=carry decision=keep_working
[BROKER][optimal][SEND] symbol=AAPL broker_symbol=AAPL side=BUY qty=1.00000000 status=submitted outcome=working_carry ib_order_id=1 order_type=LMT outside_rth=1 price_hint=219.5000 raw_limit_price=219.7195 rounded_limit_price=219.7200 min_tick=0.010000 retry_count_202=0 retry_mode_202=base_bps contract_details_mode=full
[IB][CONTRACT_DETAILS] symbol=MSFT broker_symbol=MSFT attempt=1/3 use_primary_exchange=1 req_id=100002
[IB][ERROR] reqId=2 code=202 msg=Order Canceled - reason:We cannot accept an order at a limit price at or more aggressive than 380.713296. Please submit your order <br>using a limit price that is closer to the current market price of 369.84.
[IB] openOrderEnd
[BROKER][POLL][after_submit] ib_order_id=2 poll=1/6 status=cancelled outcome=failed filled_qty=0.00000000 remaining_qty=1.00000000
[BROKER][optimal][RETRY_202_CLIP] symbol=MSFT side=BUY qty=1.00000000 attempt=1/2 code=202 cutoff=380.7133 market_price=369.8400 raw_limit_price=428.5281 rounded_limit_price=428.5300 next_raw_limit_price=369.8700 next_rounded_limit_price=369.8700 min_tick=0.010000
[IB] openOrderEnd
[BROKER][POLL][after_submit] ib_order_id=3 poll=1/6 status=filled outcome=filled_now filled_qty=1.00000000 remaining_qty=0.00000000
[IB] openOrderEnd
[BROKER][POLL][final_status] ib_order_id=3 poll=1/20 status=filled outcome=filled_now filled_qty=1.00000000 remaining_qty=0.00000000
[BROKER][optimal][SEND] symbol=MSFT broker_symbol=MSFT side=BUY qty=1.00000000 status=filled outcome=filled_now ib_order_id=3 order_type=LMT outside_rth=1 price_hint=369.8700 raw_limit_price=370.1289 rounded_limit_price=370.1300 min_tick=0.010000 retry_count_202=1 retry_mode_202=bps_fallback contract_details_mode=full
[IB][CONTRACT_DETAILS] symbol=NVDA broker_symbol=NVDA attempt=1/3 use_primary_exchange=1 req_id=100003
[IB][ERROR] reqId=4 code=202 msg=Order Canceled - reason:We cannot accept an order at a limit price at or more aggressive than 168.224392. Please submit your order <br>using a limit price that is closer to the current market price of 173.32.
[IB] openOrderEnd
[BROKER][POLL][after_submit] ib_order_id=4 poll=1/6 status=cancelled outcome=failed filled_qty=0.00000000 remaining_qty=1.00000000
[BROKER][optimal][RETRY_202_CLIP] symbol=NVDA side=SELL qty=1.00000000 attempt=1/2 code=202 cutoff=168.2244 market_price=173.3200 raw_limit_price=118.2816 rounded_limit_price=118.2800 next_raw_limit_price=173.2900 next_rounded_limit_price=173.2900 min_tick=0.010000
[IB] openOrderEnd
[BROKER][POLL][after_submit] ib_order_id=5 poll=1/6 status=filled outcome=filled_now filled_qty=1.00000000 remaining_qty=0.00000000
[IB] openOrderEnd
[BROKER][POLL][final_status] ib_order_id=5 poll=1/20 status=filled outcome=filled_now filled_qty=1.00000000 remaining_qty=0.00000000
[BROKER][optimal][SEND] symbol=NVDA broker_symbol=NVDA side=SELL qty=1.00000000 status=filled outcome=filled_now ib_order_id=5 order_type=LMT outside_rth=1 price_hint=173.2900 raw_limit_price=173.1687 rounded_limit_price=173.1600 min_tick=0.010000 retry_count_202=1 retry_mode_202=bps_fallback contract_details_mode=full
[IB][CONTRACT_DETAILS] symbol=AMZN broker_symbol=AMZN attempt=1/3 use_primary_exchange=1 req_id=100004
[IB][ERROR] reqId=6 code=202 msg=Order Canceled - reason:We cannot accept an order at a limit price at or more aggressive than 202.835988. Please submit your order <br>using a limit price that is closer to the current market price of 208.98.
[IB] openOrderEnd
[BROKER][POLL][after_submit] ib_order_id=6 poll=1/6 status=cancelled outcome=failed filled_qty=0.00000000 remaining_qty=1.00000000
[BROKER][optimal][RETRY_202_CLIP] symbol=AMZN side=SELL qty=1.00000000 attempt=1/2 code=202 cutoff=202.8360 market_price=208.9800 raw_limit_price=201.4983 rounded_limit_price=201.4900 next_raw_limit_price=208.9500 next_rounded_limit_price=208.9500 min_tick=0.010000
[IB] openOrderEnd
[BROKER][POLL][after_submit] ib_order_id=7 poll=1/6 status=filled outcome=filled_now filled_qty=1.00000000 remaining_qty=0.00000000
[IB] openOrderEnd
[BROKER][POLL][final_status] ib_order_id=7 poll=1/20 status=filled outcome=filled_now filled_qty=1.00000000 remaining_qty=0.00000000
[BROKER][optimal][SEND] symbol=AMZN broker_symbol=AMZN side=SELL qty=1.00000000 status=filled outcome=filled_now ib_order_id=7 order_type=LMT outside_rth=1 price_hint=208.9500 raw_limit_price=208.8037 rounded_limit_price=208.8000 min_tick=0.010000 retry_count_202=1 retry_mode_202=bps_fallback contract_details_mode=full
[BROKER][optimal][SUMMARY] sent=4 duplicate_skipped=0 errors=0 retry_202=3 filled_now=3 partial=0 working=0 working_carry=1 cancelled_after_ttl=0 failed=0 unknown=0 fills_csv=artifacts\execution_loop\optimal\fills.csv broker_log_json=artifacts\execution_loop\optimal\broker_log.json
[BROKER][aggressive] orders=artifacts\execution_loop\aggressive\orders.csv
[IB][CONTRACT_DETAILS] symbol=HOOD broker_symbol=HOOD attempt=1/3 use_primary_exchange=1 req_id=100005
[IB] openOrderEnd
[BROKER][POLL][after_submit] ib_order_id=8 poll=1/6 status=submitted outcome=working filled_qty=0.00000000 remaining_qty=37.00000000
[IB] openOrderEnd
[IB] openOrderEnd
[IB] openOrderEnd
[IB] openOrderEnd
[BROKER][POLL][after_submit] ib_order_id=8 poll=5/6 status=submitted outcome=working filled_qty=0.00000000 remaining_qty=37.00000000
[IB] openOrderEnd
[BROKER][POLL][after_submit] ib_order_id=8 poll=6/6 status=submitted outcome=working filled_qty=0.00000000 remaining_qty=37.00000000
[IB] openOrderEnd
[BROKER][POLL][final_status] ib_order_id=8 poll=1/20 status=submitted outcome=working filled_qty=0.00000000 remaining_qty=37.00000000
[IB] openOrderEnd
[IB] openOrderEnd
[IB] openOrderEnd
[IB] openOrderEnd
[BROKER][POLL][final_status] ib_order_id=8 poll=5/20 status=submitted outcome=working filled_qty=0.00000000 remaining_qty=37.00000000
[IB] openOrderEnd
[IB] openOrderEnd
[IB] openOrderEnd
[IB] openOrderEnd
[IB] openOrderEnd
[BROKER][POLL][final_status] ib_order_id=8 poll=10/20 status=submitted outcome=working filled_qty=0.00000000 remaining_qty=37.00000000
[IB] openOrderEnd
[IB] openOrderEnd
[IB] openOrderEnd
[IB] openOrderEnd
[IB] openOrderEnd
[BROKER][POLL][final_status] ib_order_id=8 poll=15/20 status=submitted outcome=working filled_qty=0.00000000 remaining_qty=37.00000000
[IB] openOrderEnd
[IB] openOrderEnd
[IB] openOrderEnd
[IB] openOrderEnd
[IB] openOrderEnd
[BROKER][POLL][final_status] ib_order_id=8 poll=20/20 status=submitted outcome=working filled_qty=0.00000000 remaining_qty=37.00000000
[BROKER][WORKING_POLICY] ib_order_id=8 policy=carry decision=keep_working
[BROKER][aggressive][SEND] symbol=HOOD broker_symbol=HOOD side=SELL qty=37.00000000 status=submitted outcome=working_carry ib_order_id=8 order_type=LMT outside_rth=1 price_hint=100.0000 raw_limit_price=99.9000 rounded_limit_price=99.9000 min_tick=0.010000 retry_count_202=0 retry_mode_202=base_bps contract_details_mode=full
[IB][CONTRACT_DETAILS] symbol=CRCL broker_symbol=CRCL attempt=1/3 use_primary_exchange=1 req_id=100006
[IB] openOrderEnd
[BROKER][POLL][after_submit] ib_order_id=9 poll=1/6 status=submitted outcome=working filled_qty=0.00000000 remaining_qty=16.00000000
[IB] openOrderEnd
[IB] openOrderEnd
[IB] openOrderEnd
[IB] openOrderEnd
[BROKER][POLL][after_submit] ib_order_id=9 poll=5/6 status=submitted outcome=working filled_qty=0.00000000 remaining_qty=16.00000000
[IB] openOrderEnd
[BROKER][POLL][after_submit] ib_order_id=9 poll=6/6 status=submitted outcome=working filled_qty=0.00000000 remaining_qty=16.00000000
[IB] openOrderEnd
[BROKER][POLL][final_status] ib_order_id=9 poll=1/20 status=submitted outcome=working filled_qty=0.00000000 remaining_qty=16.00000000
[IB] openOrderEnd
[IB] openOrderEnd
[IB] openOrderEnd
[IB] openOrderEnd
[BROKER][POLL][final_status] ib_order_id=9 poll=5/20 status=submitted outcome=working filled_qty=0.00000000 remaining_qty=16.00000000
[IB] openOrderEnd
[IB] openOrderEnd
[IB] openOrderEnd
[IB] openOrderEnd
[IB] openOrderEnd
[BROKER][POLL][final_status] ib_order_id=9 poll=10/20 status=submitted outcome=working filled_qty=0.00000000 remaining_qty=16.00000000
[IB] openOrderEnd
[IB] openOrderEnd
[IB] openOrderEnd
[IB] openOrderEnd
[IB] openOrderEnd
[BROKER][POLL][final_status] ib_order_id=9 poll=15/20 status=submitted outcome=working filled_qty=0.00000000 remaining_qty=16.00000000
[IB] openOrderEnd
[IB] openOrderEnd
[IB] openOrderEnd
[IB] openOrderEnd
[IB] openOrderEnd
[BROKER][POLL][final_status] ib_order_id=9 poll=20/20 status=submitted outcome=working filled_qty=0.00000000 remaining_qty=16.00000000
[BROKER][WORKING_POLICY] ib_order_id=9 policy=carry decision=keep_working
[BROKER][aggressive][SEND] symbol=CRCL broker_symbol=CRCL side=SELL qty=16.00000000 status=submitted outcome=working_carry ib_order_id=9 order_type=LMT outside_rth=1 price_hint=103.8600 raw_limit_price=103.7561 rounded_limit_price=103.7500 min_tick=0.010000 retry_count_202=0 retry_mode_202=base_bps contract_details_mode=full
[IB][CONTRACT_DETAILS] symbol=NEM broker_symbol=NEM attempt=1/3 use_primary_exchange=1 req_id=100007
[IB][ERROR] reqId=10 code=202 msg=Order Canceled - reason:We cannot accept an order at a limit price at or more aggressive than 104.640386. Please submit your order <br>using a limit price that is closer to the current market price of 107.81.
[IB] openOrderEnd
[BROKER][POLL][after_submit] ib_order_id=10 poll=1/6 status=cancelled outcome=failed filled_qty=0.00000000 remaining_qty=16.00000000
[BROKER][aggressive][RETRY_202_CLIP] symbol=NEM side=SELL qty=16.00000000 attempt=1/2 code=202 cutoff=104.6404 market_price=107.8100 raw_limit_price=101.4185 rounded_limit_price=101.4100 next_raw_limit_price=107.7800 next_rounded_limit_price=107.7800 min_tick=0.010000
[IB] openOrderEnd
[BROKER][POLL][after_submit] ib_order_id=11 poll=1/6 status=filled outcome=filled_now filled_qty=16.00000000 remaining_qty=0.00000000
[IB] openOrderEnd
[BROKER][POLL][final_status] ib_order_id=11 poll=1/20 status=filled outcome=filled_now filled_qty=16.00000000 remaining_qty=0.00000000
[BROKER][aggressive][SEND] symbol=NEM broker_symbol=NEM side=SELL qty=16.00000000 status=filled outcome=filled_now ib_order_id=11 order_type=LMT outside_rth=1 price_hint=107.7800 raw_limit_price=107.7046 rounded_limit_price=107.7000 min_tick=0.010000 retry_count_202=1 retry_mode_202=bps_fallback contract_details_mode=full
[IB][CONTRACT_DETAILS] symbol=INTC broker_symbol=INTC attempt=1/3 use_primary_exchange=1 req_id=100008
[IB] openOrderEnd
[BROKER][POLL][after_submit] ib_order_id=12 poll=1/6 status=submitted outcome=working filled_qty=0.00000000 remaining_qty=25.00000000
[IB] openOrderEnd
[IB] openOrderEnd
[IB] openOrderEnd
[IB] openOrderEnd
[BROKER][POLL][after_submit] ib_order_id=12 poll=5/6 status=submitted outcome=working filled_qty=0.00000000 remaining_qty=25.00000000
[IB] openOrderEnd
[BROKER][POLL][after_submit] ib_order_id=12 poll=6/6 status=submitted outcome=working filled_qty=0.00000000 remaining_qty=25.00000000
[IB] openOrderEnd
[BROKER][POLL][final_status] ib_order_id=12 poll=1/20 status=submitted outcome=working filled_qty=0.00000000 remaining_qty=25.00000000
[IB] openOrderEnd
[IB] openOrderEnd
[IB] openOrderEnd
[IB] openOrderEnd
[BROKER][POLL][final_status] ib_order_id=12 poll=5/20 status=submitted outcome=working filled_qty=0.00000000 remaining_qty=25.00000000
[IB] openOrderEnd
[IB] openOrderEnd
[IB] openOrderEnd
[IB] openOrderEnd
[IB] openOrderEnd
[BROKER][POLL][final_status] ib_order_id=12 poll=10/20 status=submitted outcome=working filled_qty=0.00000000 remaining_qty=25.00000000
[IB] openOrderEnd
[IB] openOrderEnd
[IB] openOrderEnd
[IB] openOrderEnd
[IB] openOrderEnd
[BROKER][POLL][final_status] ib_order_id=12 poll=15/20 status=submitted outcome=working filled_qty=0.00000000 remaining_qty=25.00000000
[IB] openOrderEnd
[IB] openOrderEnd
[IB] openOrderEnd
[IB] openOrderEnd
[IB] openOrderEnd
[BROKER][POLL][final_status] ib_order_id=12 poll=20/20 status=submitted outcome=working filled_qty=0.00000000 remaining_qty=25.00000000
[BROKER][WORKING_POLICY] ib_order_id=12 policy=carry decision=keep_working
[BROKER][aggressive][SEND] symbol=INTC broker_symbol=INTC side=SELL qty=25.00000000 status=submitted outcome=working_carry ib_order_id=12 order_type=LMT outside_rth=1 price_hint=47.1800 raw_limit_price=47.1328 rounded_limit_price=47.1300 min_tick=0.010000 retry_count_202=0 retry_mode_202=base_bps contract_details_mode=full
[IB][CONTRACT_DETAILS] symbol=RKLB broker_symbol=RKLB attempt=1/3 use_primary_exchange=1 req_id=100009
[IB] openOrderEnd
[BROKER][POLL][after_submit] ib_order_id=13 poll=1/6 status=submitted outcome=working filled_qty=0.00000000 remaining_qty=6.00000000
[IB] openOrderEnd
[IB] openOrderEnd
[IB] openOrderEnd
[IB] openOrderEnd
[BROKER][POLL][after_submit] ib_order_id=13 poll=5/6 status=submitted outcome=working filled_qty=0.00000000 remaining_qty=6.00000000
[IB] openOrderEnd
[BROKER][POLL][after_submit] ib_order_id=13 poll=6/6 status=submitted outcome=working filled_qty=0.00000000 remaining_qty=6.00000000
[IB] openOrderEnd
[BROKER][POLL][final_status] ib_order_id=13 poll=1/20 status=submitted outcome=working filled_qty=0.00000000 remaining_qty=6.00000000
[IB] openOrderEnd
[IB] openOrderEnd
[IB] openOrderEnd
[IB] openOrderEnd
[BROKER][POLL][final_status] ib_order_id=13 poll=5/20 status=submitted outcome=working filled_qty=0.00000000 remaining_qty=6.00000000
[IB] openOrderEnd
[IB] openOrderEnd
[IB] openOrderEnd
[IB] openOrderEnd
[IB] openOrderEnd
[BROKER][POLL][final_status] ib_order_id=13 poll=10/20 status=submitted outcome=working filled_qty=0.00000000 remaining_qty=6.00000000
[IB] openOrderEnd
[IB] openOrderEnd
[IB] openOrderEnd
[IB] openOrderEnd
[IB] openOrderEnd
[BROKER][POLL][final_status] ib_order_id=13 poll=15/20 status=submitted outcome=working filled_qty=0.00000000 remaining_qty=6.00000000
[IB] openOrderEnd
[IB] openOrderEnd
[IB] openOrderEnd
[IB] openOrderEnd
[IB] openOrderEnd
[BROKER][POLL][final_status] ib_order_id=13 poll=20/20 status=submitted outcome=working filled_qty=0.00000000 remaining_qty=6.00000000
[BROKER][WORKING_POLICY] ib_order_id=13 policy=carry decision=keep_working
[BROKER][aggressive][SEND] symbol=RKLB broker_symbol=RKLB side=SELL qty=6.00000000 status=submitted outcome=working_carry ib_order_id=13 order_type=LMT outside_rth=1 price_hint=72.8800 raw_limit_price=72.8071 rounded_limit_price=72.8000 min_tick=0.010000 retry_count_202=0 retry_mode_202=base_bps contract_details_mode=full
[IB][CONTRACT_DETAILS] symbol=SHOP broker_symbol=SHOP attempt=1/3 use_primary_exchange=1 req_id=100010
[IB][ERROR] reqId=14 code=202 msg=Order Canceled - reason:We cannot accept an order at a limit price at or more aggressive than 115.45287. Please submit your order <br>using a limit price that is closer to the current market price of 118.95.
[IB] openOrderEnd
[BROKER][POLL][after_submit] ib_order_id=14 poll=1/6 status=cancelled outcome=failed filled_qty=0.00000000 remaining_qty=3.00000000
[BROKER][aggressive][RETRY_202_CLIP] symbol=SHOP side=SELL qty=3.00000000 attempt=1/2 code=202 cutoff=115.4529 market_price=118.9500 raw_limit_price=99.9000 rounded_limit_price=99.9000 next_raw_limit_price=118.9200 next_rounded_limit_price=118.9200 min_tick=0.010000
[IB] openOrderEnd
[BROKER][POLL][after_submit] ib_order_id=15 poll=1/6 status=filled outcome=filled_now filled_qty=3.00000000 remaining_qty=0.00000000
[IB] openOrderEnd
[BROKER][POLL][final_status] ib_order_id=15 poll=1/20 status=filled outcome=filled_now filled_qty=3.00000000 remaining_qty=0.00000000
[BROKER][aggressive][SEND] symbol=SHOP broker_symbol=SHOP side=SELL qty=3.00000000 status=filled outcome=filled_now ib_order_id=15 order_type=LMT outside_rth=1 price_hint=118.9200 raw_limit_price=118.8368 rounded_limit_price=118.8300 min_tick=0.010000 retry_count_202=1 retry_mode_202=bps_fallback contract_details_mode=full
[BROKER][aggressive][SUMMARY] sent=6 duplicate_skipped=0 errors=0 retry_202=2 filled_now=2 partial=0 working=0 working_carry=4 cancelled_after_ttl=0 failed=0 unknown=0 fills_csv=artifacts\execution_loop\aggressive\fills.csv broker_log_json=artifacts\execution_loop\aggressive\broker_log.json
[FINAL] IBKR broker adapter complete
